[2023-08-13T14:54:33.547+0000] {processor.py:157} INFO - Started process (PID=34) to work on /home/airflow/.local/lib/python3.10/site-packages/airflow/example_dags/example_task_group.py
[2023-08-13T14:54:33.547+0000] {processor.py:826} INFO - Processing file /home/airflow/.local/lib/python3.10/site-packages/airflow/example_dags/example_task_group.py for tasks to queue
[2023-08-13T14:54:33.547+0000] {logging_mixin.py:149} INFO - [2023-08-13T14:54:33.547+0000] {dagbag.py:541} INFO - Filling up the DagBag from /home/airflow/.local/lib/python3.10/site-packages/airflow/example_dags/example_task_group.py
[2023-08-13T14:54:33.552+0000] {processor.py:836} INFO - DAG(s) dict_keys(['example_task_group']) retrieved from /home/airflow/.local/lib/python3.10/site-packages/airflow/example_dags/example_task_group.py
[2023-08-13T14:54:33.557+0000] {logging_mixin.py:149} INFO - [2023-08-13T14:54:33.557+0000] {dag.py:2726} INFO - Sync 1 DAGs
[2023-08-13T14:54:33.568+0000] {logging_mixin.py:149} INFO - [2023-08-13T14:54:33.568+0000] {dag.py:3486} INFO - Setting next_dagrun for example_task_group to 2023-08-12T14:54:33.568287+00:00, run_after=2023-08-13T14:54:33.568287+00:00
[2023-08-13T14:54:33.575+0000] {processor.py:179} INFO - Processing /home/airflow/.local/lib/python3.10/site-packages/airflow/example_dags/example_task_group.py took 0.029 seconds
[2023-08-13T14:55:03.735+0000] {processor.py:157} INFO - Started process (PID=109) to work on /home/airflow/.local/lib/python3.10/site-packages/airflow/example_dags/example_task_group.py
[2023-08-13T14:55:03.736+0000] {processor.py:826} INFO - Processing file /home/airflow/.local/lib/python3.10/site-packages/airflow/example_dags/example_task_group.py for tasks to queue
[2023-08-13T14:55:03.736+0000] {logging_mixin.py:149} INFO - [2023-08-13T14:55:03.736+0000] {dagbag.py:541} INFO - Filling up the DagBag from /home/airflow/.local/lib/python3.10/site-packages/airflow/example_dags/example_task_group.py
[2023-08-13T14:55:03.739+0000] {processor.py:836} INFO - DAG(s) dict_keys(['example_task_group']) retrieved from /home/airflow/.local/lib/python3.10/site-packages/airflow/example_dags/example_task_group.py
[2023-08-13T14:55:03.749+0000] {logging_mixin.py:149} INFO - [2023-08-13T14:55:03.749+0000] {dag.py:2726} INFO - Sync 1 DAGs
[2023-08-13T14:55:03.759+0000] {logging_mixin.py:149} INFO - [2023-08-13T14:55:03.759+0000] {dag.py:3486} INFO - Setting next_dagrun for example_task_group to 2023-08-12T14:55:03.759371+00:00, run_after=2023-08-13T14:55:03.759371+00:00
[2023-08-13T14:55:03.767+0000] {processor.py:179} INFO - Processing /home/airflow/.local/lib/python3.10/site-packages/airflow/example_dags/example_task_group.py took 0.033 seconds
[2023-08-13T14:55:34.265+0000] {processor.py:157} INFO - Started process (PID=186) to work on /home/airflow/.local/lib/python3.10/site-packages/airflow/example_dags/example_task_group.py
[2023-08-13T14:55:34.265+0000] {processor.py:826} INFO - Processing file /home/airflow/.local/lib/python3.10/site-packages/airflow/example_dags/example_task_group.py for tasks to queue
[2023-08-13T14:55:34.265+0000] {logging_mixin.py:149} INFO - [2023-08-13T14:55:34.265+0000] {dagbag.py:541} INFO - Filling up the DagBag from /home/airflow/.local/lib/python3.10/site-packages/airflow/example_dags/example_task_group.py
[2023-08-13T14:55:34.269+0000] {processor.py:836} INFO - DAG(s) dict_keys(['example_task_group']) retrieved from /home/airflow/.local/lib/python3.10/site-packages/airflow/example_dags/example_task_group.py
[2023-08-13T14:55:34.279+0000] {logging_mixin.py:149} INFO - [2023-08-13T14:55:34.279+0000] {dag.py:2726} INFO - Sync 1 DAGs
[2023-08-13T14:55:34.289+0000] {logging_mixin.py:149} INFO - [2023-08-13T14:55:34.289+0000] {dag.py:3486} INFO - Setting next_dagrun for example_task_group to 2023-08-12T14:55:34.288904+00:00, run_after=2023-08-13T14:55:34.288904+00:00
[2023-08-13T14:55:34.296+0000] {processor.py:179} INFO - Processing /home/airflow/.local/lib/python3.10/site-packages/airflow/example_dags/example_task_group.py took 0.033 seconds
[2023-08-13T14:56:04.620+0000] {processor.py:157} INFO - Started process (PID=263) to work on /home/airflow/.local/lib/python3.10/site-packages/airflow/example_dags/example_task_group.py
[2023-08-13T14:56:04.620+0000] {processor.py:826} INFO - Processing file /home/airflow/.local/lib/python3.10/site-packages/airflow/example_dags/example_task_group.py for tasks to queue
[2023-08-13T14:56:04.620+0000] {logging_mixin.py:149} INFO - [2023-08-13T14:56:04.620+0000] {dagbag.py:541} INFO - Filling up the DagBag from /home/airflow/.local/lib/python3.10/site-packages/airflow/example_dags/example_task_group.py
[2023-08-13T14:56:04.624+0000] {processor.py:836} INFO - DAG(s) dict_keys(['example_task_group']) retrieved from /home/airflow/.local/lib/python3.10/site-packages/airflow/example_dags/example_task_group.py
[2023-08-13T14:56:04.635+0000] {logging_mixin.py:149} INFO - [2023-08-13T14:56:04.635+0000] {dag.py:2726} INFO - Sync 1 DAGs
[2023-08-13T14:56:04.644+0000] {logging_mixin.py:149} INFO - [2023-08-13T14:56:04.644+0000] {dag.py:3486} INFO - Setting next_dagrun for example_task_group to 2023-08-12T14:56:04.644305+00:00, run_after=2023-08-13T14:56:04.644305+00:00
[2023-08-13T14:56:04.651+0000] {processor.py:179} INFO - Processing /home/airflow/.local/lib/python3.10/site-packages/airflow/example_dags/example_task_group.py took 0.033 seconds
[2023-08-13T14:56:34.926+0000] {processor.py:157} INFO - Started process (PID=344) to work on /home/airflow/.local/lib/python3.10/site-packages/airflow/example_dags/example_task_group.py
[2023-08-13T14:56:34.926+0000] {processor.py:826} INFO - Processing file /home/airflow/.local/lib/python3.10/site-packages/airflow/example_dags/example_task_group.py for tasks to queue
[2023-08-13T14:56:34.927+0000] {logging_mixin.py:149} INFO - [2023-08-13T14:56:34.927+0000] {dagbag.py:541} INFO - Filling up the DagBag from /home/airflow/.local/lib/python3.10/site-packages/airflow/example_dags/example_task_group.py
[2023-08-13T14:56:34.930+0000] {processor.py:836} INFO - DAG(s) dict_keys(['example_task_group']) retrieved from /home/airflow/.local/lib/python3.10/site-packages/airflow/example_dags/example_task_group.py
[2023-08-13T14:56:34.940+0000] {logging_mixin.py:149} INFO - [2023-08-13T14:56:34.940+0000] {dag.py:2726} INFO - Sync 1 DAGs
[2023-08-13T14:56:34.950+0000] {logging_mixin.py:149} INFO - [2023-08-13T14:56:34.950+0000] {dag.py:3486} INFO - Setting next_dagrun for example_task_group to 2023-08-12T14:56:34.950331+00:00, run_after=2023-08-13T14:56:34.950331+00:00
[2023-08-13T14:56:34.957+0000] {processor.py:179} INFO - Processing /home/airflow/.local/lib/python3.10/site-packages/airflow/example_dags/example_task_group.py took 0.032 seconds
[2023-08-13T14:57:05.267+0000] {processor.py:157} INFO - Started process (PID=421) to work on /home/airflow/.local/lib/python3.10/site-packages/airflow/example_dags/example_task_group.py
[2023-08-13T14:57:05.268+0000] {processor.py:826} INFO - Processing file /home/airflow/.local/lib/python3.10/site-packages/airflow/example_dags/example_task_group.py for tasks to queue
[2023-08-13T14:57:05.268+0000] {logging_mixin.py:149} INFO - [2023-08-13T14:57:05.268+0000] {dagbag.py:541} INFO - Filling up the DagBag from /home/airflow/.local/lib/python3.10/site-packages/airflow/example_dags/example_task_group.py
[2023-08-13T14:57:05.271+0000] {processor.py:836} INFO - DAG(s) dict_keys(['example_task_group']) retrieved from /home/airflow/.local/lib/python3.10/site-packages/airflow/example_dags/example_task_group.py
[2023-08-13T14:57:05.282+0000] {logging_mixin.py:149} INFO - [2023-08-13T14:57:05.282+0000] {dag.py:2726} INFO - Sync 1 DAGs
[2023-08-13T14:57:05.292+0000] {logging_mixin.py:149} INFO - [2023-08-13T14:57:05.291+0000] {dag.py:3486} INFO - Setting next_dagrun for example_task_group to 2023-08-12T14:57:05.291814+00:00, run_after=2023-08-13T14:57:05.291814+00:00
[2023-08-13T14:57:05.299+0000] {processor.py:179} INFO - Processing /home/airflow/.local/lib/python3.10/site-packages/airflow/example_dags/example_task_group.py took 0.033 seconds
[2023-08-13T14:57:35.684+0000] {processor.py:157} INFO - Started process (PID=498) to work on /home/airflow/.local/lib/python3.10/site-packages/airflow/example_dags/example_task_group.py
[2023-08-13T14:57:35.685+0000] {processor.py:826} INFO - Processing file /home/airflow/.local/lib/python3.10/site-packages/airflow/example_dags/example_task_group.py for tasks to queue
[2023-08-13T14:57:35.685+0000] {logging_mixin.py:149} INFO - [2023-08-13T14:57:35.685+0000] {dagbag.py:541} INFO - Filling up the DagBag from /home/airflow/.local/lib/python3.10/site-packages/airflow/example_dags/example_task_group.py
[2023-08-13T14:57:35.689+0000] {processor.py:836} INFO - DAG(s) dict_keys(['example_task_group']) retrieved from /home/airflow/.local/lib/python3.10/site-packages/airflow/example_dags/example_task_group.py
[2023-08-13T14:57:35.700+0000] {logging_mixin.py:149} INFO - [2023-08-13T14:57:35.700+0000] {dag.py:2726} INFO - Sync 1 DAGs
[2023-08-13T14:57:35.710+0000] {logging_mixin.py:149} INFO - [2023-08-13T14:57:35.710+0000] {dag.py:3486} INFO - Setting next_dagrun for example_task_group to 2023-08-12T14:57:35.710200+00:00, run_after=2023-08-13T14:57:35.710200+00:00
[2023-08-13T14:57:35.717+0000] {processor.py:179} INFO - Processing /home/airflow/.local/lib/python3.10/site-packages/airflow/example_dags/example_task_group.py took 0.034 seconds
[2023-08-13T14:58:05.988+0000] {processor.py:157} INFO - Started process (PID=575) to work on /home/airflow/.local/lib/python3.10/site-packages/airflow/example_dags/example_task_group.py
[2023-08-13T14:58:05.988+0000] {processor.py:826} INFO - Processing file /home/airflow/.local/lib/python3.10/site-packages/airflow/example_dags/example_task_group.py for tasks to queue
[2023-08-13T14:58:05.989+0000] {logging_mixin.py:149} INFO - [2023-08-13T14:58:05.989+0000] {dagbag.py:541} INFO - Filling up the DagBag from /home/airflow/.local/lib/python3.10/site-packages/airflow/example_dags/example_task_group.py
[2023-08-13T14:58:05.992+0000] {processor.py:836} INFO - DAG(s) dict_keys(['example_task_group']) retrieved from /home/airflow/.local/lib/python3.10/site-packages/airflow/example_dags/example_task_group.py
[2023-08-13T14:58:06.003+0000] {logging_mixin.py:149} INFO - [2023-08-13T14:58:06.002+0000] {dag.py:2726} INFO - Sync 1 DAGs
[2023-08-13T14:58:06.012+0000] {logging_mixin.py:149} INFO - [2023-08-13T14:58:06.012+0000] {dag.py:3486} INFO - Setting next_dagrun for example_task_group to 2023-08-12T14:58:06.012553+00:00, run_after=2023-08-13T14:58:06.012553+00:00
[2023-08-13T14:58:06.019+0000] {processor.py:179} INFO - Processing /home/airflow/.local/lib/python3.10/site-packages/airflow/example_dags/example_task_group.py took 0.033 seconds
[2023-08-13T14:58:36.256+0000] {processor.py:157} INFO - Started process (PID=652) to work on /home/airflow/.local/lib/python3.10/site-packages/airflow/example_dags/example_task_group.py
[2023-08-13T14:58:36.256+0000] {processor.py:826} INFO - Processing file /home/airflow/.local/lib/python3.10/site-packages/airflow/example_dags/example_task_group.py for tasks to queue
[2023-08-13T14:58:36.256+0000] {logging_mixin.py:149} INFO - [2023-08-13T14:58:36.256+0000] {dagbag.py:541} INFO - Filling up the DagBag from /home/airflow/.local/lib/python3.10/site-packages/airflow/example_dags/example_task_group.py
[2023-08-13T14:58:36.259+0000] {processor.py:836} INFO - DAG(s) dict_keys(['example_task_group']) retrieved from /home/airflow/.local/lib/python3.10/site-packages/airflow/example_dags/example_task_group.py
[2023-08-13T14:58:36.270+0000] {logging_mixin.py:149} INFO - [2023-08-13T14:58:36.270+0000] {dag.py:2726} INFO - Sync 1 DAGs
[2023-08-13T14:58:36.280+0000] {logging_mixin.py:149} INFO - [2023-08-13T14:58:36.280+0000] {dag.py:3486} INFO - Setting next_dagrun for example_task_group to 2023-08-12T14:58:36.280562+00:00, run_after=2023-08-13T14:58:36.280562+00:00
[2023-08-13T14:58:36.287+0000] {processor.py:179} INFO - Processing /home/airflow/.local/lib/python3.10/site-packages/airflow/example_dags/example_task_group.py took 0.033 seconds
[2023-08-13T14:59:06.578+0000] {processor.py:157} INFO - Started process (PID=729) to work on /home/airflow/.local/lib/python3.10/site-packages/airflow/example_dags/example_task_group.py
[2023-08-13T14:59:06.579+0000] {processor.py:826} INFO - Processing file /home/airflow/.local/lib/python3.10/site-packages/airflow/example_dags/example_task_group.py for tasks to queue
[2023-08-13T14:59:06.579+0000] {logging_mixin.py:149} INFO - [2023-08-13T14:59:06.579+0000] {dagbag.py:541} INFO - Filling up the DagBag from /home/airflow/.local/lib/python3.10/site-packages/airflow/example_dags/example_task_group.py
[2023-08-13T14:59:06.582+0000] {processor.py:836} INFO - DAG(s) dict_keys(['example_task_group']) retrieved from /home/airflow/.local/lib/python3.10/site-packages/airflow/example_dags/example_task_group.py
[2023-08-13T14:59:06.593+0000] {logging_mixin.py:149} INFO - [2023-08-13T14:59:06.593+0000] {dag.py:2726} INFO - Sync 1 DAGs
[2023-08-13T14:59:06.603+0000] {logging_mixin.py:149} INFO - [2023-08-13T14:59:06.603+0000] {dag.py:3486} INFO - Setting next_dagrun for example_task_group to 2023-08-12T14:59:06.603125+00:00, run_after=2023-08-13T14:59:06.603125+00:00
[2023-08-13T14:59:06.610+0000] {processor.py:179} INFO - Processing /home/airflow/.local/lib/python3.10/site-packages/airflow/example_dags/example_task_group.py took 0.033 seconds
[2023-08-13T14:59:36.892+0000] {processor.py:157} INFO - Started process (PID=805) to work on /home/airflow/.local/lib/python3.10/site-packages/airflow/example_dags/example_task_group.py
[2023-08-13T14:59:36.892+0000] {processor.py:826} INFO - Processing file /home/airflow/.local/lib/python3.10/site-packages/airflow/example_dags/example_task_group.py for tasks to queue
[2023-08-13T14:59:36.893+0000] {logging_mixin.py:149} INFO - [2023-08-13T14:59:36.893+0000] {dagbag.py:541} INFO - Filling up the DagBag from /home/airflow/.local/lib/python3.10/site-packages/airflow/example_dags/example_task_group.py
[2023-08-13T14:59:36.896+0000] {processor.py:836} INFO - DAG(s) dict_keys(['example_task_group']) retrieved from /home/airflow/.local/lib/python3.10/site-packages/airflow/example_dags/example_task_group.py
[2023-08-13T14:59:36.906+0000] {logging_mixin.py:149} INFO - [2023-08-13T14:59:36.906+0000] {dag.py:2726} INFO - Sync 1 DAGs
[2023-08-13T14:59:36.916+0000] {logging_mixin.py:149} INFO - [2023-08-13T14:59:36.916+0000] {dag.py:3486} INFO - Setting next_dagrun for example_task_group to 2023-08-12T14:59:36.916629+00:00, run_after=2023-08-13T14:59:36.916629+00:00
[2023-08-13T14:59:36.923+0000] {processor.py:179} INFO - Processing /home/airflow/.local/lib/python3.10/site-packages/airflow/example_dags/example_task_group.py took 0.033 seconds
[2023-08-13T15:00:07.171+0000] {processor.py:157} INFO - Started process (PID=882) to work on /home/airflow/.local/lib/python3.10/site-packages/airflow/example_dags/example_task_group.py
[2023-08-13T15:00:07.171+0000] {processor.py:826} INFO - Processing file /home/airflow/.local/lib/python3.10/site-packages/airflow/example_dags/example_task_group.py for tasks to queue
[2023-08-13T15:00:07.172+0000] {logging_mixin.py:149} INFO - [2023-08-13T15:00:07.172+0000] {dagbag.py:541} INFO - Filling up the DagBag from /home/airflow/.local/lib/python3.10/site-packages/airflow/example_dags/example_task_group.py
[2023-08-13T15:00:07.175+0000] {processor.py:836} INFO - DAG(s) dict_keys(['example_task_group']) retrieved from /home/airflow/.local/lib/python3.10/site-packages/airflow/example_dags/example_task_group.py
[2023-08-13T15:00:07.185+0000] {logging_mixin.py:149} INFO - [2023-08-13T15:00:07.185+0000] {dag.py:2726} INFO - Sync 1 DAGs
[2023-08-13T15:00:07.195+0000] {logging_mixin.py:149} INFO - [2023-08-13T15:00:07.195+0000] {dag.py:3486} INFO - Setting next_dagrun for example_task_group to 2023-08-12T15:00:07.195736+00:00, run_after=2023-08-13T15:00:07.195736+00:00
[2023-08-13T15:00:07.203+0000] {processor.py:179} INFO - Processing /home/airflow/.local/lib/python3.10/site-packages/airflow/example_dags/example_task_group.py took 0.033 seconds
[2023-08-13T15:00:37.689+0000] {processor.py:157} INFO - Started process (PID=959) to work on /home/airflow/.local/lib/python3.10/site-packages/airflow/example_dags/example_task_group.py
[2023-08-13T15:00:37.689+0000] {processor.py:826} INFO - Processing file /home/airflow/.local/lib/python3.10/site-packages/airflow/example_dags/example_task_group.py for tasks to queue
[2023-08-13T15:00:37.689+0000] {logging_mixin.py:149} INFO - [2023-08-13T15:00:37.689+0000] {dagbag.py:541} INFO - Filling up the DagBag from /home/airflow/.local/lib/python3.10/site-packages/airflow/example_dags/example_task_group.py
[2023-08-13T15:00:37.693+0000] {processor.py:836} INFO - DAG(s) dict_keys(['example_task_group']) retrieved from /home/airflow/.local/lib/python3.10/site-packages/airflow/example_dags/example_task_group.py
[2023-08-13T15:00:37.704+0000] {logging_mixin.py:149} INFO - [2023-08-13T15:00:37.704+0000] {dag.py:2726} INFO - Sync 1 DAGs
[2023-08-13T15:00:37.713+0000] {logging_mixin.py:149} INFO - [2023-08-13T15:00:37.713+0000] {dag.py:3486} INFO - Setting next_dagrun for example_task_group to 2023-08-12T15:00:37.713757+00:00, run_after=2023-08-13T15:00:37.713757+00:00
[2023-08-13T15:00:37.721+0000] {processor.py:179} INFO - Processing /home/airflow/.local/lib/python3.10/site-packages/airflow/example_dags/example_task_group.py took 0.034 seconds
[2023-08-13T15:01:08.050+0000] {processor.py:157} INFO - Started process (PID=1036) to work on /home/airflow/.local/lib/python3.10/site-packages/airflow/example_dags/example_task_group.py
[2023-08-13T15:01:08.051+0000] {processor.py:826} INFO - Processing file /home/airflow/.local/lib/python3.10/site-packages/airflow/example_dags/example_task_group.py for tasks to queue
[2023-08-13T15:01:08.051+0000] {logging_mixin.py:149} INFO - [2023-08-13T15:01:08.051+0000] {dagbag.py:541} INFO - Filling up the DagBag from /home/airflow/.local/lib/python3.10/site-packages/airflow/example_dags/example_task_group.py
[2023-08-13T15:01:08.054+0000] {processor.py:836} INFO - DAG(s) dict_keys(['example_task_group']) retrieved from /home/airflow/.local/lib/python3.10/site-packages/airflow/example_dags/example_task_group.py
[2023-08-13T15:01:08.065+0000] {logging_mixin.py:149} INFO - [2023-08-13T15:01:08.065+0000] {dag.py:2726} INFO - Sync 1 DAGs
[2023-08-13T15:01:08.075+0000] {logging_mixin.py:149} INFO - [2023-08-13T15:01:08.075+0000] {dag.py:3486} INFO - Setting next_dagrun for example_task_group to 2023-08-12T15:01:08.075427+00:00, run_after=2023-08-13T15:01:08.075427+00:00
[2023-08-13T15:01:08.083+0000] {processor.py:179} INFO - Processing /home/airflow/.local/lib/python3.10/site-packages/airflow/example_dags/example_task_group.py took 0.034 seconds
[2023-08-13T15:01:38.289+0000] {processor.py:157} INFO - Started process (PID=1112) to work on /home/airflow/.local/lib/python3.10/site-packages/airflow/example_dags/example_task_group.py
[2023-08-13T15:01:38.290+0000] {processor.py:826} INFO - Processing file /home/airflow/.local/lib/python3.10/site-packages/airflow/example_dags/example_task_group.py for tasks to queue
[2023-08-13T15:01:38.290+0000] {logging_mixin.py:149} INFO - [2023-08-13T15:01:38.290+0000] {dagbag.py:541} INFO - Filling up the DagBag from /home/airflow/.local/lib/python3.10/site-packages/airflow/example_dags/example_task_group.py
[2023-08-13T15:01:38.293+0000] {processor.py:836} INFO - DAG(s) dict_keys(['example_task_group']) retrieved from /home/airflow/.local/lib/python3.10/site-packages/airflow/example_dags/example_task_group.py
[2023-08-13T15:01:38.304+0000] {logging_mixin.py:149} INFO - [2023-08-13T15:01:38.304+0000] {dag.py:2726} INFO - Sync 1 DAGs
[2023-08-13T15:01:38.314+0000] {logging_mixin.py:149} INFO - [2023-08-13T15:01:38.313+0000] {dag.py:3486} INFO - Setting next_dagrun for example_task_group to 2023-08-12T15:01:38.313841+00:00, run_after=2023-08-13T15:01:38.313841+00:00
[2023-08-13T15:01:38.321+0000] {processor.py:179} INFO - Processing /home/airflow/.local/lib/python3.10/site-packages/airflow/example_dags/example_task_group.py took 0.033 seconds
[2023-08-13T15:02:08.604+0000] {processor.py:157} INFO - Started process (PID=1189) to work on /home/airflow/.local/lib/python3.10/site-packages/airflow/example_dags/example_task_group.py
[2023-08-13T15:02:08.604+0000] {processor.py:826} INFO - Processing file /home/airflow/.local/lib/python3.10/site-packages/airflow/example_dags/example_task_group.py for tasks to queue
[2023-08-13T15:02:08.605+0000] {logging_mixin.py:149} INFO - [2023-08-13T15:02:08.605+0000] {dagbag.py:541} INFO - Filling up the DagBag from /home/airflow/.local/lib/python3.10/site-packages/airflow/example_dags/example_task_group.py
[2023-08-13T15:02:08.608+0000] {processor.py:836} INFO - DAG(s) dict_keys(['example_task_group']) retrieved from /home/airflow/.local/lib/python3.10/site-packages/airflow/example_dags/example_task_group.py
[2023-08-13T15:02:08.618+0000] {logging_mixin.py:149} INFO - [2023-08-13T15:02:08.618+0000] {dag.py:2726} INFO - Sync 1 DAGs
[2023-08-13T15:02:08.628+0000] {logging_mixin.py:149} INFO - [2023-08-13T15:02:08.628+0000] {dag.py:3486} INFO - Setting next_dagrun for example_task_group to 2023-08-12T15:02:08.628663+00:00, run_after=2023-08-13T15:02:08.628663+00:00
[2023-08-13T15:02:08.635+0000] {processor.py:179} INFO - Processing /home/airflow/.local/lib/python3.10/site-packages/airflow/example_dags/example_task_group.py took 0.033 seconds
[2023-08-13T15:02:38.949+0000] {processor.py:157} INFO - Started process (PID=1266) to work on /home/airflow/.local/lib/python3.10/site-packages/airflow/example_dags/example_task_group.py
[2023-08-13T15:02:38.950+0000] {processor.py:826} INFO - Processing file /home/airflow/.local/lib/python3.10/site-packages/airflow/example_dags/example_task_group.py for tasks to queue
[2023-08-13T15:02:38.950+0000] {logging_mixin.py:149} INFO - [2023-08-13T15:02:38.950+0000] {dagbag.py:541} INFO - Filling up the DagBag from /home/airflow/.local/lib/python3.10/site-packages/airflow/example_dags/example_task_group.py
[2023-08-13T15:02:38.953+0000] {processor.py:836} INFO - DAG(s) dict_keys(['example_task_group']) retrieved from /home/airflow/.local/lib/python3.10/site-packages/airflow/example_dags/example_task_group.py
[2023-08-13T15:02:38.964+0000] {logging_mixin.py:149} INFO - [2023-08-13T15:02:38.964+0000] {dag.py:2726} INFO - Sync 1 DAGs
[2023-08-13T15:02:38.974+0000] {logging_mixin.py:149} INFO - [2023-08-13T15:02:38.974+0000] {dag.py:3486} INFO - Setting next_dagrun for example_task_group to 2023-08-12T15:02:38.974348+00:00, run_after=2023-08-13T15:02:38.974348+00:00
[2023-08-13T15:02:38.982+0000] {processor.py:179} INFO - Processing /home/airflow/.local/lib/python3.10/site-packages/airflow/example_dags/example_task_group.py took 0.034 seconds
[2023-08-13T15:03:09.269+0000] {processor.py:157} INFO - Started process (PID=1343) to work on /home/airflow/.local/lib/python3.10/site-packages/airflow/example_dags/example_task_group.py
[2023-08-13T15:03:09.269+0000] {processor.py:826} INFO - Processing file /home/airflow/.local/lib/python3.10/site-packages/airflow/example_dags/example_task_group.py for tasks to queue
[2023-08-13T15:03:09.270+0000] {logging_mixin.py:149} INFO - [2023-08-13T15:03:09.270+0000] {dagbag.py:541} INFO - Filling up the DagBag from /home/airflow/.local/lib/python3.10/site-packages/airflow/example_dags/example_task_group.py
[2023-08-13T15:03:09.273+0000] {processor.py:836} INFO - DAG(s) dict_keys(['example_task_group']) retrieved from /home/airflow/.local/lib/python3.10/site-packages/airflow/example_dags/example_task_group.py
[2023-08-13T15:03:09.284+0000] {logging_mixin.py:149} INFO - [2023-08-13T15:03:09.284+0000] {dag.py:2726} INFO - Sync 1 DAGs
[2023-08-13T15:03:09.293+0000] {logging_mixin.py:149} INFO - [2023-08-13T15:03:09.293+0000] {dag.py:3486} INFO - Setting next_dagrun for example_task_group to 2023-08-12T15:03:09.293764+00:00, run_after=2023-08-13T15:03:09.293764+00:00
[2023-08-13T15:03:09.300+0000] {processor.py:179} INFO - Processing /home/airflow/.local/lib/python3.10/site-packages/airflow/example_dags/example_task_group.py took 0.033 seconds
[2023-08-13T15:03:39.555+0000] {processor.py:157} INFO - Started process (PID=1420) to work on /home/airflow/.local/lib/python3.10/site-packages/airflow/example_dags/example_task_group.py
[2023-08-13T15:03:39.555+0000] {processor.py:826} INFO - Processing file /home/airflow/.local/lib/python3.10/site-packages/airflow/example_dags/example_task_group.py for tasks to queue
[2023-08-13T15:03:39.555+0000] {logging_mixin.py:149} INFO - [2023-08-13T15:03:39.555+0000] {dagbag.py:541} INFO - Filling up the DagBag from /home/airflow/.local/lib/python3.10/site-packages/airflow/example_dags/example_task_group.py
[2023-08-13T15:03:39.558+0000] {processor.py:836} INFO - DAG(s) dict_keys(['example_task_group']) retrieved from /home/airflow/.local/lib/python3.10/site-packages/airflow/example_dags/example_task_group.py
[2023-08-13T15:03:39.569+0000] {logging_mixin.py:149} INFO - [2023-08-13T15:03:39.569+0000] {dag.py:2726} INFO - Sync 1 DAGs
[2023-08-13T15:03:39.579+0000] {logging_mixin.py:149} INFO - [2023-08-13T15:03:39.579+0000] {dag.py:3486} INFO - Setting next_dagrun for example_task_group to 2023-08-12T15:03:39.579449+00:00, run_after=2023-08-13T15:03:39.579449+00:00
[2023-08-13T15:03:39.586+0000] {processor.py:179} INFO - Processing /home/airflow/.local/lib/python3.10/site-packages/airflow/example_dags/example_task_group.py took 0.033 seconds
[2023-08-13T15:04:09.806+0000] {processor.py:157} INFO - Started process (PID=1497) to work on /home/airflow/.local/lib/python3.10/site-packages/airflow/example_dags/example_task_group.py
[2023-08-13T15:04:09.806+0000] {processor.py:826} INFO - Processing file /home/airflow/.local/lib/python3.10/site-packages/airflow/example_dags/example_task_group.py for tasks to queue
[2023-08-13T15:04:09.806+0000] {logging_mixin.py:149} INFO - [2023-08-13T15:04:09.806+0000] {dagbag.py:541} INFO - Filling up the DagBag from /home/airflow/.local/lib/python3.10/site-packages/airflow/example_dags/example_task_group.py
[2023-08-13T15:04:09.810+0000] {processor.py:836} INFO - DAG(s) dict_keys(['example_task_group']) retrieved from /home/airflow/.local/lib/python3.10/site-packages/airflow/example_dags/example_task_group.py
[2023-08-13T15:04:09.821+0000] {logging_mixin.py:149} INFO - [2023-08-13T15:04:09.821+0000] {dag.py:2726} INFO - Sync 1 DAGs
[2023-08-13T15:04:09.832+0000] {logging_mixin.py:149} INFO - [2023-08-13T15:04:09.832+0000] {dag.py:3486} INFO - Setting next_dagrun for example_task_group to 2023-08-12T15:04:09.832275+00:00, run_after=2023-08-13T15:04:09.832275+00:00
[2023-08-13T15:04:09.839+0000] {processor.py:179} INFO - Processing /home/airflow/.local/lib/python3.10/site-packages/airflow/example_dags/example_task_group.py took 0.034 seconds
[2023-08-13T15:04:40.089+0000] {processor.py:157} INFO - Started process (PID=1574) to work on /home/airflow/.local/lib/python3.10/site-packages/airflow/example_dags/example_task_group.py
[2023-08-13T15:04:40.089+0000] {processor.py:826} INFO - Processing file /home/airflow/.local/lib/python3.10/site-packages/airflow/example_dags/example_task_group.py for tasks to queue
[2023-08-13T15:04:40.090+0000] {logging_mixin.py:149} INFO - [2023-08-13T15:04:40.090+0000] {dagbag.py:541} INFO - Filling up the DagBag from /home/airflow/.local/lib/python3.10/site-packages/airflow/example_dags/example_task_group.py
[2023-08-13T15:04:40.093+0000] {processor.py:836} INFO - DAG(s) dict_keys(['example_task_group']) retrieved from /home/airflow/.local/lib/python3.10/site-packages/airflow/example_dags/example_task_group.py
[2023-08-13T15:04:40.103+0000] {logging_mixin.py:149} INFO - [2023-08-13T15:04:40.103+0000] {dag.py:2726} INFO - Sync 1 DAGs
[2023-08-13T15:04:40.113+0000] {logging_mixin.py:149} INFO - [2023-08-13T15:04:40.113+0000] {dag.py:3486} INFO - Setting next_dagrun for example_task_group to 2023-08-12T15:04:40.113281+00:00, run_after=2023-08-13T15:04:40.113281+00:00
[2023-08-13T15:04:40.120+0000] {processor.py:179} INFO - Processing /home/airflow/.local/lib/python3.10/site-packages/airflow/example_dags/example_task_group.py took 0.033 seconds
[2023-08-13T15:05:10.336+0000] {processor.py:157} INFO - Started process (PID=1651) to work on /home/airflow/.local/lib/python3.10/site-packages/airflow/example_dags/example_task_group.py
[2023-08-13T15:05:10.336+0000] {processor.py:826} INFO - Processing file /home/airflow/.local/lib/python3.10/site-packages/airflow/example_dags/example_task_group.py for tasks to queue
[2023-08-13T15:05:10.336+0000] {logging_mixin.py:149} INFO - [2023-08-13T15:05:10.336+0000] {dagbag.py:541} INFO - Filling up the DagBag from /home/airflow/.local/lib/python3.10/site-packages/airflow/example_dags/example_task_group.py
[2023-08-13T15:05:10.340+0000] {processor.py:836} INFO - DAG(s) dict_keys(['example_task_group']) retrieved from /home/airflow/.local/lib/python3.10/site-packages/airflow/example_dags/example_task_group.py
[2023-08-13T15:05:10.350+0000] {logging_mixin.py:149} INFO - [2023-08-13T15:05:10.350+0000] {dag.py:2726} INFO - Sync 1 DAGs
[2023-08-13T15:05:10.359+0000] {logging_mixin.py:149} INFO - [2023-08-13T15:05:10.359+0000] {dag.py:3486} INFO - Setting next_dagrun for example_task_group to 2023-08-12T15:05:10.359639+00:00, run_after=2023-08-13T15:05:10.359639+00:00
[2023-08-13T15:05:10.367+0000] {processor.py:179} INFO - Processing /home/airflow/.local/lib/python3.10/site-packages/airflow/example_dags/example_task_group.py took 0.032 seconds
[2023-08-13T15:05:40.665+0000] {processor.py:157} INFO - Started process (PID=1728) to work on /home/airflow/.local/lib/python3.10/site-packages/airflow/example_dags/example_task_group.py
[2023-08-13T15:05:40.665+0000] {processor.py:826} INFO - Processing file /home/airflow/.local/lib/python3.10/site-packages/airflow/example_dags/example_task_group.py for tasks to queue
[2023-08-13T15:05:40.665+0000] {logging_mixin.py:149} INFO - [2023-08-13T15:05:40.665+0000] {dagbag.py:541} INFO - Filling up the DagBag from /home/airflow/.local/lib/python3.10/site-packages/airflow/example_dags/example_task_group.py
[2023-08-13T15:05:40.669+0000] {processor.py:836} INFO - DAG(s) dict_keys(['example_task_group']) retrieved from /home/airflow/.local/lib/python3.10/site-packages/airflow/example_dags/example_task_group.py
[2023-08-13T15:05:40.680+0000] {logging_mixin.py:149} INFO - [2023-08-13T15:05:40.680+0000] {dag.py:2726} INFO - Sync 1 DAGs
[2023-08-13T15:05:40.689+0000] {logging_mixin.py:149} INFO - [2023-08-13T15:05:40.689+0000] {dag.py:3486} INFO - Setting next_dagrun for example_task_group to 2023-08-12T15:05:40.689510+00:00, run_after=2023-08-13T15:05:40.689510+00:00
[2023-08-13T15:05:40.696+0000] {processor.py:179} INFO - Processing /home/airflow/.local/lib/python3.10/site-packages/airflow/example_dags/example_task_group.py took 0.033 seconds
[2023-08-13T15:06:11.091+0000] {processor.py:157} INFO - Started process (PID=1805) to work on /home/airflow/.local/lib/python3.10/site-packages/airflow/example_dags/example_task_group.py
[2023-08-13T15:06:11.092+0000] {processor.py:826} INFO - Processing file /home/airflow/.local/lib/python3.10/site-packages/airflow/example_dags/example_task_group.py for tasks to queue
[2023-08-13T15:06:11.092+0000] {logging_mixin.py:149} INFO - [2023-08-13T15:06:11.092+0000] {dagbag.py:541} INFO - Filling up the DagBag from /home/airflow/.local/lib/python3.10/site-packages/airflow/example_dags/example_task_group.py
[2023-08-13T15:06:11.095+0000] {processor.py:836} INFO - DAG(s) dict_keys(['example_task_group']) retrieved from /home/airflow/.local/lib/python3.10/site-packages/airflow/example_dags/example_task_group.py
[2023-08-13T15:06:11.106+0000] {logging_mixin.py:149} INFO - [2023-08-13T15:06:11.106+0000] {dag.py:2726} INFO - Sync 1 DAGs
[2023-08-13T15:06:11.116+0000] {logging_mixin.py:149} INFO - [2023-08-13T15:06:11.116+0000] {dag.py:3486} INFO - Setting next_dagrun for example_task_group to 2023-08-12T15:06:11.116299+00:00, run_after=2023-08-13T15:06:11.116299+00:00
[2023-08-13T15:06:11.123+0000] {processor.py:179} INFO - Processing /home/airflow/.local/lib/python3.10/site-packages/airflow/example_dags/example_task_group.py took 0.033 seconds
[2023-08-13T15:06:41.375+0000] {processor.py:157} INFO - Started process (PID=1882) to work on /home/airflow/.local/lib/python3.10/site-packages/airflow/example_dags/example_task_group.py
[2023-08-13T15:06:41.375+0000] {processor.py:826} INFO - Processing file /home/airflow/.local/lib/python3.10/site-packages/airflow/example_dags/example_task_group.py for tasks to queue
[2023-08-13T15:06:41.376+0000] {logging_mixin.py:149} INFO - [2023-08-13T15:06:41.376+0000] {dagbag.py:541} INFO - Filling up the DagBag from /home/airflow/.local/lib/python3.10/site-packages/airflow/example_dags/example_task_group.py
[2023-08-13T15:06:41.379+0000] {processor.py:836} INFO - DAG(s) dict_keys(['example_task_group']) retrieved from /home/airflow/.local/lib/python3.10/site-packages/airflow/example_dags/example_task_group.py
[2023-08-13T15:06:41.389+0000] {logging_mixin.py:149} INFO - [2023-08-13T15:06:41.389+0000] {dag.py:2726} INFO - Sync 1 DAGs
[2023-08-13T15:06:41.399+0000] {logging_mixin.py:149} INFO - [2023-08-13T15:06:41.399+0000] {dag.py:3486} INFO - Setting next_dagrun for example_task_group to 2023-08-12T15:06:41.399067+00:00, run_after=2023-08-13T15:06:41.399067+00:00
[2023-08-13T15:06:41.406+0000] {processor.py:179} INFO - Processing /home/airflow/.local/lib/python3.10/site-packages/airflow/example_dags/example_task_group.py took 0.032 seconds
[2023-08-13T15:07:11.824+0000] {processor.py:157} INFO - Started process (PID=1958) to work on /home/airflow/.local/lib/python3.10/site-packages/airflow/example_dags/example_task_group.py
[2023-08-13T15:07:11.824+0000] {processor.py:826} INFO - Processing file /home/airflow/.local/lib/python3.10/site-packages/airflow/example_dags/example_task_group.py for tasks to queue
[2023-08-13T15:07:11.825+0000] {logging_mixin.py:149} INFO - [2023-08-13T15:07:11.825+0000] {dagbag.py:541} INFO - Filling up the DagBag from /home/airflow/.local/lib/python3.10/site-packages/airflow/example_dags/example_task_group.py
[2023-08-13T15:07:11.828+0000] {processor.py:836} INFO - DAG(s) dict_keys(['example_task_group']) retrieved from /home/airflow/.local/lib/python3.10/site-packages/airflow/example_dags/example_task_group.py
[2023-08-13T15:07:11.839+0000] {logging_mixin.py:149} INFO - [2023-08-13T15:07:11.839+0000] {dag.py:2726} INFO - Sync 1 DAGs
[2023-08-13T15:07:11.849+0000] {logging_mixin.py:149} INFO - [2023-08-13T15:07:11.849+0000] {dag.py:3486} INFO - Setting next_dagrun for example_task_group to 2023-08-12T15:07:11.849393+00:00, run_after=2023-08-13T15:07:11.849393+00:00
[2023-08-13T15:07:11.856+0000] {processor.py:179} INFO - Processing /home/airflow/.local/lib/python3.10/site-packages/airflow/example_dags/example_task_group.py took 0.034 seconds
[2023-08-13T15:07:42.268+0000] {processor.py:157} INFO - Started process (PID=2035) to work on /home/airflow/.local/lib/python3.10/site-packages/airflow/example_dags/example_task_group.py
[2023-08-13T15:07:42.268+0000] {processor.py:826} INFO - Processing file /home/airflow/.local/lib/python3.10/site-packages/airflow/example_dags/example_task_group.py for tasks to queue
[2023-08-13T15:07:42.269+0000] {logging_mixin.py:149} INFO - [2023-08-13T15:07:42.268+0000] {dagbag.py:541} INFO - Filling up the DagBag from /home/airflow/.local/lib/python3.10/site-packages/airflow/example_dags/example_task_group.py
[2023-08-13T15:07:42.272+0000] {processor.py:836} INFO - DAG(s) dict_keys(['example_task_group']) retrieved from /home/airflow/.local/lib/python3.10/site-packages/airflow/example_dags/example_task_group.py
[2023-08-13T15:07:42.283+0000] {logging_mixin.py:149} INFO - [2023-08-13T15:07:42.283+0000] {dag.py:2726} INFO - Sync 1 DAGs
[2023-08-13T15:07:42.293+0000] {logging_mixin.py:149} INFO - [2023-08-13T15:07:42.292+0000] {dag.py:3486} INFO - Setting next_dagrun for example_task_group to 2023-08-12T15:07:42.292885+00:00, run_after=2023-08-13T15:07:42.292885+00:00
[2023-08-13T15:07:42.300+0000] {processor.py:179} INFO - Processing /home/airflow/.local/lib/python3.10/site-packages/airflow/example_dags/example_task_group.py took 0.033 seconds
[2023-08-13T15:08:12.780+0000] {processor.py:157} INFO - Started process (PID=2112) to work on /home/airflow/.local/lib/python3.10/site-packages/airflow/example_dags/example_task_group.py
[2023-08-13T15:08:12.780+0000] {processor.py:826} INFO - Processing file /home/airflow/.local/lib/python3.10/site-packages/airflow/example_dags/example_task_group.py for tasks to queue
[2023-08-13T15:08:12.780+0000] {logging_mixin.py:149} INFO - [2023-08-13T15:08:12.780+0000] {dagbag.py:541} INFO - Filling up the DagBag from /home/airflow/.local/lib/python3.10/site-packages/airflow/example_dags/example_task_group.py
[2023-08-13T15:08:12.784+0000] {processor.py:836} INFO - DAG(s) dict_keys(['example_task_group']) retrieved from /home/airflow/.local/lib/python3.10/site-packages/airflow/example_dags/example_task_group.py
[2023-08-13T15:08:12.794+0000] {logging_mixin.py:149} INFO - [2023-08-13T15:08:12.794+0000] {dag.py:2726} INFO - Sync 1 DAGs
[2023-08-13T15:08:12.804+0000] {logging_mixin.py:149} INFO - [2023-08-13T15:08:12.804+0000] {dag.py:3486} INFO - Setting next_dagrun for example_task_group to 2023-08-12T15:08:12.804426+00:00, run_after=2023-08-13T15:08:12.804426+00:00
[2023-08-13T15:08:12.811+0000] {processor.py:179} INFO - Processing /home/airflow/.local/lib/python3.10/site-packages/airflow/example_dags/example_task_group.py took 0.033 seconds
[2023-08-13T15:08:43.215+0000] {processor.py:157} INFO - Started process (PID=2189) to work on /home/airflow/.local/lib/python3.10/site-packages/airflow/example_dags/example_task_group.py
[2023-08-13T15:08:43.215+0000] {processor.py:826} INFO - Processing file /home/airflow/.local/lib/python3.10/site-packages/airflow/example_dags/example_task_group.py for tasks to queue
[2023-08-13T15:08:43.216+0000] {logging_mixin.py:149} INFO - [2023-08-13T15:08:43.216+0000] {dagbag.py:541} INFO - Filling up the DagBag from /home/airflow/.local/lib/python3.10/site-packages/airflow/example_dags/example_task_group.py
[2023-08-13T15:08:43.219+0000] {processor.py:836} INFO - DAG(s) dict_keys(['example_task_group']) retrieved from /home/airflow/.local/lib/python3.10/site-packages/airflow/example_dags/example_task_group.py
[2023-08-13T15:08:43.230+0000] {logging_mixin.py:149} INFO - [2023-08-13T15:08:43.230+0000] {dag.py:2726} INFO - Sync 1 DAGs
[2023-08-13T15:08:43.239+0000] {logging_mixin.py:149} INFO - [2023-08-13T15:08:43.239+0000] {dag.py:3486} INFO - Setting next_dagrun for example_task_group to 2023-08-12T15:08:43.239705+00:00, run_after=2023-08-13T15:08:43.239705+00:00
[2023-08-13T15:08:43.246+0000] {processor.py:179} INFO - Processing /home/airflow/.local/lib/python3.10/site-packages/airflow/example_dags/example_task_group.py took 0.033 seconds
[2023-08-13T15:12:53.167+0000] {processor.py:157} INFO - Started process (PID=34) to work on /home/airflow/.local/lib/python3.10/site-packages/airflow/example_dags/example_task_group.py
[2023-08-13T15:12:53.167+0000] {processor.py:826} INFO - Processing file /home/airflow/.local/lib/python3.10/site-packages/airflow/example_dags/example_task_group.py for tasks to queue
[2023-08-13T15:12:53.167+0000] {logging_mixin.py:149} INFO - [2023-08-13T15:12:53.167+0000] {dagbag.py:541} INFO - Filling up the DagBag from /home/airflow/.local/lib/python3.10/site-packages/airflow/example_dags/example_task_group.py
[2023-08-13T15:12:53.172+0000] {processor.py:836} INFO - DAG(s) dict_keys(['example_task_group']) retrieved from /home/airflow/.local/lib/python3.10/site-packages/airflow/example_dags/example_task_group.py
[2023-08-13T15:12:53.177+0000] {logging_mixin.py:149} INFO - [2023-08-13T15:12:53.177+0000] {dag.py:2726} INFO - Sync 1 DAGs
[2023-08-13T15:12:53.187+0000] {logging_mixin.py:149} INFO - [2023-08-13T15:12:53.187+0000] {dag.py:3486} INFO - Setting next_dagrun for example_task_group to 2023-08-12T15:12:53.187740+00:00, run_after=2023-08-13T15:12:53.187740+00:00
[2023-08-13T15:12:53.195+0000] {processor.py:179} INFO - Processing /home/airflow/.local/lib/python3.10/site-packages/airflow/example_dags/example_task_group.py took 0.029 seconds
[2023-08-13T15:13:23.448+0000] {processor.py:157} INFO - Started process (PID=110) to work on /home/airflow/.local/lib/python3.10/site-packages/airflow/example_dags/example_task_group.py
[2023-08-13T15:13:23.449+0000] {processor.py:826} INFO - Processing file /home/airflow/.local/lib/python3.10/site-packages/airflow/example_dags/example_task_group.py for tasks to queue
[2023-08-13T15:13:23.449+0000] {logging_mixin.py:149} INFO - [2023-08-13T15:13:23.449+0000] {dagbag.py:541} INFO - Filling up the DagBag from /home/airflow/.local/lib/python3.10/site-packages/airflow/example_dags/example_task_group.py
[2023-08-13T15:13:23.452+0000] {processor.py:836} INFO - DAG(s) dict_keys(['example_task_group']) retrieved from /home/airflow/.local/lib/python3.10/site-packages/airflow/example_dags/example_task_group.py
[2023-08-13T15:13:23.463+0000] {logging_mixin.py:149} INFO - [2023-08-13T15:13:23.463+0000] {dag.py:2726} INFO - Sync 1 DAGs
[2023-08-13T15:13:23.472+0000] {logging_mixin.py:149} INFO - [2023-08-13T15:13:23.472+0000] {dag.py:3486} INFO - Setting next_dagrun for example_task_group to 2023-08-12T15:13:23.472664+00:00, run_after=2023-08-13T15:13:23.472664+00:00
[2023-08-13T15:13:23.480+0000] {processor.py:179} INFO - Processing /home/airflow/.local/lib/python3.10/site-packages/airflow/example_dags/example_task_group.py took 0.033 seconds
[2023-08-13T15:13:53.820+0000] {processor.py:157} INFO - Started process (PID=187) to work on /home/airflow/.local/lib/python3.10/site-packages/airflow/example_dags/example_task_group.py
[2023-08-13T15:13:53.820+0000] {processor.py:826} INFO - Processing file /home/airflow/.local/lib/python3.10/site-packages/airflow/example_dags/example_task_group.py for tasks to queue
[2023-08-13T15:13:53.821+0000] {logging_mixin.py:149} INFO - [2023-08-13T15:13:53.820+0000] {dagbag.py:541} INFO - Filling up the DagBag from /home/airflow/.local/lib/python3.10/site-packages/airflow/example_dags/example_task_group.py
[2023-08-13T15:13:53.824+0000] {processor.py:836} INFO - DAG(s) dict_keys(['example_task_group']) retrieved from /home/airflow/.local/lib/python3.10/site-packages/airflow/example_dags/example_task_group.py
[2023-08-13T15:13:53.834+0000] {logging_mixin.py:149} INFO - [2023-08-13T15:13:53.834+0000] {dag.py:2726} INFO - Sync 1 DAGs
[2023-08-13T15:13:53.844+0000] {logging_mixin.py:149} INFO - [2023-08-13T15:13:53.844+0000] {dag.py:3486} INFO - Setting next_dagrun for example_task_group to 2023-08-12T15:13:53.844204+00:00, run_after=2023-08-13T15:13:53.844204+00:00
[2023-08-13T15:13:53.852+0000] {processor.py:179} INFO - Processing /home/airflow/.local/lib/python3.10/site-packages/airflow/example_dags/example_task_group.py took 0.033 seconds
[2023-08-13T15:14:24.301+0000] {processor.py:157} INFO - Started process (PID=264) to work on /home/airflow/.local/lib/python3.10/site-packages/airflow/example_dags/example_task_group.py
[2023-08-13T15:14:24.301+0000] {processor.py:826} INFO - Processing file /home/airflow/.local/lib/python3.10/site-packages/airflow/example_dags/example_task_group.py for tasks to queue
[2023-08-13T15:14:24.301+0000] {logging_mixin.py:149} INFO - [2023-08-13T15:14:24.301+0000] {dagbag.py:541} INFO - Filling up the DagBag from /home/airflow/.local/lib/python3.10/site-packages/airflow/example_dags/example_task_group.py
[2023-08-13T15:14:24.305+0000] {processor.py:836} INFO - DAG(s) dict_keys(['example_task_group']) retrieved from /home/airflow/.local/lib/python3.10/site-packages/airflow/example_dags/example_task_group.py
[2023-08-13T15:14:24.317+0000] {logging_mixin.py:149} INFO - [2023-08-13T15:14:24.317+0000] {dag.py:2726} INFO - Sync 1 DAGs
[2023-08-13T15:14:24.328+0000] {logging_mixin.py:149} INFO - [2023-08-13T15:14:24.327+0000] {dag.py:3486} INFO - Setting next_dagrun for example_task_group to 2023-08-12T15:14:24.327852+00:00, run_after=2023-08-13T15:14:24.327852+00:00
[2023-08-13T15:14:24.335+0000] {processor.py:179} INFO - Processing /home/airflow/.local/lib/python3.10/site-packages/airflow/example_dags/example_task_group.py took 0.036 seconds
[2023-08-13T15:14:54.662+0000] {processor.py:157} INFO - Started process (PID=345) to work on /home/airflow/.local/lib/python3.10/site-packages/airflow/example_dags/example_task_group.py
[2023-08-13T15:14:54.663+0000] {processor.py:826} INFO - Processing file /home/airflow/.local/lib/python3.10/site-packages/airflow/example_dags/example_task_group.py for tasks to queue
[2023-08-13T15:14:54.663+0000] {logging_mixin.py:149} INFO - [2023-08-13T15:14:54.663+0000] {dagbag.py:541} INFO - Filling up the DagBag from /home/airflow/.local/lib/python3.10/site-packages/airflow/example_dags/example_task_group.py
[2023-08-13T15:14:54.666+0000] {processor.py:836} INFO - DAG(s) dict_keys(['example_task_group']) retrieved from /home/airflow/.local/lib/python3.10/site-packages/airflow/example_dags/example_task_group.py
[2023-08-13T15:14:54.677+0000] {logging_mixin.py:149} INFO - [2023-08-13T15:14:54.677+0000] {dag.py:2726} INFO - Sync 1 DAGs
[2023-08-13T15:14:54.687+0000] {logging_mixin.py:149} INFO - [2023-08-13T15:14:54.687+0000] {dag.py:3486} INFO - Setting next_dagrun for example_task_group to 2023-08-12T15:14:54.687223+00:00, run_after=2023-08-13T15:14:54.687223+00:00
[2023-08-13T15:14:54.694+0000] {processor.py:179} INFO - Processing /home/airflow/.local/lib/python3.10/site-packages/airflow/example_dags/example_task_group.py took 0.033 seconds
[2023-08-13T15:15:25.100+0000] {processor.py:157} INFO - Started process (PID=422) to work on /home/airflow/.local/lib/python3.10/site-packages/airflow/example_dags/example_task_group.py
[2023-08-13T15:15:25.101+0000] {processor.py:826} INFO - Processing file /home/airflow/.local/lib/python3.10/site-packages/airflow/example_dags/example_task_group.py for tasks to queue
[2023-08-13T15:15:25.101+0000] {logging_mixin.py:149} INFO - [2023-08-13T15:15:25.101+0000] {dagbag.py:541} INFO - Filling up the DagBag from /home/airflow/.local/lib/python3.10/site-packages/airflow/example_dags/example_task_group.py
[2023-08-13T15:15:25.104+0000] {processor.py:836} INFO - DAG(s) dict_keys(['example_task_group']) retrieved from /home/airflow/.local/lib/python3.10/site-packages/airflow/example_dags/example_task_group.py
[2023-08-13T15:15:25.118+0000] {logging_mixin.py:149} INFO - [2023-08-13T15:15:25.118+0000] {dag.py:2726} INFO - Sync 1 DAGs
[2023-08-13T15:15:25.128+0000] {logging_mixin.py:149} INFO - [2023-08-13T15:15:25.127+0000] {dag.py:3486} INFO - Setting next_dagrun for example_task_group to 2023-08-12T15:15:25.127821+00:00, run_after=2023-08-13T15:15:25.127821+00:00
[2023-08-13T15:15:25.135+0000] {processor.py:179} INFO - Processing /home/airflow/.local/lib/python3.10/site-packages/airflow/example_dags/example_task_group.py took 0.036 seconds
[2023-08-13T15:15:55.514+0000] {processor.py:157} INFO - Started process (PID=499) to work on /home/airflow/.local/lib/python3.10/site-packages/airflow/example_dags/example_task_group.py
[2023-08-13T15:15:55.515+0000] {processor.py:826} INFO - Processing file /home/airflow/.local/lib/python3.10/site-packages/airflow/example_dags/example_task_group.py for tasks to queue
[2023-08-13T15:15:55.515+0000] {logging_mixin.py:149} INFO - [2023-08-13T15:15:55.515+0000] {dagbag.py:541} INFO - Filling up the DagBag from /home/airflow/.local/lib/python3.10/site-packages/airflow/example_dags/example_task_group.py
[2023-08-13T15:15:55.519+0000] {processor.py:836} INFO - DAG(s) dict_keys(['example_task_group']) retrieved from /home/airflow/.local/lib/python3.10/site-packages/airflow/example_dags/example_task_group.py
[2023-08-13T15:15:55.530+0000] {logging_mixin.py:149} INFO - [2023-08-13T15:15:55.530+0000] {dag.py:2726} INFO - Sync 1 DAGs
[2023-08-13T15:15:55.541+0000] {logging_mixin.py:149} INFO - [2023-08-13T15:15:55.540+0000] {dag.py:3486} INFO - Setting next_dagrun for example_task_group to 2023-08-12T15:15:55.540846+00:00, run_after=2023-08-13T15:15:55.540846+00:00
[2023-08-13T15:15:55.548+0000] {processor.py:179} INFO - Processing /home/airflow/.local/lib/python3.10/site-packages/airflow/example_dags/example_task_group.py took 0.035 seconds
[2023-08-13T15:16:25.842+0000] {processor.py:157} INFO - Started process (PID=576) to work on /home/airflow/.local/lib/python3.10/site-packages/airflow/example_dags/example_task_group.py
[2023-08-13T15:16:25.842+0000] {processor.py:826} INFO - Processing file /home/airflow/.local/lib/python3.10/site-packages/airflow/example_dags/example_task_group.py for tasks to queue
[2023-08-13T15:16:25.843+0000] {logging_mixin.py:149} INFO - [2023-08-13T15:16:25.843+0000] {dagbag.py:541} INFO - Filling up the DagBag from /home/airflow/.local/lib/python3.10/site-packages/airflow/example_dags/example_task_group.py
[2023-08-13T15:16:25.846+0000] {processor.py:836} INFO - DAG(s) dict_keys(['example_task_group']) retrieved from /home/airflow/.local/lib/python3.10/site-packages/airflow/example_dags/example_task_group.py
[2023-08-13T15:16:25.857+0000] {logging_mixin.py:149} INFO - [2023-08-13T15:16:25.856+0000] {dag.py:2726} INFO - Sync 1 DAGs
[2023-08-13T15:16:25.867+0000] {logging_mixin.py:149} INFO - [2023-08-13T15:16:25.867+0000] {dag.py:3486} INFO - Setting next_dagrun for example_task_group to 2023-08-12T15:16:25.867134+00:00, run_after=2023-08-13T15:16:25.867134+00:00
[2023-08-13T15:16:25.874+0000] {processor.py:179} INFO - Processing /home/airflow/.local/lib/python3.10/site-packages/airflow/example_dags/example_task_group.py took 0.033 seconds
[2023-08-13T15:16:56.209+0000] {processor.py:157} INFO - Started process (PID=652) to work on /home/airflow/.local/lib/python3.10/site-packages/airflow/example_dags/example_task_group.py
[2023-08-13T15:16:56.210+0000] {processor.py:826} INFO - Processing file /home/airflow/.local/lib/python3.10/site-packages/airflow/example_dags/example_task_group.py for tasks to queue
[2023-08-13T15:16:56.210+0000] {logging_mixin.py:149} INFO - [2023-08-13T15:16:56.210+0000] {dagbag.py:541} INFO - Filling up the DagBag from /home/airflow/.local/lib/python3.10/site-packages/airflow/example_dags/example_task_group.py
[2023-08-13T15:16:56.213+0000] {processor.py:836} INFO - DAG(s) dict_keys(['example_task_group']) retrieved from /home/airflow/.local/lib/python3.10/site-packages/airflow/example_dags/example_task_group.py
[2023-08-13T15:16:56.224+0000] {logging_mixin.py:149} INFO - [2023-08-13T15:16:56.224+0000] {dag.py:2726} INFO - Sync 1 DAGs
[2023-08-13T15:16:56.233+0000] {logging_mixin.py:149} INFO - [2023-08-13T15:16:56.233+0000] {dag.py:3486} INFO - Setting next_dagrun for example_task_group to 2023-08-12T15:16:56.233527+00:00, run_after=2023-08-13T15:16:56.233527+00:00
[2023-08-13T15:16:56.240+0000] {processor.py:179} INFO - Processing /home/airflow/.local/lib/python3.10/site-packages/airflow/example_dags/example_task_group.py took 0.032 seconds
[2023-08-13T15:17:26.492+0000] {processor.py:157} INFO - Started process (PID=729) to work on /home/airflow/.local/lib/python3.10/site-packages/airflow/example_dags/example_task_group.py
[2023-08-13T15:17:26.493+0000] {processor.py:826} INFO - Processing file /home/airflow/.local/lib/python3.10/site-packages/airflow/example_dags/example_task_group.py for tasks to queue
[2023-08-13T15:17:26.493+0000] {logging_mixin.py:149} INFO - [2023-08-13T15:17:26.493+0000] {dagbag.py:541} INFO - Filling up the DagBag from /home/airflow/.local/lib/python3.10/site-packages/airflow/example_dags/example_task_group.py
[2023-08-13T15:17:26.496+0000] {processor.py:836} INFO - DAG(s) dict_keys(['example_task_group']) retrieved from /home/airflow/.local/lib/python3.10/site-packages/airflow/example_dags/example_task_group.py
[2023-08-13T15:17:26.507+0000] {logging_mixin.py:149} INFO - [2023-08-13T15:17:26.506+0000] {dag.py:2726} INFO - Sync 1 DAGs
[2023-08-13T15:17:26.516+0000] {logging_mixin.py:149} INFO - [2023-08-13T15:17:26.516+0000] {dag.py:3486} INFO - Setting next_dagrun for example_task_group to 2023-08-12T15:17:26.516369+00:00, run_after=2023-08-13T15:17:26.516369+00:00
[2023-08-13T15:17:26.523+0000] {processor.py:179} INFO - Processing /home/airflow/.local/lib/python3.10/site-packages/airflow/example_dags/example_task_group.py took 0.032 seconds
[2023-08-13T15:17:56.780+0000] {processor.py:157} INFO - Started process (PID=806) to work on /home/airflow/.local/lib/python3.10/site-packages/airflow/example_dags/example_task_group.py
[2023-08-13T15:17:56.781+0000] {processor.py:826} INFO - Processing file /home/airflow/.local/lib/python3.10/site-packages/airflow/example_dags/example_task_group.py for tasks to queue
[2023-08-13T15:17:56.781+0000] {logging_mixin.py:149} INFO - [2023-08-13T15:17:56.781+0000] {dagbag.py:541} INFO - Filling up the DagBag from /home/airflow/.local/lib/python3.10/site-packages/airflow/example_dags/example_task_group.py
[2023-08-13T15:17:56.785+0000] {processor.py:836} INFO - DAG(s) dict_keys(['example_task_group']) retrieved from /home/airflow/.local/lib/python3.10/site-packages/airflow/example_dags/example_task_group.py
[2023-08-13T15:17:56.795+0000] {logging_mixin.py:149} INFO - [2023-08-13T15:17:56.795+0000] {dag.py:2726} INFO - Sync 1 DAGs
[2023-08-13T15:17:56.805+0000] {logging_mixin.py:149} INFO - [2023-08-13T15:17:56.805+0000] {dag.py:3486} INFO - Setting next_dagrun for example_task_group to 2023-08-12T15:17:56.804997+00:00, run_after=2023-08-13T15:17:56.804997+00:00
[2023-08-13T15:17:56.812+0000] {processor.py:179} INFO - Processing /home/airflow/.local/lib/python3.10/site-packages/airflow/example_dags/example_task_group.py took 0.032 seconds
[2023-08-13T15:18:27.084+0000] {processor.py:157} INFO - Started process (PID=883) to work on /home/airflow/.local/lib/python3.10/site-packages/airflow/example_dags/example_task_group.py
[2023-08-13T15:18:27.085+0000] {processor.py:826} INFO - Processing file /home/airflow/.local/lib/python3.10/site-packages/airflow/example_dags/example_task_group.py for tasks to queue
[2023-08-13T15:18:27.085+0000] {logging_mixin.py:149} INFO - [2023-08-13T15:18:27.085+0000] {dagbag.py:541} INFO - Filling up the DagBag from /home/airflow/.local/lib/python3.10/site-packages/airflow/example_dags/example_task_group.py
[2023-08-13T15:18:27.088+0000] {processor.py:836} INFO - DAG(s) dict_keys(['example_task_group']) retrieved from /home/airflow/.local/lib/python3.10/site-packages/airflow/example_dags/example_task_group.py
[2023-08-13T15:18:27.098+0000] {logging_mixin.py:149} INFO - [2023-08-13T15:18:27.098+0000] {dag.py:2726} INFO - Sync 1 DAGs
[2023-08-13T15:18:27.108+0000] {logging_mixin.py:149} INFO - [2023-08-13T15:18:27.108+0000] {dag.py:3486} INFO - Setting next_dagrun for example_task_group to 2023-08-12T15:18:27.108352+00:00, run_after=2023-08-13T15:18:27.108352+00:00
[2023-08-13T15:18:27.116+0000] {processor.py:179} INFO - Processing /home/airflow/.local/lib/python3.10/site-packages/airflow/example_dags/example_task_group.py took 0.033 seconds
[2023-08-13T15:18:57.376+0000] {processor.py:157} INFO - Started process (PID=960) to work on /home/airflow/.local/lib/python3.10/site-packages/airflow/example_dags/example_task_group.py
[2023-08-13T15:18:57.376+0000] {processor.py:826} INFO - Processing file /home/airflow/.local/lib/python3.10/site-packages/airflow/example_dags/example_task_group.py for tasks to queue
[2023-08-13T15:18:57.376+0000] {logging_mixin.py:149} INFO - [2023-08-13T15:18:57.376+0000] {dagbag.py:541} INFO - Filling up the DagBag from /home/airflow/.local/lib/python3.10/site-packages/airflow/example_dags/example_task_group.py
[2023-08-13T15:18:57.380+0000] {processor.py:836} INFO - DAG(s) dict_keys(['example_task_group']) retrieved from /home/airflow/.local/lib/python3.10/site-packages/airflow/example_dags/example_task_group.py
[2023-08-13T15:18:57.390+0000] {logging_mixin.py:149} INFO - [2023-08-13T15:18:57.390+0000] {dag.py:2726} INFO - Sync 1 DAGs
[2023-08-13T15:18:57.399+0000] {logging_mixin.py:149} INFO - [2023-08-13T15:18:57.399+0000] {dag.py:3486} INFO - Setting next_dagrun for example_task_group to 2023-08-12T15:18:57.399524+00:00, run_after=2023-08-13T15:18:57.399524+00:00
[2023-08-13T15:18:57.406+0000] {processor.py:179} INFO - Processing /home/airflow/.local/lib/python3.10/site-packages/airflow/example_dags/example_task_group.py took 0.032 seconds
[2023-08-13T15:19:27.798+0000] {processor.py:157} INFO - Started process (PID=1037) to work on /home/airflow/.local/lib/python3.10/site-packages/airflow/example_dags/example_task_group.py
[2023-08-13T15:19:27.798+0000] {processor.py:826} INFO - Processing file /home/airflow/.local/lib/python3.10/site-packages/airflow/example_dags/example_task_group.py for tasks to queue
[2023-08-13T15:19:27.798+0000] {logging_mixin.py:149} INFO - [2023-08-13T15:19:27.798+0000] {dagbag.py:541} INFO - Filling up the DagBag from /home/airflow/.local/lib/python3.10/site-packages/airflow/example_dags/example_task_group.py
[2023-08-13T15:19:27.802+0000] {processor.py:836} INFO - DAG(s) dict_keys(['example_task_group']) retrieved from /home/airflow/.local/lib/python3.10/site-packages/airflow/example_dags/example_task_group.py
[2023-08-13T15:19:27.813+0000] {logging_mixin.py:149} INFO - [2023-08-13T15:19:27.813+0000] {dag.py:2726} INFO - Sync 1 DAGs
[2023-08-13T15:19:27.823+0000] {logging_mixin.py:149} INFO - [2023-08-13T15:19:27.823+0000] {dag.py:3486} INFO - Setting next_dagrun for example_task_group to 2023-08-12T15:19:27.822981+00:00, run_after=2023-08-13T15:19:27.822981+00:00
[2023-08-13T15:19:27.830+0000] {processor.py:179} INFO - Processing /home/airflow/.local/lib/python3.10/site-packages/airflow/example_dags/example_task_group.py took 0.034 seconds
[2023-08-13T15:19:58.124+0000] {processor.py:157} INFO - Started process (PID=1114) to work on /home/airflow/.local/lib/python3.10/site-packages/airflow/example_dags/example_task_group.py
[2023-08-13T15:19:58.124+0000] {processor.py:826} INFO - Processing file /home/airflow/.local/lib/python3.10/site-packages/airflow/example_dags/example_task_group.py for tasks to queue
[2023-08-13T15:19:58.124+0000] {logging_mixin.py:149} INFO - [2023-08-13T15:19:58.124+0000] {dagbag.py:541} INFO - Filling up the DagBag from /home/airflow/.local/lib/python3.10/site-packages/airflow/example_dags/example_task_group.py
[2023-08-13T15:19:58.128+0000] {processor.py:836} INFO - DAG(s) dict_keys(['example_task_group']) retrieved from /home/airflow/.local/lib/python3.10/site-packages/airflow/example_dags/example_task_group.py
[2023-08-13T15:19:58.138+0000] {logging_mixin.py:149} INFO - [2023-08-13T15:19:58.138+0000] {dag.py:2726} INFO - Sync 1 DAGs
[2023-08-13T15:19:58.148+0000] {logging_mixin.py:149} INFO - [2023-08-13T15:19:58.148+0000] {dag.py:3486} INFO - Setting next_dagrun for example_task_group to 2023-08-12T15:19:58.147906+00:00, run_after=2023-08-13T15:19:58.147906+00:00
[2023-08-13T15:19:58.155+0000] {processor.py:179} INFO - Processing /home/airflow/.local/lib/python3.10/site-packages/airflow/example_dags/example_task_group.py took 0.033 seconds
[2023-08-13T15:20:28.387+0000] {processor.py:157} INFO - Started process (PID=1191) to work on /home/airflow/.local/lib/python3.10/site-packages/airflow/example_dags/example_task_group.py
[2023-08-13T15:20:28.388+0000] {processor.py:826} INFO - Processing file /home/airflow/.local/lib/python3.10/site-packages/airflow/example_dags/example_task_group.py for tasks to queue
[2023-08-13T15:20:28.388+0000] {logging_mixin.py:149} INFO - [2023-08-13T15:20:28.388+0000] {dagbag.py:541} INFO - Filling up the DagBag from /home/airflow/.local/lib/python3.10/site-packages/airflow/example_dags/example_task_group.py
[2023-08-13T15:20:28.391+0000] {processor.py:836} INFO - DAG(s) dict_keys(['example_task_group']) retrieved from /home/airflow/.local/lib/python3.10/site-packages/airflow/example_dags/example_task_group.py
[2023-08-13T15:20:28.403+0000] {logging_mixin.py:149} INFO - [2023-08-13T15:20:28.403+0000] {dag.py:2726} INFO - Sync 1 DAGs
[2023-08-13T15:20:28.413+0000] {logging_mixin.py:149} INFO - [2023-08-13T15:20:28.413+0000] {dag.py:3486} INFO - Setting next_dagrun for example_task_group to 2023-08-12T15:20:28.413740+00:00, run_after=2023-08-13T15:20:28.413740+00:00
[2023-08-13T15:20:28.421+0000] {processor.py:179} INFO - Processing /home/airflow/.local/lib/python3.10/site-packages/airflow/example_dags/example_task_group.py took 0.035 seconds
[2023-08-13T15:20:58.753+0000] {processor.py:157} INFO - Started process (PID=1268) to work on /home/airflow/.local/lib/python3.10/site-packages/airflow/example_dags/example_task_group.py
[2023-08-13T15:20:58.754+0000] {processor.py:826} INFO - Processing file /home/airflow/.local/lib/python3.10/site-packages/airflow/example_dags/example_task_group.py for tasks to queue
[2023-08-13T15:20:58.754+0000] {logging_mixin.py:149} INFO - [2023-08-13T15:20:58.754+0000] {dagbag.py:541} INFO - Filling up the DagBag from /home/airflow/.local/lib/python3.10/site-packages/airflow/example_dags/example_task_group.py
[2023-08-13T15:20:58.757+0000] {processor.py:836} INFO - DAG(s) dict_keys(['example_task_group']) retrieved from /home/airflow/.local/lib/python3.10/site-packages/airflow/example_dags/example_task_group.py
[2023-08-13T15:20:58.768+0000] {logging_mixin.py:149} INFO - [2023-08-13T15:20:58.768+0000] {dag.py:2726} INFO - Sync 1 DAGs
[2023-08-13T15:20:58.778+0000] {logging_mixin.py:149} INFO - [2023-08-13T15:20:58.778+0000] {dag.py:3486} INFO - Setting next_dagrun for example_task_group to 2023-08-12T15:20:58.778800+00:00, run_after=2023-08-13T15:20:58.778800+00:00
[2023-08-13T15:20:58.786+0000] {processor.py:179} INFO - Processing /home/airflow/.local/lib/python3.10/site-packages/airflow/example_dags/example_task_group.py took 0.034 seconds
[2023-08-13T15:21:29.007+0000] {processor.py:157} INFO - Started process (PID=1345) to work on /home/airflow/.local/lib/python3.10/site-packages/airflow/example_dags/example_task_group.py
[2023-08-13T15:21:29.008+0000] {processor.py:826} INFO - Processing file /home/airflow/.local/lib/python3.10/site-packages/airflow/example_dags/example_task_group.py for tasks to queue
[2023-08-13T15:21:29.008+0000] {logging_mixin.py:149} INFO - [2023-08-13T15:21:29.008+0000] {dagbag.py:541} INFO - Filling up the DagBag from /home/airflow/.local/lib/python3.10/site-packages/airflow/example_dags/example_task_group.py
[2023-08-13T15:21:29.011+0000] {processor.py:836} INFO - DAG(s) dict_keys(['example_task_group']) retrieved from /home/airflow/.local/lib/python3.10/site-packages/airflow/example_dags/example_task_group.py
[2023-08-13T15:21:29.022+0000] {logging_mixin.py:149} INFO - [2023-08-13T15:21:29.022+0000] {dag.py:2726} INFO - Sync 1 DAGs
[2023-08-13T15:21:29.031+0000] {logging_mixin.py:149} INFO - [2023-08-13T15:21:29.031+0000] {dag.py:3486} INFO - Setting next_dagrun for example_task_group to 2023-08-12T15:21:29.031571+00:00, run_after=2023-08-13T15:21:29.031571+00:00
[2023-08-13T15:21:29.038+0000] {processor.py:179} INFO - Processing /home/airflow/.local/lib/python3.10/site-packages/airflow/example_dags/example_task_group.py took 0.032 seconds
[2023-08-13T15:21:59.282+0000] {processor.py:157} INFO - Started process (PID=1423) to work on /home/airflow/.local/lib/python3.10/site-packages/airflow/example_dags/example_task_group.py
[2023-08-13T15:21:59.282+0000] {processor.py:826} INFO - Processing file /home/airflow/.local/lib/python3.10/site-packages/airflow/example_dags/example_task_group.py for tasks to queue
[2023-08-13T15:21:59.282+0000] {logging_mixin.py:149} INFO - [2023-08-13T15:21:59.282+0000] {dagbag.py:541} INFO - Filling up the DagBag from /home/airflow/.local/lib/python3.10/site-packages/airflow/example_dags/example_task_group.py
[2023-08-13T15:21:59.286+0000] {processor.py:836} INFO - DAG(s) dict_keys(['example_task_group']) retrieved from /home/airflow/.local/lib/python3.10/site-packages/airflow/example_dags/example_task_group.py
[2023-08-13T15:21:59.296+0000] {logging_mixin.py:149} INFO - [2023-08-13T15:21:59.296+0000] {dag.py:2726} INFO - Sync 1 DAGs
[2023-08-13T15:21:59.305+0000] {logging_mixin.py:149} INFO - [2023-08-13T15:21:59.305+0000] {dag.py:3486} INFO - Setting next_dagrun for example_task_group to 2023-08-12T15:21:59.305721+00:00, run_after=2023-08-13T15:21:59.305721+00:00
[2023-08-13T15:21:59.313+0000] {processor.py:179} INFO - Processing /home/airflow/.local/lib/python3.10/site-packages/airflow/example_dags/example_task_group.py took 0.032 seconds
[2023-08-13T15:22:29.536+0000] {processor.py:157} INFO - Started process (PID=1500) to work on /home/airflow/.local/lib/python3.10/site-packages/airflow/example_dags/example_task_group.py
[2023-08-13T15:22:29.537+0000] {processor.py:826} INFO - Processing file /home/airflow/.local/lib/python3.10/site-packages/airflow/example_dags/example_task_group.py for tasks to queue
[2023-08-13T15:22:29.537+0000] {logging_mixin.py:149} INFO - [2023-08-13T15:22:29.537+0000] {dagbag.py:541} INFO - Filling up the DagBag from /home/airflow/.local/lib/python3.10/site-packages/airflow/example_dags/example_task_group.py
[2023-08-13T15:22:29.540+0000] {processor.py:836} INFO - DAG(s) dict_keys(['example_task_group']) retrieved from /home/airflow/.local/lib/python3.10/site-packages/airflow/example_dags/example_task_group.py
[2023-08-13T15:22:29.550+0000] {logging_mixin.py:149} INFO - [2023-08-13T15:22:29.550+0000] {dag.py:2726} INFO - Sync 1 DAGs
[2023-08-13T15:22:29.560+0000] {logging_mixin.py:149} INFO - [2023-08-13T15:22:29.559+0000] {dag.py:3486} INFO - Setting next_dagrun for example_task_group to 2023-08-12T15:22:29.559868+00:00, run_after=2023-08-13T15:22:29.559868+00:00
[2023-08-13T15:22:29.566+0000] {processor.py:179} INFO - Processing /home/airflow/.local/lib/python3.10/site-packages/airflow/example_dags/example_task_group.py took 0.031 seconds
[2023-08-13T15:22:59.869+0000] {processor.py:157} INFO - Started process (PID=1577) to work on /home/airflow/.local/lib/python3.10/site-packages/airflow/example_dags/example_task_group.py
[2023-08-13T15:22:59.870+0000] {processor.py:826} INFO - Processing file /home/airflow/.local/lib/python3.10/site-packages/airflow/example_dags/example_task_group.py for tasks to queue
[2023-08-13T15:22:59.870+0000] {logging_mixin.py:149} INFO - [2023-08-13T15:22:59.870+0000] {dagbag.py:541} INFO - Filling up the DagBag from /home/airflow/.local/lib/python3.10/site-packages/airflow/example_dags/example_task_group.py
[2023-08-13T15:22:59.873+0000] {processor.py:836} INFO - DAG(s) dict_keys(['example_task_group']) retrieved from /home/airflow/.local/lib/python3.10/site-packages/airflow/example_dags/example_task_group.py
[2023-08-13T15:22:59.884+0000] {logging_mixin.py:149} INFO - [2023-08-13T15:22:59.883+0000] {dag.py:2726} INFO - Sync 1 DAGs
[2023-08-13T15:22:59.893+0000] {logging_mixin.py:149} INFO - [2023-08-13T15:22:59.893+0000] {dag.py:3486} INFO - Setting next_dagrun for example_task_group to 2023-08-12T15:22:59.893329+00:00, run_after=2023-08-13T15:22:59.893329+00:00
[2023-08-13T15:22:59.900+0000] {processor.py:179} INFO - Processing /home/airflow/.local/lib/python3.10/site-packages/airflow/example_dags/example_task_group.py took 0.032 seconds
[2023-08-13T15:23:30.195+0000] {processor.py:157} INFO - Started process (PID=1654) to work on /home/airflow/.local/lib/python3.10/site-packages/airflow/example_dags/example_task_group.py
[2023-08-13T15:23:30.196+0000] {processor.py:826} INFO - Processing file /home/airflow/.local/lib/python3.10/site-packages/airflow/example_dags/example_task_group.py for tasks to queue
[2023-08-13T15:23:30.196+0000] {logging_mixin.py:149} INFO - [2023-08-13T15:23:30.196+0000] {dagbag.py:541} INFO - Filling up the DagBag from /home/airflow/.local/lib/python3.10/site-packages/airflow/example_dags/example_task_group.py
[2023-08-13T15:23:30.199+0000] {processor.py:836} INFO - DAG(s) dict_keys(['example_task_group']) retrieved from /home/airflow/.local/lib/python3.10/site-packages/airflow/example_dags/example_task_group.py
[2023-08-13T15:23:30.209+0000] {logging_mixin.py:149} INFO - [2023-08-13T15:23:30.209+0000] {dag.py:2726} INFO - Sync 1 DAGs
[2023-08-13T15:23:30.219+0000] {logging_mixin.py:149} INFO - [2023-08-13T15:23:30.219+0000] {dag.py:3486} INFO - Setting next_dagrun for example_task_group to 2023-08-12T15:23:30.219799+00:00, run_after=2023-08-13T15:23:30.219799+00:00
[2023-08-13T15:23:30.226+0000] {processor.py:179} INFO - Processing /home/airflow/.local/lib/python3.10/site-packages/airflow/example_dags/example_task_group.py took 0.032 seconds
[2023-08-13T15:24:00.529+0000] {processor.py:157} INFO - Started process (PID=1731) to work on /home/airflow/.local/lib/python3.10/site-packages/airflow/example_dags/example_task_group.py
[2023-08-13T15:24:00.529+0000] {processor.py:826} INFO - Processing file /home/airflow/.local/lib/python3.10/site-packages/airflow/example_dags/example_task_group.py for tasks to queue
[2023-08-13T15:24:00.530+0000] {logging_mixin.py:149} INFO - [2023-08-13T15:24:00.530+0000] {dagbag.py:541} INFO - Filling up the DagBag from /home/airflow/.local/lib/python3.10/site-packages/airflow/example_dags/example_task_group.py
[2023-08-13T15:24:00.533+0000] {processor.py:836} INFO - DAG(s) dict_keys(['example_task_group']) retrieved from /home/airflow/.local/lib/python3.10/site-packages/airflow/example_dags/example_task_group.py
[2023-08-13T15:24:00.544+0000] {logging_mixin.py:149} INFO - [2023-08-13T15:24:00.544+0000] {dag.py:2726} INFO - Sync 1 DAGs
[2023-08-13T15:24:00.554+0000] {logging_mixin.py:149} INFO - [2023-08-13T15:24:00.554+0000] {dag.py:3486} INFO - Setting next_dagrun for example_task_group to 2023-08-12T15:24:00.554535+00:00, run_after=2023-08-13T15:24:00.554535+00:00
[2023-08-13T15:24:00.562+0000] {processor.py:179} INFO - Processing /home/airflow/.local/lib/python3.10/site-packages/airflow/example_dags/example_task_group.py took 0.034 seconds
[2023-08-13T15:24:30.914+0000] {processor.py:157} INFO - Started process (PID=1808) to work on /home/airflow/.local/lib/python3.10/site-packages/airflow/example_dags/example_task_group.py
[2023-08-13T15:24:30.915+0000] {processor.py:826} INFO - Processing file /home/airflow/.local/lib/python3.10/site-packages/airflow/example_dags/example_task_group.py for tasks to queue
[2023-08-13T15:24:30.915+0000] {logging_mixin.py:149} INFO - [2023-08-13T15:24:30.915+0000] {dagbag.py:541} INFO - Filling up the DagBag from /home/airflow/.local/lib/python3.10/site-packages/airflow/example_dags/example_task_group.py
[2023-08-13T15:24:30.918+0000] {processor.py:836} INFO - DAG(s) dict_keys(['example_task_group']) retrieved from /home/airflow/.local/lib/python3.10/site-packages/airflow/example_dags/example_task_group.py
[2023-08-13T15:24:30.929+0000] {logging_mixin.py:149} INFO - [2023-08-13T15:24:30.929+0000] {dag.py:2726} INFO - Sync 1 DAGs
[2023-08-13T15:24:30.939+0000] {logging_mixin.py:149} INFO - [2023-08-13T15:24:30.939+0000] {dag.py:3486} INFO - Setting next_dagrun for example_task_group to 2023-08-12T15:24:30.938895+00:00, run_after=2023-08-13T15:24:30.938895+00:00
[2023-08-13T15:24:30.945+0000] {processor.py:179} INFO - Processing /home/airflow/.local/lib/python3.10/site-packages/airflow/example_dags/example_task_group.py took 0.032 seconds
[2023-08-13T15:25:01.257+0000] {processor.py:157} INFO - Started process (PID=1885) to work on /home/airflow/.local/lib/python3.10/site-packages/airflow/example_dags/example_task_group.py
[2023-08-13T15:25:01.257+0000] {processor.py:826} INFO - Processing file /home/airflow/.local/lib/python3.10/site-packages/airflow/example_dags/example_task_group.py for tasks to queue
[2023-08-13T15:25:01.257+0000] {logging_mixin.py:149} INFO - [2023-08-13T15:25:01.257+0000] {dagbag.py:541} INFO - Filling up the DagBag from /home/airflow/.local/lib/python3.10/site-packages/airflow/example_dags/example_task_group.py
[2023-08-13T15:25:01.261+0000] {processor.py:836} INFO - DAG(s) dict_keys(['example_task_group']) retrieved from /home/airflow/.local/lib/python3.10/site-packages/airflow/example_dags/example_task_group.py
[2023-08-13T15:25:01.271+0000] {logging_mixin.py:149} INFO - [2023-08-13T15:25:01.271+0000] {dag.py:2726} INFO - Sync 1 DAGs
[2023-08-13T15:25:01.281+0000] {logging_mixin.py:149} INFO - [2023-08-13T15:25:01.281+0000] {dag.py:3486} INFO - Setting next_dagrun for example_task_group to 2023-08-12T15:25:01.281020+00:00, run_after=2023-08-13T15:25:01.281020+00:00
[2023-08-13T15:25:01.288+0000] {processor.py:179} INFO - Processing /home/airflow/.local/lib/python3.10/site-packages/airflow/example_dags/example_task_group.py took 0.032 seconds
[2023-08-13T15:25:31.652+0000] {processor.py:157} INFO - Started process (PID=1962) to work on /home/airflow/.local/lib/python3.10/site-packages/airflow/example_dags/example_task_group.py
[2023-08-13T15:25:31.653+0000] {processor.py:826} INFO - Processing file /home/airflow/.local/lib/python3.10/site-packages/airflow/example_dags/example_task_group.py for tasks to queue
[2023-08-13T15:25:31.653+0000] {logging_mixin.py:149} INFO - [2023-08-13T15:25:31.653+0000] {dagbag.py:541} INFO - Filling up the DagBag from /home/airflow/.local/lib/python3.10/site-packages/airflow/example_dags/example_task_group.py
[2023-08-13T15:25:31.656+0000] {processor.py:836} INFO - DAG(s) dict_keys(['example_task_group']) retrieved from /home/airflow/.local/lib/python3.10/site-packages/airflow/example_dags/example_task_group.py
[2023-08-13T15:25:31.667+0000] {logging_mixin.py:149} INFO - [2023-08-13T15:25:31.667+0000] {dag.py:2726} INFO - Sync 1 DAGs
[2023-08-13T15:25:31.677+0000] {logging_mixin.py:149} INFO - [2023-08-13T15:25:31.677+0000] {dag.py:3486} INFO - Setting next_dagrun for example_task_group to 2023-08-12T15:25:31.677113+00:00, run_after=2023-08-13T15:25:31.677113+00:00
[2023-08-13T15:25:31.684+0000] {processor.py:179} INFO - Processing /home/airflow/.local/lib/python3.10/site-packages/airflow/example_dags/example_task_group.py took 0.034 seconds
[2023-08-13T15:26:02.024+0000] {processor.py:157} INFO - Started process (PID=2039) to work on /home/airflow/.local/lib/python3.10/site-packages/airflow/example_dags/example_task_group.py
[2023-08-13T15:26:02.024+0000] {processor.py:826} INFO - Processing file /home/airflow/.local/lib/python3.10/site-packages/airflow/example_dags/example_task_group.py for tasks to queue
[2023-08-13T15:26:02.024+0000] {logging_mixin.py:149} INFO - [2023-08-13T15:26:02.024+0000] {dagbag.py:541} INFO - Filling up the DagBag from /home/airflow/.local/lib/python3.10/site-packages/airflow/example_dags/example_task_group.py
[2023-08-13T15:26:02.028+0000] {processor.py:836} INFO - DAG(s) dict_keys(['example_task_group']) retrieved from /home/airflow/.local/lib/python3.10/site-packages/airflow/example_dags/example_task_group.py
[2023-08-13T15:26:02.038+0000] {logging_mixin.py:149} INFO - [2023-08-13T15:26:02.038+0000] {dag.py:2726} INFO - Sync 1 DAGs
[2023-08-13T15:26:02.048+0000] {logging_mixin.py:149} INFO - [2023-08-13T15:26:02.048+0000] {dag.py:3486} INFO - Setting next_dagrun for example_task_group to 2023-08-12T15:26:02.048069+00:00, run_after=2023-08-13T15:26:02.048069+00:00
[2023-08-13T15:26:02.055+0000] {processor.py:179} INFO - Processing /home/airflow/.local/lib/python3.10/site-packages/airflow/example_dags/example_task_group.py took 0.032 seconds
[2023-08-13T15:26:32.412+0000] {processor.py:157} INFO - Started process (PID=2117) to work on /home/airflow/.local/lib/python3.10/site-packages/airflow/example_dags/example_task_group.py
[2023-08-13T15:26:32.413+0000] {processor.py:826} INFO - Processing file /home/airflow/.local/lib/python3.10/site-packages/airflow/example_dags/example_task_group.py for tasks to queue
[2023-08-13T15:26:32.413+0000] {logging_mixin.py:149} INFO - [2023-08-13T15:26:32.413+0000] {dagbag.py:541} INFO - Filling up the DagBag from /home/airflow/.local/lib/python3.10/site-packages/airflow/example_dags/example_task_group.py
[2023-08-13T15:26:32.416+0000] {processor.py:836} INFO - DAG(s) dict_keys(['example_task_group']) retrieved from /home/airflow/.local/lib/python3.10/site-packages/airflow/example_dags/example_task_group.py
[2023-08-13T15:26:32.427+0000] {logging_mixin.py:149} INFO - [2023-08-13T15:26:32.427+0000] {dag.py:2726} INFO - Sync 1 DAGs
[2023-08-13T15:26:32.437+0000] {logging_mixin.py:149} INFO - [2023-08-13T15:26:32.437+0000] {dag.py:3486} INFO - Setting next_dagrun for example_task_group to 2023-08-12T15:26:32.437100+00:00, run_after=2023-08-13T15:26:32.437100+00:00
[2023-08-13T15:26:32.444+0000] {processor.py:179} INFO - Processing /home/airflow/.local/lib/python3.10/site-packages/airflow/example_dags/example_task_group.py took 0.032 seconds
[2023-08-13T15:27:02.864+0000] {processor.py:157} INFO - Started process (PID=2194) to work on /home/airflow/.local/lib/python3.10/site-packages/airflow/example_dags/example_task_group.py
[2023-08-13T15:27:02.864+0000] {processor.py:826} INFO - Processing file /home/airflow/.local/lib/python3.10/site-packages/airflow/example_dags/example_task_group.py for tasks to queue
[2023-08-13T15:27:02.865+0000] {logging_mixin.py:149} INFO - [2023-08-13T15:27:02.865+0000] {dagbag.py:541} INFO - Filling up the DagBag from /home/airflow/.local/lib/python3.10/site-packages/airflow/example_dags/example_task_group.py
[2023-08-13T15:27:02.868+0000] {processor.py:836} INFO - DAG(s) dict_keys(['example_task_group']) retrieved from /home/airflow/.local/lib/python3.10/site-packages/airflow/example_dags/example_task_group.py
[2023-08-13T15:27:02.878+0000] {logging_mixin.py:149} INFO - [2023-08-13T15:27:02.878+0000] {dag.py:2726} INFO - Sync 1 DAGs
[2023-08-13T15:27:02.888+0000] {logging_mixin.py:149} INFO - [2023-08-13T15:27:02.887+0000] {dag.py:3486} INFO - Setting next_dagrun for example_task_group to 2023-08-12T15:27:02.887872+00:00, run_after=2023-08-13T15:27:02.887872+00:00
[2023-08-13T15:27:02.894+0000] {processor.py:179} INFO - Processing /home/airflow/.local/lib/python3.10/site-packages/airflow/example_dags/example_task_group.py took 0.032 seconds
[2023-08-13T15:27:33.389+0000] {processor.py:157} INFO - Started process (PID=2270) to work on /home/airflow/.local/lib/python3.10/site-packages/airflow/example_dags/example_task_group.py
[2023-08-13T15:27:33.390+0000] {processor.py:826} INFO - Processing file /home/airflow/.local/lib/python3.10/site-packages/airflow/example_dags/example_task_group.py for tasks to queue
[2023-08-13T15:27:33.390+0000] {logging_mixin.py:149} INFO - [2023-08-13T15:27:33.390+0000] {dagbag.py:541} INFO - Filling up the DagBag from /home/airflow/.local/lib/python3.10/site-packages/airflow/example_dags/example_task_group.py
[2023-08-13T15:27:33.393+0000] {processor.py:836} INFO - DAG(s) dict_keys(['example_task_group']) retrieved from /home/airflow/.local/lib/python3.10/site-packages/airflow/example_dags/example_task_group.py
[2023-08-13T15:27:33.404+0000] {logging_mixin.py:149} INFO - [2023-08-13T15:27:33.404+0000] {dag.py:2726} INFO - Sync 1 DAGs
[2023-08-13T15:27:33.413+0000] {logging_mixin.py:149} INFO - [2023-08-13T15:27:33.413+0000] {dag.py:3486} INFO - Setting next_dagrun for example_task_group to 2023-08-12T15:27:33.413521+00:00, run_after=2023-08-13T15:27:33.413521+00:00
[2023-08-13T15:27:33.420+0000] {processor.py:179} INFO - Processing /home/airflow/.local/lib/python3.10/site-packages/airflow/example_dags/example_task_group.py took 0.032 seconds
[2023-08-13T15:28:03.875+0000] {processor.py:157} INFO - Started process (PID=2347) to work on /home/airflow/.local/lib/python3.10/site-packages/airflow/example_dags/example_task_group.py
[2023-08-13T15:28:03.875+0000] {processor.py:826} INFO - Processing file /home/airflow/.local/lib/python3.10/site-packages/airflow/example_dags/example_task_group.py for tasks to queue
[2023-08-13T15:28:03.876+0000] {logging_mixin.py:149} INFO - [2023-08-13T15:28:03.876+0000] {dagbag.py:541} INFO - Filling up the DagBag from /home/airflow/.local/lib/python3.10/site-packages/airflow/example_dags/example_task_group.py
[2023-08-13T15:28:03.879+0000] {processor.py:836} INFO - DAG(s) dict_keys(['example_task_group']) retrieved from /home/airflow/.local/lib/python3.10/site-packages/airflow/example_dags/example_task_group.py
[2023-08-13T15:28:03.895+0000] {logging_mixin.py:149} INFO - [2023-08-13T15:28:03.894+0000] {dag.py:2726} INFO - Sync 1 DAGs
[2023-08-13T15:28:03.906+0000] {logging_mixin.py:149} INFO - [2023-08-13T15:28:03.906+0000] {dag.py:3486} INFO - Setting next_dagrun for example_task_group to 2023-08-12T15:28:03.906661+00:00, run_after=2023-08-13T15:28:03.906661+00:00
[2023-08-13T15:28:03.913+0000] {processor.py:179} INFO - Processing /home/airflow/.local/lib/python3.10/site-packages/airflow/example_dags/example_task_group.py took 0.039 seconds
[2023-08-13T15:28:34.214+0000] {processor.py:157} INFO - Started process (PID=2424) to work on /home/airflow/.local/lib/python3.10/site-packages/airflow/example_dags/example_task_group.py
[2023-08-13T15:28:34.214+0000] {processor.py:826} INFO - Processing file /home/airflow/.local/lib/python3.10/site-packages/airflow/example_dags/example_task_group.py for tasks to queue
[2023-08-13T15:28:34.214+0000] {logging_mixin.py:149} INFO - [2023-08-13T15:28:34.214+0000] {dagbag.py:541} INFO - Filling up the DagBag from /home/airflow/.local/lib/python3.10/site-packages/airflow/example_dags/example_task_group.py
[2023-08-13T15:28:34.218+0000] {processor.py:836} INFO - DAG(s) dict_keys(['example_task_group']) retrieved from /home/airflow/.local/lib/python3.10/site-packages/airflow/example_dags/example_task_group.py
[2023-08-13T15:28:34.229+0000] {logging_mixin.py:149} INFO - [2023-08-13T15:28:34.229+0000] {dag.py:2726} INFO - Sync 1 DAGs
[2023-08-13T15:28:34.239+0000] {logging_mixin.py:149} INFO - [2023-08-13T15:28:34.239+0000] {dag.py:3486} INFO - Setting next_dagrun for example_task_group to 2023-08-12T15:28:34.239144+00:00, run_after=2023-08-13T15:28:34.239144+00:00
[2023-08-13T15:28:34.246+0000] {processor.py:179} INFO - Processing /home/airflow/.local/lib/python3.10/site-packages/airflow/example_dags/example_task_group.py took 0.033 seconds
[2023-08-13T15:29:04.554+0000] {processor.py:157} INFO - Started process (PID=2501) to work on /home/airflow/.local/lib/python3.10/site-packages/airflow/example_dags/example_task_group.py
[2023-08-13T15:29:04.554+0000] {processor.py:826} INFO - Processing file /home/airflow/.local/lib/python3.10/site-packages/airflow/example_dags/example_task_group.py for tasks to queue
[2023-08-13T15:29:04.555+0000] {logging_mixin.py:149} INFO - [2023-08-13T15:29:04.555+0000] {dagbag.py:541} INFO - Filling up the DagBag from /home/airflow/.local/lib/python3.10/site-packages/airflow/example_dags/example_task_group.py
[2023-08-13T15:29:04.559+0000] {processor.py:836} INFO - DAG(s) dict_keys(['example_task_group']) retrieved from /home/airflow/.local/lib/python3.10/site-packages/airflow/example_dags/example_task_group.py
[2023-08-13T15:29:04.570+0000] {logging_mixin.py:149} INFO - [2023-08-13T15:29:04.570+0000] {dag.py:2726} INFO - Sync 1 DAGs
[2023-08-13T15:29:04.580+0000] {logging_mixin.py:149} INFO - [2023-08-13T15:29:04.580+0000] {dag.py:3486} INFO - Setting next_dagrun for example_task_group to 2023-08-12T15:29:04.580534+00:00, run_after=2023-08-13T15:29:04.580534+00:00
[2023-08-13T15:29:04.588+0000] {processor.py:179} INFO - Processing /home/airflow/.local/lib/python3.10/site-packages/airflow/example_dags/example_task_group.py took 0.036 seconds
