[2023-08-13T08:25:09.507+0000] {processor.py:157} INFO - Started process (PID=39) to work on /home/airflow/.local/lib/python3.10/site-packages/airflow/example_dags/example_branch_labels.py
[2023-08-13T08:25:09.507+0000] {processor.py:826} INFO - Processing file /home/airflow/.local/lib/python3.10/site-packages/airflow/example_dags/example_branch_labels.py for tasks to queue
[2023-08-13T08:25:09.507+0000] {logging_mixin.py:149} INFO - [2023-08-13T08:25:09.507+0000] {dagbag.py:541} INFO - Filling up the DagBag from /home/airflow/.local/lib/python3.10/site-packages/airflow/example_dags/example_branch_labels.py
[2023-08-13T08:25:09.512+0000] {processor.py:836} INFO - DAG(s) dict_keys(['example_branch_labels']) retrieved from /home/airflow/.local/lib/python3.10/site-packages/airflow/example_dags/example_branch_labels.py
[2023-08-13T08:25:09.518+0000] {logging_mixin.py:149} INFO - [2023-08-13T08:25:09.518+0000] {dag.py:2726} INFO - Sync 1 DAGs
[2023-08-13T08:25:09.530+0000] {logging_mixin.py:149} INFO - [2023-08-13T08:25:09.530+0000] {dag.py:3486} INFO - Setting next_dagrun for example_branch_labels to 2023-08-12T00:00:00+00:00, run_after=2023-08-13T00:00:00+00:00
[2023-08-13T08:25:09.539+0000] {processor.py:179} INFO - Processing /home/airflow/.local/lib/python3.10/site-packages/airflow/example_dags/example_branch_labels.py took 0.034 seconds
[2023-08-13T08:25:39.685+0000] {processor.py:157} INFO - Started process (PID=115) to work on /home/airflow/.local/lib/python3.10/site-packages/airflow/example_dags/example_branch_labels.py
[2023-08-13T08:25:39.685+0000] {processor.py:826} INFO - Processing file /home/airflow/.local/lib/python3.10/site-packages/airflow/example_dags/example_branch_labels.py for tasks to queue
[2023-08-13T08:25:39.686+0000] {logging_mixin.py:149} INFO - [2023-08-13T08:25:39.685+0000] {dagbag.py:541} INFO - Filling up the DagBag from /home/airflow/.local/lib/python3.10/site-packages/airflow/example_dags/example_branch_labels.py
[2023-08-13T08:25:39.689+0000] {processor.py:836} INFO - DAG(s) dict_keys(['example_branch_labels']) retrieved from /home/airflow/.local/lib/python3.10/site-packages/airflow/example_dags/example_branch_labels.py
[2023-08-13T08:25:39.699+0000] {logging_mixin.py:149} INFO - [2023-08-13T08:25:39.699+0000] {dag.py:2726} INFO - Sync 1 DAGs
[2023-08-13T08:25:39.709+0000] {logging_mixin.py:149} INFO - [2023-08-13T08:25:39.709+0000] {dag.py:3486} INFO - Setting next_dagrun for example_branch_labels to 2023-08-12T00:00:00+00:00, run_after=2023-08-13T00:00:00+00:00
[2023-08-13T08:25:39.715+0000] {processor.py:179} INFO - Processing /home/airflow/.local/lib/python3.10/site-packages/airflow/example_dags/example_branch_labels.py took 0.032 seconds
[2023-08-13T08:26:10.180+0000] {processor.py:157} INFO - Started process (PID=193) to work on /home/airflow/.local/lib/python3.10/site-packages/airflow/example_dags/example_branch_labels.py
[2023-08-13T08:26:10.181+0000] {processor.py:826} INFO - Processing file /home/airflow/.local/lib/python3.10/site-packages/airflow/example_dags/example_branch_labels.py for tasks to queue
[2023-08-13T08:26:10.181+0000] {logging_mixin.py:149} INFO - [2023-08-13T08:26:10.181+0000] {dagbag.py:541} INFO - Filling up the DagBag from /home/airflow/.local/lib/python3.10/site-packages/airflow/example_dags/example_branch_labels.py
[2023-08-13T08:26:10.185+0000] {processor.py:836} INFO - DAG(s) dict_keys(['example_branch_labels']) retrieved from /home/airflow/.local/lib/python3.10/site-packages/airflow/example_dags/example_branch_labels.py
[2023-08-13T08:26:10.198+0000] {logging_mixin.py:149} INFO - [2023-08-13T08:26:10.197+0000] {dag.py:2726} INFO - Sync 1 DAGs
[2023-08-13T08:26:10.208+0000] {logging_mixin.py:149} INFO - [2023-08-13T08:26:10.208+0000] {dag.py:3486} INFO - Setting next_dagrun for example_branch_labels to 2023-08-12T00:00:00+00:00, run_after=2023-08-13T00:00:00+00:00
[2023-08-13T08:26:10.215+0000] {processor.py:179} INFO - Processing /home/airflow/.local/lib/python3.10/site-packages/airflow/example_dags/example_branch_labels.py took 0.036 seconds
[2023-08-13T08:26:40.663+0000] {processor.py:157} INFO - Started process (PID=269) to work on /home/airflow/.local/lib/python3.10/site-packages/airflow/example_dags/example_branch_labels.py
[2023-08-13T08:26:40.664+0000] {processor.py:826} INFO - Processing file /home/airflow/.local/lib/python3.10/site-packages/airflow/example_dags/example_branch_labels.py for tasks to queue
[2023-08-13T08:26:40.664+0000] {logging_mixin.py:149} INFO - [2023-08-13T08:26:40.664+0000] {dagbag.py:541} INFO - Filling up the DagBag from /home/airflow/.local/lib/python3.10/site-packages/airflow/example_dags/example_branch_labels.py
[2023-08-13T08:26:40.667+0000] {processor.py:836} INFO - DAG(s) dict_keys(['example_branch_labels']) retrieved from /home/airflow/.local/lib/python3.10/site-packages/airflow/example_dags/example_branch_labels.py
[2023-08-13T08:26:40.678+0000] {logging_mixin.py:149} INFO - [2023-08-13T08:26:40.677+0000] {dag.py:2726} INFO - Sync 1 DAGs
[2023-08-13T08:26:40.687+0000] {logging_mixin.py:149} INFO - [2023-08-13T08:26:40.687+0000] {dag.py:3486} INFO - Setting next_dagrun for example_branch_labels to 2023-08-12T00:00:00+00:00, run_after=2023-08-13T00:00:00+00:00
[2023-08-13T08:26:40.694+0000] {processor.py:179} INFO - Processing /home/airflow/.local/lib/python3.10/site-packages/airflow/example_dags/example_branch_labels.py took 0.032 seconds
[2023-08-13T08:27:11.170+0000] {processor.py:157} INFO - Started process (PID=346) to work on /home/airflow/.local/lib/python3.10/site-packages/airflow/example_dags/example_branch_labels.py
[2023-08-13T08:27:11.171+0000] {processor.py:826} INFO - Processing file /home/airflow/.local/lib/python3.10/site-packages/airflow/example_dags/example_branch_labels.py for tasks to queue
[2023-08-13T08:27:11.171+0000] {logging_mixin.py:149} INFO - [2023-08-13T08:27:11.171+0000] {dagbag.py:541} INFO - Filling up the DagBag from /home/airflow/.local/lib/python3.10/site-packages/airflow/example_dags/example_branch_labels.py
[2023-08-13T08:27:11.174+0000] {processor.py:836} INFO - DAG(s) dict_keys(['example_branch_labels']) retrieved from /home/airflow/.local/lib/python3.10/site-packages/airflow/example_dags/example_branch_labels.py
[2023-08-13T08:27:11.185+0000] {logging_mixin.py:149} INFO - [2023-08-13T08:27:11.185+0000] {dag.py:2726} INFO - Sync 1 DAGs
[2023-08-13T08:27:11.195+0000] {logging_mixin.py:149} INFO - [2023-08-13T08:27:11.195+0000] {dag.py:3486} INFO - Setting next_dagrun for example_branch_labels to 2023-08-12T00:00:00+00:00, run_after=2023-08-13T00:00:00+00:00
[2023-08-13T08:27:11.202+0000] {processor.py:179} INFO - Processing /home/airflow/.local/lib/python3.10/site-packages/airflow/example_dags/example_branch_labels.py took 0.033 seconds
[2023-08-13T08:27:41.525+0000] {processor.py:157} INFO - Started process (PID=423) to work on /home/airflow/.local/lib/python3.10/site-packages/airflow/example_dags/example_branch_labels.py
[2023-08-13T08:27:41.525+0000] {processor.py:826} INFO - Processing file /home/airflow/.local/lib/python3.10/site-packages/airflow/example_dags/example_branch_labels.py for tasks to queue
[2023-08-13T08:27:41.525+0000] {logging_mixin.py:149} INFO - [2023-08-13T08:27:41.525+0000] {dagbag.py:541} INFO - Filling up the DagBag from /home/airflow/.local/lib/python3.10/site-packages/airflow/example_dags/example_branch_labels.py
[2023-08-13T08:27:41.528+0000] {processor.py:836} INFO - DAG(s) dict_keys(['example_branch_labels']) retrieved from /home/airflow/.local/lib/python3.10/site-packages/airflow/example_dags/example_branch_labels.py
[2023-08-13T08:27:41.539+0000] {logging_mixin.py:149} INFO - [2023-08-13T08:27:41.539+0000] {dag.py:2726} INFO - Sync 1 DAGs
[2023-08-13T08:27:41.550+0000] {logging_mixin.py:149} INFO - [2023-08-13T08:27:41.550+0000] {dag.py:3486} INFO - Setting next_dagrun for example_branch_labels to 2023-08-12T00:00:00+00:00, run_after=2023-08-13T00:00:00+00:00
[2023-08-13T08:27:41.557+0000] {processor.py:179} INFO - Processing /home/airflow/.local/lib/python3.10/site-packages/airflow/example_dags/example_branch_labels.py took 0.033 seconds
[2023-08-13T08:28:11.867+0000] {processor.py:157} INFO - Started process (PID=499) to work on /home/airflow/.local/lib/python3.10/site-packages/airflow/example_dags/example_branch_labels.py
[2023-08-13T08:28:11.868+0000] {processor.py:826} INFO - Processing file /home/airflow/.local/lib/python3.10/site-packages/airflow/example_dags/example_branch_labels.py for tasks to queue
[2023-08-13T08:28:11.868+0000] {logging_mixin.py:149} INFO - [2023-08-13T08:28:11.868+0000] {dagbag.py:541} INFO - Filling up the DagBag from /home/airflow/.local/lib/python3.10/site-packages/airflow/example_dags/example_branch_labels.py
[2023-08-13T08:28:11.871+0000] {processor.py:836} INFO - DAG(s) dict_keys(['example_branch_labels']) retrieved from /home/airflow/.local/lib/python3.10/site-packages/airflow/example_dags/example_branch_labels.py
[2023-08-13T08:28:11.881+0000] {logging_mixin.py:149} INFO - [2023-08-13T08:28:11.881+0000] {dag.py:2726} INFO - Sync 1 DAGs
[2023-08-13T08:28:11.892+0000] {logging_mixin.py:149} INFO - [2023-08-13T08:28:11.892+0000] {dag.py:3486} INFO - Setting next_dagrun for example_branch_labels to 2023-08-12T00:00:00+00:00, run_after=2023-08-13T00:00:00+00:00
[2023-08-13T08:28:11.898+0000] {processor.py:179} INFO - Processing /home/airflow/.local/lib/python3.10/site-packages/airflow/example_dags/example_branch_labels.py took 0.032 seconds
[2023-08-13T08:28:42.251+0000] {processor.py:157} INFO - Started process (PID=576) to work on /home/airflow/.local/lib/python3.10/site-packages/airflow/example_dags/example_branch_labels.py
[2023-08-13T08:28:42.251+0000] {processor.py:826} INFO - Processing file /home/airflow/.local/lib/python3.10/site-packages/airflow/example_dags/example_branch_labels.py for tasks to queue
[2023-08-13T08:28:42.251+0000] {logging_mixin.py:149} INFO - [2023-08-13T08:28:42.251+0000] {dagbag.py:541} INFO - Filling up the DagBag from /home/airflow/.local/lib/python3.10/site-packages/airflow/example_dags/example_branch_labels.py
[2023-08-13T08:28:42.254+0000] {processor.py:836} INFO - DAG(s) dict_keys(['example_branch_labels']) retrieved from /home/airflow/.local/lib/python3.10/site-packages/airflow/example_dags/example_branch_labels.py
[2023-08-13T08:28:42.265+0000] {logging_mixin.py:149} INFO - [2023-08-13T08:28:42.265+0000] {dag.py:2726} INFO - Sync 1 DAGs
[2023-08-13T08:28:42.276+0000] {logging_mixin.py:149} INFO - [2023-08-13T08:28:42.276+0000] {dag.py:3486} INFO - Setting next_dagrun for example_branch_labels to 2023-08-12T00:00:00+00:00, run_after=2023-08-13T00:00:00+00:00
[2023-08-13T08:28:42.282+0000] {processor.py:179} INFO - Processing /home/airflow/.local/lib/python3.10/site-packages/airflow/example_dags/example_branch_labels.py took 0.033 seconds
[2023-08-13T08:29:12.547+0000] {processor.py:157} INFO - Started process (PID=653) to work on /home/airflow/.local/lib/python3.10/site-packages/airflow/example_dags/example_branch_labels.py
[2023-08-13T08:29:12.547+0000] {processor.py:826} INFO - Processing file /home/airflow/.local/lib/python3.10/site-packages/airflow/example_dags/example_branch_labels.py for tasks to queue
[2023-08-13T08:29:12.548+0000] {logging_mixin.py:149} INFO - [2023-08-13T08:29:12.548+0000] {dagbag.py:541} INFO - Filling up the DagBag from /home/airflow/.local/lib/python3.10/site-packages/airflow/example_dags/example_branch_labels.py
[2023-08-13T08:29:12.551+0000] {processor.py:836} INFO - DAG(s) dict_keys(['example_branch_labels']) retrieved from /home/airflow/.local/lib/python3.10/site-packages/airflow/example_dags/example_branch_labels.py
[2023-08-13T08:29:12.561+0000] {logging_mixin.py:149} INFO - [2023-08-13T08:29:12.561+0000] {dag.py:2726} INFO - Sync 1 DAGs
[2023-08-13T08:29:12.571+0000] {logging_mixin.py:149} INFO - [2023-08-13T08:29:12.571+0000] {dag.py:3486} INFO - Setting next_dagrun for example_branch_labels to 2023-08-12T00:00:00+00:00, run_after=2023-08-13T00:00:00+00:00
[2023-08-13T08:29:12.578+0000] {processor.py:179} INFO - Processing /home/airflow/.local/lib/python3.10/site-packages/airflow/example_dags/example_branch_labels.py took 0.033 seconds
[2023-08-13T08:29:42.877+0000] {processor.py:157} INFO - Started process (PID=730) to work on /home/airflow/.local/lib/python3.10/site-packages/airflow/example_dags/example_branch_labels.py
[2023-08-13T08:29:42.878+0000] {processor.py:826} INFO - Processing file /home/airflow/.local/lib/python3.10/site-packages/airflow/example_dags/example_branch_labels.py for tasks to queue
[2023-08-13T08:29:42.878+0000] {logging_mixin.py:149} INFO - [2023-08-13T08:29:42.878+0000] {dagbag.py:541} INFO - Filling up the DagBag from /home/airflow/.local/lib/python3.10/site-packages/airflow/example_dags/example_branch_labels.py
[2023-08-13T08:29:42.881+0000] {processor.py:836} INFO - DAG(s) dict_keys(['example_branch_labels']) retrieved from /home/airflow/.local/lib/python3.10/site-packages/airflow/example_dags/example_branch_labels.py
[2023-08-13T08:29:42.892+0000] {logging_mixin.py:149} INFO - [2023-08-13T08:29:42.892+0000] {dag.py:2726} INFO - Sync 1 DAGs
[2023-08-13T08:29:42.902+0000] {logging_mixin.py:149} INFO - [2023-08-13T08:29:42.902+0000] {dag.py:3486} INFO - Setting next_dagrun for example_branch_labels to 2023-08-12T00:00:00+00:00, run_after=2023-08-13T00:00:00+00:00
[2023-08-13T08:29:42.909+0000] {processor.py:179} INFO - Processing /home/airflow/.local/lib/python3.10/site-packages/airflow/example_dags/example_branch_labels.py took 0.033 seconds
[2023-08-13T08:30:13.294+0000] {processor.py:157} INFO - Started process (PID=807) to work on /home/airflow/.local/lib/python3.10/site-packages/airflow/example_dags/example_branch_labels.py
[2023-08-13T08:30:13.294+0000] {processor.py:826} INFO - Processing file /home/airflow/.local/lib/python3.10/site-packages/airflow/example_dags/example_branch_labels.py for tasks to queue
[2023-08-13T08:30:13.294+0000] {logging_mixin.py:149} INFO - [2023-08-13T08:30:13.294+0000] {dagbag.py:541} INFO - Filling up the DagBag from /home/airflow/.local/lib/python3.10/site-packages/airflow/example_dags/example_branch_labels.py
[2023-08-13T08:30:13.298+0000] {processor.py:836} INFO - DAG(s) dict_keys(['example_branch_labels']) retrieved from /home/airflow/.local/lib/python3.10/site-packages/airflow/example_dags/example_branch_labels.py
[2023-08-13T08:30:13.309+0000] {logging_mixin.py:149} INFO - [2023-08-13T08:30:13.309+0000] {dag.py:2726} INFO - Sync 1 DAGs
[2023-08-13T08:30:13.319+0000] {logging_mixin.py:149} INFO - [2023-08-13T08:30:13.319+0000] {dag.py:3486} INFO - Setting next_dagrun for example_branch_labels to 2023-08-12T00:00:00+00:00, run_after=2023-08-13T00:00:00+00:00
[2023-08-13T08:30:13.326+0000] {processor.py:179} INFO - Processing /home/airflow/.local/lib/python3.10/site-packages/airflow/example_dags/example_branch_labels.py took 0.033 seconds
[2023-08-13T08:30:43.718+0000] {processor.py:157} INFO - Started process (PID=884) to work on /home/airflow/.local/lib/python3.10/site-packages/airflow/example_dags/example_branch_labels.py
[2023-08-13T08:30:43.718+0000] {processor.py:826} INFO - Processing file /home/airflow/.local/lib/python3.10/site-packages/airflow/example_dags/example_branch_labels.py for tasks to queue
[2023-08-13T08:30:43.719+0000] {logging_mixin.py:149} INFO - [2023-08-13T08:30:43.719+0000] {dagbag.py:541} INFO - Filling up the DagBag from /home/airflow/.local/lib/python3.10/site-packages/airflow/example_dags/example_branch_labels.py
[2023-08-13T08:30:43.722+0000] {processor.py:836} INFO - DAG(s) dict_keys(['example_branch_labels']) retrieved from /home/airflow/.local/lib/python3.10/site-packages/airflow/example_dags/example_branch_labels.py
[2023-08-13T08:30:43.734+0000] {logging_mixin.py:149} INFO - [2023-08-13T08:30:43.734+0000] {dag.py:2726} INFO - Sync 1 DAGs
[2023-08-13T08:30:43.745+0000] {logging_mixin.py:149} INFO - [2023-08-13T08:30:43.745+0000] {dag.py:3486} INFO - Setting next_dagrun for example_branch_labels to 2023-08-12T00:00:00+00:00, run_after=2023-08-13T00:00:00+00:00
[2023-08-13T08:30:43.752+0000] {processor.py:179} INFO - Processing /home/airflow/.local/lib/python3.10/site-packages/airflow/example_dags/example_branch_labels.py took 0.036 seconds
[2023-08-13T08:31:14.065+0000] {processor.py:157} INFO - Started process (PID=961) to work on /home/airflow/.local/lib/python3.10/site-packages/airflow/example_dags/example_branch_labels.py
[2023-08-13T08:31:14.065+0000] {processor.py:826} INFO - Processing file /home/airflow/.local/lib/python3.10/site-packages/airflow/example_dags/example_branch_labels.py for tasks to queue
[2023-08-13T08:31:14.065+0000] {logging_mixin.py:149} INFO - [2023-08-13T08:31:14.065+0000] {dagbag.py:541} INFO - Filling up the DagBag from /home/airflow/.local/lib/python3.10/site-packages/airflow/example_dags/example_branch_labels.py
[2023-08-13T08:31:14.068+0000] {processor.py:836} INFO - DAG(s) dict_keys(['example_branch_labels']) retrieved from /home/airflow/.local/lib/python3.10/site-packages/airflow/example_dags/example_branch_labels.py
[2023-08-13T08:31:14.079+0000] {logging_mixin.py:149} INFO - [2023-08-13T08:31:14.079+0000] {dag.py:2726} INFO - Sync 1 DAGs
[2023-08-13T08:31:14.089+0000] {logging_mixin.py:149} INFO - [2023-08-13T08:31:14.089+0000] {dag.py:3486} INFO - Setting next_dagrun for example_branch_labels to 2023-08-12T00:00:00+00:00, run_after=2023-08-13T00:00:00+00:00
[2023-08-13T08:31:14.096+0000] {processor.py:179} INFO - Processing /home/airflow/.local/lib/python3.10/site-packages/airflow/example_dags/example_branch_labels.py took 0.033 seconds
[2023-08-13T08:31:44.567+0000] {processor.py:157} INFO - Started process (PID=1038) to work on /home/airflow/.local/lib/python3.10/site-packages/airflow/example_dags/example_branch_labels.py
[2023-08-13T08:31:44.567+0000] {processor.py:826} INFO - Processing file /home/airflow/.local/lib/python3.10/site-packages/airflow/example_dags/example_branch_labels.py for tasks to queue
[2023-08-13T08:31:44.567+0000] {logging_mixin.py:149} INFO - [2023-08-13T08:31:44.567+0000] {dagbag.py:541} INFO - Filling up the DagBag from /home/airflow/.local/lib/python3.10/site-packages/airflow/example_dags/example_branch_labels.py
[2023-08-13T08:31:44.570+0000] {processor.py:836} INFO - DAG(s) dict_keys(['example_branch_labels']) retrieved from /home/airflow/.local/lib/python3.10/site-packages/airflow/example_dags/example_branch_labels.py
[2023-08-13T08:31:44.582+0000] {logging_mixin.py:149} INFO - [2023-08-13T08:31:44.582+0000] {dag.py:2726} INFO - Sync 1 DAGs
[2023-08-13T08:31:44.592+0000] {logging_mixin.py:149} INFO - [2023-08-13T08:31:44.592+0000] {dag.py:3486} INFO - Setting next_dagrun for example_branch_labels to 2023-08-12T00:00:00+00:00, run_after=2023-08-13T00:00:00+00:00
[2023-08-13T08:31:44.599+0000] {processor.py:179} INFO - Processing /home/airflow/.local/lib/python3.10/site-packages/airflow/example_dags/example_branch_labels.py took 0.033 seconds
[2023-08-13T08:32:14.916+0000] {processor.py:157} INFO - Started process (PID=1115) to work on /home/airflow/.local/lib/python3.10/site-packages/airflow/example_dags/example_branch_labels.py
[2023-08-13T08:32:14.916+0000] {processor.py:826} INFO - Processing file /home/airflow/.local/lib/python3.10/site-packages/airflow/example_dags/example_branch_labels.py for tasks to queue
[2023-08-13T08:32:14.916+0000] {logging_mixin.py:149} INFO - [2023-08-13T08:32:14.916+0000] {dagbag.py:541} INFO - Filling up the DagBag from /home/airflow/.local/lib/python3.10/site-packages/airflow/example_dags/example_branch_labels.py
[2023-08-13T08:32:14.920+0000] {processor.py:836} INFO - DAG(s) dict_keys(['example_branch_labels']) retrieved from /home/airflow/.local/lib/python3.10/site-packages/airflow/example_dags/example_branch_labels.py
[2023-08-13T08:32:14.932+0000] {logging_mixin.py:149} INFO - [2023-08-13T08:32:14.931+0000] {dag.py:2726} INFO - Sync 1 DAGs
[2023-08-13T08:32:14.943+0000] {logging_mixin.py:149} INFO - [2023-08-13T08:32:14.943+0000] {dag.py:3486} INFO - Setting next_dagrun for example_branch_labels to 2023-08-12T00:00:00+00:00, run_after=2023-08-13T00:00:00+00:00
[2023-08-13T08:32:14.950+0000] {processor.py:179} INFO - Processing /home/airflow/.local/lib/python3.10/site-packages/airflow/example_dags/example_branch_labels.py took 0.035 seconds
[2023-08-13T08:32:45.281+0000] {processor.py:157} INFO - Started process (PID=1192) to work on /home/airflow/.local/lib/python3.10/site-packages/airflow/example_dags/example_branch_labels.py
[2023-08-13T08:32:45.282+0000] {processor.py:826} INFO - Processing file /home/airflow/.local/lib/python3.10/site-packages/airflow/example_dags/example_branch_labels.py for tasks to queue
[2023-08-13T08:32:45.282+0000] {logging_mixin.py:149} INFO - [2023-08-13T08:32:45.282+0000] {dagbag.py:541} INFO - Filling up the DagBag from /home/airflow/.local/lib/python3.10/site-packages/airflow/example_dags/example_branch_labels.py
[2023-08-13T08:32:45.285+0000] {processor.py:836} INFO - DAG(s) dict_keys(['example_branch_labels']) retrieved from /home/airflow/.local/lib/python3.10/site-packages/airflow/example_dags/example_branch_labels.py
[2023-08-13T08:32:45.296+0000] {logging_mixin.py:149} INFO - [2023-08-13T08:32:45.295+0000] {dag.py:2726} INFO - Sync 1 DAGs
[2023-08-13T08:32:45.306+0000] {logging_mixin.py:149} INFO - [2023-08-13T08:32:45.306+0000] {dag.py:3486} INFO - Setting next_dagrun for example_branch_labels to 2023-08-12T00:00:00+00:00, run_after=2023-08-13T00:00:00+00:00
[2023-08-13T08:32:45.312+0000] {processor.py:179} INFO - Processing /home/airflow/.local/lib/python3.10/site-packages/airflow/example_dags/example_branch_labels.py took 0.032 seconds
[2023-08-13T08:33:15.563+0000] {processor.py:157} INFO - Started process (PID=1269) to work on /home/airflow/.local/lib/python3.10/site-packages/airflow/example_dags/example_branch_labels.py
[2023-08-13T08:33:15.563+0000] {processor.py:826} INFO - Processing file /home/airflow/.local/lib/python3.10/site-packages/airflow/example_dags/example_branch_labels.py for tasks to queue
[2023-08-13T08:33:15.563+0000] {logging_mixin.py:149} INFO - [2023-08-13T08:33:15.563+0000] {dagbag.py:541} INFO - Filling up the DagBag from /home/airflow/.local/lib/python3.10/site-packages/airflow/example_dags/example_branch_labels.py
[2023-08-13T08:33:15.567+0000] {processor.py:836} INFO - DAG(s) dict_keys(['example_branch_labels']) retrieved from /home/airflow/.local/lib/python3.10/site-packages/airflow/example_dags/example_branch_labels.py
[2023-08-13T08:33:15.577+0000] {logging_mixin.py:149} INFO - [2023-08-13T08:33:15.577+0000] {dag.py:2726} INFO - Sync 1 DAGs
[2023-08-13T08:33:15.587+0000] {logging_mixin.py:149} INFO - [2023-08-13T08:33:15.587+0000] {dag.py:3486} INFO - Setting next_dagrun for example_branch_labels to 2023-08-12T00:00:00+00:00, run_after=2023-08-13T00:00:00+00:00
[2023-08-13T08:33:15.595+0000] {processor.py:179} INFO - Processing /home/airflow/.local/lib/python3.10/site-packages/airflow/example_dags/example_branch_labels.py took 0.033 seconds
[2023-08-13T08:33:45.819+0000] {processor.py:157} INFO - Started process (PID=1346) to work on /home/airflow/.local/lib/python3.10/site-packages/airflow/example_dags/example_branch_labels.py
[2023-08-13T08:33:45.819+0000] {processor.py:826} INFO - Processing file /home/airflow/.local/lib/python3.10/site-packages/airflow/example_dags/example_branch_labels.py for tasks to queue
[2023-08-13T08:33:45.820+0000] {logging_mixin.py:149} INFO - [2023-08-13T08:33:45.819+0000] {dagbag.py:541} INFO - Filling up the DagBag from /home/airflow/.local/lib/python3.10/site-packages/airflow/example_dags/example_branch_labels.py
[2023-08-13T08:33:45.823+0000] {processor.py:836} INFO - DAG(s) dict_keys(['example_branch_labels']) retrieved from /home/airflow/.local/lib/python3.10/site-packages/airflow/example_dags/example_branch_labels.py
[2023-08-13T08:33:45.834+0000] {logging_mixin.py:149} INFO - [2023-08-13T08:33:45.834+0000] {dag.py:2726} INFO - Sync 1 DAGs
[2023-08-13T08:33:45.845+0000] {logging_mixin.py:149} INFO - [2023-08-13T08:33:45.845+0000] {dag.py:3486} INFO - Setting next_dagrun for example_branch_labels to 2023-08-12T00:00:00+00:00, run_after=2023-08-13T00:00:00+00:00
[2023-08-13T08:33:45.852+0000] {processor.py:179} INFO - Processing /home/airflow/.local/lib/python3.10/site-packages/airflow/example_dags/example_branch_labels.py took 0.034 seconds
[2023-08-13T08:34:16.209+0000] {processor.py:157} INFO - Started process (PID=1423) to work on /home/airflow/.local/lib/python3.10/site-packages/airflow/example_dags/example_branch_labels.py
[2023-08-13T08:34:16.210+0000] {processor.py:826} INFO - Processing file /home/airflow/.local/lib/python3.10/site-packages/airflow/example_dags/example_branch_labels.py for tasks to queue
[2023-08-13T08:34:16.210+0000] {logging_mixin.py:149} INFO - [2023-08-13T08:34:16.210+0000] {dagbag.py:541} INFO - Filling up the DagBag from /home/airflow/.local/lib/python3.10/site-packages/airflow/example_dags/example_branch_labels.py
[2023-08-13T08:34:16.213+0000] {processor.py:836} INFO - DAG(s) dict_keys(['example_branch_labels']) retrieved from /home/airflow/.local/lib/python3.10/site-packages/airflow/example_dags/example_branch_labels.py
[2023-08-13T08:34:16.224+0000] {logging_mixin.py:149} INFO - [2023-08-13T08:34:16.224+0000] {dag.py:2726} INFO - Sync 1 DAGs
[2023-08-13T08:34:16.234+0000] {logging_mixin.py:149} INFO - [2023-08-13T08:34:16.234+0000] {dag.py:3486} INFO - Setting next_dagrun for example_branch_labels to 2023-08-12T00:00:00+00:00, run_after=2023-08-13T00:00:00+00:00
[2023-08-13T08:34:16.241+0000] {processor.py:179} INFO - Processing /home/airflow/.local/lib/python3.10/site-packages/airflow/example_dags/example_branch_labels.py took 0.033 seconds
[2023-08-13T08:34:46.587+0000] {processor.py:157} INFO - Started process (PID=1500) to work on /home/airflow/.local/lib/python3.10/site-packages/airflow/example_dags/example_branch_labels.py
[2023-08-13T08:34:46.588+0000] {processor.py:826} INFO - Processing file /home/airflow/.local/lib/python3.10/site-packages/airflow/example_dags/example_branch_labels.py for tasks to queue
[2023-08-13T08:34:46.588+0000] {logging_mixin.py:149} INFO - [2023-08-13T08:34:46.588+0000] {dagbag.py:541} INFO - Filling up the DagBag from /home/airflow/.local/lib/python3.10/site-packages/airflow/example_dags/example_branch_labels.py
[2023-08-13T08:34:46.591+0000] {processor.py:836} INFO - DAG(s) dict_keys(['example_branch_labels']) retrieved from /home/airflow/.local/lib/python3.10/site-packages/airflow/example_dags/example_branch_labels.py
[2023-08-13T08:34:46.602+0000] {logging_mixin.py:149} INFO - [2023-08-13T08:34:46.602+0000] {dag.py:2726} INFO - Sync 1 DAGs
[2023-08-13T08:34:46.613+0000] {logging_mixin.py:149} INFO - [2023-08-13T08:34:46.613+0000] {dag.py:3486} INFO - Setting next_dagrun for example_branch_labels to 2023-08-12T00:00:00+00:00, run_after=2023-08-13T00:00:00+00:00
[2023-08-13T08:34:46.620+0000] {processor.py:179} INFO - Processing /home/airflow/.local/lib/python3.10/site-packages/airflow/example_dags/example_branch_labels.py took 0.034 seconds
[2023-08-13T08:35:16.951+0000] {processor.py:157} INFO - Started process (PID=1576) to work on /home/airflow/.local/lib/python3.10/site-packages/airflow/example_dags/example_branch_labels.py
[2023-08-13T08:35:16.951+0000] {processor.py:826} INFO - Processing file /home/airflow/.local/lib/python3.10/site-packages/airflow/example_dags/example_branch_labels.py for tasks to queue
[2023-08-13T08:35:16.951+0000] {logging_mixin.py:149} INFO - [2023-08-13T08:35:16.951+0000] {dagbag.py:541} INFO - Filling up the DagBag from /home/airflow/.local/lib/python3.10/site-packages/airflow/example_dags/example_branch_labels.py
[2023-08-13T08:35:16.954+0000] {processor.py:836} INFO - DAG(s) dict_keys(['example_branch_labels']) retrieved from /home/airflow/.local/lib/python3.10/site-packages/airflow/example_dags/example_branch_labels.py
[2023-08-13T08:35:16.965+0000] {logging_mixin.py:149} INFO - [2023-08-13T08:35:16.965+0000] {dag.py:2726} INFO - Sync 1 DAGs
[2023-08-13T08:35:16.976+0000] {logging_mixin.py:149} INFO - [2023-08-13T08:35:16.976+0000] {dag.py:3486} INFO - Setting next_dagrun for example_branch_labels to 2023-08-12T00:00:00+00:00, run_after=2023-08-13T00:00:00+00:00
[2023-08-13T08:35:16.983+0000] {processor.py:179} INFO - Processing /home/airflow/.local/lib/python3.10/site-packages/airflow/example_dags/example_branch_labels.py took 0.033 seconds
[2023-08-13T08:35:47.298+0000] {processor.py:157} INFO - Started process (PID=1653) to work on /home/airflow/.local/lib/python3.10/site-packages/airflow/example_dags/example_branch_labels.py
[2023-08-13T08:35:47.298+0000] {processor.py:826} INFO - Processing file /home/airflow/.local/lib/python3.10/site-packages/airflow/example_dags/example_branch_labels.py for tasks to queue
[2023-08-13T08:35:47.299+0000] {logging_mixin.py:149} INFO - [2023-08-13T08:35:47.299+0000] {dagbag.py:541} INFO - Filling up the DagBag from /home/airflow/.local/lib/python3.10/site-packages/airflow/example_dags/example_branch_labels.py
[2023-08-13T08:35:47.302+0000] {processor.py:836} INFO - DAG(s) dict_keys(['example_branch_labels']) retrieved from /home/airflow/.local/lib/python3.10/site-packages/airflow/example_dags/example_branch_labels.py
[2023-08-13T08:35:47.312+0000] {logging_mixin.py:149} INFO - [2023-08-13T08:35:47.312+0000] {dag.py:2726} INFO - Sync 1 DAGs
[2023-08-13T08:35:47.323+0000] {logging_mixin.py:149} INFO - [2023-08-13T08:35:47.323+0000] {dag.py:3486} INFO - Setting next_dagrun for example_branch_labels to 2023-08-12T00:00:00+00:00, run_after=2023-08-13T00:00:00+00:00
[2023-08-13T08:35:47.330+0000] {processor.py:179} INFO - Processing /home/airflow/.local/lib/python3.10/site-packages/airflow/example_dags/example_branch_labels.py took 0.034 seconds
[2023-08-13T08:36:17.680+0000] {processor.py:157} INFO - Started process (PID=1730) to work on /home/airflow/.local/lib/python3.10/site-packages/airflow/example_dags/example_branch_labels.py
[2023-08-13T08:36:17.680+0000] {processor.py:826} INFO - Processing file /home/airflow/.local/lib/python3.10/site-packages/airflow/example_dags/example_branch_labels.py for tasks to queue
[2023-08-13T08:36:17.680+0000] {logging_mixin.py:149} INFO - [2023-08-13T08:36:17.680+0000] {dagbag.py:541} INFO - Filling up the DagBag from /home/airflow/.local/lib/python3.10/site-packages/airflow/example_dags/example_branch_labels.py
[2023-08-13T08:36:17.683+0000] {processor.py:836} INFO - DAG(s) dict_keys(['example_branch_labels']) retrieved from /home/airflow/.local/lib/python3.10/site-packages/airflow/example_dags/example_branch_labels.py
[2023-08-13T08:36:17.694+0000] {logging_mixin.py:149} INFO - [2023-08-13T08:36:17.694+0000] {dag.py:2726} INFO - Sync 1 DAGs
[2023-08-13T08:36:17.704+0000] {logging_mixin.py:149} INFO - [2023-08-13T08:36:17.704+0000] {dag.py:3486} INFO - Setting next_dagrun for example_branch_labels to 2023-08-12T00:00:00+00:00, run_after=2023-08-13T00:00:00+00:00
[2023-08-13T08:36:17.711+0000] {processor.py:179} INFO - Processing /home/airflow/.local/lib/python3.10/site-packages/airflow/example_dags/example_branch_labels.py took 0.032 seconds
[2023-08-13T08:36:48.021+0000] {processor.py:157} INFO - Started process (PID=1808) to work on /home/airflow/.local/lib/python3.10/site-packages/airflow/example_dags/example_branch_labels.py
[2023-08-13T08:36:48.021+0000] {processor.py:826} INFO - Processing file /home/airflow/.local/lib/python3.10/site-packages/airflow/example_dags/example_branch_labels.py for tasks to queue
[2023-08-13T08:36:48.022+0000] {logging_mixin.py:149} INFO - [2023-08-13T08:36:48.022+0000] {dagbag.py:541} INFO - Filling up the DagBag from /home/airflow/.local/lib/python3.10/site-packages/airflow/example_dags/example_branch_labels.py
[2023-08-13T08:36:48.025+0000] {processor.py:836} INFO - DAG(s) dict_keys(['example_branch_labels']) retrieved from /home/airflow/.local/lib/python3.10/site-packages/airflow/example_dags/example_branch_labels.py
[2023-08-13T08:36:48.036+0000] {logging_mixin.py:149} INFO - [2023-08-13T08:36:48.036+0000] {dag.py:2726} INFO - Sync 1 DAGs
[2023-08-13T08:36:48.046+0000] {logging_mixin.py:149} INFO - [2023-08-13T08:36:48.046+0000] {dag.py:3486} INFO - Setting next_dagrun for example_branch_labels to 2023-08-12T00:00:00+00:00, run_after=2023-08-13T00:00:00+00:00
[2023-08-13T08:36:48.053+0000] {processor.py:179} INFO - Processing /home/airflow/.local/lib/python3.10/site-packages/airflow/example_dags/example_branch_labels.py took 0.033 seconds
[2023-08-13T08:37:18.209+0000] {processor.py:157} INFO - Started process (PID=1885) to work on /home/airflow/.local/lib/python3.10/site-packages/airflow/example_dags/example_branch_labels.py
[2023-08-13T08:37:18.209+0000] {processor.py:826} INFO - Processing file /home/airflow/.local/lib/python3.10/site-packages/airflow/example_dags/example_branch_labels.py for tasks to queue
[2023-08-13T08:37:18.210+0000] {logging_mixin.py:149} INFO - [2023-08-13T08:37:18.210+0000] {dagbag.py:541} INFO - Filling up the DagBag from /home/airflow/.local/lib/python3.10/site-packages/airflow/example_dags/example_branch_labels.py
[2023-08-13T08:37:18.213+0000] {processor.py:836} INFO - DAG(s) dict_keys(['example_branch_labels']) retrieved from /home/airflow/.local/lib/python3.10/site-packages/airflow/example_dags/example_branch_labels.py
[2023-08-13T08:37:18.225+0000] {logging_mixin.py:149} INFO - [2023-08-13T08:37:18.224+0000] {dag.py:2726} INFO - Sync 1 DAGs
[2023-08-13T08:37:18.236+0000] {logging_mixin.py:149} INFO - [2023-08-13T08:37:18.235+0000] {dag.py:3486} INFO - Setting next_dagrun for example_branch_labels to 2023-08-12T00:00:00+00:00, run_after=2023-08-13T00:00:00+00:00
[2023-08-13T08:37:18.243+0000] {processor.py:179} INFO - Processing /home/airflow/.local/lib/python3.10/site-packages/airflow/example_dags/example_branch_labels.py took 0.035 seconds
[2023-08-13T08:37:48.704+0000] {processor.py:157} INFO - Started process (PID=1963) to work on /home/airflow/.local/lib/python3.10/site-packages/airflow/example_dags/example_branch_labels.py
[2023-08-13T08:37:48.704+0000] {processor.py:826} INFO - Processing file /home/airflow/.local/lib/python3.10/site-packages/airflow/example_dags/example_branch_labels.py for tasks to queue
[2023-08-13T08:37:48.704+0000] {logging_mixin.py:149} INFO - [2023-08-13T08:37:48.704+0000] {dagbag.py:541} INFO - Filling up the DagBag from /home/airflow/.local/lib/python3.10/site-packages/airflow/example_dags/example_branch_labels.py
[2023-08-13T08:37:48.707+0000] {processor.py:836} INFO - DAG(s) dict_keys(['example_branch_labels']) retrieved from /home/airflow/.local/lib/python3.10/site-packages/airflow/example_dags/example_branch_labels.py
[2023-08-13T08:37:48.718+0000] {logging_mixin.py:149} INFO - [2023-08-13T08:37:48.718+0000] {dag.py:2726} INFO - Sync 1 DAGs
[2023-08-13T08:37:48.728+0000] {logging_mixin.py:149} INFO - [2023-08-13T08:37:48.728+0000] {dag.py:3486} INFO - Setting next_dagrun for example_branch_labels to 2023-08-12T00:00:00+00:00, run_after=2023-08-13T00:00:00+00:00
[2023-08-13T08:37:48.735+0000] {processor.py:179} INFO - Processing /home/airflow/.local/lib/python3.10/site-packages/airflow/example_dags/example_branch_labels.py took 0.033 seconds
[2023-08-13T08:38:19.020+0000] {processor.py:157} INFO - Started process (PID=2040) to work on /home/airflow/.local/lib/python3.10/site-packages/airflow/example_dags/example_branch_labels.py
[2023-08-13T08:38:19.021+0000] {processor.py:826} INFO - Processing file /home/airflow/.local/lib/python3.10/site-packages/airflow/example_dags/example_branch_labels.py for tasks to queue
[2023-08-13T08:38:19.021+0000] {logging_mixin.py:149} INFO - [2023-08-13T08:38:19.021+0000] {dagbag.py:541} INFO - Filling up the DagBag from /home/airflow/.local/lib/python3.10/site-packages/airflow/example_dags/example_branch_labels.py
[2023-08-13T08:38:19.024+0000] {processor.py:836} INFO - DAG(s) dict_keys(['example_branch_labels']) retrieved from /home/airflow/.local/lib/python3.10/site-packages/airflow/example_dags/example_branch_labels.py
[2023-08-13T08:38:19.036+0000] {logging_mixin.py:149} INFO - [2023-08-13T08:38:19.036+0000] {dag.py:2726} INFO - Sync 1 DAGs
[2023-08-13T08:38:19.047+0000] {logging_mixin.py:149} INFO - [2023-08-13T08:38:19.046+0000] {dag.py:3486} INFO - Setting next_dagrun for example_branch_labels to 2023-08-12T00:00:00+00:00, run_after=2023-08-13T00:00:00+00:00
[2023-08-13T08:38:19.053+0000] {processor.py:179} INFO - Processing /home/airflow/.local/lib/python3.10/site-packages/airflow/example_dags/example_branch_labels.py took 0.034 seconds
[2023-08-13T08:38:49.499+0000] {processor.py:157} INFO - Started process (PID=2117) to work on /home/airflow/.local/lib/python3.10/site-packages/airflow/example_dags/example_branch_labels.py
[2023-08-13T08:38:49.499+0000] {processor.py:826} INFO - Processing file /home/airflow/.local/lib/python3.10/site-packages/airflow/example_dags/example_branch_labels.py for tasks to queue
[2023-08-13T08:38:49.499+0000] {logging_mixin.py:149} INFO - [2023-08-13T08:38:49.499+0000] {dagbag.py:541} INFO - Filling up the DagBag from /home/airflow/.local/lib/python3.10/site-packages/airflow/example_dags/example_branch_labels.py
[2023-08-13T08:38:49.503+0000] {processor.py:836} INFO - DAG(s) dict_keys(['example_branch_labels']) retrieved from /home/airflow/.local/lib/python3.10/site-packages/airflow/example_dags/example_branch_labels.py
[2023-08-13T08:38:49.514+0000] {logging_mixin.py:149} INFO - [2023-08-13T08:38:49.513+0000] {dag.py:2726} INFO - Sync 1 DAGs
[2023-08-13T08:38:49.524+0000] {logging_mixin.py:149} INFO - [2023-08-13T08:38:49.524+0000] {dag.py:3486} INFO - Setting next_dagrun for example_branch_labels to 2023-08-12T00:00:00+00:00, run_after=2023-08-13T00:00:00+00:00
[2023-08-13T08:38:49.532+0000] {processor.py:179} INFO - Processing /home/airflow/.local/lib/python3.10/site-packages/airflow/example_dags/example_branch_labels.py took 0.034 seconds
[2023-08-13T08:39:20.078+0000] {processor.py:157} INFO - Started process (PID=2194) to work on /home/airflow/.local/lib/python3.10/site-packages/airflow/example_dags/example_branch_labels.py
[2023-08-13T08:39:20.078+0000] {processor.py:826} INFO - Processing file /home/airflow/.local/lib/python3.10/site-packages/airflow/example_dags/example_branch_labels.py for tasks to queue
[2023-08-13T08:39:20.079+0000] {logging_mixin.py:149} INFO - [2023-08-13T08:39:20.079+0000] {dagbag.py:541} INFO - Filling up the DagBag from /home/airflow/.local/lib/python3.10/site-packages/airflow/example_dags/example_branch_labels.py
[2023-08-13T08:39:20.082+0000] {processor.py:836} INFO - DAG(s) dict_keys(['example_branch_labels']) retrieved from /home/airflow/.local/lib/python3.10/site-packages/airflow/example_dags/example_branch_labels.py
[2023-08-13T08:39:20.092+0000] {logging_mixin.py:149} INFO - [2023-08-13T08:39:20.092+0000] {dag.py:2726} INFO - Sync 1 DAGs
[2023-08-13T08:39:20.102+0000] {logging_mixin.py:149} INFO - [2023-08-13T08:39:20.102+0000] {dag.py:3486} INFO - Setting next_dagrun for example_branch_labels to 2023-08-12T00:00:00+00:00, run_after=2023-08-13T00:00:00+00:00
[2023-08-13T08:39:20.109+0000] {processor.py:179} INFO - Processing /home/airflow/.local/lib/python3.10/site-packages/airflow/example_dags/example_branch_labels.py took 0.033 seconds
[2023-08-13T08:39:50.401+0000] {processor.py:157} INFO - Started process (PID=2271) to work on /home/airflow/.local/lib/python3.10/site-packages/airflow/example_dags/example_branch_labels.py
[2023-08-13T08:39:50.402+0000] {processor.py:826} INFO - Processing file /home/airflow/.local/lib/python3.10/site-packages/airflow/example_dags/example_branch_labels.py for tasks to queue
[2023-08-13T08:39:50.402+0000] {logging_mixin.py:149} INFO - [2023-08-13T08:39:50.402+0000] {dagbag.py:541} INFO - Filling up the DagBag from /home/airflow/.local/lib/python3.10/site-packages/airflow/example_dags/example_branch_labels.py
[2023-08-13T08:39:50.405+0000] {processor.py:836} INFO - DAG(s) dict_keys(['example_branch_labels']) retrieved from /home/airflow/.local/lib/python3.10/site-packages/airflow/example_dags/example_branch_labels.py
[2023-08-13T08:39:50.415+0000] {logging_mixin.py:149} INFO - [2023-08-13T08:39:50.415+0000] {dag.py:2726} INFO - Sync 1 DAGs
[2023-08-13T08:39:50.425+0000] {logging_mixin.py:149} INFO - [2023-08-13T08:39:50.425+0000] {dag.py:3486} INFO - Setting next_dagrun for example_branch_labels to 2023-08-12T00:00:00+00:00, run_after=2023-08-13T00:00:00+00:00
[2023-08-13T08:39:50.432+0000] {processor.py:179} INFO - Processing /home/airflow/.local/lib/python3.10/site-packages/airflow/example_dags/example_branch_labels.py took 0.032 seconds
[2023-08-13T08:40:20.699+0000] {processor.py:157} INFO - Started process (PID=2348) to work on /home/airflow/.local/lib/python3.10/site-packages/airflow/example_dags/example_branch_labels.py
[2023-08-13T08:40:20.699+0000] {processor.py:826} INFO - Processing file /home/airflow/.local/lib/python3.10/site-packages/airflow/example_dags/example_branch_labels.py for tasks to queue
[2023-08-13T08:40:20.700+0000] {logging_mixin.py:149} INFO - [2023-08-13T08:40:20.700+0000] {dagbag.py:541} INFO - Filling up the DagBag from /home/airflow/.local/lib/python3.10/site-packages/airflow/example_dags/example_branch_labels.py
[2023-08-13T08:40:20.703+0000] {processor.py:836} INFO - DAG(s) dict_keys(['example_branch_labels']) retrieved from /home/airflow/.local/lib/python3.10/site-packages/airflow/example_dags/example_branch_labels.py
[2023-08-13T08:40:20.713+0000] {logging_mixin.py:149} INFO - [2023-08-13T08:40:20.713+0000] {dag.py:2726} INFO - Sync 1 DAGs
[2023-08-13T08:40:20.723+0000] {logging_mixin.py:149} INFO - [2023-08-13T08:40:20.723+0000] {dag.py:3486} INFO - Setting next_dagrun for example_branch_labels to 2023-08-12T00:00:00+00:00, run_after=2023-08-13T00:00:00+00:00
[2023-08-13T08:40:20.730+0000] {processor.py:179} INFO - Processing /home/airflow/.local/lib/python3.10/site-packages/airflow/example_dags/example_branch_labels.py took 0.032 seconds
[2023-08-13T08:40:51.158+0000] {processor.py:157} INFO - Started process (PID=2425) to work on /home/airflow/.local/lib/python3.10/site-packages/airflow/example_dags/example_branch_labels.py
[2023-08-13T08:40:51.158+0000] {processor.py:826} INFO - Processing file /home/airflow/.local/lib/python3.10/site-packages/airflow/example_dags/example_branch_labels.py for tasks to queue
[2023-08-13T08:40:51.158+0000] {logging_mixin.py:149} INFO - [2023-08-13T08:40:51.158+0000] {dagbag.py:541} INFO - Filling up the DagBag from /home/airflow/.local/lib/python3.10/site-packages/airflow/example_dags/example_branch_labels.py
[2023-08-13T08:40:51.162+0000] {processor.py:836} INFO - DAG(s) dict_keys(['example_branch_labels']) retrieved from /home/airflow/.local/lib/python3.10/site-packages/airflow/example_dags/example_branch_labels.py
[2023-08-13T08:40:51.172+0000] {logging_mixin.py:149} INFO - [2023-08-13T08:40:51.172+0000] {dag.py:2726} INFO - Sync 1 DAGs
[2023-08-13T08:40:51.183+0000] {logging_mixin.py:149} INFO - [2023-08-13T08:40:51.183+0000] {dag.py:3486} INFO - Setting next_dagrun for example_branch_labels to 2023-08-12T00:00:00+00:00, run_after=2023-08-13T00:00:00+00:00
[2023-08-13T08:40:51.189+0000] {processor.py:179} INFO - Processing /home/airflow/.local/lib/python3.10/site-packages/airflow/example_dags/example_branch_labels.py took 0.033 seconds
[2023-08-13T08:41:21.689+0000] {processor.py:157} INFO - Started process (PID=2502) to work on /home/airflow/.local/lib/python3.10/site-packages/airflow/example_dags/example_branch_labels.py
[2023-08-13T08:41:21.690+0000] {processor.py:826} INFO - Processing file /home/airflow/.local/lib/python3.10/site-packages/airflow/example_dags/example_branch_labels.py for tasks to queue
[2023-08-13T08:41:21.690+0000] {logging_mixin.py:149} INFO - [2023-08-13T08:41:21.690+0000] {dagbag.py:541} INFO - Filling up the DagBag from /home/airflow/.local/lib/python3.10/site-packages/airflow/example_dags/example_branch_labels.py
[2023-08-13T08:41:21.693+0000] {processor.py:836} INFO - DAG(s) dict_keys(['example_branch_labels']) retrieved from /home/airflow/.local/lib/python3.10/site-packages/airflow/example_dags/example_branch_labels.py
[2023-08-13T08:41:21.704+0000] {logging_mixin.py:149} INFO - [2023-08-13T08:41:21.704+0000] {dag.py:2726} INFO - Sync 1 DAGs
[2023-08-13T08:41:21.714+0000] {logging_mixin.py:149} INFO - [2023-08-13T08:41:21.714+0000] {dag.py:3486} INFO - Setting next_dagrun for example_branch_labels to 2023-08-12T00:00:00+00:00, run_after=2023-08-13T00:00:00+00:00
[2023-08-13T08:41:21.721+0000] {processor.py:179} INFO - Processing /home/airflow/.local/lib/python3.10/site-packages/airflow/example_dags/example_branch_labels.py took 0.033 seconds
[2023-08-13T08:41:52.020+0000] {processor.py:157} INFO - Started process (PID=2579) to work on /home/airflow/.local/lib/python3.10/site-packages/airflow/example_dags/example_branch_labels.py
[2023-08-13T08:41:52.020+0000] {processor.py:826} INFO - Processing file /home/airflow/.local/lib/python3.10/site-packages/airflow/example_dags/example_branch_labels.py for tasks to queue
[2023-08-13T08:41:52.020+0000] {logging_mixin.py:149} INFO - [2023-08-13T08:41:52.020+0000] {dagbag.py:541} INFO - Filling up the DagBag from /home/airflow/.local/lib/python3.10/site-packages/airflow/example_dags/example_branch_labels.py
[2023-08-13T08:41:52.023+0000] {processor.py:836} INFO - DAG(s) dict_keys(['example_branch_labels']) retrieved from /home/airflow/.local/lib/python3.10/site-packages/airflow/example_dags/example_branch_labels.py
[2023-08-13T08:41:52.034+0000] {logging_mixin.py:149} INFO - [2023-08-13T08:41:52.034+0000] {dag.py:2726} INFO - Sync 1 DAGs
[2023-08-13T08:41:52.045+0000] {logging_mixin.py:149} INFO - [2023-08-13T08:41:52.044+0000] {dag.py:3486} INFO - Setting next_dagrun for example_branch_labels to 2023-08-12T00:00:00+00:00, run_after=2023-08-13T00:00:00+00:00
[2023-08-13T08:41:52.052+0000] {processor.py:179} INFO - Processing /home/airflow/.local/lib/python3.10/site-packages/airflow/example_dags/example_branch_labels.py took 0.033 seconds
[2023-08-13T08:42:22.434+0000] {processor.py:157} INFO - Started process (PID=2656) to work on /home/airflow/.local/lib/python3.10/site-packages/airflow/example_dags/example_branch_labels.py
[2023-08-13T08:42:22.434+0000] {processor.py:826} INFO - Processing file /home/airflow/.local/lib/python3.10/site-packages/airflow/example_dags/example_branch_labels.py for tasks to queue
[2023-08-13T08:42:22.434+0000] {logging_mixin.py:149} INFO - [2023-08-13T08:42:22.434+0000] {dagbag.py:541} INFO - Filling up the DagBag from /home/airflow/.local/lib/python3.10/site-packages/airflow/example_dags/example_branch_labels.py
[2023-08-13T08:42:22.438+0000] {processor.py:836} INFO - DAG(s) dict_keys(['example_branch_labels']) retrieved from /home/airflow/.local/lib/python3.10/site-packages/airflow/example_dags/example_branch_labels.py
[2023-08-13T08:42:22.448+0000] {logging_mixin.py:149} INFO - [2023-08-13T08:42:22.448+0000] {dag.py:2726} INFO - Sync 1 DAGs
[2023-08-13T08:42:22.458+0000] {logging_mixin.py:149} INFO - [2023-08-13T08:42:22.458+0000] {dag.py:3486} INFO - Setting next_dagrun for example_branch_labels to 2023-08-12T00:00:00+00:00, run_after=2023-08-13T00:00:00+00:00
[2023-08-13T08:42:22.465+0000] {processor.py:179} INFO - Processing /home/airflow/.local/lib/python3.10/site-packages/airflow/example_dags/example_branch_labels.py took 0.033 seconds
[2023-08-13T08:42:52.895+0000] {processor.py:157} INFO - Started process (PID=2733) to work on /home/airflow/.local/lib/python3.10/site-packages/airflow/example_dags/example_branch_labels.py
[2023-08-13T08:42:52.896+0000] {processor.py:826} INFO - Processing file /home/airflow/.local/lib/python3.10/site-packages/airflow/example_dags/example_branch_labels.py for tasks to queue
[2023-08-13T08:42:52.896+0000] {logging_mixin.py:149} INFO - [2023-08-13T08:42:52.896+0000] {dagbag.py:541} INFO - Filling up the DagBag from /home/airflow/.local/lib/python3.10/site-packages/airflow/example_dags/example_branch_labels.py
[2023-08-13T08:42:52.899+0000] {processor.py:836} INFO - DAG(s) dict_keys(['example_branch_labels']) retrieved from /home/airflow/.local/lib/python3.10/site-packages/airflow/example_dags/example_branch_labels.py
[2023-08-13T08:42:52.910+0000] {logging_mixin.py:149} INFO - [2023-08-13T08:42:52.910+0000] {dag.py:2726} INFO - Sync 1 DAGs
[2023-08-13T08:42:52.921+0000] {logging_mixin.py:149} INFO - [2023-08-13T08:42:52.921+0000] {dag.py:3486} INFO - Setting next_dagrun for example_branch_labels to 2023-08-12T00:00:00+00:00, run_after=2023-08-13T00:00:00+00:00
[2023-08-13T08:42:52.928+0000] {processor.py:179} INFO - Processing /home/airflow/.local/lib/python3.10/site-packages/airflow/example_dags/example_branch_labels.py took 0.034 seconds
[2023-08-13T08:43:23.423+0000] {processor.py:157} INFO - Started process (PID=2811) to work on /home/airflow/.local/lib/python3.10/site-packages/airflow/example_dags/example_branch_labels.py
[2023-08-13T08:43:23.425+0000] {processor.py:826} INFO - Processing file /home/airflow/.local/lib/python3.10/site-packages/airflow/example_dags/example_branch_labels.py for tasks to queue
[2023-08-13T08:43:23.425+0000] {logging_mixin.py:149} INFO - [2023-08-13T08:43:23.425+0000] {dagbag.py:541} INFO - Filling up the DagBag from /home/airflow/.local/lib/python3.10/site-packages/airflow/example_dags/example_branch_labels.py
[2023-08-13T08:43:23.429+0000] {processor.py:836} INFO - DAG(s) dict_keys(['example_branch_labels']) retrieved from /home/airflow/.local/lib/python3.10/site-packages/airflow/example_dags/example_branch_labels.py
[2023-08-13T08:43:23.440+0000] {logging_mixin.py:149} INFO - [2023-08-13T08:43:23.439+0000] {dag.py:2726} INFO - Sync 1 DAGs
[2023-08-13T08:43:23.450+0000] {logging_mixin.py:149} INFO - [2023-08-13T08:43:23.449+0000] {dag.py:3486} INFO - Setting next_dagrun for example_branch_labels to 2023-08-12T00:00:00+00:00, run_after=2023-08-13T00:00:00+00:00
[2023-08-13T08:43:23.458+0000] {processor.py:179} INFO - Processing /home/airflow/.local/lib/python3.10/site-packages/airflow/example_dags/example_branch_labels.py took 0.036 seconds
[2023-08-13T08:43:53.734+0000] {processor.py:157} INFO - Started process (PID=2888) to work on /home/airflow/.local/lib/python3.10/site-packages/airflow/example_dags/example_branch_labels.py
[2023-08-13T08:43:53.734+0000] {processor.py:826} INFO - Processing file /home/airflow/.local/lib/python3.10/site-packages/airflow/example_dags/example_branch_labels.py for tasks to queue
[2023-08-13T08:43:53.735+0000] {logging_mixin.py:149} INFO - [2023-08-13T08:43:53.734+0000] {dagbag.py:541} INFO - Filling up the DagBag from /home/airflow/.local/lib/python3.10/site-packages/airflow/example_dags/example_branch_labels.py
[2023-08-13T08:43:53.738+0000] {processor.py:836} INFO - DAG(s) dict_keys(['example_branch_labels']) retrieved from /home/airflow/.local/lib/python3.10/site-packages/airflow/example_dags/example_branch_labels.py
[2023-08-13T08:43:53.748+0000] {logging_mixin.py:149} INFO - [2023-08-13T08:43:53.748+0000] {dag.py:2726} INFO - Sync 1 DAGs
[2023-08-13T08:43:53.759+0000] {logging_mixin.py:149} INFO - [2023-08-13T08:43:53.758+0000] {dag.py:3486} INFO - Setting next_dagrun for example_branch_labels to 2023-08-12T00:00:00+00:00, run_after=2023-08-13T00:00:00+00:00
[2023-08-13T08:43:53.765+0000] {processor.py:179} INFO - Processing /home/airflow/.local/lib/python3.10/site-packages/airflow/example_dags/example_branch_labels.py took 0.033 seconds
[2023-08-13T08:44:23.960+0000] {processor.py:157} INFO - Started process (PID=2965) to work on /home/airflow/.local/lib/python3.10/site-packages/airflow/example_dags/example_branch_labels.py
[2023-08-13T08:44:23.960+0000] {processor.py:826} INFO - Processing file /home/airflow/.local/lib/python3.10/site-packages/airflow/example_dags/example_branch_labels.py for tasks to queue
[2023-08-13T08:44:23.961+0000] {logging_mixin.py:149} INFO - [2023-08-13T08:44:23.961+0000] {dagbag.py:541} INFO - Filling up the DagBag from /home/airflow/.local/lib/python3.10/site-packages/airflow/example_dags/example_branch_labels.py
[2023-08-13T08:44:23.966+0000] {processor.py:836} INFO - DAG(s) dict_keys(['example_branch_labels']) retrieved from /home/airflow/.local/lib/python3.10/site-packages/airflow/example_dags/example_branch_labels.py
[2023-08-13T08:44:23.979+0000] {logging_mixin.py:149} INFO - [2023-08-13T08:44:23.979+0000] {dag.py:2726} INFO - Sync 1 DAGs
[2023-08-13T08:44:23.989+0000] {logging_mixin.py:149} INFO - [2023-08-13T08:44:23.989+0000] {dag.py:3486} INFO - Setting next_dagrun for example_branch_labels to 2023-08-12T00:00:00+00:00, run_after=2023-08-13T00:00:00+00:00
[2023-08-13T08:44:23.996+0000] {processor.py:179} INFO - Processing /home/airflow/.local/lib/python3.10/site-packages/airflow/example_dags/example_branch_labels.py took 0.039 seconds
[2023-08-13T08:44:54.409+0000] {processor.py:157} INFO - Started process (PID=3042) to work on /home/airflow/.local/lib/python3.10/site-packages/airflow/example_dags/example_branch_labels.py
[2023-08-13T08:44:54.409+0000] {processor.py:826} INFO - Processing file /home/airflow/.local/lib/python3.10/site-packages/airflow/example_dags/example_branch_labels.py for tasks to queue
[2023-08-13T08:44:54.409+0000] {logging_mixin.py:149} INFO - [2023-08-13T08:44:54.409+0000] {dagbag.py:541} INFO - Filling up the DagBag from /home/airflow/.local/lib/python3.10/site-packages/airflow/example_dags/example_branch_labels.py
[2023-08-13T08:44:54.413+0000] {processor.py:836} INFO - DAG(s) dict_keys(['example_branch_labels']) retrieved from /home/airflow/.local/lib/python3.10/site-packages/airflow/example_dags/example_branch_labels.py
[2023-08-13T08:44:54.424+0000] {logging_mixin.py:149} INFO - [2023-08-13T08:44:54.423+0000] {dag.py:2726} INFO - Sync 1 DAGs
[2023-08-13T08:44:54.434+0000] {logging_mixin.py:149} INFO - [2023-08-13T08:44:54.434+0000] {dag.py:3486} INFO - Setting next_dagrun for example_branch_labels to 2023-08-12T00:00:00+00:00, run_after=2023-08-13T00:00:00+00:00
[2023-08-13T08:44:54.442+0000] {processor.py:179} INFO - Processing /home/airflow/.local/lib/python3.10/site-packages/airflow/example_dags/example_branch_labels.py took 0.035 seconds
[2023-08-13T08:45:24.896+0000] {processor.py:157} INFO - Started process (PID=3118) to work on /home/airflow/.local/lib/python3.10/site-packages/airflow/example_dags/example_branch_labels.py
[2023-08-13T08:45:24.896+0000] {processor.py:826} INFO - Processing file /home/airflow/.local/lib/python3.10/site-packages/airflow/example_dags/example_branch_labels.py for tasks to queue
[2023-08-13T08:45:24.896+0000] {logging_mixin.py:149} INFO - [2023-08-13T08:45:24.896+0000] {dagbag.py:541} INFO - Filling up the DagBag from /home/airflow/.local/lib/python3.10/site-packages/airflow/example_dags/example_branch_labels.py
[2023-08-13T08:45:24.899+0000] {processor.py:836} INFO - DAG(s) dict_keys(['example_branch_labels']) retrieved from /home/airflow/.local/lib/python3.10/site-packages/airflow/example_dags/example_branch_labels.py
[2023-08-13T08:45:24.910+0000] {logging_mixin.py:149} INFO - [2023-08-13T08:45:24.910+0000] {dag.py:2726} INFO - Sync 1 DAGs
[2023-08-13T08:45:24.920+0000] {logging_mixin.py:149} INFO - [2023-08-13T08:45:24.920+0000] {dag.py:3486} INFO - Setting next_dagrun for example_branch_labels to 2023-08-12T00:00:00+00:00, run_after=2023-08-13T00:00:00+00:00
[2023-08-13T08:45:24.928+0000] {processor.py:179} INFO - Processing /home/airflow/.local/lib/python3.10/site-packages/airflow/example_dags/example_branch_labels.py took 0.034 seconds
[2023-08-13T08:45:55.356+0000] {processor.py:157} INFO - Started process (PID=3195) to work on /home/airflow/.local/lib/python3.10/site-packages/airflow/example_dags/example_branch_labels.py
[2023-08-13T08:45:55.357+0000] {processor.py:826} INFO - Processing file /home/airflow/.local/lib/python3.10/site-packages/airflow/example_dags/example_branch_labels.py for tasks to queue
[2023-08-13T08:45:55.357+0000] {logging_mixin.py:149} INFO - [2023-08-13T08:45:55.357+0000] {dagbag.py:541} INFO - Filling up the DagBag from /home/airflow/.local/lib/python3.10/site-packages/airflow/example_dags/example_branch_labels.py
[2023-08-13T08:45:55.360+0000] {processor.py:836} INFO - DAG(s) dict_keys(['example_branch_labels']) retrieved from /home/airflow/.local/lib/python3.10/site-packages/airflow/example_dags/example_branch_labels.py
[2023-08-13T08:45:55.371+0000] {logging_mixin.py:149} INFO - [2023-08-13T08:45:55.371+0000] {dag.py:2726} INFO - Sync 1 DAGs
[2023-08-13T08:45:55.381+0000] {logging_mixin.py:149} INFO - [2023-08-13T08:45:55.381+0000] {dag.py:3486} INFO - Setting next_dagrun for example_branch_labels to 2023-08-12T00:00:00+00:00, run_after=2023-08-13T00:00:00+00:00
[2023-08-13T08:45:55.388+0000] {processor.py:179} INFO - Processing /home/airflow/.local/lib/python3.10/site-packages/airflow/example_dags/example_branch_labels.py took 0.033 seconds
[2023-08-13T08:46:25.793+0000] {processor.py:157} INFO - Started process (PID=3273) to work on /home/airflow/.local/lib/python3.10/site-packages/airflow/example_dags/example_branch_labels.py
[2023-08-13T08:46:25.793+0000] {processor.py:826} INFO - Processing file /home/airflow/.local/lib/python3.10/site-packages/airflow/example_dags/example_branch_labels.py for tasks to queue
[2023-08-13T08:46:25.793+0000] {logging_mixin.py:149} INFO - [2023-08-13T08:46:25.793+0000] {dagbag.py:541} INFO - Filling up the DagBag from /home/airflow/.local/lib/python3.10/site-packages/airflow/example_dags/example_branch_labels.py
[2023-08-13T08:46:25.797+0000] {processor.py:836} INFO - DAG(s) dict_keys(['example_branch_labels']) retrieved from /home/airflow/.local/lib/python3.10/site-packages/airflow/example_dags/example_branch_labels.py
[2023-08-13T08:46:25.808+0000] {logging_mixin.py:149} INFO - [2023-08-13T08:46:25.808+0000] {dag.py:2726} INFO - Sync 1 DAGs
[2023-08-13T08:46:25.819+0000] {logging_mixin.py:149} INFO - [2023-08-13T08:46:25.819+0000] {dag.py:3486} INFO - Setting next_dagrun for example_branch_labels to 2023-08-12T00:00:00+00:00, run_after=2023-08-13T00:00:00+00:00
[2023-08-13T08:46:25.826+0000] {processor.py:179} INFO - Processing /home/airflow/.local/lib/python3.10/site-packages/airflow/example_dags/example_branch_labels.py took 0.035 seconds
[2023-08-13T08:46:56.181+0000] {processor.py:157} INFO - Started process (PID=3349) to work on /home/airflow/.local/lib/python3.10/site-packages/airflow/example_dags/example_branch_labels.py
[2023-08-13T08:46:56.181+0000] {processor.py:826} INFO - Processing file /home/airflow/.local/lib/python3.10/site-packages/airflow/example_dags/example_branch_labels.py for tasks to queue
[2023-08-13T08:46:56.181+0000] {logging_mixin.py:149} INFO - [2023-08-13T08:46:56.181+0000] {dagbag.py:541} INFO - Filling up the DagBag from /home/airflow/.local/lib/python3.10/site-packages/airflow/example_dags/example_branch_labels.py
[2023-08-13T08:46:56.184+0000] {processor.py:836} INFO - DAG(s) dict_keys(['example_branch_labels']) retrieved from /home/airflow/.local/lib/python3.10/site-packages/airflow/example_dags/example_branch_labels.py
[2023-08-13T08:46:56.195+0000] {logging_mixin.py:149} INFO - [2023-08-13T08:46:56.195+0000] {dag.py:2726} INFO - Sync 1 DAGs
[2023-08-13T08:46:56.206+0000] {logging_mixin.py:149} INFO - [2023-08-13T08:46:56.206+0000] {dag.py:3486} INFO - Setting next_dagrun for example_branch_labels to 2023-08-12T00:00:00+00:00, run_after=2023-08-13T00:00:00+00:00
[2023-08-13T08:46:56.213+0000] {processor.py:179} INFO - Processing /home/airflow/.local/lib/python3.10/site-packages/airflow/example_dags/example_branch_labels.py took 0.034 seconds
[2023-08-13T08:47:26.786+0000] {processor.py:157} INFO - Started process (PID=3426) to work on /home/airflow/.local/lib/python3.10/site-packages/airflow/example_dags/example_branch_labels.py
[2023-08-13T08:47:26.786+0000] {processor.py:826} INFO - Processing file /home/airflow/.local/lib/python3.10/site-packages/airflow/example_dags/example_branch_labels.py for tasks to queue
[2023-08-13T08:47:26.786+0000] {logging_mixin.py:149} INFO - [2023-08-13T08:47:26.786+0000] {dagbag.py:541} INFO - Filling up the DagBag from /home/airflow/.local/lib/python3.10/site-packages/airflow/example_dags/example_branch_labels.py
[2023-08-13T08:47:26.789+0000] {processor.py:836} INFO - DAG(s) dict_keys(['example_branch_labels']) retrieved from /home/airflow/.local/lib/python3.10/site-packages/airflow/example_dags/example_branch_labels.py
[2023-08-13T08:47:26.800+0000] {logging_mixin.py:149} INFO - [2023-08-13T08:47:26.800+0000] {dag.py:2726} INFO - Sync 1 DAGs
[2023-08-13T08:47:26.811+0000] {logging_mixin.py:149} INFO - [2023-08-13T08:47:26.811+0000] {dag.py:3486} INFO - Setting next_dagrun for example_branch_labels to 2023-08-12T00:00:00+00:00, run_after=2023-08-13T00:00:00+00:00
[2023-08-13T08:47:26.819+0000] {processor.py:179} INFO - Processing /home/airflow/.local/lib/python3.10/site-packages/airflow/example_dags/example_branch_labels.py took 0.034 seconds
[2023-08-13T08:47:57.457+0000] {processor.py:157} INFO - Started process (PID=3503) to work on /home/airflow/.local/lib/python3.10/site-packages/airflow/example_dags/example_branch_labels.py
[2023-08-13T08:47:57.457+0000] {processor.py:826} INFO - Processing file /home/airflow/.local/lib/python3.10/site-packages/airflow/example_dags/example_branch_labels.py for tasks to queue
[2023-08-13T08:47:57.458+0000] {logging_mixin.py:149} INFO - [2023-08-13T08:47:57.458+0000] {dagbag.py:541} INFO - Filling up the DagBag from /home/airflow/.local/lib/python3.10/site-packages/airflow/example_dags/example_branch_labels.py
[2023-08-13T08:47:57.461+0000] {processor.py:836} INFO - DAG(s) dict_keys(['example_branch_labels']) retrieved from /home/airflow/.local/lib/python3.10/site-packages/airflow/example_dags/example_branch_labels.py
[2023-08-13T08:47:57.471+0000] {logging_mixin.py:149} INFO - [2023-08-13T08:47:57.471+0000] {dag.py:2726} INFO - Sync 1 DAGs
[2023-08-13T08:47:57.482+0000] {logging_mixin.py:149} INFO - [2023-08-13T08:47:57.482+0000] {dag.py:3486} INFO - Setting next_dagrun for example_branch_labels to 2023-08-12T00:00:00+00:00, run_after=2023-08-13T00:00:00+00:00
[2023-08-13T08:47:57.548+0000] {processor.py:179} INFO - Processing /home/airflow/.local/lib/python3.10/site-packages/airflow/example_dags/example_branch_labels.py took 0.092 seconds
[2023-08-13T08:48:28.352+0000] {processor.py:157} INFO - Started process (PID=3580) to work on /home/airflow/.local/lib/python3.10/site-packages/airflow/example_dags/example_branch_labels.py
[2023-08-13T08:48:28.353+0000] {processor.py:826} INFO - Processing file /home/airflow/.local/lib/python3.10/site-packages/airflow/example_dags/example_branch_labels.py for tasks to queue
[2023-08-13T08:48:28.353+0000] {logging_mixin.py:149} INFO - [2023-08-13T08:48:28.353+0000] {dagbag.py:541} INFO - Filling up the DagBag from /home/airflow/.local/lib/python3.10/site-packages/airflow/example_dags/example_branch_labels.py
[2023-08-13T08:48:28.356+0000] {processor.py:836} INFO - DAG(s) dict_keys(['example_branch_labels']) retrieved from /home/airflow/.local/lib/python3.10/site-packages/airflow/example_dags/example_branch_labels.py
[2023-08-13T08:48:28.366+0000] {logging_mixin.py:149} INFO - [2023-08-13T08:48:28.366+0000] {dag.py:2726} INFO - Sync 1 DAGs
[2023-08-13T08:48:28.377+0000] {logging_mixin.py:149} INFO - [2023-08-13T08:48:28.377+0000] {dag.py:3486} INFO - Setting next_dagrun for example_branch_labels to 2023-08-12T00:00:00+00:00, run_after=2023-08-13T00:00:00+00:00
[2023-08-13T08:48:28.390+0000] {processor.py:179} INFO - Processing /home/airflow/.local/lib/python3.10/site-packages/airflow/example_dags/example_branch_labels.py took 0.039 seconds
[2023-08-13T08:48:59.383+0000] {processor.py:157} INFO - Started process (PID=3656) to work on /home/airflow/.local/lib/python3.10/site-packages/airflow/example_dags/example_branch_labels.py
[2023-08-13T08:48:59.383+0000] {processor.py:826} INFO - Processing file /home/airflow/.local/lib/python3.10/site-packages/airflow/example_dags/example_branch_labels.py for tasks to queue
[2023-08-13T08:48:59.384+0000] {logging_mixin.py:149} INFO - [2023-08-13T08:48:59.384+0000] {dagbag.py:541} INFO - Filling up the DagBag from /home/airflow/.local/lib/python3.10/site-packages/airflow/example_dags/example_branch_labels.py
[2023-08-13T08:48:59.387+0000] {processor.py:836} INFO - DAG(s) dict_keys(['example_branch_labels']) retrieved from /home/airflow/.local/lib/python3.10/site-packages/airflow/example_dags/example_branch_labels.py
[2023-08-13T08:48:59.397+0000] {logging_mixin.py:149} INFO - [2023-08-13T08:48:59.397+0000] {dag.py:2726} INFO - Sync 1 DAGs
[2023-08-13T08:48:59.407+0000] {logging_mixin.py:149} INFO - [2023-08-13T08:48:59.407+0000] {dag.py:3486} INFO - Setting next_dagrun for example_branch_labels to 2023-08-12T00:00:00+00:00, run_after=2023-08-13T00:00:00+00:00
[2023-08-13T08:48:59.413+0000] {processor.py:179} INFO - Processing /home/airflow/.local/lib/python3.10/site-packages/airflow/example_dags/example_branch_labels.py took 0.032 seconds
[2023-08-13T08:49:29.820+0000] {processor.py:157} INFO - Started process (PID=3733) to work on /home/airflow/.local/lib/python3.10/site-packages/airflow/example_dags/example_branch_labels.py
[2023-08-13T08:49:29.820+0000] {processor.py:826} INFO - Processing file /home/airflow/.local/lib/python3.10/site-packages/airflow/example_dags/example_branch_labels.py for tasks to queue
[2023-08-13T08:49:29.820+0000] {logging_mixin.py:149} INFO - [2023-08-13T08:49:29.820+0000] {dagbag.py:541} INFO - Filling up the DagBag from /home/airflow/.local/lib/python3.10/site-packages/airflow/example_dags/example_branch_labels.py
[2023-08-13T08:49:29.823+0000] {processor.py:836} INFO - DAG(s) dict_keys(['example_branch_labels']) retrieved from /home/airflow/.local/lib/python3.10/site-packages/airflow/example_dags/example_branch_labels.py
[2023-08-13T08:49:29.834+0000] {logging_mixin.py:149} INFO - [2023-08-13T08:49:29.834+0000] {dag.py:2726} INFO - Sync 1 DAGs
[2023-08-13T08:49:29.844+0000] {logging_mixin.py:149} INFO - [2023-08-13T08:49:29.844+0000] {dag.py:3486} INFO - Setting next_dagrun for example_branch_labels to 2023-08-12T00:00:00+00:00, run_after=2023-08-13T00:00:00+00:00
[2023-08-13T08:49:29.851+0000] {processor.py:179} INFO - Processing /home/airflow/.local/lib/python3.10/site-packages/airflow/example_dags/example_branch_labels.py took 0.033 seconds
[2023-08-13T08:50:00.705+0000] {processor.py:157} INFO - Started process (PID=3810) to work on /home/airflow/.local/lib/python3.10/site-packages/airflow/example_dags/example_branch_labels.py
[2023-08-13T08:50:00.706+0000] {processor.py:826} INFO - Processing file /home/airflow/.local/lib/python3.10/site-packages/airflow/example_dags/example_branch_labels.py for tasks to queue
[2023-08-13T08:50:00.706+0000] {logging_mixin.py:149} INFO - [2023-08-13T08:50:00.706+0000] {dagbag.py:541} INFO - Filling up the DagBag from /home/airflow/.local/lib/python3.10/site-packages/airflow/example_dags/example_branch_labels.py
[2023-08-13T08:50:00.709+0000] {processor.py:836} INFO - DAG(s) dict_keys(['example_branch_labels']) retrieved from /home/airflow/.local/lib/python3.10/site-packages/airflow/example_dags/example_branch_labels.py
[2023-08-13T08:50:00.722+0000] {logging_mixin.py:149} INFO - [2023-08-13T08:50:00.722+0000] {dag.py:2726} INFO - Sync 1 DAGs
[2023-08-13T08:50:00.795+0000] {logging_mixin.py:149} INFO - [2023-08-13T08:50:00.795+0000] {dag.py:3486} INFO - Setting next_dagrun for example_branch_labels to 2023-08-12T00:00:00+00:00, run_after=2023-08-13T00:00:00+00:00
[2023-08-13T08:50:00.803+0000] {processor.py:179} INFO - Processing /home/airflow/.local/lib/python3.10/site-packages/airflow/example_dags/example_branch_labels.py took 0.099 seconds
[2023-08-13T08:50:30.920+0000] {processor.py:157} INFO - Started process (PID=3887) to work on /home/airflow/.local/lib/python3.10/site-packages/airflow/example_dags/example_branch_labels.py
[2023-08-13T08:50:30.920+0000] {processor.py:826} INFO - Processing file /home/airflow/.local/lib/python3.10/site-packages/airflow/example_dags/example_branch_labels.py for tasks to queue
[2023-08-13T08:50:30.920+0000] {logging_mixin.py:149} INFO - [2023-08-13T08:50:30.920+0000] {dagbag.py:541} INFO - Filling up the DagBag from /home/airflow/.local/lib/python3.10/site-packages/airflow/example_dags/example_branch_labels.py
[2023-08-13T08:50:30.923+0000] {processor.py:836} INFO - DAG(s) dict_keys(['example_branch_labels']) retrieved from /home/airflow/.local/lib/python3.10/site-packages/airflow/example_dags/example_branch_labels.py
[2023-08-13T08:50:30.935+0000] {logging_mixin.py:149} INFO - [2023-08-13T08:50:30.935+0000] {dag.py:2726} INFO - Sync 1 DAGs
[2023-08-13T08:50:30.945+0000] {logging_mixin.py:149} INFO - [2023-08-13T08:50:30.945+0000] {dag.py:3486} INFO - Setting next_dagrun for example_branch_labels to 2023-08-12T00:00:00+00:00, run_after=2023-08-13T00:00:00+00:00
[2023-08-13T08:50:31.011+0000] {processor.py:179} INFO - Processing /home/airflow/.local/lib/python3.10/site-packages/airflow/example_dags/example_branch_labels.py took 0.093 seconds
[2023-08-13T08:51:01.305+0000] {processor.py:157} INFO - Started process (PID=3964) to work on /home/airflow/.local/lib/python3.10/site-packages/airflow/example_dags/example_branch_labels.py
[2023-08-13T08:51:01.305+0000] {processor.py:826} INFO - Processing file /home/airflow/.local/lib/python3.10/site-packages/airflow/example_dags/example_branch_labels.py for tasks to queue
[2023-08-13T08:51:01.305+0000] {logging_mixin.py:149} INFO - [2023-08-13T08:51:01.305+0000] {dagbag.py:541} INFO - Filling up the DagBag from /home/airflow/.local/lib/python3.10/site-packages/airflow/example_dags/example_branch_labels.py
[2023-08-13T08:51:01.308+0000] {processor.py:836} INFO - DAG(s) dict_keys(['example_branch_labels']) retrieved from /home/airflow/.local/lib/python3.10/site-packages/airflow/example_dags/example_branch_labels.py
[2023-08-13T08:51:01.319+0000] {logging_mixin.py:149} INFO - [2023-08-13T08:51:01.319+0000] {dag.py:2726} INFO - Sync 1 DAGs
[2023-08-13T08:51:01.329+0000] {logging_mixin.py:149} INFO - [2023-08-13T08:51:01.329+0000] {dag.py:3486} INFO - Setting next_dagrun for example_branch_labels to 2023-08-12T00:00:00+00:00, run_after=2023-08-13T00:00:00+00:00
[2023-08-13T08:51:01.336+0000] {processor.py:179} INFO - Processing /home/airflow/.local/lib/python3.10/site-packages/airflow/example_dags/example_branch_labels.py took 0.033 seconds
[2023-08-13T08:51:31.667+0000] {processor.py:157} INFO - Started process (PID=4041) to work on /home/airflow/.local/lib/python3.10/site-packages/airflow/example_dags/example_branch_labels.py
[2023-08-13T08:51:31.667+0000] {processor.py:826} INFO - Processing file /home/airflow/.local/lib/python3.10/site-packages/airflow/example_dags/example_branch_labels.py for tasks to queue
[2023-08-13T08:51:31.668+0000] {logging_mixin.py:149} INFO - [2023-08-13T08:51:31.667+0000] {dagbag.py:541} INFO - Filling up the DagBag from /home/airflow/.local/lib/python3.10/site-packages/airflow/example_dags/example_branch_labels.py
[2023-08-13T08:51:31.671+0000] {processor.py:836} INFO - DAG(s) dict_keys(['example_branch_labels']) retrieved from /home/airflow/.local/lib/python3.10/site-packages/airflow/example_dags/example_branch_labels.py
[2023-08-13T08:51:31.681+0000] {logging_mixin.py:149} INFO - [2023-08-13T08:51:31.681+0000] {dag.py:2726} INFO - Sync 1 DAGs
[2023-08-13T08:51:31.691+0000] {logging_mixin.py:149} INFO - [2023-08-13T08:51:31.691+0000] {dag.py:3486} INFO - Setting next_dagrun for example_branch_labels to 2023-08-12T00:00:00+00:00, run_after=2023-08-13T00:00:00+00:00
[2023-08-13T08:51:31.698+0000] {processor.py:179} INFO - Processing /home/airflow/.local/lib/python3.10/site-packages/airflow/example_dags/example_branch_labels.py took 0.032 seconds
[2023-08-13T08:52:02.695+0000] {processor.py:157} INFO - Started process (PID=4118) to work on /home/airflow/.local/lib/python3.10/site-packages/airflow/example_dags/example_branch_labels.py
[2023-08-13T08:52:02.696+0000] {processor.py:826} INFO - Processing file /home/airflow/.local/lib/python3.10/site-packages/airflow/example_dags/example_branch_labels.py for tasks to queue
[2023-08-13T08:52:02.696+0000] {logging_mixin.py:149} INFO - [2023-08-13T08:52:02.696+0000] {dagbag.py:541} INFO - Filling up the DagBag from /home/airflow/.local/lib/python3.10/site-packages/airflow/example_dags/example_branch_labels.py
[2023-08-13T08:52:02.700+0000] {processor.py:836} INFO - DAG(s) dict_keys(['example_branch_labels']) retrieved from /home/airflow/.local/lib/python3.10/site-packages/airflow/example_dags/example_branch_labels.py
[2023-08-13T08:52:02.710+0000] {logging_mixin.py:149} INFO - [2023-08-13T08:52:02.710+0000] {dag.py:2726} INFO - Sync 1 DAGs
[2023-08-13T08:52:02.777+0000] {logging_mixin.py:149} INFO - [2023-08-13T08:52:02.777+0000] {dag.py:3486} INFO - Setting next_dagrun for example_branch_labels to 2023-08-12T00:00:00+00:00, run_after=2023-08-13T00:00:00+00:00
[2023-08-13T08:52:02.784+0000] {processor.py:179} INFO - Processing /home/airflow/.local/lib/python3.10/site-packages/airflow/example_dags/example_branch_labels.py took 0.090 seconds
[2023-08-13T08:52:32.934+0000] {processor.py:157} INFO - Started process (PID=4195) to work on /home/airflow/.local/lib/python3.10/site-packages/airflow/example_dags/example_branch_labels.py
[2023-08-13T08:52:32.934+0000] {processor.py:826} INFO - Processing file /home/airflow/.local/lib/python3.10/site-packages/airflow/example_dags/example_branch_labels.py for tasks to queue
[2023-08-13T08:52:32.935+0000] {logging_mixin.py:149} INFO - [2023-08-13T08:52:32.935+0000] {dagbag.py:541} INFO - Filling up the DagBag from /home/airflow/.local/lib/python3.10/site-packages/airflow/example_dags/example_branch_labels.py
[2023-08-13T08:52:32.938+0000] {processor.py:836} INFO - DAG(s) dict_keys(['example_branch_labels']) retrieved from /home/airflow/.local/lib/python3.10/site-packages/airflow/example_dags/example_branch_labels.py
[2023-08-13T08:52:32.949+0000] {logging_mixin.py:149} INFO - [2023-08-13T08:52:32.949+0000] {dag.py:2726} INFO - Sync 1 DAGs
[2023-08-13T08:52:32.959+0000] {logging_mixin.py:149} INFO - [2023-08-13T08:52:32.959+0000] {dag.py:3486} INFO - Setting next_dagrun for example_branch_labels to 2023-08-12T00:00:00+00:00, run_after=2023-08-13T00:00:00+00:00
[2023-08-13T08:52:32.967+0000] {processor.py:179} INFO - Processing /home/airflow/.local/lib/python3.10/site-packages/airflow/example_dags/example_branch_labels.py took 0.034 seconds
[2023-08-13T08:53:03.338+0000] {processor.py:157} INFO - Started process (PID=4271) to work on /home/airflow/.local/lib/python3.10/site-packages/airflow/example_dags/example_branch_labels.py
[2023-08-13T08:53:03.339+0000] {processor.py:826} INFO - Processing file /home/airflow/.local/lib/python3.10/site-packages/airflow/example_dags/example_branch_labels.py for tasks to queue
[2023-08-13T08:53:03.339+0000] {logging_mixin.py:149} INFO - [2023-08-13T08:53:03.339+0000] {dagbag.py:541} INFO - Filling up the DagBag from /home/airflow/.local/lib/python3.10/site-packages/airflow/example_dags/example_branch_labels.py
[2023-08-13T08:53:03.342+0000] {processor.py:836} INFO - DAG(s) dict_keys(['example_branch_labels']) retrieved from /home/airflow/.local/lib/python3.10/site-packages/airflow/example_dags/example_branch_labels.py
[2023-08-13T08:53:03.405+0000] {logging_mixin.py:149} INFO - [2023-08-13T08:53:03.404+0000] {dag.py:2726} INFO - Sync 1 DAGs
[2023-08-13T08:53:03.415+0000] {logging_mixin.py:149} INFO - [2023-08-13T08:53:03.415+0000] {dag.py:3486} INFO - Setting next_dagrun for example_branch_labels to 2023-08-12T00:00:00+00:00, run_after=2023-08-13T00:00:00+00:00
[2023-08-13T08:53:03.423+0000] {processor.py:179} INFO - Processing /home/airflow/.local/lib/python3.10/site-packages/airflow/example_dags/example_branch_labels.py took 0.087 seconds
[2023-08-13T08:53:34.417+0000] {processor.py:157} INFO - Started process (PID=4348) to work on /home/airflow/.local/lib/python3.10/site-packages/airflow/example_dags/example_branch_labels.py
[2023-08-13T08:53:34.418+0000] {processor.py:826} INFO - Processing file /home/airflow/.local/lib/python3.10/site-packages/airflow/example_dags/example_branch_labels.py for tasks to queue
[2023-08-13T08:53:34.418+0000] {logging_mixin.py:149} INFO - [2023-08-13T08:53:34.418+0000] {dagbag.py:541} INFO - Filling up the DagBag from /home/airflow/.local/lib/python3.10/site-packages/airflow/example_dags/example_branch_labels.py
[2023-08-13T08:53:34.421+0000] {processor.py:836} INFO - DAG(s) dict_keys(['example_branch_labels']) retrieved from /home/airflow/.local/lib/python3.10/site-packages/airflow/example_dags/example_branch_labels.py
[2023-08-13T08:53:34.433+0000] {logging_mixin.py:149} INFO - [2023-08-13T08:53:34.433+0000] {dag.py:2726} INFO - Sync 1 DAGs
[2023-08-13T08:53:34.503+0000] {logging_mixin.py:149} INFO - [2023-08-13T08:53:34.503+0000] {dag.py:3486} INFO - Setting next_dagrun for example_branch_labels to 2023-08-12T00:00:00+00:00, run_after=2023-08-13T00:00:00+00:00
[2023-08-13T08:53:34.510+0000] {processor.py:179} INFO - Processing /home/airflow/.local/lib/python3.10/site-packages/airflow/example_dags/example_branch_labels.py took 0.094 seconds
[2023-08-13T08:54:04.689+0000] {processor.py:157} INFO - Started process (PID=4424) to work on /home/airflow/.local/lib/python3.10/site-packages/airflow/example_dags/example_branch_labels.py
[2023-08-13T08:54:04.690+0000] {processor.py:826} INFO - Processing file /home/airflow/.local/lib/python3.10/site-packages/airflow/example_dags/example_branch_labels.py for tasks to queue
[2023-08-13T08:54:04.690+0000] {logging_mixin.py:149} INFO - [2023-08-13T08:54:04.690+0000] {dagbag.py:541} INFO - Filling up the DagBag from /home/airflow/.local/lib/python3.10/site-packages/airflow/example_dags/example_branch_labels.py
[2023-08-13T08:54:04.693+0000] {processor.py:836} INFO - DAG(s) dict_keys(['example_branch_labels']) retrieved from /home/airflow/.local/lib/python3.10/site-packages/airflow/example_dags/example_branch_labels.py
[2023-08-13T08:54:04.703+0000] {logging_mixin.py:149} INFO - [2023-08-13T08:54:04.703+0000] {dag.py:2726} INFO - Sync 1 DAGs
[2023-08-13T08:54:04.713+0000] {logging_mixin.py:149} INFO - [2023-08-13T08:54:04.713+0000] {dag.py:3486} INFO - Setting next_dagrun for example_branch_labels to 2023-08-12T00:00:00+00:00, run_after=2023-08-13T00:00:00+00:00
[2023-08-13T08:54:04.720+0000] {processor.py:179} INFO - Processing /home/airflow/.local/lib/python3.10/site-packages/airflow/example_dags/example_branch_labels.py took 0.032 seconds
[2023-08-13T08:54:34.944+0000] {processor.py:157} INFO - Started process (PID=4501) to work on /home/airflow/.local/lib/python3.10/site-packages/airflow/example_dags/example_branch_labels.py
[2023-08-13T08:54:34.945+0000] {processor.py:826} INFO - Processing file /home/airflow/.local/lib/python3.10/site-packages/airflow/example_dags/example_branch_labels.py for tasks to queue
[2023-08-13T08:54:34.945+0000] {logging_mixin.py:149} INFO - [2023-08-13T08:54:34.945+0000] {dagbag.py:541} INFO - Filling up the DagBag from /home/airflow/.local/lib/python3.10/site-packages/airflow/example_dags/example_branch_labels.py
[2023-08-13T08:54:34.948+0000] {processor.py:836} INFO - DAG(s) dict_keys(['example_branch_labels']) retrieved from /home/airflow/.local/lib/python3.10/site-packages/airflow/example_dags/example_branch_labels.py
[2023-08-13T08:54:34.958+0000] {logging_mixin.py:149} INFO - [2023-08-13T08:54:34.958+0000] {dag.py:2726} INFO - Sync 1 DAGs
[2023-08-13T08:54:34.968+0000] {logging_mixin.py:149} INFO - [2023-08-13T08:54:34.968+0000] {dag.py:3486} INFO - Setting next_dagrun for example_branch_labels to 2023-08-12T00:00:00+00:00, run_after=2023-08-13T00:00:00+00:00
[2023-08-13T08:54:34.975+0000] {processor.py:179} INFO - Processing /home/airflow/.local/lib/python3.10/site-packages/airflow/example_dags/example_branch_labels.py took 0.032 seconds
[2023-08-13T08:55:05.183+0000] {processor.py:157} INFO - Started process (PID=4578) to work on /home/airflow/.local/lib/python3.10/site-packages/airflow/example_dags/example_branch_labels.py
[2023-08-13T08:55:05.183+0000] {processor.py:826} INFO - Processing file /home/airflow/.local/lib/python3.10/site-packages/airflow/example_dags/example_branch_labels.py for tasks to queue
[2023-08-13T08:55:05.183+0000] {logging_mixin.py:149} INFO - [2023-08-13T08:55:05.183+0000] {dagbag.py:541} INFO - Filling up the DagBag from /home/airflow/.local/lib/python3.10/site-packages/airflow/example_dags/example_branch_labels.py
[2023-08-13T08:55:05.186+0000] {processor.py:836} INFO - DAG(s) dict_keys(['example_branch_labels']) retrieved from /home/airflow/.local/lib/python3.10/site-packages/airflow/example_dags/example_branch_labels.py
[2023-08-13T08:55:05.197+0000] {logging_mixin.py:149} INFO - [2023-08-13T08:55:05.197+0000] {dag.py:2726} INFO - Sync 1 DAGs
[2023-08-13T08:55:05.207+0000] {logging_mixin.py:149} INFO - [2023-08-13T08:55:05.207+0000] {dag.py:3486} INFO - Setting next_dagrun for example_branch_labels to 2023-08-12T00:00:00+00:00, run_after=2023-08-13T00:00:00+00:00
[2023-08-13T08:55:05.214+0000] {processor.py:179} INFO - Processing /home/airflow/.local/lib/python3.10/site-packages/airflow/example_dags/example_branch_labels.py took 0.032 seconds
