[2023-08-13T14:54:34.386+0000] {processor.py:157} INFO - Started process (PID=61) to work on /home/airflow/.local/lib/python3.10/site-packages/airflow/example_dags/example_params_ui_tutorial.py
[2023-08-13T14:54:34.387+0000] {processor.py:826} INFO - Processing file /home/airflow/.local/lib/python3.10/site-packages/airflow/example_dags/example_params_ui_tutorial.py for tasks to queue
[2023-08-13T14:54:34.387+0000] {logging_mixin.py:149} INFO - [2023-08-13T14:54:34.387+0000] {dagbag.py:541} INFO - Filling up the DagBag from /home/airflow/.local/lib/python3.10/site-packages/airflow/example_dags/example_params_ui_tutorial.py
[2023-08-13T14:54:34.407+0000] {processor.py:836} INFO - DAG(s) dict_keys(['example_params_ui_tutorial']) retrieved from /home/airflow/.local/lib/python3.10/site-packages/airflow/example_dags/example_params_ui_tutorial.py
[2023-08-13T14:54:34.413+0000] {logging_mixin.py:149} INFO - [2023-08-13T14:54:34.413+0000] {dag.py:2726} INFO - Sync 1 DAGs
[2023-08-13T14:54:34.423+0000] {logging_mixin.py:149} INFO - [2023-08-13T14:54:34.423+0000] {dag.py:3486} INFO - Setting next_dagrun for example_params_ui_tutorial to None, run_after=None
[2023-08-13T14:54:34.431+0000] {processor.py:179} INFO - Processing /home/airflow/.local/lib/python3.10/site-packages/airflow/example_dags/example_params_ui_tutorial.py took 0.046 seconds
[2023-08-13T14:55:04.583+0000] {processor.py:157} INFO - Started process (PID=137) to work on /home/airflow/.local/lib/python3.10/site-packages/airflow/example_dags/example_params_ui_tutorial.py
[2023-08-13T14:55:04.584+0000] {processor.py:826} INFO - Processing file /home/airflow/.local/lib/python3.10/site-packages/airflow/example_dags/example_params_ui_tutorial.py for tasks to queue
[2023-08-13T14:55:04.584+0000] {logging_mixin.py:149} INFO - [2023-08-13T14:55:04.584+0000] {dagbag.py:541} INFO - Filling up the DagBag from /home/airflow/.local/lib/python3.10/site-packages/airflow/example_dags/example_params_ui_tutorial.py
[2023-08-13T14:55:04.603+0000] {processor.py:836} INFO - DAG(s) dict_keys(['example_params_ui_tutorial']) retrieved from /home/airflow/.local/lib/python3.10/site-packages/airflow/example_dags/example_params_ui_tutorial.py
[2023-08-13T14:55:04.633+0000] {logging_mixin.py:149} INFO - [2023-08-13T14:55:04.633+0000] {dag.py:2726} INFO - Sync 1 DAGs
[2023-08-13T14:55:04.642+0000] {logging_mixin.py:149} INFO - [2023-08-13T14:55:04.642+0000] {dag.py:3486} INFO - Setting next_dagrun for example_params_ui_tutorial to None, run_after=None
[2023-08-13T14:55:04.651+0000] {processor.py:179} INFO - Processing /home/airflow/.local/lib/python3.10/site-packages/airflow/example_dags/example_params_ui_tutorial.py took 0.068 seconds
[2023-08-13T14:55:34.934+0000] {processor.py:157} INFO - Started process (PID=214) to work on /home/airflow/.local/lib/python3.10/site-packages/airflow/example_dags/example_params_ui_tutorial.py
[2023-08-13T14:55:34.935+0000] {processor.py:826} INFO - Processing file /home/airflow/.local/lib/python3.10/site-packages/airflow/example_dags/example_params_ui_tutorial.py for tasks to queue
[2023-08-13T14:55:34.935+0000] {logging_mixin.py:149} INFO - [2023-08-13T14:55:34.935+0000] {dagbag.py:541} INFO - Filling up the DagBag from /home/airflow/.local/lib/python3.10/site-packages/airflow/example_dags/example_params_ui_tutorial.py
[2023-08-13T14:55:34.954+0000] {processor.py:836} INFO - DAG(s) dict_keys(['example_params_ui_tutorial']) retrieved from /home/airflow/.local/lib/python3.10/site-packages/airflow/example_dags/example_params_ui_tutorial.py
[2023-08-13T14:55:34.983+0000] {logging_mixin.py:149} INFO - [2023-08-13T14:55:34.983+0000] {dag.py:2726} INFO - Sync 1 DAGs
[2023-08-13T14:55:34.993+0000] {logging_mixin.py:149} INFO - [2023-08-13T14:55:34.993+0000] {dag.py:3486} INFO - Setting next_dagrun for example_params_ui_tutorial to None, run_after=None
[2023-08-13T14:55:35.000+0000] {processor.py:179} INFO - Processing /home/airflow/.local/lib/python3.10/site-packages/airflow/example_dags/example_params_ui_tutorial.py took 0.067 seconds
[2023-08-13T14:56:05.345+0000] {processor.py:157} INFO - Started process (PID=291) to work on /home/airflow/.local/lib/python3.10/site-packages/airflow/example_dags/example_params_ui_tutorial.py
[2023-08-13T14:56:05.346+0000] {processor.py:826} INFO - Processing file /home/airflow/.local/lib/python3.10/site-packages/airflow/example_dags/example_params_ui_tutorial.py for tasks to queue
[2023-08-13T14:56:05.346+0000] {logging_mixin.py:149} INFO - [2023-08-13T14:56:05.346+0000] {dagbag.py:541} INFO - Filling up the DagBag from /home/airflow/.local/lib/python3.10/site-packages/airflow/example_dags/example_params_ui_tutorial.py
[2023-08-13T14:56:05.365+0000] {processor.py:836} INFO - DAG(s) dict_keys(['example_params_ui_tutorial']) retrieved from /home/airflow/.local/lib/python3.10/site-packages/airflow/example_dags/example_params_ui_tutorial.py
[2023-08-13T14:56:05.395+0000] {logging_mixin.py:149} INFO - [2023-08-13T14:56:05.394+0000] {dag.py:2726} INFO - Sync 1 DAGs
[2023-08-13T14:56:05.404+0000] {logging_mixin.py:149} INFO - [2023-08-13T14:56:05.404+0000] {dag.py:3486} INFO - Setting next_dagrun for example_params_ui_tutorial to None, run_after=None
[2023-08-13T14:56:05.411+0000] {processor.py:179} INFO - Processing /home/airflow/.local/lib/python3.10/site-packages/airflow/example_dags/example_params_ui_tutorial.py took 0.067 seconds
[2023-08-13T14:56:35.707+0000] {processor.py:157} INFO - Started process (PID=372) to work on /home/airflow/.local/lib/python3.10/site-packages/airflow/example_dags/example_params_ui_tutorial.py
[2023-08-13T14:56:35.708+0000] {processor.py:826} INFO - Processing file /home/airflow/.local/lib/python3.10/site-packages/airflow/example_dags/example_params_ui_tutorial.py for tasks to queue
[2023-08-13T14:56:35.708+0000] {logging_mixin.py:149} INFO - [2023-08-13T14:56:35.708+0000] {dagbag.py:541} INFO - Filling up the DagBag from /home/airflow/.local/lib/python3.10/site-packages/airflow/example_dags/example_params_ui_tutorial.py
[2023-08-13T14:56:35.727+0000] {processor.py:836} INFO - DAG(s) dict_keys(['example_params_ui_tutorial']) retrieved from /home/airflow/.local/lib/python3.10/site-packages/airflow/example_dags/example_params_ui_tutorial.py
[2023-08-13T14:56:35.756+0000] {logging_mixin.py:149} INFO - [2023-08-13T14:56:35.756+0000] {dag.py:2726} INFO - Sync 1 DAGs
[2023-08-13T14:56:35.766+0000] {logging_mixin.py:149} INFO - [2023-08-13T14:56:35.766+0000] {dag.py:3486} INFO - Setting next_dagrun for example_params_ui_tutorial to None, run_after=None
[2023-08-13T14:56:35.773+0000] {processor.py:179} INFO - Processing /home/airflow/.local/lib/python3.10/site-packages/airflow/example_dags/example_params_ui_tutorial.py took 0.067 seconds
[2023-08-13T14:57:06.040+0000] {processor.py:157} INFO - Started process (PID=449) to work on /home/airflow/.local/lib/python3.10/site-packages/airflow/example_dags/example_params_ui_tutorial.py
[2023-08-13T14:57:06.041+0000] {processor.py:826} INFO - Processing file /home/airflow/.local/lib/python3.10/site-packages/airflow/example_dags/example_params_ui_tutorial.py for tasks to queue
[2023-08-13T14:57:06.041+0000] {logging_mixin.py:149} INFO - [2023-08-13T14:57:06.041+0000] {dagbag.py:541} INFO - Filling up the DagBag from /home/airflow/.local/lib/python3.10/site-packages/airflow/example_dags/example_params_ui_tutorial.py
[2023-08-13T14:57:06.060+0000] {processor.py:836} INFO - DAG(s) dict_keys(['example_params_ui_tutorial']) retrieved from /home/airflow/.local/lib/python3.10/site-packages/airflow/example_dags/example_params_ui_tutorial.py
[2023-08-13T14:57:06.090+0000] {logging_mixin.py:149} INFO - [2023-08-13T14:57:06.089+0000] {dag.py:2726} INFO - Sync 1 DAGs
[2023-08-13T14:57:06.099+0000] {logging_mixin.py:149} INFO - [2023-08-13T14:57:06.099+0000] {dag.py:3486} INFO - Setting next_dagrun for example_params_ui_tutorial to None, run_after=None
[2023-08-13T14:57:06.106+0000] {processor.py:179} INFO - Processing /home/airflow/.local/lib/python3.10/site-packages/airflow/example_dags/example_params_ui_tutorial.py took 0.067 seconds
[2023-08-13T14:57:36.428+0000] {processor.py:157} INFO - Started process (PID=527) to work on /home/airflow/.local/lib/python3.10/site-packages/airflow/example_dags/example_params_ui_tutorial.py
[2023-08-13T14:57:36.428+0000] {processor.py:826} INFO - Processing file /home/airflow/.local/lib/python3.10/site-packages/airflow/example_dags/example_params_ui_tutorial.py for tasks to queue
[2023-08-13T14:57:36.428+0000] {logging_mixin.py:149} INFO - [2023-08-13T14:57:36.428+0000] {dagbag.py:541} INFO - Filling up the DagBag from /home/airflow/.local/lib/python3.10/site-packages/airflow/example_dags/example_params_ui_tutorial.py
[2023-08-13T14:57:36.447+0000] {processor.py:836} INFO - DAG(s) dict_keys(['example_params_ui_tutorial']) retrieved from /home/airflow/.local/lib/python3.10/site-packages/airflow/example_dags/example_params_ui_tutorial.py
[2023-08-13T14:57:36.477+0000] {logging_mixin.py:149} INFO - [2023-08-13T14:57:36.477+0000] {dag.py:2726} INFO - Sync 1 DAGs
[2023-08-13T14:57:36.487+0000] {logging_mixin.py:149} INFO - [2023-08-13T14:57:36.487+0000] {dag.py:3486} INFO - Setting next_dagrun for example_params_ui_tutorial to None, run_after=None
[2023-08-13T14:57:36.494+0000] {processor.py:179} INFO - Processing /home/airflow/.local/lib/python3.10/site-packages/airflow/example_dags/example_params_ui_tutorial.py took 0.068 seconds
[2023-08-13T14:58:06.752+0000] {processor.py:157} INFO - Started process (PID=604) to work on /home/airflow/.local/lib/python3.10/site-packages/airflow/example_dags/example_params_ui_tutorial.py
[2023-08-13T14:58:06.752+0000] {processor.py:826} INFO - Processing file /home/airflow/.local/lib/python3.10/site-packages/airflow/example_dags/example_params_ui_tutorial.py for tasks to queue
[2023-08-13T14:58:06.753+0000] {logging_mixin.py:149} INFO - [2023-08-13T14:58:06.753+0000] {dagbag.py:541} INFO - Filling up the DagBag from /home/airflow/.local/lib/python3.10/site-packages/airflow/example_dags/example_params_ui_tutorial.py
[2023-08-13T14:58:06.772+0000] {processor.py:836} INFO - DAG(s) dict_keys(['example_params_ui_tutorial']) retrieved from /home/airflow/.local/lib/python3.10/site-packages/airflow/example_dags/example_params_ui_tutorial.py
[2023-08-13T14:58:06.802+0000] {logging_mixin.py:149} INFO - [2023-08-13T14:58:06.801+0000] {dag.py:2726} INFO - Sync 1 DAGs
[2023-08-13T14:58:06.812+0000] {logging_mixin.py:149} INFO - [2023-08-13T14:58:06.812+0000] {dag.py:3486} INFO - Setting next_dagrun for example_params_ui_tutorial to None, run_after=None
[2023-08-13T14:58:06.819+0000] {processor.py:179} INFO - Processing /home/airflow/.local/lib/python3.10/site-packages/airflow/example_dags/example_params_ui_tutorial.py took 0.069 seconds
[2023-08-13T14:58:36.956+0000] {processor.py:157} INFO - Started process (PID=680) to work on /home/airflow/.local/lib/python3.10/site-packages/airflow/example_dags/example_params_ui_tutorial.py
[2023-08-13T14:58:36.957+0000] {processor.py:826} INFO - Processing file /home/airflow/.local/lib/python3.10/site-packages/airflow/example_dags/example_params_ui_tutorial.py for tasks to queue
[2023-08-13T14:58:36.957+0000] {logging_mixin.py:149} INFO - [2023-08-13T14:58:36.957+0000] {dagbag.py:541} INFO - Filling up the DagBag from /home/airflow/.local/lib/python3.10/site-packages/airflow/example_dags/example_params_ui_tutorial.py
[2023-08-13T14:58:36.977+0000] {processor.py:836} INFO - DAG(s) dict_keys(['example_params_ui_tutorial']) retrieved from /home/airflow/.local/lib/python3.10/site-packages/airflow/example_dags/example_params_ui_tutorial.py
[2023-08-13T14:58:37.008+0000] {logging_mixin.py:149} INFO - [2023-08-13T14:58:37.008+0000] {dag.py:2726} INFO - Sync 1 DAGs
[2023-08-13T14:58:37.018+0000] {logging_mixin.py:149} INFO - [2023-08-13T14:58:37.018+0000] {dag.py:3486} INFO - Setting next_dagrun for example_params_ui_tutorial to None, run_after=None
[2023-08-13T14:58:37.025+0000] {processor.py:179} INFO - Processing /home/airflow/.local/lib/python3.10/site-packages/airflow/example_dags/example_params_ui_tutorial.py took 0.070 seconds
[2023-08-13T14:59:07.273+0000] {processor.py:157} INFO - Started process (PID=757) to work on /home/airflow/.local/lib/python3.10/site-packages/airflow/example_dags/example_params_ui_tutorial.py
[2023-08-13T14:59:07.273+0000] {processor.py:826} INFO - Processing file /home/airflow/.local/lib/python3.10/site-packages/airflow/example_dags/example_params_ui_tutorial.py for tasks to queue
[2023-08-13T14:59:07.273+0000] {logging_mixin.py:149} INFO - [2023-08-13T14:59:07.273+0000] {dagbag.py:541} INFO - Filling up the DagBag from /home/airflow/.local/lib/python3.10/site-packages/airflow/example_dags/example_params_ui_tutorial.py
[2023-08-13T14:59:07.293+0000] {processor.py:836} INFO - DAG(s) dict_keys(['example_params_ui_tutorial']) retrieved from /home/airflow/.local/lib/python3.10/site-packages/airflow/example_dags/example_params_ui_tutorial.py
[2023-08-13T14:59:07.322+0000] {logging_mixin.py:149} INFO - [2023-08-13T14:59:07.322+0000] {dag.py:2726} INFO - Sync 1 DAGs
[2023-08-13T14:59:07.332+0000] {logging_mixin.py:149} INFO - [2023-08-13T14:59:07.332+0000] {dag.py:3486} INFO - Setting next_dagrun for example_params_ui_tutorial to None, run_after=None
[2023-08-13T14:59:07.339+0000] {processor.py:179} INFO - Processing /home/airflow/.local/lib/python3.10/site-packages/airflow/example_dags/example_params_ui_tutorial.py took 0.067 seconds
[2023-08-13T14:59:37.583+0000] {processor.py:157} INFO - Started process (PID=833) to work on /home/airflow/.local/lib/python3.10/site-packages/airflow/example_dags/example_params_ui_tutorial.py
[2023-08-13T14:59:37.583+0000] {processor.py:826} INFO - Processing file /home/airflow/.local/lib/python3.10/site-packages/airflow/example_dags/example_params_ui_tutorial.py for tasks to queue
[2023-08-13T14:59:37.583+0000] {logging_mixin.py:149} INFO - [2023-08-13T14:59:37.583+0000] {dagbag.py:541} INFO - Filling up the DagBag from /home/airflow/.local/lib/python3.10/site-packages/airflow/example_dags/example_params_ui_tutorial.py
[2023-08-13T14:59:37.603+0000] {processor.py:836} INFO - DAG(s) dict_keys(['example_params_ui_tutorial']) retrieved from /home/airflow/.local/lib/python3.10/site-packages/airflow/example_dags/example_params_ui_tutorial.py
[2023-08-13T14:59:37.632+0000] {logging_mixin.py:149} INFO - [2023-08-13T14:59:37.632+0000] {dag.py:2726} INFO - Sync 1 DAGs
[2023-08-13T14:59:37.642+0000] {logging_mixin.py:149} INFO - [2023-08-13T14:59:37.642+0000] {dag.py:3486} INFO - Setting next_dagrun for example_params_ui_tutorial to None, run_after=None
[2023-08-13T14:59:37.649+0000] {processor.py:179} INFO - Processing /home/airflow/.local/lib/python3.10/site-packages/airflow/example_dags/example_params_ui_tutorial.py took 0.067 seconds
[2023-08-13T15:00:07.967+0000] {processor.py:157} INFO - Started process (PID=910) to work on /home/airflow/.local/lib/python3.10/site-packages/airflow/example_dags/example_params_ui_tutorial.py
[2023-08-13T15:00:07.968+0000] {processor.py:826} INFO - Processing file /home/airflow/.local/lib/python3.10/site-packages/airflow/example_dags/example_params_ui_tutorial.py for tasks to queue
[2023-08-13T15:00:07.968+0000] {logging_mixin.py:149} INFO - [2023-08-13T15:00:07.968+0000] {dagbag.py:541} INFO - Filling up the DagBag from /home/airflow/.local/lib/python3.10/site-packages/airflow/example_dags/example_params_ui_tutorial.py
[2023-08-13T15:00:07.988+0000] {processor.py:836} INFO - DAG(s) dict_keys(['example_params_ui_tutorial']) retrieved from /home/airflow/.local/lib/python3.10/site-packages/airflow/example_dags/example_params_ui_tutorial.py
[2023-08-13T15:00:08.018+0000] {logging_mixin.py:149} INFO - [2023-08-13T15:00:08.018+0000] {dag.py:2726} INFO - Sync 1 DAGs
[2023-08-13T15:00:08.028+0000] {logging_mixin.py:149} INFO - [2023-08-13T15:00:08.028+0000] {dag.py:3486} INFO - Setting next_dagrun for example_params_ui_tutorial to None, run_after=None
[2023-08-13T15:00:08.036+0000] {processor.py:179} INFO - Processing /home/airflow/.local/lib/python3.10/site-packages/airflow/example_dags/example_params_ui_tutorial.py took 0.070 seconds
[2023-08-13T15:00:38.394+0000] {processor.py:157} INFO - Started process (PID=986) to work on /home/airflow/.local/lib/python3.10/site-packages/airflow/example_dags/example_params_ui_tutorial.py
[2023-08-13T15:00:38.394+0000] {processor.py:826} INFO - Processing file /home/airflow/.local/lib/python3.10/site-packages/airflow/example_dags/example_params_ui_tutorial.py for tasks to queue
[2023-08-13T15:00:38.395+0000] {logging_mixin.py:149} INFO - [2023-08-13T15:00:38.395+0000] {dagbag.py:541} INFO - Filling up the DagBag from /home/airflow/.local/lib/python3.10/site-packages/airflow/example_dags/example_params_ui_tutorial.py
[2023-08-13T15:00:38.415+0000] {processor.py:836} INFO - DAG(s) dict_keys(['example_params_ui_tutorial']) retrieved from /home/airflow/.local/lib/python3.10/site-packages/airflow/example_dags/example_params_ui_tutorial.py
[2023-08-13T15:00:38.444+0000] {logging_mixin.py:149} INFO - [2023-08-13T15:00:38.444+0000] {dag.py:2726} INFO - Sync 1 DAGs
[2023-08-13T15:00:38.454+0000] {logging_mixin.py:149} INFO - [2023-08-13T15:00:38.453+0000] {dag.py:3486} INFO - Setting next_dagrun for example_params_ui_tutorial to None, run_after=None
[2023-08-13T15:00:38.460+0000] {processor.py:179} INFO - Processing /home/airflow/.local/lib/python3.10/site-packages/airflow/example_dags/example_params_ui_tutorial.py took 0.068 seconds
[2023-08-13T15:01:08.695+0000] {processor.py:157} INFO - Started process (PID=1063) to work on /home/airflow/.local/lib/python3.10/site-packages/airflow/example_dags/example_params_ui_tutorial.py
[2023-08-13T15:01:08.696+0000] {processor.py:826} INFO - Processing file /home/airflow/.local/lib/python3.10/site-packages/airflow/example_dags/example_params_ui_tutorial.py for tasks to queue
[2023-08-13T15:01:08.696+0000] {logging_mixin.py:149} INFO - [2023-08-13T15:01:08.696+0000] {dagbag.py:541} INFO - Filling up the DagBag from /home/airflow/.local/lib/python3.10/site-packages/airflow/example_dags/example_params_ui_tutorial.py
[2023-08-13T15:01:08.715+0000] {processor.py:836} INFO - DAG(s) dict_keys(['example_params_ui_tutorial']) retrieved from /home/airflow/.local/lib/python3.10/site-packages/airflow/example_dags/example_params_ui_tutorial.py
[2023-08-13T15:01:08.745+0000] {logging_mixin.py:149} INFO - [2023-08-13T15:01:08.745+0000] {dag.py:2726} INFO - Sync 1 DAGs
[2023-08-13T15:01:08.755+0000] {logging_mixin.py:149} INFO - [2023-08-13T15:01:08.755+0000] {dag.py:3486} INFO - Setting next_dagrun for example_params_ui_tutorial to None, run_after=None
[2023-08-13T15:01:08.762+0000] {processor.py:179} INFO - Processing /home/airflow/.local/lib/python3.10/site-packages/airflow/example_dags/example_params_ui_tutorial.py took 0.068 seconds
[2023-08-13T15:01:38.998+0000] {processor.py:157} INFO - Started process (PID=1140) to work on /home/airflow/.local/lib/python3.10/site-packages/airflow/example_dags/example_params_ui_tutorial.py
[2023-08-13T15:01:38.999+0000] {processor.py:826} INFO - Processing file /home/airflow/.local/lib/python3.10/site-packages/airflow/example_dags/example_params_ui_tutorial.py for tasks to queue
[2023-08-13T15:01:38.999+0000] {logging_mixin.py:149} INFO - [2023-08-13T15:01:38.999+0000] {dagbag.py:541} INFO - Filling up the DagBag from /home/airflow/.local/lib/python3.10/site-packages/airflow/example_dags/example_params_ui_tutorial.py
[2023-08-13T15:01:39.018+0000] {processor.py:836} INFO - DAG(s) dict_keys(['example_params_ui_tutorial']) retrieved from /home/airflow/.local/lib/python3.10/site-packages/airflow/example_dags/example_params_ui_tutorial.py
[2023-08-13T15:01:39.047+0000] {logging_mixin.py:149} INFO - [2023-08-13T15:01:39.047+0000] {dag.py:2726} INFO - Sync 1 DAGs
[2023-08-13T15:01:39.058+0000] {logging_mixin.py:149} INFO - [2023-08-13T15:01:39.058+0000] {dag.py:3486} INFO - Setting next_dagrun for example_params_ui_tutorial to None, run_after=None
[2023-08-13T15:01:39.066+0000] {processor.py:179} INFO - Processing /home/airflow/.local/lib/python3.10/site-packages/airflow/example_dags/example_params_ui_tutorial.py took 0.069 seconds
[2023-08-13T15:02:09.297+0000] {processor.py:157} INFO - Started process (PID=1217) to work on /home/airflow/.local/lib/python3.10/site-packages/airflow/example_dags/example_params_ui_tutorial.py
[2023-08-13T15:02:09.298+0000] {processor.py:826} INFO - Processing file /home/airflow/.local/lib/python3.10/site-packages/airflow/example_dags/example_params_ui_tutorial.py for tasks to queue
[2023-08-13T15:02:09.298+0000] {logging_mixin.py:149} INFO - [2023-08-13T15:02:09.298+0000] {dagbag.py:541} INFO - Filling up the DagBag from /home/airflow/.local/lib/python3.10/site-packages/airflow/example_dags/example_params_ui_tutorial.py
[2023-08-13T15:02:09.317+0000] {processor.py:836} INFO - DAG(s) dict_keys(['example_params_ui_tutorial']) retrieved from /home/airflow/.local/lib/python3.10/site-packages/airflow/example_dags/example_params_ui_tutorial.py
[2023-08-13T15:02:09.347+0000] {logging_mixin.py:149} INFO - [2023-08-13T15:02:09.347+0000] {dag.py:2726} INFO - Sync 1 DAGs
[2023-08-13T15:02:09.356+0000] {logging_mixin.py:149} INFO - [2023-08-13T15:02:09.356+0000] {dag.py:3486} INFO - Setting next_dagrun for example_params_ui_tutorial to None, run_after=None
[2023-08-13T15:02:09.363+0000] {processor.py:179} INFO - Processing /home/airflow/.local/lib/python3.10/site-packages/airflow/example_dags/example_params_ui_tutorial.py took 0.067 seconds
[2023-08-13T15:02:39.743+0000] {processor.py:157} INFO - Started process (PID=1295) to work on /home/airflow/.local/lib/python3.10/site-packages/airflow/example_dags/example_params_ui_tutorial.py
[2023-08-13T15:02:39.743+0000] {processor.py:826} INFO - Processing file /home/airflow/.local/lib/python3.10/site-packages/airflow/example_dags/example_params_ui_tutorial.py for tasks to queue
[2023-08-13T15:02:39.744+0000] {logging_mixin.py:149} INFO - [2023-08-13T15:02:39.744+0000] {dagbag.py:541} INFO - Filling up the DagBag from /home/airflow/.local/lib/python3.10/site-packages/airflow/example_dags/example_params_ui_tutorial.py
[2023-08-13T15:02:39.763+0000] {processor.py:836} INFO - DAG(s) dict_keys(['example_params_ui_tutorial']) retrieved from /home/airflow/.local/lib/python3.10/site-packages/airflow/example_dags/example_params_ui_tutorial.py
[2023-08-13T15:02:39.793+0000] {logging_mixin.py:149} INFO - [2023-08-13T15:02:39.793+0000] {dag.py:2726} INFO - Sync 1 DAGs
[2023-08-13T15:02:39.803+0000] {logging_mixin.py:149} INFO - [2023-08-13T15:02:39.803+0000] {dag.py:3486} INFO - Setting next_dagrun for example_params_ui_tutorial to None, run_after=None
[2023-08-13T15:02:39.810+0000] {processor.py:179} INFO - Processing /home/airflow/.local/lib/python3.10/site-packages/airflow/example_dags/example_params_ui_tutorial.py took 0.069 seconds
[2023-08-13T15:03:10.004+0000] {processor.py:157} INFO - Started process (PID=1372) to work on /home/airflow/.local/lib/python3.10/site-packages/airflow/example_dags/example_params_ui_tutorial.py
[2023-08-13T15:03:10.004+0000] {processor.py:826} INFO - Processing file /home/airflow/.local/lib/python3.10/site-packages/airflow/example_dags/example_params_ui_tutorial.py for tasks to queue
[2023-08-13T15:03:10.005+0000] {logging_mixin.py:149} INFO - [2023-08-13T15:03:10.005+0000] {dagbag.py:541} INFO - Filling up the DagBag from /home/airflow/.local/lib/python3.10/site-packages/airflow/example_dags/example_params_ui_tutorial.py
[2023-08-13T15:03:10.024+0000] {processor.py:836} INFO - DAG(s) dict_keys(['example_params_ui_tutorial']) retrieved from /home/airflow/.local/lib/python3.10/site-packages/airflow/example_dags/example_params_ui_tutorial.py
[2023-08-13T15:03:10.054+0000] {logging_mixin.py:149} INFO - [2023-08-13T15:03:10.054+0000] {dag.py:2726} INFO - Sync 1 DAGs
[2023-08-13T15:03:10.064+0000] {logging_mixin.py:149} INFO - [2023-08-13T15:03:10.063+0000] {dag.py:3486} INFO - Setting next_dagrun for example_params_ui_tutorial to None, run_after=None
[2023-08-13T15:03:10.071+0000] {processor.py:179} INFO - Processing /home/airflow/.local/lib/python3.10/site-packages/airflow/example_dags/example_params_ui_tutorial.py took 0.068 seconds
[2023-08-13T15:03:40.257+0000] {processor.py:157} INFO - Started process (PID=1448) to work on /home/airflow/.local/lib/python3.10/site-packages/airflow/example_dags/example_params_ui_tutorial.py
[2023-08-13T15:03:40.257+0000] {processor.py:826} INFO - Processing file /home/airflow/.local/lib/python3.10/site-packages/airflow/example_dags/example_params_ui_tutorial.py for tasks to queue
[2023-08-13T15:03:40.257+0000] {logging_mixin.py:149} INFO - [2023-08-13T15:03:40.257+0000] {dagbag.py:541} INFO - Filling up the DagBag from /home/airflow/.local/lib/python3.10/site-packages/airflow/example_dags/example_params_ui_tutorial.py
[2023-08-13T15:03:40.277+0000] {processor.py:836} INFO - DAG(s) dict_keys(['example_params_ui_tutorial']) retrieved from /home/airflow/.local/lib/python3.10/site-packages/airflow/example_dags/example_params_ui_tutorial.py
[2023-08-13T15:03:40.306+0000] {logging_mixin.py:149} INFO - [2023-08-13T15:03:40.306+0000] {dag.py:2726} INFO - Sync 1 DAGs
[2023-08-13T15:03:40.316+0000] {logging_mixin.py:149} INFO - [2023-08-13T15:03:40.316+0000] {dag.py:3486} INFO - Setting next_dagrun for example_params_ui_tutorial to None, run_after=None
[2023-08-13T15:03:40.323+0000] {processor.py:179} INFO - Processing /home/airflow/.local/lib/python3.10/site-packages/airflow/example_dags/example_params_ui_tutorial.py took 0.068 seconds
[2023-08-13T15:04:10.550+0000] {processor.py:157} INFO - Started process (PID=1525) to work on /home/airflow/.local/lib/python3.10/site-packages/airflow/example_dags/example_params_ui_tutorial.py
[2023-08-13T15:04:10.551+0000] {processor.py:826} INFO - Processing file /home/airflow/.local/lib/python3.10/site-packages/airflow/example_dags/example_params_ui_tutorial.py for tasks to queue
[2023-08-13T15:04:10.551+0000] {logging_mixin.py:149} INFO - [2023-08-13T15:04:10.551+0000] {dagbag.py:541} INFO - Filling up the DagBag from /home/airflow/.local/lib/python3.10/site-packages/airflow/example_dags/example_params_ui_tutorial.py
[2023-08-13T15:04:10.570+0000] {processor.py:836} INFO - DAG(s) dict_keys(['example_params_ui_tutorial']) retrieved from /home/airflow/.local/lib/python3.10/site-packages/airflow/example_dags/example_params_ui_tutorial.py
[2023-08-13T15:04:10.599+0000] {logging_mixin.py:149} INFO - [2023-08-13T15:04:10.599+0000] {dag.py:2726} INFO - Sync 1 DAGs
[2023-08-13T15:04:10.609+0000] {logging_mixin.py:149} INFO - [2023-08-13T15:04:10.609+0000] {dag.py:3486} INFO - Setting next_dagrun for example_params_ui_tutorial to None, run_after=None
[2023-08-13T15:04:10.616+0000] {processor.py:179} INFO - Processing /home/airflow/.local/lib/python3.10/site-packages/airflow/example_dags/example_params_ui_tutorial.py took 0.067 seconds
[2023-08-13T15:04:40.829+0000] {processor.py:157} INFO - Started process (PID=1603) to work on /home/airflow/.local/lib/python3.10/site-packages/airflow/example_dags/example_params_ui_tutorial.py
[2023-08-13T15:04:40.830+0000] {processor.py:826} INFO - Processing file /home/airflow/.local/lib/python3.10/site-packages/airflow/example_dags/example_params_ui_tutorial.py for tasks to queue
[2023-08-13T15:04:40.830+0000] {logging_mixin.py:149} INFO - [2023-08-13T15:04:40.830+0000] {dagbag.py:541} INFO - Filling up the DagBag from /home/airflow/.local/lib/python3.10/site-packages/airflow/example_dags/example_params_ui_tutorial.py
[2023-08-13T15:04:40.849+0000] {processor.py:836} INFO - DAG(s) dict_keys(['example_params_ui_tutorial']) retrieved from /home/airflow/.local/lib/python3.10/site-packages/airflow/example_dags/example_params_ui_tutorial.py
[2023-08-13T15:04:40.879+0000] {logging_mixin.py:149} INFO - [2023-08-13T15:04:40.879+0000] {dag.py:2726} INFO - Sync 1 DAGs
[2023-08-13T15:04:40.889+0000] {logging_mixin.py:149} INFO - [2023-08-13T15:04:40.889+0000] {dag.py:3486} INFO - Setting next_dagrun for example_params_ui_tutorial to None, run_after=None
[2023-08-13T15:04:40.896+0000] {processor.py:179} INFO - Processing /home/airflow/.local/lib/python3.10/site-packages/airflow/example_dags/example_params_ui_tutorial.py took 0.068 seconds
[2023-08-13T15:05:11.059+0000] {processor.py:157} INFO - Started process (PID=1679) to work on /home/airflow/.local/lib/python3.10/site-packages/airflow/example_dags/example_params_ui_tutorial.py
[2023-08-13T15:05:11.059+0000] {processor.py:826} INFO - Processing file /home/airflow/.local/lib/python3.10/site-packages/airflow/example_dags/example_params_ui_tutorial.py for tasks to queue
[2023-08-13T15:05:11.060+0000] {logging_mixin.py:149} INFO - [2023-08-13T15:05:11.060+0000] {dagbag.py:541} INFO - Filling up the DagBag from /home/airflow/.local/lib/python3.10/site-packages/airflow/example_dags/example_params_ui_tutorial.py
[2023-08-13T15:05:11.079+0000] {processor.py:836} INFO - DAG(s) dict_keys(['example_params_ui_tutorial']) retrieved from /home/airflow/.local/lib/python3.10/site-packages/airflow/example_dags/example_params_ui_tutorial.py
[2023-08-13T15:05:11.108+0000] {logging_mixin.py:149} INFO - [2023-08-13T15:05:11.108+0000] {dag.py:2726} INFO - Sync 1 DAGs
[2023-08-13T15:05:11.118+0000] {logging_mixin.py:149} INFO - [2023-08-13T15:05:11.118+0000] {dag.py:3486} INFO - Setting next_dagrun for example_params_ui_tutorial to None, run_after=None
[2023-08-13T15:05:11.126+0000] {processor.py:179} INFO - Processing /home/airflow/.local/lib/python3.10/site-packages/airflow/example_dags/example_params_ui_tutorial.py took 0.068 seconds
[2023-08-13T15:05:41.372+0000] {processor.py:157} INFO - Started process (PID=1756) to work on /home/airflow/.local/lib/python3.10/site-packages/airflow/example_dags/example_params_ui_tutorial.py
[2023-08-13T15:05:41.372+0000] {processor.py:826} INFO - Processing file /home/airflow/.local/lib/python3.10/site-packages/airflow/example_dags/example_params_ui_tutorial.py for tasks to queue
[2023-08-13T15:05:41.373+0000] {logging_mixin.py:149} INFO - [2023-08-13T15:05:41.373+0000] {dagbag.py:541} INFO - Filling up the DagBag from /home/airflow/.local/lib/python3.10/site-packages/airflow/example_dags/example_params_ui_tutorial.py
[2023-08-13T15:05:41.392+0000] {processor.py:836} INFO - DAG(s) dict_keys(['example_params_ui_tutorial']) retrieved from /home/airflow/.local/lib/python3.10/site-packages/airflow/example_dags/example_params_ui_tutorial.py
[2023-08-13T15:05:41.421+0000] {logging_mixin.py:149} INFO - [2023-08-13T15:05:41.421+0000] {dag.py:2726} INFO - Sync 1 DAGs
[2023-08-13T15:05:41.430+0000] {logging_mixin.py:149} INFO - [2023-08-13T15:05:41.430+0000] {dag.py:3486} INFO - Setting next_dagrun for example_params_ui_tutorial to None, run_after=None
[2023-08-13T15:05:41.438+0000] {processor.py:179} INFO - Processing /home/airflow/.local/lib/python3.10/site-packages/airflow/example_dags/example_params_ui_tutorial.py took 0.067 seconds
[2023-08-13T15:06:11.798+0000] {processor.py:157} INFO - Started process (PID=1833) to work on /home/airflow/.local/lib/python3.10/site-packages/airflow/example_dags/example_params_ui_tutorial.py
[2023-08-13T15:06:11.798+0000] {processor.py:826} INFO - Processing file /home/airflow/.local/lib/python3.10/site-packages/airflow/example_dags/example_params_ui_tutorial.py for tasks to queue
[2023-08-13T15:06:11.798+0000] {logging_mixin.py:149} INFO - [2023-08-13T15:06:11.798+0000] {dagbag.py:541} INFO - Filling up the DagBag from /home/airflow/.local/lib/python3.10/site-packages/airflow/example_dags/example_params_ui_tutorial.py
[2023-08-13T15:06:11.818+0000] {processor.py:836} INFO - DAG(s) dict_keys(['example_params_ui_tutorial']) retrieved from /home/airflow/.local/lib/python3.10/site-packages/airflow/example_dags/example_params_ui_tutorial.py
[2023-08-13T15:06:11.848+0000] {logging_mixin.py:149} INFO - [2023-08-13T15:06:11.848+0000] {dag.py:2726} INFO - Sync 1 DAGs
[2023-08-13T15:06:11.857+0000] {logging_mixin.py:149} INFO - [2023-08-13T15:06:11.857+0000] {dag.py:3486} INFO - Setting next_dagrun for example_params_ui_tutorial to None, run_after=None
[2023-08-13T15:06:11.864+0000] {processor.py:179} INFO - Processing /home/airflow/.local/lib/python3.10/site-packages/airflow/example_dags/example_params_ui_tutorial.py took 0.068 seconds
[2023-08-13T15:06:42.114+0000] {processor.py:157} INFO - Started process (PID=1910) to work on /home/airflow/.local/lib/python3.10/site-packages/airflow/example_dags/example_params_ui_tutorial.py
[2023-08-13T15:06:42.115+0000] {processor.py:826} INFO - Processing file /home/airflow/.local/lib/python3.10/site-packages/airflow/example_dags/example_params_ui_tutorial.py for tasks to queue
[2023-08-13T15:06:42.115+0000] {logging_mixin.py:149} INFO - [2023-08-13T15:06:42.115+0000] {dagbag.py:541} INFO - Filling up the DagBag from /home/airflow/.local/lib/python3.10/site-packages/airflow/example_dags/example_params_ui_tutorial.py
[2023-08-13T15:06:42.134+0000] {processor.py:836} INFO - DAG(s) dict_keys(['example_params_ui_tutorial']) retrieved from /home/airflow/.local/lib/python3.10/site-packages/airflow/example_dags/example_params_ui_tutorial.py
[2023-08-13T15:06:42.164+0000] {logging_mixin.py:149} INFO - [2023-08-13T15:06:42.164+0000] {dag.py:2726} INFO - Sync 1 DAGs
[2023-08-13T15:06:42.173+0000] {logging_mixin.py:149} INFO - [2023-08-13T15:06:42.173+0000] {dag.py:3486} INFO - Setting next_dagrun for example_params_ui_tutorial to None, run_after=None
[2023-08-13T15:06:42.181+0000] {processor.py:179} INFO - Processing /home/airflow/.local/lib/python3.10/site-packages/airflow/example_dags/example_params_ui_tutorial.py took 0.068 seconds
[2023-08-13T15:07:12.613+0000] {processor.py:157} INFO - Started process (PID=1986) to work on /home/airflow/.local/lib/python3.10/site-packages/airflow/example_dags/example_params_ui_tutorial.py
[2023-08-13T15:07:12.614+0000] {processor.py:826} INFO - Processing file /home/airflow/.local/lib/python3.10/site-packages/airflow/example_dags/example_params_ui_tutorial.py for tasks to queue
[2023-08-13T15:07:12.614+0000] {logging_mixin.py:149} INFO - [2023-08-13T15:07:12.614+0000] {dagbag.py:541} INFO - Filling up the DagBag from /home/airflow/.local/lib/python3.10/site-packages/airflow/example_dags/example_params_ui_tutorial.py
[2023-08-13T15:07:12.633+0000] {processor.py:836} INFO - DAG(s) dict_keys(['example_params_ui_tutorial']) retrieved from /home/airflow/.local/lib/python3.10/site-packages/airflow/example_dags/example_params_ui_tutorial.py
[2023-08-13T15:07:12.663+0000] {logging_mixin.py:149} INFO - [2023-08-13T15:07:12.663+0000] {dag.py:2726} INFO - Sync 1 DAGs
[2023-08-13T15:07:12.673+0000] {logging_mixin.py:149} INFO - [2023-08-13T15:07:12.673+0000] {dag.py:3486} INFO - Setting next_dagrun for example_params_ui_tutorial to None, run_after=None
[2023-08-13T15:07:12.681+0000] {processor.py:179} INFO - Processing /home/airflow/.local/lib/python3.10/site-packages/airflow/example_dags/example_params_ui_tutorial.py took 0.069 seconds
[2023-08-13T15:07:43.048+0000] {processor.py:157} INFO - Started process (PID=2063) to work on /home/airflow/.local/lib/python3.10/site-packages/airflow/example_dags/example_params_ui_tutorial.py
[2023-08-13T15:07:43.048+0000] {processor.py:826} INFO - Processing file /home/airflow/.local/lib/python3.10/site-packages/airflow/example_dags/example_params_ui_tutorial.py for tasks to queue
[2023-08-13T15:07:43.048+0000] {logging_mixin.py:149} INFO - [2023-08-13T15:07:43.048+0000] {dagbag.py:541} INFO - Filling up the DagBag from /home/airflow/.local/lib/python3.10/site-packages/airflow/example_dags/example_params_ui_tutorial.py
[2023-08-13T15:07:43.068+0000] {processor.py:836} INFO - DAG(s) dict_keys(['example_params_ui_tutorial']) retrieved from /home/airflow/.local/lib/python3.10/site-packages/airflow/example_dags/example_params_ui_tutorial.py
[2023-08-13T15:07:43.097+0000] {logging_mixin.py:149} INFO - [2023-08-13T15:07:43.097+0000] {dag.py:2726} INFO - Sync 1 DAGs
[2023-08-13T15:07:43.107+0000] {logging_mixin.py:149} INFO - [2023-08-13T15:07:43.107+0000] {dag.py:3486} INFO - Setting next_dagrun for example_params_ui_tutorial to None, run_after=None
[2023-08-13T15:07:43.114+0000] {processor.py:179} INFO - Processing /home/airflow/.local/lib/python3.10/site-packages/airflow/example_dags/example_params_ui_tutorial.py took 0.067 seconds
[2023-08-13T15:08:13.557+0000] {processor.py:157} INFO - Started process (PID=2140) to work on /home/airflow/.local/lib/python3.10/site-packages/airflow/example_dags/example_params_ui_tutorial.py
[2023-08-13T15:08:13.557+0000] {processor.py:826} INFO - Processing file /home/airflow/.local/lib/python3.10/site-packages/airflow/example_dags/example_params_ui_tutorial.py for tasks to queue
[2023-08-13T15:08:13.557+0000] {logging_mixin.py:149} INFO - [2023-08-13T15:08:13.557+0000] {dagbag.py:541} INFO - Filling up the DagBag from /home/airflow/.local/lib/python3.10/site-packages/airflow/example_dags/example_params_ui_tutorial.py
[2023-08-13T15:08:13.576+0000] {processor.py:836} INFO - DAG(s) dict_keys(['example_params_ui_tutorial']) retrieved from /home/airflow/.local/lib/python3.10/site-packages/airflow/example_dags/example_params_ui_tutorial.py
[2023-08-13T15:08:13.606+0000] {logging_mixin.py:149} INFO - [2023-08-13T15:08:13.606+0000] {dag.py:2726} INFO - Sync 1 DAGs
[2023-08-13T15:08:13.616+0000] {logging_mixin.py:149} INFO - [2023-08-13T15:08:13.615+0000] {dag.py:3486} INFO - Setting next_dagrun for example_params_ui_tutorial to None, run_after=None
[2023-08-13T15:08:13.623+0000] {processor.py:179} INFO - Processing /home/airflow/.local/lib/python3.10/site-packages/airflow/example_dags/example_params_ui_tutorial.py took 0.067 seconds
[2023-08-13T15:08:43.942+0000] {processor.py:157} INFO - Started process (PID=2218) to work on /home/airflow/.local/lib/python3.10/site-packages/airflow/example_dags/example_params_ui_tutorial.py
[2023-08-13T15:08:43.942+0000] {processor.py:826} INFO - Processing file /home/airflow/.local/lib/python3.10/site-packages/airflow/example_dags/example_params_ui_tutorial.py for tasks to queue
[2023-08-13T15:08:43.942+0000] {logging_mixin.py:149} INFO - [2023-08-13T15:08:43.942+0000] {dagbag.py:541} INFO - Filling up the DagBag from /home/airflow/.local/lib/python3.10/site-packages/airflow/example_dags/example_params_ui_tutorial.py
[2023-08-13T15:08:43.962+0000] {processor.py:836} INFO - DAG(s) dict_keys(['example_params_ui_tutorial']) retrieved from /home/airflow/.local/lib/python3.10/site-packages/airflow/example_dags/example_params_ui_tutorial.py
[2023-08-13T15:08:43.994+0000] {logging_mixin.py:149} INFO - [2023-08-13T15:08:43.993+0000] {dag.py:2726} INFO - Sync 1 DAGs
[2023-08-13T15:08:44.004+0000] {logging_mixin.py:149} INFO - [2023-08-13T15:08:44.004+0000] {dag.py:3486} INFO - Setting next_dagrun for example_params_ui_tutorial to None, run_after=None
[2023-08-13T15:08:44.012+0000] {processor.py:179} INFO - Processing /home/airflow/.local/lib/python3.10/site-packages/airflow/example_dags/example_params_ui_tutorial.py took 0.071 seconds
[2023-08-13T15:12:53.992+0000] {processor.py:157} INFO - Started process (PID=61) to work on /home/airflow/.local/lib/python3.10/site-packages/airflow/example_dags/example_params_ui_tutorial.py
[2023-08-13T15:12:53.993+0000] {processor.py:826} INFO - Processing file /home/airflow/.local/lib/python3.10/site-packages/airflow/example_dags/example_params_ui_tutorial.py for tasks to queue
[2023-08-13T15:12:53.993+0000] {logging_mixin.py:149} INFO - [2023-08-13T15:12:53.993+0000] {dagbag.py:541} INFO - Filling up the DagBag from /home/airflow/.local/lib/python3.10/site-packages/airflow/example_dags/example_params_ui_tutorial.py
[2023-08-13T15:12:54.013+0000] {processor.py:836} INFO - DAG(s) dict_keys(['example_params_ui_tutorial']) retrieved from /home/airflow/.local/lib/python3.10/site-packages/airflow/example_dags/example_params_ui_tutorial.py
[2023-08-13T15:12:54.018+0000] {logging_mixin.py:149} INFO - [2023-08-13T15:12:54.018+0000] {dag.py:2726} INFO - Sync 1 DAGs
[2023-08-13T15:12:54.028+0000] {logging_mixin.py:149} INFO - [2023-08-13T15:12:54.028+0000] {dag.py:3486} INFO - Setting next_dagrun for example_params_ui_tutorial to None, run_after=None
[2023-08-13T15:12:54.036+0000] {processor.py:179} INFO - Processing /home/airflow/.local/lib/python3.10/site-packages/airflow/example_dags/example_params_ui_tutorial.py took 0.045 seconds
[2023-08-13T15:13:24.176+0000] {processor.py:157} INFO - Started process (PID=138) to work on /home/airflow/.local/lib/python3.10/site-packages/airflow/example_dags/example_params_ui_tutorial.py
[2023-08-13T15:13:24.177+0000] {processor.py:826} INFO - Processing file /home/airflow/.local/lib/python3.10/site-packages/airflow/example_dags/example_params_ui_tutorial.py for tasks to queue
[2023-08-13T15:13:24.177+0000] {logging_mixin.py:149} INFO - [2023-08-13T15:13:24.177+0000] {dagbag.py:541} INFO - Filling up the DagBag from /home/airflow/.local/lib/python3.10/site-packages/airflow/example_dags/example_params_ui_tutorial.py
[2023-08-13T15:13:24.196+0000] {processor.py:836} INFO - DAG(s) dict_keys(['example_params_ui_tutorial']) retrieved from /home/airflow/.local/lib/python3.10/site-packages/airflow/example_dags/example_params_ui_tutorial.py
[2023-08-13T15:13:24.226+0000] {logging_mixin.py:149} INFO - [2023-08-13T15:13:24.225+0000] {dag.py:2726} INFO - Sync 1 DAGs
[2023-08-13T15:13:24.235+0000] {logging_mixin.py:149} INFO - [2023-08-13T15:13:24.235+0000] {dag.py:3486} INFO - Setting next_dagrun for example_params_ui_tutorial to None, run_after=None
[2023-08-13T15:13:24.243+0000] {processor.py:179} INFO - Processing /home/airflow/.local/lib/python3.10/site-packages/airflow/example_dags/example_params_ui_tutorial.py took 0.067 seconds
[2023-08-13T15:13:54.620+0000] {processor.py:157} INFO - Started process (PID=215) to work on /home/airflow/.local/lib/python3.10/site-packages/airflow/example_dags/example_params_ui_tutorial.py
[2023-08-13T15:13:54.621+0000] {processor.py:826} INFO - Processing file /home/airflow/.local/lib/python3.10/site-packages/airflow/example_dags/example_params_ui_tutorial.py for tasks to queue
[2023-08-13T15:13:54.621+0000] {logging_mixin.py:149} INFO - [2023-08-13T15:13:54.621+0000] {dagbag.py:541} INFO - Filling up the DagBag from /home/airflow/.local/lib/python3.10/site-packages/airflow/example_dags/example_params_ui_tutorial.py
[2023-08-13T15:13:54.640+0000] {processor.py:836} INFO - DAG(s) dict_keys(['example_params_ui_tutorial']) retrieved from /home/airflow/.local/lib/python3.10/site-packages/airflow/example_dags/example_params_ui_tutorial.py
[2023-08-13T15:13:54.669+0000] {logging_mixin.py:149} INFO - [2023-08-13T15:13:54.669+0000] {dag.py:2726} INFO - Sync 1 DAGs
[2023-08-13T15:13:54.678+0000] {logging_mixin.py:149} INFO - [2023-08-13T15:13:54.678+0000] {dag.py:3486} INFO - Setting next_dagrun for example_params_ui_tutorial to None, run_after=None
[2023-08-13T15:13:54.686+0000] {processor.py:179} INFO - Processing /home/airflow/.local/lib/python3.10/site-packages/airflow/example_dags/example_params_ui_tutorial.py took 0.066 seconds
[2023-08-13T15:14:25.081+0000] {processor.py:157} INFO - Started process (PID=296) to work on /home/airflow/.local/lib/python3.10/site-packages/airflow/example_dags/example_params_ui_tutorial.py
[2023-08-13T15:14:25.082+0000] {processor.py:826} INFO - Processing file /home/airflow/.local/lib/python3.10/site-packages/airflow/example_dags/example_params_ui_tutorial.py for tasks to queue
[2023-08-13T15:14:25.082+0000] {logging_mixin.py:149} INFO - [2023-08-13T15:14:25.082+0000] {dagbag.py:541} INFO - Filling up the DagBag from /home/airflow/.local/lib/python3.10/site-packages/airflow/example_dags/example_params_ui_tutorial.py
[2023-08-13T15:14:25.101+0000] {processor.py:836} INFO - DAG(s) dict_keys(['example_params_ui_tutorial']) retrieved from /home/airflow/.local/lib/python3.10/site-packages/airflow/example_dags/example_params_ui_tutorial.py
[2023-08-13T15:14:25.131+0000] {logging_mixin.py:149} INFO - [2023-08-13T15:14:25.131+0000] {dag.py:2726} INFO - Sync 1 DAGs
[2023-08-13T15:14:25.141+0000] {logging_mixin.py:149} INFO - [2023-08-13T15:14:25.141+0000] {dag.py:3486} INFO - Setting next_dagrun for example_params_ui_tutorial to None, run_after=None
[2023-08-13T15:14:25.149+0000] {processor.py:179} INFO - Processing /home/airflow/.local/lib/python3.10/site-packages/airflow/example_dags/example_params_ui_tutorial.py took 0.069 seconds
[2023-08-13T15:14:55.340+0000] {processor.py:157} INFO - Started process (PID=373) to work on /home/airflow/.local/lib/python3.10/site-packages/airflow/example_dags/example_params_ui_tutorial.py
[2023-08-13T15:14:55.340+0000] {processor.py:826} INFO - Processing file /home/airflow/.local/lib/python3.10/site-packages/airflow/example_dags/example_params_ui_tutorial.py for tasks to queue
[2023-08-13T15:14:55.340+0000] {logging_mixin.py:149} INFO - [2023-08-13T15:14:55.340+0000] {dagbag.py:541} INFO - Filling up the DagBag from /home/airflow/.local/lib/python3.10/site-packages/airflow/example_dags/example_params_ui_tutorial.py
[2023-08-13T15:14:55.359+0000] {processor.py:836} INFO - DAG(s) dict_keys(['example_params_ui_tutorial']) retrieved from /home/airflow/.local/lib/python3.10/site-packages/airflow/example_dags/example_params_ui_tutorial.py
[2023-08-13T15:14:55.389+0000] {logging_mixin.py:149} INFO - [2023-08-13T15:14:55.389+0000] {dag.py:2726} INFO - Sync 1 DAGs
[2023-08-13T15:14:55.399+0000] {logging_mixin.py:149} INFO - [2023-08-13T15:14:55.399+0000] {dag.py:3486} INFO - Setting next_dagrun for example_params_ui_tutorial to None, run_after=None
[2023-08-13T15:14:55.406+0000] {processor.py:179} INFO - Processing /home/airflow/.local/lib/python3.10/site-packages/airflow/example_dags/example_params_ui_tutorial.py took 0.068 seconds
[2023-08-13T15:15:25.824+0000] {processor.py:157} INFO - Started process (PID=450) to work on /home/airflow/.local/lib/python3.10/site-packages/airflow/example_dags/example_params_ui_tutorial.py
[2023-08-13T15:15:25.825+0000] {processor.py:826} INFO - Processing file /home/airflow/.local/lib/python3.10/site-packages/airflow/example_dags/example_params_ui_tutorial.py for tasks to queue
[2023-08-13T15:15:25.825+0000] {logging_mixin.py:149} INFO - [2023-08-13T15:15:25.825+0000] {dagbag.py:541} INFO - Filling up the DagBag from /home/airflow/.local/lib/python3.10/site-packages/airflow/example_dags/example_params_ui_tutorial.py
[2023-08-13T15:15:25.845+0000] {processor.py:836} INFO - DAG(s) dict_keys(['example_params_ui_tutorial']) retrieved from /home/airflow/.local/lib/python3.10/site-packages/airflow/example_dags/example_params_ui_tutorial.py
[2023-08-13T15:15:25.876+0000] {logging_mixin.py:149} INFO - [2023-08-13T15:15:25.876+0000] {dag.py:2726} INFO - Sync 1 DAGs
[2023-08-13T15:15:25.886+0000] {logging_mixin.py:149} INFO - [2023-08-13T15:15:25.886+0000] {dag.py:3486} INFO - Setting next_dagrun for example_params_ui_tutorial to None, run_after=None
[2023-08-13T15:15:25.893+0000] {processor.py:179} INFO - Processing /home/airflow/.local/lib/python3.10/site-packages/airflow/example_dags/example_params_ui_tutorial.py took 0.070 seconds
[2023-08-13T15:15:56.234+0000] {processor.py:157} INFO - Started process (PID=527) to work on /home/airflow/.local/lib/python3.10/site-packages/airflow/example_dags/example_params_ui_tutorial.py
[2023-08-13T15:15:56.234+0000] {processor.py:826} INFO - Processing file /home/airflow/.local/lib/python3.10/site-packages/airflow/example_dags/example_params_ui_tutorial.py for tasks to queue
[2023-08-13T15:15:56.234+0000] {logging_mixin.py:149} INFO - [2023-08-13T15:15:56.234+0000] {dagbag.py:541} INFO - Filling up the DagBag from /home/airflow/.local/lib/python3.10/site-packages/airflow/example_dags/example_params_ui_tutorial.py
[2023-08-13T15:15:56.254+0000] {processor.py:836} INFO - DAG(s) dict_keys(['example_params_ui_tutorial']) retrieved from /home/airflow/.local/lib/python3.10/site-packages/airflow/example_dags/example_params_ui_tutorial.py
[2023-08-13T15:15:56.283+0000] {logging_mixin.py:149} INFO - [2023-08-13T15:15:56.283+0000] {dag.py:2726} INFO - Sync 1 DAGs
[2023-08-13T15:15:56.293+0000] {logging_mixin.py:149} INFO - [2023-08-13T15:15:56.293+0000] {dag.py:3486} INFO - Setting next_dagrun for example_params_ui_tutorial to None, run_after=None
[2023-08-13T15:15:56.300+0000] {processor.py:179} INFO - Processing /home/airflow/.local/lib/python3.10/site-packages/airflow/example_dags/example_params_ui_tutorial.py took 0.068 seconds
[2023-08-13T15:16:26.535+0000] {processor.py:157} INFO - Started process (PID=604) to work on /home/airflow/.local/lib/python3.10/site-packages/airflow/example_dags/example_params_ui_tutorial.py
[2023-08-13T15:16:26.535+0000] {processor.py:826} INFO - Processing file /home/airflow/.local/lib/python3.10/site-packages/airflow/example_dags/example_params_ui_tutorial.py for tasks to queue
[2023-08-13T15:16:26.536+0000] {logging_mixin.py:149} INFO - [2023-08-13T15:16:26.536+0000] {dagbag.py:541} INFO - Filling up the DagBag from /home/airflow/.local/lib/python3.10/site-packages/airflow/example_dags/example_params_ui_tutorial.py
[2023-08-13T15:16:26.555+0000] {processor.py:836} INFO - DAG(s) dict_keys(['example_params_ui_tutorial']) retrieved from /home/airflow/.local/lib/python3.10/site-packages/airflow/example_dags/example_params_ui_tutorial.py
[2023-08-13T15:16:26.584+0000] {logging_mixin.py:149} INFO - [2023-08-13T15:16:26.584+0000] {dag.py:2726} INFO - Sync 1 DAGs
[2023-08-13T15:16:26.594+0000] {logging_mixin.py:149} INFO - [2023-08-13T15:16:26.594+0000] {dag.py:3486} INFO - Setting next_dagrun for example_params_ui_tutorial to None, run_after=None
[2023-08-13T15:16:26.601+0000] {processor.py:179} INFO - Processing /home/airflow/.local/lib/python3.10/site-packages/airflow/example_dags/example_params_ui_tutorial.py took 0.067 seconds
[2023-08-13T15:16:56.944+0000] {processor.py:157} INFO - Started process (PID=680) to work on /home/airflow/.local/lib/python3.10/site-packages/airflow/example_dags/example_params_ui_tutorial.py
[2023-08-13T15:16:56.944+0000] {processor.py:826} INFO - Processing file /home/airflow/.local/lib/python3.10/site-packages/airflow/example_dags/example_params_ui_tutorial.py for tasks to queue
[2023-08-13T15:16:56.944+0000] {logging_mixin.py:149} INFO - [2023-08-13T15:16:56.944+0000] {dagbag.py:541} INFO - Filling up the DagBag from /home/airflow/.local/lib/python3.10/site-packages/airflow/example_dags/example_params_ui_tutorial.py
[2023-08-13T15:16:56.963+0000] {processor.py:836} INFO - DAG(s) dict_keys(['example_params_ui_tutorial']) retrieved from /home/airflow/.local/lib/python3.10/site-packages/airflow/example_dags/example_params_ui_tutorial.py
[2023-08-13T15:16:56.994+0000] {logging_mixin.py:149} INFO - [2023-08-13T15:16:56.994+0000] {dag.py:2726} INFO - Sync 1 DAGs
[2023-08-13T15:16:57.003+0000] {logging_mixin.py:149} INFO - [2023-08-13T15:16:57.003+0000] {dag.py:3486} INFO - Setting next_dagrun for example_params_ui_tutorial to None, run_after=None
[2023-08-13T15:16:57.010+0000] {processor.py:179} INFO - Processing /home/airflow/.local/lib/python3.10/site-packages/airflow/example_dags/example_params_ui_tutorial.py took 0.068 seconds
[2023-08-13T15:17:27.162+0000] {processor.py:157} INFO - Started process (PID=757) to work on /home/airflow/.local/lib/python3.10/site-packages/airflow/example_dags/example_params_ui_tutorial.py
[2023-08-13T15:17:27.163+0000] {processor.py:826} INFO - Processing file /home/airflow/.local/lib/python3.10/site-packages/airflow/example_dags/example_params_ui_tutorial.py for tasks to queue
[2023-08-13T15:17:27.163+0000] {logging_mixin.py:149} INFO - [2023-08-13T15:17:27.163+0000] {dagbag.py:541} INFO - Filling up the DagBag from /home/airflow/.local/lib/python3.10/site-packages/airflow/example_dags/example_params_ui_tutorial.py
[2023-08-13T15:17:27.182+0000] {processor.py:836} INFO - DAG(s) dict_keys(['example_params_ui_tutorial']) retrieved from /home/airflow/.local/lib/python3.10/site-packages/airflow/example_dags/example_params_ui_tutorial.py
[2023-08-13T15:17:27.211+0000] {logging_mixin.py:149} INFO - [2023-08-13T15:17:27.211+0000] {dag.py:2726} INFO - Sync 1 DAGs
[2023-08-13T15:17:27.221+0000] {logging_mixin.py:149} INFO - [2023-08-13T15:17:27.221+0000] {dag.py:3486} INFO - Setting next_dagrun for example_params_ui_tutorial to None, run_after=None
[2023-08-13T15:17:27.229+0000] {processor.py:179} INFO - Processing /home/airflow/.local/lib/python3.10/site-packages/airflow/example_dags/example_params_ui_tutorial.py took 0.067 seconds
[2023-08-13T15:17:57.471+0000] {processor.py:157} INFO - Started process (PID=834) to work on /home/airflow/.local/lib/python3.10/site-packages/airflow/example_dags/example_params_ui_tutorial.py
[2023-08-13T15:17:57.471+0000] {processor.py:826} INFO - Processing file /home/airflow/.local/lib/python3.10/site-packages/airflow/example_dags/example_params_ui_tutorial.py for tasks to queue
[2023-08-13T15:17:57.472+0000] {logging_mixin.py:149} INFO - [2023-08-13T15:17:57.472+0000] {dagbag.py:541} INFO - Filling up the DagBag from /home/airflow/.local/lib/python3.10/site-packages/airflow/example_dags/example_params_ui_tutorial.py
[2023-08-13T15:17:57.492+0000] {processor.py:836} INFO - DAG(s) dict_keys(['example_params_ui_tutorial']) retrieved from /home/airflow/.local/lib/python3.10/site-packages/airflow/example_dags/example_params_ui_tutorial.py
[2023-08-13T15:17:57.521+0000] {logging_mixin.py:149} INFO - [2023-08-13T15:17:57.521+0000] {dag.py:2726} INFO - Sync 1 DAGs
[2023-08-13T15:17:57.531+0000] {logging_mixin.py:149} INFO - [2023-08-13T15:17:57.531+0000] {dag.py:3486} INFO - Setting next_dagrun for example_params_ui_tutorial to None, run_after=None
[2023-08-13T15:17:57.539+0000] {processor.py:179} INFO - Processing /home/airflow/.local/lib/python3.10/site-packages/airflow/example_dags/example_params_ui_tutorial.py took 0.069 seconds
[2023-08-13T15:18:27.783+0000] {processor.py:157} INFO - Started process (PID=911) to work on /home/airflow/.local/lib/python3.10/site-packages/airflow/example_dags/example_params_ui_tutorial.py
[2023-08-13T15:18:27.783+0000] {processor.py:826} INFO - Processing file /home/airflow/.local/lib/python3.10/site-packages/airflow/example_dags/example_params_ui_tutorial.py for tasks to queue
[2023-08-13T15:18:27.784+0000] {logging_mixin.py:149} INFO - [2023-08-13T15:18:27.784+0000] {dagbag.py:541} INFO - Filling up the DagBag from /home/airflow/.local/lib/python3.10/site-packages/airflow/example_dags/example_params_ui_tutorial.py
[2023-08-13T15:18:27.803+0000] {processor.py:836} INFO - DAG(s) dict_keys(['example_params_ui_tutorial']) retrieved from /home/airflow/.local/lib/python3.10/site-packages/airflow/example_dags/example_params_ui_tutorial.py
[2023-08-13T15:18:27.832+0000] {logging_mixin.py:149} INFO - [2023-08-13T15:18:27.832+0000] {dag.py:2726} INFO - Sync 1 DAGs
[2023-08-13T15:18:27.842+0000] {logging_mixin.py:149} INFO - [2023-08-13T15:18:27.842+0000] {dag.py:3486} INFO - Setting next_dagrun for example_params_ui_tutorial to None, run_after=None
[2023-08-13T15:18:27.849+0000] {processor.py:179} INFO - Processing /home/airflow/.local/lib/python3.10/site-packages/airflow/example_dags/example_params_ui_tutorial.py took 0.067 seconds
[2023-08-13T15:18:58.191+0000] {processor.py:157} INFO - Started process (PID=988) to work on /home/airflow/.local/lib/python3.10/site-packages/airflow/example_dags/example_params_ui_tutorial.py
[2023-08-13T15:18:58.191+0000] {processor.py:826} INFO - Processing file /home/airflow/.local/lib/python3.10/site-packages/airflow/example_dags/example_params_ui_tutorial.py for tasks to queue
[2023-08-13T15:18:58.191+0000] {logging_mixin.py:149} INFO - [2023-08-13T15:18:58.191+0000] {dagbag.py:541} INFO - Filling up the DagBag from /home/airflow/.local/lib/python3.10/site-packages/airflow/example_dags/example_params_ui_tutorial.py
[2023-08-13T15:18:58.210+0000] {processor.py:836} INFO - DAG(s) dict_keys(['example_params_ui_tutorial']) retrieved from /home/airflow/.local/lib/python3.10/site-packages/airflow/example_dags/example_params_ui_tutorial.py
[2023-08-13T15:18:58.240+0000] {logging_mixin.py:149} INFO - [2023-08-13T15:18:58.240+0000] {dag.py:2726} INFO - Sync 1 DAGs
[2023-08-13T15:18:58.251+0000] {logging_mixin.py:149} INFO - [2023-08-13T15:18:58.251+0000] {dag.py:3486} INFO - Setting next_dagrun for example_params_ui_tutorial to None, run_after=None
[2023-08-13T15:18:58.258+0000] {processor.py:179} INFO - Processing /home/airflow/.local/lib/python3.10/site-packages/airflow/example_dags/example_params_ui_tutorial.py took 0.069 seconds
[2023-08-13T15:19:28.498+0000] {processor.py:157} INFO - Started process (PID=1065) to work on /home/airflow/.local/lib/python3.10/site-packages/airflow/example_dags/example_params_ui_tutorial.py
[2023-08-13T15:19:28.498+0000] {processor.py:826} INFO - Processing file /home/airflow/.local/lib/python3.10/site-packages/airflow/example_dags/example_params_ui_tutorial.py for tasks to queue
[2023-08-13T15:19:28.498+0000] {logging_mixin.py:149} INFO - [2023-08-13T15:19:28.498+0000] {dagbag.py:541} INFO - Filling up the DagBag from /home/airflow/.local/lib/python3.10/site-packages/airflow/example_dags/example_params_ui_tutorial.py
[2023-08-13T15:19:28.518+0000] {processor.py:836} INFO - DAG(s) dict_keys(['example_params_ui_tutorial']) retrieved from /home/airflow/.local/lib/python3.10/site-packages/airflow/example_dags/example_params_ui_tutorial.py
[2023-08-13T15:19:28.546+0000] {logging_mixin.py:149} INFO - [2023-08-13T15:19:28.546+0000] {dag.py:2726} INFO - Sync 1 DAGs
[2023-08-13T15:19:28.556+0000] {logging_mixin.py:149} INFO - [2023-08-13T15:19:28.556+0000] {dag.py:3486} INFO - Setting next_dagrun for example_params_ui_tutorial to None, run_after=None
[2023-08-13T15:19:28.563+0000] {processor.py:179} INFO - Processing /home/airflow/.local/lib/python3.10/site-packages/airflow/example_dags/example_params_ui_tutorial.py took 0.067 seconds
[2023-08-13T15:19:58.783+0000] {processor.py:157} INFO - Started process (PID=1142) to work on /home/airflow/.local/lib/python3.10/site-packages/airflow/example_dags/example_params_ui_tutorial.py
[2023-08-13T15:19:58.783+0000] {processor.py:826} INFO - Processing file /home/airflow/.local/lib/python3.10/site-packages/airflow/example_dags/example_params_ui_tutorial.py for tasks to queue
[2023-08-13T15:19:58.784+0000] {logging_mixin.py:149} INFO - [2023-08-13T15:19:58.784+0000] {dagbag.py:541} INFO - Filling up the DagBag from /home/airflow/.local/lib/python3.10/site-packages/airflow/example_dags/example_params_ui_tutorial.py
[2023-08-13T15:19:58.803+0000] {processor.py:836} INFO - DAG(s) dict_keys(['example_params_ui_tutorial']) retrieved from /home/airflow/.local/lib/python3.10/site-packages/airflow/example_dags/example_params_ui_tutorial.py
[2023-08-13T15:19:58.832+0000] {logging_mixin.py:149} INFO - [2023-08-13T15:19:58.832+0000] {dag.py:2726} INFO - Sync 1 DAGs
[2023-08-13T15:19:58.841+0000] {logging_mixin.py:149} INFO - [2023-08-13T15:19:58.841+0000] {dag.py:3486} INFO - Setting next_dagrun for example_params_ui_tutorial to None, run_after=None
[2023-08-13T15:19:58.848+0000] {processor.py:179} INFO - Processing /home/airflow/.local/lib/python3.10/site-packages/airflow/example_dags/example_params_ui_tutorial.py took 0.066 seconds
[2023-08-13T15:20:29.163+0000] {processor.py:157} INFO - Started process (PID=1219) to work on /home/airflow/.local/lib/python3.10/site-packages/airflow/example_dags/example_params_ui_tutorial.py
[2023-08-13T15:20:29.163+0000] {processor.py:826} INFO - Processing file /home/airflow/.local/lib/python3.10/site-packages/airflow/example_dags/example_params_ui_tutorial.py for tasks to queue
[2023-08-13T15:20:29.163+0000] {logging_mixin.py:149} INFO - [2023-08-13T15:20:29.163+0000] {dagbag.py:541} INFO - Filling up the DagBag from /home/airflow/.local/lib/python3.10/site-packages/airflow/example_dags/example_params_ui_tutorial.py
[2023-08-13T15:20:29.184+0000] {processor.py:836} INFO - DAG(s) dict_keys(['example_params_ui_tutorial']) retrieved from /home/airflow/.local/lib/python3.10/site-packages/airflow/example_dags/example_params_ui_tutorial.py
[2023-08-13T15:20:29.214+0000] {logging_mixin.py:149} INFO - [2023-08-13T15:20:29.214+0000] {dag.py:2726} INFO - Sync 1 DAGs
[2023-08-13T15:20:29.223+0000] {logging_mixin.py:149} INFO - [2023-08-13T15:20:29.223+0000] {dag.py:3486} INFO - Setting next_dagrun for example_params_ui_tutorial to None, run_after=None
[2023-08-13T15:20:29.230+0000] {processor.py:179} INFO - Processing /home/airflow/.local/lib/python3.10/site-packages/airflow/example_dags/example_params_ui_tutorial.py took 0.069 seconds
[2023-08-13T15:20:59.427+0000] {processor.py:157} INFO - Started process (PID=1296) to work on /home/airflow/.local/lib/python3.10/site-packages/airflow/example_dags/example_params_ui_tutorial.py
[2023-08-13T15:20:59.427+0000] {processor.py:826} INFO - Processing file /home/airflow/.local/lib/python3.10/site-packages/airflow/example_dags/example_params_ui_tutorial.py for tasks to queue
[2023-08-13T15:20:59.427+0000] {logging_mixin.py:149} INFO - [2023-08-13T15:20:59.427+0000] {dagbag.py:541} INFO - Filling up the DagBag from /home/airflow/.local/lib/python3.10/site-packages/airflow/example_dags/example_params_ui_tutorial.py
[2023-08-13T15:20:59.447+0000] {processor.py:836} INFO - DAG(s) dict_keys(['example_params_ui_tutorial']) retrieved from /home/airflow/.local/lib/python3.10/site-packages/airflow/example_dags/example_params_ui_tutorial.py
[2023-08-13T15:20:59.476+0000] {logging_mixin.py:149} INFO - [2023-08-13T15:20:59.475+0000] {dag.py:2726} INFO - Sync 1 DAGs
[2023-08-13T15:20:59.485+0000] {logging_mixin.py:149} INFO - [2023-08-13T15:20:59.485+0000] {dag.py:3486} INFO - Setting next_dagrun for example_params_ui_tutorial to None, run_after=None
[2023-08-13T15:20:59.492+0000] {processor.py:179} INFO - Processing /home/airflow/.local/lib/python3.10/site-packages/airflow/example_dags/example_params_ui_tutorial.py took 0.067 seconds
[2023-08-13T15:21:29.754+0000] {processor.py:157} INFO - Started process (PID=1373) to work on /home/airflow/.local/lib/python3.10/site-packages/airflow/example_dags/example_params_ui_tutorial.py
[2023-08-13T15:21:29.754+0000] {processor.py:826} INFO - Processing file /home/airflow/.local/lib/python3.10/site-packages/airflow/example_dags/example_params_ui_tutorial.py for tasks to queue
[2023-08-13T15:21:29.755+0000] {logging_mixin.py:149} INFO - [2023-08-13T15:21:29.755+0000] {dagbag.py:541} INFO - Filling up the DagBag from /home/airflow/.local/lib/python3.10/site-packages/airflow/example_dags/example_params_ui_tutorial.py
[2023-08-13T15:21:29.774+0000] {processor.py:836} INFO - DAG(s) dict_keys(['example_params_ui_tutorial']) retrieved from /home/airflow/.local/lib/python3.10/site-packages/airflow/example_dags/example_params_ui_tutorial.py
[2023-08-13T15:21:29.802+0000] {logging_mixin.py:149} INFO - [2023-08-13T15:21:29.802+0000] {dag.py:2726} INFO - Sync 1 DAGs
[2023-08-13T15:21:29.812+0000] {logging_mixin.py:149} INFO - [2023-08-13T15:21:29.812+0000] {dag.py:3486} INFO - Setting next_dagrun for example_params_ui_tutorial to None, run_after=None
[2023-08-13T15:21:29.819+0000] {processor.py:179} INFO - Processing /home/airflow/.local/lib/python3.10/site-packages/airflow/example_dags/example_params_ui_tutorial.py took 0.066 seconds
[2023-08-13T15:21:59.984+0000] {processor.py:157} INFO - Started process (PID=1451) to work on /home/airflow/.local/lib/python3.10/site-packages/airflow/example_dags/example_params_ui_tutorial.py
[2023-08-13T15:21:59.984+0000] {processor.py:826} INFO - Processing file /home/airflow/.local/lib/python3.10/site-packages/airflow/example_dags/example_params_ui_tutorial.py for tasks to queue
[2023-08-13T15:21:59.984+0000] {logging_mixin.py:149} INFO - [2023-08-13T15:21:59.984+0000] {dagbag.py:541} INFO - Filling up the DagBag from /home/airflow/.local/lib/python3.10/site-packages/airflow/example_dags/example_params_ui_tutorial.py
[2023-08-13T15:22:00.003+0000] {processor.py:836} INFO - DAG(s) dict_keys(['example_params_ui_tutorial']) retrieved from /home/airflow/.local/lib/python3.10/site-packages/airflow/example_dags/example_params_ui_tutorial.py
[2023-08-13T15:22:00.033+0000] {logging_mixin.py:149} INFO - [2023-08-13T15:22:00.033+0000] {dag.py:2726} INFO - Sync 1 DAGs
[2023-08-13T15:22:00.043+0000] {logging_mixin.py:149} INFO - [2023-08-13T15:22:00.043+0000] {dag.py:3486} INFO - Setting next_dagrun for example_params_ui_tutorial to None, run_after=None
[2023-08-13T15:22:00.050+0000] {processor.py:179} INFO - Processing /home/airflow/.local/lib/python3.10/site-packages/airflow/example_dags/example_params_ui_tutorial.py took 0.067 seconds
[2023-08-13T15:22:30.256+0000] {processor.py:157} INFO - Started process (PID=1529) to work on /home/airflow/.local/lib/python3.10/site-packages/airflow/example_dags/example_params_ui_tutorial.py
[2023-08-13T15:22:30.256+0000] {processor.py:826} INFO - Processing file /home/airflow/.local/lib/python3.10/site-packages/airflow/example_dags/example_params_ui_tutorial.py for tasks to queue
[2023-08-13T15:22:30.256+0000] {logging_mixin.py:149} INFO - [2023-08-13T15:22:30.256+0000] {dagbag.py:541} INFO - Filling up the DagBag from /home/airflow/.local/lib/python3.10/site-packages/airflow/example_dags/example_params_ui_tutorial.py
[2023-08-13T15:22:30.275+0000] {processor.py:836} INFO - DAG(s) dict_keys(['example_params_ui_tutorial']) retrieved from /home/airflow/.local/lib/python3.10/site-packages/airflow/example_dags/example_params_ui_tutorial.py
[2023-08-13T15:22:30.305+0000] {logging_mixin.py:149} INFO - [2023-08-13T15:22:30.305+0000] {dag.py:2726} INFO - Sync 1 DAGs
[2023-08-13T15:22:30.314+0000] {logging_mixin.py:149} INFO - [2023-08-13T15:22:30.314+0000] {dag.py:3486} INFO - Setting next_dagrun for example_params_ui_tutorial to None, run_after=None
[2023-08-13T15:22:30.322+0000] {processor.py:179} INFO - Processing /home/airflow/.local/lib/python3.10/site-packages/airflow/example_dags/example_params_ui_tutorial.py took 0.068 seconds
[2023-08-13T15:23:00.675+0000] {processor.py:157} INFO - Started process (PID=1605) to work on /home/airflow/.local/lib/python3.10/site-packages/airflow/example_dags/example_params_ui_tutorial.py
[2023-08-13T15:23:00.675+0000] {processor.py:826} INFO - Processing file /home/airflow/.local/lib/python3.10/site-packages/airflow/example_dags/example_params_ui_tutorial.py for tasks to queue
[2023-08-13T15:23:00.675+0000] {logging_mixin.py:149} INFO - [2023-08-13T15:23:00.675+0000] {dagbag.py:541} INFO - Filling up the DagBag from /home/airflow/.local/lib/python3.10/site-packages/airflow/example_dags/example_params_ui_tutorial.py
[2023-08-13T15:23:00.695+0000] {processor.py:836} INFO - DAG(s) dict_keys(['example_params_ui_tutorial']) retrieved from /home/airflow/.local/lib/python3.10/site-packages/airflow/example_dags/example_params_ui_tutorial.py
[2023-08-13T15:23:00.725+0000] {logging_mixin.py:149} INFO - [2023-08-13T15:23:00.725+0000] {dag.py:2726} INFO - Sync 1 DAGs
[2023-08-13T15:23:00.735+0000] {logging_mixin.py:149} INFO - [2023-08-13T15:23:00.735+0000] {dag.py:3486} INFO - Setting next_dagrun for example_params_ui_tutorial to None, run_after=None
[2023-08-13T15:23:00.742+0000] {processor.py:179} INFO - Processing /home/airflow/.local/lib/python3.10/site-packages/airflow/example_dags/example_params_ui_tutorial.py took 0.069 seconds
[2023-08-13T15:23:30.908+0000] {processor.py:157} INFO - Started process (PID=1682) to work on /home/airflow/.local/lib/python3.10/site-packages/airflow/example_dags/example_params_ui_tutorial.py
[2023-08-13T15:23:30.908+0000] {processor.py:826} INFO - Processing file /home/airflow/.local/lib/python3.10/site-packages/airflow/example_dags/example_params_ui_tutorial.py for tasks to queue
[2023-08-13T15:23:30.909+0000] {logging_mixin.py:149} INFO - [2023-08-13T15:23:30.909+0000] {dagbag.py:541} INFO - Filling up the DagBag from /home/airflow/.local/lib/python3.10/site-packages/airflow/example_dags/example_params_ui_tutorial.py
[2023-08-13T15:23:30.929+0000] {processor.py:836} INFO - DAG(s) dict_keys(['example_params_ui_tutorial']) retrieved from /home/airflow/.local/lib/python3.10/site-packages/airflow/example_dags/example_params_ui_tutorial.py
[2023-08-13T15:23:30.958+0000] {logging_mixin.py:149} INFO - [2023-08-13T15:23:30.958+0000] {dag.py:2726} INFO - Sync 1 DAGs
[2023-08-13T15:23:30.968+0000] {logging_mixin.py:149} INFO - [2023-08-13T15:23:30.968+0000] {dag.py:3486} INFO - Setting next_dagrun for example_params_ui_tutorial to None, run_after=None
[2023-08-13T15:23:30.975+0000] {processor.py:179} INFO - Processing /home/airflow/.local/lib/python3.10/site-packages/airflow/example_dags/example_params_ui_tutorial.py took 0.068 seconds
[2023-08-13T15:24:01.399+0000] {processor.py:157} INFO - Started process (PID=1759) to work on /home/airflow/.local/lib/python3.10/site-packages/airflow/example_dags/example_params_ui_tutorial.py
[2023-08-13T15:24:01.399+0000] {processor.py:826} INFO - Processing file /home/airflow/.local/lib/python3.10/site-packages/airflow/example_dags/example_params_ui_tutorial.py for tasks to queue
[2023-08-13T15:24:01.399+0000] {logging_mixin.py:149} INFO - [2023-08-13T15:24:01.399+0000] {dagbag.py:541} INFO - Filling up the DagBag from /home/airflow/.local/lib/python3.10/site-packages/airflow/example_dags/example_params_ui_tutorial.py
[2023-08-13T15:24:01.419+0000] {processor.py:836} INFO - DAG(s) dict_keys(['example_params_ui_tutorial']) retrieved from /home/airflow/.local/lib/python3.10/site-packages/airflow/example_dags/example_params_ui_tutorial.py
[2023-08-13T15:24:01.448+0000] {logging_mixin.py:149} INFO - [2023-08-13T15:24:01.448+0000] {dag.py:2726} INFO - Sync 1 DAGs
[2023-08-13T15:24:01.458+0000] {logging_mixin.py:149} INFO - [2023-08-13T15:24:01.457+0000] {dag.py:3486} INFO - Setting next_dagrun for example_params_ui_tutorial to None, run_after=None
[2023-08-13T15:24:01.464+0000] {processor.py:179} INFO - Processing /home/airflow/.local/lib/python3.10/site-packages/airflow/example_dags/example_params_ui_tutorial.py took 0.067 seconds
[2023-08-13T15:24:31.691+0000] {processor.py:157} INFO - Started process (PID=1836) to work on /home/airflow/.local/lib/python3.10/site-packages/airflow/example_dags/example_params_ui_tutorial.py
[2023-08-13T15:24:31.691+0000] {processor.py:826} INFO - Processing file /home/airflow/.local/lib/python3.10/site-packages/airflow/example_dags/example_params_ui_tutorial.py for tasks to queue
[2023-08-13T15:24:31.691+0000] {logging_mixin.py:149} INFO - [2023-08-13T15:24:31.691+0000] {dagbag.py:541} INFO - Filling up the DagBag from /home/airflow/.local/lib/python3.10/site-packages/airflow/example_dags/example_params_ui_tutorial.py
[2023-08-13T15:24:31.710+0000] {processor.py:836} INFO - DAG(s) dict_keys(['example_params_ui_tutorial']) retrieved from /home/airflow/.local/lib/python3.10/site-packages/airflow/example_dags/example_params_ui_tutorial.py
[2023-08-13T15:24:31.739+0000] {logging_mixin.py:149} INFO - [2023-08-13T15:24:31.739+0000] {dag.py:2726} INFO - Sync 1 DAGs
[2023-08-13T15:24:31.749+0000] {logging_mixin.py:149} INFO - [2023-08-13T15:24:31.749+0000] {dag.py:3486} INFO - Setting next_dagrun for example_params_ui_tutorial to None, run_after=None
[2023-08-13T15:24:31.756+0000] {processor.py:179} INFO - Processing /home/airflow/.local/lib/python3.10/site-packages/airflow/example_dags/example_params_ui_tutorial.py took 0.067 seconds
[2023-08-13T15:25:02.097+0000] {processor.py:157} INFO - Started process (PID=1913) to work on /home/airflow/.local/lib/python3.10/site-packages/airflow/example_dags/example_params_ui_tutorial.py
[2023-08-13T15:25:02.098+0000] {processor.py:826} INFO - Processing file /home/airflow/.local/lib/python3.10/site-packages/airflow/example_dags/example_params_ui_tutorial.py for tasks to queue
[2023-08-13T15:25:02.098+0000] {logging_mixin.py:149} INFO - [2023-08-13T15:25:02.098+0000] {dagbag.py:541} INFO - Filling up the DagBag from /home/airflow/.local/lib/python3.10/site-packages/airflow/example_dags/example_params_ui_tutorial.py
[2023-08-13T15:25:02.117+0000] {processor.py:836} INFO - DAG(s) dict_keys(['example_params_ui_tutorial']) retrieved from /home/airflow/.local/lib/python3.10/site-packages/airflow/example_dags/example_params_ui_tutorial.py
[2023-08-13T15:25:02.146+0000] {logging_mixin.py:149} INFO - [2023-08-13T15:25:02.146+0000] {dag.py:2726} INFO - Sync 1 DAGs
[2023-08-13T15:25:02.155+0000] {logging_mixin.py:149} INFO - [2023-08-13T15:25:02.155+0000] {dag.py:3486} INFO - Setting next_dagrun for example_params_ui_tutorial to None, run_after=None
[2023-08-13T15:25:02.162+0000] {processor.py:179} INFO - Processing /home/airflow/.local/lib/python3.10/site-packages/airflow/example_dags/example_params_ui_tutorial.py took 0.067 seconds
[2023-08-13T15:25:32.420+0000] {processor.py:157} INFO - Started process (PID=1990) to work on /home/airflow/.local/lib/python3.10/site-packages/airflow/example_dags/example_params_ui_tutorial.py
[2023-08-13T15:25:32.420+0000] {processor.py:826} INFO - Processing file /home/airflow/.local/lib/python3.10/site-packages/airflow/example_dags/example_params_ui_tutorial.py for tasks to queue
[2023-08-13T15:25:32.421+0000] {logging_mixin.py:149} INFO - [2023-08-13T15:25:32.420+0000] {dagbag.py:541} INFO - Filling up the DagBag from /home/airflow/.local/lib/python3.10/site-packages/airflow/example_dags/example_params_ui_tutorial.py
[2023-08-13T15:25:32.440+0000] {processor.py:836} INFO - DAG(s) dict_keys(['example_params_ui_tutorial']) retrieved from /home/airflow/.local/lib/python3.10/site-packages/airflow/example_dags/example_params_ui_tutorial.py
[2023-08-13T15:25:32.470+0000] {logging_mixin.py:149} INFO - [2023-08-13T15:25:32.469+0000] {dag.py:2726} INFO - Sync 1 DAGs
[2023-08-13T15:25:32.479+0000] {logging_mixin.py:149} INFO - [2023-08-13T15:25:32.479+0000] {dag.py:3486} INFO - Setting next_dagrun for example_params_ui_tutorial to None, run_after=None
[2023-08-13T15:25:32.486+0000] {processor.py:179} INFO - Processing /home/airflow/.local/lib/python3.10/site-packages/airflow/example_dags/example_params_ui_tutorial.py took 0.067 seconds
[2023-08-13T15:26:02.715+0000] {processor.py:157} INFO - Started process (PID=2067) to work on /home/airflow/.local/lib/python3.10/site-packages/airflow/example_dags/example_params_ui_tutorial.py
[2023-08-13T15:26:02.715+0000] {processor.py:826} INFO - Processing file /home/airflow/.local/lib/python3.10/site-packages/airflow/example_dags/example_params_ui_tutorial.py for tasks to queue
[2023-08-13T15:26:02.716+0000] {logging_mixin.py:149} INFO - [2023-08-13T15:26:02.716+0000] {dagbag.py:541} INFO - Filling up the DagBag from /home/airflow/.local/lib/python3.10/site-packages/airflow/example_dags/example_params_ui_tutorial.py
[2023-08-13T15:26:02.735+0000] {processor.py:836} INFO - DAG(s) dict_keys(['example_params_ui_tutorial']) retrieved from /home/airflow/.local/lib/python3.10/site-packages/airflow/example_dags/example_params_ui_tutorial.py
[2023-08-13T15:26:02.764+0000] {logging_mixin.py:149} INFO - [2023-08-13T15:26:02.764+0000] {dag.py:2726} INFO - Sync 1 DAGs
[2023-08-13T15:26:02.774+0000] {logging_mixin.py:149} INFO - [2023-08-13T15:26:02.774+0000] {dag.py:3486} INFO - Setting next_dagrun for example_params_ui_tutorial to None, run_after=None
[2023-08-13T15:26:02.781+0000] {processor.py:179} INFO - Processing /home/airflow/.local/lib/python3.10/site-packages/airflow/example_dags/example_params_ui_tutorial.py took 0.068 seconds
[2023-08-13T15:26:33.135+0000] {processor.py:157} INFO - Started process (PID=2145) to work on /home/airflow/.local/lib/python3.10/site-packages/airflow/example_dags/example_params_ui_tutorial.py
[2023-08-13T15:26:33.136+0000] {processor.py:826} INFO - Processing file /home/airflow/.local/lib/python3.10/site-packages/airflow/example_dags/example_params_ui_tutorial.py for tasks to queue
[2023-08-13T15:26:33.136+0000] {logging_mixin.py:149} INFO - [2023-08-13T15:26:33.136+0000] {dagbag.py:541} INFO - Filling up the DagBag from /home/airflow/.local/lib/python3.10/site-packages/airflow/example_dags/example_params_ui_tutorial.py
[2023-08-13T15:26:33.157+0000] {processor.py:836} INFO - DAG(s) dict_keys(['example_params_ui_tutorial']) retrieved from /home/airflow/.local/lib/python3.10/site-packages/airflow/example_dags/example_params_ui_tutorial.py
[2023-08-13T15:26:33.186+0000] {logging_mixin.py:149} INFO - [2023-08-13T15:26:33.186+0000] {dag.py:2726} INFO - Sync 1 DAGs
[2023-08-13T15:26:33.196+0000] {logging_mixin.py:149} INFO - [2023-08-13T15:26:33.196+0000] {dag.py:3486} INFO - Setting next_dagrun for example_params_ui_tutorial to None, run_after=None
[2023-08-13T15:26:33.204+0000] {processor.py:179} INFO - Processing /home/airflow/.local/lib/python3.10/site-packages/airflow/example_dags/example_params_ui_tutorial.py took 0.070 seconds
[2023-08-13T15:27:03.745+0000] {processor.py:157} INFO - Started process (PID=2222) to work on /home/airflow/.local/lib/python3.10/site-packages/airflow/example_dags/example_params_ui_tutorial.py
[2023-08-13T15:27:03.745+0000] {processor.py:826} INFO - Processing file /home/airflow/.local/lib/python3.10/site-packages/airflow/example_dags/example_params_ui_tutorial.py for tasks to queue
[2023-08-13T15:27:03.746+0000] {logging_mixin.py:149} INFO - [2023-08-13T15:27:03.746+0000] {dagbag.py:541} INFO - Filling up the DagBag from /home/airflow/.local/lib/python3.10/site-packages/airflow/example_dags/example_params_ui_tutorial.py
[2023-08-13T15:27:03.765+0000] {processor.py:836} INFO - DAG(s) dict_keys(['example_params_ui_tutorial']) retrieved from /home/airflow/.local/lib/python3.10/site-packages/airflow/example_dags/example_params_ui_tutorial.py
[2023-08-13T15:27:03.794+0000] {logging_mixin.py:149} INFO - [2023-08-13T15:27:03.794+0000] {dag.py:2726} INFO - Sync 1 DAGs
[2023-08-13T15:27:03.803+0000] {logging_mixin.py:149} INFO - [2023-08-13T15:27:03.803+0000] {dag.py:3486} INFO - Setting next_dagrun for example_params_ui_tutorial to None, run_after=None
[2023-08-13T15:27:03.811+0000] {processor.py:179} INFO - Processing /home/airflow/.local/lib/python3.10/site-packages/airflow/example_dags/example_params_ui_tutorial.py took 0.067 seconds
[2023-08-13T15:27:34.246+0000] {processor.py:157} INFO - Started process (PID=2298) to work on /home/airflow/.local/lib/python3.10/site-packages/airflow/example_dags/example_params_ui_tutorial.py
[2023-08-13T15:27:34.247+0000] {processor.py:826} INFO - Processing file /home/airflow/.local/lib/python3.10/site-packages/airflow/example_dags/example_params_ui_tutorial.py for tasks to queue
[2023-08-13T15:27:34.247+0000] {logging_mixin.py:149} INFO - [2023-08-13T15:27:34.247+0000] {dagbag.py:541} INFO - Filling up the DagBag from /home/airflow/.local/lib/python3.10/site-packages/airflow/example_dags/example_params_ui_tutorial.py
[2023-08-13T15:27:34.267+0000] {processor.py:836} INFO - DAG(s) dict_keys(['example_params_ui_tutorial']) retrieved from /home/airflow/.local/lib/python3.10/site-packages/airflow/example_dags/example_params_ui_tutorial.py
[2023-08-13T15:27:34.296+0000] {logging_mixin.py:149} INFO - [2023-08-13T15:27:34.296+0000] {dag.py:2726} INFO - Sync 1 DAGs
[2023-08-13T15:27:34.306+0000] {logging_mixin.py:149} INFO - [2023-08-13T15:27:34.306+0000] {dag.py:3486} INFO - Setting next_dagrun for example_params_ui_tutorial to None, run_after=None
[2023-08-13T15:27:34.313+0000] {processor.py:179} INFO - Processing /home/airflow/.local/lib/python3.10/site-packages/airflow/example_dags/example_params_ui_tutorial.py took 0.068 seconds
[2023-08-13T15:28:04.540+0000] {processor.py:157} INFO - Started process (PID=2375) to work on /home/airflow/.local/lib/python3.10/site-packages/airflow/example_dags/example_params_ui_tutorial.py
[2023-08-13T15:28:04.540+0000] {processor.py:826} INFO - Processing file /home/airflow/.local/lib/python3.10/site-packages/airflow/example_dags/example_params_ui_tutorial.py for tasks to queue
[2023-08-13T15:28:04.540+0000] {logging_mixin.py:149} INFO - [2023-08-13T15:28:04.540+0000] {dagbag.py:541} INFO - Filling up the DagBag from /home/airflow/.local/lib/python3.10/site-packages/airflow/example_dags/example_params_ui_tutorial.py
[2023-08-13T15:28:04.559+0000] {processor.py:836} INFO - DAG(s) dict_keys(['example_params_ui_tutorial']) retrieved from /home/airflow/.local/lib/python3.10/site-packages/airflow/example_dags/example_params_ui_tutorial.py
[2023-08-13T15:28:04.589+0000] {logging_mixin.py:149} INFO - [2023-08-13T15:28:04.589+0000] {dag.py:2726} INFO - Sync 1 DAGs
[2023-08-13T15:28:04.598+0000] {logging_mixin.py:149} INFO - [2023-08-13T15:28:04.598+0000] {dag.py:3486} INFO - Setting next_dagrun for example_params_ui_tutorial to None, run_after=None
[2023-08-13T15:28:04.607+0000] {processor.py:179} INFO - Processing /home/airflow/.local/lib/python3.10/site-packages/airflow/example_dags/example_params_ui_tutorial.py took 0.068 seconds
[2023-08-13T15:28:34.946+0000] {processor.py:157} INFO - Started process (PID=2453) to work on /home/airflow/.local/lib/python3.10/site-packages/airflow/example_dags/example_params_ui_tutorial.py
[2023-08-13T15:28:34.946+0000] {processor.py:826} INFO - Processing file /home/airflow/.local/lib/python3.10/site-packages/airflow/example_dags/example_params_ui_tutorial.py for tasks to queue
[2023-08-13T15:28:34.946+0000] {logging_mixin.py:149} INFO - [2023-08-13T15:28:34.946+0000] {dagbag.py:541} INFO - Filling up the DagBag from /home/airflow/.local/lib/python3.10/site-packages/airflow/example_dags/example_params_ui_tutorial.py
[2023-08-13T15:28:34.966+0000] {processor.py:836} INFO - DAG(s) dict_keys(['example_params_ui_tutorial']) retrieved from /home/airflow/.local/lib/python3.10/site-packages/airflow/example_dags/example_params_ui_tutorial.py
[2023-08-13T15:28:34.995+0000] {logging_mixin.py:149} INFO - [2023-08-13T15:28:34.995+0000] {dag.py:2726} INFO - Sync 1 DAGs
[2023-08-13T15:28:35.005+0000] {logging_mixin.py:149} INFO - [2023-08-13T15:28:35.005+0000] {dag.py:3486} INFO - Setting next_dagrun for example_params_ui_tutorial to None, run_after=None
[2023-08-13T15:28:35.013+0000] {processor.py:179} INFO - Processing /home/airflow/.local/lib/python3.10/site-packages/airflow/example_dags/example_params_ui_tutorial.py took 0.069 seconds
[2023-08-13T15:29:05.266+0000] {processor.py:157} INFO - Started process (PID=2529) to work on /home/airflow/.local/lib/python3.10/site-packages/airflow/example_dags/example_params_ui_tutorial.py
[2023-08-13T15:29:05.267+0000] {processor.py:826} INFO - Processing file /home/airflow/.local/lib/python3.10/site-packages/airflow/example_dags/example_params_ui_tutorial.py for tasks to queue
[2023-08-13T15:29:05.267+0000] {logging_mixin.py:149} INFO - [2023-08-13T15:29:05.267+0000] {dagbag.py:541} INFO - Filling up the DagBag from /home/airflow/.local/lib/python3.10/site-packages/airflow/example_dags/example_params_ui_tutorial.py
[2023-08-13T15:29:05.286+0000] {processor.py:836} INFO - DAG(s) dict_keys(['example_params_ui_tutorial']) retrieved from /home/airflow/.local/lib/python3.10/site-packages/airflow/example_dags/example_params_ui_tutorial.py
[2023-08-13T15:29:05.315+0000] {logging_mixin.py:149} INFO - [2023-08-13T15:29:05.315+0000] {dag.py:2726} INFO - Sync 1 DAGs
[2023-08-13T15:29:05.324+0000] {logging_mixin.py:149} INFO - [2023-08-13T15:29:05.324+0000] {dag.py:3486} INFO - Setting next_dagrun for example_params_ui_tutorial to None, run_after=None
[2023-08-13T15:29:05.331+0000] {processor.py:179} INFO - Processing /home/airflow/.local/lib/python3.10/site-packages/airflow/example_dags/example_params_ui_tutorial.py took 0.066 seconds
