[2023-08-13T08:25:09.808+0000] {processor.py:157} INFO - Started process (PID=47) to work on /home/airflow/.local/lib/python3.10/site-packages/airflow/example_dags/example_short_circuit_operator.py
[2023-08-13T08:25:09.808+0000] {processor.py:826} INFO - Processing file /home/airflow/.local/lib/python3.10/site-packages/airflow/example_dags/example_short_circuit_operator.py for tasks to queue
[2023-08-13T08:25:09.809+0000] {logging_mixin.py:149} INFO - [2023-08-13T08:25:09.809+0000] {dagbag.py:541} INFO - Filling up the DagBag from /home/airflow/.local/lib/python3.10/site-packages/airflow/example_dags/example_short_circuit_operator.py
[2023-08-13T08:25:09.814+0000] {processor.py:836} INFO - DAG(s) dict_keys(['example_short_circuit_operator']) retrieved from /home/airflow/.local/lib/python3.10/site-packages/airflow/example_dags/example_short_circuit_operator.py
[2023-08-13T08:25:09.819+0000] {logging_mixin.py:149} INFO - [2023-08-13T08:25:09.819+0000] {dag.py:2726} INFO - Sync 1 DAGs
[2023-08-13T08:25:09.830+0000] {logging_mixin.py:149} INFO - [2023-08-13T08:25:09.830+0000] {dag.py:3486} INFO - Setting next_dagrun for example_short_circuit_operator to 2023-08-12T08:25:09.830101+00:00, run_after=2023-08-13T08:25:09.830101+00:00
[2023-08-13T08:25:09.837+0000] {processor.py:179} INFO - Processing /home/airflow/.local/lib/python3.10/site-packages/airflow/example_dags/example_short_circuit_operator.py took 0.031 seconds
[2023-08-13T08:25:39.940+0000] {processor.py:157} INFO - Started process (PID=124) to work on /home/airflow/.local/lib/python3.10/site-packages/airflow/example_dags/example_short_circuit_operator.py
[2023-08-13T08:25:39.940+0000] {processor.py:826} INFO - Processing file /home/airflow/.local/lib/python3.10/site-packages/airflow/example_dags/example_short_circuit_operator.py for tasks to queue
[2023-08-13T08:25:39.941+0000] {logging_mixin.py:149} INFO - [2023-08-13T08:25:39.940+0000] {dagbag.py:541} INFO - Filling up the DagBag from /home/airflow/.local/lib/python3.10/site-packages/airflow/example_dags/example_short_circuit_operator.py
[2023-08-13T08:25:39.944+0000] {processor.py:836} INFO - DAG(s) dict_keys(['example_short_circuit_operator']) retrieved from /home/airflow/.local/lib/python3.10/site-packages/airflow/example_dags/example_short_circuit_operator.py
[2023-08-13T08:25:39.956+0000] {logging_mixin.py:149} INFO - [2023-08-13T08:25:39.956+0000] {dag.py:2726} INFO - Sync 1 DAGs
[2023-08-13T08:25:39.966+0000] {logging_mixin.py:149} INFO - [2023-08-13T08:25:39.966+0000] {dag.py:3486} INFO - Setting next_dagrun for example_short_circuit_operator to 2023-08-12T08:25:39.966681+00:00, run_after=2023-08-13T08:25:39.966681+00:00
[2023-08-13T08:25:39.973+0000] {processor.py:179} INFO - Processing /home/airflow/.local/lib/python3.10/site-packages/airflow/example_dags/example_short_circuit_operator.py took 0.035 seconds
[2023-08-13T08:26:10.423+0000] {processor.py:157} INFO - Started process (PID=201) to work on /home/airflow/.local/lib/python3.10/site-packages/airflow/example_dags/example_short_circuit_operator.py
[2023-08-13T08:26:10.424+0000] {processor.py:826} INFO - Processing file /home/airflow/.local/lib/python3.10/site-packages/airflow/example_dags/example_short_circuit_operator.py for tasks to queue
[2023-08-13T08:26:10.424+0000] {logging_mixin.py:149} INFO - [2023-08-13T08:26:10.424+0000] {dagbag.py:541} INFO - Filling up the DagBag from /home/airflow/.local/lib/python3.10/site-packages/airflow/example_dags/example_short_circuit_operator.py
[2023-08-13T08:26:10.428+0000] {processor.py:836} INFO - DAG(s) dict_keys(['example_short_circuit_operator']) retrieved from /home/airflow/.local/lib/python3.10/site-packages/airflow/example_dags/example_short_circuit_operator.py
[2023-08-13T08:26:10.439+0000] {logging_mixin.py:149} INFO - [2023-08-13T08:26:10.439+0000] {dag.py:2726} INFO - Sync 1 DAGs
[2023-08-13T08:26:10.448+0000] {logging_mixin.py:149} INFO - [2023-08-13T08:26:10.448+0000] {dag.py:3486} INFO - Setting next_dagrun for example_short_circuit_operator to 2023-08-12T08:26:10.448599+00:00, run_after=2023-08-13T08:26:10.448599+00:00
[2023-08-13T08:26:10.455+0000] {processor.py:179} INFO - Processing /home/airflow/.local/lib/python3.10/site-packages/airflow/example_dags/example_short_circuit_operator.py took 0.033 seconds
[2023-08-13T08:26:40.848+0000] {processor.py:157} INFO - Started process (PID=277) to work on /home/airflow/.local/lib/python3.10/site-packages/airflow/example_dags/example_short_circuit_operator.py
[2023-08-13T08:26:40.849+0000] {processor.py:826} INFO - Processing file /home/airflow/.local/lib/python3.10/site-packages/airflow/example_dags/example_short_circuit_operator.py for tasks to queue
[2023-08-13T08:26:40.849+0000] {logging_mixin.py:149} INFO - [2023-08-13T08:26:40.849+0000] {dagbag.py:541} INFO - Filling up the DagBag from /home/airflow/.local/lib/python3.10/site-packages/airflow/example_dags/example_short_circuit_operator.py
[2023-08-13T08:26:40.852+0000] {processor.py:836} INFO - DAG(s) dict_keys(['example_short_circuit_operator']) retrieved from /home/airflow/.local/lib/python3.10/site-packages/airflow/example_dags/example_short_circuit_operator.py
[2023-08-13T08:26:40.863+0000] {logging_mixin.py:149} INFO - [2023-08-13T08:26:40.863+0000] {dag.py:2726} INFO - Sync 1 DAGs
[2023-08-13T08:26:40.873+0000] {logging_mixin.py:149} INFO - [2023-08-13T08:26:40.873+0000] {dag.py:3486} INFO - Setting next_dagrun for example_short_circuit_operator to 2023-08-12T08:26:40.873049+00:00, run_after=2023-08-13T08:26:40.873049+00:00
[2023-08-13T08:26:40.880+0000] {processor.py:179} INFO - Processing /home/airflow/.local/lib/python3.10/site-packages/airflow/example_dags/example_short_circuit_operator.py took 0.033 seconds
[2023-08-13T08:27:11.414+0000] {processor.py:157} INFO - Started process (PID=354) to work on /home/airflow/.local/lib/python3.10/site-packages/airflow/example_dags/example_short_circuit_operator.py
[2023-08-13T08:27:11.414+0000] {processor.py:826} INFO - Processing file /home/airflow/.local/lib/python3.10/site-packages/airflow/example_dags/example_short_circuit_operator.py for tasks to queue
[2023-08-13T08:27:11.414+0000] {logging_mixin.py:149} INFO - [2023-08-13T08:27:11.414+0000] {dagbag.py:541} INFO - Filling up the DagBag from /home/airflow/.local/lib/python3.10/site-packages/airflow/example_dags/example_short_circuit_operator.py
[2023-08-13T08:27:11.418+0000] {processor.py:836} INFO - DAG(s) dict_keys(['example_short_circuit_operator']) retrieved from /home/airflow/.local/lib/python3.10/site-packages/airflow/example_dags/example_short_circuit_operator.py
[2023-08-13T08:27:11.430+0000] {logging_mixin.py:149} INFO - [2023-08-13T08:27:11.430+0000] {dag.py:2726} INFO - Sync 1 DAGs
[2023-08-13T08:27:11.439+0000] {logging_mixin.py:149} INFO - [2023-08-13T08:27:11.439+0000] {dag.py:3486} INFO - Setting next_dagrun for example_short_circuit_operator to 2023-08-12T08:27:11.439792+00:00, run_after=2023-08-13T08:27:11.439792+00:00
[2023-08-13T08:27:11.447+0000] {processor.py:179} INFO - Processing /home/airflow/.local/lib/python3.10/site-packages/airflow/example_dags/example_short_circuit_operator.py took 0.034 seconds
[2023-08-13T08:27:41.709+0000] {processor.py:157} INFO - Started process (PID=431) to work on /home/airflow/.local/lib/python3.10/site-packages/airflow/example_dags/example_short_circuit_operator.py
[2023-08-13T08:27:41.709+0000] {processor.py:826} INFO - Processing file /home/airflow/.local/lib/python3.10/site-packages/airflow/example_dags/example_short_circuit_operator.py for tasks to queue
[2023-08-13T08:27:41.710+0000] {logging_mixin.py:149} INFO - [2023-08-13T08:27:41.710+0000] {dagbag.py:541} INFO - Filling up the DagBag from /home/airflow/.local/lib/python3.10/site-packages/airflow/example_dags/example_short_circuit_operator.py
[2023-08-13T08:27:41.713+0000] {processor.py:836} INFO - DAG(s) dict_keys(['example_short_circuit_operator']) retrieved from /home/airflow/.local/lib/python3.10/site-packages/airflow/example_dags/example_short_circuit_operator.py
[2023-08-13T08:27:41.724+0000] {logging_mixin.py:149} INFO - [2023-08-13T08:27:41.724+0000] {dag.py:2726} INFO - Sync 1 DAGs
[2023-08-13T08:27:41.734+0000] {logging_mixin.py:149} INFO - [2023-08-13T08:27:41.734+0000] {dag.py:3486} INFO - Setting next_dagrun for example_short_circuit_operator to 2023-08-12T08:27:41.734607+00:00, run_after=2023-08-13T08:27:41.734607+00:00
[2023-08-13T08:27:41.742+0000] {processor.py:179} INFO - Processing /home/airflow/.local/lib/python3.10/site-packages/airflow/example_dags/example_short_circuit_operator.py took 0.034 seconds
[2023-08-13T08:28:12.040+0000] {processor.py:157} INFO - Started process (PID=507) to work on /home/airflow/.local/lib/python3.10/site-packages/airflow/example_dags/example_short_circuit_operator.py
[2023-08-13T08:28:12.040+0000] {processor.py:826} INFO - Processing file /home/airflow/.local/lib/python3.10/site-packages/airflow/example_dags/example_short_circuit_operator.py for tasks to queue
[2023-08-13T08:28:12.041+0000] {logging_mixin.py:149} INFO - [2023-08-13T08:28:12.041+0000] {dagbag.py:541} INFO - Filling up the DagBag from /home/airflow/.local/lib/python3.10/site-packages/airflow/example_dags/example_short_circuit_operator.py
[2023-08-13T08:28:12.044+0000] {processor.py:836} INFO - DAG(s) dict_keys(['example_short_circuit_operator']) retrieved from /home/airflow/.local/lib/python3.10/site-packages/airflow/example_dags/example_short_circuit_operator.py
[2023-08-13T08:28:12.055+0000] {logging_mixin.py:149} INFO - [2023-08-13T08:28:12.055+0000] {dag.py:2726} INFO - Sync 1 DAGs
[2023-08-13T08:28:12.065+0000] {logging_mixin.py:149} INFO - [2023-08-13T08:28:12.065+0000] {dag.py:3486} INFO - Setting next_dagrun for example_short_circuit_operator to 2023-08-12T08:28:12.065597+00:00, run_after=2023-08-13T08:28:12.065597+00:00
[2023-08-13T08:28:12.073+0000] {processor.py:179} INFO - Processing /home/airflow/.local/lib/python3.10/site-packages/airflow/example_dags/example_short_circuit_operator.py took 0.034 seconds
[2023-08-13T08:28:42.417+0000] {processor.py:157} INFO - Started process (PID=584) to work on /home/airflow/.local/lib/python3.10/site-packages/airflow/example_dags/example_short_circuit_operator.py
[2023-08-13T08:28:42.418+0000] {processor.py:826} INFO - Processing file /home/airflow/.local/lib/python3.10/site-packages/airflow/example_dags/example_short_circuit_operator.py for tasks to queue
[2023-08-13T08:28:42.418+0000] {logging_mixin.py:149} INFO - [2023-08-13T08:28:42.418+0000] {dagbag.py:541} INFO - Filling up the DagBag from /home/airflow/.local/lib/python3.10/site-packages/airflow/example_dags/example_short_circuit_operator.py
[2023-08-13T08:28:42.421+0000] {processor.py:836} INFO - DAG(s) dict_keys(['example_short_circuit_operator']) retrieved from /home/airflow/.local/lib/python3.10/site-packages/airflow/example_dags/example_short_circuit_operator.py
[2023-08-13T08:28:42.433+0000] {logging_mixin.py:149} INFO - [2023-08-13T08:28:42.433+0000] {dag.py:2726} INFO - Sync 1 DAGs
[2023-08-13T08:28:42.442+0000] {logging_mixin.py:149} INFO - [2023-08-13T08:28:42.442+0000] {dag.py:3486} INFO - Setting next_dagrun for example_short_circuit_operator to 2023-08-12T08:28:42.442543+00:00, run_after=2023-08-13T08:28:42.442543+00:00
[2023-08-13T08:28:42.449+0000] {processor.py:179} INFO - Processing /home/airflow/.local/lib/python3.10/site-packages/airflow/example_dags/example_short_circuit_operator.py took 0.033 seconds
[2023-08-13T08:29:12.742+0000] {processor.py:157} INFO - Started process (PID=661) to work on /home/airflow/.local/lib/python3.10/site-packages/airflow/example_dags/example_short_circuit_operator.py
[2023-08-13T08:29:12.743+0000] {processor.py:826} INFO - Processing file /home/airflow/.local/lib/python3.10/site-packages/airflow/example_dags/example_short_circuit_operator.py for tasks to queue
[2023-08-13T08:29:12.743+0000] {logging_mixin.py:149} INFO - [2023-08-13T08:29:12.743+0000] {dagbag.py:541} INFO - Filling up the DagBag from /home/airflow/.local/lib/python3.10/site-packages/airflow/example_dags/example_short_circuit_operator.py
[2023-08-13T08:29:12.747+0000] {processor.py:836} INFO - DAG(s) dict_keys(['example_short_circuit_operator']) retrieved from /home/airflow/.local/lib/python3.10/site-packages/airflow/example_dags/example_short_circuit_operator.py
[2023-08-13T08:29:12.758+0000] {logging_mixin.py:149} INFO - [2023-08-13T08:29:12.758+0000] {dag.py:2726} INFO - Sync 1 DAGs
[2023-08-13T08:29:12.767+0000] {logging_mixin.py:149} INFO - [2023-08-13T08:29:12.767+0000] {dag.py:3486} INFO - Setting next_dagrun for example_short_circuit_operator to 2023-08-12T08:29:12.767726+00:00, run_after=2023-08-13T08:29:12.767726+00:00
[2023-08-13T08:29:12.774+0000] {processor.py:179} INFO - Processing /home/airflow/.local/lib/python3.10/site-packages/airflow/example_dags/example_short_circuit_operator.py took 0.034 seconds
[2023-08-13T08:29:43.060+0000] {processor.py:157} INFO - Started process (PID=738) to work on /home/airflow/.local/lib/python3.10/site-packages/airflow/example_dags/example_short_circuit_operator.py
[2023-08-13T08:29:43.060+0000] {processor.py:826} INFO - Processing file /home/airflow/.local/lib/python3.10/site-packages/airflow/example_dags/example_short_circuit_operator.py for tasks to queue
[2023-08-13T08:29:43.061+0000] {logging_mixin.py:149} INFO - [2023-08-13T08:29:43.061+0000] {dagbag.py:541} INFO - Filling up the DagBag from /home/airflow/.local/lib/python3.10/site-packages/airflow/example_dags/example_short_circuit_operator.py
[2023-08-13T08:29:43.064+0000] {processor.py:836} INFO - DAG(s) dict_keys(['example_short_circuit_operator']) retrieved from /home/airflow/.local/lib/python3.10/site-packages/airflow/example_dags/example_short_circuit_operator.py
[2023-08-13T08:29:43.077+0000] {logging_mixin.py:149} INFO - [2023-08-13T08:29:43.077+0000] {dag.py:2726} INFO - Sync 1 DAGs
[2023-08-13T08:29:43.087+0000] {logging_mixin.py:149} INFO - [2023-08-13T08:29:43.087+0000] {dag.py:3486} INFO - Setting next_dagrun for example_short_circuit_operator to 2023-08-12T08:29:43.087164+00:00, run_after=2023-08-13T08:29:43.087164+00:00
[2023-08-13T08:29:43.094+0000] {processor.py:179} INFO - Processing /home/airflow/.local/lib/python3.10/site-packages/airflow/example_dags/example_short_circuit_operator.py took 0.035 seconds
[2023-08-13T08:30:13.458+0000] {processor.py:157} INFO - Started process (PID=815) to work on /home/airflow/.local/lib/python3.10/site-packages/airflow/example_dags/example_short_circuit_operator.py
[2023-08-13T08:30:13.458+0000] {processor.py:826} INFO - Processing file /home/airflow/.local/lib/python3.10/site-packages/airflow/example_dags/example_short_circuit_operator.py for tasks to queue
[2023-08-13T08:30:13.458+0000] {logging_mixin.py:149} INFO - [2023-08-13T08:30:13.458+0000] {dagbag.py:541} INFO - Filling up the DagBag from /home/airflow/.local/lib/python3.10/site-packages/airflow/example_dags/example_short_circuit_operator.py
[2023-08-13T08:30:13.462+0000] {processor.py:836} INFO - DAG(s) dict_keys(['example_short_circuit_operator']) retrieved from /home/airflow/.local/lib/python3.10/site-packages/airflow/example_dags/example_short_circuit_operator.py
[2023-08-13T08:30:13.473+0000] {logging_mixin.py:149} INFO - [2023-08-13T08:30:13.473+0000] {dag.py:2726} INFO - Sync 1 DAGs
[2023-08-13T08:30:13.482+0000] {logging_mixin.py:149} INFO - [2023-08-13T08:30:13.482+0000] {dag.py:3486} INFO - Setting next_dagrun for example_short_circuit_operator to 2023-08-12T08:30:13.482324+00:00, run_after=2023-08-13T08:30:13.482324+00:00
[2023-08-13T08:30:13.489+0000] {processor.py:179} INFO - Processing /home/airflow/.local/lib/python3.10/site-packages/airflow/example_dags/example_short_circuit_operator.py took 0.033 seconds
[2023-08-13T08:30:43.936+0000] {processor.py:157} INFO - Started process (PID=892) to work on /home/airflow/.local/lib/python3.10/site-packages/airflow/example_dags/example_short_circuit_operator.py
[2023-08-13T08:30:43.937+0000] {processor.py:826} INFO - Processing file /home/airflow/.local/lib/python3.10/site-packages/airflow/example_dags/example_short_circuit_operator.py for tasks to queue
[2023-08-13T08:30:43.937+0000] {logging_mixin.py:149} INFO - [2023-08-13T08:30:43.937+0000] {dagbag.py:541} INFO - Filling up the DagBag from /home/airflow/.local/lib/python3.10/site-packages/airflow/example_dags/example_short_circuit_operator.py
[2023-08-13T08:30:43.940+0000] {processor.py:836} INFO - DAG(s) dict_keys(['example_short_circuit_operator']) retrieved from /home/airflow/.local/lib/python3.10/site-packages/airflow/example_dags/example_short_circuit_operator.py
[2023-08-13T08:30:43.952+0000] {logging_mixin.py:149} INFO - [2023-08-13T08:30:43.952+0000] {dag.py:2726} INFO - Sync 1 DAGs
[2023-08-13T08:30:43.962+0000] {logging_mixin.py:149} INFO - [2023-08-13T08:30:43.962+0000] {dag.py:3486} INFO - Setting next_dagrun for example_short_circuit_operator to 2023-08-12T08:30:43.962621+00:00, run_after=2023-08-13T08:30:43.962621+00:00
[2023-08-13T08:30:43.969+0000] {processor.py:179} INFO - Processing /home/airflow/.local/lib/python3.10/site-packages/airflow/example_dags/example_short_circuit_operator.py took 0.035 seconds
[2023-08-13T08:31:14.299+0000] {processor.py:157} INFO - Started process (PID=969) to work on /home/airflow/.local/lib/python3.10/site-packages/airflow/example_dags/example_short_circuit_operator.py
[2023-08-13T08:31:14.299+0000] {processor.py:826} INFO - Processing file /home/airflow/.local/lib/python3.10/site-packages/airflow/example_dags/example_short_circuit_operator.py for tasks to queue
[2023-08-13T08:31:14.299+0000] {logging_mixin.py:149} INFO - [2023-08-13T08:31:14.299+0000] {dagbag.py:541} INFO - Filling up the DagBag from /home/airflow/.local/lib/python3.10/site-packages/airflow/example_dags/example_short_circuit_operator.py
[2023-08-13T08:31:14.303+0000] {processor.py:836} INFO - DAG(s) dict_keys(['example_short_circuit_operator']) retrieved from /home/airflow/.local/lib/python3.10/site-packages/airflow/example_dags/example_short_circuit_operator.py
[2023-08-13T08:31:14.314+0000] {logging_mixin.py:149} INFO - [2023-08-13T08:31:14.314+0000] {dag.py:2726} INFO - Sync 1 DAGs
[2023-08-13T08:31:14.324+0000] {logging_mixin.py:149} INFO - [2023-08-13T08:31:14.324+0000] {dag.py:3486} INFO - Setting next_dagrun for example_short_circuit_operator to 2023-08-12T08:31:14.324334+00:00, run_after=2023-08-13T08:31:14.324334+00:00
[2023-08-13T08:31:14.331+0000] {processor.py:179} INFO - Processing /home/airflow/.local/lib/python3.10/site-packages/airflow/example_dags/example_short_circuit_operator.py took 0.034 seconds
[2023-08-13T08:31:44.765+0000] {processor.py:157} INFO - Started process (PID=1046) to work on /home/airflow/.local/lib/python3.10/site-packages/airflow/example_dags/example_short_circuit_operator.py
[2023-08-13T08:31:44.765+0000] {processor.py:826} INFO - Processing file /home/airflow/.local/lib/python3.10/site-packages/airflow/example_dags/example_short_circuit_operator.py for tasks to queue
[2023-08-13T08:31:44.765+0000] {logging_mixin.py:149} INFO - [2023-08-13T08:31:44.765+0000] {dagbag.py:541} INFO - Filling up the DagBag from /home/airflow/.local/lib/python3.10/site-packages/airflow/example_dags/example_short_circuit_operator.py
[2023-08-13T08:31:44.769+0000] {processor.py:836} INFO - DAG(s) dict_keys(['example_short_circuit_operator']) retrieved from /home/airflow/.local/lib/python3.10/site-packages/airflow/example_dags/example_short_circuit_operator.py
[2023-08-13T08:31:44.780+0000] {logging_mixin.py:149} INFO - [2023-08-13T08:31:44.780+0000] {dag.py:2726} INFO - Sync 1 DAGs
[2023-08-13T08:31:44.789+0000] {logging_mixin.py:149} INFO - [2023-08-13T08:31:44.789+0000] {dag.py:3486} INFO - Setting next_dagrun for example_short_circuit_operator to 2023-08-12T08:31:44.789214+00:00, run_after=2023-08-13T08:31:44.789214+00:00
[2023-08-13T08:31:44.796+0000] {processor.py:179} INFO - Processing /home/airflow/.local/lib/python3.10/site-packages/airflow/example_dags/example_short_circuit_operator.py took 0.032 seconds
[2023-08-13T08:32:15.122+0000] {processor.py:157} INFO - Started process (PID=1123) to work on /home/airflow/.local/lib/python3.10/site-packages/airflow/example_dags/example_short_circuit_operator.py
[2023-08-13T08:32:15.122+0000] {processor.py:826} INFO - Processing file /home/airflow/.local/lib/python3.10/site-packages/airflow/example_dags/example_short_circuit_operator.py for tasks to queue
[2023-08-13T08:32:15.122+0000] {logging_mixin.py:149} INFO - [2023-08-13T08:32:15.122+0000] {dagbag.py:541} INFO - Filling up the DagBag from /home/airflow/.local/lib/python3.10/site-packages/airflow/example_dags/example_short_circuit_operator.py
[2023-08-13T08:32:15.125+0000] {processor.py:836} INFO - DAG(s) dict_keys(['example_short_circuit_operator']) retrieved from /home/airflow/.local/lib/python3.10/site-packages/airflow/example_dags/example_short_circuit_operator.py
[2023-08-13T08:32:15.137+0000] {logging_mixin.py:149} INFO - [2023-08-13T08:32:15.137+0000] {dag.py:2726} INFO - Sync 1 DAGs
[2023-08-13T08:32:15.147+0000] {logging_mixin.py:149} INFO - [2023-08-13T08:32:15.147+0000] {dag.py:3486} INFO - Setting next_dagrun for example_short_circuit_operator to 2023-08-12T08:32:15.146950+00:00, run_after=2023-08-13T08:32:15.146950+00:00
[2023-08-13T08:32:15.153+0000] {processor.py:179} INFO - Processing /home/airflow/.local/lib/python3.10/site-packages/airflow/example_dags/example_short_circuit_operator.py took 0.033 seconds
[2023-08-13T08:32:45.445+0000] {processor.py:157} INFO - Started process (PID=1200) to work on /home/airflow/.local/lib/python3.10/site-packages/airflow/example_dags/example_short_circuit_operator.py
[2023-08-13T08:32:45.446+0000] {processor.py:826} INFO - Processing file /home/airflow/.local/lib/python3.10/site-packages/airflow/example_dags/example_short_circuit_operator.py for tasks to queue
[2023-08-13T08:32:45.446+0000] {logging_mixin.py:149} INFO - [2023-08-13T08:32:45.446+0000] {dagbag.py:541} INFO - Filling up the DagBag from /home/airflow/.local/lib/python3.10/site-packages/airflow/example_dags/example_short_circuit_operator.py
[2023-08-13T08:32:45.449+0000] {processor.py:836} INFO - DAG(s) dict_keys(['example_short_circuit_operator']) retrieved from /home/airflow/.local/lib/python3.10/site-packages/airflow/example_dags/example_short_circuit_operator.py
[2023-08-13T08:32:45.460+0000] {logging_mixin.py:149} INFO - [2023-08-13T08:32:45.460+0000] {dag.py:2726} INFO - Sync 1 DAGs
[2023-08-13T08:32:45.470+0000] {logging_mixin.py:149} INFO - [2023-08-13T08:32:45.470+0000] {dag.py:3486} INFO - Setting next_dagrun for example_short_circuit_operator to 2023-08-12T08:32:45.470184+00:00, run_after=2023-08-13T08:32:45.470184+00:00
[2023-08-13T08:32:45.477+0000] {processor.py:179} INFO - Processing /home/airflow/.local/lib/python3.10/site-packages/airflow/example_dags/example_short_circuit_operator.py took 0.033 seconds
[2023-08-13T08:33:15.727+0000] {processor.py:157} INFO - Started process (PID=1277) to work on /home/airflow/.local/lib/python3.10/site-packages/airflow/example_dags/example_short_circuit_operator.py
[2023-08-13T08:33:15.728+0000] {processor.py:826} INFO - Processing file /home/airflow/.local/lib/python3.10/site-packages/airflow/example_dags/example_short_circuit_operator.py for tasks to queue
[2023-08-13T08:33:15.728+0000] {logging_mixin.py:149} INFO - [2023-08-13T08:33:15.728+0000] {dagbag.py:541} INFO - Filling up the DagBag from /home/airflow/.local/lib/python3.10/site-packages/airflow/example_dags/example_short_circuit_operator.py
[2023-08-13T08:33:15.731+0000] {processor.py:836} INFO - DAG(s) dict_keys(['example_short_circuit_operator']) retrieved from /home/airflow/.local/lib/python3.10/site-packages/airflow/example_dags/example_short_circuit_operator.py
[2023-08-13T08:33:15.742+0000] {logging_mixin.py:149} INFO - [2023-08-13T08:33:15.742+0000] {dag.py:2726} INFO - Sync 1 DAGs
[2023-08-13T08:33:15.752+0000] {logging_mixin.py:149} INFO - [2023-08-13T08:33:15.752+0000] {dag.py:3486} INFO - Setting next_dagrun for example_short_circuit_operator to 2023-08-12T08:33:15.752088+00:00, run_after=2023-08-13T08:33:15.752088+00:00
[2023-08-13T08:33:15.759+0000] {processor.py:179} INFO - Processing /home/airflow/.local/lib/python3.10/site-packages/airflow/example_dags/example_short_circuit_operator.py took 0.033 seconds
[2023-08-13T08:33:46.004+0000] {processor.py:157} INFO - Started process (PID=1354) to work on /home/airflow/.local/lib/python3.10/site-packages/airflow/example_dags/example_short_circuit_operator.py
[2023-08-13T08:33:46.004+0000] {processor.py:826} INFO - Processing file /home/airflow/.local/lib/python3.10/site-packages/airflow/example_dags/example_short_circuit_operator.py for tasks to queue
[2023-08-13T08:33:46.005+0000] {logging_mixin.py:149} INFO - [2023-08-13T08:33:46.005+0000] {dagbag.py:541} INFO - Filling up the DagBag from /home/airflow/.local/lib/python3.10/site-packages/airflow/example_dags/example_short_circuit_operator.py
[2023-08-13T08:33:46.008+0000] {processor.py:836} INFO - DAG(s) dict_keys(['example_short_circuit_operator']) retrieved from /home/airflow/.local/lib/python3.10/site-packages/airflow/example_dags/example_short_circuit_operator.py
[2023-08-13T08:33:46.020+0000] {logging_mixin.py:149} INFO - [2023-08-13T08:33:46.020+0000] {dag.py:2726} INFO - Sync 1 DAGs
[2023-08-13T08:33:46.030+0000] {logging_mixin.py:149} INFO - [2023-08-13T08:33:46.030+0000] {dag.py:3486} INFO - Setting next_dagrun for example_short_circuit_operator to 2023-08-12T08:33:46.030072+00:00, run_after=2023-08-13T08:33:46.030072+00:00
[2023-08-13T08:33:46.037+0000] {processor.py:179} INFO - Processing /home/airflow/.local/lib/python3.10/site-packages/airflow/example_dags/example_short_circuit_operator.py took 0.034 seconds
[2023-08-13T08:34:16.418+0000] {processor.py:157} INFO - Started process (PID=1431) to work on /home/airflow/.local/lib/python3.10/site-packages/airflow/example_dags/example_short_circuit_operator.py
[2023-08-13T08:34:16.418+0000] {processor.py:826} INFO - Processing file /home/airflow/.local/lib/python3.10/site-packages/airflow/example_dags/example_short_circuit_operator.py for tasks to queue
[2023-08-13T08:34:16.419+0000] {logging_mixin.py:149} INFO - [2023-08-13T08:34:16.419+0000] {dagbag.py:541} INFO - Filling up the DagBag from /home/airflow/.local/lib/python3.10/site-packages/airflow/example_dags/example_short_circuit_operator.py
[2023-08-13T08:34:16.422+0000] {processor.py:836} INFO - DAG(s) dict_keys(['example_short_circuit_operator']) retrieved from /home/airflow/.local/lib/python3.10/site-packages/airflow/example_dags/example_short_circuit_operator.py
[2023-08-13T08:34:16.434+0000] {logging_mixin.py:149} INFO - [2023-08-13T08:34:16.434+0000] {dag.py:2726} INFO - Sync 1 DAGs
[2023-08-13T08:34:16.444+0000] {logging_mixin.py:149} INFO - [2023-08-13T08:34:16.444+0000] {dag.py:3486} INFO - Setting next_dagrun for example_short_circuit_operator to 2023-08-12T08:34:16.443939+00:00, run_after=2023-08-13T08:34:16.443939+00:00
[2023-08-13T08:34:16.451+0000] {processor.py:179} INFO - Processing /home/airflow/.local/lib/python3.10/site-packages/airflow/example_dags/example_short_circuit_operator.py took 0.035 seconds
[2023-08-13T08:34:46.755+0000] {processor.py:157} INFO - Started process (PID=1508) to work on /home/airflow/.local/lib/python3.10/site-packages/airflow/example_dags/example_short_circuit_operator.py
[2023-08-13T08:34:46.756+0000] {processor.py:826} INFO - Processing file /home/airflow/.local/lib/python3.10/site-packages/airflow/example_dags/example_short_circuit_operator.py for tasks to queue
[2023-08-13T08:34:46.756+0000] {logging_mixin.py:149} INFO - [2023-08-13T08:34:46.756+0000] {dagbag.py:541} INFO - Filling up the DagBag from /home/airflow/.local/lib/python3.10/site-packages/airflow/example_dags/example_short_circuit_operator.py
[2023-08-13T08:34:46.759+0000] {processor.py:836} INFO - DAG(s) dict_keys(['example_short_circuit_operator']) retrieved from /home/airflow/.local/lib/python3.10/site-packages/airflow/example_dags/example_short_circuit_operator.py
[2023-08-13T08:34:46.771+0000] {logging_mixin.py:149} INFO - [2023-08-13T08:34:46.771+0000] {dag.py:2726} INFO - Sync 1 DAGs
[2023-08-13T08:34:46.781+0000] {logging_mixin.py:149} INFO - [2023-08-13T08:34:46.781+0000] {dag.py:3486} INFO - Setting next_dagrun for example_short_circuit_operator to 2023-08-12T08:34:46.781015+00:00, run_after=2023-08-13T08:34:46.781015+00:00
[2023-08-13T08:34:46.788+0000] {processor.py:179} INFO - Processing /home/airflow/.local/lib/python3.10/site-packages/airflow/example_dags/example_short_circuit_operator.py took 0.034 seconds
[2023-08-13T08:35:17.156+0000] {processor.py:157} INFO - Started process (PID=1584) to work on /home/airflow/.local/lib/python3.10/site-packages/airflow/example_dags/example_short_circuit_operator.py
[2023-08-13T08:35:17.156+0000] {processor.py:826} INFO - Processing file /home/airflow/.local/lib/python3.10/site-packages/airflow/example_dags/example_short_circuit_operator.py for tasks to queue
[2023-08-13T08:35:17.156+0000] {logging_mixin.py:149} INFO - [2023-08-13T08:35:17.156+0000] {dagbag.py:541} INFO - Filling up the DagBag from /home/airflow/.local/lib/python3.10/site-packages/airflow/example_dags/example_short_circuit_operator.py
[2023-08-13T08:35:17.160+0000] {processor.py:836} INFO - DAG(s) dict_keys(['example_short_circuit_operator']) retrieved from /home/airflow/.local/lib/python3.10/site-packages/airflow/example_dags/example_short_circuit_operator.py
[2023-08-13T08:35:17.172+0000] {logging_mixin.py:149} INFO - [2023-08-13T08:35:17.172+0000] {dag.py:2726} INFO - Sync 1 DAGs
[2023-08-13T08:35:17.181+0000] {logging_mixin.py:149} INFO - [2023-08-13T08:35:17.181+0000] {dag.py:3486} INFO - Setting next_dagrun for example_short_circuit_operator to 2023-08-12T08:35:17.181377+00:00, run_after=2023-08-13T08:35:17.181377+00:00
[2023-08-13T08:35:17.188+0000] {processor.py:179} INFO - Processing /home/airflow/.local/lib/python3.10/site-packages/airflow/example_dags/example_short_circuit_operator.py took 0.034 seconds
[2023-08-13T08:35:47.466+0000] {processor.py:157} INFO - Started process (PID=1661) to work on /home/airflow/.local/lib/python3.10/site-packages/airflow/example_dags/example_short_circuit_operator.py
[2023-08-13T08:35:47.466+0000] {processor.py:826} INFO - Processing file /home/airflow/.local/lib/python3.10/site-packages/airflow/example_dags/example_short_circuit_operator.py for tasks to queue
[2023-08-13T08:35:47.466+0000] {logging_mixin.py:149} INFO - [2023-08-13T08:35:47.466+0000] {dagbag.py:541} INFO - Filling up the DagBag from /home/airflow/.local/lib/python3.10/site-packages/airflow/example_dags/example_short_circuit_operator.py
[2023-08-13T08:35:47.470+0000] {processor.py:836} INFO - DAG(s) dict_keys(['example_short_circuit_operator']) retrieved from /home/airflow/.local/lib/python3.10/site-packages/airflow/example_dags/example_short_circuit_operator.py
[2023-08-13T08:35:47.481+0000] {logging_mixin.py:149} INFO - [2023-08-13T08:35:47.481+0000] {dag.py:2726} INFO - Sync 1 DAGs
[2023-08-13T08:35:47.490+0000] {logging_mixin.py:149} INFO - [2023-08-13T08:35:47.490+0000] {dag.py:3486} INFO - Setting next_dagrun for example_short_circuit_operator to 2023-08-12T08:35:47.490779+00:00, run_after=2023-08-13T08:35:47.490779+00:00
[2023-08-13T08:35:47.497+0000] {processor.py:179} INFO - Processing /home/airflow/.local/lib/python3.10/site-packages/airflow/example_dags/example_short_circuit_operator.py took 0.033 seconds
[2023-08-13T08:36:17.884+0000] {processor.py:157} INFO - Started process (PID=1738) to work on /home/airflow/.local/lib/python3.10/site-packages/airflow/example_dags/example_short_circuit_operator.py
[2023-08-13T08:36:17.884+0000] {processor.py:826} INFO - Processing file /home/airflow/.local/lib/python3.10/site-packages/airflow/example_dags/example_short_circuit_operator.py for tasks to queue
[2023-08-13T08:36:17.885+0000] {logging_mixin.py:149} INFO - [2023-08-13T08:36:17.884+0000] {dagbag.py:541} INFO - Filling up the DagBag from /home/airflow/.local/lib/python3.10/site-packages/airflow/example_dags/example_short_circuit_operator.py
[2023-08-13T08:36:17.888+0000] {processor.py:836} INFO - DAG(s) dict_keys(['example_short_circuit_operator']) retrieved from /home/airflow/.local/lib/python3.10/site-packages/airflow/example_dags/example_short_circuit_operator.py
[2023-08-13T08:36:17.900+0000] {logging_mixin.py:149} INFO - [2023-08-13T08:36:17.899+0000] {dag.py:2726} INFO - Sync 1 DAGs
[2023-08-13T08:36:17.909+0000] {logging_mixin.py:149} INFO - [2023-08-13T08:36:17.909+0000] {dag.py:3486} INFO - Setting next_dagrun for example_short_circuit_operator to 2023-08-12T08:36:17.909273+00:00, run_after=2023-08-13T08:36:17.909273+00:00
[2023-08-13T08:36:17.916+0000] {processor.py:179} INFO - Processing /home/airflow/.local/lib/python3.10/site-packages/airflow/example_dags/example_short_circuit_operator.py took 0.034 seconds
[2023-08-13T08:36:48.186+0000] {processor.py:157} INFO - Started process (PID=1816) to work on /home/airflow/.local/lib/python3.10/site-packages/airflow/example_dags/example_short_circuit_operator.py
[2023-08-13T08:36:48.186+0000] {processor.py:826} INFO - Processing file /home/airflow/.local/lib/python3.10/site-packages/airflow/example_dags/example_short_circuit_operator.py for tasks to queue
[2023-08-13T08:36:48.187+0000] {logging_mixin.py:149} INFO - [2023-08-13T08:36:48.186+0000] {dagbag.py:541} INFO - Filling up the DagBag from /home/airflow/.local/lib/python3.10/site-packages/airflow/example_dags/example_short_circuit_operator.py
[2023-08-13T08:36:48.190+0000] {processor.py:836} INFO - DAG(s) dict_keys(['example_short_circuit_operator']) retrieved from /home/airflow/.local/lib/python3.10/site-packages/airflow/example_dags/example_short_circuit_operator.py
[2023-08-13T08:36:48.201+0000] {logging_mixin.py:149} INFO - [2023-08-13T08:36:48.201+0000] {dag.py:2726} INFO - Sync 1 DAGs
[2023-08-13T08:36:48.210+0000] {logging_mixin.py:149} INFO - [2023-08-13T08:36:48.210+0000] {dag.py:3486} INFO - Setting next_dagrun for example_short_circuit_operator to 2023-08-12T08:36:48.210693+00:00, run_after=2023-08-13T08:36:48.210693+00:00
[2023-08-13T08:36:48.217+0000] {processor.py:179} INFO - Processing /home/airflow/.local/lib/python3.10/site-packages/airflow/example_dags/example_short_circuit_operator.py took 0.033 seconds
[2023-08-13T08:37:18.462+0000] {processor.py:157} INFO - Started process (PID=1893) to work on /home/airflow/.local/lib/python3.10/site-packages/airflow/example_dags/example_short_circuit_operator.py
[2023-08-13T08:37:18.463+0000] {processor.py:826} INFO - Processing file /home/airflow/.local/lib/python3.10/site-packages/airflow/example_dags/example_short_circuit_operator.py for tasks to queue
[2023-08-13T08:37:18.463+0000] {logging_mixin.py:149} INFO - [2023-08-13T08:37:18.463+0000] {dagbag.py:541} INFO - Filling up the DagBag from /home/airflow/.local/lib/python3.10/site-packages/airflow/example_dags/example_short_circuit_operator.py
[2023-08-13T08:37:18.466+0000] {processor.py:836} INFO - DAG(s) dict_keys(['example_short_circuit_operator']) retrieved from /home/airflow/.local/lib/python3.10/site-packages/airflow/example_dags/example_short_circuit_operator.py
[2023-08-13T08:37:18.477+0000] {logging_mixin.py:149} INFO - [2023-08-13T08:37:18.477+0000] {dag.py:2726} INFO - Sync 1 DAGs
[2023-08-13T08:37:18.487+0000] {logging_mixin.py:149} INFO - [2023-08-13T08:37:18.487+0000] {dag.py:3486} INFO - Setting next_dagrun for example_short_circuit_operator to 2023-08-12T08:37:18.487723+00:00, run_after=2023-08-13T08:37:18.487723+00:00
[2023-08-13T08:37:18.494+0000] {processor.py:179} INFO - Processing /home/airflow/.local/lib/python3.10/site-packages/airflow/example_dags/example_short_circuit_operator.py took 0.033 seconds
[2023-08-13T08:37:48.941+0000] {processor.py:157} INFO - Started process (PID=1971) to work on /home/airflow/.local/lib/python3.10/site-packages/airflow/example_dags/example_short_circuit_operator.py
[2023-08-13T08:37:48.942+0000] {processor.py:826} INFO - Processing file /home/airflow/.local/lib/python3.10/site-packages/airflow/example_dags/example_short_circuit_operator.py for tasks to queue
[2023-08-13T08:37:48.942+0000] {logging_mixin.py:149} INFO - [2023-08-13T08:37:48.942+0000] {dagbag.py:541} INFO - Filling up the DagBag from /home/airflow/.local/lib/python3.10/site-packages/airflow/example_dags/example_short_circuit_operator.py
[2023-08-13T08:37:48.946+0000] {processor.py:836} INFO - DAG(s) dict_keys(['example_short_circuit_operator']) retrieved from /home/airflow/.local/lib/python3.10/site-packages/airflow/example_dags/example_short_circuit_operator.py
[2023-08-13T08:37:48.957+0000] {logging_mixin.py:149} INFO - [2023-08-13T08:37:48.957+0000] {dag.py:2726} INFO - Sync 1 DAGs
[2023-08-13T08:37:48.967+0000] {logging_mixin.py:149} INFO - [2023-08-13T08:37:48.967+0000] {dag.py:3486} INFO - Setting next_dagrun for example_short_circuit_operator to 2023-08-12T08:37:48.967304+00:00, run_after=2023-08-13T08:37:48.967304+00:00
[2023-08-13T08:37:48.974+0000] {processor.py:179} INFO - Processing /home/airflow/.local/lib/python3.10/site-packages/airflow/example_dags/example_short_circuit_operator.py took 0.034 seconds
[2023-08-13T08:38:19.229+0000] {processor.py:157} INFO - Started process (PID=2048) to work on /home/airflow/.local/lib/python3.10/site-packages/airflow/example_dags/example_short_circuit_operator.py
[2023-08-13T08:38:19.229+0000] {processor.py:826} INFO - Processing file /home/airflow/.local/lib/python3.10/site-packages/airflow/example_dags/example_short_circuit_operator.py for tasks to queue
[2023-08-13T08:38:19.230+0000] {logging_mixin.py:149} INFO - [2023-08-13T08:38:19.230+0000] {dagbag.py:541} INFO - Filling up the DagBag from /home/airflow/.local/lib/python3.10/site-packages/airflow/example_dags/example_short_circuit_operator.py
[2023-08-13T08:38:19.233+0000] {processor.py:836} INFO - DAG(s) dict_keys(['example_short_circuit_operator']) retrieved from /home/airflow/.local/lib/python3.10/site-packages/airflow/example_dags/example_short_circuit_operator.py
[2023-08-13T08:38:19.245+0000] {logging_mixin.py:149} INFO - [2023-08-13T08:38:19.244+0000] {dag.py:2726} INFO - Sync 1 DAGs
[2023-08-13T08:38:19.254+0000] {logging_mixin.py:149} INFO - [2023-08-13T08:38:19.254+0000] {dag.py:3486} INFO - Setting next_dagrun for example_short_circuit_operator to 2023-08-12T08:38:19.254354+00:00, run_after=2023-08-13T08:38:19.254354+00:00
[2023-08-13T08:38:19.261+0000] {processor.py:179} INFO - Processing /home/airflow/.local/lib/python3.10/site-packages/airflow/example_dags/example_short_circuit_operator.py took 0.034 seconds
[2023-08-13T08:38:49.674+0000] {processor.py:157} INFO - Started process (PID=2125) to work on /home/airflow/.local/lib/python3.10/site-packages/airflow/example_dags/example_short_circuit_operator.py
[2023-08-13T08:38:49.675+0000] {processor.py:826} INFO - Processing file /home/airflow/.local/lib/python3.10/site-packages/airflow/example_dags/example_short_circuit_operator.py for tasks to queue
[2023-08-13T08:38:49.675+0000] {logging_mixin.py:149} INFO - [2023-08-13T08:38:49.675+0000] {dagbag.py:541} INFO - Filling up the DagBag from /home/airflow/.local/lib/python3.10/site-packages/airflow/example_dags/example_short_circuit_operator.py
[2023-08-13T08:38:49.678+0000] {processor.py:836} INFO - DAG(s) dict_keys(['example_short_circuit_operator']) retrieved from /home/airflow/.local/lib/python3.10/site-packages/airflow/example_dags/example_short_circuit_operator.py
[2023-08-13T08:38:49.689+0000] {logging_mixin.py:149} INFO - [2023-08-13T08:38:49.689+0000] {dag.py:2726} INFO - Sync 1 DAGs
[2023-08-13T08:38:49.699+0000] {logging_mixin.py:149} INFO - [2023-08-13T08:38:49.699+0000] {dag.py:3486} INFO - Setting next_dagrun for example_short_circuit_operator to 2023-08-12T08:38:49.699618+00:00, run_after=2023-08-13T08:38:49.699618+00:00
[2023-08-13T08:38:49.706+0000] {processor.py:179} INFO - Processing /home/airflow/.local/lib/python3.10/site-packages/airflow/example_dags/example_short_circuit_operator.py took 0.033 seconds
[2023-08-13T08:39:20.273+0000] {processor.py:157} INFO - Started process (PID=2202) to work on /home/airflow/.local/lib/python3.10/site-packages/airflow/example_dags/example_short_circuit_operator.py
[2023-08-13T08:39:20.274+0000] {processor.py:826} INFO - Processing file /home/airflow/.local/lib/python3.10/site-packages/airflow/example_dags/example_short_circuit_operator.py for tasks to queue
[2023-08-13T08:39:20.274+0000] {logging_mixin.py:149} INFO - [2023-08-13T08:39:20.274+0000] {dagbag.py:541} INFO - Filling up the DagBag from /home/airflow/.local/lib/python3.10/site-packages/airflow/example_dags/example_short_circuit_operator.py
[2023-08-13T08:39:20.278+0000] {processor.py:836} INFO - DAG(s) dict_keys(['example_short_circuit_operator']) retrieved from /home/airflow/.local/lib/python3.10/site-packages/airflow/example_dags/example_short_circuit_operator.py
[2023-08-13T08:39:20.289+0000] {logging_mixin.py:149} INFO - [2023-08-13T08:39:20.289+0000] {dag.py:2726} INFO - Sync 1 DAGs
[2023-08-13T08:39:20.299+0000] {logging_mixin.py:149} INFO - [2023-08-13T08:39:20.299+0000] {dag.py:3486} INFO - Setting next_dagrun for example_short_circuit_operator to 2023-08-12T08:39:20.298903+00:00, run_after=2023-08-13T08:39:20.298903+00:00
[2023-08-13T08:39:20.306+0000] {processor.py:179} INFO - Processing /home/airflow/.local/lib/python3.10/site-packages/airflow/example_dags/example_short_circuit_operator.py took 0.034 seconds
[2023-08-13T08:39:50.592+0000] {processor.py:157} INFO - Started process (PID=2279) to work on /home/airflow/.local/lib/python3.10/site-packages/airflow/example_dags/example_short_circuit_operator.py
[2023-08-13T08:39:50.593+0000] {processor.py:826} INFO - Processing file /home/airflow/.local/lib/python3.10/site-packages/airflow/example_dags/example_short_circuit_operator.py for tasks to queue
[2023-08-13T08:39:50.593+0000] {logging_mixin.py:149} INFO - [2023-08-13T08:39:50.593+0000] {dagbag.py:541} INFO - Filling up the DagBag from /home/airflow/.local/lib/python3.10/site-packages/airflow/example_dags/example_short_circuit_operator.py
[2023-08-13T08:39:50.597+0000] {processor.py:836} INFO - DAG(s) dict_keys(['example_short_circuit_operator']) retrieved from /home/airflow/.local/lib/python3.10/site-packages/airflow/example_dags/example_short_circuit_operator.py
[2023-08-13T08:39:50.608+0000] {logging_mixin.py:149} INFO - [2023-08-13T08:39:50.608+0000] {dag.py:2726} INFO - Sync 1 DAGs
[2023-08-13T08:39:50.618+0000] {logging_mixin.py:149} INFO - [2023-08-13T08:39:50.618+0000] {dag.py:3486} INFO - Setting next_dagrun for example_short_circuit_operator to 2023-08-12T08:39:50.618274+00:00, run_after=2023-08-13T08:39:50.618274+00:00
[2023-08-13T08:39:50.625+0000] {processor.py:179} INFO - Processing /home/airflow/.local/lib/python3.10/site-packages/airflow/example_dags/example_short_circuit_operator.py took 0.034 seconds
[2023-08-13T08:40:20.899+0000] {processor.py:157} INFO - Started process (PID=2356) to work on /home/airflow/.local/lib/python3.10/site-packages/airflow/example_dags/example_short_circuit_operator.py
[2023-08-13T08:40:20.899+0000] {processor.py:826} INFO - Processing file /home/airflow/.local/lib/python3.10/site-packages/airflow/example_dags/example_short_circuit_operator.py for tasks to queue
[2023-08-13T08:40:20.900+0000] {logging_mixin.py:149} INFO - [2023-08-13T08:40:20.900+0000] {dagbag.py:541} INFO - Filling up the DagBag from /home/airflow/.local/lib/python3.10/site-packages/airflow/example_dags/example_short_circuit_operator.py
[2023-08-13T08:40:20.903+0000] {processor.py:836} INFO - DAG(s) dict_keys(['example_short_circuit_operator']) retrieved from /home/airflow/.local/lib/python3.10/site-packages/airflow/example_dags/example_short_circuit_operator.py
[2023-08-13T08:40:20.914+0000] {logging_mixin.py:149} INFO - [2023-08-13T08:40:20.914+0000] {dag.py:2726} INFO - Sync 1 DAGs
[2023-08-13T08:40:20.923+0000] {logging_mixin.py:149} INFO - [2023-08-13T08:40:20.923+0000] {dag.py:3486} INFO - Setting next_dagrun for example_short_circuit_operator to 2023-08-12T08:40:20.923321+00:00, run_after=2023-08-13T08:40:20.923321+00:00
[2023-08-13T08:40:20.930+0000] {processor.py:179} INFO - Processing /home/airflow/.local/lib/python3.10/site-packages/airflow/example_dags/example_short_circuit_operator.py took 0.032 seconds
[2023-08-13T08:40:51.364+0000] {processor.py:157} INFO - Started process (PID=2433) to work on /home/airflow/.local/lib/python3.10/site-packages/airflow/example_dags/example_short_circuit_operator.py
[2023-08-13T08:40:51.364+0000] {processor.py:826} INFO - Processing file /home/airflow/.local/lib/python3.10/site-packages/airflow/example_dags/example_short_circuit_operator.py for tasks to queue
[2023-08-13T08:40:51.364+0000] {logging_mixin.py:149} INFO - [2023-08-13T08:40:51.364+0000] {dagbag.py:541} INFO - Filling up the DagBag from /home/airflow/.local/lib/python3.10/site-packages/airflow/example_dags/example_short_circuit_operator.py
[2023-08-13T08:40:51.368+0000] {processor.py:836} INFO - DAG(s) dict_keys(['example_short_circuit_operator']) retrieved from /home/airflow/.local/lib/python3.10/site-packages/airflow/example_dags/example_short_circuit_operator.py
[2023-08-13T08:40:51.379+0000] {logging_mixin.py:149} INFO - [2023-08-13T08:40:51.379+0000] {dag.py:2726} INFO - Sync 1 DAGs
[2023-08-13T08:40:51.388+0000] {logging_mixin.py:149} INFO - [2023-08-13T08:40:51.388+0000] {dag.py:3486} INFO - Setting next_dagrun for example_short_circuit_operator to 2023-08-12T08:40:51.388574+00:00, run_after=2023-08-13T08:40:51.388574+00:00
[2023-08-13T08:40:51.395+0000] {processor.py:179} INFO - Processing /home/airflow/.local/lib/python3.10/site-packages/airflow/example_dags/example_short_circuit_operator.py took 0.033 seconds
[2023-08-13T08:41:21.884+0000] {processor.py:157} INFO - Started process (PID=2510) to work on /home/airflow/.local/lib/python3.10/site-packages/airflow/example_dags/example_short_circuit_operator.py
[2023-08-13T08:41:21.885+0000] {processor.py:826} INFO - Processing file /home/airflow/.local/lib/python3.10/site-packages/airflow/example_dags/example_short_circuit_operator.py for tasks to queue
[2023-08-13T08:41:21.885+0000] {logging_mixin.py:149} INFO - [2023-08-13T08:41:21.885+0000] {dagbag.py:541} INFO - Filling up the DagBag from /home/airflow/.local/lib/python3.10/site-packages/airflow/example_dags/example_short_circuit_operator.py
[2023-08-13T08:41:21.888+0000] {processor.py:836} INFO - DAG(s) dict_keys(['example_short_circuit_operator']) retrieved from /home/airflow/.local/lib/python3.10/site-packages/airflow/example_dags/example_short_circuit_operator.py
[2023-08-13T08:41:21.899+0000] {logging_mixin.py:149} INFO - [2023-08-13T08:41:21.899+0000] {dag.py:2726} INFO - Sync 1 DAGs
[2023-08-13T08:41:21.909+0000] {logging_mixin.py:149} INFO - [2023-08-13T08:41:21.909+0000] {dag.py:3486} INFO - Setting next_dagrun for example_short_circuit_operator to 2023-08-12T08:41:21.909000+00:00, run_after=2023-08-13T08:41:21.909000+00:00
[2023-08-13T08:41:21.916+0000] {processor.py:179} INFO - Processing /home/airflow/.local/lib/python3.10/site-packages/airflow/example_dags/example_short_circuit_operator.py took 0.033 seconds
[2023-08-13T08:41:52.198+0000] {processor.py:157} INFO - Started process (PID=2587) to work on /home/airflow/.local/lib/python3.10/site-packages/airflow/example_dags/example_short_circuit_operator.py
[2023-08-13T08:41:52.198+0000] {processor.py:826} INFO - Processing file /home/airflow/.local/lib/python3.10/site-packages/airflow/example_dags/example_short_circuit_operator.py for tasks to queue
[2023-08-13T08:41:52.198+0000] {logging_mixin.py:149} INFO - [2023-08-13T08:41:52.198+0000] {dagbag.py:541} INFO - Filling up the DagBag from /home/airflow/.local/lib/python3.10/site-packages/airflow/example_dags/example_short_circuit_operator.py
[2023-08-13T08:41:52.202+0000] {processor.py:836} INFO - DAG(s) dict_keys(['example_short_circuit_operator']) retrieved from /home/airflow/.local/lib/python3.10/site-packages/airflow/example_dags/example_short_circuit_operator.py
[2023-08-13T08:41:52.213+0000] {logging_mixin.py:149} INFO - [2023-08-13T08:41:52.213+0000] {dag.py:2726} INFO - Sync 1 DAGs
[2023-08-13T08:41:52.222+0000] {logging_mixin.py:149} INFO - [2023-08-13T08:41:52.222+0000] {dag.py:3486} INFO - Setting next_dagrun for example_short_circuit_operator to 2023-08-12T08:41:52.222513+00:00, run_after=2023-08-13T08:41:52.222513+00:00
[2023-08-13T08:41:52.229+0000] {processor.py:179} INFO - Processing /home/airflow/.local/lib/python3.10/site-packages/airflow/example_dags/example_short_circuit_operator.py took 0.033 seconds
[2023-08-13T08:42:22.608+0000] {processor.py:157} INFO - Started process (PID=2664) to work on /home/airflow/.local/lib/python3.10/site-packages/airflow/example_dags/example_short_circuit_operator.py
[2023-08-13T08:42:22.608+0000] {processor.py:826} INFO - Processing file /home/airflow/.local/lib/python3.10/site-packages/airflow/example_dags/example_short_circuit_operator.py for tasks to queue
[2023-08-13T08:42:22.609+0000] {logging_mixin.py:149} INFO - [2023-08-13T08:42:22.608+0000] {dagbag.py:541} INFO - Filling up the DagBag from /home/airflow/.local/lib/python3.10/site-packages/airflow/example_dags/example_short_circuit_operator.py
[2023-08-13T08:42:22.612+0000] {processor.py:836} INFO - DAG(s) dict_keys(['example_short_circuit_operator']) retrieved from /home/airflow/.local/lib/python3.10/site-packages/airflow/example_dags/example_short_circuit_operator.py
[2023-08-13T08:42:22.623+0000] {logging_mixin.py:149} INFO - [2023-08-13T08:42:22.623+0000] {dag.py:2726} INFO - Sync 1 DAGs
[2023-08-13T08:42:22.633+0000] {logging_mixin.py:149} INFO - [2023-08-13T08:42:22.633+0000] {dag.py:3486} INFO - Setting next_dagrun for example_short_circuit_operator to 2023-08-12T08:42:22.633317+00:00, run_after=2023-08-13T08:42:22.633317+00:00
[2023-08-13T08:42:22.640+0000] {processor.py:179} INFO - Processing /home/airflow/.local/lib/python3.10/site-packages/airflow/example_dags/example_short_circuit_operator.py took 0.034 seconds
[2023-08-13T08:42:53.064+0000] {processor.py:157} INFO - Started process (PID=2741) to work on /home/airflow/.local/lib/python3.10/site-packages/airflow/example_dags/example_short_circuit_operator.py
[2023-08-13T08:42:53.064+0000] {processor.py:826} INFO - Processing file /home/airflow/.local/lib/python3.10/site-packages/airflow/example_dags/example_short_circuit_operator.py for tasks to queue
[2023-08-13T08:42:53.064+0000] {logging_mixin.py:149} INFO - [2023-08-13T08:42:53.064+0000] {dagbag.py:541} INFO - Filling up the DagBag from /home/airflow/.local/lib/python3.10/site-packages/airflow/example_dags/example_short_circuit_operator.py
[2023-08-13T08:42:53.068+0000] {processor.py:836} INFO - DAG(s) dict_keys(['example_short_circuit_operator']) retrieved from /home/airflow/.local/lib/python3.10/site-packages/airflow/example_dags/example_short_circuit_operator.py
[2023-08-13T08:42:53.079+0000] {logging_mixin.py:149} INFO - [2023-08-13T08:42:53.079+0000] {dag.py:2726} INFO - Sync 1 DAGs
[2023-08-13T08:42:53.089+0000] {logging_mixin.py:149} INFO - [2023-08-13T08:42:53.089+0000] {dag.py:3486} INFO - Setting next_dagrun for example_short_circuit_operator to 2023-08-12T08:42:53.089107+00:00, run_after=2023-08-13T08:42:53.089107+00:00
[2023-08-13T08:42:53.096+0000] {processor.py:179} INFO - Processing /home/airflow/.local/lib/python3.10/site-packages/airflow/example_dags/example_short_circuit_operator.py took 0.033 seconds
[2023-08-13T08:43:23.618+0000] {processor.py:157} INFO - Started process (PID=2819) to work on /home/airflow/.local/lib/python3.10/site-packages/airflow/example_dags/example_short_circuit_operator.py
[2023-08-13T08:43:23.619+0000] {processor.py:826} INFO - Processing file /home/airflow/.local/lib/python3.10/site-packages/airflow/example_dags/example_short_circuit_operator.py for tasks to queue
[2023-08-13T08:43:23.619+0000] {logging_mixin.py:149} INFO - [2023-08-13T08:43:23.619+0000] {dagbag.py:541} INFO - Filling up the DagBag from /home/airflow/.local/lib/python3.10/site-packages/airflow/example_dags/example_short_circuit_operator.py
[2023-08-13T08:43:23.623+0000] {processor.py:836} INFO - DAG(s) dict_keys(['example_short_circuit_operator']) retrieved from /home/airflow/.local/lib/python3.10/site-packages/airflow/example_dags/example_short_circuit_operator.py
[2023-08-13T08:43:23.634+0000] {logging_mixin.py:149} INFO - [2023-08-13T08:43:23.634+0000] {dag.py:2726} INFO - Sync 1 DAGs
[2023-08-13T08:43:23.643+0000] {logging_mixin.py:149} INFO - [2023-08-13T08:43:23.643+0000] {dag.py:3486} INFO - Setting next_dagrun for example_short_circuit_operator to 2023-08-12T08:43:23.643495+00:00, run_after=2023-08-13T08:43:23.643495+00:00
[2023-08-13T08:43:23.650+0000] {processor.py:179} INFO - Processing /home/airflow/.local/lib/python3.10/site-packages/airflow/example_dags/example_short_circuit_operator.py took 0.033 seconds
[2023-08-13T08:43:53.940+0000] {processor.py:157} INFO - Started process (PID=2896) to work on /home/airflow/.local/lib/python3.10/site-packages/airflow/example_dags/example_short_circuit_operator.py
[2023-08-13T08:43:53.940+0000] {processor.py:826} INFO - Processing file /home/airflow/.local/lib/python3.10/site-packages/airflow/example_dags/example_short_circuit_operator.py for tasks to queue
[2023-08-13T08:43:53.940+0000] {logging_mixin.py:149} INFO - [2023-08-13T08:43:53.940+0000] {dagbag.py:541} INFO - Filling up the DagBag from /home/airflow/.local/lib/python3.10/site-packages/airflow/example_dags/example_short_circuit_operator.py
[2023-08-13T08:43:53.944+0000] {processor.py:836} INFO - DAG(s) dict_keys(['example_short_circuit_operator']) retrieved from /home/airflow/.local/lib/python3.10/site-packages/airflow/example_dags/example_short_circuit_operator.py
[2023-08-13T08:43:53.955+0000] {logging_mixin.py:149} INFO - [2023-08-13T08:43:53.955+0000] {dag.py:2726} INFO - Sync 1 DAGs
[2023-08-13T08:43:53.964+0000] {logging_mixin.py:149} INFO - [2023-08-13T08:43:53.964+0000] {dag.py:3486} INFO - Setting next_dagrun for example_short_circuit_operator to 2023-08-12T08:43:53.964683+00:00, run_after=2023-08-13T08:43:53.964683+00:00
[2023-08-13T08:43:53.971+0000] {processor.py:179} INFO - Processing /home/airflow/.local/lib/python3.10/site-packages/airflow/example_dags/example_short_circuit_operator.py took 0.033 seconds
[2023-08-13T08:44:24.216+0000] {processor.py:157} INFO - Started process (PID=2973) to work on /home/airflow/.local/lib/python3.10/site-packages/airflow/example_dags/example_short_circuit_operator.py
[2023-08-13T08:44:24.217+0000] {processor.py:826} INFO - Processing file /home/airflow/.local/lib/python3.10/site-packages/airflow/example_dags/example_short_circuit_operator.py for tasks to queue
[2023-08-13T08:44:24.217+0000] {logging_mixin.py:149} INFO - [2023-08-13T08:44:24.217+0000] {dagbag.py:541} INFO - Filling up the DagBag from /home/airflow/.local/lib/python3.10/site-packages/airflow/example_dags/example_short_circuit_operator.py
[2023-08-13T08:44:24.220+0000] {processor.py:836} INFO - DAG(s) dict_keys(['example_short_circuit_operator']) retrieved from /home/airflow/.local/lib/python3.10/site-packages/airflow/example_dags/example_short_circuit_operator.py
[2023-08-13T08:44:24.232+0000] {logging_mixin.py:149} INFO - [2023-08-13T08:44:24.232+0000] {dag.py:2726} INFO - Sync 1 DAGs
[2023-08-13T08:44:24.242+0000] {logging_mixin.py:149} INFO - [2023-08-13T08:44:24.242+0000] {dag.py:3486} INFO - Setting next_dagrun for example_short_circuit_operator to 2023-08-12T08:44:24.242103+00:00, run_after=2023-08-13T08:44:24.242103+00:00
[2023-08-13T08:44:24.249+0000] {processor.py:179} INFO - Processing /home/airflow/.local/lib/python3.10/site-packages/airflow/example_dags/example_short_circuit_operator.py took 0.034 seconds
[2023-08-13T08:44:54.658+0000] {processor.py:157} INFO - Started process (PID=3050) to work on /home/airflow/.local/lib/python3.10/site-packages/airflow/example_dags/example_short_circuit_operator.py
[2023-08-13T08:44:54.658+0000] {processor.py:826} INFO - Processing file /home/airflow/.local/lib/python3.10/site-packages/airflow/example_dags/example_short_circuit_operator.py for tasks to queue
[2023-08-13T08:44:54.659+0000] {logging_mixin.py:149} INFO - [2023-08-13T08:44:54.659+0000] {dagbag.py:541} INFO - Filling up the DagBag from /home/airflow/.local/lib/python3.10/site-packages/airflow/example_dags/example_short_circuit_operator.py
[2023-08-13T08:44:54.662+0000] {processor.py:836} INFO - DAG(s) dict_keys(['example_short_circuit_operator']) retrieved from /home/airflow/.local/lib/python3.10/site-packages/airflow/example_dags/example_short_circuit_operator.py
[2023-08-13T08:44:54.673+0000] {logging_mixin.py:149} INFO - [2023-08-13T08:44:54.673+0000] {dag.py:2726} INFO - Sync 1 DAGs
[2023-08-13T08:44:54.683+0000] {logging_mixin.py:149} INFO - [2023-08-13T08:44:54.683+0000] {dag.py:3486} INFO - Setting next_dagrun for example_short_circuit_operator to 2023-08-12T08:44:54.683120+00:00, run_after=2023-08-13T08:44:54.683120+00:00
[2023-08-13T08:44:54.707+0000] {processor.py:179} INFO - Processing /home/airflow/.local/lib/python3.10/site-packages/airflow/example_dags/example_short_circuit_operator.py took 0.050 seconds
[2023-08-13T08:45:25.108+0000] {processor.py:157} INFO - Started process (PID=3126) to work on /home/airflow/.local/lib/python3.10/site-packages/airflow/example_dags/example_short_circuit_operator.py
[2023-08-13T08:45:25.108+0000] {processor.py:826} INFO - Processing file /home/airflow/.local/lib/python3.10/site-packages/airflow/example_dags/example_short_circuit_operator.py for tasks to queue
[2023-08-13T08:45:25.108+0000] {logging_mixin.py:149} INFO - [2023-08-13T08:45:25.108+0000] {dagbag.py:541} INFO - Filling up the DagBag from /home/airflow/.local/lib/python3.10/site-packages/airflow/example_dags/example_short_circuit_operator.py
[2023-08-13T08:45:25.112+0000] {processor.py:836} INFO - DAG(s) dict_keys(['example_short_circuit_operator']) retrieved from /home/airflow/.local/lib/python3.10/site-packages/airflow/example_dags/example_short_circuit_operator.py
[2023-08-13T08:45:25.123+0000] {logging_mixin.py:149} INFO - [2023-08-13T08:45:25.123+0000] {dag.py:2726} INFO - Sync 1 DAGs
[2023-08-13T08:45:25.132+0000] {logging_mixin.py:149} INFO - [2023-08-13T08:45:25.132+0000] {dag.py:3486} INFO - Setting next_dagrun for example_short_circuit_operator to 2023-08-12T08:45:25.132576+00:00, run_after=2023-08-13T08:45:25.132576+00:00
[2023-08-13T08:45:25.139+0000] {processor.py:179} INFO - Processing /home/airflow/.local/lib/python3.10/site-packages/airflow/example_dags/example_short_circuit_operator.py took 0.033 seconds
[2023-08-13T08:45:55.605+0000] {processor.py:157} INFO - Started process (PID=3203) to work on /home/airflow/.local/lib/python3.10/site-packages/airflow/example_dags/example_short_circuit_operator.py
[2023-08-13T08:45:55.605+0000] {processor.py:826} INFO - Processing file /home/airflow/.local/lib/python3.10/site-packages/airflow/example_dags/example_short_circuit_operator.py for tasks to queue
[2023-08-13T08:45:55.605+0000] {logging_mixin.py:149} INFO - [2023-08-13T08:45:55.605+0000] {dagbag.py:541} INFO - Filling up the DagBag from /home/airflow/.local/lib/python3.10/site-packages/airflow/example_dags/example_short_circuit_operator.py
[2023-08-13T08:45:55.608+0000] {processor.py:836} INFO - DAG(s) dict_keys(['example_short_circuit_operator']) retrieved from /home/airflow/.local/lib/python3.10/site-packages/airflow/example_dags/example_short_circuit_operator.py
[2023-08-13T08:45:55.621+0000] {logging_mixin.py:149} INFO - [2023-08-13T08:45:55.621+0000] {dag.py:2726} INFO - Sync 1 DAGs
[2023-08-13T08:45:55.630+0000] {logging_mixin.py:149} INFO - [2023-08-13T08:45:55.630+0000] {dag.py:3486} INFO - Setting next_dagrun for example_short_circuit_operator to 2023-08-12T08:45:55.630703+00:00, run_after=2023-08-13T08:45:55.630703+00:00
[2023-08-13T08:45:55.638+0000] {processor.py:179} INFO - Processing /home/airflow/.local/lib/python3.10/site-packages/airflow/example_dags/example_short_circuit_operator.py took 0.034 seconds
[2023-08-13T08:46:26.011+0000] {processor.py:157} INFO - Started process (PID=3281) to work on /home/airflow/.local/lib/python3.10/site-packages/airflow/example_dags/example_short_circuit_operator.py
[2023-08-13T08:46:26.011+0000] {processor.py:826} INFO - Processing file /home/airflow/.local/lib/python3.10/site-packages/airflow/example_dags/example_short_circuit_operator.py for tasks to queue
[2023-08-13T08:46:26.011+0000] {logging_mixin.py:149} INFO - [2023-08-13T08:46:26.011+0000] {dagbag.py:541} INFO - Filling up the DagBag from /home/airflow/.local/lib/python3.10/site-packages/airflow/example_dags/example_short_circuit_operator.py
[2023-08-13T08:46:26.015+0000] {processor.py:836} INFO - DAG(s) dict_keys(['example_short_circuit_operator']) retrieved from /home/airflow/.local/lib/python3.10/site-packages/airflow/example_dags/example_short_circuit_operator.py
[2023-08-13T08:46:26.026+0000] {logging_mixin.py:149} INFO - [2023-08-13T08:46:26.026+0000] {dag.py:2726} INFO - Sync 1 DAGs
[2023-08-13T08:46:26.036+0000] {logging_mixin.py:149} INFO - [2023-08-13T08:46:26.036+0000] {dag.py:3486} INFO - Setting next_dagrun for example_short_circuit_operator to 2023-08-12T08:46:26.036327+00:00, run_after=2023-08-13T08:46:26.036327+00:00
[2023-08-13T08:46:26.043+0000] {processor.py:179} INFO - Processing /home/airflow/.local/lib/python3.10/site-packages/airflow/example_dags/example_short_circuit_operator.py took 0.034 seconds
[2023-08-13T08:46:56.350+0000] {processor.py:157} INFO - Started process (PID=3357) to work on /home/airflow/.local/lib/python3.10/site-packages/airflow/example_dags/example_short_circuit_operator.py
[2023-08-13T08:46:56.350+0000] {processor.py:826} INFO - Processing file /home/airflow/.local/lib/python3.10/site-packages/airflow/example_dags/example_short_circuit_operator.py for tasks to queue
[2023-08-13T08:46:56.350+0000] {logging_mixin.py:149} INFO - [2023-08-13T08:46:56.350+0000] {dagbag.py:541} INFO - Filling up the DagBag from /home/airflow/.local/lib/python3.10/site-packages/airflow/example_dags/example_short_circuit_operator.py
[2023-08-13T08:46:56.354+0000] {processor.py:836} INFO - DAG(s) dict_keys(['example_short_circuit_operator']) retrieved from /home/airflow/.local/lib/python3.10/site-packages/airflow/example_dags/example_short_circuit_operator.py
[2023-08-13T08:46:56.365+0000] {logging_mixin.py:149} INFO - [2023-08-13T08:46:56.365+0000] {dag.py:2726} INFO - Sync 1 DAGs
[2023-08-13T08:46:56.374+0000] {logging_mixin.py:149} INFO - [2023-08-13T08:46:56.374+0000] {dag.py:3486} INFO - Setting next_dagrun for example_short_circuit_operator to 2023-08-12T08:46:56.374560+00:00, run_after=2023-08-13T08:46:56.374560+00:00
[2023-08-13T08:46:56.381+0000] {processor.py:179} INFO - Processing /home/airflow/.local/lib/python3.10/site-packages/airflow/example_dags/example_short_circuit_operator.py took 0.033 seconds
[2023-08-13T08:47:26.974+0000] {processor.py:157} INFO - Started process (PID=3434) to work on /home/airflow/.local/lib/python3.10/site-packages/airflow/example_dags/example_short_circuit_operator.py
[2023-08-13T08:47:26.975+0000] {processor.py:826} INFO - Processing file /home/airflow/.local/lib/python3.10/site-packages/airflow/example_dags/example_short_circuit_operator.py for tasks to queue
[2023-08-13T08:47:26.975+0000] {logging_mixin.py:149} INFO - [2023-08-13T08:47:26.975+0000] {dagbag.py:541} INFO - Filling up the DagBag from /home/airflow/.local/lib/python3.10/site-packages/airflow/example_dags/example_short_circuit_operator.py
[2023-08-13T08:47:26.979+0000] {processor.py:836} INFO - DAG(s) dict_keys(['example_short_circuit_operator']) retrieved from /home/airflow/.local/lib/python3.10/site-packages/airflow/example_dags/example_short_circuit_operator.py
[2023-08-13T08:47:26.990+0000] {logging_mixin.py:149} INFO - [2023-08-13T08:47:26.990+0000] {dag.py:2726} INFO - Sync 1 DAGs
[2023-08-13T08:47:27.000+0000] {logging_mixin.py:149} INFO - [2023-08-13T08:47:27.000+0000] {dag.py:3486} INFO - Setting next_dagrun for example_short_circuit_operator to 2023-08-12T08:47:26.999961+00:00, run_after=2023-08-13T08:47:26.999961+00:00
[2023-08-13T08:47:27.007+0000] {processor.py:179} INFO - Processing /home/airflow/.local/lib/python3.10/site-packages/airflow/example_dags/example_short_circuit_operator.py took 0.033 seconds
[2023-08-13T08:47:57.962+0000] {processor.py:157} INFO - Started process (PID=3511) to work on /home/airflow/.local/lib/python3.10/site-packages/airflow/example_dags/example_short_circuit_operator.py
[2023-08-13T08:47:57.963+0000] {processor.py:826} INFO - Processing file /home/airflow/.local/lib/python3.10/site-packages/airflow/example_dags/example_short_circuit_operator.py for tasks to queue
[2023-08-13T08:47:57.963+0000] {logging_mixin.py:149} INFO - [2023-08-13T08:47:57.963+0000] {dagbag.py:541} INFO - Filling up the DagBag from /home/airflow/.local/lib/python3.10/site-packages/airflow/example_dags/example_short_circuit_operator.py
[2023-08-13T08:47:57.966+0000] {processor.py:836} INFO - DAG(s) dict_keys(['example_short_circuit_operator']) retrieved from /home/airflow/.local/lib/python3.10/site-packages/airflow/example_dags/example_short_circuit_operator.py
[2023-08-13T08:47:57.978+0000] {logging_mixin.py:149} INFO - [2023-08-13T08:47:57.978+0000] {dag.py:2726} INFO - Sync 1 DAGs
[2023-08-13T08:47:57.988+0000] {logging_mixin.py:149} INFO - [2023-08-13T08:47:57.988+0000] {dag.py:3486} INFO - Setting next_dagrun for example_short_circuit_operator to 2023-08-12T08:47:57.987900+00:00, run_after=2023-08-13T08:47:57.987900+00:00
[2023-08-13T08:47:58.050+0000] {processor.py:179} INFO - Processing /home/airflow/.local/lib/python3.10/site-packages/airflow/example_dags/example_short_circuit_operator.py took 0.089 seconds
[2023-08-13T08:48:28.577+0000] {processor.py:157} INFO - Started process (PID=3588) to work on /home/airflow/.local/lib/python3.10/site-packages/airflow/example_dags/example_short_circuit_operator.py
[2023-08-13T08:48:28.578+0000] {processor.py:826} INFO - Processing file /home/airflow/.local/lib/python3.10/site-packages/airflow/example_dags/example_short_circuit_operator.py for tasks to queue
[2023-08-13T08:48:28.578+0000] {logging_mixin.py:149} INFO - [2023-08-13T08:48:28.578+0000] {dagbag.py:541} INFO - Filling up the DagBag from /home/airflow/.local/lib/python3.10/site-packages/airflow/example_dags/example_short_circuit_operator.py
[2023-08-13T08:48:28.582+0000] {processor.py:836} INFO - DAG(s) dict_keys(['example_short_circuit_operator']) retrieved from /home/airflow/.local/lib/python3.10/site-packages/airflow/example_dags/example_short_circuit_operator.py
[2023-08-13T08:48:28.592+0000] {logging_mixin.py:149} INFO - [2023-08-13T08:48:28.592+0000] {dag.py:2726} INFO - Sync 1 DAGs
[2023-08-13T08:48:28.602+0000] {logging_mixin.py:149} INFO - [2023-08-13T08:48:28.602+0000] {dag.py:3486} INFO - Setting next_dagrun for example_short_circuit_operator to 2023-08-12T08:48:28.602073+00:00, run_after=2023-08-13T08:48:28.602073+00:00
[2023-08-13T08:48:28.609+0000] {processor.py:179} INFO - Processing /home/airflow/.local/lib/python3.10/site-packages/airflow/example_dags/example_short_circuit_operator.py took 0.033 seconds
[2023-08-13T08:48:59.590+0000] {processor.py:157} INFO - Started process (PID=3664) to work on /home/airflow/.local/lib/python3.10/site-packages/airflow/example_dags/example_short_circuit_operator.py
[2023-08-13T08:48:59.590+0000] {processor.py:826} INFO - Processing file /home/airflow/.local/lib/python3.10/site-packages/airflow/example_dags/example_short_circuit_operator.py for tasks to queue
[2023-08-13T08:48:59.591+0000] {logging_mixin.py:149} INFO - [2023-08-13T08:48:59.591+0000] {dagbag.py:541} INFO - Filling up the DagBag from /home/airflow/.local/lib/python3.10/site-packages/airflow/example_dags/example_short_circuit_operator.py
[2023-08-13T08:48:59.594+0000] {processor.py:836} INFO - DAG(s) dict_keys(['example_short_circuit_operator']) retrieved from /home/airflow/.local/lib/python3.10/site-packages/airflow/example_dags/example_short_circuit_operator.py
[2023-08-13T08:48:59.606+0000] {logging_mixin.py:149} INFO - [2023-08-13T08:48:59.606+0000] {dag.py:2726} INFO - Sync 1 DAGs
[2023-08-13T08:48:59.615+0000] {logging_mixin.py:149} INFO - [2023-08-13T08:48:59.615+0000] {dag.py:3486} INFO - Setting next_dagrun for example_short_circuit_operator to 2023-08-12T08:48:59.615433+00:00, run_after=2023-08-13T08:48:59.615433+00:00
[2023-08-13T08:48:59.622+0000] {processor.py:179} INFO - Processing /home/airflow/.local/lib/python3.10/site-packages/airflow/example_dags/example_short_circuit_operator.py took 0.033 seconds
[2023-08-13T08:49:30.013+0000] {processor.py:157} INFO - Started process (PID=3741) to work on /home/airflow/.local/lib/python3.10/site-packages/airflow/example_dags/example_short_circuit_operator.py
[2023-08-13T08:49:30.013+0000] {processor.py:826} INFO - Processing file /home/airflow/.local/lib/python3.10/site-packages/airflow/example_dags/example_short_circuit_operator.py for tasks to queue
[2023-08-13T08:49:30.013+0000] {logging_mixin.py:149} INFO - [2023-08-13T08:49:30.013+0000] {dagbag.py:541} INFO - Filling up the DagBag from /home/airflow/.local/lib/python3.10/site-packages/airflow/example_dags/example_short_circuit_operator.py
[2023-08-13T08:49:30.017+0000] {processor.py:836} INFO - DAG(s) dict_keys(['example_short_circuit_operator']) retrieved from /home/airflow/.local/lib/python3.10/site-packages/airflow/example_dags/example_short_circuit_operator.py
[2023-08-13T08:49:30.028+0000] {logging_mixin.py:149} INFO - [2023-08-13T08:49:30.028+0000] {dag.py:2726} INFO - Sync 1 DAGs
[2023-08-13T08:49:30.038+0000] {logging_mixin.py:149} INFO - [2023-08-13T08:49:30.038+0000] {dag.py:3486} INFO - Setting next_dagrun for example_short_circuit_operator to 2023-08-12T08:49:30.038100+00:00, run_after=2023-08-13T08:49:30.038100+00:00
[2023-08-13T08:49:30.045+0000] {processor.py:179} INFO - Processing /home/airflow/.local/lib/python3.10/site-packages/airflow/example_dags/example_short_circuit_operator.py took 0.034 seconds
[2023-08-13T08:50:01.205+0000] {processor.py:157} INFO - Started process (PID=3818) to work on /home/airflow/.local/lib/python3.10/site-packages/airflow/example_dags/example_short_circuit_operator.py
[2023-08-13T08:50:01.205+0000] {processor.py:826} INFO - Processing file /home/airflow/.local/lib/python3.10/site-packages/airflow/example_dags/example_short_circuit_operator.py for tasks to queue
[2023-08-13T08:50:01.205+0000] {logging_mixin.py:149} INFO - [2023-08-13T08:50:01.205+0000] {dagbag.py:541} INFO - Filling up the DagBag from /home/airflow/.local/lib/python3.10/site-packages/airflow/example_dags/example_short_circuit_operator.py
[2023-08-13T08:50:01.209+0000] {processor.py:836} INFO - DAG(s) dict_keys(['example_short_circuit_operator']) retrieved from /home/airflow/.local/lib/python3.10/site-packages/airflow/example_dags/example_short_circuit_operator.py
[2023-08-13T08:50:01.220+0000] {logging_mixin.py:149} INFO - [2023-08-13T08:50:01.220+0000] {dag.py:2726} INFO - Sync 1 DAGs
[2023-08-13T08:50:01.279+0000] {logging_mixin.py:149} INFO - [2023-08-13T08:50:01.279+0000] {dag.py:3486} INFO - Setting next_dagrun for example_short_circuit_operator to 2023-08-12T08:50:01.279464+00:00, run_after=2023-08-13T08:50:01.279464+00:00
[2023-08-13T08:50:01.287+0000] {processor.py:179} INFO - Processing /home/airflow/.local/lib/python3.10/site-packages/airflow/example_dags/example_short_circuit_operator.py took 0.083 seconds
[2023-08-13T08:50:31.413+0000] {processor.py:157} INFO - Started process (PID=3895) to work on /home/airflow/.local/lib/python3.10/site-packages/airflow/example_dags/example_short_circuit_operator.py
[2023-08-13T08:50:31.413+0000] {processor.py:826} INFO - Processing file /home/airflow/.local/lib/python3.10/site-packages/airflow/example_dags/example_short_circuit_operator.py for tasks to queue
[2023-08-13T08:50:31.413+0000] {logging_mixin.py:149} INFO - [2023-08-13T08:50:31.413+0000] {dagbag.py:541} INFO - Filling up the DagBag from /home/airflow/.local/lib/python3.10/site-packages/airflow/example_dags/example_short_circuit_operator.py
[2023-08-13T08:50:31.417+0000] {processor.py:836} INFO - DAG(s) dict_keys(['example_short_circuit_operator']) retrieved from /home/airflow/.local/lib/python3.10/site-packages/airflow/example_dags/example_short_circuit_operator.py
[2023-08-13T08:50:31.428+0000] {logging_mixin.py:149} INFO - [2023-08-13T08:50:31.428+0000] {dag.py:2726} INFO - Sync 1 DAGs
[2023-08-13T08:50:31.438+0000] {logging_mixin.py:149} INFO - [2023-08-13T08:50:31.438+0000] {dag.py:3486} INFO - Setting next_dagrun for example_short_circuit_operator to 2023-08-12T08:50:31.438080+00:00, run_after=2023-08-13T08:50:31.438080+00:00
[2023-08-13T08:50:31.496+0000] {processor.py:179} INFO - Processing /home/airflow/.local/lib/python3.10/site-packages/airflow/example_dags/example_short_circuit_operator.py took 0.085 seconds
[2023-08-13T08:51:01.506+0000] {processor.py:157} INFO - Started process (PID=3972) to work on /home/airflow/.local/lib/python3.10/site-packages/airflow/example_dags/example_short_circuit_operator.py
[2023-08-13T08:51:01.506+0000] {processor.py:826} INFO - Processing file /home/airflow/.local/lib/python3.10/site-packages/airflow/example_dags/example_short_circuit_operator.py for tasks to queue
[2023-08-13T08:51:01.507+0000] {logging_mixin.py:149} INFO - [2023-08-13T08:51:01.507+0000] {dagbag.py:541} INFO - Filling up the DagBag from /home/airflow/.local/lib/python3.10/site-packages/airflow/example_dags/example_short_circuit_operator.py
[2023-08-13T08:51:01.510+0000] {processor.py:836} INFO - DAG(s) dict_keys(['example_short_circuit_operator']) retrieved from /home/airflow/.local/lib/python3.10/site-packages/airflow/example_dags/example_short_circuit_operator.py
[2023-08-13T08:51:01.522+0000] {logging_mixin.py:149} INFO - [2023-08-13T08:51:01.522+0000] {dag.py:2726} INFO - Sync 1 DAGs
[2023-08-13T08:51:01.531+0000] {logging_mixin.py:149} INFO - [2023-08-13T08:51:01.531+0000] {dag.py:3486} INFO - Setting next_dagrun for example_short_circuit_operator to 2023-08-12T08:51:01.531172+00:00, run_after=2023-08-13T08:51:01.531172+00:00
[2023-08-13T08:51:01.538+0000] {processor.py:179} INFO - Processing /home/airflow/.local/lib/python3.10/site-packages/airflow/example_dags/example_short_circuit_operator.py took 0.033 seconds
[2023-08-13T08:51:31.915+0000] {processor.py:157} INFO - Started process (PID=4049) to work on /home/airflow/.local/lib/python3.10/site-packages/airflow/example_dags/example_short_circuit_operator.py
[2023-08-13T08:51:31.916+0000] {processor.py:826} INFO - Processing file /home/airflow/.local/lib/python3.10/site-packages/airflow/example_dags/example_short_circuit_operator.py for tasks to queue
[2023-08-13T08:51:31.916+0000] {logging_mixin.py:149} INFO - [2023-08-13T08:51:31.916+0000] {dagbag.py:541} INFO - Filling up the DagBag from /home/airflow/.local/lib/python3.10/site-packages/airflow/example_dags/example_short_circuit_operator.py
[2023-08-13T08:51:31.919+0000] {processor.py:836} INFO - DAG(s) dict_keys(['example_short_circuit_operator']) retrieved from /home/airflow/.local/lib/python3.10/site-packages/airflow/example_dags/example_short_circuit_operator.py
[2023-08-13T08:51:31.931+0000] {logging_mixin.py:149} INFO - [2023-08-13T08:51:31.931+0000] {dag.py:2726} INFO - Sync 1 DAGs
[2023-08-13T08:51:31.940+0000] {logging_mixin.py:149} INFO - [2023-08-13T08:51:31.940+0000] {dag.py:3486} INFO - Setting next_dagrun for example_short_circuit_operator to 2023-08-12T08:51:31.940328+00:00, run_after=2023-08-13T08:51:31.940328+00:00
[2023-08-13T08:51:31.947+0000] {processor.py:179} INFO - Processing /home/airflow/.local/lib/python3.10/site-packages/airflow/example_dags/example_short_circuit_operator.py took 0.033 seconds
[2023-08-13T08:52:03.187+0000] {processor.py:157} INFO - Started process (PID=4126) to work on /home/airflow/.local/lib/python3.10/site-packages/airflow/example_dags/example_short_circuit_operator.py
[2023-08-13T08:52:03.188+0000] {processor.py:826} INFO - Processing file /home/airflow/.local/lib/python3.10/site-packages/airflow/example_dags/example_short_circuit_operator.py for tasks to queue
[2023-08-13T08:52:03.188+0000] {logging_mixin.py:149} INFO - [2023-08-13T08:52:03.188+0000] {dagbag.py:541} INFO - Filling up the DagBag from /home/airflow/.local/lib/python3.10/site-packages/airflow/example_dags/example_short_circuit_operator.py
[2023-08-13T08:52:03.191+0000] {processor.py:836} INFO - DAG(s) dict_keys(['example_short_circuit_operator']) retrieved from /home/airflow/.local/lib/python3.10/site-packages/airflow/example_dags/example_short_circuit_operator.py
[2023-08-13T08:52:03.203+0000] {logging_mixin.py:149} INFO - [2023-08-13T08:52:03.203+0000] {dag.py:2726} INFO - Sync 1 DAGs
[2023-08-13T08:52:03.262+0000] {logging_mixin.py:149} INFO - [2023-08-13T08:52:03.262+0000] {dag.py:3486} INFO - Setting next_dagrun for example_short_circuit_operator to 2023-08-12T08:52:03.262653+00:00, run_after=2023-08-13T08:52:03.262653+00:00
[2023-08-13T08:52:03.270+0000] {processor.py:179} INFO - Processing /home/airflow/.local/lib/python3.10/site-packages/airflow/example_dags/example_short_circuit_operator.py took 0.084 seconds
[2023-08-13T08:52:34.181+0000] {processor.py:157} INFO - Started process (PID=4203) to work on /home/airflow/.local/lib/python3.10/site-packages/airflow/example_dags/example_short_circuit_operator.py
[2023-08-13T08:52:34.181+0000] {processor.py:826} INFO - Processing file /home/airflow/.local/lib/python3.10/site-packages/airflow/example_dags/example_short_circuit_operator.py for tasks to queue
[2023-08-13T08:52:34.181+0000] {logging_mixin.py:149} INFO - [2023-08-13T08:52:34.181+0000] {dagbag.py:541} INFO - Filling up the DagBag from /home/airflow/.local/lib/python3.10/site-packages/airflow/example_dags/example_short_circuit_operator.py
[2023-08-13T08:52:34.185+0000] {processor.py:836} INFO - DAG(s) dict_keys(['example_short_circuit_operator']) retrieved from /home/airflow/.local/lib/python3.10/site-packages/airflow/example_dags/example_short_circuit_operator.py
[2023-08-13T08:52:34.196+0000] {logging_mixin.py:149} INFO - [2023-08-13T08:52:34.196+0000] {dag.py:2726} INFO - Sync 1 DAGs
[2023-08-13T08:52:34.206+0000] {logging_mixin.py:149} INFO - [2023-08-13T08:52:34.206+0000] {dag.py:3486} INFO - Setting next_dagrun for example_short_circuit_operator to 2023-08-12T08:52:34.206061+00:00, run_after=2023-08-13T08:52:34.206061+00:00
[2023-08-13T08:52:34.213+0000] {processor.py:179} INFO - Processing /home/airflow/.local/lib/python3.10/site-packages/airflow/example_dags/example_short_circuit_operator.py took 0.034 seconds
[2023-08-13T08:53:04.845+0000] {processor.py:157} INFO - Started process (PID=4280) to work on /home/airflow/.local/lib/python3.10/site-packages/airflow/example_dags/example_short_circuit_operator.py
[2023-08-13T08:53:04.853+0000] {processor.py:826} INFO - Processing file /home/airflow/.local/lib/python3.10/site-packages/airflow/example_dags/example_short_circuit_operator.py for tasks to queue
[2023-08-13T08:53:04.853+0000] {logging_mixin.py:149} INFO - [2023-08-13T08:53:04.853+0000] {dagbag.py:541} INFO - Filling up the DagBag from /home/airflow/.local/lib/python3.10/site-packages/airflow/example_dags/example_short_circuit_operator.py
[2023-08-13T08:53:04.856+0000] {processor.py:836} INFO - DAG(s) dict_keys(['example_short_circuit_operator']) retrieved from /home/airflow/.local/lib/python3.10/site-packages/airflow/example_dags/example_short_circuit_operator.py
[2023-08-13T08:53:04.923+0000] {logging_mixin.py:149} INFO - [2023-08-13T08:53:04.923+0000] {dag.py:2726} INFO - Sync 1 DAGs
[2023-08-13T08:53:04.932+0000] {logging_mixin.py:149} INFO - [2023-08-13T08:53:04.932+0000] {dag.py:3486} INFO - Setting next_dagrun for example_short_circuit_operator to 2023-08-12T08:53:04.932447+00:00, run_after=2023-08-13T08:53:04.932447+00:00
[2023-08-13T08:53:04.951+0000] {processor.py:179} INFO - Processing /home/airflow/.local/lib/python3.10/site-packages/airflow/example_dags/example_short_circuit_operator.py took 0.108 seconds
[2023-08-13T08:53:35.847+0000] {processor.py:157} INFO - Started process (PID=4356) to work on /home/airflow/.local/lib/python3.10/site-packages/airflow/example_dags/example_short_circuit_operator.py
[2023-08-13T08:53:35.847+0000] {processor.py:826} INFO - Processing file /home/airflow/.local/lib/python3.10/site-packages/airflow/example_dags/example_short_circuit_operator.py for tasks to queue
[2023-08-13T08:53:35.847+0000] {logging_mixin.py:149} INFO - [2023-08-13T08:53:35.847+0000] {dagbag.py:541} INFO - Filling up the DagBag from /home/airflow/.local/lib/python3.10/site-packages/airflow/example_dags/example_short_circuit_operator.py
[2023-08-13T08:53:35.851+0000] {processor.py:836} INFO - DAG(s) dict_keys(['example_short_circuit_operator']) retrieved from /home/airflow/.local/lib/python3.10/site-packages/airflow/example_dags/example_short_circuit_operator.py
[2023-08-13T08:53:35.862+0000] {logging_mixin.py:149} INFO - [2023-08-13T08:53:35.862+0000] {dag.py:2726} INFO - Sync 1 DAGs
[2023-08-13T08:53:35.922+0000] {logging_mixin.py:149} INFO - [2023-08-13T08:53:35.922+0000] {dag.py:3486} INFO - Setting next_dagrun for example_short_circuit_operator to 2023-08-12T08:53:35.922611+00:00, run_after=2023-08-13T08:53:35.922611+00:00
[2023-08-13T08:53:35.930+0000] {processor.py:179} INFO - Processing /home/airflow/.local/lib/python3.10/site-packages/airflow/example_dags/example_short_circuit_operator.py took 0.085 seconds
[2023-08-13T08:54:06.887+0000] {processor.py:157} INFO - Started process (PID=4432) to work on /home/airflow/.local/lib/python3.10/site-packages/airflow/example_dags/example_short_circuit_operator.py
[2023-08-13T08:54:06.896+0000] {processor.py:826} INFO - Processing file /home/airflow/.local/lib/python3.10/site-packages/airflow/example_dags/example_short_circuit_operator.py for tasks to queue
[2023-08-13T08:54:06.896+0000] {logging_mixin.py:149} INFO - [2023-08-13T08:54:06.896+0000] {dagbag.py:541} INFO - Filling up the DagBag from /home/airflow/.local/lib/python3.10/site-packages/airflow/example_dags/example_short_circuit_operator.py
[2023-08-13T08:54:06.906+0000] {processor.py:836} INFO - DAG(s) dict_keys(['example_short_circuit_operator']) retrieved from /home/airflow/.local/lib/python3.10/site-packages/airflow/example_dags/example_short_circuit_operator.py
[2023-08-13T08:54:06.923+0000] {logging_mixin.py:149} INFO - [2023-08-13T08:54:06.923+0000] {dag.py:2726} INFO - Sync 1 DAGs
[2023-08-13T08:54:06.933+0000] {logging_mixin.py:149} INFO - [2023-08-13T08:54:06.933+0000] {dag.py:3486} INFO - Setting next_dagrun for example_short_circuit_operator to 2023-08-12T08:54:06.932955+00:00, run_after=2023-08-13T08:54:06.932955+00:00
[2023-08-13T08:54:06.941+0000] {processor.py:179} INFO - Processing /home/airflow/.local/lib/python3.10/site-packages/airflow/example_dags/example_short_circuit_operator.py took 0.056 seconds
[2023-08-13T08:54:37.116+0000] {processor.py:157} INFO - Started process (PID=4509) to work on /home/airflow/.local/lib/python3.10/site-packages/airflow/example_dags/example_short_circuit_operator.py
[2023-08-13T08:54:37.116+0000] {processor.py:826} INFO - Processing file /home/airflow/.local/lib/python3.10/site-packages/airflow/example_dags/example_short_circuit_operator.py for tasks to queue
[2023-08-13T08:54:37.117+0000] {logging_mixin.py:149} INFO - [2023-08-13T08:54:37.117+0000] {dagbag.py:541} INFO - Filling up the DagBag from /home/airflow/.local/lib/python3.10/site-packages/airflow/example_dags/example_short_circuit_operator.py
[2023-08-13T08:54:37.121+0000] {processor.py:836} INFO - DAG(s) dict_keys(['example_short_circuit_operator']) retrieved from /home/airflow/.local/lib/python3.10/site-packages/airflow/example_dags/example_short_circuit_operator.py
[2023-08-13T08:54:37.135+0000] {logging_mixin.py:149} INFO - [2023-08-13T08:54:37.135+0000] {dag.py:2726} INFO - Sync 1 DAGs
[2023-08-13T08:54:37.145+0000] {logging_mixin.py:149} INFO - [2023-08-13T08:54:37.145+0000] {dag.py:3486} INFO - Setting next_dagrun for example_short_circuit_operator to 2023-08-12T08:54:37.145301+00:00, run_after=2023-08-13T08:54:37.145301+00:00
[2023-08-13T08:54:37.152+0000] {processor.py:179} INFO - Processing /home/airflow/.local/lib/python3.10/site-packages/airflow/example_dags/example_short_circuit_operator.py took 0.038 seconds
[2023-08-13T08:55:07.414+0000] {processor.py:157} INFO - Started process (PID=4586) to work on /home/airflow/.local/lib/python3.10/site-packages/airflow/example_dags/example_short_circuit_operator.py
[2023-08-13T08:55:07.423+0000] {processor.py:826} INFO - Processing file /home/airflow/.local/lib/python3.10/site-packages/airflow/example_dags/example_short_circuit_operator.py for tasks to queue
[2023-08-13T08:55:07.423+0000] {logging_mixin.py:149} INFO - [2023-08-13T08:55:07.423+0000] {dagbag.py:541} INFO - Filling up the DagBag from /home/airflow/.local/lib/python3.10/site-packages/airflow/example_dags/example_short_circuit_operator.py
[2023-08-13T08:55:07.426+0000] {processor.py:836} INFO - DAG(s) dict_keys(['example_short_circuit_operator']) retrieved from /home/airflow/.local/lib/python3.10/site-packages/airflow/example_dags/example_short_circuit_operator.py
[2023-08-13T08:55:07.439+0000] {logging_mixin.py:149} INFO - [2023-08-13T08:55:07.438+0000] {dag.py:2726} INFO - Sync 1 DAGs
[2023-08-13T08:55:07.448+0000] {logging_mixin.py:149} INFO - [2023-08-13T08:55:07.448+0000] {dag.py:3486} INFO - Setting next_dagrun for example_short_circuit_operator to 2023-08-12T08:55:07.448567+00:00, run_after=2023-08-13T08:55:07.448567+00:00
[2023-08-13T08:55:07.455+0000] {processor.py:179} INFO - Processing /home/airflow/.local/lib/python3.10/site-packages/airflow/example_dags/example_short_circuit_operator.py took 0.043 seconds
