[2023-08-13T14:54:33.755+0000] {processor.py:157} INFO - Started process (PID=39) to work on /home/airflow/.local/lib/python3.10/site-packages/airflow/example_dags/example_params_trigger_ui.py
[2023-08-13T14:54:33.755+0000] {processor.py:826} INFO - Processing file /home/airflow/.local/lib/python3.10/site-packages/airflow/example_dags/example_params_trigger_ui.py for tasks to queue
[2023-08-13T14:54:33.756+0000] {logging_mixin.py:149} INFO - [2023-08-13T14:54:33.756+0000] {dagbag.py:541} INFO - Filling up the DagBag from /home/airflow/.local/lib/python3.10/site-packages/airflow/example_dags/example_params_trigger_ui.py
[2023-08-13T14:54:33.768+0000] {processor.py:836} INFO - DAG(s) dict_keys(['example_params_trigger_ui']) retrieved from /home/airflow/.local/lib/python3.10/site-packages/airflow/example_dags/example_params_trigger_ui.py
[2023-08-13T14:54:33.773+0000] {logging_mixin.py:149} INFO - [2023-08-13T14:54:33.773+0000] {dag.py:2726} INFO - Sync 1 DAGs
[2023-08-13T14:54:33.784+0000] {logging_mixin.py:149} INFO - [2023-08-13T14:54:33.783+0000] {dag.py:3486} INFO - Setting next_dagrun for example_params_trigger_ui to None, run_after=None
[2023-08-13T14:54:33.791+0000] {processor.py:179} INFO - Processing /home/airflow/.local/lib/python3.10/site-packages/airflow/example_dags/example_params_trigger_ui.py took 0.037 seconds
[2023-08-13T14:55:03.859+0000] {processor.py:157} INFO - Started process (PID=114) to work on /home/airflow/.local/lib/python3.10/site-packages/airflow/example_dags/example_params_trigger_ui.py
[2023-08-13T14:55:03.860+0000] {processor.py:826} INFO - Processing file /home/airflow/.local/lib/python3.10/site-packages/airflow/example_dags/example_params_trigger_ui.py for tasks to queue
[2023-08-13T14:55:03.860+0000] {logging_mixin.py:149} INFO - [2023-08-13T14:55:03.860+0000] {dagbag.py:541} INFO - Filling up the DagBag from /home/airflow/.local/lib/python3.10/site-packages/airflow/example_dags/example_params_trigger_ui.py
[2023-08-13T14:55:03.869+0000] {processor.py:836} INFO - DAG(s) dict_keys(['example_params_trigger_ui']) retrieved from /home/airflow/.local/lib/python3.10/site-packages/airflow/example_dags/example_params_trigger_ui.py
[2023-08-13T14:55:03.909+0000] {logging_mixin.py:149} INFO - [2023-08-13T14:55:03.909+0000] {dag.py:2726} INFO - Sync 1 DAGs
[2023-08-13T14:55:03.920+0000] {logging_mixin.py:149} INFO - [2023-08-13T14:55:03.920+0000] {dag.py:3486} INFO - Setting next_dagrun for example_params_trigger_ui to None, run_after=None
[2023-08-13T14:55:03.928+0000] {processor.py:179} INFO - Processing /home/airflow/.local/lib/python3.10/site-packages/airflow/example_dags/example_params_trigger_ui.py took 0.070 seconds
[2023-08-13T14:55:34.382+0000] {processor.py:157} INFO - Started process (PID=191) to work on /home/airflow/.local/lib/python3.10/site-packages/airflow/example_dags/example_params_trigger_ui.py
[2023-08-13T14:55:34.383+0000] {processor.py:826} INFO - Processing file /home/airflow/.local/lib/python3.10/site-packages/airflow/example_dags/example_params_trigger_ui.py for tasks to queue
[2023-08-13T14:55:34.383+0000] {logging_mixin.py:149} INFO - [2023-08-13T14:55:34.383+0000] {dagbag.py:541} INFO - Filling up the DagBag from /home/airflow/.local/lib/python3.10/site-packages/airflow/example_dags/example_params_trigger_ui.py
[2023-08-13T14:55:34.392+0000] {processor.py:836} INFO - DAG(s) dict_keys(['example_params_trigger_ui']) retrieved from /home/airflow/.local/lib/python3.10/site-packages/airflow/example_dags/example_params_trigger_ui.py
[2023-08-13T14:55:34.432+0000] {logging_mixin.py:149} INFO - [2023-08-13T14:55:34.432+0000] {dag.py:2726} INFO - Sync 1 DAGs
[2023-08-13T14:55:34.443+0000] {logging_mixin.py:149} INFO - [2023-08-13T14:55:34.442+0000] {dag.py:3486} INFO - Setting next_dagrun for example_params_trigger_ui to None, run_after=None
[2023-08-13T14:55:34.450+0000] {processor.py:179} INFO - Processing /home/airflow/.local/lib/python3.10/site-packages/airflow/example_dags/example_params_trigger_ui.py took 0.070 seconds
[2023-08-13T14:56:04.822+0000] {processor.py:157} INFO - Started process (PID=269) to work on /home/airflow/.local/lib/python3.10/site-packages/airflow/example_dags/example_params_trigger_ui.py
[2023-08-13T14:56:04.822+0000] {processor.py:826} INFO - Processing file /home/airflow/.local/lib/python3.10/site-packages/airflow/example_dags/example_params_trigger_ui.py for tasks to queue
[2023-08-13T14:56:04.822+0000] {logging_mixin.py:149} INFO - [2023-08-13T14:56:04.822+0000] {dagbag.py:541} INFO - Filling up the DagBag from /home/airflow/.local/lib/python3.10/site-packages/airflow/example_dags/example_params_trigger_ui.py
[2023-08-13T14:56:04.832+0000] {processor.py:836} INFO - DAG(s) dict_keys(['example_params_trigger_ui']) retrieved from /home/airflow/.local/lib/python3.10/site-packages/airflow/example_dags/example_params_trigger_ui.py
[2023-08-13T14:56:04.872+0000] {logging_mixin.py:149} INFO - [2023-08-13T14:56:04.872+0000] {dag.py:2726} INFO - Sync 1 DAGs
[2023-08-13T14:56:04.882+0000] {logging_mixin.py:149} INFO - [2023-08-13T14:56:04.882+0000] {dag.py:3486} INFO - Setting next_dagrun for example_params_trigger_ui to None, run_after=None
[2023-08-13T14:56:04.890+0000] {processor.py:179} INFO - Processing /home/airflow/.local/lib/python3.10/site-packages/airflow/example_dags/example_params_trigger_ui.py took 0.069 seconds
[2023-08-13T14:56:35.241+0000] {processor.py:157} INFO - Started process (PID=350) to work on /home/airflow/.local/lib/python3.10/site-packages/airflow/example_dags/example_params_trigger_ui.py
[2023-08-13T14:56:35.241+0000] {processor.py:826} INFO - Processing file /home/airflow/.local/lib/python3.10/site-packages/airflow/example_dags/example_params_trigger_ui.py for tasks to queue
[2023-08-13T14:56:35.241+0000] {logging_mixin.py:149} INFO - [2023-08-13T14:56:35.241+0000] {dagbag.py:541} INFO - Filling up the DagBag from /home/airflow/.local/lib/python3.10/site-packages/airflow/example_dags/example_params_trigger_ui.py
[2023-08-13T14:56:35.251+0000] {processor.py:836} INFO - DAG(s) dict_keys(['example_params_trigger_ui']) retrieved from /home/airflow/.local/lib/python3.10/site-packages/airflow/example_dags/example_params_trigger_ui.py
[2023-08-13T14:56:35.295+0000] {logging_mixin.py:149} INFO - [2023-08-13T14:56:35.295+0000] {dag.py:2726} INFO - Sync 1 DAGs
[2023-08-13T14:56:35.305+0000] {logging_mixin.py:149} INFO - [2023-08-13T14:56:35.305+0000] {dag.py:3486} INFO - Setting next_dagrun for example_params_trigger_ui to None, run_after=None
[2023-08-13T14:56:35.313+0000] {processor.py:179} INFO - Processing /home/airflow/.local/lib/python3.10/site-packages/airflow/example_dags/example_params_trigger_ui.py took 0.073 seconds
[2023-08-13T14:57:05.453+0000] {processor.py:157} INFO - Started process (PID=427) to work on /home/airflow/.local/lib/python3.10/site-packages/airflow/example_dags/example_params_trigger_ui.py
[2023-08-13T14:57:05.453+0000] {processor.py:826} INFO - Processing file /home/airflow/.local/lib/python3.10/site-packages/airflow/example_dags/example_params_trigger_ui.py for tasks to queue
[2023-08-13T14:57:05.453+0000] {logging_mixin.py:149} INFO - [2023-08-13T14:57:05.453+0000] {dagbag.py:541} INFO - Filling up the DagBag from /home/airflow/.local/lib/python3.10/site-packages/airflow/example_dags/example_params_trigger_ui.py
[2023-08-13T14:57:05.463+0000] {processor.py:836} INFO - DAG(s) dict_keys(['example_params_trigger_ui']) retrieved from /home/airflow/.local/lib/python3.10/site-packages/airflow/example_dags/example_params_trigger_ui.py
[2023-08-13T14:57:05.505+0000] {logging_mixin.py:149} INFO - [2023-08-13T14:57:05.505+0000] {dag.py:2726} INFO - Sync 1 DAGs
[2023-08-13T14:57:05.515+0000] {logging_mixin.py:149} INFO - [2023-08-13T14:57:05.515+0000] {dag.py:3486} INFO - Setting next_dagrun for example_params_trigger_ui to None, run_after=None
[2023-08-13T14:57:05.522+0000] {processor.py:179} INFO - Processing /home/airflow/.local/lib/python3.10/site-packages/airflow/example_dags/example_params_trigger_ui.py took 0.070 seconds
[2023-08-13T14:57:35.821+0000] {processor.py:157} INFO - Started process (PID=504) to work on /home/airflow/.local/lib/python3.10/site-packages/airflow/example_dags/example_params_trigger_ui.py
[2023-08-13T14:57:35.822+0000] {processor.py:826} INFO - Processing file /home/airflow/.local/lib/python3.10/site-packages/airflow/example_dags/example_params_trigger_ui.py for tasks to queue
[2023-08-13T14:57:35.822+0000] {logging_mixin.py:149} INFO - [2023-08-13T14:57:35.822+0000] {dagbag.py:541} INFO - Filling up the DagBag from /home/airflow/.local/lib/python3.10/site-packages/airflow/example_dags/example_params_trigger_ui.py
[2023-08-13T14:57:35.831+0000] {processor.py:836} INFO - DAG(s) dict_keys(['example_params_trigger_ui']) retrieved from /home/airflow/.local/lib/python3.10/site-packages/airflow/example_dags/example_params_trigger_ui.py
[2023-08-13T14:57:35.871+0000] {logging_mixin.py:149} INFO - [2023-08-13T14:57:35.871+0000] {dag.py:2726} INFO - Sync 1 DAGs
[2023-08-13T14:57:35.881+0000] {logging_mixin.py:149} INFO - [2023-08-13T14:57:35.881+0000] {dag.py:3486} INFO - Setting next_dagrun for example_params_trigger_ui to None, run_after=None
[2023-08-13T14:57:35.889+0000] {processor.py:179} INFO - Processing /home/airflow/.local/lib/python3.10/site-packages/airflow/example_dags/example_params_trigger_ui.py took 0.069 seconds
[2023-08-13T14:58:06.115+0000] {processor.py:157} INFO - Started process (PID=580) to work on /home/airflow/.local/lib/python3.10/site-packages/airflow/example_dags/example_params_trigger_ui.py
[2023-08-13T14:58:06.115+0000] {processor.py:826} INFO - Processing file /home/airflow/.local/lib/python3.10/site-packages/airflow/example_dags/example_params_trigger_ui.py for tasks to queue
[2023-08-13T14:58:06.115+0000] {logging_mixin.py:149} INFO - [2023-08-13T14:58:06.115+0000] {dagbag.py:541} INFO - Filling up the DagBag from /home/airflow/.local/lib/python3.10/site-packages/airflow/example_dags/example_params_trigger_ui.py
[2023-08-13T14:58:06.125+0000] {processor.py:836} INFO - DAG(s) dict_keys(['example_params_trigger_ui']) retrieved from /home/airflow/.local/lib/python3.10/site-packages/airflow/example_dags/example_params_trigger_ui.py
[2023-08-13T14:58:06.165+0000] {logging_mixin.py:149} INFO - [2023-08-13T14:58:06.165+0000] {dag.py:2726} INFO - Sync 1 DAGs
[2023-08-13T14:58:06.177+0000] {logging_mixin.py:149} INFO - [2023-08-13T14:58:06.177+0000] {dag.py:3486} INFO - Setting next_dagrun for example_params_trigger_ui to None, run_after=None
[2023-08-13T14:58:06.187+0000] {processor.py:179} INFO - Processing /home/airflow/.local/lib/python3.10/site-packages/airflow/example_dags/example_params_trigger_ui.py took 0.074 seconds
[2023-08-13T14:58:36.378+0000] {processor.py:157} INFO - Started process (PID=657) to work on /home/airflow/.local/lib/python3.10/site-packages/airflow/example_dags/example_params_trigger_ui.py
[2023-08-13T14:58:36.378+0000] {processor.py:826} INFO - Processing file /home/airflow/.local/lib/python3.10/site-packages/airflow/example_dags/example_params_trigger_ui.py for tasks to queue
[2023-08-13T14:58:36.378+0000] {logging_mixin.py:149} INFO - [2023-08-13T14:58:36.378+0000] {dagbag.py:541} INFO - Filling up the DagBag from /home/airflow/.local/lib/python3.10/site-packages/airflow/example_dags/example_params_trigger_ui.py
[2023-08-13T14:58:36.388+0000] {processor.py:836} INFO - DAG(s) dict_keys(['example_params_trigger_ui']) retrieved from /home/airflow/.local/lib/python3.10/site-packages/airflow/example_dags/example_params_trigger_ui.py
[2023-08-13T14:58:36.428+0000] {logging_mixin.py:149} INFO - [2023-08-13T14:58:36.428+0000] {dag.py:2726} INFO - Sync 1 DAGs
[2023-08-13T14:58:36.438+0000] {logging_mixin.py:149} INFO - [2023-08-13T14:58:36.437+0000] {dag.py:3486} INFO - Setting next_dagrun for example_params_trigger_ui to None, run_after=None
[2023-08-13T14:58:36.445+0000] {processor.py:179} INFO - Processing /home/airflow/.local/lib/python3.10/site-packages/airflow/example_dags/example_params_trigger_ui.py took 0.068 seconds
[2023-08-13T14:59:06.749+0000] {processor.py:157} INFO - Started process (PID=735) to work on /home/airflow/.local/lib/python3.10/site-packages/airflow/example_dags/example_params_trigger_ui.py
[2023-08-13T14:59:06.749+0000] {processor.py:826} INFO - Processing file /home/airflow/.local/lib/python3.10/site-packages/airflow/example_dags/example_params_trigger_ui.py for tasks to queue
[2023-08-13T14:59:06.749+0000] {logging_mixin.py:149} INFO - [2023-08-13T14:59:06.749+0000] {dagbag.py:541} INFO - Filling up the DagBag from /home/airflow/.local/lib/python3.10/site-packages/airflow/example_dags/example_params_trigger_ui.py
[2023-08-13T14:59:06.759+0000] {processor.py:836} INFO - DAG(s) dict_keys(['example_params_trigger_ui']) retrieved from /home/airflow/.local/lib/python3.10/site-packages/airflow/example_dags/example_params_trigger_ui.py
[2023-08-13T14:59:06.800+0000] {logging_mixin.py:149} INFO - [2023-08-13T14:59:06.800+0000] {dag.py:2726} INFO - Sync 1 DAGs
[2023-08-13T14:59:06.810+0000] {logging_mixin.py:149} INFO - [2023-08-13T14:59:06.810+0000] {dag.py:3486} INFO - Setting next_dagrun for example_params_trigger_ui to None, run_after=None
[2023-08-13T14:59:06.818+0000] {processor.py:179} INFO - Processing /home/airflow/.local/lib/python3.10/site-packages/airflow/example_dags/example_params_trigger_ui.py took 0.070 seconds
[2023-08-13T14:59:37.078+0000] {processor.py:157} INFO - Started process (PID=811) to work on /home/airflow/.local/lib/python3.10/site-packages/airflow/example_dags/example_params_trigger_ui.py
[2023-08-13T14:59:37.079+0000] {processor.py:826} INFO - Processing file /home/airflow/.local/lib/python3.10/site-packages/airflow/example_dags/example_params_trigger_ui.py for tasks to queue
[2023-08-13T14:59:37.079+0000] {logging_mixin.py:149} INFO - [2023-08-13T14:59:37.079+0000] {dagbag.py:541} INFO - Filling up the DagBag from /home/airflow/.local/lib/python3.10/site-packages/airflow/example_dags/example_params_trigger_ui.py
[2023-08-13T14:59:37.090+0000] {processor.py:836} INFO - DAG(s) dict_keys(['example_params_trigger_ui']) retrieved from /home/airflow/.local/lib/python3.10/site-packages/airflow/example_dags/example_params_trigger_ui.py
[2023-08-13T14:59:37.131+0000] {logging_mixin.py:149} INFO - [2023-08-13T14:59:37.131+0000] {dag.py:2726} INFO - Sync 1 DAGs
[2023-08-13T14:59:37.141+0000] {logging_mixin.py:149} INFO - [2023-08-13T14:59:37.141+0000] {dag.py:3486} INFO - Setting next_dagrun for example_params_trigger_ui to None, run_after=None
[2023-08-13T14:59:37.150+0000] {processor.py:179} INFO - Processing /home/airflow/.local/lib/python3.10/site-packages/airflow/example_dags/example_params_trigger_ui.py took 0.073 seconds
[2023-08-13T15:00:07.409+0000] {processor.py:157} INFO - Started process (PID=888) to work on /home/airflow/.local/lib/python3.10/site-packages/airflow/example_dags/example_params_trigger_ui.py
[2023-08-13T15:00:07.410+0000] {processor.py:826} INFO - Processing file /home/airflow/.local/lib/python3.10/site-packages/airflow/example_dags/example_params_trigger_ui.py for tasks to queue
[2023-08-13T15:00:07.410+0000] {logging_mixin.py:149} INFO - [2023-08-13T15:00:07.410+0000] {dagbag.py:541} INFO - Filling up the DagBag from /home/airflow/.local/lib/python3.10/site-packages/airflow/example_dags/example_params_trigger_ui.py
[2023-08-13T15:00:07.419+0000] {processor.py:836} INFO - DAG(s) dict_keys(['example_params_trigger_ui']) retrieved from /home/airflow/.local/lib/python3.10/site-packages/airflow/example_dags/example_params_trigger_ui.py
[2023-08-13T15:00:07.460+0000] {logging_mixin.py:149} INFO - [2023-08-13T15:00:07.459+0000] {dag.py:2726} INFO - Sync 1 DAGs
[2023-08-13T15:00:07.469+0000] {logging_mixin.py:149} INFO - [2023-08-13T15:00:07.469+0000] {dag.py:3486} INFO - Setting next_dagrun for example_params_trigger_ui to None, run_after=None
[2023-08-13T15:00:07.476+0000] {processor.py:179} INFO - Processing /home/airflow/.local/lib/python3.10/site-packages/airflow/example_dags/example_params_trigger_ui.py took 0.068 seconds
[2023-08-13T15:00:37.855+0000] {processor.py:157} INFO - Started process (PID=964) to work on /home/airflow/.local/lib/python3.10/site-packages/airflow/example_dags/example_params_trigger_ui.py
[2023-08-13T15:00:37.855+0000] {processor.py:826} INFO - Processing file /home/airflow/.local/lib/python3.10/site-packages/airflow/example_dags/example_params_trigger_ui.py for tasks to queue
[2023-08-13T15:00:37.855+0000] {logging_mixin.py:149} INFO - [2023-08-13T15:00:37.855+0000] {dagbag.py:541} INFO - Filling up the DagBag from /home/airflow/.local/lib/python3.10/site-packages/airflow/example_dags/example_params_trigger_ui.py
[2023-08-13T15:00:37.865+0000] {processor.py:836} INFO - DAG(s) dict_keys(['example_params_trigger_ui']) retrieved from /home/airflow/.local/lib/python3.10/site-packages/airflow/example_dags/example_params_trigger_ui.py
[2023-08-13T15:00:37.905+0000] {logging_mixin.py:149} INFO - [2023-08-13T15:00:37.905+0000] {dag.py:2726} INFO - Sync 1 DAGs
[2023-08-13T15:00:37.915+0000] {logging_mixin.py:149} INFO - [2023-08-13T15:00:37.914+0000] {dag.py:3486} INFO - Setting next_dagrun for example_params_trigger_ui to None, run_after=None
[2023-08-13T15:00:37.922+0000] {processor.py:179} INFO - Processing /home/airflow/.local/lib/python3.10/site-packages/airflow/example_dags/example_params_trigger_ui.py took 0.068 seconds
[2023-08-13T15:01:08.224+0000] {processor.py:157} INFO - Started process (PID=1041) to work on /home/airflow/.local/lib/python3.10/site-packages/airflow/example_dags/example_params_trigger_ui.py
[2023-08-13T15:01:08.225+0000] {processor.py:826} INFO - Processing file /home/airflow/.local/lib/python3.10/site-packages/airflow/example_dags/example_params_trigger_ui.py for tasks to queue
[2023-08-13T15:01:08.225+0000] {logging_mixin.py:149} INFO - [2023-08-13T15:01:08.225+0000] {dagbag.py:541} INFO - Filling up the DagBag from /home/airflow/.local/lib/python3.10/site-packages/airflow/example_dags/example_params_trigger_ui.py
[2023-08-13T15:01:08.234+0000] {processor.py:836} INFO - DAG(s) dict_keys(['example_params_trigger_ui']) retrieved from /home/airflow/.local/lib/python3.10/site-packages/airflow/example_dags/example_params_trigger_ui.py
[2023-08-13T15:01:08.274+0000] {logging_mixin.py:149} INFO - [2023-08-13T15:01:08.274+0000] {dag.py:2726} INFO - Sync 1 DAGs
[2023-08-13T15:01:08.284+0000] {logging_mixin.py:149} INFO - [2023-08-13T15:01:08.284+0000] {dag.py:3486} INFO - Setting next_dagrun for example_params_trigger_ui to None, run_after=None
[2023-08-13T15:01:08.292+0000] {processor.py:179} INFO - Processing /home/airflow/.local/lib/python3.10/site-packages/airflow/example_dags/example_params_trigger_ui.py took 0.069 seconds
[2023-08-13T15:01:38.500+0000] {processor.py:157} INFO - Started process (PID=1118) to work on /home/airflow/.local/lib/python3.10/site-packages/airflow/example_dags/example_params_trigger_ui.py
[2023-08-13T15:01:38.501+0000] {processor.py:826} INFO - Processing file /home/airflow/.local/lib/python3.10/site-packages/airflow/example_dags/example_params_trigger_ui.py for tasks to queue
[2023-08-13T15:01:38.501+0000] {logging_mixin.py:149} INFO - [2023-08-13T15:01:38.501+0000] {dagbag.py:541} INFO - Filling up the DagBag from /home/airflow/.local/lib/python3.10/site-packages/airflow/example_dags/example_params_trigger_ui.py
[2023-08-13T15:01:38.510+0000] {processor.py:836} INFO - DAG(s) dict_keys(['example_params_trigger_ui']) retrieved from /home/airflow/.local/lib/python3.10/site-packages/airflow/example_dags/example_params_trigger_ui.py
[2023-08-13T15:01:38.550+0000] {logging_mixin.py:149} INFO - [2023-08-13T15:01:38.550+0000] {dag.py:2726} INFO - Sync 1 DAGs
[2023-08-13T15:01:38.559+0000] {logging_mixin.py:149} INFO - [2023-08-13T15:01:38.559+0000] {dag.py:3486} INFO - Setting next_dagrun for example_params_trigger_ui to None, run_after=None
[2023-08-13T15:01:38.567+0000] {processor.py:179} INFO - Processing /home/airflow/.local/lib/python3.10/site-packages/airflow/example_dags/example_params_trigger_ui.py took 0.068 seconds
[2023-08-13T15:02:08.822+0000] {processor.py:157} INFO - Started process (PID=1195) to work on /home/airflow/.local/lib/python3.10/site-packages/airflow/example_dags/example_params_trigger_ui.py
[2023-08-13T15:02:08.822+0000] {processor.py:826} INFO - Processing file /home/airflow/.local/lib/python3.10/site-packages/airflow/example_dags/example_params_trigger_ui.py for tasks to queue
[2023-08-13T15:02:08.822+0000] {logging_mixin.py:149} INFO - [2023-08-13T15:02:08.822+0000] {dagbag.py:541} INFO - Filling up the DagBag from /home/airflow/.local/lib/python3.10/site-packages/airflow/example_dags/example_params_trigger_ui.py
[2023-08-13T15:02:08.833+0000] {processor.py:836} INFO - DAG(s) dict_keys(['example_params_trigger_ui']) retrieved from /home/airflow/.local/lib/python3.10/site-packages/airflow/example_dags/example_params_trigger_ui.py
[2023-08-13T15:02:08.873+0000] {logging_mixin.py:149} INFO - [2023-08-13T15:02:08.873+0000] {dag.py:2726} INFO - Sync 1 DAGs
[2023-08-13T15:02:08.883+0000] {logging_mixin.py:149} INFO - [2023-08-13T15:02:08.883+0000] {dag.py:3486} INFO - Setting next_dagrun for example_params_trigger_ui to None, run_after=None
[2023-08-13T15:02:08.890+0000] {processor.py:179} INFO - Processing /home/airflow/.local/lib/python3.10/site-packages/airflow/example_dags/example_params_trigger_ui.py took 0.069 seconds
[2023-08-13T15:02:39.153+0000] {processor.py:157} INFO - Started process (PID=1272) to work on /home/airflow/.local/lib/python3.10/site-packages/airflow/example_dags/example_params_trigger_ui.py
[2023-08-13T15:02:39.154+0000] {processor.py:826} INFO - Processing file /home/airflow/.local/lib/python3.10/site-packages/airflow/example_dags/example_params_trigger_ui.py for tasks to queue
[2023-08-13T15:02:39.154+0000] {logging_mixin.py:149} INFO - [2023-08-13T15:02:39.154+0000] {dagbag.py:541} INFO - Filling up the DagBag from /home/airflow/.local/lib/python3.10/site-packages/airflow/example_dags/example_params_trigger_ui.py
[2023-08-13T15:02:39.164+0000] {processor.py:836} INFO - DAG(s) dict_keys(['example_params_trigger_ui']) retrieved from /home/airflow/.local/lib/python3.10/site-packages/airflow/example_dags/example_params_trigger_ui.py
[2023-08-13T15:02:39.204+0000] {logging_mixin.py:149} INFO - [2023-08-13T15:02:39.204+0000] {dag.py:2726} INFO - Sync 1 DAGs
[2023-08-13T15:02:39.213+0000] {logging_mixin.py:149} INFO - [2023-08-13T15:02:39.213+0000] {dag.py:3486} INFO - Setting next_dagrun for example_params_trigger_ui to None, run_after=None
[2023-08-13T15:02:39.220+0000] {processor.py:179} INFO - Processing /home/airflow/.local/lib/python3.10/site-packages/airflow/example_dags/example_params_trigger_ui.py took 0.068 seconds
[2023-08-13T15:03:09.473+0000] {processor.py:157} INFO - Started process (PID=1349) to work on /home/airflow/.local/lib/python3.10/site-packages/airflow/example_dags/example_params_trigger_ui.py
[2023-08-13T15:03:09.473+0000] {processor.py:826} INFO - Processing file /home/airflow/.local/lib/python3.10/site-packages/airflow/example_dags/example_params_trigger_ui.py for tasks to queue
[2023-08-13T15:03:09.473+0000] {logging_mixin.py:149} INFO - [2023-08-13T15:03:09.473+0000] {dagbag.py:541} INFO - Filling up the DagBag from /home/airflow/.local/lib/python3.10/site-packages/airflow/example_dags/example_params_trigger_ui.py
[2023-08-13T15:03:09.483+0000] {processor.py:836} INFO - DAG(s) dict_keys(['example_params_trigger_ui']) retrieved from /home/airflow/.local/lib/python3.10/site-packages/airflow/example_dags/example_params_trigger_ui.py
[2023-08-13T15:03:09.523+0000] {logging_mixin.py:149} INFO - [2023-08-13T15:03:09.523+0000] {dag.py:2726} INFO - Sync 1 DAGs
[2023-08-13T15:03:09.533+0000] {logging_mixin.py:149} INFO - [2023-08-13T15:03:09.533+0000] {dag.py:3486} INFO - Setting next_dagrun for example_params_trigger_ui to None, run_after=None
[2023-08-13T15:03:09.540+0000] {processor.py:179} INFO - Processing /home/airflow/.local/lib/python3.10/site-packages/airflow/example_dags/example_params_trigger_ui.py took 0.069 seconds
[2023-08-13T15:03:39.796+0000] {processor.py:157} INFO - Started process (PID=1426) to work on /home/airflow/.local/lib/python3.10/site-packages/airflow/example_dags/example_params_trigger_ui.py
[2023-08-13T15:03:39.796+0000] {processor.py:826} INFO - Processing file /home/airflow/.local/lib/python3.10/site-packages/airflow/example_dags/example_params_trigger_ui.py for tasks to queue
[2023-08-13T15:03:39.797+0000] {logging_mixin.py:149} INFO - [2023-08-13T15:03:39.797+0000] {dagbag.py:541} INFO - Filling up the DagBag from /home/airflow/.local/lib/python3.10/site-packages/airflow/example_dags/example_params_trigger_ui.py
[2023-08-13T15:03:39.806+0000] {processor.py:836} INFO - DAG(s) dict_keys(['example_params_trigger_ui']) retrieved from /home/airflow/.local/lib/python3.10/site-packages/airflow/example_dags/example_params_trigger_ui.py
[2023-08-13T15:03:39.847+0000] {logging_mixin.py:149} INFO - [2023-08-13T15:03:39.846+0000] {dag.py:2726} INFO - Sync 1 DAGs
[2023-08-13T15:03:39.856+0000] {logging_mixin.py:149} INFO - [2023-08-13T15:03:39.856+0000] {dag.py:3486} INFO - Setting next_dagrun for example_params_trigger_ui to None, run_after=None
[2023-08-13T15:03:39.864+0000] {processor.py:179} INFO - Processing /home/airflow/.local/lib/python3.10/site-packages/airflow/example_dags/example_params_trigger_ui.py took 0.070 seconds
[2023-08-13T15:04:10.053+0000] {processor.py:157} INFO - Started process (PID=1503) to work on /home/airflow/.local/lib/python3.10/site-packages/airflow/example_dags/example_params_trigger_ui.py
[2023-08-13T15:04:10.053+0000] {processor.py:826} INFO - Processing file /home/airflow/.local/lib/python3.10/site-packages/airflow/example_dags/example_params_trigger_ui.py for tasks to queue
[2023-08-13T15:04:10.053+0000] {logging_mixin.py:149} INFO - [2023-08-13T15:04:10.053+0000] {dagbag.py:541} INFO - Filling up the DagBag from /home/airflow/.local/lib/python3.10/site-packages/airflow/example_dags/example_params_trigger_ui.py
[2023-08-13T15:04:10.064+0000] {processor.py:836} INFO - DAG(s) dict_keys(['example_params_trigger_ui']) retrieved from /home/airflow/.local/lib/python3.10/site-packages/airflow/example_dags/example_params_trigger_ui.py
[2023-08-13T15:04:10.105+0000] {logging_mixin.py:149} INFO - [2023-08-13T15:04:10.105+0000] {dag.py:2726} INFO - Sync 1 DAGs
[2023-08-13T15:04:10.115+0000] {logging_mixin.py:149} INFO - [2023-08-13T15:04:10.115+0000] {dag.py:3486} INFO - Setting next_dagrun for example_params_trigger_ui to None, run_after=None
[2023-08-13T15:04:10.122+0000] {processor.py:179} INFO - Processing /home/airflow/.local/lib/python3.10/site-packages/airflow/example_dags/example_params_trigger_ui.py took 0.071 seconds
[2023-08-13T15:04:40.376+0000] {processor.py:157} INFO - Started process (PID=1581) to work on /home/airflow/.local/lib/python3.10/site-packages/airflow/example_dags/example_params_trigger_ui.py
[2023-08-13T15:04:40.376+0000] {processor.py:826} INFO - Processing file /home/airflow/.local/lib/python3.10/site-packages/airflow/example_dags/example_params_trigger_ui.py for tasks to queue
[2023-08-13T15:04:40.376+0000] {logging_mixin.py:149} INFO - [2023-08-13T15:04:40.376+0000] {dagbag.py:541} INFO - Filling up the DagBag from /home/airflow/.local/lib/python3.10/site-packages/airflow/example_dags/example_params_trigger_ui.py
[2023-08-13T15:04:40.386+0000] {processor.py:836} INFO - DAG(s) dict_keys(['example_params_trigger_ui']) retrieved from /home/airflow/.local/lib/python3.10/site-packages/airflow/example_dags/example_params_trigger_ui.py
[2023-08-13T15:04:40.425+0000] {logging_mixin.py:149} INFO - [2023-08-13T15:04:40.425+0000] {dag.py:2726} INFO - Sync 1 DAGs
[2023-08-13T15:04:40.435+0000] {logging_mixin.py:149} INFO - [2023-08-13T15:04:40.435+0000] {dag.py:3486} INFO - Setting next_dagrun for example_params_trigger_ui to None, run_after=None
[2023-08-13T15:04:40.442+0000] {processor.py:179} INFO - Processing /home/airflow/.local/lib/python3.10/site-packages/airflow/example_dags/example_params_trigger_ui.py took 0.068 seconds
[2023-08-13T15:05:10.571+0000] {processor.py:157} INFO - Started process (PID=1657) to work on /home/airflow/.local/lib/python3.10/site-packages/airflow/example_dags/example_params_trigger_ui.py
[2023-08-13T15:05:10.572+0000] {processor.py:826} INFO - Processing file /home/airflow/.local/lib/python3.10/site-packages/airflow/example_dags/example_params_trigger_ui.py for tasks to queue
[2023-08-13T15:05:10.572+0000] {logging_mixin.py:149} INFO - [2023-08-13T15:05:10.572+0000] {dagbag.py:541} INFO - Filling up the DagBag from /home/airflow/.local/lib/python3.10/site-packages/airflow/example_dags/example_params_trigger_ui.py
[2023-08-13T15:05:10.581+0000] {processor.py:836} INFO - DAG(s) dict_keys(['example_params_trigger_ui']) retrieved from /home/airflow/.local/lib/python3.10/site-packages/airflow/example_dags/example_params_trigger_ui.py
[2023-08-13T15:05:10.620+0000] {logging_mixin.py:149} INFO - [2023-08-13T15:05:10.620+0000] {dag.py:2726} INFO - Sync 1 DAGs
[2023-08-13T15:05:10.629+0000] {logging_mixin.py:149} INFO - [2023-08-13T15:05:10.629+0000] {dag.py:3486} INFO - Setting next_dagrun for example_params_trigger_ui to None, run_after=None
[2023-08-13T15:05:10.636+0000] {processor.py:179} INFO - Processing /home/airflow/.local/lib/python3.10/site-packages/airflow/example_dags/example_params_trigger_ui.py took 0.066 seconds
[2023-08-13T15:05:40.899+0000] {processor.py:157} INFO - Started process (PID=1734) to work on /home/airflow/.local/lib/python3.10/site-packages/airflow/example_dags/example_params_trigger_ui.py
[2023-08-13T15:05:40.899+0000] {processor.py:826} INFO - Processing file /home/airflow/.local/lib/python3.10/site-packages/airflow/example_dags/example_params_trigger_ui.py for tasks to queue
[2023-08-13T15:05:40.900+0000] {logging_mixin.py:149} INFO - [2023-08-13T15:05:40.900+0000] {dagbag.py:541} INFO - Filling up the DagBag from /home/airflow/.local/lib/python3.10/site-packages/airflow/example_dags/example_params_trigger_ui.py
[2023-08-13T15:05:40.909+0000] {processor.py:836} INFO - DAG(s) dict_keys(['example_params_trigger_ui']) retrieved from /home/airflow/.local/lib/python3.10/site-packages/airflow/example_dags/example_params_trigger_ui.py
[2023-08-13T15:05:40.949+0000] {logging_mixin.py:149} INFO - [2023-08-13T15:05:40.948+0000] {dag.py:2726} INFO - Sync 1 DAGs
[2023-08-13T15:05:40.958+0000] {logging_mixin.py:149} INFO - [2023-08-13T15:05:40.958+0000] {dag.py:3486} INFO - Setting next_dagrun for example_params_trigger_ui to None, run_after=None
[2023-08-13T15:05:40.966+0000] {processor.py:179} INFO - Processing /home/airflow/.local/lib/python3.10/site-packages/airflow/example_dags/example_params_trigger_ui.py took 0.068 seconds
[2023-08-13T15:06:11.297+0000] {processor.py:157} INFO - Started process (PID=1811) to work on /home/airflow/.local/lib/python3.10/site-packages/airflow/example_dags/example_params_trigger_ui.py
[2023-08-13T15:06:11.298+0000] {processor.py:826} INFO - Processing file /home/airflow/.local/lib/python3.10/site-packages/airflow/example_dags/example_params_trigger_ui.py for tasks to queue
[2023-08-13T15:06:11.298+0000] {logging_mixin.py:149} INFO - [2023-08-13T15:06:11.298+0000] {dagbag.py:541} INFO - Filling up the DagBag from /home/airflow/.local/lib/python3.10/site-packages/airflow/example_dags/example_params_trigger_ui.py
[2023-08-13T15:06:11.307+0000] {processor.py:836} INFO - DAG(s) dict_keys(['example_params_trigger_ui']) retrieved from /home/airflow/.local/lib/python3.10/site-packages/airflow/example_dags/example_params_trigger_ui.py
[2023-08-13T15:06:11.347+0000] {logging_mixin.py:149} INFO - [2023-08-13T15:06:11.347+0000] {dag.py:2726} INFO - Sync 1 DAGs
[2023-08-13T15:06:11.356+0000] {logging_mixin.py:149} INFO - [2023-08-13T15:06:11.356+0000] {dag.py:3486} INFO - Setting next_dagrun for example_params_trigger_ui to None, run_after=None
[2023-08-13T15:06:11.363+0000] {processor.py:179} INFO - Processing /home/airflow/.local/lib/python3.10/site-packages/airflow/example_dags/example_params_trigger_ui.py took 0.067 seconds
[2023-08-13T15:06:41.607+0000] {processor.py:157} INFO - Started process (PID=1888) to work on /home/airflow/.local/lib/python3.10/site-packages/airflow/example_dags/example_params_trigger_ui.py
[2023-08-13T15:06:41.608+0000] {processor.py:826} INFO - Processing file /home/airflow/.local/lib/python3.10/site-packages/airflow/example_dags/example_params_trigger_ui.py for tasks to queue
[2023-08-13T15:06:41.608+0000] {logging_mixin.py:149} INFO - [2023-08-13T15:06:41.608+0000] {dagbag.py:541} INFO - Filling up the DagBag from /home/airflow/.local/lib/python3.10/site-packages/airflow/example_dags/example_params_trigger_ui.py
[2023-08-13T15:06:41.618+0000] {processor.py:836} INFO - DAG(s) dict_keys(['example_params_trigger_ui']) retrieved from /home/airflow/.local/lib/python3.10/site-packages/airflow/example_dags/example_params_trigger_ui.py
[2023-08-13T15:06:41.657+0000] {logging_mixin.py:149} INFO - [2023-08-13T15:06:41.657+0000] {dag.py:2726} INFO - Sync 1 DAGs
[2023-08-13T15:06:41.667+0000] {logging_mixin.py:149} INFO - [2023-08-13T15:06:41.667+0000] {dag.py:3486} INFO - Setting next_dagrun for example_params_trigger_ui to None, run_after=None
[2023-08-13T15:06:41.674+0000] {processor.py:179} INFO - Processing /home/airflow/.local/lib/python3.10/site-packages/airflow/example_dags/example_params_trigger_ui.py took 0.068 seconds
[2023-08-13T15:07:11.986+0000] {processor.py:157} INFO - Started process (PID=1964) to work on /home/airflow/.local/lib/python3.10/site-packages/airflow/example_dags/example_params_trigger_ui.py
[2023-08-13T15:07:11.986+0000] {processor.py:826} INFO - Processing file /home/airflow/.local/lib/python3.10/site-packages/airflow/example_dags/example_params_trigger_ui.py for tasks to queue
[2023-08-13T15:07:11.986+0000] {logging_mixin.py:149} INFO - [2023-08-13T15:07:11.986+0000] {dagbag.py:541} INFO - Filling up the DagBag from /home/airflow/.local/lib/python3.10/site-packages/airflow/example_dags/example_params_trigger_ui.py
[2023-08-13T15:07:11.996+0000] {processor.py:836} INFO - DAG(s) dict_keys(['example_params_trigger_ui']) retrieved from /home/airflow/.local/lib/python3.10/site-packages/airflow/example_dags/example_params_trigger_ui.py
[2023-08-13T15:07:12.037+0000] {logging_mixin.py:149} INFO - [2023-08-13T15:07:12.037+0000] {dag.py:2726} INFO - Sync 1 DAGs
[2023-08-13T15:07:12.047+0000] {logging_mixin.py:149} INFO - [2023-08-13T15:07:12.046+0000] {dag.py:3486} INFO - Setting next_dagrun for example_params_trigger_ui to None, run_after=None
[2023-08-13T15:07:12.054+0000] {processor.py:179} INFO - Processing /home/airflow/.local/lib/python3.10/site-packages/airflow/example_dags/example_params_trigger_ui.py took 0.070 seconds
[2023-08-13T15:07:42.587+0000] {processor.py:157} INFO - Started process (PID=2041) to work on /home/airflow/.local/lib/python3.10/site-packages/airflow/example_dags/example_params_trigger_ui.py
[2023-08-13T15:07:42.588+0000] {processor.py:826} INFO - Processing file /home/airflow/.local/lib/python3.10/site-packages/airflow/example_dags/example_params_trigger_ui.py for tasks to queue
[2023-08-13T15:07:42.588+0000] {logging_mixin.py:149} INFO - [2023-08-13T15:07:42.588+0000] {dagbag.py:541} INFO - Filling up the DagBag from /home/airflow/.local/lib/python3.10/site-packages/airflow/example_dags/example_params_trigger_ui.py
[2023-08-13T15:07:42.598+0000] {processor.py:836} INFO - DAG(s) dict_keys(['example_params_trigger_ui']) retrieved from /home/airflow/.local/lib/python3.10/site-packages/airflow/example_dags/example_params_trigger_ui.py
[2023-08-13T15:07:42.638+0000] {logging_mixin.py:149} INFO - [2023-08-13T15:07:42.638+0000] {dag.py:2726} INFO - Sync 1 DAGs
[2023-08-13T15:07:42.648+0000] {logging_mixin.py:149} INFO - [2023-08-13T15:07:42.648+0000] {dag.py:3486} INFO - Setting next_dagrun for example_params_trigger_ui to None, run_after=None
[2023-08-13T15:07:42.655+0000] {processor.py:179} INFO - Processing /home/airflow/.local/lib/python3.10/site-packages/airflow/example_dags/example_params_trigger_ui.py took 0.069 seconds
[2023-08-13T15:08:13.101+0000] {processor.py:157} INFO - Started process (PID=2118) to work on /home/airflow/.local/lib/python3.10/site-packages/airflow/example_dags/example_params_trigger_ui.py
[2023-08-13T15:08:13.101+0000] {processor.py:826} INFO - Processing file /home/airflow/.local/lib/python3.10/site-packages/airflow/example_dags/example_params_trigger_ui.py for tasks to queue
[2023-08-13T15:08:13.101+0000] {logging_mixin.py:149} INFO - [2023-08-13T15:08:13.101+0000] {dagbag.py:541} INFO - Filling up the DagBag from /home/airflow/.local/lib/python3.10/site-packages/airflow/example_dags/example_params_trigger_ui.py
[2023-08-13T15:08:13.111+0000] {processor.py:836} INFO - DAG(s) dict_keys(['example_params_trigger_ui']) retrieved from /home/airflow/.local/lib/python3.10/site-packages/airflow/example_dags/example_params_trigger_ui.py
[2023-08-13T15:08:13.151+0000] {logging_mixin.py:149} INFO - [2023-08-13T15:08:13.151+0000] {dag.py:2726} INFO - Sync 1 DAGs
[2023-08-13T15:08:13.161+0000] {logging_mixin.py:149} INFO - [2023-08-13T15:08:13.161+0000] {dag.py:3486} INFO - Setting next_dagrun for example_params_trigger_ui to None, run_after=None
[2023-08-13T15:08:13.168+0000] {processor.py:179} INFO - Processing /home/airflow/.local/lib/python3.10/site-packages/airflow/example_dags/example_params_trigger_ui.py took 0.069 seconds
[2023-08-13T15:08:43.339+0000] {processor.py:157} INFO - Started process (PID=2195) to work on /home/airflow/.local/lib/python3.10/site-packages/airflow/example_dags/example_params_trigger_ui.py
[2023-08-13T15:08:43.339+0000] {processor.py:826} INFO - Processing file /home/airflow/.local/lib/python3.10/site-packages/airflow/example_dags/example_params_trigger_ui.py for tasks to queue
[2023-08-13T15:08:43.339+0000] {logging_mixin.py:149} INFO - [2023-08-13T15:08:43.339+0000] {dagbag.py:541} INFO - Filling up the DagBag from /home/airflow/.local/lib/python3.10/site-packages/airflow/example_dags/example_params_trigger_ui.py
[2023-08-13T15:08:43.349+0000] {processor.py:836} INFO - DAG(s) dict_keys(['example_params_trigger_ui']) retrieved from /home/airflow/.local/lib/python3.10/site-packages/airflow/example_dags/example_params_trigger_ui.py
[2023-08-13T15:08:43.389+0000] {logging_mixin.py:149} INFO - [2023-08-13T15:08:43.389+0000] {dag.py:2726} INFO - Sync 1 DAGs
[2023-08-13T15:08:43.400+0000] {logging_mixin.py:149} INFO - [2023-08-13T15:08:43.400+0000] {dag.py:3486} INFO - Setting next_dagrun for example_params_trigger_ui to None, run_after=None
[2023-08-13T15:08:43.408+0000] {processor.py:179} INFO - Processing /home/airflow/.local/lib/python3.10/site-packages/airflow/example_dags/example_params_trigger_ui.py took 0.071 seconds
[2023-08-13T15:12:53.375+0000] {processor.py:157} INFO - Started process (PID=39) to work on /home/airflow/.local/lib/python3.10/site-packages/airflow/example_dags/example_params_trigger_ui.py
[2023-08-13T15:12:53.376+0000] {processor.py:826} INFO - Processing file /home/airflow/.local/lib/python3.10/site-packages/airflow/example_dags/example_params_trigger_ui.py for tasks to queue
[2023-08-13T15:12:53.376+0000] {logging_mixin.py:149} INFO - [2023-08-13T15:12:53.376+0000] {dagbag.py:541} INFO - Filling up the DagBag from /home/airflow/.local/lib/python3.10/site-packages/airflow/example_dags/example_params_trigger_ui.py
[2023-08-13T15:12:53.387+0000] {processor.py:836} INFO - DAG(s) dict_keys(['example_params_trigger_ui']) retrieved from /home/airflow/.local/lib/python3.10/site-packages/airflow/example_dags/example_params_trigger_ui.py
[2023-08-13T15:12:53.392+0000] {logging_mixin.py:149} INFO - [2023-08-13T15:12:53.391+0000] {dag.py:2726} INFO - Sync 1 DAGs
[2023-08-13T15:12:53.402+0000] {logging_mixin.py:149} INFO - [2023-08-13T15:12:53.402+0000] {dag.py:3486} INFO - Setting next_dagrun for example_params_trigger_ui to None, run_after=None
[2023-08-13T15:12:53.409+0000] {processor.py:179} INFO - Processing /home/airflow/.local/lib/python3.10/site-packages/airflow/example_dags/example_params_trigger_ui.py took 0.035 seconds
[2023-08-13T15:13:23.574+0000] {processor.py:157} INFO - Started process (PID=115) to work on /home/airflow/.local/lib/python3.10/site-packages/airflow/example_dags/example_params_trigger_ui.py
[2023-08-13T15:13:23.575+0000] {processor.py:826} INFO - Processing file /home/airflow/.local/lib/python3.10/site-packages/airflow/example_dags/example_params_trigger_ui.py for tasks to queue
[2023-08-13T15:13:23.575+0000] {logging_mixin.py:149} INFO - [2023-08-13T15:13:23.575+0000] {dagbag.py:541} INFO - Filling up the DagBag from /home/airflow/.local/lib/python3.10/site-packages/airflow/example_dags/example_params_trigger_ui.py
[2023-08-13T15:13:23.584+0000] {processor.py:836} INFO - DAG(s) dict_keys(['example_params_trigger_ui']) retrieved from /home/airflow/.local/lib/python3.10/site-packages/airflow/example_dags/example_params_trigger_ui.py
[2023-08-13T15:13:23.624+0000] {logging_mixin.py:149} INFO - [2023-08-13T15:13:23.624+0000] {dag.py:2726} INFO - Sync 1 DAGs
[2023-08-13T15:13:23.634+0000] {logging_mixin.py:149} INFO - [2023-08-13T15:13:23.634+0000] {dag.py:3486} INFO - Setting next_dagrun for example_params_trigger_ui to None, run_after=None
[2023-08-13T15:13:23.641+0000] {processor.py:179} INFO - Processing /home/airflow/.local/lib/python3.10/site-packages/airflow/example_dags/example_params_trigger_ui.py took 0.068 seconds
[2023-08-13T15:13:53.943+0000] {processor.py:157} INFO - Started process (PID=192) to work on /home/airflow/.local/lib/python3.10/site-packages/airflow/example_dags/example_params_trigger_ui.py
[2023-08-13T15:13:53.943+0000] {processor.py:826} INFO - Processing file /home/airflow/.local/lib/python3.10/site-packages/airflow/example_dags/example_params_trigger_ui.py for tasks to queue
[2023-08-13T15:13:53.943+0000] {logging_mixin.py:149} INFO - [2023-08-13T15:13:53.943+0000] {dagbag.py:541} INFO - Filling up the DagBag from /home/airflow/.local/lib/python3.10/site-packages/airflow/example_dags/example_params_trigger_ui.py
[2023-08-13T15:13:53.952+0000] {processor.py:836} INFO - DAG(s) dict_keys(['example_params_trigger_ui']) retrieved from /home/airflow/.local/lib/python3.10/site-packages/airflow/example_dags/example_params_trigger_ui.py
[2023-08-13T15:13:53.992+0000] {logging_mixin.py:149} INFO - [2023-08-13T15:13:53.992+0000] {dag.py:2726} INFO - Sync 1 DAGs
[2023-08-13T15:13:54.001+0000] {logging_mixin.py:149} INFO - [2023-08-13T15:13:54.001+0000] {dag.py:3486} INFO - Setting next_dagrun for example_params_trigger_ui to None, run_after=None
[2023-08-13T15:13:54.008+0000] {processor.py:179} INFO - Processing /home/airflow/.local/lib/python3.10/site-packages/airflow/example_dags/example_params_trigger_ui.py took 0.067 seconds
[2023-08-13T15:14:24.435+0000] {processor.py:157} INFO - Started process (PID=269) to work on /home/airflow/.local/lib/python3.10/site-packages/airflow/example_dags/example_params_trigger_ui.py
[2023-08-13T15:14:24.435+0000] {processor.py:826} INFO - Processing file /home/airflow/.local/lib/python3.10/site-packages/airflow/example_dags/example_params_trigger_ui.py for tasks to queue
[2023-08-13T15:14:24.435+0000] {logging_mixin.py:149} INFO - [2023-08-13T15:14:24.435+0000] {dagbag.py:541} INFO - Filling up the DagBag from /home/airflow/.local/lib/python3.10/site-packages/airflow/example_dags/example_params_trigger_ui.py
[2023-08-13T15:14:24.445+0000] {processor.py:836} INFO - DAG(s) dict_keys(['example_params_trigger_ui']) retrieved from /home/airflow/.local/lib/python3.10/site-packages/airflow/example_dags/example_params_trigger_ui.py
[2023-08-13T15:14:24.486+0000] {logging_mixin.py:149} INFO - [2023-08-13T15:14:24.485+0000] {dag.py:2726} INFO - Sync 1 DAGs
[2023-08-13T15:14:24.495+0000] {logging_mixin.py:149} INFO - [2023-08-13T15:14:24.495+0000] {dag.py:3486} INFO - Setting next_dagrun for example_params_trigger_ui to None, run_after=None
[2023-08-13T15:14:24.503+0000] {processor.py:179} INFO - Processing /home/airflow/.local/lib/python3.10/site-packages/airflow/example_dags/example_params_trigger_ui.py took 0.070 seconds
[2023-08-13T15:14:54.800+0000] {processor.py:157} INFO - Started process (PID=351) to work on /home/airflow/.local/lib/python3.10/site-packages/airflow/example_dags/example_params_trigger_ui.py
[2023-08-13T15:14:54.800+0000] {processor.py:826} INFO - Processing file /home/airflow/.local/lib/python3.10/site-packages/airflow/example_dags/example_params_trigger_ui.py for tasks to queue
[2023-08-13T15:14:54.800+0000] {logging_mixin.py:149} INFO - [2023-08-13T15:14:54.800+0000] {dagbag.py:541} INFO - Filling up the DagBag from /home/airflow/.local/lib/python3.10/site-packages/airflow/example_dags/example_params_trigger_ui.py
[2023-08-13T15:14:54.810+0000] {processor.py:836} INFO - DAG(s) dict_keys(['example_params_trigger_ui']) retrieved from /home/airflow/.local/lib/python3.10/site-packages/airflow/example_dags/example_params_trigger_ui.py
[2023-08-13T15:14:54.849+0000] {logging_mixin.py:149} INFO - [2023-08-13T15:14:54.849+0000] {dag.py:2726} INFO - Sync 1 DAGs
[2023-08-13T15:14:54.859+0000] {logging_mixin.py:149} INFO - [2023-08-13T15:14:54.859+0000] {dag.py:3486} INFO - Setting next_dagrun for example_params_trigger_ui to None, run_after=None
[2023-08-13T15:14:54.868+0000] {processor.py:179} INFO - Processing /home/airflow/.local/lib/python3.10/site-packages/airflow/example_dags/example_params_trigger_ui.py took 0.069 seconds
[2023-08-13T15:15:25.229+0000] {processor.py:157} INFO - Started process (PID=428) to work on /home/airflow/.local/lib/python3.10/site-packages/airflow/example_dags/example_params_trigger_ui.py
[2023-08-13T15:15:25.230+0000] {processor.py:826} INFO - Processing file /home/airflow/.local/lib/python3.10/site-packages/airflow/example_dags/example_params_trigger_ui.py for tasks to queue
[2023-08-13T15:15:25.230+0000] {logging_mixin.py:149} INFO - [2023-08-13T15:15:25.230+0000] {dagbag.py:541} INFO - Filling up the DagBag from /home/airflow/.local/lib/python3.10/site-packages/airflow/example_dags/example_params_trigger_ui.py
[2023-08-13T15:15:25.239+0000] {processor.py:836} INFO - DAG(s) dict_keys(['example_params_trigger_ui']) retrieved from /home/airflow/.local/lib/python3.10/site-packages/airflow/example_dags/example_params_trigger_ui.py
[2023-08-13T15:15:25.280+0000] {logging_mixin.py:149} INFO - [2023-08-13T15:15:25.280+0000] {dag.py:2726} INFO - Sync 1 DAGs
[2023-08-13T15:15:25.290+0000] {logging_mixin.py:149} INFO - [2023-08-13T15:15:25.289+0000] {dag.py:3486} INFO - Setting next_dagrun for example_params_trigger_ui to None, run_after=None
[2023-08-13T15:15:25.297+0000] {processor.py:179} INFO - Processing /home/airflow/.local/lib/python3.10/site-packages/airflow/example_dags/example_params_trigger_ui.py took 0.069 seconds
[2023-08-13T15:15:55.652+0000] {processor.py:157} INFO - Started process (PID=505) to work on /home/airflow/.local/lib/python3.10/site-packages/airflow/example_dags/example_params_trigger_ui.py
[2023-08-13T15:15:55.652+0000] {processor.py:826} INFO - Processing file /home/airflow/.local/lib/python3.10/site-packages/airflow/example_dags/example_params_trigger_ui.py for tasks to queue
[2023-08-13T15:15:55.653+0000] {logging_mixin.py:149} INFO - [2023-08-13T15:15:55.653+0000] {dagbag.py:541} INFO - Filling up the DagBag from /home/airflow/.local/lib/python3.10/site-packages/airflow/example_dags/example_params_trigger_ui.py
[2023-08-13T15:15:55.662+0000] {processor.py:836} INFO - DAG(s) dict_keys(['example_params_trigger_ui']) retrieved from /home/airflow/.local/lib/python3.10/site-packages/airflow/example_dags/example_params_trigger_ui.py
[2023-08-13T15:15:55.702+0000] {logging_mixin.py:149} INFO - [2023-08-13T15:15:55.701+0000] {dag.py:2726} INFO - Sync 1 DAGs
[2023-08-13T15:15:55.712+0000] {logging_mixin.py:149} INFO - [2023-08-13T15:15:55.711+0000] {dag.py:3486} INFO - Setting next_dagrun for example_params_trigger_ui to None, run_after=None
[2023-08-13T15:15:55.719+0000] {processor.py:179} INFO - Processing /home/airflow/.local/lib/python3.10/site-packages/airflow/example_dags/example_params_trigger_ui.py took 0.068 seconds
[2023-08-13T15:16:26.013+0000] {processor.py:157} INFO - Started process (PID=582) to work on /home/airflow/.local/lib/python3.10/site-packages/airflow/example_dags/example_params_trigger_ui.py
[2023-08-13T15:16:26.013+0000] {processor.py:826} INFO - Processing file /home/airflow/.local/lib/python3.10/site-packages/airflow/example_dags/example_params_trigger_ui.py for tasks to queue
[2023-08-13T15:16:26.013+0000] {logging_mixin.py:149} INFO - [2023-08-13T15:16:26.013+0000] {dagbag.py:541} INFO - Filling up the DagBag from /home/airflow/.local/lib/python3.10/site-packages/airflow/example_dags/example_params_trigger_ui.py
[2023-08-13T15:16:26.023+0000] {processor.py:836} INFO - DAG(s) dict_keys(['example_params_trigger_ui']) retrieved from /home/airflow/.local/lib/python3.10/site-packages/airflow/example_dags/example_params_trigger_ui.py
[2023-08-13T15:16:26.064+0000] {logging_mixin.py:149} INFO - [2023-08-13T15:16:26.063+0000] {dag.py:2726} INFO - Sync 1 DAGs
[2023-08-13T15:16:26.073+0000] {logging_mixin.py:149} INFO - [2023-08-13T15:16:26.073+0000] {dag.py:3486} INFO - Setting next_dagrun for example_params_trigger_ui to None, run_after=None
[2023-08-13T15:16:26.080+0000] {processor.py:179} INFO - Processing /home/airflow/.local/lib/python3.10/site-packages/airflow/example_dags/example_params_trigger_ui.py took 0.069 seconds
[2023-08-13T15:16:56.366+0000] {processor.py:157} INFO - Started process (PID=658) to work on /home/airflow/.local/lib/python3.10/site-packages/airflow/example_dags/example_params_trigger_ui.py
[2023-08-13T15:16:56.366+0000] {processor.py:826} INFO - Processing file /home/airflow/.local/lib/python3.10/site-packages/airflow/example_dags/example_params_trigger_ui.py for tasks to queue
[2023-08-13T15:16:56.366+0000] {logging_mixin.py:149} INFO - [2023-08-13T15:16:56.366+0000] {dagbag.py:541} INFO - Filling up the DagBag from /home/airflow/.local/lib/python3.10/site-packages/airflow/example_dags/example_params_trigger_ui.py
[2023-08-13T15:16:56.376+0000] {processor.py:836} INFO - DAG(s) dict_keys(['example_params_trigger_ui']) retrieved from /home/airflow/.local/lib/python3.10/site-packages/airflow/example_dags/example_params_trigger_ui.py
[2023-08-13T15:16:56.416+0000] {logging_mixin.py:149} INFO - [2023-08-13T15:16:56.416+0000] {dag.py:2726} INFO - Sync 1 DAGs
[2023-08-13T15:16:56.426+0000] {logging_mixin.py:149} INFO - [2023-08-13T15:16:56.426+0000] {dag.py:3486} INFO - Setting next_dagrun for example_params_trigger_ui to None, run_after=None
[2023-08-13T15:16:56.434+0000] {processor.py:179} INFO - Processing /home/airflow/.local/lib/python3.10/site-packages/airflow/example_dags/example_params_trigger_ui.py took 0.070 seconds
[2023-08-13T15:17:26.709+0000] {processor.py:157} INFO - Started process (PID=735) to work on /home/airflow/.local/lib/python3.10/site-packages/airflow/example_dags/example_params_trigger_ui.py
[2023-08-13T15:17:26.709+0000] {processor.py:826} INFO - Processing file /home/airflow/.local/lib/python3.10/site-packages/airflow/example_dags/example_params_trigger_ui.py for tasks to queue
[2023-08-13T15:17:26.710+0000] {logging_mixin.py:149} INFO - [2023-08-13T15:17:26.710+0000] {dagbag.py:541} INFO - Filling up the DagBag from /home/airflow/.local/lib/python3.10/site-packages/airflow/example_dags/example_params_trigger_ui.py
[2023-08-13T15:17:26.719+0000] {processor.py:836} INFO - DAG(s) dict_keys(['example_params_trigger_ui']) retrieved from /home/airflow/.local/lib/python3.10/site-packages/airflow/example_dags/example_params_trigger_ui.py
[2023-08-13T15:17:26.758+0000] {logging_mixin.py:149} INFO - [2023-08-13T15:17:26.758+0000] {dag.py:2726} INFO - Sync 1 DAGs
[2023-08-13T15:17:26.768+0000] {logging_mixin.py:149} INFO - [2023-08-13T15:17:26.768+0000] {dag.py:3486} INFO - Setting next_dagrun for example_params_trigger_ui to None, run_after=None
[2023-08-13T15:17:26.775+0000] {processor.py:179} INFO - Processing /home/airflow/.local/lib/python3.10/site-packages/airflow/example_dags/example_params_trigger_ui.py took 0.067 seconds
[2023-08-13T15:17:56.996+0000] {processor.py:157} INFO - Started process (PID=812) to work on /home/airflow/.local/lib/python3.10/site-packages/airflow/example_dags/example_params_trigger_ui.py
[2023-08-13T15:17:56.997+0000] {processor.py:826} INFO - Processing file /home/airflow/.local/lib/python3.10/site-packages/airflow/example_dags/example_params_trigger_ui.py for tasks to queue
[2023-08-13T15:17:56.997+0000] {logging_mixin.py:149} INFO - [2023-08-13T15:17:56.997+0000] {dagbag.py:541} INFO - Filling up the DagBag from /home/airflow/.local/lib/python3.10/site-packages/airflow/example_dags/example_params_trigger_ui.py
[2023-08-13T15:17:57.006+0000] {processor.py:836} INFO - DAG(s) dict_keys(['example_params_trigger_ui']) retrieved from /home/airflow/.local/lib/python3.10/site-packages/airflow/example_dags/example_params_trigger_ui.py
[2023-08-13T15:17:57.046+0000] {logging_mixin.py:149} INFO - [2023-08-13T15:17:57.046+0000] {dag.py:2726} INFO - Sync 1 DAGs
[2023-08-13T15:17:57.056+0000] {logging_mixin.py:149} INFO - [2023-08-13T15:17:57.056+0000] {dag.py:3486} INFO - Setting next_dagrun for example_params_trigger_ui to None, run_after=None
[2023-08-13T15:17:57.063+0000] {processor.py:179} INFO - Processing /home/airflow/.local/lib/python3.10/site-packages/airflow/example_dags/example_params_trigger_ui.py took 0.069 seconds
[2023-08-13T15:18:27.302+0000] {processor.py:157} INFO - Started process (PID=889) to work on /home/airflow/.local/lib/python3.10/site-packages/airflow/example_dags/example_params_trigger_ui.py
[2023-08-13T15:18:27.302+0000] {processor.py:826} INFO - Processing file /home/airflow/.local/lib/python3.10/site-packages/airflow/example_dags/example_params_trigger_ui.py for tasks to queue
[2023-08-13T15:18:27.303+0000] {logging_mixin.py:149} INFO - [2023-08-13T15:18:27.302+0000] {dagbag.py:541} INFO - Filling up the DagBag from /home/airflow/.local/lib/python3.10/site-packages/airflow/example_dags/example_params_trigger_ui.py
[2023-08-13T15:18:27.312+0000] {processor.py:836} INFO - DAG(s) dict_keys(['example_params_trigger_ui']) retrieved from /home/airflow/.local/lib/python3.10/site-packages/airflow/example_dags/example_params_trigger_ui.py
[2023-08-13T15:18:27.352+0000] {logging_mixin.py:149} INFO - [2023-08-13T15:18:27.352+0000] {dag.py:2726} INFO - Sync 1 DAGs
[2023-08-13T15:18:27.361+0000] {logging_mixin.py:149} INFO - [2023-08-13T15:18:27.361+0000] {dag.py:3486} INFO - Setting next_dagrun for example_params_trigger_ui to None, run_after=None
[2023-08-13T15:18:27.368+0000] {processor.py:179} INFO - Processing /home/airflow/.local/lib/python3.10/site-packages/airflow/example_dags/example_params_trigger_ui.py took 0.067 seconds
[2023-08-13T15:18:57.610+0000] {processor.py:157} INFO - Started process (PID=966) to work on /home/airflow/.local/lib/python3.10/site-packages/airflow/example_dags/example_params_trigger_ui.py
[2023-08-13T15:18:57.611+0000] {processor.py:826} INFO - Processing file /home/airflow/.local/lib/python3.10/site-packages/airflow/example_dags/example_params_trigger_ui.py for tasks to queue
[2023-08-13T15:18:57.611+0000] {logging_mixin.py:149} INFO - [2023-08-13T15:18:57.611+0000] {dagbag.py:541} INFO - Filling up the DagBag from /home/airflow/.local/lib/python3.10/site-packages/airflow/example_dags/example_params_trigger_ui.py
[2023-08-13T15:18:57.620+0000] {processor.py:836} INFO - DAG(s) dict_keys(['example_params_trigger_ui']) retrieved from /home/airflow/.local/lib/python3.10/site-packages/airflow/example_dags/example_params_trigger_ui.py
[2023-08-13T15:18:57.660+0000] {logging_mixin.py:149} INFO - [2023-08-13T15:18:57.660+0000] {dag.py:2726} INFO - Sync 1 DAGs
[2023-08-13T15:18:57.669+0000] {logging_mixin.py:149} INFO - [2023-08-13T15:18:57.669+0000] {dag.py:3486} INFO - Setting next_dagrun for example_params_trigger_ui to None, run_after=None
[2023-08-13T15:18:57.676+0000] {processor.py:179} INFO - Processing /home/airflow/.local/lib/python3.10/site-packages/airflow/example_dags/example_params_trigger_ui.py took 0.067 seconds
[2023-08-13T15:19:27.964+0000] {processor.py:157} INFO - Started process (PID=1043) to work on /home/airflow/.local/lib/python3.10/site-packages/airflow/example_dags/example_params_trigger_ui.py
[2023-08-13T15:19:27.965+0000] {processor.py:826} INFO - Processing file /home/airflow/.local/lib/python3.10/site-packages/airflow/example_dags/example_params_trigger_ui.py for tasks to queue
[2023-08-13T15:19:27.965+0000] {logging_mixin.py:149} INFO - [2023-08-13T15:19:27.965+0000] {dagbag.py:541} INFO - Filling up the DagBag from /home/airflow/.local/lib/python3.10/site-packages/airflow/example_dags/example_params_trigger_ui.py
[2023-08-13T15:19:27.975+0000] {processor.py:836} INFO - DAG(s) dict_keys(['example_params_trigger_ui']) retrieved from /home/airflow/.local/lib/python3.10/site-packages/airflow/example_dags/example_params_trigger_ui.py
[2023-08-13T15:19:28.015+0000] {logging_mixin.py:149} INFO - [2023-08-13T15:19:28.015+0000] {dag.py:2726} INFO - Sync 1 DAGs
[2023-08-13T15:19:28.025+0000] {logging_mixin.py:149} INFO - [2023-08-13T15:19:28.025+0000] {dag.py:3486} INFO - Setting next_dagrun for example_params_trigger_ui to None, run_after=None
[2023-08-13T15:19:28.033+0000] {processor.py:179} INFO - Processing /home/airflow/.local/lib/python3.10/site-packages/airflow/example_dags/example_params_trigger_ui.py took 0.070 seconds
[2023-08-13T15:19:58.288+0000] {processor.py:157} INFO - Started process (PID=1120) to work on /home/airflow/.local/lib/python3.10/site-packages/airflow/example_dags/example_params_trigger_ui.py
[2023-08-13T15:19:58.288+0000] {processor.py:826} INFO - Processing file /home/airflow/.local/lib/python3.10/site-packages/airflow/example_dags/example_params_trigger_ui.py for tasks to queue
[2023-08-13T15:19:58.288+0000] {logging_mixin.py:149} INFO - [2023-08-13T15:19:58.288+0000] {dagbag.py:541} INFO - Filling up the DagBag from /home/airflow/.local/lib/python3.10/site-packages/airflow/example_dags/example_params_trigger_ui.py
[2023-08-13T15:19:58.298+0000] {processor.py:836} INFO - DAG(s) dict_keys(['example_params_trigger_ui']) retrieved from /home/airflow/.local/lib/python3.10/site-packages/airflow/example_dags/example_params_trigger_ui.py
[2023-08-13T15:19:58.339+0000] {logging_mixin.py:149} INFO - [2023-08-13T15:19:58.339+0000] {dag.py:2726} INFO - Sync 1 DAGs
[2023-08-13T15:19:58.349+0000] {logging_mixin.py:149} INFO - [2023-08-13T15:19:58.349+0000] {dag.py:3486} INFO - Setting next_dagrun for example_params_trigger_ui to None, run_after=None
[2023-08-13T15:19:58.357+0000] {processor.py:179} INFO - Processing /home/airflow/.local/lib/python3.10/site-packages/airflow/example_dags/example_params_trigger_ui.py took 0.070 seconds
[2023-08-13T15:20:28.629+0000] {processor.py:157} INFO - Started process (PID=1197) to work on /home/airflow/.local/lib/python3.10/site-packages/airflow/example_dags/example_params_trigger_ui.py
[2023-08-13T15:20:28.630+0000] {processor.py:826} INFO - Processing file /home/airflow/.local/lib/python3.10/site-packages/airflow/example_dags/example_params_trigger_ui.py for tasks to queue
[2023-08-13T15:20:28.630+0000] {logging_mixin.py:149} INFO - [2023-08-13T15:20:28.630+0000] {dagbag.py:541} INFO - Filling up the DagBag from /home/airflow/.local/lib/python3.10/site-packages/airflow/example_dags/example_params_trigger_ui.py
[2023-08-13T15:20:28.639+0000] {processor.py:836} INFO - DAG(s) dict_keys(['example_params_trigger_ui']) retrieved from /home/airflow/.local/lib/python3.10/site-packages/airflow/example_dags/example_params_trigger_ui.py
[2023-08-13T15:20:28.679+0000] {logging_mixin.py:149} INFO - [2023-08-13T15:20:28.679+0000] {dag.py:2726} INFO - Sync 1 DAGs
[2023-08-13T15:20:28.689+0000] {logging_mixin.py:149} INFO - [2023-08-13T15:20:28.689+0000] {dag.py:3486} INFO - Setting next_dagrun for example_params_trigger_ui to None, run_after=None
[2023-08-13T15:20:28.695+0000] {processor.py:179} INFO - Processing /home/airflow/.local/lib/python3.10/site-packages/airflow/example_dags/example_params_trigger_ui.py took 0.067 seconds
[2023-08-13T15:20:58.938+0000] {processor.py:157} INFO - Started process (PID=1274) to work on /home/airflow/.local/lib/python3.10/site-packages/airflow/example_dags/example_params_trigger_ui.py
[2023-08-13T15:20:58.939+0000] {processor.py:826} INFO - Processing file /home/airflow/.local/lib/python3.10/site-packages/airflow/example_dags/example_params_trigger_ui.py for tasks to queue
[2023-08-13T15:20:58.939+0000] {logging_mixin.py:149} INFO - [2023-08-13T15:20:58.939+0000] {dagbag.py:541} INFO - Filling up the DagBag from /home/airflow/.local/lib/python3.10/site-packages/airflow/example_dags/example_params_trigger_ui.py
[2023-08-13T15:20:58.949+0000] {processor.py:836} INFO - DAG(s) dict_keys(['example_params_trigger_ui']) retrieved from /home/airflow/.local/lib/python3.10/site-packages/airflow/example_dags/example_params_trigger_ui.py
[2023-08-13T15:20:58.989+0000] {logging_mixin.py:149} INFO - [2023-08-13T15:20:58.989+0000] {dag.py:2726} INFO - Sync 1 DAGs
[2023-08-13T15:20:58.999+0000] {logging_mixin.py:149} INFO - [2023-08-13T15:20:58.999+0000] {dag.py:3486} INFO - Setting next_dagrun for example_params_trigger_ui to None, run_after=None
[2023-08-13T15:20:59.006+0000] {processor.py:179} INFO - Processing /home/airflow/.local/lib/python3.10/site-packages/airflow/example_dags/example_params_trigger_ui.py took 0.069 seconds
[2023-08-13T15:21:29.129+0000] {processor.py:157} INFO - Started process (PID=1350) to work on /home/airflow/.local/lib/python3.10/site-packages/airflow/example_dags/example_params_trigger_ui.py
[2023-08-13T15:21:29.129+0000] {processor.py:826} INFO - Processing file /home/airflow/.local/lib/python3.10/site-packages/airflow/example_dags/example_params_trigger_ui.py for tasks to queue
[2023-08-13T15:21:29.129+0000] {logging_mixin.py:149} INFO - [2023-08-13T15:21:29.129+0000] {dagbag.py:541} INFO - Filling up the DagBag from /home/airflow/.local/lib/python3.10/site-packages/airflow/example_dags/example_params_trigger_ui.py
[2023-08-13T15:21:29.139+0000] {processor.py:836} INFO - DAG(s) dict_keys(['example_params_trigger_ui']) retrieved from /home/airflow/.local/lib/python3.10/site-packages/airflow/example_dags/example_params_trigger_ui.py
[2023-08-13T15:21:29.178+0000] {logging_mixin.py:149} INFO - [2023-08-13T15:21:29.178+0000] {dag.py:2726} INFO - Sync 1 DAGs
[2023-08-13T15:21:29.188+0000] {logging_mixin.py:149} INFO - [2023-08-13T15:21:29.187+0000] {dag.py:3486} INFO - Setting next_dagrun for example_params_trigger_ui to None, run_after=None
[2023-08-13T15:21:29.195+0000] {processor.py:179} INFO - Processing /home/airflow/.local/lib/python3.10/site-packages/airflow/example_dags/example_params_trigger_ui.py took 0.068 seconds
[2023-08-13T15:21:59.403+0000] {processor.py:157} INFO - Started process (PID=1428) to work on /home/airflow/.local/lib/python3.10/site-packages/airflow/example_dags/example_params_trigger_ui.py
[2023-08-13T15:21:59.404+0000] {processor.py:826} INFO - Processing file /home/airflow/.local/lib/python3.10/site-packages/airflow/example_dags/example_params_trigger_ui.py for tasks to queue
[2023-08-13T15:21:59.404+0000] {logging_mixin.py:149} INFO - [2023-08-13T15:21:59.404+0000] {dagbag.py:541} INFO - Filling up the DagBag from /home/airflow/.local/lib/python3.10/site-packages/airflow/example_dags/example_params_trigger_ui.py
[2023-08-13T15:21:59.413+0000] {processor.py:836} INFO - DAG(s) dict_keys(['example_params_trigger_ui']) retrieved from /home/airflow/.local/lib/python3.10/site-packages/airflow/example_dags/example_params_trigger_ui.py
[2023-08-13T15:21:59.453+0000] {logging_mixin.py:149} INFO - [2023-08-13T15:21:59.453+0000] {dag.py:2726} INFO - Sync 1 DAGs
[2023-08-13T15:21:59.462+0000] {logging_mixin.py:149} INFO - [2023-08-13T15:21:59.462+0000] {dag.py:3486} INFO - Setting next_dagrun for example_params_trigger_ui to None, run_after=None
[2023-08-13T15:21:59.470+0000] {processor.py:179} INFO - Processing /home/airflow/.local/lib/python3.10/site-packages/airflow/example_dags/example_params_trigger_ui.py took 0.068 seconds
[2023-08-13T15:22:29.656+0000] {processor.py:157} INFO - Started process (PID=1505) to work on /home/airflow/.local/lib/python3.10/site-packages/airflow/example_dags/example_params_trigger_ui.py
[2023-08-13T15:22:29.656+0000] {processor.py:826} INFO - Processing file /home/airflow/.local/lib/python3.10/site-packages/airflow/example_dags/example_params_trigger_ui.py for tasks to queue
[2023-08-13T15:22:29.657+0000] {logging_mixin.py:149} INFO - [2023-08-13T15:22:29.657+0000] {dagbag.py:541} INFO - Filling up the DagBag from /home/airflow/.local/lib/python3.10/site-packages/airflow/example_dags/example_params_trigger_ui.py
[2023-08-13T15:22:29.666+0000] {processor.py:836} INFO - DAG(s) dict_keys(['example_params_trigger_ui']) retrieved from /home/airflow/.local/lib/python3.10/site-packages/airflow/example_dags/example_params_trigger_ui.py
[2023-08-13T15:22:29.704+0000] {logging_mixin.py:149} INFO - [2023-08-13T15:22:29.704+0000] {dag.py:2726} INFO - Sync 1 DAGs
[2023-08-13T15:22:29.714+0000] {logging_mixin.py:149} INFO - [2023-08-13T15:22:29.714+0000] {dag.py:3486} INFO - Setting next_dagrun for example_params_trigger_ui to None, run_after=None
[2023-08-13T15:22:29.721+0000] {processor.py:179} INFO - Processing /home/airflow/.local/lib/python3.10/site-packages/airflow/example_dags/example_params_trigger_ui.py took 0.066 seconds
[2023-08-13T15:22:59.991+0000] {processor.py:157} INFO - Started process (PID=1582) to work on /home/airflow/.local/lib/python3.10/site-packages/airflow/example_dags/example_params_trigger_ui.py
[2023-08-13T15:22:59.991+0000] {processor.py:826} INFO - Processing file /home/airflow/.local/lib/python3.10/site-packages/airflow/example_dags/example_params_trigger_ui.py for tasks to queue
[2023-08-13T15:22:59.992+0000] {logging_mixin.py:149} INFO - [2023-08-13T15:22:59.992+0000] {dagbag.py:541} INFO - Filling up the DagBag from /home/airflow/.local/lib/python3.10/site-packages/airflow/example_dags/example_params_trigger_ui.py
[2023-08-13T15:23:00.002+0000] {processor.py:836} INFO - DAG(s) dict_keys(['example_params_trigger_ui']) retrieved from /home/airflow/.local/lib/python3.10/site-packages/airflow/example_dags/example_params_trigger_ui.py
[2023-08-13T15:23:00.043+0000] {logging_mixin.py:149} INFO - [2023-08-13T15:23:00.043+0000] {dag.py:2726} INFO - Sync 1 DAGs
[2023-08-13T15:23:00.052+0000] {logging_mixin.py:149} INFO - [2023-08-13T15:23:00.052+0000] {dag.py:3486} INFO - Setting next_dagrun for example_params_trigger_ui to None, run_after=None
[2023-08-13T15:23:00.060+0000] {processor.py:179} INFO - Processing /home/airflow/.local/lib/python3.10/site-packages/airflow/example_dags/example_params_trigger_ui.py took 0.070 seconds
[2023-08-13T15:23:30.317+0000] {processor.py:157} INFO - Started process (PID=1659) to work on /home/airflow/.local/lib/python3.10/site-packages/airflow/example_dags/example_params_trigger_ui.py
[2023-08-13T15:23:30.317+0000] {processor.py:826} INFO - Processing file /home/airflow/.local/lib/python3.10/site-packages/airflow/example_dags/example_params_trigger_ui.py for tasks to queue
[2023-08-13T15:23:30.317+0000] {logging_mixin.py:149} INFO - [2023-08-13T15:23:30.317+0000] {dagbag.py:541} INFO - Filling up the DagBag from /home/airflow/.local/lib/python3.10/site-packages/airflow/example_dags/example_params_trigger_ui.py
[2023-08-13T15:23:30.327+0000] {processor.py:836} INFO - DAG(s) dict_keys(['example_params_trigger_ui']) retrieved from /home/airflow/.local/lib/python3.10/site-packages/airflow/example_dags/example_params_trigger_ui.py
[2023-08-13T15:23:30.366+0000] {logging_mixin.py:149} INFO - [2023-08-13T15:23:30.366+0000] {dag.py:2726} INFO - Sync 1 DAGs
[2023-08-13T15:23:30.376+0000] {logging_mixin.py:149} INFO - [2023-08-13T15:23:30.376+0000] {dag.py:3486} INFO - Setting next_dagrun for example_params_trigger_ui to None, run_after=None
[2023-08-13T15:23:30.383+0000] {processor.py:179} INFO - Processing /home/airflow/.local/lib/python3.10/site-packages/airflow/example_dags/example_params_trigger_ui.py took 0.068 seconds
[2023-08-13T15:24:00.655+0000] {processor.py:157} INFO - Started process (PID=1736) to work on /home/airflow/.local/lib/python3.10/site-packages/airflow/example_dags/example_params_trigger_ui.py
[2023-08-13T15:24:00.655+0000] {processor.py:826} INFO - Processing file /home/airflow/.local/lib/python3.10/site-packages/airflow/example_dags/example_params_trigger_ui.py for tasks to queue
[2023-08-13T15:24:00.655+0000] {logging_mixin.py:149} INFO - [2023-08-13T15:24:00.655+0000] {dagbag.py:541} INFO - Filling up the DagBag from /home/airflow/.local/lib/python3.10/site-packages/airflow/example_dags/example_params_trigger_ui.py
[2023-08-13T15:24:00.664+0000] {processor.py:836} INFO - DAG(s) dict_keys(['example_params_trigger_ui']) retrieved from /home/airflow/.local/lib/python3.10/site-packages/airflow/example_dags/example_params_trigger_ui.py
[2023-08-13T15:24:00.704+0000] {logging_mixin.py:149} INFO - [2023-08-13T15:24:00.704+0000] {dag.py:2726} INFO - Sync 1 DAGs
[2023-08-13T15:24:00.714+0000] {logging_mixin.py:149} INFO - [2023-08-13T15:24:00.714+0000] {dag.py:3486} INFO - Setting next_dagrun for example_params_trigger_ui to None, run_after=None
[2023-08-13T15:24:00.721+0000] {processor.py:179} INFO - Processing /home/airflow/.local/lib/python3.10/site-packages/airflow/example_dags/example_params_trigger_ui.py took 0.067 seconds
[2023-08-13T15:24:31.038+0000] {processor.py:157} INFO - Started process (PID=1813) to work on /home/airflow/.local/lib/python3.10/site-packages/airflow/example_dags/example_params_trigger_ui.py
[2023-08-13T15:24:31.038+0000] {processor.py:826} INFO - Processing file /home/airflow/.local/lib/python3.10/site-packages/airflow/example_dags/example_params_trigger_ui.py for tasks to queue
[2023-08-13T15:24:31.038+0000] {logging_mixin.py:149} INFO - [2023-08-13T15:24:31.038+0000] {dagbag.py:541} INFO - Filling up the DagBag from /home/airflow/.local/lib/python3.10/site-packages/airflow/example_dags/example_params_trigger_ui.py
[2023-08-13T15:24:31.048+0000] {processor.py:836} INFO - DAG(s) dict_keys(['example_params_trigger_ui']) retrieved from /home/airflow/.local/lib/python3.10/site-packages/airflow/example_dags/example_params_trigger_ui.py
[2023-08-13T15:24:31.087+0000] {logging_mixin.py:149} INFO - [2023-08-13T15:24:31.087+0000] {dag.py:2726} INFO - Sync 1 DAGs
[2023-08-13T15:24:31.096+0000] {logging_mixin.py:149} INFO - [2023-08-13T15:24:31.096+0000] {dag.py:3486} INFO - Setting next_dagrun for example_params_trigger_ui to None, run_after=None
[2023-08-13T15:24:31.103+0000] {processor.py:179} INFO - Processing /home/airflow/.local/lib/python3.10/site-packages/airflow/example_dags/example_params_trigger_ui.py took 0.067 seconds
[2023-08-13T15:25:01.375+0000] {processor.py:157} INFO - Started process (PID=1890) to work on /home/airflow/.local/lib/python3.10/site-packages/airflow/example_dags/example_params_trigger_ui.py
[2023-08-13T15:25:01.375+0000] {processor.py:826} INFO - Processing file /home/airflow/.local/lib/python3.10/site-packages/airflow/example_dags/example_params_trigger_ui.py for tasks to queue
[2023-08-13T15:25:01.375+0000] {logging_mixin.py:149} INFO - [2023-08-13T15:25:01.375+0000] {dagbag.py:541} INFO - Filling up the DagBag from /home/airflow/.local/lib/python3.10/site-packages/airflow/example_dags/example_params_trigger_ui.py
[2023-08-13T15:25:01.385+0000] {processor.py:836} INFO - DAG(s) dict_keys(['example_params_trigger_ui']) retrieved from /home/airflow/.local/lib/python3.10/site-packages/airflow/example_dags/example_params_trigger_ui.py
[2023-08-13T15:25:01.424+0000] {logging_mixin.py:149} INFO - [2023-08-13T15:25:01.424+0000] {dag.py:2726} INFO - Sync 1 DAGs
[2023-08-13T15:25:01.433+0000] {logging_mixin.py:149} INFO - [2023-08-13T15:25:01.433+0000] {dag.py:3486} INFO - Setting next_dagrun for example_params_trigger_ui to None, run_after=None
[2023-08-13T15:25:01.441+0000] {processor.py:179} INFO - Processing /home/airflow/.local/lib/python3.10/site-packages/airflow/example_dags/example_params_trigger_ui.py took 0.067 seconds
[2023-08-13T15:25:31.780+0000] {processor.py:157} INFO - Started process (PID=1967) to work on /home/airflow/.local/lib/python3.10/site-packages/airflow/example_dags/example_params_trigger_ui.py
[2023-08-13T15:25:31.781+0000] {processor.py:826} INFO - Processing file /home/airflow/.local/lib/python3.10/site-packages/airflow/example_dags/example_params_trigger_ui.py for tasks to queue
[2023-08-13T15:25:31.781+0000] {logging_mixin.py:149} INFO - [2023-08-13T15:25:31.781+0000] {dagbag.py:541} INFO - Filling up the DagBag from /home/airflow/.local/lib/python3.10/site-packages/airflow/example_dags/example_params_trigger_ui.py
[2023-08-13T15:25:31.791+0000] {processor.py:836} INFO - DAG(s) dict_keys(['example_params_trigger_ui']) retrieved from /home/airflow/.local/lib/python3.10/site-packages/airflow/example_dags/example_params_trigger_ui.py
[2023-08-13T15:25:31.833+0000] {logging_mixin.py:149} INFO - [2023-08-13T15:25:31.833+0000] {dag.py:2726} INFO - Sync 1 DAGs
[2023-08-13T15:25:31.843+0000] {logging_mixin.py:149} INFO - [2023-08-13T15:25:31.843+0000] {dag.py:3486} INFO - Setting next_dagrun for example_params_trigger_ui to None, run_after=None
[2023-08-13T15:25:31.850+0000] {processor.py:179} INFO - Processing /home/airflow/.local/lib/python3.10/site-packages/airflow/example_dags/example_params_trigger_ui.py took 0.072 seconds
[2023-08-13T15:26:02.147+0000] {processor.py:157} INFO - Started process (PID=2044) to work on /home/airflow/.local/lib/python3.10/site-packages/airflow/example_dags/example_params_trigger_ui.py
[2023-08-13T15:26:02.147+0000] {processor.py:826} INFO - Processing file /home/airflow/.local/lib/python3.10/site-packages/airflow/example_dags/example_params_trigger_ui.py for tasks to queue
[2023-08-13T15:26:02.147+0000] {logging_mixin.py:149} INFO - [2023-08-13T15:26:02.147+0000] {dagbag.py:541} INFO - Filling up the DagBag from /home/airflow/.local/lib/python3.10/site-packages/airflow/example_dags/example_params_trigger_ui.py
[2023-08-13T15:26:02.157+0000] {processor.py:836} INFO - DAG(s) dict_keys(['example_params_trigger_ui']) retrieved from /home/airflow/.local/lib/python3.10/site-packages/airflow/example_dags/example_params_trigger_ui.py
[2023-08-13T15:26:02.195+0000] {logging_mixin.py:149} INFO - [2023-08-13T15:26:02.195+0000] {dag.py:2726} INFO - Sync 1 DAGs
[2023-08-13T15:26:02.205+0000] {logging_mixin.py:149} INFO - [2023-08-13T15:26:02.205+0000] {dag.py:3486} INFO - Setting next_dagrun for example_params_trigger_ui to None, run_after=None
[2023-08-13T15:26:02.213+0000] {processor.py:179} INFO - Processing /home/airflow/.local/lib/python3.10/site-packages/airflow/example_dags/example_params_trigger_ui.py took 0.067 seconds
[2023-08-13T15:26:32.529+0000] {processor.py:157} INFO - Started process (PID=2122) to work on /home/airflow/.local/lib/python3.10/site-packages/airflow/example_dags/example_params_trigger_ui.py
[2023-08-13T15:26:32.529+0000] {processor.py:826} INFO - Processing file /home/airflow/.local/lib/python3.10/site-packages/airflow/example_dags/example_params_trigger_ui.py for tasks to queue
[2023-08-13T15:26:32.530+0000] {logging_mixin.py:149} INFO - [2023-08-13T15:26:32.530+0000] {dagbag.py:541} INFO - Filling up the DagBag from /home/airflow/.local/lib/python3.10/site-packages/airflow/example_dags/example_params_trigger_ui.py
[2023-08-13T15:26:32.539+0000] {processor.py:836} INFO - DAG(s) dict_keys(['example_params_trigger_ui']) retrieved from /home/airflow/.local/lib/python3.10/site-packages/airflow/example_dags/example_params_trigger_ui.py
[2023-08-13T15:26:32.579+0000] {logging_mixin.py:149} INFO - [2023-08-13T15:26:32.578+0000] {dag.py:2726} INFO - Sync 1 DAGs
[2023-08-13T15:26:32.588+0000] {logging_mixin.py:149} INFO - [2023-08-13T15:26:32.588+0000] {dag.py:3486} INFO - Setting next_dagrun for example_params_trigger_ui to None, run_after=None
[2023-08-13T15:26:32.597+0000] {processor.py:179} INFO - Processing /home/airflow/.local/lib/python3.10/site-packages/airflow/example_dags/example_params_trigger_ui.py took 0.069 seconds
[2023-08-13T15:27:02.985+0000] {processor.py:157} INFO - Started process (PID=2199) to work on /home/airflow/.local/lib/python3.10/site-packages/airflow/example_dags/example_params_trigger_ui.py
[2023-08-13T15:27:02.985+0000] {processor.py:826} INFO - Processing file /home/airflow/.local/lib/python3.10/site-packages/airflow/example_dags/example_params_trigger_ui.py for tasks to queue
[2023-08-13T15:27:02.985+0000] {logging_mixin.py:149} INFO - [2023-08-13T15:27:02.985+0000] {dagbag.py:541} INFO - Filling up the DagBag from /home/airflow/.local/lib/python3.10/site-packages/airflow/example_dags/example_params_trigger_ui.py
[2023-08-13T15:27:02.995+0000] {processor.py:836} INFO - DAG(s) dict_keys(['example_params_trigger_ui']) retrieved from /home/airflow/.local/lib/python3.10/site-packages/airflow/example_dags/example_params_trigger_ui.py
[2023-08-13T15:27:03.051+0000] {logging_mixin.py:149} INFO - [2023-08-13T15:27:03.051+0000] {dag.py:2726} INFO - Sync 1 DAGs
[2023-08-13T15:27:03.061+0000] {logging_mixin.py:149} INFO - [2023-08-13T15:27:03.061+0000] {dag.py:3486} INFO - Setting next_dagrun for example_params_trigger_ui to None, run_after=None
[2023-08-13T15:27:03.068+0000] {processor.py:179} INFO - Processing /home/airflow/.local/lib/python3.10/site-packages/airflow/example_dags/example_params_trigger_ui.py took 0.085 seconds
[2023-08-13T15:27:33.509+0000] {processor.py:157} INFO - Started process (PID=2275) to work on /home/airflow/.local/lib/python3.10/site-packages/airflow/example_dags/example_params_trigger_ui.py
[2023-08-13T15:27:33.509+0000] {processor.py:826} INFO - Processing file /home/airflow/.local/lib/python3.10/site-packages/airflow/example_dags/example_params_trigger_ui.py for tasks to queue
[2023-08-13T15:27:33.510+0000] {logging_mixin.py:149} INFO - [2023-08-13T15:27:33.510+0000] {dagbag.py:541} INFO - Filling up the DagBag from /home/airflow/.local/lib/python3.10/site-packages/airflow/example_dags/example_params_trigger_ui.py
[2023-08-13T15:27:33.519+0000] {processor.py:836} INFO - DAG(s) dict_keys(['example_params_trigger_ui']) retrieved from /home/airflow/.local/lib/python3.10/site-packages/airflow/example_dags/example_params_trigger_ui.py
[2023-08-13T15:27:33.559+0000] {logging_mixin.py:149} INFO - [2023-08-13T15:27:33.559+0000] {dag.py:2726} INFO - Sync 1 DAGs
[2023-08-13T15:27:33.568+0000] {logging_mixin.py:149} INFO - [2023-08-13T15:27:33.568+0000] {dag.py:3486} INFO - Setting next_dagrun for example_params_trigger_ui to None, run_after=None
[2023-08-13T15:27:33.575+0000] {processor.py:179} INFO - Processing /home/airflow/.local/lib/python3.10/site-packages/airflow/example_dags/example_params_trigger_ui.py took 0.067 seconds
[2023-08-13T15:28:03.995+0000] {processor.py:157} INFO - Started process (PID=2352) to work on /home/airflow/.local/lib/python3.10/site-packages/airflow/example_dags/example_params_trigger_ui.py
[2023-08-13T15:28:03.995+0000] {processor.py:826} INFO - Processing file /home/airflow/.local/lib/python3.10/site-packages/airflow/example_dags/example_params_trigger_ui.py for tasks to queue
[2023-08-13T15:28:03.996+0000] {logging_mixin.py:149} INFO - [2023-08-13T15:28:03.995+0000] {dagbag.py:541} INFO - Filling up the DagBag from /home/airflow/.local/lib/python3.10/site-packages/airflow/example_dags/example_params_trigger_ui.py
[2023-08-13T15:28:04.005+0000] {processor.py:836} INFO - DAG(s) dict_keys(['example_params_trigger_ui']) retrieved from /home/airflow/.local/lib/python3.10/site-packages/airflow/example_dags/example_params_trigger_ui.py
[2023-08-13T15:28:04.045+0000] {logging_mixin.py:149} INFO - [2023-08-13T15:28:04.045+0000] {dag.py:2726} INFO - Sync 1 DAGs
[2023-08-13T15:28:04.055+0000] {logging_mixin.py:149} INFO - [2023-08-13T15:28:04.054+0000] {dag.py:3486} INFO - Setting next_dagrun for example_params_trigger_ui to None, run_after=None
[2023-08-13T15:28:04.062+0000] {processor.py:179} INFO - Processing /home/airflow/.local/lib/python3.10/site-packages/airflow/example_dags/example_params_trigger_ui.py took 0.068 seconds
[2023-08-13T15:28:34.396+0000] {processor.py:157} INFO - Started process (PID=2430) to work on /home/airflow/.local/lib/python3.10/site-packages/airflow/example_dags/example_params_trigger_ui.py
[2023-08-13T15:28:34.397+0000] {processor.py:826} INFO - Processing file /home/airflow/.local/lib/python3.10/site-packages/airflow/example_dags/example_params_trigger_ui.py for tasks to queue
[2023-08-13T15:28:34.397+0000] {logging_mixin.py:149} INFO - [2023-08-13T15:28:34.397+0000] {dagbag.py:541} INFO - Filling up the DagBag from /home/airflow/.local/lib/python3.10/site-packages/airflow/example_dags/example_params_trigger_ui.py
[2023-08-13T15:28:34.407+0000] {processor.py:836} INFO - DAG(s) dict_keys(['example_params_trigger_ui']) retrieved from /home/airflow/.local/lib/python3.10/site-packages/airflow/example_dags/example_params_trigger_ui.py
[2023-08-13T15:28:34.446+0000] {logging_mixin.py:149} INFO - [2023-08-13T15:28:34.446+0000] {dag.py:2726} INFO - Sync 1 DAGs
[2023-08-13T15:28:34.455+0000] {logging_mixin.py:149} INFO - [2023-08-13T15:28:34.455+0000] {dag.py:3486} INFO - Setting next_dagrun for example_params_trigger_ui to None, run_after=None
[2023-08-13T15:28:34.462+0000] {processor.py:179} INFO - Processing /home/airflow/.local/lib/python3.10/site-packages/airflow/example_dags/example_params_trigger_ui.py took 0.067 seconds
[2023-08-13T15:29:04.748+0000] {processor.py:157} INFO - Started process (PID=2507) to work on /home/airflow/.local/lib/python3.10/site-packages/airflow/example_dags/example_params_trigger_ui.py
[2023-08-13T15:29:04.748+0000] {processor.py:826} INFO - Processing file /home/airflow/.local/lib/python3.10/site-packages/airflow/example_dags/example_params_trigger_ui.py for tasks to queue
[2023-08-13T15:29:04.749+0000] {logging_mixin.py:149} INFO - [2023-08-13T15:29:04.748+0000] {dagbag.py:541} INFO - Filling up the DagBag from /home/airflow/.local/lib/python3.10/site-packages/airflow/example_dags/example_params_trigger_ui.py
[2023-08-13T15:29:04.758+0000] {processor.py:836} INFO - DAG(s) dict_keys(['example_params_trigger_ui']) retrieved from /home/airflow/.local/lib/python3.10/site-packages/airflow/example_dags/example_params_trigger_ui.py
[2023-08-13T15:29:04.799+0000] {logging_mixin.py:149} INFO - [2023-08-13T15:29:04.798+0000] {dag.py:2726} INFO - Sync 1 DAGs
[2023-08-13T15:29:04.809+0000] {logging_mixin.py:149} INFO - [2023-08-13T15:29:04.809+0000] {dag.py:3486} INFO - Setting next_dagrun for example_params_trigger_ui to None, run_after=None
[2023-08-13T15:29:04.816+0000] {processor.py:179} INFO - Processing /home/airflow/.local/lib/python3.10/site-packages/airflow/example_dags/example_params_trigger_ui.py took 0.070 seconds
