[2023-08-13T14:54:34.432+0000] {processor.py:157} INFO - Started process (PID=63) to work on /home/airflow/.local/lib/python3.10/site-packages/airflow/example_dags/example_kubernetes_executor.py
[2023-08-13T14:54:34.433+0000] {processor.py:826} INFO - Processing file /home/airflow/.local/lib/python3.10/site-packages/airflow/example_dags/example_kubernetes_executor.py for tasks to queue
[2023-08-13T14:54:34.433+0000] {logging_mixin.py:149} INFO - [2023-08-13T14:54:34.433+0000] {dagbag.py:541} INFO - Filling up the DagBag from /home/airflow/.local/lib/python3.10/site-packages/airflow/example_dags/example_kubernetes_executor.py
[2023-08-13T14:54:34.535+0000] {processor.py:836} INFO - DAG(s) dict_keys(['example_kubernetes_executor']) retrieved from /home/airflow/.local/lib/python3.10/site-packages/airflow/example_dags/example_kubernetes_executor.py
[2023-08-13T14:54:34.541+0000] {logging_mixin.py:149} INFO - [2023-08-13T14:54:34.540+0000] {dag.py:2726} INFO - Sync 1 DAGs
[2023-08-13T14:54:34.551+0000] {logging_mixin.py:149} INFO - [2023-08-13T14:54:34.551+0000] {dag.py:3486} INFO - Setting next_dagrun for example_kubernetes_executor to None, run_after=None
[2023-08-13T14:54:34.558+0000] {processor.py:179} INFO - Processing /home/airflow/.local/lib/python3.10/site-packages/airflow/example_dags/example_kubernetes_executor.py took 0.128 seconds
[2023-08-13T14:55:04.649+0000] {processor.py:157} INFO - Started process (PID=139) to work on /home/airflow/.local/lib/python3.10/site-packages/airflow/example_dags/example_kubernetes_executor.py
[2023-08-13T14:55:04.649+0000] {processor.py:826} INFO - Processing file /home/airflow/.local/lib/python3.10/site-packages/airflow/example_dags/example_kubernetes_executor.py for tasks to queue
[2023-08-13T14:55:04.649+0000] {logging_mixin.py:149} INFO - [2023-08-13T14:55:04.649+0000] {dagbag.py:541} INFO - Filling up the DagBag from /home/airflow/.local/lib/python3.10/site-packages/airflow/example_dags/example_kubernetes_executor.py
[2023-08-13T14:55:04.746+0000] {processor.py:836} INFO - DAG(s) dict_keys(['example_kubernetes_executor']) retrieved from /home/airflow/.local/lib/python3.10/site-packages/airflow/example_dags/example_kubernetes_executor.py
[2023-08-13T14:55:04.817+0000] {logging_mixin.py:149} INFO - [2023-08-13T14:55:04.817+0000] {dag.py:2726} INFO - Sync 1 DAGs
[2023-08-13T14:55:04.826+0000] {logging_mixin.py:149} INFO - [2023-08-13T14:55:04.825+0000] {dag.py:3486} INFO - Setting next_dagrun for example_kubernetes_executor to None, run_after=None
[2023-08-13T14:55:04.832+0000] {processor.py:179} INFO - Processing /home/airflow/.local/lib/python3.10/site-packages/airflow/example_dags/example_kubernetes_executor.py took 0.185 seconds
[2023-08-13T14:55:34.983+0000] {processor.py:157} INFO - Started process (PID=216) to work on /home/airflow/.local/lib/python3.10/site-packages/airflow/example_dags/example_kubernetes_executor.py
[2023-08-13T14:55:34.984+0000] {processor.py:826} INFO - Processing file /home/airflow/.local/lib/python3.10/site-packages/airflow/example_dags/example_kubernetes_executor.py for tasks to queue
[2023-08-13T14:55:34.984+0000] {logging_mixin.py:149} INFO - [2023-08-13T14:55:34.984+0000] {dagbag.py:541} INFO - Filling up the DagBag from /home/airflow/.local/lib/python3.10/site-packages/airflow/example_dags/example_kubernetes_executor.py
[2023-08-13T14:55:35.080+0000] {processor.py:836} INFO - DAG(s) dict_keys(['example_kubernetes_executor']) retrieved from /home/airflow/.local/lib/python3.10/site-packages/airflow/example_dags/example_kubernetes_executor.py
[2023-08-13T14:55:35.097+0000] {logging_mixin.py:149} INFO - [2023-08-13T14:55:35.097+0000] {dag.py:2726} INFO - Sync 1 DAGs
[2023-08-13T14:55:35.163+0000] {logging_mixin.py:149} INFO - [2023-08-13T14:55:35.163+0000] {dag.py:3486} INFO - Setting next_dagrun for example_kubernetes_executor to None, run_after=None
[2023-08-13T14:55:35.171+0000] {processor.py:179} INFO - Processing /home/airflow/.local/lib/python3.10/site-packages/airflow/example_dags/example_kubernetes_executor.py took 0.189 seconds
[2023-08-13T14:56:05.421+0000] {processor.py:157} INFO - Started process (PID=294) to work on /home/airflow/.local/lib/python3.10/site-packages/airflow/example_dags/example_kubernetes_executor.py
[2023-08-13T14:56:05.422+0000] {processor.py:826} INFO - Processing file /home/airflow/.local/lib/python3.10/site-packages/airflow/example_dags/example_kubernetes_executor.py for tasks to queue
[2023-08-13T14:56:05.422+0000] {logging_mixin.py:149} INFO - [2023-08-13T14:56:05.422+0000] {dagbag.py:541} INFO - Filling up the DagBag from /home/airflow/.local/lib/python3.10/site-packages/airflow/example_dags/example_kubernetes_executor.py
[2023-08-13T14:56:05.519+0000] {processor.py:836} INFO - DAG(s) dict_keys(['example_kubernetes_executor']) retrieved from /home/airflow/.local/lib/python3.10/site-packages/airflow/example_dags/example_kubernetes_executor.py
[2023-08-13T14:56:05.535+0000] {logging_mixin.py:149} INFO - [2023-08-13T14:56:05.535+0000] {dag.py:2726} INFO - Sync 1 DAGs
[2023-08-13T14:56:05.545+0000] {logging_mixin.py:149} INFO - [2023-08-13T14:56:05.545+0000] {dag.py:3486} INFO - Setting next_dagrun for example_kubernetes_executor to None, run_after=None
[2023-08-13T14:56:05.607+0000] {processor.py:179} INFO - Processing /home/airflow/.local/lib/python3.10/site-packages/airflow/example_dags/example_kubernetes_executor.py took 0.187 seconds
[2023-08-13T14:56:35.758+0000] {processor.py:157} INFO - Started process (PID=374) to work on /home/airflow/.local/lib/python3.10/site-packages/airflow/example_dags/example_kubernetes_executor.py
[2023-08-13T14:56:35.759+0000] {processor.py:826} INFO - Processing file /home/airflow/.local/lib/python3.10/site-packages/airflow/example_dags/example_kubernetes_executor.py for tasks to queue
[2023-08-13T14:56:35.759+0000] {logging_mixin.py:149} INFO - [2023-08-13T14:56:35.759+0000] {dagbag.py:541} INFO - Filling up the DagBag from /home/airflow/.local/lib/python3.10/site-packages/airflow/example_dags/example_kubernetes_executor.py
[2023-08-13T14:56:35.857+0000] {processor.py:836} INFO - DAG(s) dict_keys(['example_kubernetes_executor']) retrieved from /home/airflow/.local/lib/python3.10/site-packages/airflow/example_dags/example_kubernetes_executor.py
[2023-08-13T14:56:35.936+0000] {logging_mixin.py:149} INFO - [2023-08-13T14:56:35.936+0000] {dag.py:2726} INFO - Sync 1 DAGs
[2023-08-13T14:56:35.945+0000] {logging_mixin.py:149} INFO - [2023-08-13T14:56:35.945+0000] {dag.py:3486} INFO - Setting next_dagrun for example_kubernetes_executor to None, run_after=None
[2023-08-13T14:56:35.952+0000] {processor.py:179} INFO - Processing /home/airflow/.local/lib/python3.10/site-packages/airflow/example_dags/example_kubernetes_executor.py took 0.195 seconds
[2023-08-13T14:57:06.163+0000] {processor.py:157} INFO - Started process (PID=456) to work on /home/airflow/.local/lib/python3.10/site-packages/airflow/example_dags/example_kubernetes_executor.py
[2023-08-13T14:57:06.163+0000] {processor.py:826} INFO - Processing file /home/airflow/.local/lib/python3.10/site-packages/airflow/example_dags/example_kubernetes_executor.py for tasks to queue
[2023-08-13T14:57:06.163+0000] {logging_mixin.py:149} INFO - [2023-08-13T14:57:06.163+0000] {dagbag.py:541} INFO - Filling up the DagBag from /home/airflow/.local/lib/python3.10/site-packages/airflow/example_dags/example_kubernetes_executor.py
[2023-08-13T14:57:06.259+0000] {processor.py:836} INFO - DAG(s) dict_keys(['example_kubernetes_executor']) retrieved from /home/airflow/.local/lib/python3.10/site-packages/airflow/example_dags/example_kubernetes_executor.py
[2023-08-13T14:57:06.332+0000] {logging_mixin.py:149} INFO - [2023-08-13T14:57:06.332+0000] {dag.py:2726} INFO - Sync 1 DAGs
[2023-08-13T14:57:06.340+0000] {logging_mixin.py:149} INFO - [2023-08-13T14:57:06.340+0000] {dag.py:3486} INFO - Setting next_dagrun for example_kubernetes_executor to None, run_after=None
[2023-08-13T14:57:06.356+0000] {processor.py:179} INFO - Processing /home/airflow/.local/lib/python3.10/site-packages/airflow/example_dags/example_kubernetes_executor.py took 0.194 seconds
[2023-08-13T14:57:36.450+0000] {processor.py:157} INFO - Started process (PID=528) to work on /home/airflow/.local/lib/python3.10/site-packages/airflow/example_dags/example_kubernetes_executor.py
[2023-08-13T14:57:36.450+0000] {processor.py:826} INFO - Processing file /home/airflow/.local/lib/python3.10/site-packages/airflow/example_dags/example_kubernetes_executor.py for tasks to queue
[2023-08-13T14:57:36.450+0000] {logging_mixin.py:149} INFO - [2023-08-13T14:57:36.450+0000] {dagbag.py:541} INFO - Filling up the DagBag from /home/airflow/.local/lib/python3.10/site-packages/airflow/example_dags/example_kubernetes_executor.py
[2023-08-13T14:57:36.608+0000] {processor.py:836} INFO - DAG(s) dict_keys(['example_kubernetes_executor']) retrieved from /home/airflow/.local/lib/python3.10/site-packages/airflow/example_dags/example_kubernetes_executor.py
[2023-08-13T14:57:36.624+0000] {logging_mixin.py:149} INFO - [2023-08-13T14:57:36.623+0000] {dag.py:2726} INFO - Sync 1 DAGs
[2023-08-13T14:57:36.633+0000] {logging_mixin.py:149} INFO - [2023-08-13T14:57:36.633+0000] {dag.py:3486} INFO - Setting next_dagrun for example_kubernetes_executor to None, run_after=None
[2023-08-13T14:57:36.640+0000] {processor.py:179} INFO - Processing /home/airflow/.local/lib/python3.10/site-packages/airflow/example_dags/example_kubernetes_executor.py took 0.191 seconds
[2023-08-13T14:58:06.773+0000] {processor.py:157} INFO - Started process (PID=605) to work on /home/airflow/.local/lib/python3.10/site-packages/airflow/example_dags/example_kubernetes_executor.py
[2023-08-13T14:58:06.774+0000] {processor.py:826} INFO - Processing file /home/airflow/.local/lib/python3.10/site-packages/airflow/example_dags/example_kubernetes_executor.py for tasks to queue
[2023-08-13T14:58:06.774+0000] {logging_mixin.py:149} INFO - [2023-08-13T14:58:06.774+0000] {dagbag.py:541} INFO - Filling up the DagBag from /home/airflow/.local/lib/python3.10/site-packages/airflow/example_dags/example_kubernetes_executor.py
[2023-08-13T14:58:06.873+0000] {processor.py:836} INFO - DAG(s) dict_keys(['example_kubernetes_executor']) retrieved from /home/airflow/.local/lib/python3.10/site-packages/airflow/example_dags/example_kubernetes_executor.py
[2023-08-13T14:58:06.955+0000] {logging_mixin.py:149} INFO - [2023-08-13T14:58:06.955+0000] {dag.py:2726} INFO - Sync 1 DAGs
[2023-08-13T14:58:06.964+0000] {logging_mixin.py:149} INFO - [2023-08-13T14:58:06.964+0000] {dag.py:3486} INFO - Setting next_dagrun for example_kubernetes_executor to None, run_after=None
[2023-08-13T14:58:06.972+0000] {processor.py:179} INFO - Processing /home/airflow/.local/lib/python3.10/site-packages/airflow/example_dags/example_kubernetes_executor.py took 0.200 seconds
[2023-08-13T14:58:37.104+0000] {processor.py:157} INFO - Started process (PID=685) to work on /home/airflow/.local/lib/python3.10/site-packages/airflow/example_dags/example_kubernetes_executor.py
[2023-08-13T14:58:37.104+0000] {processor.py:826} INFO - Processing file /home/airflow/.local/lib/python3.10/site-packages/airflow/example_dags/example_kubernetes_executor.py for tasks to queue
[2023-08-13T14:58:37.104+0000] {logging_mixin.py:149} INFO - [2023-08-13T14:58:37.104+0000] {dagbag.py:541} INFO - Filling up the DagBag from /home/airflow/.local/lib/python3.10/site-packages/airflow/example_dags/example_kubernetes_executor.py
[2023-08-13T14:58:37.257+0000] {processor.py:836} INFO - DAG(s) dict_keys(['example_kubernetes_executor']) retrieved from /home/airflow/.local/lib/python3.10/site-packages/airflow/example_dags/example_kubernetes_executor.py
[2023-08-13T14:58:37.273+0000] {logging_mixin.py:149} INFO - [2023-08-13T14:58:37.273+0000] {dag.py:2726} INFO - Sync 1 DAGs
[2023-08-13T14:58:37.281+0000] {logging_mixin.py:149} INFO - [2023-08-13T14:58:37.281+0000] {dag.py:3486} INFO - Setting next_dagrun for example_kubernetes_executor to None, run_after=None
[2023-08-13T14:58:37.289+0000] {processor.py:179} INFO - Processing /home/airflow/.local/lib/python3.10/site-packages/airflow/example_dags/example_kubernetes_executor.py took 0.187 seconds
[2023-08-13T14:59:07.395+0000] {processor.py:157} INFO - Started process (PID=764) to work on /home/airflow/.local/lib/python3.10/site-packages/airflow/example_dags/example_kubernetes_executor.py
[2023-08-13T14:59:07.395+0000] {processor.py:826} INFO - Processing file /home/airflow/.local/lib/python3.10/site-packages/airflow/example_dags/example_kubernetes_executor.py for tasks to queue
[2023-08-13T14:59:07.396+0000] {logging_mixin.py:149} INFO - [2023-08-13T14:59:07.395+0000] {dagbag.py:541} INFO - Filling up the DagBag from /home/airflow/.local/lib/python3.10/site-packages/airflow/example_dags/example_kubernetes_executor.py
[2023-08-13T14:59:07.549+0000] {processor.py:836} INFO - DAG(s) dict_keys(['example_kubernetes_executor']) retrieved from /home/airflow/.local/lib/python3.10/site-packages/airflow/example_dags/example_kubernetes_executor.py
[2023-08-13T14:59:07.565+0000] {logging_mixin.py:149} INFO - [2023-08-13T14:59:07.565+0000] {dag.py:2726} INFO - Sync 1 DAGs
[2023-08-13T14:59:07.574+0000] {logging_mixin.py:149} INFO - [2023-08-13T14:59:07.574+0000] {dag.py:3486} INFO - Setting next_dagrun for example_kubernetes_executor to None, run_after=None
[2023-08-13T14:59:07.588+0000] {processor.py:179} INFO - Processing /home/airflow/.local/lib/python3.10/site-packages/airflow/example_dags/example_kubernetes_executor.py took 0.195 seconds
[2023-08-13T14:59:37.705+0000] {processor.py:157} INFO - Started process (PID=840) to work on /home/airflow/.local/lib/python3.10/site-packages/airflow/example_dags/example_kubernetes_executor.py
[2023-08-13T14:59:37.705+0000] {processor.py:826} INFO - Processing file /home/airflow/.local/lib/python3.10/site-packages/airflow/example_dags/example_kubernetes_executor.py for tasks to queue
[2023-08-13T14:59:37.705+0000] {logging_mixin.py:149} INFO - [2023-08-13T14:59:37.705+0000] {dagbag.py:541} INFO - Filling up the DagBag from /home/airflow/.local/lib/python3.10/site-packages/airflow/example_dags/example_kubernetes_executor.py
[2023-08-13T14:59:37.859+0000] {processor.py:836} INFO - DAG(s) dict_keys(['example_kubernetes_executor']) retrieved from /home/airflow/.local/lib/python3.10/site-packages/airflow/example_dags/example_kubernetes_executor.py
[2023-08-13T14:59:37.873+0000] {logging_mixin.py:149} INFO - [2023-08-13T14:59:37.873+0000] {dag.py:2726} INFO - Sync 1 DAGs
[2023-08-13T14:59:37.882+0000] {logging_mixin.py:149} INFO - [2023-08-13T14:59:37.882+0000] {dag.py:3486} INFO - Setting next_dagrun for example_kubernetes_executor to None, run_after=None
[2023-08-13T14:59:37.889+0000] {processor.py:179} INFO - Processing /home/airflow/.local/lib/python3.10/site-packages/airflow/example_dags/example_kubernetes_executor.py took 0.185 seconds
[2023-08-13T15:00:08.154+0000] {processor.py:157} INFO - Started process (PID=917) to work on /home/airflow/.local/lib/python3.10/site-packages/airflow/example_dags/example_kubernetes_executor.py
[2023-08-13T15:00:08.154+0000] {processor.py:826} INFO - Processing file /home/airflow/.local/lib/python3.10/site-packages/airflow/example_dags/example_kubernetes_executor.py for tasks to queue
[2023-08-13T15:00:08.155+0000] {logging_mixin.py:149} INFO - [2023-08-13T15:00:08.155+0000] {dagbag.py:541} INFO - Filling up the DagBag from /home/airflow/.local/lib/python3.10/site-packages/airflow/example_dags/example_kubernetes_executor.py
[2023-08-13T15:00:08.305+0000] {processor.py:836} INFO - DAG(s) dict_keys(['example_kubernetes_executor']) retrieved from /home/airflow/.local/lib/python3.10/site-packages/airflow/example_dags/example_kubernetes_executor.py
[2023-08-13T15:00:08.320+0000] {logging_mixin.py:149} INFO - [2023-08-13T15:00:08.320+0000] {dag.py:2726} INFO - Sync 1 DAGs
[2023-08-13T15:00:08.329+0000] {logging_mixin.py:149} INFO - [2023-08-13T15:00:08.329+0000] {dag.py:3486} INFO - Setting next_dagrun for example_kubernetes_executor to None, run_after=None
[2023-08-13T15:00:08.345+0000] {processor.py:179} INFO - Processing /home/airflow/.local/lib/python3.10/site-packages/airflow/example_dags/example_kubernetes_executor.py took 0.192 seconds
[2023-08-13T15:00:38.524+0000] {processor.py:157} INFO - Started process (PID=993) to work on /home/airflow/.local/lib/python3.10/site-packages/airflow/example_dags/example_kubernetes_executor.py
[2023-08-13T15:00:38.525+0000] {processor.py:826} INFO - Processing file /home/airflow/.local/lib/python3.10/site-packages/airflow/example_dags/example_kubernetes_executor.py for tasks to queue
[2023-08-13T15:00:38.525+0000] {logging_mixin.py:149} INFO - [2023-08-13T15:00:38.525+0000] {dagbag.py:541} INFO - Filling up the DagBag from /home/airflow/.local/lib/python3.10/site-packages/airflow/example_dags/example_kubernetes_executor.py
[2023-08-13T15:00:38.679+0000] {processor.py:836} INFO - DAG(s) dict_keys(['example_kubernetes_executor']) retrieved from /home/airflow/.local/lib/python3.10/site-packages/airflow/example_dags/example_kubernetes_executor.py
[2023-08-13T15:00:38.695+0000] {logging_mixin.py:149} INFO - [2023-08-13T15:00:38.695+0000] {dag.py:2726} INFO - Sync 1 DAGs
[2023-08-13T15:00:38.704+0000] {logging_mixin.py:149} INFO - [2023-08-13T15:00:38.704+0000] {dag.py:3486} INFO - Setting next_dagrun for example_kubernetes_executor to None, run_after=None
[2023-08-13T15:00:38.718+0000] {processor.py:179} INFO - Processing /home/airflow/.local/lib/python3.10/site-packages/airflow/example_dags/example_kubernetes_executor.py took 0.195 seconds
[2023-08-13T15:01:08.817+0000] {processor.py:157} INFO - Started process (PID=1070) to work on /home/airflow/.local/lib/python3.10/site-packages/airflow/example_dags/example_kubernetes_executor.py
[2023-08-13T15:01:08.818+0000] {processor.py:826} INFO - Processing file /home/airflow/.local/lib/python3.10/site-packages/airflow/example_dags/example_kubernetes_executor.py for tasks to queue
[2023-08-13T15:01:08.818+0000] {logging_mixin.py:149} INFO - [2023-08-13T15:01:08.818+0000] {dagbag.py:541} INFO - Filling up the DagBag from /home/airflow/.local/lib/python3.10/site-packages/airflow/example_dags/example_kubernetes_executor.py
[2023-08-13T15:01:08.969+0000] {processor.py:836} INFO - DAG(s) dict_keys(['example_kubernetes_executor']) retrieved from /home/airflow/.local/lib/python3.10/site-packages/airflow/example_dags/example_kubernetes_executor.py
[2023-08-13T15:01:08.985+0000] {logging_mixin.py:149} INFO - [2023-08-13T15:01:08.984+0000] {dag.py:2726} INFO - Sync 1 DAGs
[2023-08-13T15:01:08.994+0000] {logging_mixin.py:149} INFO - [2023-08-13T15:01:08.994+0000] {dag.py:3486} INFO - Setting next_dagrun for example_kubernetes_executor to None, run_after=None
[2023-08-13T15:01:09.000+0000] {processor.py:179} INFO - Processing /home/airflow/.local/lib/python3.10/site-packages/airflow/example_dags/example_kubernetes_executor.py took 0.184 seconds
[2023-08-13T15:01:39.128+0000] {processor.py:157} INFO - Started process (PID=1147) to work on /home/airflow/.local/lib/python3.10/site-packages/airflow/example_dags/example_kubernetes_executor.py
[2023-08-13T15:01:39.128+0000] {processor.py:826} INFO - Processing file /home/airflow/.local/lib/python3.10/site-packages/airflow/example_dags/example_kubernetes_executor.py for tasks to queue
[2023-08-13T15:01:39.128+0000] {logging_mixin.py:149} INFO - [2023-08-13T15:01:39.128+0000] {dagbag.py:541} INFO - Filling up the DagBag from /home/airflow/.local/lib/python3.10/site-packages/airflow/example_dags/example_kubernetes_executor.py
[2023-08-13T15:01:39.277+0000] {processor.py:836} INFO - DAG(s) dict_keys(['example_kubernetes_executor']) retrieved from /home/airflow/.local/lib/python3.10/site-packages/airflow/example_dags/example_kubernetes_executor.py
[2023-08-13T15:01:39.293+0000] {logging_mixin.py:149} INFO - [2023-08-13T15:01:39.293+0000] {dag.py:2726} INFO - Sync 1 DAGs
[2023-08-13T15:01:39.301+0000] {logging_mixin.py:149} INFO - [2023-08-13T15:01:39.301+0000] {dag.py:3486} INFO - Setting next_dagrun for example_kubernetes_executor to None, run_after=None
[2023-08-13T15:01:39.317+0000] {processor.py:179} INFO - Processing /home/airflow/.local/lib/python3.10/site-packages/airflow/example_dags/example_kubernetes_executor.py took 0.190 seconds
[2023-08-13T15:02:09.421+0000] {processor.py:157} INFO - Started process (PID=1224) to work on /home/airflow/.local/lib/python3.10/site-packages/airflow/example_dags/example_kubernetes_executor.py
[2023-08-13T15:02:09.422+0000] {processor.py:826} INFO - Processing file /home/airflow/.local/lib/python3.10/site-packages/airflow/example_dags/example_kubernetes_executor.py for tasks to queue
[2023-08-13T15:02:09.422+0000] {logging_mixin.py:149} INFO - [2023-08-13T15:02:09.422+0000] {dagbag.py:541} INFO - Filling up the DagBag from /home/airflow/.local/lib/python3.10/site-packages/airflow/example_dags/example_kubernetes_executor.py
[2023-08-13T15:02:09.572+0000] {processor.py:836} INFO - DAG(s) dict_keys(['example_kubernetes_executor']) retrieved from /home/airflow/.local/lib/python3.10/site-packages/airflow/example_dags/example_kubernetes_executor.py
[2023-08-13T15:02:09.588+0000] {logging_mixin.py:149} INFO - [2023-08-13T15:02:09.588+0000] {dag.py:2726} INFO - Sync 1 DAGs
[2023-08-13T15:02:09.596+0000] {logging_mixin.py:149} INFO - [2023-08-13T15:02:09.596+0000] {dag.py:3486} INFO - Setting next_dagrun for example_kubernetes_executor to None, run_after=None
[2023-08-13T15:02:09.611+0000] {processor.py:179} INFO - Processing /home/airflow/.local/lib/python3.10/site-packages/airflow/example_dags/example_kubernetes_executor.py took 0.191 seconds
[2023-08-13T15:02:39.746+0000] {processor.py:157} INFO - Started process (PID=1296) to work on /home/airflow/.local/lib/python3.10/site-packages/airflow/example_dags/example_kubernetes_executor.py
[2023-08-13T15:02:39.746+0000] {processor.py:826} INFO - Processing file /home/airflow/.local/lib/python3.10/site-packages/airflow/example_dags/example_kubernetes_executor.py for tasks to queue
[2023-08-13T15:02:39.747+0000] {logging_mixin.py:149} INFO - [2023-08-13T15:02:39.747+0000] {dagbag.py:541} INFO - Filling up the DagBag from /home/airflow/.local/lib/python3.10/site-packages/airflow/example_dags/example_kubernetes_executor.py
[2023-08-13T15:02:39.902+0000] {processor.py:836} INFO - DAG(s) dict_keys(['example_kubernetes_executor']) retrieved from /home/airflow/.local/lib/python3.10/site-packages/airflow/example_dags/example_kubernetes_executor.py
[2023-08-13T15:02:39.917+0000] {logging_mixin.py:149} INFO - [2023-08-13T15:02:39.916+0000] {dag.py:2726} INFO - Sync 1 DAGs
[2023-08-13T15:02:39.926+0000] {logging_mixin.py:149} INFO - [2023-08-13T15:02:39.926+0000] {dag.py:3486} INFO - Setting next_dagrun for example_kubernetes_executor to None, run_after=None
[2023-08-13T15:02:39.933+0000] {processor.py:179} INFO - Processing /home/airflow/.local/lib/python3.10/site-packages/airflow/example_dags/example_kubernetes_executor.py took 0.188 seconds
[2023-08-13T15:03:10.037+0000] {processor.py:157} INFO - Started process (PID=1373) to work on /home/airflow/.local/lib/python3.10/site-packages/airflow/example_dags/example_kubernetes_executor.py
[2023-08-13T15:03:10.038+0000] {processor.py:826} INFO - Processing file /home/airflow/.local/lib/python3.10/site-packages/airflow/example_dags/example_kubernetes_executor.py for tasks to queue
[2023-08-13T15:03:10.038+0000] {logging_mixin.py:149} INFO - [2023-08-13T15:03:10.038+0000] {dagbag.py:541} INFO - Filling up the DagBag from /home/airflow/.local/lib/python3.10/site-packages/airflow/example_dags/example_kubernetes_executor.py
[2023-08-13T15:03:10.194+0000] {processor.py:836} INFO - DAG(s) dict_keys(['example_kubernetes_executor']) retrieved from /home/airflow/.local/lib/python3.10/site-packages/airflow/example_dags/example_kubernetes_executor.py
[2023-08-13T15:03:10.209+0000] {logging_mixin.py:149} INFO - [2023-08-13T15:03:10.209+0000] {dag.py:2726} INFO - Sync 1 DAGs
[2023-08-13T15:03:10.217+0000] {logging_mixin.py:149} INFO - [2023-08-13T15:03:10.217+0000] {dag.py:3486} INFO - Setting next_dagrun for example_kubernetes_executor to None, run_after=None
[2023-08-13T15:03:10.224+0000] {processor.py:179} INFO - Processing /home/airflow/.local/lib/python3.10/site-packages/airflow/example_dags/example_kubernetes_executor.py took 0.188 seconds
[2023-08-13T15:03:40.333+0000] {processor.py:157} INFO - Started process (PID=1451) to work on /home/airflow/.local/lib/python3.10/site-packages/airflow/example_dags/example_kubernetes_executor.py
[2023-08-13T15:03:40.334+0000] {processor.py:826} INFO - Processing file /home/airflow/.local/lib/python3.10/site-packages/airflow/example_dags/example_kubernetes_executor.py for tasks to queue
[2023-08-13T15:03:40.334+0000] {logging_mixin.py:149} INFO - [2023-08-13T15:03:40.334+0000] {dagbag.py:541} INFO - Filling up the DagBag from /home/airflow/.local/lib/python3.10/site-packages/airflow/example_dags/example_kubernetes_executor.py
[2023-08-13T15:03:40.486+0000] {processor.py:836} INFO - DAG(s) dict_keys(['example_kubernetes_executor']) retrieved from /home/airflow/.local/lib/python3.10/site-packages/airflow/example_dags/example_kubernetes_executor.py
[2023-08-13T15:03:40.501+0000] {logging_mixin.py:149} INFO - [2023-08-13T15:03:40.501+0000] {dag.py:2726} INFO - Sync 1 DAGs
[2023-08-13T15:03:40.510+0000] {logging_mixin.py:149} INFO - [2023-08-13T15:03:40.510+0000] {dag.py:3486} INFO - Setting next_dagrun for example_kubernetes_executor to None, run_after=None
[2023-08-13T15:03:40.517+0000] {processor.py:179} INFO - Processing /home/airflow/.local/lib/python3.10/site-packages/airflow/example_dags/example_kubernetes_executor.py took 0.185 seconds
[2023-08-13T15:04:10.601+0000] {processor.py:157} INFO - Started process (PID=1527) to work on /home/airflow/.local/lib/python3.10/site-packages/airflow/example_dags/example_kubernetes_executor.py
[2023-08-13T15:04:10.602+0000] {processor.py:826} INFO - Processing file /home/airflow/.local/lib/python3.10/site-packages/airflow/example_dags/example_kubernetes_executor.py for tasks to queue
[2023-08-13T15:04:10.602+0000] {logging_mixin.py:149} INFO - [2023-08-13T15:04:10.602+0000] {dagbag.py:541} INFO - Filling up the DagBag from /home/airflow/.local/lib/python3.10/site-packages/airflow/example_dags/example_kubernetes_executor.py
[2023-08-13T15:04:10.761+0000] {processor.py:836} INFO - DAG(s) dict_keys(['example_kubernetes_executor']) retrieved from /home/airflow/.local/lib/python3.10/site-packages/airflow/example_dags/example_kubernetes_executor.py
[2023-08-13T15:04:10.776+0000] {logging_mixin.py:149} INFO - [2023-08-13T15:04:10.775+0000] {dag.py:2726} INFO - Sync 1 DAGs
[2023-08-13T15:04:10.785+0000] {logging_mixin.py:149} INFO - [2023-08-13T15:04:10.785+0000] {dag.py:3486} INFO - Setting next_dagrun for example_kubernetes_executor to None, run_after=None
[2023-08-13T15:04:10.791+0000] {processor.py:179} INFO - Processing /home/airflow/.local/lib/python3.10/site-packages/airflow/example_dags/example_kubernetes_executor.py took 0.191 seconds
[2023-08-13T15:04:40.866+0000] {processor.py:157} INFO - Started process (PID=1604) to work on /home/airflow/.local/lib/python3.10/site-packages/airflow/example_dags/example_kubernetes_executor.py
[2023-08-13T15:04:40.866+0000] {processor.py:826} INFO - Processing file /home/airflow/.local/lib/python3.10/site-packages/airflow/example_dags/example_kubernetes_executor.py for tasks to queue
[2023-08-13T15:04:40.866+0000] {logging_mixin.py:149} INFO - [2023-08-13T15:04:40.866+0000] {dagbag.py:541} INFO - Filling up the DagBag from /home/airflow/.local/lib/python3.10/site-packages/airflow/example_dags/example_kubernetes_executor.py
[2023-08-13T15:04:41.027+0000] {processor.py:836} INFO - DAG(s) dict_keys(['example_kubernetes_executor']) retrieved from /home/airflow/.local/lib/python3.10/site-packages/airflow/example_dags/example_kubernetes_executor.py
[2023-08-13T15:04:41.041+0000] {logging_mixin.py:149} INFO - [2023-08-13T15:04:41.041+0000] {dag.py:2726} INFO - Sync 1 DAGs
[2023-08-13T15:04:41.050+0000] {logging_mixin.py:149} INFO - [2023-08-13T15:04:41.050+0000] {dag.py:3486} INFO - Setting next_dagrun for example_kubernetes_executor to None, run_after=None
[2023-08-13T15:04:41.057+0000] {processor.py:179} INFO - Processing /home/airflow/.local/lib/python3.10/site-packages/airflow/example_dags/example_kubernetes_executor.py took 0.192 seconds
[2023-08-13T15:05:11.151+0000] {processor.py:157} INFO - Started process (PID=1683) to work on /home/airflow/.local/lib/python3.10/site-packages/airflow/example_dags/example_kubernetes_executor.py
[2023-08-13T15:05:11.152+0000] {processor.py:826} INFO - Processing file /home/airflow/.local/lib/python3.10/site-packages/airflow/example_dags/example_kubernetes_executor.py for tasks to queue
[2023-08-13T15:05:11.152+0000] {logging_mixin.py:149} INFO - [2023-08-13T15:05:11.152+0000] {dagbag.py:541} INFO - Filling up the DagBag from /home/airflow/.local/lib/python3.10/site-packages/airflow/example_dags/example_kubernetes_executor.py
[2023-08-13T15:05:11.298+0000] {processor.py:836} INFO - DAG(s) dict_keys(['example_kubernetes_executor']) retrieved from /home/airflow/.local/lib/python3.10/site-packages/airflow/example_dags/example_kubernetes_executor.py
[2023-08-13T15:05:11.314+0000] {logging_mixin.py:149} INFO - [2023-08-13T15:05:11.313+0000] {dag.py:2726} INFO - Sync 1 DAGs
[2023-08-13T15:05:11.322+0000] {logging_mixin.py:149} INFO - [2023-08-13T15:05:11.322+0000] {dag.py:3486} INFO - Setting next_dagrun for example_kubernetes_executor to None, run_after=None
[2023-08-13T15:05:11.330+0000] {processor.py:179} INFO - Processing /home/airflow/.local/lib/python3.10/site-packages/airflow/example_dags/example_kubernetes_executor.py took 0.180 seconds
[2023-08-13T15:05:41.491+0000] {processor.py:157} INFO - Started process (PID=1763) to work on /home/airflow/.local/lib/python3.10/site-packages/airflow/example_dags/example_kubernetes_executor.py
[2023-08-13T15:05:41.492+0000] {processor.py:826} INFO - Processing file /home/airflow/.local/lib/python3.10/site-packages/airflow/example_dags/example_kubernetes_executor.py for tasks to queue
[2023-08-13T15:05:41.492+0000] {logging_mixin.py:149} INFO - [2023-08-13T15:05:41.492+0000] {dagbag.py:541} INFO - Filling up the DagBag from /home/airflow/.local/lib/python3.10/site-packages/airflow/example_dags/example_kubernetes_executor.py
[2023-08-13T15:05:41.640+0000] {processor.py:836} INFO - DAG(s) dict_keys(['example_kubernetes_executor']) retrieved from /home/airflow/.local/lib/python3.10/site-packages/airflow/example_dags/example_kubernetes_executor.py
[2023-08-13T15:05:41.656+0000] {logging_mixin.py:149} INFO - [2023-08-13T15:05:41.656+0000] {dag.py:2726} INFO - Sync 1 DAGs
[2023-08-13T15:05:41.665+0000] {logging_mixin.py:149} INFO - [2023-08-13T15:05:41.665+0000] {dag.py:3486} INFO - Setting next_dagrun for example_kubernetes_executor to None, run_after=None
[2023-08-13T15:05:41.680+0000] {processor.py:179} INFO - Processing /home/airflow/.local/lib/python3.10/site-packages/airflow/example_dags/example_kubernetes_executor.py took 0.190 seconds
[2023-08-13T15:06:11.912+0000] {processor.py:157} INFO - Started process (PID=1839) to work on /home/airflow/.local/lib/python3.10/site-packages/airflow/example_dags/example_kubernetes_executor.py
[2023-08-13T15:06:11.912+0000] {processor.py:826} INFO - Processing file /home/airflow/.local/lib/python3.10/site-packages/airflow/example_dags/example_kubernetes_executor.py for tasks to queue
[2023-08-13T15:06:11.912+0000] {logging_mixin.py:149} INFO - [2023-08-13T15:06:11.912+0000] {dagbag.py:541} INFO - Filling up the DagBag from /home/airflow/.local/lib/python3.10/site-packages/airflow/example_dags/example_kubernetes_executor.py
[2023-08-13T15:06:12.061+0000] {processor.py:836} INFO - DAG(s) dict_keys(['example_kubernetes_executor']) retrieved from /home/airflow/.local/lib/python3.10/site-packages/airflow/example_dags/example_kubernetes_executor.py
[2023-08-13T15:06:12.076+0000] {logging_mixin.py:149} INFO - [2023-08-13T15:06:12.076+0000] {dag.py:2726} INFO - Sync 1 DAGs
[2023-08-13T15:06:12.085+0000] {logging_mixin.py:149} INFO - [2023-08-13T15:06:12.085+0000] {dag.py:3486} INFO - Setting next_dagrun for example_kubernetes_executor to None, run_after=None
[2023-08-13T15:06:12.093+0000] {processor.py:179} INFO - Processing /home/airflow/.local/lib/python3.10/site-packages/airflow/example_dags/example_kubernetes_executor.py took 0.182 seconds
[2023-08-13T15:06:42.300+0000] {processor.py:157} INFO - Started process (PID=1917) to work on /home/airflow/.local/lib/python3.10/site-packages/airflow/example_dags/example_kubernetes_executor.py
[2023-08-13T15:06:42.301+0000] {processor.py:826} INFO - Processing file /home/airflow/.local/lib/python3.10/site-packages/airflow/example_dags/example_kubernetes_executor.py for tasks to queue
[2023-08-13T15:06:42.301+0000] {logging_mixin.py:149} INFO - [2023-08-13T15:06:42.301+0000] {dagbag.py:541} INFO - Filling up the DagBag from /home/airflow/.local/lib/python3.10/site-packages/airflow/example_dags/example_kubernetes_executor.py
[2023-08-13T15:06:42.449+0000] {processor.py:836} INFO - DAG(s) dict_keys(['example_kubernetes_executor']) retrieved from /home/airflow/.local/lib/python3.10/site-packages/airflow/example_dags/example_kubernetes_executor.py
[2023-08-13T15:06:42.464+0000] {logging_mixin.py:149} INFO - [2023-08-13T15:06:42.464+0000] {dag.py:2726} INFO - Sync 1 DAGs
[2023-08-13T15:06:42.473+0000] {logging_mixin.py:149} INFO - [2023-08-13T15:06:42.473+0000] {dag.py:3486} INFO - Setting next_dagrun for example_kubernetes_executor to None, run_after=None
[2023-08-13T15:06:42.482+0000] {processor.py:179} INFO - Processing /home/airflow/.local/lib/python3.10/site-packages/airflow/example_dags/example_kubernetes_executor.py took 0.183 seconds
[2023-08-13T15:07:12.754+0000] {processor.py:157} INFO - Started process (PID=1993) to work on /home/airflow/.local/lib/python3.10/site-packages/airflow/example_dags/example_kubernetes_executor.py
[2023-08-13T15:07:12.755+0000] {processor.py:826} INFO - Processing file /home/airflow/.local/lib/python3.10/site-packages/airflow/example_dags/example_kubernetes_executor.py for tasks to queue
[2023-08-13T15:07:12.755+0000] {logging_mixin.py:149} INFO - [2023-08-13T15:07:12.755+0000] {dagbag.py:541} INFO - Filling up the DagBag from /home/airflow/.local/lib/python3.10/site-packages/airflow/example_dags/example_kubernetes_executor.py
[2023-08-13T15:07:12.906+0000] {processor.py:836} INFO - DAG(s) dict_keys(['example_kubernetes_executor']) retrieved from /home/airflow/.local/lib/python3.10/site-packages/airflow/example_dags/example_kubernetes_executor.py
[2023-08-13T15:07:12.922+0000] {logging_mixin.py:149} INFO - [2023-08-13T15:07:12.922+0000] {dag.py:2726} INFO - Sync 1 DAGs
[2023-08-13T15:07:12.931+0000] {logging_mixin.py:149} INFO - [2023-08-13T15:07:12.931+0000] {dag.py:3486} INFO - Setting next_dagrun for example_kubernetes_executor to None, run_after=None
[2023-08-13T15:07:12.938+0000] {processor.py:179} INFO - Processing /home/airflow/.local/lib/python3.10/site-packages/airflow/example_dags/example_kubernetes_executor.py took 0.184 seconds
[2023-08-13T15:07:43.170+0000] {processor.py:157} INFO - Started process (PID=2070) to work on /home/airflow/.local/lib/python3.10/site-packages/airflow/example_dags/example_kubernetes_executor.py
[2023-08-13T15:07:43.170+0000] {processor.py:826} INFO - Processing file /home/airflow/.local/lib/python3.10/site-packages/airflow/example_dags/example_kubernetes_executor.py for tasks to queue
[2023-08-13T15:07:43.170+0000] {logging_mixin.py:149} INFO - [2023-08-13T15:07:43.170+0000] {dagbag.py:541} INFO - Filling up the DagBag from /home/airflow/.local/lib/python3.10/site-packages/airflow/example_dags/example_kubernetes_executor.py
[2023-08-13T15:07:43.321+0000] {processor.py:836} INFO - DAG(s) dict_keys(['example_kubernetes_executor']) retrieved from /home/airflow/.local/lib/python3.10/site-packages/airflow/example_dags/example_kubernetes_executor.py
[2023-08-13T15:07:43.337+0000] {logging_mixin.py:149} INFO - [2023-08-13T15:07:43.337+0000] {dag.py:2726} INFO - Sync 1 DAGs
[2023-08-13T15:07:43.346+0000] {logging_mixin.py:149} INFO - [2023-08-13T15:07:43.346+0000] {dag.py:3486} INFO - Setting next_dagrun for example_kubernetes_executor to None, run_after=None
[2023-08-13T15:07:43.355+0000] {processor.py:179} INFO - Processing /home/airflow/.local/lib/python3.10/site-packages/airflow/example_dags/example_kubernetes_executor.py took 0.186 seconds
[2023-08-13T15:08:13.610+0000] {processor.py:157} INFO - Started process (PID=2142) to work on /home/airflow/.local/lib/python3.10/site-packages/airflow/example_dags/example_kubernetes_executor.py
[2023-08-13T15:08:13.610+0000] {processor.py:826} INFO - Processing file /home/airflow/.local/lib/python3.10/site-packages/airflow/example_dags/example_kubernetes_executor.py for tasks to queue
[2023-08-13T15:08:13.610+0000] {logging_mixin.py:149} INFO - [2023-08-13T15:08:13.610+0000] {dagbag.py:541} INFO - Filling up the DagBag from /home/airflow/.local/lib/python3.10/site-packages/airflow/example_dags/example_kubernetes_executor.py
[2023-08-13T15:08:13.767+0000] {processor.py:836} INFO - DAG(s) dict_keys(['example_kubernetes_executor']) retrieved from /home/airflow/.local/lib/python3.10/site-packages/airflow/example_dags/example_kubernetes_executor.py
[2023-08-13T15:08:13.781+0000] {logging_mixin.py:149} INFO - [2023-08-13T15:08:13.781+0000] {dag.py:2726} INFO - Sync 1 DAGs
[2023-08-13T15:08:13.791+0000] {logging_mixin.py:149} INFO - [2023-08-13T15:08:13.791+0000] {dag.py:3486} INFO - Setting next_dagrun for example_kubernetes_executor to None, run_after=None
[2023-08-13T15:08:13.797+0000] {processor.py:179} INFO - Processing /home/airflow/.local/lib/python3.10/site-packages/airflow/example_dags/example_kubernetes_executor.py took 0.189 seconds
[2023-08-13T15:08:43.967+0000] {processor.py:157} INFO - Started process (PID=2219) to work on /home/airflow/.local/lib/python3.10/site-packages/airflow/example_dags/example_kubernetes_executor.py
[2023-08-13T15:08:43.967+0000] {processor.py:826} INFO - Processing file /home/airflow/.local/lib/python3.10/site-packages/airflow/example_dags/example_kubernetes_executor.py for tasks to queue
[2023-08-13T15:08:43.968+0000] {logging_mixin.py:149} INFO - [2023-08-13T15:08:43.968+0000] {dagbag.py:541} INFO - Filling up the DagBag from /home/airflow/.local/lib/python3.10/site-packages/airflow/example_dags/example_kubernetes_executor.py
[2023-08-13T15:08:44.122+0000] {processor.py:836} INFO - DAG(s) dict_keys(['example_kubernetes_executor']) retrieved from /home/airflow/.local/lib/python3.10/site-packages/airflow/example_dags/example_kubernetes_executor.py
[2023-08-13T15:08:44.137+0000] {logging_mixin.py:149} INFO - [2023-08-13T15:08:44.137+0000] {dag.py:2726} INFO - Sync 1 DAGs
[2023-08-13T15:08:44.146+0000] {logging_mixin.py:149} INFO - [2023-08-13T15:08:44.146+0000] {dag.py:3486} INFO - Setting next_dagrun for example_kubernetes_executor to None, run_after=None
[2023-08-13T15:08:44.153+0000] {processor.py:179} INFO - Processing /home/airflow/.local/lib/python3.10/site-packages/airflow/example_dags/example_kubernetes_executor.py took 0.187 seconds
[2023-08-13T15:12:54.047+0000] {processor.py:157} INFO - Started process (PID=63) to work on /home/airflow/.local/lib/python3.10/site-packages/airflow/example_dags/example_kubernetes_executor.py
[2023-08-13T15:12:54.047+0000] {processor.py:826} INFO - Processing file /home/airflow/.local/lib/python3.10/site-packages/airflow/example_dags/example_kubernetes_executor.py for tasks to queue
[2023-08-13T15:12:54.048+0000] {logging_mixin.py:149} INFO - [2023-08-13T15:12:54.047+0000] {dagbag.py:541} INFO - Filling up the DagBag from /home/airflow/.local/lib/python3.10/site-packages/airflow/example_dags/example_kubernetes_executor.py
[2023-08-13T15:12:54.148+0000] {processor.py:836} INFO - DAG(s) dict_keys(['example_kubernetes_executor']) retrieved from /home/airflow/.local/lib/python3.10/site-packages/airflow/example_dags/example_kubernetes_executor.py
[2023-08-13T15:12:54.154+0000] {logging_mixin.py:149} INFO - [2023-08-13T15:12:54.154+0000] {dag.py:2726} INFO - Sync 1 DAGs
[2023-08-13T15:12:54.164+0000] {logging_mixin.py:149} INFO - [2023-08-13T15:12:54.164+0000] {dag.py:3486} INFO - Setting next_dagrun for example_kubernetes_executor to None, run_after=None
[2023-08-13T15:12:54.180+0000] {processor.py:179} INFO - Processing /home/airflow/.local/lib/python3.10/site-packages/airflow/example_dags/example_kubernetes_executor.py took 0.135 seconds
[2023-08-13T15:13:24.227+0000] {processor.py:157} INFO - Started process (PID=140) to work on /home/airflow/.local/lib/python3.10/site-packages/airflow/example_dags/example_kubernetes_executor.py
[2023-08-13T15:13:24.227+0000] {processor.py:826} INFO - Processing file /home/airflow/.local/lib/python3.10/site-packages/airflow/example_dags/example_kubernetes_executor.py for tasks to queue
[2023-08-13T15:13:24.227+0000] {logging_mixin.py:149} INFO - [2023-08-13T15:13:24.227+0000] {dagbag.py:541} INFO - Filling up the DagBag from /home/airflow/.local/lib/python3.10/site-packages/airflow/example_dags/example_kubernetes_executor.py
[2023-08-13T15:13:24.323+0000] {processor.py:836} INFO - DAG(s) dict_keys(['example_kubernetes_executor']) retrieved from /home/airflow/.local/lib/python3.10/site-packages/airflow/example_dags/example_kubernetes_executor.py
[2023-08-13T15:13:24.399+0000] {logging_mixin.py:149} INFO - [2023-08-13T15:13:24.399+0000] {dag.py:2726} INFO - Sync 1 DAGs
[2023-08-13T15:13:24.408+0000] {logging_mixin.py:149} INFO - [2023-08-13T15:13:24.407+0000] {dag.py:3486} INFO - Setting next_dagrun for example_kubernetes_executor to None, run_after=None
[2023-08-13T15:13:24.414+0000] {processor.py:179} INFO - Processing /home/airflow/.local/lib/python3.10/site-packages/airflow/example_dags/example_kubernetes_executor.py took 0.189 seconds
[2023-08-13T15:13:54.696+0000] {processor.py:157} INFO - Started process (PID=218) to work on /home/airflow/.local/lib/python3.10/site-packages/airflow/example_dags/example_kubernetes_executor.py
[2023-08-13T15:13:54.696+0000] {processor.py:826} INFO - Processing file /home/airflow/.local/lib/python3.10/site-packages/airflow/example_dags/example_kubernetes_executor.py for tasks to queue
[2023-08-13T15:13:54.697+0000] {logging_mixin.py:149} INFO - [2023-08-13T15:13:54.696+0000] {dagbag.py:541} INFO - Filling up the DagBag from /home/airflow/.local/lib/python3.10/site-packages/airflow/example_dags/example_kubernetes_executor.py
[2023-08-13T15:13:54.793+0000] {processor.py:836} INFO - DAG(s) dict_keys(['example_kubernetes_executor']) retrieved from /home/airflow/.local/lib/python3.10/site-packages/airflow/example_dags/example_kubernetes_executor.py
[2023-08-13T15:13:54.809+0000] {logging_mixin.py:149} INFO - [2023-08-13T15:13:54.809+0000] {dag.py:2726} INFO - Sync 1 DAGs
[2023-08-13T15:13:54.873+0000] {logging_mixin.py:149} INFO - [2023-08-13T15:13:54.873+0000] {dag.py:3486} INFO - Setting next_dagrun for example_kubernetes_executor to None, run_after=None
[2023-08-13T15:13:54.880+0000] {processor.py:179} INFO - Processing /home/airflow/.local/lib/python3.10/site-packages/airflow/example_dags/example_kubernetes_executor.py took 0.186 seconds
[2023-08-13T15:14:25.133+0000] {processor.py:157} INFO - Started process (PID=298) to work on /home/airflow/.local/lib/python3.10/site-packages/airflow/example_dags/example_kubernetes_executor.py
[2023-08-13T15:14:25.133+0000] {processor.py:826} INFO - Processing file /home/airflow/.local/lib/python3.10/site-packages/airflow/example_dags/example_kubernetes_executor.py for tasks to queue
[2023-08-13T15:14:25.134+0000] {logging_mixin.py:149} INFO - [2023-08-13T15:14:25.134+0000] {dagbag.py:541} INFO - Filling up the DagBag from /home/airflow/.local/lib/python3.10/site-packages/airflow/example_dags/example_kubernetes_executor.py
[2023-08-13T15:14:25.232+0000] {processor.py:836} INFO - DAG(s) dict_keys(['example_kubernetes_executor']) retrieved from /home/airflow/.local/lib/python3.10/site-packages/airflow/example_dags/example_kubernetes_executor.py
[2023-08-13T15:14:25.312+0000] {logging_mixin.py:149} INFO - [2023-08-13T15:14:25.312+0000] {dag.py:2726} INFO - Sync 1 DAGs
[2023-08-13T15:14:25.322+0000] {logging_mixin.py:149} INFO - [2023-08-13T15:14:25.321+0000] {dag.py:3486} INFO - Setting next_dagrun for example_kubernetes_executor to None, run_after=None
[2023-08-13T15:14:25.330+0000] {processor.py:179} INFO - Processing /home/airflow/.local/lib/python3.10/site-packages/airflow/example_dags/example_kubernetes_executor.py took 0.198 seconds
[2023-08-13T15:14:55.495+0000] {processor.py:157} INFO - Started process (PID=380) to work on /home/airflow/.local/lib/python3.10/site-packages/airflow/example_dags/example_kubernetes_executor.py
[2023-08-13T15:14:55.496+0000] {processor.py:826} INFO - Processing file /home/airflow/.local/lib/python3.10/site-packages/airflow/example_dags/example_kubernetes_executor.py for tasks to queue
[2023-08-13T15:14:55.496+0000] {logging_mixin.py:149} INFO - [2023-08-13T15:14:55.496+0000] {dagbag.py:541} INFO - Filling up the DagBag from /home/airflow/.local/lib/python3.10/site-packages/airflow/example_dags/example_kubernetes_executor.py
[2023-08-13T15:14:55.592+0000] {processor.py:836} INFO - DAG(s) dict_keys(['example_kubernetes_executor']) retrieved from /home/airflow/.local/lib/python3.10/site-packages/airflow/example_dags/example_kubernetes_executor.py
[2023-08-13T15:14:55.665+0000] {logging_mixin.py:149} INFO - [2023-08-13T15:14:55.665+0000] {dag.py:2726} INFO - Sync 1 DAGs
[2023-08-13T15:14:55.674+0000] {logging_mixin.py:149} INFO - [2023-08-13T15:14:55.674+0000] {dag.py:3486} INFO - Setting next_dagrun for example_kubernetes_executor to None, run_after=None
[2023-08-13T15:14:55.685+0000] {processor.py:179} INFO - Processing /home/airflow/.local/lib/python3.10/site-packages/airflow/example_dags/example_kubernetes_executor.py took 0.191 seconds
[2023-08-13T15:15:25.957+0000] {processor.py:157} INFO - Started process (PID=457) to work on /home/airflow/.local/lib/python3.10/site-packages/airflow/example_dags/example_kubernetes_executor.py
[2023-08-13T15:15:25.957+0000] {processor.py:826} INFO - Processing file /home/airflow/.local/lib/python3.10/site-packages/airflow/example_dags/example_kubernetes_executor.py for tasks to queue
[2023-08-13T15:15:25.957+0000] {logging_mixin.py:149} INFO - [2023-08-13T15:15:25.957+0000] {dagbag.py:541} INFO - Filling up the DagBag from /home/airflow/.local/lib/python3.10/site-packages/airflow/example_dags/example_kubernetes_executor.py
[2023-08-13T15:15:26.052+0000] {processor.py:836} INFO - DAG(s) dict_keys(['example_kubernetes_executor']) retrieved from /home/airflow/.local/lib/python3.10/site-packages/airflow/example_dags/example_kubernetes_executor.py
[2023-08-13T15:15:26.069+0000] {logging_mixin.py:149} INFO - [2023-08-13T15:15:26.069+0000] {dag.py:2726} INFO - Sync 1 DAGs
[2023-08-13T15:15:26.134+0000] {logging_mixin.py:149} INFO - [2023-08-13T15:15:26.133+0000] {dag.py:3486} INFO - Setting next_dagrun for example_kubernetes_executor to None, run_after=None
[2023-08-13T15:15:26.148+0000] {processor.py:179} INFO - Processing /home/airflow/.local/lib/python3.10/site-packages/airflow/example_dags/example_kubernetes_executor.py took 0.193 seconds
[2023-08-13T15:15:56.362+0000] {processor.py:157} INFO - Started process (PID=534) to work on /home/airflow/.local/lib/python3.10/site-packages/airflow/example_dags/example_kubernetes_executor.py
[2023-08-13T15:15:56.363+0000] {processor.py:826} INFO - Processing file /home/airflow/.local/lib/python3.10/site-packages/airflow/example_dags/example_kubernetes_executor.py for tasks to queue
[2023-08-13T15:15:56.363+0000] {logging_mixin.py:149} INFO - [2023-08-13T15:15:56.363+0000] {dagbag.py:541} INFO - Filling up the DagBag from /home/airflow/.local/lib/python3.10/site-packages/airflow/example_dags/example_kubernetes_executor.py
[2023-08-13T15:15:56.511+0000] {processor.py:836} INFO - DAG(s) dict_keys(['example_kubernetes_executor']) retrieved from /home/airflow/.local/lib/python3.10/site-packages/airflow/example_dags/example_kubernetes_executor.py
[2023-08-13T15:15:56.526+0000] {logging_mixin.py:149} INFO - [2023-08-13T15:15:56.526+0000] {dag.py:2726} INFO - Sync 1 DAGs
[2023-08-13T15:15:56.536+0000] {logging_mixin.py:149} INFO - [2023-08-13T15:15:56.536+0000] {dag.py:3486} INFO - Setting next_dagrun for example_kubernetes_executor to None, run_after=None
[2023-08-13T15:15:56.542+0000] {processor.py:179} INFO - Processing /home/airflow/.local/lib/python3.10/site-packages/airflow/example_dags/example_kubernetes_executor.py took 0.182 seconds
[2023-08-13T15:16:26.683+0000] {processor.py:157} INFO - Started process (PID=611) to work on /home/airflow/.local/lib/python3.10/site-packages/airflow/example_dags/example_kubernetes_executor.py
[2023-08-13T15:16:26.684+0000] {processor.py:826} INFO - Processing file /home/airflow/.local/lib/python3.10/site-packages/airflow/example_dags/example_kubernetes_executor.py for tasks to queue
[2023-08-13T15:16:26.684+0000] {logging_mixin.py:149} INFO - [2023-08-13T15:16:26.684+0000] {dagbag.py:541} INFO - Filling up the DagBag from /home/airflow/.local/lib/python3.10/site-packages/airflow/example_dags/example_kubernetes_executor.py
[2023-08-13T15:16:26.782+0000] {processor.py:836} INFO - DAG(s) dict_keys(['example_kubernetes_executor']) retrieved from /home/airflow/.local/lib/python3.10/site-packages/airflow/example_dags/example_kubernetes_executor.py
[2023-08-13T15:16:26.854+0000] {logging_mixin.py:149} INFO - [2023-08-13T15:16:26.854+0000] {dag.py:2726} INFO - Sync 1 DAGs
[2023-08-13T15:16:26.863+0000] {logging_mixin.py:149} INFO - [2023-08-13T15:16:26.863+0000] {dag.py:3486} INFO - Setting next_dagrun for example_kubernetes_executor to None, run_after=None
[2023-08-13T15:16:26.871+0000] {processor.py:179} INFO - Processing /home/airflow/.local/lib/python3.10/site-packages/airflow/example_dags/example_kubernetes_executor.py took 0.189 seconds
[2023-08-13T15:16:57.021+0000] {processor.py:157} INFO - Started process (PID=683) to work on /home/airflow/.local/lib/python3.10/site-packages/airflow/example_dags/example_kubernetes_executor.py
[2023-08-13T15:16:57.021+0000] {processor.py:826} INFO - Processing file /home/airflow/.local/lib/python3.10/site-packages/airflow/example_dags/example_kubernetes_executor.py for tasks to queue
[2023-08-13T15:16:57.021+0000] {logging_mixin.py:149} INFO - [2023-08-13T15:16:57.021+0000] {dagbag.py:541} INFO - Filling up the DagBag from /home/airflow/.local/lib/python3.10/site-packages/airflow/example_dags/example_kubernetes_executor.py
[2023-08-13T15:16:57.174+0000] {processor.py:836} INFO - DAG(s) dict_keys(['example_kubernetes_executor']) retrieved from /home/airflow/.local/lib/python3.10/site-packages/airflow/example_dags/example_kubernetes_executor.py
[2023-08-13T15:16:57.189+0000] {logging_mixin.py:149} INFO - [2023-08-13T15:16:57.189+0000] {dag.py:2726} INFO - Sync 1 DAGs
[2023-08-13T15:16:57.199+0000] {logging_mixin.py:149} INFO - [2023-08-13T15:16:57.199+0000] {dag.py:3486} INFO - Setting next_dagrun for example_kubernetes_executor to None, run_after=None
[2023-08-13T15:16:57.206+0000] {processor.py:179} INFO - Processing /home/airflow/.local/lib/python3.10/site-packages/airflow/example_dags/example_kubernetes_executor.py took 0.187 seconds
[2023-08-13T15:17:27.286+0000] {processor.py:157} INFO - Started process (PID=764) to work on /home/airflow/.local/lib/python3.10/site-packages/airflow/example_dags/example_kubernetes_executor.py
[2023-08-13T15:17:27.286+0000] {processor.py:826} INFO - Processing file /home/airflow/.local/lib/python3.10/site-packages/airflow/example_dags/example_kubernetes_executor.py for tasks to queue
[2023-08-13T15:17:27.287+0000] {logging_mixin.py:149} INFO - [2023-08-13T15:17:27.287+0000] {dagbag.py:541} INFO - Filling up the DagBag from /home/airflow/.local/lib/python3.10/site-packages/airflow/example_dags/example_kubernetes_executor.py
[2023-08-13T15:17:27.435+0000] {processor.py:836} INFO - DAG(s) dict_keys(['example_kubernetes_executor']) retrieved from /home/airflow/.local/lib/python3.10/site-packages/airflow/example_dags/example_kubernetes_executor.py
[2023-08-13T15:17:27.450+0000] {logging_mixin.py:149} INFO - [2023-08-13T15:17:27.450+0000] {dag.py:2726} INFO - Sync 1 DAGs
[2023-08-13T15:17:27.459+0000] {logging_mixin.py:149} INFO - [2023-08-13T15:17:27.459+0000] {dag.py:3486} INFO - Setting next_dagrun for example_kubernetes_executor to None, run_after=None
[2023-08-13T15:17:27.474+0000] {processor.py:179} INFO - Processing /home/airflow/.local/lib/python3.10/site-packages/airflow/example_dags/example_kubernetes_executor.py took 0.189 seconds
[2023-08-13T15:17:57.591+0000] {processor.py:157} INFO - Started process (PID=841) to work on /home/airflow/.local/lib/python3.10/site-packages/airflow/example_dags/example_kubernetes_executor.py
[2023-08-13T15:17:57.591+0000] {processor.py:826} INFO - Processing file /home/airflow/.local/lib/python3.10/site-packages/airflow/example_dags/example_kubernetes_executor.py for tasks to queue
[2023-08-13T15:17:57.592+0000] {logging_mixin.py:149} INFO - [2023-08-13T15:17:57.592+0000] {dagbag.py:541} INFO - Filling up the DagBag from /home/airflow/.local/lib/python3.10/site-packages/airflow/example_dags/example_kubernetes_executor.py
[2023-08-13T15:17:57.743+0000] {processor.py:836} INFO - DAG(s) dict_keys(['example_kubernetes_executor']) retrieved from /home/airflow/.local/lib/python3.10/site-packages/airflow/example_dags/example_kubernetes_executor.py
[2023-08-13T15:17:57.758+0000] {logging_mixin.py:149} INFO - [2023-08-13T15:17:57.758+0000] {dag.py:2726} INFO - Sync 1 DAGs
[2023-08-13T15:17:57.766+0000] {logging_mixin.py:149} INFO - [2023-08-13T15:17:57.766+0000] {dag.py:3486} INFO - Setting next_dagrun for example_kubernetes_executor to None, run_after=None
[2023-08-13T15:17:57.782+0000] {processor.py:179} INFO - Processing /home/airflow/.local/lib/python3.10/site-packages/airflow/example_dags/example_kubernetes_executor.py took 0.192 seconds
[2023-08-13T15:18:27.904+0000] {processor.py:157} INFO - Started process (PID=918) to work on /home/airflow/.local/lib/python3.10/site-packages/airflow/example_dags/example_kubernetes_executor.py
[2023-08-13T15:18:27.904+0000] {processor.py:826} INFO - Processing file /home/airflow/.local/lib/python3.10/site-packages/airflow/example_dags/example_kubernetes_executor.py for tasks to queue
[2023-08-13T15:18:27.904+0000] {logging_mixin.py:149} INFO - [2023-08-13T15:18:27.904+0000] {dagbag.py:541} INFO - Filling up the DagBag from /home/airflow/.local/lib/python3.10/site-packages/airflow/example_dags/example_kubernetes_executor.py
[2023-08-13T15:18:28.055+0000] {processor.py:836} INFO - DAG(s) dict_keys(['example_kubernetes_executor']) retrieved from /home/airflow/.local/lib/python3.10/site-packages/airflow/example_dags/example_kubernetes_executor.py
[2023-08-13T15:18:28.071+0000] {logging_mixin.py:149} INFO - [2023-08-13T15:18:28.071+0000] {dag.py:2726} INFO - Sync 1 DAGs
[2023-08-13T15:18:28.080+0000] {logging_mixin.py:149} INFO - [2023-08-13T15:18:28.080+0000] {dag.py:3486} INFO - Setting next_dagrun for example_kubernetes_executor to None, run_after=None
[2023-08-13T15:18:28.095+0000] {processor.py:179} INFO - Processing /home/airflow/.local/lib/python3.10/site-packages/airflow/example_dags/example_kubernetes_executor.py took 0.193 seconds
[2023-08-13T15:18:58.338+0000] {processor.py:157} INFO - Started process (PID=995) to work on /home/airflow/.local/lib/python3.10/site-packages/airflow/example_dags/example_kubernetes_executor.py
[2023-08-13T15:18:58.338+0000] {processor.py:826} INFO - Processing file /home/airflow/.local/lib/python3.10/site-packages/airflow/example_dags/example_kubernetes_executor.py for tasks to queue
[2023-08-13T15:18:58.338+0000] {logging_mixin.py:149} INFO - [2023-08-13T15:18:58.338+0000] {dagbag.py:541} INFO - Filling up the DagBag from /home/airflow/.local/lib/python3.10/site-packages/airflow/example_dags/example_kubernetes_executor.py
[2023-08-13T15:18:58.488+0000] {processor.py:836} INFO - DAG(s) dict_keys(['example_kubernetes_executor']) retrieved from /home/airflow/.local/lib/python3.10/site-packages/airflow/example_dags/example_kubernetes_executor.py
[2023-08-13T15:18:58.503+0000] {logging_mixin.py:149} INFO - [2023-08-13T15:18:58.503+0000] {dag.py:2726} INFO - Sync 1 DAGs
[2023-08-13T15:18:58.512+0000] {logging_mixin.py:149} INFO - [2023-08-13T15:18:58.512+0000] {dag.py:3486} INFO - Setting next_dagrun for example_kubernetes_executor to None, run_after=None
[2023-08-13T15:18:58.519+0000] {processor.py:179} INFO - Processing /home/airflow/.local/lib/python3.10/site-packages/airflow/example_dags/example_kubernetes_executor.py took 0.182 seconds
[2023-08-13T15:19:28.640+0000] {processor.py:157} INFO - Started process (PID=1072) to work on /home/airflow/.local/lib/python3.10/site-packages/airflow/example_dags/example_kubernetes_executor.py
[2023-08-13T15:19:28.640+0000] {processor.py:826} INFO - Processing file /home/airflow/.local/lib/python3.10/site-packages/airflow/example_dags/example_kubernetes_executor.py for tasks to queue
[2023-08-13T15:19:28.640+0000] {logging_mixin.py:149} INFO - [2023-08-13T15:19:28.640+0000] {dagbag.py:541} INFO - Filling up the DagBag from /home/airflow/.local/lib/python3.10/site-packages/airflow/example_dags/example_kubernetes_executor.py
[2023-08-13T15:19:28.794+0000] {processor.py:836} INFO - DAG(s) dict_keys(['example_kubernetes_executor']) retrieved from /home/airflow/.local/lib/python3.10/site-packages/airflow/example_dags/example_kubernetes_executor.py
[2023-08-13T15:19:28.810+0000] {logging_mixin.py:149} INFO - [2023-08-13T15:19:28.810+0000] {dag.py:2726} INFO - Sync 1 DAGs
[2023-08-13T15:19:28.820+0000] {logging_mixin.py:149} INFO - [2023-08-13T15:19:28.820+0000] {dag.py:3486} INFO - Setting next_dagrun for example_kubernetes_executor to None, run_after=None
[2023-08-13T15:19:28.835+0000] {processor.py:179} INFO - Processing /home/airflow/.local/lib/python3.10/site-packages/airflow/example_dags/example_kubernetes_executor.py took 0.196 seconds
[2023-08-13T15:19:58.906+0000] {processor.py:157} INFO - Started process (PID=1149) to work on /home/airflow/.local/lib/python3.10/site-packages/airflow/example_dags/example_kubernetes_executor.py
[2023-08-13T15:19:58.906+0000] {processor.py:826} INFO - Processing file /home/airflow/.local/lib/python3.10/site-packages/airflow/example_dags/example_kubernetes_executor.py for tasks to queue
[2023-08-13T15:19:58.906+0000] {logging_mixin.py:149} INFO - [2023-08-13T15:19:58.906+0000] {dagbag.py:541} INFO - Filling up the DagBag from /home/airflow/.local/lib/python3.10/site-packages/airflow/example_dags/example_kubernetes_executor.py
[2023-08-13T15:19:59.056+0000] {processor.py:836} INFO - DAG(s) dict_keys(['example_kubernetes_executor']) retrieved from /home/airflow/.local/lib/python3.10/site-packages/airflow/example_dags/example_kubernetes_executor.py
[2023-08-13T15:19:59.072+0000] {logging_mixin.py:149} INFO - [2023-08-13T15:19:59.072+0000] {dag.py:2726} INFO - Sync 1 DAGs
[2023-08-13T15:19:59.080+0000] {logging_mixin.py:149} INFO - [2023-08-13T15:19:59.080+0000] {dag.py:3486} INFO - Setting next_dagrun for example_kubernetes_executor to None, run_after=None
[2023-08-13T15:19:59.095+0000] {processor.py:179} INFO - Processing /home/airflow/.local/lib/python3.10/site-packages/airflow/example_dags/example_kubernetes_executor.py took 0.190 seconds
[2023-08-13T15:20:29.288+0000] {processor.py:157} INFO - Started process (PID=1226) to work on /home/airflow/.local/lib/python3.10/site-packages/airflow/example_dags/example_kubernetes_executor.py
[2023-08-13T15:20:29.288+0000] {processor.py:826} INFO - Processing file /home/airflow/.local/lib/python3.10/site-packages/airflow/example_dags/example_kubernetes_executor.py for tasks to queue
[2023-08-13T15:20:29.289+0000] {logging_mixin.py:149} INFO - [2023-08-13T15:20:29.289+0000] {dagbag.py:541} INFO - Filling up the DagBag from /home/airflow/.local/lib/python3.10/site-packages/airflow/example_dags/example_kubernetes_executor.py
[2023-08-13T15:20:29.442+0000] {processor.py:836} INFO - DAG(s) dict_keys(['example_kubernetes_executor']) retrieved from /home/airflow/.local/lib/python3.10/site-packages/airflow/example_dags/example_kubernetes_executor.py
[2023-08-13T15:20:29.457+0000] {logging_mixin.py:149} INFO - [2023-08-13T15:20:29.457+0000] {dag.py:2726} INFO - Sync 1 DAGs
[2023-08-13T15:20:29.467+0000] {logging_mixin.py:149} INFO - [2023-08-13T15:20:29.466+0000] {dag.py:3486} INFO - Setting next_dagrun for example_kubernetes_executor to None, run_after=None
[2023-08-13T15:20:29.473+0000] {processor.py:179} INFO - Processing /home/airflow/.local/lib/python3.10/site-packages/airflow/example_dags/example_kubernetes_executor.py took 0.187 seconds
[2023-08-13T15:20:59.547+0000] {processor.py:157} INFO - Started process (PID=1303) to work on /home/airflow/.local/lib/python3.10/site-packages/airflow/example_dags/example_kubernetes_executor.py
[2023-08-13T15:20:59.548+0000] {processor.py:826} INFO - Processing file /home/airflow/.local/lib/python3.10/site-packages/airflow/example_dags/example_kubernetes_executor.py for tasks to queue
[2023-08-13T15:20:59.548+0000] {logging_mixin.py:149} INFO - [2023-08-13T15:20:59.548+0000] {dagbag.py:541} INFO - Filling up the DagBag from /home/airflow/.local/lib/python3.10/site-packages/airflow/example_dags/example_kubernetes_executor.py
[2023-08-13T15:20:59.701+0000] {processor.py:836} INFO - DAG(s) dict_keys(['example_kubernetes_executor']) retrieved from /home/airflow/.local/lib/python3.10/site-packages/airflow/example_dags/example_kubernetes_executor.py
[2023-08-13T15:20:59.716+0000] {logging_mixin.py:149} INFO - [2023-08-13T15:20:59.716+0000] {dag.py:2726} INFO - Sync 1 DAGs
[2023-08-13T15:20:59.725+0000] {logging_mixin.py:149} INFO - [2023-08-13T15:20:59.725+0000] {dag.py:3486} INFO - Setting next_dagrun for example_kubernetes_executor to None, run_after=None
[2023-08-13T15:20:59.732+0000] {processor.py:179} INFO - Processing /home/airflow/.local/lib/python3.10/site-packages/airflow/example_dags/example_kubernetes_executor.py took 0.186 seconds
[2023-08-13T15:21:29.820+0000] {processor.py:157} INFO - Started process (PID=1375) to work on /home/airflow/.local/lib/python3.10/site-packages/airflow/example_dags/example_kubernetes_executor.py
[2023-08-13T15:21:29.820+0000] {processor.py:826} INFO - Processing file /home/airflow/.local/lib/python3.10/site-packages/airflow/example_dags/example_kubernetes_executor.py for tasks to queue
[2023-08-13T15:21:29.821+0000] {logging_mixin.py:149} INFO - [2023-08-13T15:21:29.821+0000] {dagbag.py:541} INFO - Filling up the DagBag from /home/airflow/.local/lib/python3.10/site-packages/airflow/example_dags/example_kubernetes_executor.py
[2023-08-13T15:21:29.978+0000] {processor.py:836} INFO - DAG(s) dict_keys(['example_kubernetes_executor']) retrieved from /home/airflow/.local/lib/python3.10/site-packages/airflow/example_dags/example_kubernetes_executor.py
[2023-08-13T15:21:29.993+0000] {logging_mixin.py:149} INFO - [2023-08-13T15:21:29.993+0000] {dag.py:2726} INFO - Sync 1 DAGs
[2023-08-13T15:21:30.001+0000] {logging_mixin.py:149} INFO - [2023-08-13T15:21:30.001+0000] {dag.py:3486} INFO - Setting next_dagrun for example_kubernetes_executor to None, run_after=None
[2023-08-13T15:21:30.008+0000] {processor.py:179} INFO - Processing /home/airflow/.local/lib/python3.10/site-packages/airflow/example_dags/example_kubernetes_executor.py took 0.189 seconds
[2023-08-13T15:22:00.077+0000] {processor.py:157} INFO - Started process (PID=1455) to work on /home/airflow/.local/lib/python3.10/site-packages/airflow/example_dags/example_kubernetes_executor.py
[2023-08-13T15:22:00.077+0000] {processor.py:826} INFO - Processing file /home/airflow/.local/lib/python3.10/site-packages/airflow/example_dags/example_kubernetes_executor.py for tasks to queue
[2023-08-13T15:22:00.077+0000] {logging_mixin.py:149} INFO - [2023-08-13T15:22:00.077+0000] {dagbag.py:541} INFO - Filling up the DagBag from /home/airflow/.local/lib/python3.10/site-packages/airflow/example_dags/example_kubernetes_executor.py
[2023-08-13T15:22:00.227+0000] {processor.py:836} INFO - DAG(s) dict_keys(['example_kubernetes_executor']) retrieved from /home/airflow/.local/lib/python3.10/site-packages/airflow/example_dags/example_kubernetes_executor.py
[2023-08-13T15:22:00.243+0000] {logging_mixin.py:149} INFO - [2023-08-13T15:22:00.242+0000] {dag.py:2726} INFO - Sync 1 DAGs
[2023-08-13T15:22:00.252+0000] {logging_mixin.py:149} INFO - [2023-08-13T15:22:00.252+0000] {dag.py:3486} INFO - Setting next_dagrun for example_kubernetes_executor to None, run_after=None
[2023-08-13T15:22:00.258+0000] {processor.py:179} INFO - Processing /home/airflow/.local/lib/python3.10/site-packages/airflow/example_dags/example_kubernetes_executor.py took 0.183 seconds
[2023-08-13T15:22:30.397+0000] {processor.py:157} INFO - Started process (PID=1535) to work on /home/airflow/.local/lib/python3.10/site-packages/airflow/example_dags/example_kubernetes_executor.py
[2023-08-13T15:22:30.397+0000] {processor.py:826} INFO - Processing file /home/airflow/.local/lib/python3.10/site-packages/airflow/example_dags/example_kubernetes_executor.py for tasks to queue
[2023-08-13T15:22:30.397+0000] {logging_mixin.py:149} INFO - [2023-08-13T15:22:30.397+0000] {dagbag.py:541} INFO - Filling up the DagBag from /home/airflow/.local/lib/python3.10/site-packages/airflow/example_dags/example_kubernetes_executor.py
[2023-08-13T15:22:30.545+0000] {processor.py:836} INFO - DAG(s) dict_keys(['example_kubernetes_executor']) retrieved from /home/airflow/.local/lib/python3.10/site-packages/airflow/example_dags/example_kubernetes_executor.py
[2023-08-13T15:22:30.560+0000] {logging_mixin.py:149} INFO - [2023-08-13T15:22:30.559+0000] {dag.py:2726} INFO - Sync 1 DAGs
[2023-08-13T15:22:30.568+0000] {logging_mixin.py:149} INFO - [2023-08-13T15:22:30.568+0000] {dag.py:3486} INFO - Setting next_dagrun for example_kubernetes_executor to None, run_after=None
[2023-08-13T15:22:30.575+0000] {processor.py:179} INFO - Processing /home/airflow/.local/lib/python3.10/site-packages/airflow/example_dags/example_kubernetes_executor.py took 0.179 seconds
[2023-08-13T15:23:00.725+0000] {processor.py:157} INFO - Started process (PID=1607) to work on /home/airflow/.local/lib/python3.10/site-packages/airflow/example_dags/example_kubernetes_executor.py
[2023-08-13T15:23:00.725+0000] {processor.py:826} INFO - Processing file /home/airflow/.local/lib/python3.10/site-packages/airflow/example_dags/example_kubernetes_executor.py for tasks to queue
[2023-08-13T15:23:00.725+0000] {logging_mixin.py:149} INFO - [2023-08-13T15:23:00.725+0000] {dagbag.py:541} INFO - Filling up the DagBag from /home/airflow/.local/lib/python3.10/site-packages/airflow/example_dags/example_kubernetes_executor.py
[2023-08-13T15:23:00.882+0000] {processor.py:836} INFO - DAG(s) dict_keys(['example_kubernetes_executor']) retrieved from /home/airflow/.local/lib/python3.10/site-packages/airflow/example_dags/example_kubernetes_executor.py
[2023-08-13T15:23:00.897+0000] {logging_mixin.py:149} INFO - [2023-08-13T15:23:00.897+0000] {dag.py:2726} INFO - Sync 1 DAGs
[2023-08-13T15:23:00.905+0000] {logging_mixin.py:149} INFO - [2023-08-13T15:23:00.905+0000] {dag.py:3486} INFO - Setting next_dagrun for example_kubernetes_executor to None, run_after=None
[2023-08-13T15:23:00.912+0000] {processor.py:179} INFO - Processing /home/airflow/.local/lib/python3.10/site-packages/airflow/example_dags/example_kubernetes_executor.py took 0.189 seconds
[2023-08-13T15:23:31.016+0000] {processor.py:157} INFO - Started process (PID=1687) to work on /home/airflow/.local/lib/python3.10/site-packages/airflow/example_dags/example_kubernetes_executor.py
[2023-08-13T15:23:31.017+0000] {processor.py:826} INFO - Processing file /home/airflow/.local/lib/python3.10/site-packages/airflow/example_dags/example_kubernetes_executor.py for tasks to queue
[2023-08-13T15:23:31.017+0000] {logging_mixin.py:149} INFO - [2023-08-13T15:23:31.017+0000] {dagbag.py:541} INFO - Filling up the DagBag from /home/airflow/.local/lib/python3.10/site-packages/airflow/example_dags/example_kubernetes_executor.py
[2023-08-13T15:23:31.165+0000] {processor.py:836} INFO - DAG(s) dict_keys(['example_kubernetes_executor']) retrieved from /home/airflow/.local/lib/python3.10/site-packages/airflow/example_dags/example_kubernetes_executor.py
[2023-08-13T15:23:31.180+0000] {logging_mixin.py:149} INFO - [2023-08-13T15:23:31.180+0000] {dag.py:2726} INFO - Sync 1 DAGs
[2023-08-13T15:23:31.189+0000] {logging_mixin.py:149} INFO - [2023-08-13T15:23:31.189+0000] {dag.py:3486} INFO - Setting next_dagrun for example_kubernetes_executor to None, run_after=None
[2023-08-13T15:23:31.195+0000] {processor.py:179} INFO - Processing /home/airflow/.local/lib/python3.10/site-packages/airflow/example_dags/example_kubernetes_executor.py took 0.180 seconds
[2023-08-13T15:24:01.449+0000] {processor.py:157} INFO - Started process (PID=1761) to work on /home/airflow/.local/lib/python3.10/site-packages/airflow/example_dags/example_kubernetes_executor.py
[2023-08-13T15:24:01.449+0000] {processor.py:826} INFO - Processing file /home/airflow/.local/lib/python3.10/site-packages/airflow/example_dags/example_kubernetes_executor.py for tasks to queue
[2023-08-13T15:24:01.449+0000] {logging_mixin.py:149} INFO - [2023-08-13T15:24:01.449+0000] {dagbag.py:541} INFO - Filling up the DagBag from /home/airflow/.local/lib/python3.10/site-packages/airflow/example_dags/example_kubernetes_executor.py
[2023-08-13T15:24:01.605+0000] {processor.py:836} INFO - DAG(s) dict_keys(['example_kubernetes_executor']) retrieved from /home/airflow/.local/lib/python3.10/site-packages/airflow/example_dags/example_kubernetes_executor.py
[2023-08-13T15:24:01.620+0000] {logging_mixin.py:149} INFO - [2023-08-13T15:24:01.619+0000] {dag.py:2726} INFO - Sync 1 DAGs
[2023-08-13T15:24:01.628+0000] {logging_mixin.py:149} INFO - [2023-08-13T15:24:01.628+0000] {dag.py:3486} INFO - Setting next_dagrun for example_kubernetes_executor to None, run_after=None
[2023-08-13T15:24:01.635+0000] {processor.py:179} INFO - Processing /home/airflow/.local/lib/python3.10/site-packages/airflow/example_dags/example_kubernetes_executor.py took 0.188 seconds
[2023-08-13T15:24:31.739+0000] {processor.py:157} INFO - Started process (PID=1838) to work on /home/airflow/.local/lib/python3.10/site-packages/airflow/example_dags/example_kubernetes_executor.py
[2023-08-13T15:24:31.740+0000] {processor.py:826} INFO - Processing file /home/airflow/.local/lib/python3.10/site-packages/airflow/example_dags/example_kubernetes_executor.py for tasks to queue
[2023-08-13T15:24:31.740+0000] {logging_mixin.py:149} INFO - [2023-08-13T15:24:31.740+0000] {dagbag.py:541} INFO - Filling up the DagBag from /home/airflow/.local/lib/python3.10/site-packages/airflow/example_dags/example_kubernetes_executor.py
[2023-08-13T15:24:31.894+0000] {processor.py:836} INFO - DAG(s) dict_keys(['example_kubernetes_executor']) retrieved from /home/airflow/.local/lib/python3.10/site-packages/airflow/example_dags/example_kubernetes_executor.py
[2023-08-13T15:24:31.909+0000] {logging_mixin.py:149} INFO - [2023-08-13T15:24:31.909+0000] {dag.py:2726} INFO - Sync 1 DAGs
[2023-08-13T15:24:31.917+0000] {logging_mixin.py:149} INFO - [2023-08-13T15:24:31.917+0000] {dag.py:3486} INFO - Setting next_dagrun for example_kubernetes_executor to None, run_after=None
[2023-08-13T15:24:31.924+0000] {processor.py:179} INFO - Processing /home/airflow/.local/lib/python3.10/site-packages/airflow/example_dags/example_kubernetes_executor.py took 0.186 seconds
[2023-08-13T15:25:02.147+0000] {processor.py:157} INFO - Started process (PID=1915) to work on /home/airflow/.local/lib/python3.10/site-packages/airflow/example_dags/example_kubernetes_executor.py
[2023-08-13T15:25:02.147+0000] {processor.py:826} INFO - Processing file /home/airflow/.local/lib/python3.10/site-packages/airflow/example_dags/example_kubernetes_executor.py for tasks to queue
[2023-08-13T15:25:02.147+0000] {logging_mixin.py:149} INFO - [2023-08-13T15:25:02.147+0000] {dagbag.py:541} INFO - Filling up the DagBag from /home/airflow/.local/lib/python3.10/site-packages/airflow/example_dags/example_kubernetes_executor.py
[2023-08-13T15:25:02.303+0000] {processor.py:836} INFO - DAG(s) dict_keys(['example_kubernetes_executor']) retrieved from /home/airflow/.local/lib/python3.10/site-packages/airflow/example_dags/example_kubernetes_executor.py
[2023-08-13T15:25:02.317+0000] {logging_mixin.py:149} INFO - [2023-08-13T15:25:02.317+0000] {dag.py:2726} INFO - Sync 1 DAGs
[2023-08-13T15:25:02.326+0000] {logging_mixin.py:149} INFO - [2023-08-13T15:25:02.326+0000] {dag.py:3486} INFO - Setting next_dagrun for example_kubernetes_executor to None, run_after=None
[2023-08-13T15:25:02.332+0000] {processor.py:179} INFO - Processing /home/airflow/.local/lib/python3.10/site-packages/airflow/example_dags/example_kubernetes_executor.py took 0.187 seconds
[2023-08-13T15:25:32.473+0000] {processor.py:157} INFO - Started process (PID=1992) to work on /home/airflow/.local/lib/python3.10/site-packages/airflow/example_dags/example_kubernetes_executor.py
[2023-08-13T15:25:32.473+0000] {processor.py:826} INFO - Processing file /home/airflow/.local/lib/python3.10/site-packages/airflow/example_dags/example_kubernetes_executor.py for tasks to queue
[2023-08-13T15:25:32.474+0000] {logging_mixin.py:149} INFO - [2023-08-13T15:25:32.473+0000] {dagbag.py:541} INFO - Filling up the DagBag from /home/airflow/.local/lib/python3.10/site-packages/airflow/example_dags/example_kubernetes_executor.py
[2023-08-13T15:25:32.628+0000] {processor.py:836} INFO - DAG(s) dict_keys(['example_kubernetes_executor']) retrieved from /home/airflow/.local/lib/python3.10/site-packages/airflow/example_dags/example_kubernetes_executor.py
[2023-08-13T15:25:32.643+0000] {logging_mixin.py:149} INFO - [2023-08-13T15:25:32.643+0000] {dag.py:2726} INFO - Sync 1 DAGs
[2023-08-13T15:25:32.652+0000] {logging_mixin.py:149} INFO - [2023-08-13T15:25:32.652+0000] {dag.py:3486} INFO - Setting next_dagrun for example_kubernetes_executor to None, run_after=None
[2023-08-13T15:25:32.659+0000] {processor.py:179} INFO - Processing /home/airflow/.local/lib/python3.10/site-packages/airflow/example_dags/example_kubernetes_executor.py took 0.187 seconds
[2023-08-13T15:26:02.855+0000] {processor.py:157} INFO - Started process (PID=2074) to work on /home/airflow/.local/lib/python3.10/site-packages/airflow/example_dags/example_kubernetes_executor.py
[2023-08-13T15:26:02.855+0000] {processor.py:826} INFO - Processing file /home/airflow/.local/lib/python3.10/site-packages/airflow/example_dags/example_kubernetes_executor.py for tasks to queue
[2023-08-13T15:26:02.855+0000] {logging_mixin.py:149} INFO - [2023-08-13T15:26:02.855+0000] {dagbag.py:541} INFO - Filling up the DagBag from /home/airflow/.local/lib/python3.10/site-packages/airflow/example_dags/example_kubernetes_executor.py
[2023-08-13T15:26:03.005+0000] {processor.py:836} INFO - DAG(s) dict_keys(['example_kubernetes_executor']) retrieved from /home/airflow/.local/lib/python3.10/site-packages/airflow/example_dags/example_kubernetes_executor.py
[2023-08-13T15:26:03.021+0000] {logging_mixin.py:149} INFO - [2023-08-13T15:26:03.021+0000] {dag.py:2726} INFO - Sync 1 DAGs
[2023-08-13T15:26:03.029+0000] {logging_mixin.py:149} INFO - [2023-08-13T15:26:03.029+0000] {dag.py:3486} INFO - Setting next_dagrun for example_kubernetes_executor to None, run_after=None
[2023-08-13T15:26:03.038+0000] {processor.py:179} INFO - Processing /home/airflow/.local/lib/python3.10/site-packages/airflow/example_dags/example_kubernetes_executor.py took 0.184 seconds
[2023-08-13T15:26:33.252+0000] {processor.py:157} INFO - Started process (PID=2151) to work on /home/airflow/.local/lib/python3.10/site-packages/airflow/example_dags/example_kubernetes_executor.py
[2023-08-13T15:26:33.253+0000] {processor.py:826} INFO - Processing file /home/airflow/.local/lib/python3.10/site-packages/airflow/example_dags/example_kubernetes_executor.py for tasks to queue
[2023-08-13T15:26:33.253+0000] {logging_mixin.py:149} INFO - [2023-08-13T15:26:33.253+0000] {dagbag.py:541} INFO - Filling up the DagBag from /home/airflow/.local/lib/python3.10/site-packages/airflow/example_dags/example_kubernetes_executor.py
[2023-08-13T15:26:33.401+0000] {processor.py:836} INFO - DAG(s) dict_keys(['example_kubernetes_executor']) retrieved from /home/airflow/.local/lib/python3.10/site-packages/airflow/example_dags/example_kubernetes_executor.py
[2023-08-13T15:26:33.416+0000] {logging_mixin.py:149} INFO - [2023-08-13T15:26:33.416+0000] {dag.py:2726} INFO - Sync 1 DAGs
[2023-08-13T15:26:33.425+0000] {logging_mixin.py:149} INFO - [2023-08-13T15:26:33.425+0000] {dag.py:3486} INFO - Setting next_dagrun for example_kubernetes_executor to None, run_after=None
[2023-08-13T15:26:33.440+0000] {processor.py:179} INFO - Processing /home/airflow/.local/lib/python3.10/site-packages/airflow/example_dags/example_kubernetes_executor.py took 0.189 seconds
[2023-08-13T15:27:03.794+0000] {processor.py:157} INFO - Started process (PID=2224) to work on /home/airflow/.local/lib/python3.10/site-packages/airflow/example_dags/example_kubernetes_executor.py
[2023-08-13T15:27:03.795+0000] {processor.py:826} INFO - Processing file /home/airflow/.local/lib/python3.10/site-packages/airflow/example_dags/example_kubernetes_executor.py for tasks to queue
[2023-08-13T15:27:03.795+0000] {logging_mixin.py:149} INFO - [2023-08-13T15:27:03.795+0000] {dagbag.py:541} INFO - Filling up the DagBag from /home/airflow/.local/lib/python3.10/site-packages/airflow/example_dags/example_kubernetes_executor.py
[2023-08-13T15:27:03.947+0000] {processor.py:836} INFO - DAG(s) dict_keys(['example_kubernetes_executor']) retrieved from /home/airflow/.local/lib/python3.10/site-packages/airflow/example_dags/example_kubernetes_executor.py
[2023-08-13T15:27:03.961+0000] {logging_mixin.py:149} INFO - [2023-08-13T15:27:03.961+0000] {dag.py:2726} INFO - Sync 1 DAGs
[2023-08-13T15:27:03.970+0000] {logging_mixin.py:149} INFO - [2023-08-13T15:27:03.970+0000] {dag.py:3486} INFO - Setting next_dagrun for example_kubernetes_executor to None, run_after=None
[2023-08-13T15:27:03.976+0000] {processor.py:179} INFO - Processing /home/airflow/.local/lib/python3.10/site-packages/airflow/example_dags/example_kubernetes_executor.py took 0.183 seconds
[2023-08-13T15:27:34.300+0000] {processor.py:157} INFO - Started process (PID=2300) to work on /home/airflow/.local/lib/python3.10/site-packages/airflow/example_dags/example_kubernetes_executor.py
[2023-08-13T15:27:34.300+0000] {processor.py:826} INFO - Processing file /home/airflow/.local/lib/python3.10/site-packages/airflow/example_dags/example_kubernetes_executor.py for tasks to queue
[2023-08-13T15:27:34.301+0000] {logging_mixin.py:149} INFO - [2023-08-13T15:27:34.301+0000] {dagbag.py:541} INFO - Filling up the DagBag from /home/airflow/.local/lib/python3.10/site-packages/airflow/example_dags/example_kubernetes_executor.py
[2023-08-13T15:27:34.453+0000] {processor.py:836} INFO - DAG(s) dict_keys(['example_kubernetes_executor']) retrieved from /home/airflow/.local/lib/python3.10/site-packages/airflow/example_dags/example_kubernetes_executor.py
[2023-08-13T15:27:34.468+0000] {logging_mixin.py:149} INFO - [2023-08-13T15:27:34.468+0000] {dag.py:2726} INFO - Sync 1 DAGs
[2023-08-13T15:27:34.476+0000] {logging_mixin.py:149} INFO - [2023-08-13T15:27:34.476+0000] {dag.py:3486} INFO - Setting next_dagrun for example_kubernetes_executor to None, run_after=None
[2023-08-13T15:27:34.483+0000] {processor.py:179} INFO - Processing /home/airflow/.local/lib/python3.10/site-packages/airflow/example_dags/example_kubernetes_executor.py took 0.185 seconds
[2023-08-13T15:28:04.617+0000] {processor.py:157} INFO - Started process (PID=2378) to work on /home/airflow/.local/lib/python3.10/site-packages/airflow/example_dags/example_kubernetes_executor.py
[2023-08-13T15:28:04.618+0000] {processor.py:826} INFO - Processing file /home/airflow/.local/lib/python3.10/site-packages/airflow/example_dags/example_kubernetes_executor.py for tasks to queue
[2023-08-13T15:28:04.618+0000] {logging_mixin.py:149} INFO - [2023-08-13T15:28:04.618+0000] {dagbag.py:541} INFO - Filling up the DagBag from /home/airflow/.local/lib/python3.10/site-packages/airflow/example_dags/example_kubernetes_executor.py
[2023-08-13T15:28:04.773+0000] {processor.py:836} INFO - DAG(s) dict_keys(['example_kubernetes_executor']) retrieved from /home/airflow/.local/lib/python3.10/site-packages/airflow/example_dags/example_kubernetes_executor.py
[2023-08-13T15:28:04.788+0000] {logging_mixin.py:149} INFO - [2023-08-13T15:28:04.788+0000] {dag.py:2726} INFO - Sync 1 DAGs
[2023-08-13T15:28:04.797+0000] {logging_mixin.py:149} INFO - [2023-08-13T15:28:04.797+0000] {dag.py:3486} INFO - Setting next_dagrun for example_kubernetes_executor to None, run_after=None
[2023-08-13T15:28:04.804+0000] {processor.py:179} INFO - Processing /home/airflow/.local/lib/python3.10/site-packages/airflow/example_dags/example_kubernetes_executor.py took 0.188 seconds
[2023-08-13T15:28:34.983+0000] {processor.py:157} INFO - Started process (PID=2454) to work on /home/airflow/.local/lib/python3.10/site-packages/airflow/example_dags/example_kubernetes_executor.py
[2023-08-13T15:28:34.984+0000] {processor.py:826} INFO - Processing file /home/airflow/.local/lib/python3.10/site-packages/airflow/example_dags/example_kubernetes_executor.py for tasks to queue
[2023-08-13T15:28:34.984+0000] {logging_mixin.py:149} INFO - [2023-08-13T15:28:34.984+0000] {dagbag.py:541} INFO - Filling up the DagBag from /home/airflow/.local/lib/python3.10/site-packages/airflow/example_dags/example_kubernetes_executor.py
[2023-08-13T15:28:35.138+0000] {processor.py:836} INFO - DAG(s) dict_keys(['example_kubernetes_executor']) retrieved from /home/airflow/.local/lib/python3.10/site-packages/airflow/example_dags/example_kubernetes_executor.py
[2023-08-13T15:28:35.153+0000] {logging_mixin.py:149} INFO - [2023-08-13T15:28:35.153+0000] {dag.py:2726} INFO - Sync 1 DAGs
[2023-08-13T15:28:35.162+0000] {logging_mixin.py:149} INFO - [2023-08-13T15:28:35.162+0000] {dag.py:3486} INFO - Setting next_dagrun for example_kubernetes_executor to None, run_after=None
[2023-08-13T15:28:35.168+0000] {processor.py:179} INFO - Processing /home/airflow/.local/lib/python3.10/site-packages/airflow/example_dags/example_kubernetes_executor.py took 0.186 seconds
[2023-08-13T15:29:05.319+0000] {processor.py:157} INFO - Started process (PID=2531) to work on /home/airflow/.local/lib/python3.10/site-packages/airflow/example_dags/example_kubernetes_executor.py
[2023-08-13T15:29:05.319+0000] {processor.py:826} INFO - Processing file /home/airflow/.local/lib/python3.10/site-packages/airflow/example_dags/example_kubernetes_executor.py for tasks to queue
[2023-08-13T15:29:05.319+0000] {logging_mixin.py:149} INFO - [2023-08-13T15:29:05.319+0000] {dagbag.py:541} INFO - Filling up the DagBag from /home/airflow/.local/lib/python3.10/site-packages/airflow/example_dags/example_kubernetes_executor.py
[2023-08-13T15:29:05.472+0000] {processor.py:836} INFO - DAG(s) dict_keys(['example_kubernetes_executor']) retrieved from /home/airflow/.local/lib/python3.10/site-packages/airflow/example_dags/example_kubernetes_executor.py
[2023-08-13T15:29:05.486+0000] {logging_mixin.py:149} INFO - [2023-08-13T15:29:05.486+0000] {dag.py:2726} INFO - Sync 1 DAGs
[2023-08-13T15:29:05.495+0000] {logging_mixin.py:149} INFO - [2023-08-13T15:29:05.495+0000] {dag.py:3486} INFO - Setting next_dagrun for example_kubernetes_executor to None, run_after=None
[2023-08-13T15:29:05.502+0000] {processor.py:179} INFO - Processing /home/airflow/.local/lib/python3.10/site-packages/airflow/example_dags/example_kubernetes_executor.py took 0.185 seconds
