[2023-08-13T14:54:33.286+0000] {processor.py:157} INFO - Started process (PID=26) to work on /home/airflow/.local/lib/python3.10/site-packages/airflow/example_dags/example_time_delta_sensor_async.py
[2023-08-13T14:54:33.287+0000] {processor.py:826} INFO - Processing file /home/airflow/.local/lib/python3.10/site-packages/airflow/example_dags/example_time_delta_sensor_async.py for tasks to queue
[2023-08-13T14:54:33.287+0000] {logging_mixin.py:149} INFO - [2023-08-13T14:54:33.287+0000] {dagbag.py:541} INFO - Filling up the DagBag from /home/airflow/.local/lib/python3.10/site-packages/airflow/example_dags/example_time_delta_sensor_async.py
[2023-08-13T14:54:33.291+0000] {processor.py:836} INFO - DAG(s) dict_keys(['example_time_delta_sensor_async']) retrieved from /home/airflow/.local/lib/python3.10/site-packages/airflow/example_dags/example_time_delta_sensor_async.py
[2023-08-13T14:54:33.299+0000] {logging_mixin.py:149} INFO - [2023-08-13T14:54:33.298+0000] {dag.py:2726} INFO - Sync 1 DAGs
[2023-08-13T14:54:33.313+0000] {logging_mixin.py:149} INFO - [2023-08-13T14:54:33.313+0000] {dag.py:3486} INFO - Setting next_dagrun for example_time_delta_sensor_async to None, run_after=None
[2023-08-13T14:54:33.324+0000] {processor.py:179} INFO - Processing /home/airflow/.local/lib/python3.10/site-packages/airflow/example_dags/example_time_delta_sensor_async.py took 0.040 seconds
[2023-08-13T14:55:03.585+0000] {processor.py:157} INFO - Started process (PID=102) to work on /home/airflow/.local/lib/python3.10/site-packages/airflow/example_dags/example_time_delta_sensor_async.py
[2023-08-13T14:55:03.586+0000] {processor.py:826} INFO - Processing file /home/airflow/.local/lib/python3.10/site-packages/airflow/example_dags/example_time_delta_sensor_async.py for tasks to queue
[2023-08-13T14:55:03.586+0000] {logging_mixin.py:149} INFO - [2023-08-13T14:55:03.586+0000] {dagbag.py:541} INFO - Filling up the DagBag from /home/airflow/.local/lib/python3.10/site-packages/airflow/example_dags/example_time_delta_sensor_async.py
[2023-08-13T14:55:03.588+0000] {processor.py:836} INFO - DAG(s) dict_keys(['example_time_delta_sensor_async']) retrieved from /home/airflow/.local/lib/python3.10/site-packages/airflow/example_dags/example_time_delta_sensor_async.py
[2023-08-13T14:55:03.597+0000] {logging_mixin.py:149} INFO - [2023-08-13T14:55:03.597+0000] {dag.py:2726} INFO - Sync 1 DAGs
[2023-08-13T14:55:03.607+0000] {logging_mixin.py:149} INFO - [2023-08-13T14:55:03.607+0000] {dag.py:3486} INFO - Setting next_dagrun for example_time_delta_sensor_async to None, run_after=None
[2023-08-13T14:55:03.614+0000] {processor.py:179} INFO - Processing /home/airflow/.local/lib/python3.10/site-packages/airflow/example_dags/example_time_delta_sensor_async.py took 0.030 seconds
[2023-08-13T14:55:34.067+0000] {processor.py:157} INFO - Started process (PID=179) to work on /home/airflow/.local/lib/python3.10/site-packages/airflow/example_dags/example_time_delta_sensor_async.py
[2023-08-13T14:55:34.067+0000] {processor.py:826} INFO - Processing file /home/airflow/.local/lib/python3.10/site-packages/airflow/example_dags/example_time_delta_sensor_async.py for tasks to queue
[2023-08-13T14:55:34.067+0000] {logging_mixin.py:149} INFO - [2023-08-13T14:55:34.067+0000] {dagbag.py:541} INFO - Filling up the DagBag from /home/airflow/.local/lib/python3.10/site-packages/airflow/example_dags/example_time_delta_sensor_async.py
[2023-08-13T14:55:34.069+0000] {processor.py:836} INFO - DAG(s) dict_keys(['example_time_delta_sensor_async']) retrieved from /home/airflow/.local/lib/python3.10/site-packages/airflow/example_dags/example_time_delta_sensor_async.py
[2023-08-13T14:55:34.079+0000] {logging_mixin.py:149} INFO - [2023-08-13T14:55:34.079+0000] {dag.py:2726} INFO - Sync 1 DAGs
[2023-08-13T14:55:34.088+0000] {logging_mixin.py:149} INFO - [2023-08-13T14:55:34.088+0000] {dag.py:3486} INFO - Setting next_dagrun for example_time_delta_sensor_async to None, run_after=None
[2023-08-13T14:55:34.095+0000] {processor.py:179} INFO - Processing /home/airflow/.local/lib/python3.10/site-packages/airflow/example_dags/example_time_delta_sensor_async.py took 0.030 seconds
[2023-08-13T14:56:04.405+0000] {processor.py:157} INFO - Started process (PID=256) to work on /home/airflow/.local/lib/python3.10/site-packages/airflow/example_dags/example_time_delta_sensor_async.py
[2023-08-13T14:56:04.405+0000] {processor.py:826} INFO - Processing file /home/airflow/.local/lib/python3.10/site-packages/airflow/example_dags/example_time_delta_sensor_async.py for tasks to queue
[2023-08-13T14:56:04.406+0000] {logging_mixin.py:149} INFO - [2023-08-13T14:56:04.406+0000] {dagbag.py:541} INFO - Filling up the DagBag from /home/airflow/.local/lib/python3.10/site-packages/airflow/example_dags/example_time_delta_sensor_async.py
[2023-08-13T14:56:04.407+0000] {processor.py:836} INFO - DAG(s) dict_keys(['example_time_delta_sensor_async']) retrieved from /home/airflow/.local/lib/python3.10/site-packages/airflow/example_dags/example_time_delta_sensor_async.py
[2023-08-13T14:56:04.417+0000] {logging_mixin.py:149} INFO - [2023-08-13T14:56:04.417+0000] {dag.py:2726} INFO - Sync 1 DAGs
[2023-08-13T14:56:04.426+0000] {logging_mixin.py:149} INFO - [2023-08-13T14:56:04.426+0000] {dag.py:3486} INFO - Setting next_dagrun for example_time_delta_sensor_async to None, run_after=None
[2023-08-13T14:56:04.433+0000] {processor.py:179} INFO - Processing /home/airflow/.local/lib/python3.10/site-packages/airflow/example_dags/example_time_delta_sensor_async.py took 0.029 seconds
[2023-08-13T14:56:34.771+0000] {processor.py:157} INFO - Started process (PID=337) to work on /home/airflow/.local/lib/python3.10/site-packages/airflow/example_dags/example_time_delta_sensor_async.py
[2023-08-13T14:56:34.772+0000] {processor.py:826} INFO - Processing file /home/airflow/.local/lib/python3.10/site-packages/airflow/example_dags/example_time_delta_sensor_async.py for tasks to queue
[2023-08-13T14:56:34.772+0000] {logging_mixin.py:149} INFO - [2023-08-13T14:56:34.772+0000] {dagbag.py:541} INFO - Filling up the DagBag from /home/airflow/.local/lib/python3.10/site-packages/airflow/example_dags/example_time_delta_sensor_async.py
[2023-08-13T14:56:34.773+0000] {processor.py:836} INFO - DAG(s) dict_keys(['example_time_delta_sensor_async']) retrieved from /home/airflow/.local/lib/python3.10/site-packages/airflow/example_dags/example_time_delta_sensor_async.py
[2023-08-13T14:56:34.786+0000] {logging_mixin.py:149} INFO - [2023-08-13T14:56:34.786+0000] {dag.py:2726} INFO - Sync 1 DAGs
[2023-08-13T14:56:34.801+0000] {logging_mixin.py:149} INFO - [2023-08-13T14:56:34.801+0000] {dag.py:3486} INFO - Setting next_dagrun for example_time_delta_sensor_async to None, run_after=None
[2023-08-13T14:56:34.811+0000] {processor.py:179} INFO - Processing /home/airflow/.local/lib/python3.10/site-packages/airflow/example_dags/example_time_delta_sensor_async.py took 0.041 seconds
[2023-08-13T14:57:05.113+0000] {processor.py:157} INFO - Started process (PID=414) to work on /home/airflow/.local/lib/python3.10/site-packages/airflow/example_dags/example_time_delta_sensor_async.py
[2023-08-13T14:57:05.114+0000] {processor.py:826} INFO - Processing file /home/airflow/.local/lib/python3.10/site-packages/airflow/example_dags/example_time_delta_sensor_async.py for tasks to queue
[2023-08-13T14:57:05.114+0000] {logging_mixin.py:149} INFO - [2023-08-13T14:57:05.114+0000] {dagbag.py:541} INFO - Filling up the DagBag from /home/airflow/.local/lib/python3.10/site-packages/airflow/example_dags/example_time_delta_sensor_async.py
[2023-08-13T14:57:05.116+0000] {processor.py:836} INFO - DAG(s) dict_keys(['example_time_delta_sensor_async']) retrieved from /home/airflow/.local/lib/python3.10/site-packages/airflow/example_dags/example_time_delta_sensor_async.py
[2023-08-13T14:57:05.126+0000] {logging_mixin.py:149} INFO - [2023-08-13T14:57:05.126+0000] {dag.py:2726} INFO - Sync 1 DAGs
[2023-08-13T14:57:05.136+0000] {logging_mixin.py:149} INFO - [2023-08-13T14:57:05.136+0000] {dag.py:3486} INFO - Setting next_dagrun for example_time_delta_sensor_async to None, run_after=None
[2023-08-13T14:57:05.143+0000] {processor.py:179} INFO - Processing /home/airflow/.local/lib/python3.10/site-packages/airflow/example_dags/example_time_delta_sensor_async.py took 0.031 seconds
[2023-08-13T14:57:35.527+0000] {processor.py:157} INFO - Started process (PID=491) to work on /home/airflow/.local/lib/python3.10/site-packages/airflow/example_dags/example_time_delta_sensor_async.py
[2023-08-13T14:57:35.528+0000] {processor.py:826} INFO - Processing file /home/airflow/.local/lib/python3.10/site-packages/airflow/example_dags/example_time_delta_sensor_async.py for tasks to queue
[2023-08-13T14:57:35.528+0000] {logging_mixin.py:149} INFO - [2023-08-13T14:57:35.528+0000] {dagbag.py:541} INFO - Filling up the DagBag from /home/airflow/.local/lib/python3.10/site-packages/airflow/example_dags/example_time_delta_sensor_async.py
[2023-08-13T14:57:35.530+0000] {processor.py:836} INFO - DAG(s) dict_keys(['example_time_delta_sensor_async']) retrieved from /home/airflow/.local/lib/python3.10/site-packages/airflow/example_dags/example_time_delta_sensor_async.py
[2023-08-13T14:57:35.540+0000] {logging_mixin.py:149} INFO - [2023-08-13T14:57:35.540+0000] {dag.py:2726} INFO - Sync 1 DAGs
[2023-08-13T14:57:35.549+0000] {logging_mixin.py:149} INFO - [2023-08-13T14:57:35.549+0000] {dag.py:3486} INFO - Setting next_dagrun for example_time_delta_sensor_async to None, run_after=None
[2023-08-13T14:57:35.556+0000] {processor.py:179} INFO - Processing /home/airflow/.local/lib/python3.10/site-packages/airflow/example_dags/example_time_delta_sensor_async.py took 0.030 seconds
[2023-08-13T14:58:05.835+0000] {processor.py:157} INFO - Started process (PID=568) to work on /home/airflow/.local/lib/python3.10/site-packages/airflow/example_dags/example_time_delta_sensor_async.py
[2023-08-13T14:58:05.835+0000] {processor.py:826} INFO - Processing file /home/airflow/.local/lib/python3.10/site-packages/airflow/example_dags/example_time_delta_sensor_async.py for tasks to queue
[2023-08-13T14:58:05.835+0000] {logging_mixin.py:149} INFO - [2023-08-13T14:58:05.835+0000] {dagbag.py:541} INFO - Filling up the DagBag from /home/airflow/.local/lib/python3.10/site-packages/airflow/example_dags/example_time_delta_sensor_async.py
[2023-08-13T14:58:05.837+0000] {processor.py:836} INFO - DAG(s) dict_keys(['example_time_delta_sensor_async']) retrieved from /home/airflow/.local/lib/python3.10/site-packages/airflow/example_dags/example_time_delta_sensor_async.py
[2023-08-13T14:58:05.847+0000] {logging_mixin.py:149} INFO - [2023-08-13T14:58:05.847+0000] {dag.py:2726} INFO - Sync 1 DAGs
[2023-08-13T14:58:05.857+0000] {logging_mixin.py:149} INFO - [2023-08-13T14:58:05.857+0000] {dag.py:3486} INFO - Setting next_dagrun for example_time_delta_sensor_async to None, run_after=None
[2023-08-13T14:58:05.864+0000] {processor.py:179} INFO - Processing /home/airflow/.local/lib/python3.10/site-packages/airflow/example_dags/example_time_delta_sensor_async.py took 0.031 seconds
[2023-08-13T14:58:36.101+0000] {processor.py:157} INFO - Started process (PID=645) to work on /home/airflow/.local/lib/python3.10/site-packages/airflow/example_dags/example_time_delta_sensor_async.py
[2023-08-13T14:58:36.101+0000] {processor.py:826} INFO - Processing file /home/airflow/.local/lib/python3.10/site-packages/airflow/example_dags/example_time_delta_sensor_async.py for tasks to queue
[2023-08-13T14:58:36.101+0000] {logging_mixin.py:149} INFO - [2023-08-13T14:58:36.101+0000] {dagbag.py:541} INFO - Filling up the DagBag from /home/airflow/.local/lib/python3.10/site-packages/airflow/example_dags/example_time_delta_sensor_async.py
[2023-08-13T14:58:36.103+0000] {processor.py:836} INFO - DAG(s) dict_keys(['example_time_delta_sensor_async']) retrieved from /home/airflow/.local/lib/python3.10/site-packages/airflow/example_dags/example_time_delta_sensor_async.py
[2023-08-13T14:58:36.113+0000] {logging_mixin.py:149} INFO - [2023-08-13T14:58:36.113+0000] {dag.py:2726} INFO - Sync 1 DAGs
[2023-08-13T14:58:36.122+0000] {logging_mixin.py:149} INFO - [2023-08-13T14:58:36.122+0000] {dag.py:3486} INFO - Setting next_dagrun for example_time_delta_sensor_async to None, run_after=None
[2023-08-13T14:58:36.129+0000] {processor.py:179} INFO - Processing /home/airflow/.local/lib/python3.10/site-packages/airflow/example_dags/example_time_delta_sensor_async.py took 0.029 seconds
[2023-08-13T14:59:06.423+0000] {processor.py:157} INFO - Started process (PID=722) to work on /home/airflow/.local/lib/python3.10/site-packages/airflow/example_dags/example_time_delta_sensor_async.py
[2023-08-13T14:59:06.424+0000] {processor.py:826} INFO - Processing file /home/airflow/.local/lib/python3.10/site-packages/airflow/example_dags/example_time_delta_sensor_async.py for tasks to queue
[2023-08-13T14:59:06.424+0000] {logging_mixin.py:149} INFO - [2023-08-13T14:59:06.424+0000] {dagbag.py:541} INFO - Filling up the DagBag from /home/airflow/.local/lib/python3.10/site-packages/airflow/example_dags/example_time_delta_sensor_async.py
[2023-08-13T14:59:06.425+0000] {processor.py:836} INFO - DAG(s) dict_keys(['example_time_delta_sensor_async']) retrieved from /home/airflow/.local/lib/python3.10/site-packages/airflow/example_dags/example_time_delta_sensor_async.py
[2023-08-13T14:59:06.435+0000] {logging_mixin.py:149} INFO - [2023-08-13T14:59:06.435+0000] {dag.py:2726} INFO - Sync 1 DAGs
[2023-08-13T14:59:06.446+0000] {logging_mixin.py:149} INFO - [2023-08-13T14:59:06.445+0000] {dag.py:3486} INFO - Setting next_dagrun for example_time_delta_sensor_async to None, run_after=None
[2023-08-13T14:59:06.454+0000] {processor.py:179} INFO - Processing /home/airflow/.local/lib/python3.10/site-packages/airflow/example_dags/example_time_delta_sensor_async.py took 0.032 seconds
[2023-08-13T14:59:36.736+0000] {processor.py:157} INFO - Started process (PID=798) to work on /home/airflow/.local/lib/python3.10/site-packages/airflow/example_dags/example_time_delta_sensor_async.py
[2023-08-13T14:59:36.737+0000] {processor.py:826} INFO - Processing file /home/airflow/.local/lib/python3.10/site-packages/airflow/example_dags/example_time_delta_sensor_async.py for tasks to queue
[2023-08-13T14:59:36.737+0000] {logging_mixin.py:149} INFO - [2023-08-13T14:59:36.737+0000] {dagbag.py:541} INFO - Filling up the DagBag from /home/airflow/.local/lib/python3.10/site-packages/airflow/example_dags/example_time_delta_sensor_async.py
[2023-08-13T14:59:36.739+0000] {processor.py:836} INFO - DAG(s) dict_keys(['example_time_delta_sensor_async']) retrieved from /home/airflow/.local/lib/python3.10/site-packages/airflow/example_dags/example_time_delta_sensor_async.py
[2023-08-13T14:59:36.750+0000] {logging_mixin.py:149} INFO - [2023-08-13T14:59:36.750+0000] {dag.py:2726} INFO - Sync 1 DAGs
[2023-08-13T14:59:36.761+0000] {logging_mixin.py:149} INFO - [2023-08-13T14:59:36.761+0000] {dag.py:3486} INFO - Setting next_dagrun for example_time_delta_sensor_async to None, run_after=None
[2023-08-13T14:59:36.768+0000] {processor.py:179} INFO - Processing /home/airflow/.local/lib/python3.10/site-packages/airflow/example_dags/example_time_delta_sensor_async.py took 0.034 seconds
[2023-08-13T15:00:07.020+0000] {processor.py:157} INFO - Started process (PID=875) to work on /home/airflow/.local/lib/python3.10/site-packages/airflow/example_dags/example_time_delta_sensor_async.py
[2023-08-13T15:00:07.020+0000] {processor.py:826} INFO - Processing file /home/airflow/.local/lib/python3.10/site-packages/airflow/example_dags/example_time_delta_sensor_async.py for tasks to queue
[2023-08-13T15:00:07.020+0000] {logging_mixin.py:149} INFO - [2023-08-13T15:00:07.020+0000] {dagbag.py:541} INFO - Filling up the DagBag from /home/airflow/.local/lib/python3.10/site-packages/airflow/example_dags/example_time_delta_sensor_async.py
[2023-08-13T15:00:07.022+0000] {processor.py:836} INFO - DAG(s) dict_keys(['example_time_delta_sensor_async']) retrieved from /home/airflow/.local/lib/python3.10/site-packages/airflow/example_dags/example_time_delta_sensor_async.py
[2023-08-13T15:00:07.032+0000] {logging_mixin.py:149} INFO - [2023-08-13T15:00:07.032+0000] {dag.py:2726} INFO - Sync 1 DAGs
[2023-08-13T15:00:07.043+0000] {logging_mixin.py:149} INFO - [2023-08-13T15:00:07.042+0000] {dag.py:3486} INFO - Setting next_dagrun for example_time_delta_sensor_async to None, run_after=None
[2023-08-13T15:00:07.051+0000] {processor.py:179} INFO - Processing /home/airflow/.local/lib/python3.10/site-packages/airflow/example_dags/example_time_delta_sensor_async.py took 0.033 seconds
[2023-08-13T15:00:37.489+0000] {processor.py:157} INFO - Started process (PID=951) to work on /home/airflow/.local/lib/python3.10/site-packages/airflow/example_dags/example_time_delta_sensor_async.py
[2023-08-13T15:00:37.489+0000] {processor.py:826} INFO - Processing file /home/airflow/.local/lib/python3.10/site-packages/airflow/example_dags/example_time_delta_sensor_async.py for tasks to queue
[2023-08-13T15:00:37.490+0000] {logging_mixin.py:149} INFO - [2023-08-13T15:00:37.490+0000] {dagbag.py:541} INFO - Filling up the DagBag from /home/airflow/.local/lib/python3.10/site-packages/airflow/example_dags/example_time_delta_sensor_async.py
[2023-08-13T15:00:37.491+0000] {processor.py:836} INFO - DAG(s) dict_keys(['example_time_delta_sensor_async']) retrieved from /home/airflow/.local/lib/python3.10/site-packages/airflow/example_dags/example_time_delta_sensor_async.py
[2023-08-13T15:00:37.501+0000] {logging_mixin.py:149} INFO - [2023-08-13T15:00:37.501+0000] {dag.py:2726} INFO - Sync 1 DAGs
[2023-08-13T15:00:37.510+0000] {logging_mixin.py:149} INFO - [2023-08-13T15:00:37.510+0000] {dag.py:3486} INFO - Setting next_dagrun for example_time_delta_sensor_async to None, run_after=None
[2023-08-13T15:00:37.517+0000] {processor.py:179} INFO - Processing /home/airflow/.local/lib/python3.10/site-packages/airflow/example_dags/example_time_delta_sensor_async.py took 0.030 seconds
[2023-08-13T15:01:07.854+0000] {processor.py:157} INFO - Started process (PID=1028) to work on /home/airflow/.local/lib/python3.10/site-packages/airflow/example_dags/example_time_delta_sensor_async.py
[2023-08-13T15:01:07.854+0000] {processor.py:826} INFO - Processing file /home/airflow/.local/lib/python3.10/site-packages/airflow/example_dags/example_time_delta_sensor_async.py for tasks to queue
[2023-08-13T15:01:07.854+0000] {logging_mixin.py:149} INFO - [2023-08-13T15:01:07.854+0000] {dagbag.py:541} INFO - Filling up the DagBag from /home/airflow/.local/lib/python3.10/site-packages/airflow/example_dags/example_time_delta_sensor_async.py
[2023-08-13T15:01:07.856+0000] {processor.py:836} INFO - DAG(s) dict_keys(['example_time_delta_sensor_async']) retrieved from /home/airflow/.local/lib/python3.10/site-packages/airflow/example_dags/example_time_delta_sensor_async.py
[2023-08-13T15:01:07.867+0000] {logging_mixin.py:149} INFO - [2023-08-13T15:01:07.867+0000] {dag.py:2726} INFO - Sync 1 DAGs
[2023-08-13T15:01:07.876+0000] {logging_mixin.py:149} INFO - [2023-08-13T15:01:07.876+0000] {dag.py:3486} INFO - Setting next_dagrun for example_time_delta_sensor_async to None, run_after=None
[2023-08-13T15:01:07.883+0000] {processor.py:179} INFO - Processing /home/airflow/.local/lib/python3.10/site-packages/airflow/example_dags/example_time_delta_sensor_async.py took 0.031 seconds
[2023-08-13T15:01:38.139+0000] {processor.py:157} INFO - Started process (PID=1105) to work on /home/airflow/.local/lib/python3.10/site-packages/airflow/example_dags/example_time_delta_sensor_async.py
[2023-08-13T15:01:38.139+0000] {processor.py:826} INFO - Processing file /home/airflow/.local/lib/python3.10/site-packages/airflow/example_dags/example_time_delta_sensor_async.py for tasks to queue
[2023-08-13T15:01:38.140+0000] {logging_mixin.py:149} INFO - [2023-08-13T15:01:38.140+0000] {dagbag.py:541} INFO - Filling up the DagBag from /home/airflow/.local/lib/python3.10/site-packages/airflow/example_dags/example_time_delta_sensor_async.py
[2023-08-13T15:01:38.141+0000] {processor.py:836} INFO - DAG(s) dict_keys(['example_time_delta_sensor_async']) retrieved from /home/airflow/.local/lib/python3.10/site-packages/airflow/example_dags/example_time_delta_sensor_async.py
[2023-08-13T15:01:38.151+0000] {logging_mixin.py:149} INFO - [2023-08-13T15:01:38.150+0000] {dag.py:2726} INFO - Sync 1 DAGs
[2023-08-13T15:01:38.160+0000] {logging_mixin.py:149} INFO - [2023-08-13T15:01:38.160+0000] {dag.py:3486} INFO - Setting next_dagrun for example_time_delta_sensor_async to None, run_after=None
[2023-08-13T15:01:38.167+0000] {processor.py:179} INFO - Processing /home/airflow/.local/lib/python3.10/site-packages/airflow/example_dags/example_time_delta_sensor_async.py took 0.030 seconds
[2023-08-13T15:02:08.453+0000] {processor.py:157} INFO - Started process (PID=1182) to work on /home/airflow/.local/lib/python3.10/site-packages/airflow/example_dags/example_time_delta_sensor_async.py
[2023-08-13T15:02:08.453+0000] {processor.py:826} INFO - Processing file /home/airflow/.local/lib/python3.10/site-packages/airflow/example_dags/example_time_delta_sensor_async.py for tasks to queue
[2023-08-13T15:02:08.453+0000] {logging_mixin.py:149} INFO - [2023-08-13T15:02:08.453+0000] {dagbag.py:541} INFO - Filling up the DagBag from /home/airflow/.local/lib/python3.10/site-packages/airflow/example_dags/example_time_delta_sensor_async.py
[2023-08-13T15:02:08.455+0000] {processor.py:836} INFO - DAG(s) dict_keys(['example_time_delta_sensor_async']) retrieved from /home/airflow/.local/lib/python3.10/site-packages/airflow/example_dags/example_time_delta_sensor_async.py
[2023-08-13T15:02:08.465+0000] {logging_mixin.py:149} INFO - [2023-08-13T15:02:08.464+0000] {dag.py:2726} INFO - Sync 1 DAGs
[2023-08-13T15:02:08.474+0000] {logging_mixin.py:149} INFO - [2023-08-13T15:02:08.474+0000] {dag.py:3486} INFO - Setting next_dagrun for example_time_delta_sensor_async to None, run_after=None
[2023-08-13T15:02:08.481+0000] {processor.py:179} INFO - Processing /home/airflow/.local/lib/python3.10/site-packages/airflow/example_dags/example_time_delta_sensor_async.py took 0.030 seconds
[2023-08-13T15:02:38.750+0000] {processor.py:157} INFO - Started process (PID=1259) to work on /home/airflow/.local/lib/python3.10/site-packages/airflow/example_dags/example_time_delta_sensor_async.py
[2023-08-13T15:02:38.750+0000] {processor.py:826} INFO - Processing file /home/airflow/.local/lib/python3.10/site-packages/airflow/example_dags/example_time_delta_sensor_async.py for tasks to queue
[2023-08-13T15:02:38.750+0000] {logging_mixin.py:149} INFO - [2023-08-13T15:02:38.750+0000] {dagbag.py:541} INFO - Filling up the DagBag from /home/airflow/.local/lib/python3.10/site-packages/airflow/example_dags/example_time_delta_sensor_async.py
[2023-08-13T15:02:38.752+0000] {processor.py:836} INFO - DAG(s) dict_keys(['example_time_delta_sensor_async']) retrieved from /home/airflow/.local/lib/python3.10/site-packages/airflow/example_dags/example_time_delta_sensor_async.py
[2023-08-13T15:02:38.762+0000] {logging_mixin.py:149} INFO - [2023-08-13T15:02:38.762+0000] {dag.py:2726} INFO - Sync 1 DAGs
[2023-08-13T15:02:38.772+0000] {logging_mixin.py:149} INFO - [2023-08-13T15:02:38.772+0000] {dag.py:3486} INFO - Setting next_dagrun for example_time_delta_sensor_async to None, run_after=None
[2023-08-13T15:02:38.778+0000] {processor.py:179} INFO - Processing /home/airflow/.local/lib/python3.10/site-packages/airflow/example_dags/example_time_delta_sensor_async.py took 0.030 seconds
[2023-08-13T15:03:09.068+0000] {processor.py:157} INFO - Started process (PID=1336) to work on /home/airflow/.local/lib/python3.10/site-packages/airflow/example_dags/example_time_delta_sensor_async.py
[2023-08-13T15:03:09.068+0000] {processor.py:826} INFO - Processing file /home/airflow/.local/lib/python3.10/site-packages/airflow/example_dags/example_time_delta_sensor_async.py for tasks to queue
[2023-08-13T15:03:09.068+0000] {logging_mixin.py:149} INFO - [2023-08-13T15:03:09.068+0000] {dagbag.py:541} INFO - Filling up the DagBag from /home/airflow/.local/lib/python3.10/site-packages/airflow/example_dags/example_time_delta_sensor_async.py
[2023-08-13T15:03:09.070+0000] {processor.py:836} INFO - DAG(s) dict_keys(['example_time_delta_sensor_async']) retrieved from /home/airflow/.local/lib/python3.10/site-packages/airflow/example_dags/example_time_delta_sensor_async.py
[2023-08-13T15:03:09.080+0000] {logging_mixin.py:149} INFO - [2023-08-13T15:03:09.080+0000] {dag.py:2726} INFO - Sync 1 DAGs
[2023-08-13T15:03:09.090+0000] {logging_mixin.py:149} INFO - [2023-08-13T15:03:09.089+0000] {dag.py:3486} INFO - Setting next_dagrun for example_time_delta_sensor_async to None, run_after=None
[2023-08-13T15:03:09.096+0000] {processor.py:179} INFO - Processing /home/airflow/.local/lib/python3.10/site-packages/airflow/example_dags/example_time_delta_sensor_async.py took 0.030 seconds
[2023-08-13T15:03:39.355+0000] {processor.py:157} INFO - Started process (PID=1413) to work on /home/airflow/.local/lib/python3.10/site-packages/airflow/example_dags/example_time_delta_sensor_async.py
[2023-08-13T15:03:39.355+0000] {processor.py:826} INFO - Processing file /home/airflow/.local/lib/python3.10/site-packages/airflow/example_dags/example_time_delta_sensor_async.py for tasks to queue
[2023-08-13T15:03:39.356+0000] {logging_mixin.py:149} INFO - [2023-08-13T15:03:39.356+0000] {dagbag.py:541} INFO - Filling up the DagBag from /home/airflow/.local/lib/python3.10/site-packages/airflow/example_dags/example_time_delta_sensor_async.py
[2023-08-13T15:03:39.358+0000] {processor.py:836} INFO - DAG(s) dict_keys(['example_time_delta_sensor_async']) retrieved from /home/airflow/.local/lib/python3.10/site-packages/airflow/example_dags/example_time_delta_sensor_async.py
[2023-08-13T15:03:39.367+0000] {logging_mixin.py:149} INFO - [2023-08-13T15:03:39.367+0000] {dag.py:2726} INFO - Sync 1 DAGs
[2023-08-13T15:03:39.376+0000] {logging_mixin.py:149} INFO - [2023-08-13T15:03:39.376+0000] {dag.py:3486} INFO - Setting next_dagrun for example_time_delta_sensor_async to None, run_after=None
[2023-08-13T15:03:39.383+0000] {processor.py:179} INFO - Processing /home/airflow/.local/lib/python3.10/site-packages/airflow/example_dags/example_time_delta_sensor_async.py took 0.029 seconds
[2023-08-13T15:04:09.650+0000] {processor.py:157} INFO - Started process (PID=1490) to work on /home/airflow/.local/lib/python3.10/site-packages/airflow/example_dags/example_time_delta_sensor_async.py
[2023-08-13T15:04:09.650+0000] {processor.py:826} INFO - Processing file /home/airflow/.local/lib/python3.10/site-packages/airflow/example_dags/example_time_delta_sensor_async.py for tasks to queue
[2023-08-13T15:04:09.651+0000] {logging_mixin.py:149} INFO - [2023-08-13T15:04:09.651+0000] {dagbag.py:541} INFO - Filling up the DagBag from /home/airflow/.local/lib/python3.10/site-packages/airflow/example_dags/example_time_delta_sensor_async.py
[2023-08-13T15:04:09.652+0000] {processor.py:836} INFO - DAG(s) dict_keys(['example_time_delta_sensor_async']) retrieved from /home/airflow/.local/lib/python3.10/site-packages/airflow/example_dags/example_time_delta_sensor_async.py
[2023-08-13T15:04:09.662+0000] {logging_mixin.py:149} INFO - [2023-08-13T15:04:09.662+0000] {dag.py:2726} INFO - Sync 1 DAGs
[2023-08-13T15:04:09.672+0000] {logging_mixin.py:149} INFO - [2023-08-13T15:04:09.672+0000] {dag.py:3486} INFO - Setting next_dagrun for example_time_delta_sensor_async to None, run_after=None
[2023-08-13T15:04:09.679+0000] {processor.py:179} INFO - Processing /home/airflow/.local/lib/python3.10/site-packages/airflow/example_dags/example_time_delta_sensor_async.py took 0.030 seconds
[2023-08-13T15:04:39.932+0000] {processor.py:157} INFO - Started process (PID=1567) to work on /home/airflow/.local/lib/python3.10/site-packages/airflow/example_dags/example_time_delta_sensor_async.py
[2023-08-13T15:04:39.932+0000] {processor.py:826} INFO - Processing file /home/airflow/.local/lib/python3.10/site-packages/airflow/example_dags/example_time_delta_sensor_async.py for tasks to queue
[2023-08-13T15:04:39.932+0000] {logging_mixin.py:149} INFO - [2023-08-13T15:04:39.932+0000] {dagbag.py:541} INFO - Filling up the DagBag from /home/airflow/.local/lib/python3.10/site-packages/airflow/example_dags/example_time_delta_sensor_async.py
[2023-08-13T15:04:39.934+0000] {processor.py:836} INFO - DAG(s) dict_keys(['example_time_delta_sensor_async']) retrieved from /home/airflow/.local/lib/python3.10/site-packages/airflow/example_dags/example_time_delta_sensor_async.py
[2023-08-13T15:04:39.944+0000] {logging_mixin.py:149} INFO - [2023-08-13T15:04:39.944+0000] {dag.py:2726} INFO - Sync 1 DAGs
[2023-08-13T15:04:39.953+0000] {logging_mixin.py:149} INFO - [2023-08-13T15:04:39.953+0000] {dag.py:3486} INFO - Setting next_dagrun for example_time_delta_sensor_async to None, run_after=None
[2023-08-13T15:04:39.960+0000] {processor.py:179} INFO - Processing /home/airflow/.local/lib/python3.10/site-packages/airflow/example_dags/example_time_delta_sensor_async.py took 0.030 seconds
[2023-08-13T15:05:10.188+0000] {processor.py:157} INFO - Started process (PID=1644) to work on /home/airflow/.local/lib/python3.10/site-packages/airflow/example_dags/example_time_delta_sensor_async.py
[2023-08-13T15:05:10.189+0000] {processor.py:826} INFO - Processing file /home/airflow/.local/lib/python3.10/site-packages/airflow/example_dags/example_time_delta_sensor_async.py for tasks to queue
[2023-08-13T15:05:10.189+0000] {logging_mixin.py:149} INFO - [2023-08-13T15:05:10.189+0000] {dagbag.py:541} INFO - Filling up the DagBag from /home/airflow/.local/lib/python3.10/site-packages/airflow/example_dags/example_time_delta_sensor_async.py
[2023-08-13T15:05:10.191+0000] {processor.py:836} INFO - DAG(s) dict_keys(['example_time_delta_sensor_async']) retrieved from /home/airflow/.local/lib/python3.10/site-packages/airflow/example_dags/example_time_delta_sensor_async.py
[2023-08-13T15:05:10.200+0000] {logging_mixin.py:149} INFO - [2023-08-13T15:05:10.200+0000] {dag.py:2726} INFO - Sync 1 DAGs
[2023-08-13T15:05:10.209+0000] {logging_mixin.py:149} INFO - [2023-08-13T15:05:10.209+0000] {dag.py:3486} INFO - Setting next_dagrun for example_time_delta_sensor_async to None, run_after=None
[2023-08-13T15:05:10.216+0000] {processor.py:179} INFO - Processing /home/airflow/.local/lib/python3.10/site-packages/airflow/example_dags/example_time_delta_sensor_async.py took 0.029 seconds
[2023-08-13T15:05:40.461+0000] {processor.py:157} INFO - Started process (PID=1721) to work on /home/airflow/.local/lib/python3.10/site-packages/airflow/example_dags/example_time_delta_sensor_async.py
[2023-08-13T15:05:40.461+0000] {processor.py:826} INFO - Processing file /home/airflow/.local/lib/python3.10/site-packages/airflow/example_dags/example_time_delta_sensor_async.py for tasks to queue
[2023-08-13T15:05:40.462+0000] {logging_mixin.py:149} INFO - [2023-08-13T15:05:40.462+0000] {dagbag.py:541} INFO - Filling up the DagBag from /home/airflow/.local/lib/python3.10/site-packages/airflow/example_dags/example_time_delta_sensor_async.py
[2023-08-13T15:05:40.464+0000] {processor.py:836} INFO - DAG(s) dict_keys(['example_time_delta_sensor_async']) retrieved from /home/airflow/.local/lib/python3.10/site-packages/airflow/example_dags/example_time_delta_sensor_async.py
[2023-08-13T15:05:40.473+0000] {logging_mixin.py:149} INFO - [2023-08-13T15:05:40.473+0000] {dag.py:2726} INFO - Sync 1 DAGs
[2023-08-13T15:05:40.483+0000] {logging_mixin.py:149} INFO - [2023-08-13T15:05:40.483+0000] {dag.py:3486} INFO - Setting next_dagrun for example_time_delta_sensor_async to None, run_after=None
[2023-08-13T15:05:40.490+0000] {processor.py:179} INFO - Processing /home/airflow/.local/lib/python3.10/site-packages/airflow/example_dags/example_time_delta_sensor_async.py took 0.030 seconds
[2023-08-13T15:06:10.880+0000] {processor.py:157} INFO - Started process (PID=1798) to work on /home/airflow/.local/lib/python3.10/site-packages/airflow/example_dags/example_time_delta_sensor_async.py
[2023-08-13T15:06:10.881+0000] {processor.py:826} INFO - Processing file /home/airflow/.local/lib/python3.10/site-packages/airflow/example_dags/example_time_delta_sensor_async.py for tasks to queue
[2023-08-13T15:06:10.881+0000] {logging_mixin.py:149} INFO - [2023-08-13T15:06:10.881+0000] {dagbag.py:541} INFO - Filling up the DagBag from /home/airflow/.local/lib/python3.10/site-packages/airflow/example_dags/example_time_delta_sensor_async.py
[2023-08-13T15:06:10.883+0000] {processor.py:836} INFO - DAG(s) dict_keys(['example_time_delta_sensor_async']) retrieved from /home/airflow/.local/lib/python3.10/site-packages/airflow/example_dags/example_time_delta_sensor_async.py
[2023-08-13T15:06:10.892+0000] {logging_mixin.py:149} INFO - [2023-08-13T15:06:10.892+0000] {dag.py:2726} INFO - Sync 1 DAGs
[2023-08-13T15:06:10.901+0000] {logging_mixin.py:149} INFO - [2023-08-13T15:06:10.901+0000] {dag.py:3486} INFO - Setting next_dagrun for example_time_delta_sensor_async to None, run_after=None
[2023-08-13T15:06:10.909+0000] {processor.py:179} INFO - Processing /home/airflow/.local/lib/python3.10/site-packages/airflow/example_dags/example_time_delta_sensor_async.py took 0.030 seconds
[2023-08-13T15:06:41.222+0000] {processor.py:157} INFO - Started process (PID=1875) to work on /home/airflow/.local/lib/python3.10/site-packages/airflow/example_dags/example_time_delta_sensor_async.py
[2023-08-13T15:06:41.222+0000] {processor.py:826} INFO - Processing file /home/airflow/.local/lib/python3.10/site-packages/airflow/example_dags/example_time_delta_sensor_async.py for tasks to queue
[2023-08-13T15:06:41.223+0000] {logging_mixin.py:149} INFO - [2023-08-13T15:06:41.223+0000] {dagbag.py:541} INFO - Filling up the DagBag from /home/airflow/.local/lib/python3.10/site-packages/airflow/example_dags/example_time_delta_sensor_async.py
[2023-08-13T15:06:41.225+0000] {processor.py:836} INFO - DAG(s) dict_keys(['example_time_delta_sensor_async']) retrieved from /home/airflow/.local/lib/python3.10/site-packages/airflow/example_dags/example_time_delta_sensor_async.py
[2023-08-13T15:06:41.234+0000] {logging_mixin.py:149} INFO - [2023-08-13T15:06:41.234+0000] {dag.py:2726} INFO - Sync 1 DAGs
[2023-08-13T15:06:41.244+0000] {logging_mixin.py:149} INFO - [2023-08-13T15:06:41.244+0000] {dag.py:3486} INFO - Setting next_dagrun for example_time_delta_sensor_async to None, run_after=None
[2023-08-13T15:06:41.251+0000] {processor.py:179} INFO - Processing /home/airflow/.local/lib/python3.10/site-packages/airflow/example_dags/example_time_delta_sensor_async.py took 0.030 seconds
[2023-08-13T15:07:11.622+0000] {processor.py:157} INFO - Started process (PID=1951) to work on /home/airflow/.local/lib/python3.10/site-packages/airflow/example_dags/example_time_delta_sensor_async.py
[2023-08-13T15:07:11.623+0000] {processor.py:826} INFO - Processing file /home/airflow/.local/lib/python3.10/site-packages/airflow/example_dags/example_time_delta_sensor_async.py for tasks to queue
[2023-08-13T15:07:11.623+0000] {logging_mixin.py:149} INFO - [2023-08-13T15:07:11.623+0000] {dagbag.py:541} INFO - Filling up the DagBag from /home/airflow/.local/lib/python3.10/site-packages/airflow/example_dags/example_time_delta_sensor_async.py
[2023-08-13T15:07:11.625+0000] {processor.py:836} INFO - DAG(s) dict_keys(['example_time_delta_sensor_async']) retrieved from /home/airflow/.local/lib/python3.10/site-packages/airflow/example_dags/example_time_delta_sensor_async.py
[2023-08-13T15:07:11.634+0000] {logging_mixin.py:149} INFO - [2023-08-13T15:07:11.634+0000] {dag.py:2726} INFO - Sync 1 DAGs
[2023-08-13T15:07:11.644+0000] {logging_mixin.py:149} INFO - [2023-08-13T15:07:11.644+0000] {dag.py:3486} INFO - Setting next_dagrun for example_time_delta_sensor_async to None, run_after=None
[2023-08-13T15:07:11.652+0000] {processor.py:179} INFO - Processing /home/airflow/.local/lib/python3.10/site-packages/airflow/example_dags/example_time_delta_sensor_async.py took 0.031 seconds
[2023-08-13T15:07:42.111+0000] {processor.py:157} INFO - Started process (PID=2028) to work on /home/airflow/.local/lib/python3.10/site-packages/airflow/example_dags/example_time_delta_sensor_async.py
[2023-08-13T15:07:42.111+0000] {processor.py:826} INFO - Processing file /home/airflow/.local/lib/python3.10/site-packages/airflow/example_dags/example_time_delta_sensor_async.py for tasks to queue
[2023-08-13T15:07:42.111+0000] {logging_mixin.py:149} INFO - [2023-08-13T15:07:42.111+0000] {dagbag.py:541} INFO - Filling up the DagBag from /home/airflow/.local/lib/python3.10/site-packages/airflow/example_dags/example_time_delta_sensor_async.py
[2023-08-13T15:07:42.113+0000] {processor.py:836} INFO - DAG(s) dict_keys(['example_time_delta_sensor_async']) retrieved from /home/airflow/.local/lib/python3.10/site-packages/airflow/example_dags/example_time_delta_sensor_async.py
[2023-08-13T15:07:42.124+0000] {logging_mixin.py:149} INFO - [2023-08-13T15:07:42.123+0000] {dag.py:2726} INFO - Sync 1 DAGs
[2023-08-13T15:07:42.133+0000] {logging_mixin.py:149} INFO - [2023-08-13T15:07:42.133+0000] {dag.py:3486} INFO - Setting next_dagrun for example_time_delta_sensor_async to None, run_after=None
[2023-08-13T15:07:42.141+0000] {processor.py:179} INFO - Processing /home/airflow/.local/lib/python3.10/site-packages/airflow/example_dags/example_time_delta_sensor_async.py took 0.032 seconds
[2023-08-13T15:08:12.575+0000] {processor.py:157} INFO - Started process (PID=2105) to work on /home/airflow/.local/lib/python3.10/site-packages/airflow/example_dags/example_time_delta_sensor_async.py
[2023-08-13T15:08:12.576+0000] {processor.py:826} INFO - Processing file /home/airflow/.local/lib/python3.10/site-packages/airflow/example_dags/example_time_delta_sensor_async.py for tasks to queue
[2023-08-13T15:08:12.576+0000] {logging_mixin.py:149} INFO - [2023-08-13T15:08:12.576+0000] {dagbag.py:541} INFO - Filling up the DagBag from /home/airflow/.local/lib/python3.10/site-packages/airflow/example_dags/example_time_delta_sensor_async.py
[2023-08-13T15:08:12.578+0000] {processor.py:836} INFO - DAG(s) dict_keys(['example_time_delta_sensor_async']) retrieved from /home/airflow/.local/lib/python3.10/site-packages/airflow/example_dags/example_time_delta_sensor_async.py
[2023-08-13T15:08:12.587+0000] {logging_mixin.py:149} INFO - [2023-08-13T15:08:12.587+0000] {dag.py:2726} INFO - Sync 1 DAGs
[2023-08-13T15:08:12.596+0000] {logging_mixin.py:149} INFO - [2023-08-13T15:08:12.596+0000] {dag.py:3486} INFO - Setting next_dagrun for example_time_delta_sensor_async to None, run_after=None
[2023-08-13T15:08:12.603+0000] {processor.py:179} INFO - Processing /home/airflow/.local/lib/python3.10/site-packages/airflow/example_dags/example_time_delta_sensor_async.py took 0.030 seconds
[2023-08-13T15:08:43.014+0000] {processor.py:157} INFO - Started process (PID=2182) to work on /home/airflow/.local/lib/python3.10/site-packages/airflow/example_dags/example_time_delta_sensor_async.py
[2023-08-13T15:08:43.014+0000] {processor.py:826} INFO - Processing file /home/airflow/.local/lib/python3.10/site-packages/airflow/example_dags/example_time_delta_sensor_async.py for tasks to queue
[2023-08-13T15:08:43.015+0000] {logging_mixin.py:149} INFO - [2023-08-13T15:08:43.015+0000] {dagbag.py:541} INFO - Filling up the DagBag from /home/airflow/.local/lib/python3.10/site-packages/airflow/example_dags/example_time_delta_sensor_async.py
[2023-08-13T15:08:43.017+0000] {processor.py:836} INFO - DAG(s) dict_keys(['example_time_delta_sensor_async']) retrieved from /home/airflow/.local/lib/python3.10/site-packages/airflow/example_dags/example_time_delta_sensor_async.py
[2023-08-13T15:08:43.026+0000] {logging_mixin.py:149} INFO - [2023-08-13T15:08:43.026+0000] {dag.py:2726} INFO - Sync 1 DAGs
[2023-08-13T15:08:43.035+0000] {logging_mixin.py:149} INFO - [2023-08-13T15:08:43.035+0000] {dag.py:3486} INFO - Setting next_dagrun for example_time_delta_sensor_async to None, run_after=None
[2023-08-13T15:08:43.042+0000] {processor.py:179} INFO - Processing /home/airflow/.local/lib/python3.10/site-packages/airflow/example_dags/example_time_delta_sensor_async.py took 0.029 seconds
[2023-08-13T15:12:52.930+0000] {processor.py:157} INFO - Started process (PID=26) to work on /home/airflow/.local/lib/python3.10/site-packages/airflow/example_dags/example_time_delta_sensor_async.py
[2023-08-13T15:12:52.930+0000] {processor.py:826} INFO - Processing file /home/airflow/.local/lib/python3.10/site-packages/airflow/example_dags/example_time_delta_sensor_async.py for tasks to queue
[2023-08-13T15:12:52.930+0000] {logging_mixin.py:149} INFO - [2023-08-13T15:12:52.930+0000] {dagbag.py:541} INFO - Filling up the DagBag from /home/airflow/.local/lib/python3.10/site-packages/airflow/example_dags/example_time_delta_sensor_async.py
[2023-08-13T15:12:52.933+0000] {processor.py:836} INFO - DAG(s) dict_keys(['example_time_delta_sensor_async']) retrieved from /home/airflow/.local/lib/python3.10/site-packages/airflow/example_dags/example_time_delta_sensor_async.py
[2023-08-13T15:12:52.939+0000] {logging_mixin.py:149} INFO - [2023-08-13T15:12:52.939+0000] {dag.py:2726} INFO - Sync 1 DAGs
[2023-08-13T15:12:52.949+0000] {logging_mixin.py:149} INFO - [2023-08-13T15:12:52.949+0000] {dag.py:3486} INFO - Setting next_dagrun for example_time_delta_sensor_async to None, run_after=None
[2023-08-13T15:12:52.957+0000] {processor.py:179} INFO - Processing /home/airflow/.local/lib/python3.10/site-packages/airflow/example_dags/example_time_delta_sensor_async.py took 0.029 seconds
[2023-08-13T15:13:23.299+0000] {processor.py:157} INFO - Started process (PID=103) to work on /home/airflow/.local/lib/python3.10/site-packages/airflow/example_dags/example_time_delta_sensor_async.py
[2023-08-13T15:13:23.300+0000] {processor.py:826} INFO - Processing file /home/airflow/.local/lib/python3.10/site-packages/airflow/example_dags/example_time_delta_sensor_async.py for tasks to queue
[2023-08-13T15:13:23.300+0000] {logging_mixin.py:149} INFO - [2023-08-13T15:13:23.300+0000] {dagbag.py:541} INFO - Filling up the DagBag from /home/airflow/.local/lib/python3.10/site-packages/airflow/example_dags/example_time_delta_sensor_async.py
[2023-08-13T15:13:23.302+0000] {processor.py:836} INFO - DAG(s) dict_keys(['example_time_delta_sensor_async']) retrieved from /home/airflow/.local/lib/python3.10/site-packages/airflow/example_dags/example_time_delta_sensor_async.py
[2023-08-13T15:13:23.311+0000] {logging_mixin.py:149} INFO - [2023-08-13T15:13:23.311+0000] {dag.py:2726} INFO - Sync 1 DAGs
[2023-08-13T15:13:23.321+0000] {logging_mixin.py:149} INFO - [2023-08-13T15:13:23.321+0000] {dag.py:3486} INFO - Setting next_dagrun for example_time_delta_sensor_async to None, run_after=None
[2023-08-13T15:13:23.328+0000] {processor.py:179} INFO - Processing /home/airflow/.local/lib/python3.10/site-packages/airflow/example_dags/example_time_delta_sensor_async.py took 0.030 seconds
[2023-08-13T15:13:53.670+0000] {processor.py:157} INFO - Started process (PID=180) to work on /home/airflow/.local/lib/python3.10/site-packages/airflow/example_dags/example_time_delta_sensor_async.py
[2023-08-13T15:13:53.670+0000] {processor.py:826} INFO - Processing file /home/airflow/.local/lib/python3.10/site-packages/airflow/example_dags/example_time_delta_sensor_async.py for tasks to queue
[2023-08-13T15:13:53.670+0000] {logging_mixin.py:149} INFO - [2023-08-13T15:13:53.670+0000] {dagbag.py:541} INFO - Filling up the DagBag from /home/airflow/.local/lib/python3.10/site-packages/airflow/example_dags/example_time_delta_sensor_async.py
[2023-08-13T15:13:53.672+0000] {processor.py:836} INFO - DAG(s) dict_keys(['example_time_delta_sensor_async']) retrieved from /home/airflow/.local/lib/python3.10/site-packages/airflow/example_dags/example_time_delta_sensor_async.py
[2023-08-13T15:13:53.681+0000] {logging_mixin.py:149} INFO - [2023-08-13T15:13:53.681+0000] {dag.py:2726} INFO - Sync 1 DAGs
[2023-08-13T15:13:53.691+0000] {logging_mixin.py:149} INFO - [2023-08-13T15:13:53.691+0000] {dag.py:3486} INFO - Setting next_dagrun for example_time_delta_sensor_async to None, run_after=None
[2023-08-13T15:13:53.698+0000] {processor.py:179} INFO - Processing /home/airflow/.local/lib/python3.10/site-packages/airflow/example_dags/example_time_delta_sensor_async.py took 0.030 seconds
[2023-08-13T15:14:24.092+0000] {processor.py:157} INFO - Started process (PID=257) to work on /home/airflow/.local/lib/python3.10/site-packages/airflow/example_dags/example_time_delta_sensor_async.py
[2023-08-13T15:14:24.092+0000] {processor.py:826} INFO - Processing file /home/airflow/.local/lib/python3.10/site-packages/airflow/example_dags/example_time_delta_sensor_async.py for tasks to queue
[2023-08-13T15:14:24.092+0000] {logging_mixin.py:149} INFO - [2023-08-13T15:14:24.092+0000] {dagbag.py:541} INFO - Filling up the DagBag from /home/airflow/.local/lib/python3.10/site-packages/airflow/example_dags/example_time_delta_sensor_async.py
[2023-08-13T15:14:24.094+0000] {processor.py:836} INFO - DAG(s) dict_keys(['example_time_delta_sensor_async']) retrieved from /home/airflow/.local/lib/python3.10/site-packages/airflow/example_dags/example_time_delta_sensor_async.py
[2023-08-13T15:14:24.104+0000] {logging_mixin.py:149} INFO - [2023-08-13T15:14:24.104+0000] {dag.py:2726} INFO - Sync 1 DAGs
[2023-08-13T15:14:24.113+0000] {logging_mixin.py:149} INFO - [2023-08-13T15:14:24.113+0000] {dag.py:3486} INFO - Setting next_dagrun for example_time_delta_sensor_async to None, run_after=None
[2023-08-13T15:14:24.120+0000] {processor.py:179} INFO - Processing /home/airflow/.local/lib/python3.10/site-packages/airflow/example_dags/example_time_delta_sensor_async.py took 0.030 seconds
[2023-08-13T15:14:54.508+0000] {processor.py:157} INFO - Started process (PID=338) to work on /home/airflow/.local/lib/python3.10/site-packages/airflow/example_dags/example_time_delta_sensor_async.py
[2023-08-13T15:14:54.508+0000] {processor.py:826} INFO - Processing file /home/airflow/.local/lib/python3.10/site-packages/airflow/example_dags/example_time_delta_sensor_async.py for tasks to queue
[2023-08-13T15:14:54.509+0000] {logging_mixin.py:149} INFO - [2023-08-13T15:14:54.509+0000] {dagbag.py:541} INFO - Filling up the DagBag from /home/airflow/.local/lib/python3.10/site-packages/airflow/example_dags/example_time_delta_sensor_async.py
[2023-08-13T15:14:54.510+0000] {processor.py:836} INFO - DAG(s) dict_keys(['example_time_delta_sensor_async']) retrieved from /home/airflow/.local/lib/python3.10/site-packages/airflow/example_dags/example_time_delta_sensor_async.py
[2023-08-13T15:14:54.520+0000] {logging_mixin.py:149} INFO - [2023-08-13T15:14:54.520+0000] {dag.py:2726} INFO - Sync 1 DAGs
[2023-08-13T15:14:54.530+0000] {logging_mixin.py:149} INFO - [2023-08-13T15:14:54.530+0000] {dag.py:3486} INFO - Setting next_dagrun for example_time_delta_sensor_async to None, run_after=None
[2023-08-13T15:14:54.538+0000] {processor.py:179} INFO - Processing /home/airflow/.local/lib/python3.10/site-packages/airflow/example_dags/example_time_delta_sensor_async.py took 0.031 seconds
[2023-08-13T15:15:24.901+0000] {processor.py:157} INFO - Started process (PID=415) to work on /home/airflow/.local/lib/python3.10/site-packages/airflow/example_dags/example_time_delta_sensor_async.py
[2023-08-13T15:15:24.902+0000] {processor.py:826} INFO - Processing file /home/airflow/.local/lib/python3.10/site-packages/airflow/example_dags/example_time_delta_sensor_async.py for tasks to queue
[2023-08-13T15:15:24.902+0000] {logging_mixin.py:149} INFO - [2023-08-13T15:15:24.902+0000] {dagbag.py:541} INFO - Filling up the DagBag from /home/airflow/.local/lib/python3.10/site-packages/airflow/example_dags/example_time_delta_sensor_async.py
[2023-08-13T15:15:24.903+0000] {processor.py:836} INFO - DAG(s) dict_keys(['example_time_delta_sensor_async']) retrieved from /home/airflow/.local/lib/python3.10/site-packages/airflow/example_dags/example_time_delta_sensor_async.py
[2023-08-13T15:15:24.913+0000] {logging_mixin.py:149} INFO - [2023-08-13T15:15:24.913+0000] {dag.py:2726} INFO - Sync 1 DAGs
[2023-08-13T15:15:24.922+0000] {logging_mixin.py:149} INFO - [2023-08-13T15:15:24.922+0000] {dag.py:3486} INFO - Setting next_dagrun for example_time_delta_sensor_async to None, run_after=None
[2023-08-13T15:15:24.929+0000] {processor.py:179} INFO - Processing /home/airflow/.local/lib/python3.10/site-packages/airflow/example_dags/example_time_delta_sensor_async.py took 0.029 seconds
[2023-08-13T15:15:55.349+0000] {processor.py:157} INFO - Started process (PID=492) to work on /home/airflow/.local/lib/python3.10/site-packages/airflow/example_dags/example_time_delta_sensor_async.py
[2023-08-13T15:15:55.349+0000] {processor.py:826} INFO - Processing file /home/airflow/.local/lib/python3.10/site-packages/airflow/example_dags/example_time_delta_sensor_async.py for tasks to queue
[2023-08-13T15:15:55.350+0000] {logging_mixin.py:149} INFO - [2023-08-13T15:15:55.350+0000] {dagbag.py:541} INFO - Filling up the DagBag from /home/airflow/.local/lib/python3.10/site-packages/airflow/example_dags/example_time_delta_sensor_async.py
[2023-08-13T15:15:55.351+0000] {processor.py:836} INFO - DAG(s) dict_keys(['example_time_delta_sensor_async']) retrieved from /home/airflow/.local/lib/python3.10/site-packages/airflow/example_dags/example_time_delta_sensor_async.py
[2023-08-13T15:15:55.362+0000] {logging_mixin.py:149} INFO - [2023-08-13T15:15:55.362+0000] {dag.py:2726} INFO - Sync 1 DAGs
[2023-08-13T15:15:55.371+0000] {logging_mixin.py:149} INFO - [2023-08-13T15:15:55.371+0000] {dag.py:3486} INFO - Setting next_dagrun for example_time_delta_sensor_async to None, run_after=None
[2023-08-13T15:15:55.378+0000] {processor.py:179} INFO - Processing /home/airflow/.local/lib/python3.10/site-packages/airflow/example_dags/example_time_delta_sensor_async.py took 0.031 seconds
[2023-08-13T15:16:25.683+0000] {processor.py:157} INFO - Started process (PID=569) to work on /home/airflow/.local/lib/python3.10/site-packages/airflow/example_dags/example_time_delta_sensor_async.py
[2023-08-13T15:16:25.684+0000] {processor.py:826} INFO - Processing file /home/airflow/.local/lib/python3.10/site-packages/airflow/example_dags/example_time_delta_sensor_async.py for tasks to queue
[2023-08-13T15:16:25.684+0000] {logging_mixin.py:149} INFO - [2023-08-13T15:16:25.684+0000] {dagbag.py:541} INFO - Filling up the DagBag from /home/airflow/.local/lib/python3.10/site-packages/airflow/example_dags/example_time_delta_sensor_async.py
[2023-08-13T15:16:25.685+0000] {processor.py:836} INFO - DAG(s) dict_keys(['example_time_delta_sensor_async']) retrieved from /home/airflow/.local/lib/python3.10/site-packages/airflow/example_dags/example_time_delta_sensor_async.py
[2023-08-13T15:16:25.695+0000] {logging_mixin.py:149} INFO - [2023-08-13T15:16:25.695+0000] {dag.py:2726} INFO - Sync 1 DAGs
[2023-08-13T15:16:25.706+0000] {logging_mixin.py:149} INFO - [2023-08-13T15:16:25.706+0000] {dag.py:3486} INFO - Setting next_dagrun for example_time_delta_sensor_async to None, run_after=None
[2023-08-13T15:16:25.713+0000] {processor.py:179} INFO - Processing /home/airflow/.local/lib/python3.10/site-packages/airflow/example_dags/example_time_delta_sensor_async.py took 0.031 seconds
[2023-08-13T15:16:56.010+0000] {processor.py:157} INFO - Started process (PID=645) to work on /home/airflow/.local/lib/python3.10/site-packages/airflow/example_dags/example_time_delta_sensor_async.py
[2023-08-13T15:16:56.010+0000] {processor.py:826} INFO - Processing file /home/airflow/.local/lib/python3.10/site-packages/airflow/example_dags/example_time_delta_sensor_async.py for tasks to queue
[2023-08-13T15:16:56.010+0000] {logging_mixin.py:149} INFO - [2023-08-13T15:16:56.010+0000] {dagbag.py:541} INFO - Filling up the DagBag from /home/airflow/.local/lib/python3.10/site-packages/airflow/example_dags/example_time_delta_sensor_async.py
[2023-08-13T15:16:56.012+0000] {processor.py:836} INFO - DAG(s) dict_keys(['example_time_delta_sensor_async']) retrieved from /home/airflow/.local/lib/python3.10/site-packages/airflow/example_dags/example_time_delta_sensor_async.py
[2023-08-13T15:16:56.022+0000] {logging_mixin.py:149} INFO - [2023-08-13T15:16:56.022+0000] {dag.py:2726} INFO - Sync 1 DAGs
[2023-08-13T15:16:56.031+0000] {logging_mixin.py:149} INFO - [2023-08-13T15:16:56.031+0000] {dag.py:3486} INFO - Setting next_dagrun for example_time_delta_sensor_async to None, run_after=None
[2023-08-13T15:16:56.038+0000] {processor.py:179} INFO - Processing /home/airflow/.local/lib/python3.10/site-packages/airflow/example_dags/example_time_delta_sensor_async.py took 0.030 seconds
[2023-08-13T15:17:26.339+0000] {processor.py:157} INFO - Started process (PID=722) to work on /home/airflow/.local/lib/python3.10/site-packages/airflow/example_dags/example_time_delta_sensor_async.py
[2023-08-13T15:17:26.339+0000] {processor.py:826} INFO - Processing file /home/airflow/.local/lib/python3.10/site-packages/airflow/example_dags/example_time_delta_sensor_async.py for tasks to queue
[2023-08-13T15:17:26.339+0000] {logging_mixin.py:149} INFO - [2023-08-13T15:17:26.339+0000] {dagbag.py:541} INFO - Filling up the DagBag from /home/airflow/.local/lib/python3.10/site-packages/airflow/example_dags/example_time_delta_sensor_async.py
[2023-08-13T15:17:26.341+0000] {processor.py:836} INFO - DAG(s) dict_keys(['example_time_delta_sensor_async']) retrieved from /home/airflow/.local/lib/python3.10/site-packages/airflow/example_dags/example_time_delta_sensor_async.py
[2023-08-13T15:17:26.351+0000] {logging_mixin.py:149} INFO - [2023-08-13T15:17:26.351+0000] {dag.py:2726} INFO - Sync 1 DAGs
[2023-08-13T15:17:26.360+0000] {logging_mixin.py:149} INFO - [2023-08-13T15:17:26.360+0000] {dag.py:3486} INFO - Setting next_dagrun for example_time_delta_sensor_async to None, run_after=None
[2023-08-13T15:17:26.367+0000] {processor.py:179} INFO - Processing /home/airflow/.local/lib/python3.10/site-packages/airflow/example_dags/example_time_delta_sensor_async.py took 0.030 seconds
[2023-08-13T15:17:56.626+0000] {processor.py:157} INFO - Started process (PID=799) to work on /home/airflow/.local/lib/python3.10/site-packages/airflow/example_dags/example_time_delta_sensor_async.py
[2023-08-13T15:17:56.626+0000] {processor.py:826} INFO - Processing file /home/airflow/.local/lib/python3.10/site-packages/airflow/example_dags/example_time_delta_sensor_async.py for tasks to queue
[2023-08-13T15:17:56.627+0000] {logging_mixin.py:149} INFO - [2023-08-13T15:17:56.626+0000] {dagbag.py:541} INFO - Filling up the DagBag from /home/airflow/.local/lib/python3.10/site-packages/airflow/example_dags/example_time_delta_sensor_async.py
[2023-08-13T15:17:56.628+0000] {processor.py:836} INFO - DAG(s) dict_keys(['example_time_delta_sensor_async']) retrieved from /home/airflow/.local/lib/python3.10/site-packages/airflow/example_dags/example_time_delta_sensor_async.py
[2023-08-13T15:17:56.638+0000] {logging_mixin.py:149} INFO - [2023-08-13T15:17:56.638+0000] {dag.py:2726} INFO - Sync 1 DAGs
[2023-08-13T15:17:56.647+0000] {logging_mixin.py:149} INFO - [2023-08-13T15:17:56.647+0000] {dag.py:3486} INFO - Setting next_dagrun for example_time_delta_sensor_async to None, run_after=None
[2023-08-13T15:17:56.654+0000] {processor.py:179} INFO - Processing /home/airflow/.local/lib/python3.10/site-packages/airflow/example_dags/example_time_delta_sensor_async.py took 0.030 seconds
[2023-08-13T15:18:26.925+0000] {processor.py:157} INFO - Started process (PID=876) to work on /home/airflow/.local/lib/python3.10/site-packages/airflow/example_dags/example_time_delta_sensor_async.py
[2023-08-13T15:18:26.925+0000] {processor.py:826} INFO - Processing file /home/airflow/.local/lib/python3.10/site-packages/airflow/example_dags/example_time_delta_sensor_async.py for tasks to queue
[2023-08-13T15:18:26.926+0000] {logging_mixin.py:149} INFO - [2023-08-13T15:18:26.925+0000] {dagbag.py:541} INFO - Filling up the DagBag from /home/airflow/.local/lib/python3.10/site-packages/airflow/example_dags/example_time_delta_sensor_async.py
[2023-08-13T15:18:26.927+0000] {processor.py:836} INFO - DAG(s) dict_keys(['example_time_delta_sensor_async']) retrieved from /home/airflow/.local/lib/python3.10/site-packages/airflow/example_dags/example_time_delta_sensor_async.py
[2023-08-13T15:18:26.937+0000] {logging_mixin.py:149} INFO - [2023-08-13T15:18:26.937+0000] {dag.py:2726} INFO - Sync 1 DAGs
[2023-08-13T15:18:26.946+0000] {logging_mixin.py:149} INFO - [2023-08-13T15:18:26.946+0000] {dag.py:3486} INFO - Setting next_dagrun for example_time_delta_sensor_async to None, run_after=None
[2023-08-13T15:18:26.953+0000] {processor.py:179} INFO - Processing /home/airflow/.local/lib/python3.10/site-packages/airflow/example_dags/example_time_delta_sensor_async.py took 0.030 seconds
[2023-08-13T15:18:57.223+0000] {processor.py:157} INFO - Started process (PID=953) to work on /home/airflow/.local/lib/python3.10/site-packages/airflow/example_dags/example_time_delta_sensor_async.py
[2023-08-13T15:18:57.223+0000] {processor.py:826} INFO - Processing file /home/airflow/.local/lib/python3.10/site-packages/airflow/example_dags/example_time_delta_sensor_async.py for tasks to queue
[2023-08-13T15:18:57.223+0000] {logging_mixin.py:149} INFO - [2023-08-13T15:18:57.223+0000] {dagbag.py:541} INFO - Filling up the DagBag from /home/airflow/.local/lib/python3.10/site-packages/airflow/example_dags/example_time_delta_sensor_async.py
[2023-08-13T15:18:57.225+0000] {processor.py:836} INFO - DAG(s) dict_keys(['example_time_delta_sensor_async']) retrieved from /home/airflow/.local/lib/python3.10/site-packages/airflow/example_dags/example_time_delta_sensor_async.py
[2023-08-13T15:18:57.234+0000] {logging_mixin.py:149} INFO - [2023-08-13T15:18:57.234+0000] {dag.py:2726} INFO - Sync 1 DAGs
[2023-08-13T15:18:57.244+0000] {logging_mixin.py:149} INFO - [2023-08-13T15:18:57.244+0000] {dag.py:3486} INFO - Setting next_dagrun for example_time_delta_sensor_async to None, run_after=None
[2023-08-13T15:18:57.251+0000] {processor.py:179} INFO - Processing /home/airflow/.local/lib/python3.10/site-packages/airflow/example_dags/example_time_delta_sensor_async.py took 0.029 seconds
[2023-08-13T15:19:27.650+0000] {processor.py:157} INFO - Started process (PID=1030) to work on /home/airflow/.local/lib/python3.10/site-packages/airflow/example_dags/example_time_delta_sensor_async.py
[2023-08-13T15:19:27.650+0000] {processor.py:826} INFO - Processing file /home/airflow/.local/lib/python3.10/site-packages/airflow/example_dags/example_time_delta_sensor_async.py for tasks to queue
[2023-08-13T15:19:27.650+0000] {logging_mixin.py:149} INFO - [2023-08-13T15:19:27.650+0000] {dagbag.py:541} INFO - Filling up the DagBag from /home/airflow/.local/lib/python3.10/site-packages/airflow/example_dags/example_time_delta_sensor_async.py
[2023-08-13T15:19:27.652+0000] {processor.py:836} INFO - DAG(s) dict_keys(['example_time_delta_sensor_async']) retrieved from /home/airflow/.local/lib/python3.10/site-packages/airflow/example_dags/example_time_delta_sensor_async.py
[2023-08-13T15:19:27.662+0000] {logging_mixin.py:149} INFO - [2023-08-13T15:19:27.662+0000] {dag.py:2726} INFO - Sync 1 DAGs
[2023-08-13T15:19:27.672+0000] {logging_mixin.py:149} INFO - [2023-08-13T15:19:27.672+0000] {dag.py:3486} INFO - Setting next_dagrun for example_time_delta_sensor_async to None, run_after=None
[2023-08-13T15:19:27.678+0000] {processor.py:179} INFO - Processing /home/airflow/.local/lib/python3.10/site-packages/airflow/example_dags/example_time_delta_sensor_async.py took 0.030 seconds
[2023-08-13T15:19:57.973+0000] {processor.py:157} INFO - Started process (PID=1107) to work on /home/airflow/.local/lib/python3.10/site-packages/airflow/example_dags/example_time_delta_sensor_async.py
[2023-08-13T15:19:57.973+0000] {processor.py:826} INFO - Processing file /home/airflow/.local/lib/python3.10/site-packages/airflow/example_dags/example_time_delta_sensor_async.py for tasks to queue
[2023-08-13T15:19:57.973+0000] {logging_mixin.py:149} INFO - [2023-08-13T15:19:57.973+0000] {dagbag.py:541} INFO - Filling up the DagBag from /home/airflow/.local/lib/python3.10/site-packages/airflow/example_dags/example_time_delta_sensor_async.py
[2023-08-13T15:19:57.975+0000] {processor.py:836} INFO - DAG(s) dict_keys(['example_time_delta_sensor_async']) retrieved from /home/airflow/.local/lib/python3.10/site-packages/airflow/example_dags/example_time_delta_sensor_async.py
[2023-08-13T15:19:57.985+0000] {logging_mixin.py:149} INFO - [2023-08-13T15:19:57.985+0000] {dag.py:2726} INFO - Sync 1 DAGs
[2023-08-13T15:19:57.994+0000] {logging_mixin.py:149} INFO - [2023-08-13T15:19:57.994+0000] {dag.py:3486} INFO - Setting next_dagrun for example_time_delta_sensor_async to None, run_after=None
[2023-08-13T15:19:58.002+0000] {processor.py:179} INFO - Processing /home/airflow/.local/lib/python3.10/site-packages/airflow/example_dags/example_time_delta_sensor_async.py took 0.030 seconds
[2023-08-13T15:20:28.235+0000] {processor.py:157} INFO - Started process (PID=1184) to work on /home/airflow/.local/lib/python3.10/site-packages/airflow/example_dags/example_time_delta_sensor_async.py
[2023-08-13T15:20:28.236+0000] {processor.py:826} INFO - Processing file /home/airflow/.local/lib/python3.10/site-packages/airflow/example_dags/example_time_delta_sensor_async.py for tasks to queue
[2023-08-13T15:20:28.236+0000] {logging_mixin.py:149} INFO - [2023-08-13T15:20:28.236+0000] {dagbag.py:541} INFO - Filling up the DagBag from /home/airflow/.local/lib/python3.10/site-packages/airflow/example_dags/example_time_delta_sensor_async.py
[2023-08-13T15:20:28.238+0000] {processor.py:836} INFO - DAG(s) dict_keys(['example_time_delta_sensor_async']) retrieved from /home/airflow/.local/lib/python3.10/site-packages/airflow/example_dags/example_time_delta_sensor_async.py
[2023-08-13T15:20:28.248+0000] {logging_mixin.py:149} INFO - [2023-08-13T15:20:28.248+0000] {dag.py:2726} INFO - Sync 1 DAGs
[2023-08-13T15:20:28.258+0000] {logging_mixin.py:149} INFO - [2023-08-13T15:20:28.258+0000] {dag.py:3486} INFO - Setting next_dagrun for example_time_delta_sensor_async to None, run_after=None
[2023-08-13T15:20:28.265+0000] {processor.py:179} INFO - Processing /home/airflow/.local/lib/python3.10/site-packages/airflow/example_dags/example_time_delta_sensor_async.py took 0.031 seconds
[2023-08-13T15:20:58.602+0000] {processor.py:157} INFO - Started process (PID=1261) to work on /home/airflow/.local/lib/python3.10/site-packages/airflow/example_dags/example_time_delta_sensor_async.py
[2023-08-13T15:20:58.602+0000] {processor.py:826} INFO - Processing file /home/airflow/.local/lib/python3.10/site-packages/airflow/example_dags/example_time_delta_sensor_async.py for tasks to queue
[2023-08-13T15:20:58.602+0000] {logging_mixin.py:149} INFO - [2023-08-13T15:20:58.602+0000] {dagbag.py:541} INFO - Filling up the DagBag from /home/airflow/.local/lib/python3.10/site-packages/airflow/example_dags/example_time_delta_sensor_async.py
[2023-08-13T15:20:58.604+0000] {processor.py:836} INFO - DAG(s) dict_keys(['example_time_delta_sensor_async']) retrieved from /home/airflow/.local/lib/python3.10/site-packages/airflow/example_dags/example_time_delta_sensor_async.py
[2023-08-13T15:20:58.614+0000] {logging_mixin.py:149} INFO - [2023-08-13T15:20:58.614+0000] {dag.py:2726} INFO - Sync 1 DAGs
[2023-08-13T15:20:58.623+0000] {logging_mixin.py:149} INFO - [2023-08-13T15:20:58.623+0000] {dag.py:3486} INFO - Setting next_dagrun for example_time_delta_sensor_async to None, run_after=None
[2023-08-13T15:20:58.631+0000] {processor.py:179} INFO - Processing /home/airflow/.local/lib/python3.10/site-packages/airflow/example_dags/example_time_delta_sensor_async.py took 0.030 seconds
[2023-08-13T15:21:28.860+0000] {processor.py:157} INFO - Started process (PID=1338) to work on /home/airflow/.local/lib/python3.10/site-packages/airflow/example_dags/example_time_delta_sensor_async.py
[2023-08-13T15:21:28.860+0000] {processor.py:826} INFO - Processing file /home/airflow/.local/lib/python3.10/site-packages/airflow/example_dags/example_time_delta_sensor_async.py for tasks to queue
[2023-08-13T15:21:28.860+0000] {logging_mixin.py:149} INFO - [2023-08-13T15:21:28.860+0000] {dagbag.py:541} INFO - Filling up the DagBag from /home/airflow/.local/lib/python3.10/site-packages/airflow/example_dags/example_time_delta_sensor_async.py
[2023-08-13T15:21:28.862+0000] {processor.py:836} INFO - DAG(s) dict_keys(['example_time_delta_sensor_async']) retrieved from /home/airflow/.local/lib/python3.10/site-packages/airflow/example_dags/example_time_delta_sensor_async.py
[2023-08-13T15:21:28.872+0000] {logging_mixin.py:149} INFO - [2023-08-13T15:21:28.871+0000] {dag.py:2726} INFO - Sync 1 DAGs
[2023-08-13T15:21:28.881+0000] {logging_mixin.py:149} INFO - [2023-08-13T15:21:28.881+0000] {dag.py:3486} INFO - Setting next_dagrun for example_time_delta_sensor_async to None, run_after=None
[2023-08-13T15:21:28.888+0000] {processor.py:179} INFO - Processing /home/airflow/.local/lib/python3.10/site-packages/airflow/example_dags/example_time_delta_sensor_async.py took 0.030 seconds
[2023-08-13T15:21:59.134+0000] {processor.py:157} INFO - Started process (PID=1416) to work on /home/airflow/.local/lib/python3.10/site-packages/airflow/example_dags/example_time_delta_sensor_async.py
[2023-08-13T15:21:59.134+0000] {processor.py:826} INFO - Processing file /home/airflow/.local/lib/python3.10/site-packages/airflow/example_dags/example_time_delta_sensor_async.py for tasks to queue
[2023-08-13T15:21:59.134+0000] {logging_mixin.py:149} INFO - [2023-08-13T15:21:59.134+0000] {dagbag.py:541} INFO - Filling up the DagBag from /home/airflow/.local/lib/python3.10/site-packages/airflow/example_dags/example_time_delta_sensor_async.py
[2023-08-13T15:21:59.136+0000] {processor.py:836} INFO - DAG(s) dict_keys(['example_time_delta_sensor_async']) retrieved from /home/airflow/.local/lib/python3.10/site-packages/airflow/example_dags/example_time_delta_sensor_async.py
[2023-08-13T15:21:59.146+0000] {logging_mixin.py:149} INFO - [2023-08-13T15:21:59.146+0000] {dag.py:2726} INFO - Sync 1 DAGs
[2023-08-13T15:21:59.155+0000] {logging_mixin.py:149} INFO - [2023-08-13T15:21:59.155+0000] {dag.py:3486} INFO - Setting next_dagrun for example_time_delta_sensor_async to None, run_after=None
[2023-08-13T15:21:59.162+0000] {processor.py:179} INFO - Processing /home/airflow/.local/lib/python3.10/site-packages/airflow/example_dags/example_time_delta_sensor_async.py took 0.030 seconds
[2023-08-13T15:22:29.388+0000] {processor.py:157} INFO - Started process (PID=1493) to work on /home/airflow/.local/lib/python3.10/site-packages/airflow/example_dags/example_time_delta_sensor_async.py
[2023-08-13T15:22:29.389+0000] {processor.py:826} INFO - Processing file /home/airflow/.local/lib/python3.10/site-packages/airflow/example_dags/example_time_delta_sensor_async.py for tasks to queue
[2023-08-13T15:22:29.389+0000] {logging_mixin.py:149} INFO - [2023-08-13T15:22:29.389+0000] {dagbag.py:541} INFO - Filling up the DagBag from /home/airflow/.local/lib/python3.10/site-packages/airflow/example_dags/example_time_delta_sensor_async.py
[2023-08-13T15:22:29.391+0000] {processor.py:836} INFO - DAG(s) dict_keys(['example_time_delta_sensor_async']) retrieved from /home/airflow/.local/lib/python3.10/site-packages/airflow/example_dags/example_time_delta_sensor_async.py
[2023-08-13T15:22:29.400+0000] {logging_mixin.py:149} INFO - [2023-08-13T15:22:29.400+0000] {dag.py:2726} INFO - Sync 1 DAGs
[2023-08-13T15:22:29.409+0000] {logging_mixin.py:149} INFO - [2023-08-13T15:22:29.409+0000] {dag.py:3486} INFO - Setting next_dagrun for example_time_delta_sensor_async to None, run_after=None
[2023-08-13T15:22:29.416+0000] {processor.py:179} INFO - Processing /home/airflow/.local/lib/python3.10/site-packages/airflow/example_dags/example_time_delta_sensor_async.py took 0.029 seconds
[2023-08-13T15:22:59.719+0000] {processor.py:157} INFO - Started process (PID=1570) to work on /home/airflow/.local/lib/python3.10/site-packages/airflow/example_dags/example_time_delta_sensor_async.py
[2023-08-13T15:22:59.719+0000] {processor.py:826} INFO - Processing file /home/airflow/.local/lib/python3.10/site-packages/airflow/example_dags/example_time_delta_sensor_async.py for tasks to queue
[2023-08-13T15:22:59.719+0000] {logging_mixin.py:149} INFO - [2023-08-13T15:22:59.719+0000] {dagbag.py:541} INFO - Filling up the DagBag from /home/airflow/.local/lib/python3.10/site-packages/airflow/example_dags/example_time_delta_sensor_async.py
[2023-08-13T15:22:59.721+0000] {processor.py:836} INFO - DAG(s) dict_keys(['example_time_delta_sensor_async']) retrieved from /home/airflow/.local/lib/python3.10/site-packages/airflow/example_dags/example_time_delta_sensor_async.py
[2023-08-13T15:22:59.731+0000] {logging_mixin.py:149} INFO - [2023-08-13T15:22:59.731+0000] {dag.py:2726} INFO - Sync 1 DAGs
[2023-08-13T15:22:59.740+0000] {logging_mixin.py:149} INFO - [2023-08-13T15:22:59.740+0000] {dag.py:3486} INFO - Setting next_dagrun for example_time_delta_sensor_async to None, run_after=None
[2023-08-13T15:22:59.747+0000] {processor.py:179} INFO - Processing /home/airflow/.local/lib/python3.10/site-packages/airflow/example_dags/example_time_delta_sensor_async.py took 0.029 seconds
[2023-08-13T15:23:30.045+0000] {processor.py:157} INFO - Started process (PID=1647) to work on /home/airflow/.local/lib/python3.10/site-packages/airflow/example_dags/example_time_delta_sensor_async.py
[2023-08-13T15:23:30.045+0000] {processor.py:826} INFO - Processing file /home/airflow/.local/lib/python3.10/site-packages/airflow/example_dags/example_time_delta_sensor_async.py for tasks to queue
[2023-08-13T15:23:30.045+0000] {logging_mixin.py:149} INFO - [2023-08-13T15:23:30.045+0000] {dagbag.py:541} INFO - Filling up the DagBag from /home/airflow/.local/lib/python3.10/site-packages/airflow/example_dags/example_time_delta_sensor_async.py
[2023-08-13T15:23:30.047+0000] {processor.py:836} INFO - DAG(s) dict_keys(['example_time_delta_sensor_async']) retrieved from /home/airflow/.local/lib/python3.10/site-packages/airflow/example_dags/example_time_delta_sensor_async.py
[2023-08-13T15:23:30.057+0000] {logging_mixin.py:149} INFO - [2023-08-13T15:23:30.057+0000] {dag.py:2726} INFO - Sync 1 DAGs
[2023-08-13T15:23:30.067+0000] {logging_mixin.py:149} INFO - [2023-08-13T15:23:30.067+0000] {dag.py:3486} INFO - Setting next_dagrun for example_time_delta_sensor_async to None, run_after=None
[2023-08-13T15:23:30.074+0000] {processor.py:179} INFO - Processing /home/airflow/.local/lib/python3.10/site-packages/airflow/example_dags/example_time_delta_sensor_async.py took 0.030 seconds
[2023-08-13T15:24:00.331+0000] {processor.py:157} INFO - Started process (PID=1724) to work on /home/airflow/.local/lib/python3.10/site-packages/airflow/example_dags/example_time_delta_sensor_async.py
[2023-08-13T15:24:00.331+0000] {processor.py:826} INFO - Processing file /home/airflow/.local/lib/python3.10/site-packages/airflow/example_dags/example_time_delta_sensor_async.py for tasks to queue
[2023-08-13T15:24:00.331+0000] {logging_mixin.py:149} INFO - [2023-08-13T15:24:00.331+0000] {dagbag.py:541} INFO - Filling up the DagBag from /home/airflow/.local/lib/python3.10/site-packages/airflow/example_dags/example_time_delta_sensor_async.py
[2023-08-13T15:24:00.333+0000] {processor.py:836} INFO - DAG(s) dict_keys(['example_time_delta_sensor_async']) retrieved from /home/airflow/.local/lib/python3.10/site-packages/airflow/example_dags/example_time_delta_sensor_async.py
[2023-08-13T15:24:00.343+0000] {logging_mixin.py:149} INFO - [2023-08-13T15:24:00.343+0000] {dag.py:2726} INFO - Sync 1 DAGs
[2023-08-13T15:24:00.353+0000] {logging_mixin.py:149} INFO - [2023-08-13T15:24:00.353+0000] {dag.py:3486} INFO - Setting next_dagrun for example_time_delta_sensor_async to None, run_after=None
[2023-08-13T15:24:00.360+0000] {processor.py:179} INFO - Processing /home/airflow/.local/lib/python3.10/site-packages/airflow/example_dags/example_time_delta_sensor_async.py took 0.030 seconds
[2023-08-13T15:24:30.764+0000] {processor.py:157} INFO - Started process (PID=1801) to work on /home/airflow/.local/lib/python3.10/site-packages/airflow/example_dags/example_time_delta_sensor_async.py
[2023-08-13T15:24:30.765+0000] {processor.py:826} INFO - Processing file /home/airflow/.local/lib/python3.10/site-packages/airflow/example_dags/example_time_delta_sensor_async.py for tasks to queue
[2023-08-13T15:24:30.765+0000] {logging_mixin.py:149} INFO - [2023-08-13T15:24:30.765+0000] {dagbag.py:541} INFO - Filling up the DagBag from /home/airflow/.local/lib/python3.10/site-packages/airflow/example_dags/example_time_delta_sensor_async.py
[2023-08-13T15:24:30.767+0000] {processor.py:836} INFO - DAG(s) dict_keys(['example_time_delta_sensor_async']) retrieved from /home/airflow/.local/lib/python3.10/site-packages/airflow/example_dags/example_time_delta_sensor_async.py
[2023-08-13T15:24:30.776+0000] {logging_mixin.py:149} INFO - [2023-08-13T15:24:30.776+0000] {dag.py:2726} INFO - Sync 1 DAGs
[2023-08-13T15:24:30.786+0000] {logging_mixin.py:149} INFO - [2023-08-13T15:24:30.786+0000] {dag.py:3486} INFO - Setting next_dagrun for example_time_delta_sensor_async to None, run_after=None
[2023-08-13T15:24:30.793+0000] {processor.py:179} INFO - Processing /home/airflow/.local/lib/python3.10/site-packages/airflow/example_dags/example_time_delta_sensor_async.py took 0.030 seconds
[2023-08-13T15:25:01.061+0000] {processor.py:157} INFO - Started process (PID=1878) to work on /home/airflow/.local/lib/python3.10/site-packages/airflow/example_dags/example_time_delta_sensor_async.py
[2023-08-13T15:25:01.062+0000] {processor.py:826} INFO - Processing file /home/airflow/.local/lib/python3.10/site-packages/airflow/example_dags/example_time_delta_sensor_async.py for tasks to queue
[2023-08-13T15:25:01.062+0000] {logging_mixin.py:149} INFO - [2023-08-13T15:25:01.062+0000] {dagbag.py:541} INFO - Filling up the DagBag from /home/airflow/.local/lib/python3.10/site-packages/airflow/example_dags/example_time_delta_sensor_async.py
[2023-08-13T15:25:01.064+0000] {processor.py:836} INFO - DAG(s) dict_keys(['example_time_delta_sensor_async']) retrieved from /home/airflow/.local/lib/python3.10/site-packages/airflow/example_dags/example_time_delta_sensor_async.py
[2023-08-13T15:25:01.074+0000] {logging_mixin.py:149} INFO - [2023-08-13T15:25:01.074+0000] {dag.py:2726} INFO - Sync 1 DAGs
[2023-08-13T15:25:01.084+0000] {logging_mixin.py:149} INFO - [2023-08-13T15:25:01.083+0000] {dag.py:3486} INFO - Setting next_dagrun for example_time_delta_sensor_async to None, run_after=None
[2023-08-13T15:25:01.090+0000] {processor.py:179} INFO - Processing /home/airflow/.local/lib/python3.10/site-packages/airflow/example_dags/example_time_delta_sensor_async.py took 0.030 seconds
[2023-08-13T15:25:31.474+0000] {processor.py:157} INFO - Started process (PID=1955) to work on /home/airflow/.local/lib/python3.10/site-packages/airflow/example_dags/example_time_delta_sensor_async.py
[2023-08-13T15:25:31.474+0000] {processor.py:826} INFO - Processing file /home/airflow/.local/lib/python3.10/site-packages/airflow/example_dags/example_time_delta_sensor_async.py for tasks to queue
[2023-08-13T15:25:31.475+0000] {logging_mixin.py:149} INFO - [2023-08-13T15:25:31.475+0000] {dagbag.py:541} INFO - Filling up the DagBag from /home/airflow/.local/lib/python3.10/site-packages/airflow/example_dags/example_time_delta_sensor_async.py
[2023-08-13T15:25:31.477+0000] {processor.py:836} INFO - DAG(s) dict_keys(['example_time_delta_sensor_async']) retrieved from /home/airflow/.local/lib/python3.10/site-packages/airflow/example_dags/example_time_delta_sensor_async.py
[2023-08-13T15:25:31.489+0000] {logging_mixin.py:149} INFO - [2023-08-13T15:25:31.489+0000] {dag.py:2726} INFO - Sync 1 DAGs
[2023-08-13T15:25:31.499+0000] {logging_mixin.py:149} INFO - [2023-08-13T15:25:31.499+0000] {dag.py:3486} INFO - Setting next_dagrun for example_time_delta_sensor_async to None, run_after=None
[2023-08-13T15:25:31.508+0000] {processor.py:179} INFO - Processing /home/airflow/.local/lib/python3.10/site-packages/airflow/example_dags/example_time_delta_sensor_async.py took 0.035 seconds
[2023-08-13T15:26:01.873+0000] {processor.py:157} INFO - Started process (PID=2032) to work on /home/airflow/.local/lib/python3.10/site-packages/airflow/example_dags/example_time_delta_sensor_async.py
[2023-08-13T15:26:01.874+0000] {processor.py:826} INFO - Processing file /home/airflow/.local/lib/python3.10/site-packages/airflow/example_dags/example_time_delta_sensor_async.py for tasks to queue
[2023-08-13T15:26:01.874+0000] {logging_mixin.py:149} INFO - [2023-08-13T15:26:01.874+0000] {dagbag.py:541} INFO - Filling up the DagBag from /home/airflow/.local/lib/python3.10/site-packages/airflow/example_dags/example_time_delta_sensor_async.py
[2023-08-13T15:26:01.876+0000] {processor.py:836} INFO - DAG(s) dict_keys(['example_time_delta_sensor_async']) retrieved from /home/airflow/.local/lib/python3.10/site-packages/airflow/example_dags/example_time_delta_sensor_async.py
[2023-08-13T15:26:01.886+0000] {logging_mixin.py:149} INFO - [2023-08-13T15:26:01.885+0000] {dag.py:2726} INFO - Sync 1 DAGs
[2023-08-13T15:26:01.895+0000] {logging_mixin.py:149} INFO - [2023-08-13T15:26:01.895+0000] {dag.py:3486} INFO - Setting next_dagrun for example_time_delta_sensor_async to None, run_after=None
[2023-08-13T15:26:01.902+0000] {processor.py:179} INFO - Processing /home/airflow/.local/lib/python3.10/site-packages/airflow/example_dags/example_time_delta_sensor_async.py took 0.030 seconds
[2023-08-13T15:26:32.192+0000] {processor.py:157} INFO - Started process (PID=2110) to work on /home/airflow/.local/lib/python3.10/site-packages/airflow/example_dags/example_time_delta_sensor_async.py
[2023-08-13T15:26:32.197+0000] {processor.py:826} INFO - Processing file /home/airflow/.local/lib/python3.10/site-packages/airflow/example_dags/example_time_delta_sensor_async.py for tasks to queue
[2023-08-13T15:26:32.197+0000] {logging_mixin.py:149} INFO - [2023-08-13T15:26:32.197+0000] {dagbag.py:541} INFO - Filling up the DagBag from /home/airflow/.local/lib/python3.10/site-packages/airflow/example_dags/example_time_delta_sensor_async.py
[2023-08-13T15:26:32.200+0000] {processor.py:836} INFO - DAG(s) dict_keys(['example_time_delta_sensor_async']) retrieved from /home/airflow/.local/lib/python3.10/site-packages/airflow/example_dags/example_time_delta_sensor_async.py
[2023-08-13T15:26:32.216+0000] {logging_mixin.py:149} INFO - [2023-08-13T15:26:32.215+0000] {dag.py:2726} INFO - Sync 1 DAGs
[2023-08-13T15:26:32.225+0000] {logging_mixin.py:149} INFO - [2023-08-13T15:26:32.225+0000] {dag.py:3486} INFO - Setting next_dagrun for example_time_delta_sensor_async to None, run_after=None
[2023-08-13T15:26:32.232+0000] {processor.py:179} INFO - Processing /home/airflow/.local/lib/python3.10/site-packages/airflow/example_dags/example_time_delta_sensor_async.py took 0.042 seconds
[2023-08-13T15:27:02.648+0000] {processor.py:157} INFO - Started process (PID=2187) to work on /home/airflow/.local/lib/python3.10/site-packages/airflow/example_dags/example_time_delta_sensor_async.py
[2023-08-13T15:27:02.653+0000] {processor.py:826} INFO - Processing file /home/airflow/.local/lib/python3.10/site-packages/airflow/example_dags/example_time_delta_sensor_async.py for tasks to queue
[2023-08-13T15:27:02.654+0000] {logging_mixin.py:149} INFO - [2023-08-13T15:27:02.653+0000] {dagbag.py:541} INFO - Filling up the DagBag from /home/airflow/.local/lib/python3.10/site-packages/airflow/example_dags/example_time_delta_sensor_async.py
[2023-08-13T15:27:02.656+0000] {processor.py:836} INFO - DAG(s) dict_keys(['example_time_delta_sensor_async']) retrieved from /home/airflow/.local/lib/python3.10/site-packages/airflow/example_dags/example_time_delta_sensor_async.py
[2023-08-13T15:27:02.671+0000] {logging_mixin.py:149} INFO - [2023-08-13T15:27:02.671+0000] {dag.py:2726} INFO - Sync 1 DAGs
[2023-08-13T15:27:02.681+0000] {logging_mixin.py:149} INFO - [2023-08-13T15:27:02.680+0000] {dag.py:3486} INFO - Setting next_dagrun for example_time_delta_sensor_async to None, run_after=None
[2023-08-13T15:27:02.688+0000] {processor.py:179} INFO - Processing /home/airflow/.local/lib/python3.10/site-packages/airflow/example_dags/example_time_delta_sensor_async.py took 0.042 seconds
[2023-08-13T15:27:33.169+0000] {processor.py:157} INFO - Started process (PID=2263) to work on /home/airflow/.local/lib/python3.10/site-packages/airflow/example_dags/example_time_delta_sensor_async.py
[2023-08-13T15:27:33.174+0000] {processor.py:826} INFO - Processing file /home/airflow/.local/lib/python3.10/site-packages/airflow/example_dags/example_time_delta_sensor_async.py for tasks to queue
[2023-08-13T15:27:33.175+0000] {logging_mixin.py:149} INFO - [2023-08-13T15:27:33.175+0000] {dagbag.py:541} INFO - Filling up the DagBag from /home/airflow/.local/lib/python3.10/site-packages/airflow/example_dags/example_time_delta_sensor_async.py
[2023-08-13T15:27:33.177+0000] {processor.py:836} INFO - DAG(s) dict_keys(['example_time_delta_sensor_async']) retrieved from /home/airflow/.local/lib/python3.10/site-packages/airflow/example_dags/example_time_delta_sensor_async.py
[2023-08-13T15:27:33.195+0000] {logging_mixin.py:149} INFO - [2023-08-13T15:27:33.195+0000] {dag.py:2726} INFO - Sync 1 DAGs
[2023-08-13T15:27:33.205+0000] {logging_mixin.py:149} INFO - [2023-08-13T15:27:33.205+0000] {dag.py:3486} INFO - Setting next_dagrun for example_time_delta_sensor_async to None, run_after=None
[2023-08-13T15:27:33.213+0000] {processor.py:179} INFO - Processing /home/airflow/.local/lib/python3.10/site-packages/airflow/example_dags/example_time_delta_sensor_async.py took 0.046 seconds
[2023-08-13T15:28:03.662+0000] {processor.py:157} INFO - Started process (PID=2340) to work on /home/airflow/.local/lib/python3.10/site-packages/airflow/example_dags/example_time_delta_sensor_async.py
[2023-08-13T15:28:03.667+0000] {processor.py:826} INFO - Processing file /home/airflow/.local/lib/python3.10/site-packages/airflow/example_dags/example_time_delta_sensor_async.py for tasks to queue
[2023-08-13T15:28:03.668+0000] {logging_mixin.py:149} INFO - [2023-08-13T15:28:03.668+0000] {dagbag.py:541} INFO - Filling up the DagBag from /home/airflow/.local/lib/python3.10/site-packages/airflow/example_dags/example_time_delta_sensor_async.py
[2023-08-13T15:28:03.670+0000] {processor.py:836} INFO - DAG(s) dict_keys(['example_time_delta_sensor_async']) retrieved from /home/airflow/.local/lib/python3.10/site-packages/airflow/example_dags/example_time_delta_sensor_async.py
[2023-08-13T15:28:03.686+0000] {logging_mixin.py:149} INFO - [2023-08-13T15:28:03.686+0000] {dag.py:2726} INFO - Sync 1 DAGs
[2023-08-13T15:28:03.696+0000] {logging_mixin.py:149} INFO - [2023-08-13T15:28:03.696+0000] {dag.py:3486} INFO - Setting next_dagrun for example_time_delta_sensor_async to None, run_after=None
[2023-08-13T15:28:03.703+0000] {processor.py:179} INFO - Processing /home/airflow/.local/lib/python3.10/site-packages/airflow/example_dags/example_time_delta_sensor_async.py took 0.043 seconds
[2023-08-13T15:28:33.996+0000] {processor.py:157} INFO - Started process (PID=2417) to work on /home/airflow/.local/lib/python3.10/site-packages/airflow/example_dags/example_time_delta_sensor_async.py
[2023-08-13T15:28:34.001+0000] {processor.py:826} INFO - Processing file /home/airflow/.local/lib/python3.10/site-packages/airflow/example_dags/example_time_delta_sensor_async.py for tasks to queue
[2023-08-13T15:28:34.001+0000] {logging_mixin.py:149} INFO - [2023-08-13T15:28:34.001+0000] {dagbag.py:541} INFO - Filling up the DagBag from /home/airflow/.local/lib/python3.10/site-packages/airflow/example_dags/example_time_delta_sensor_async.py
[2023-08-13T15:28:34.004+0000] {processor.py:836} INFO - DAG(s) dict_keys(['example_time_delta_sensor_async']) retrieved from /home/airflow/.local/lib/python3.10/site-packages/airflow/example_dags/example_time_delta_sensor_async.py
[2023-08-13T15:28:34.022+0000] {logging_mixin.py:149} INFO - [2023-08-13T15:28:34.022+0000] {dag.py:2726} INFO - Sync 1 DAGs
[2023-08-13T15:28:34.032+0000] {logging_mixin.py:149} INFO - [2023-08-13T15:28:34.032+0000] {dag.py:3486} INFO - Setting next_dagrun for example_time_delta_sensor_async to None, run_after=None
[2023-08-13T15:28:34.042+0000] {processor.py:179} INFO - Processing /home/airflow/.local/lib/python3.10/site-packages/airflow/example_dags/example_time_delta_sensor_async.py took 0.048 seconds
[2023-08-13T15:29:04.339+0000] {processor.py:157} INFO - Started process (PID=2494) to work on /home/airflow/.local/lib/python3.10/site-packages/airflow/example_dags/example_time_delta_sensor_async.py
[2023-08-13T15:29:04.344+0000] {processor.py:826} INFO - Processing file /home/airflow/.local/lib/python3.10/site-packages/airflow/example_dags/example_time_delta_sensor_async.py for tasks to queue
[2023-08-13T15:29:04.345+0000] {logging_mixin.py:149} INFO - [2023-08-13T15:29:04.344+0000] {dagbag.py:541} INFO - Filling up the DagBag from /home/airflow/.local/lib/python3.10/site-packages/airflow/example_dags/example_time_delta_sensor_async.py
[2023-08-13T15:29:04.346+0000] {processor.py:836} INFO - DAG(s) dict_keys(['example_time_delta_sensor_async']) retrieved from /home/airflow/.local/lib/python3.10/site-packages/airflow/example_dags/example_time_delta_sensor_async.py
[2023-08-13T15:29:04.357+0000] {logging_mixin.py:149} INFO - [2023-08-13T15:29:04.357+0000] {dag.py:2726} INFO - Sync 1 DAGs
[2023-08-13T15:29:04.366+0000] {logging_mixin.py:149} INFO - [2023-08-13T15:29:04.366+0000] {dag.py:3486} INFO - Setting next_dagrun for example_time_delta_sensor_async to None, run_after=None
[2023-08-13T15:29:04.373+0000] {processor.py:179} INFO - Processing /home/airflow/.local/lib/python3.10/site-packages/airflow/example_dags/example_time_delta_sensor_async.py took 0.035 seconds
