[2023-08-13T14:54:33.464+0000] {processor.py:157} INFO - Started process (PID=31) to work on /home/airflow/.local/lib/python3.10/site-packages/airflow/example_dags/example_branch_python_dop_operator_3.py
[2023-08-13T14:54:33.464+0000] {processor.py:826} INFO - Processing file /home/airflow/.local/lib/python3.10/site-packages/airflow/example_dags/example_branch_python_dop_operator_3.py for tasks to queue
[2023-08-13T14:54:33.464+0000] {logging_mixin.py:149} INFO - [2023-08-13T14:54:33.464+0000] {dagbag.py:541} INFO - Filling up the DagBag from /home/airflow/.local/lib/python3.10/site-packages/airflow/example_dags/example_branch_python_dop_operator_3.py
[2023-08-13T14:54:33.469+0000] {processor.py:836} INFO - DAG(s) dict_keys(['example_branch_dop_operator_v3']) retrieved from /home/airflow/.local/lib/python3.10/site-packages/airflow/example_dags/example_branch_python_dop_operator_3.py
[2023-08-13T14:54:33.474+0000] {logging_mixin.py:149} INFO - [2023-08-13T14:54:33.474+0000] {dag.py:2726} INFO - Sync 1 DAGs
[2023-08-13T14:54:33.487+0000] {logging_mixin.py:149} INFO - [2023-08-13T14:54:33.487+0000] {dag.py:3486} INFO - Setting next_dagrun for example_branch_dop_operator_v3 to 2023-08-13T14:53:00+00:00, run_after=2023-08-13T14:54:00+00:00
[2023-08-13T14:54:33.494+0000] {processor.py:179} INFO - Processing /home/airflow/.local/lib/python3.10/site-packages/airflow/example_dags/example_branch_python_dop_operator_3.py took 0.032 seconds
[2023-08-13T14:55:03.694+0000] {processor.py:157} INFO - Started process (PID=107) to work on /home/airflow/.local/lib/python3.10/site-packages/airflow/example_dags/example_branch_python_dop_operator_3.py
[2023-08-13T14:55:03.694+0000] {processor.py:826} INFO - Processing file /home/airflow/.local/lib/python3.10/site-packages/airflow/example_dags/example_branch_python_dop_operator_3.py for tasks to queue
[2023-08-13T14:55:03.694+0000] {logging_mixin.py:149} INFO - [2023-08-13T14:55:03.694+0000] {dagbag.py:541} INFO - Filling up the DagBag from /home/airflow/.local/lib/python3.10/site-packages/airflow/example_dags/example_branch_python_dop_operator_3.py
[2023-08-13T14:55:03.698+0000] {processor.py:836} INFO - DAG(s) dict_keys(['example_branch_dop_operator_v3']) retrieved from /home/airflow/.local/lib/python3.10/site-packages/airflow/example_dags/example_branch_python_dop_operator_3.py
[2023-08-13T14:55:03.707+0000] {logging_mixin.py:149} INFO - [2023-08-13T14:55:03.707+0000] {dag.py:2726} INFO - Sync 1 DAGs
[2023-08-13T14:55:03.719+0000] {logging_mixin.py:149} INFO - [2023-08-13T14:55:03.719+0000] {dag.py:3486} INFO - Setting next_dagrun for example_branch_dop_operator_v3 to 2023-08-13T14:54:00+00:00, run_after=2023-08-13T14:55:00+00:00
[2023-08-13T14:55:03.726+0000] {processor.py:179} INFO - Processing /home/airflow/.local/lib/python3.10/site-packages/airflow/example_dags/example_branch_python_dop_operator_3.py took 0.034 seconds
[2023-08-13T14:55:34.178+0000] {processor.py:157} INFO - Started process (PID=184) to work on /home/airflow/.local/lib/python3.10/site-packages/airflow/example_dags/example_branch_python_dop_operator_3.py
[2023-08-13T14:55:34.179+0000] {processor.py:826} INFO - Processing file /home/airflow/.local/lib/python3.10/site-packages/airflow/example_dags/example_branch_python_dop_operator_3.py for tasks to queue
[2023-08-13T14:55:34.179+0000] {logging_mixin.py:149} INFO - [2023-08-13T14:55:34.179+0000] {dagbag.py:541} INFO - Filling up the DagBag from /home/airflow/.local/lib/python3.10/site-packages/airflow/example_dags/example_branch_python_dop_operator_3.py
[2023-08-13T14:55:34.183+0000] {processor.py:836} INFO - DAG(s) dict_keys(['example_branch_dop_operator_v3']) retrieved from /home/airflow/.local/lib/python3.10/site-packages/airflow/example_dags/example_branch_python_dop_operator_3.py
[2023-08-13T14:55:34.193+0000] {logging_mixin.py:149} INFO - [2023-08-13T14:55:34.193+0000] {dag.py:2726} INFO - Sync 1 DAGs
[2023-08-13T14:55:34.204+0000] {logging_mixin.py:149} INFO - [2023-08-13T14:55:34.204+0000] {dag.py:3486} INFO - Setting next_dagrun for example_branch_dop_operator_v3 to 2023-08-13T14:54:00+00:00, run_after=2023-08-13T14:55:00+00:00
[2023-08-13T14:55:34.211+0000] {processor.py:179} INFO - Processing /home/airflow/.local/lib/python3.10/site-packages/airflow/example_dags/example_branch_python_dop_operator_3.py took 0.034 seconds
[2023-08-13T14:56:04.535+0000] {processor.py:157} INFO - Started process (PID=261) to work on /home/airflow/.local/lib/python3.10/site-packages/airflow/example_dags/example_branch_python_dop_operator_3.py
[2023-08-13T14:56:04.535+0000] {processor.py:826} INFO - Processing file /home/airflow/.local/lib/python3.10/site-packages/airflow/example_dags/example_branch_python_dop_operator_3.py for tasks to queue
[2023-08-13T14:56:04.535+0000] {logging_mixin.py:149} INFO - [2023-08-13T14:56:04.535+0000] {dagbag.py:541} INFO - Filling up the DagBag from /home/airflow/.local/lib/python3.10/site-packages/airflow/example_dags/example_branch_python_dop_operator_3.py
[2023-08-13T14:56:04.539+0000] {processor.py:836} INFO - DAG(s) dict_keys(['example_branch_dop_operator_v3']) retrieved from /home/airflow/.local/lib/python3.10/site-packages/airflow/example_dags/example_branch_python_dop_operator_3.py
[2023-08-13T14:56:04.549+0000] {logging_mixin.py:149} INFO - [2023-08-13T14:56:04.549+0000] {dag.py:2726} INFO - Sync 1 DAGs
[2023-08-13T14:56:04.560+0000] {logging_mixin.py:149} INFO - [2023-08-13T14:56:04.560+0000] {dag.py:3486} INFO - Setting next_dagrun for example_branch_dop_operator_v3 to 2023-08-13T14:55:00+00:00, run_after=2023-08-13T14:56:00+00:00
[2023-08-13T14:56:04.567+0000] {processor.py:179} INFO - Processing /home/airflow/.local/lib/python3.10/site-packages/airflow/example_dags/example_branch_python_dop_operator_3.py took 0.034 seconds
[2023-08-13T14:56:34.882+0000] {processor.py:157} INFO - Started process (PID=342) to work on /home/airflow/.local/lib/python3.10/site-packages/airflow/example_dags/example_branch_python_dop_operator_3.py
[2023-08-13T14:56:34.883+0000] {processor.py:826} INFO - Processing file /home/airflow/.local/lib/python3.10/site-packages/airflow/example_dags/example_branch_python_dop_operator_3.py for tasks to queue
[2023-08-13T14:56:34.883+0000] {logging_mixin.py:149} INFO - [2023-08-13T14:56:34.883+0000] {dagbag.py:541} INFO - Filling up the DagBag from /home/airflow/.local/lib/python3.10/site-packages/airflow/example_dags/example_branch_python_dop_operator_3.py
[2023-08-13T14:56:34.887+0000] {processor.py:836} INFO - DAG(s) dict_keys(['example_branch_dop_operator_v3']) retrieved from /home/airflow/.local/lib/python3.10/site-packages/airflow/example_dags/example_branch_python_dop_operator_3.py
[2023-08-13T14:56:34.898+0000] {logging_mixin.py:149} INFO - [2023-08-13T14:56:34.898+0000] {dag.py:2726} INFO - Sync 1 DAGs
[2023-08-13T14:56:34.910+0000] {logging_mixin.py:149} INFO - [2023-08-13T14:56:34.910+0000] {dag.py:3486} INFO - Setting next_dagrun for example_branch_dop_operator_v3 to 2023-08-13T14:55:00+00:00, run_after=2023-08-13T14:56:00+00:00
[2023-08-13T14:56:34.917+0000] {processor.py:179} INFO - Processing /home/airflow/.local/lib/python3.10/site-packages/airflow/example_dags/example_branch_python_dop_operator_3.py took 0.035 seconds
[2023-08-13T14:57:05.224+0000] {processor.py:157} INFO - Started process (PID=419) to work on /home/airflow/.local/lib/python3.10/site-packages/airflow/example_dags/example_branch_python_dop_operator_3.py
[2023-08-13T14:57:05.225+0000] {processor.py:826} INFO - Processing file /home/airflow/.local/lib/python3.10/site-packages/airflow/example_dags/example_branch_python_dop_operator_3.py for tasks to queue
[2023-08-13T14:57:05.225+0000] {logging_mixin.py:149} INFO - [2023-08-13T14:57:05.225+0000] {dagbag.py:541} INFO - Filling up the DagBag from /home/airflow/.local/lib/python3.10/site-packages/airflow/example_dags/example_branch_python_dop_operator_3.py
[2023-08-13T14:57:05.228+0000] {processor.py:836} INFO - DAG(s) dict_keys(['example_branch_dop_operator_v3']) retrieved from /home/airflow/.local/lib/python3.10/site-packages/airflow/example_dags/example_branch_python_dop_operator_3.py
[2023-08-13T14:57:05.238+0000] {logging_mixin.py:149} INFO - [2023-08-13T14:57:05.238+0000] {dag.py:2726} INFO - Sync 1 DAGs
[2023-08-13T14:57:05.250+0000] {logging_mixin.py:149} INFO - [2023-08-13T14:57:05.250+0000] {dag.py:3486} INFO - Setting next_dagrun for example_branch_dop_operator_v3 to 2023-08-13T14:56:00+00:00, run_after=2023-08-13T14:57:00+00:00
[2023-08-13T14:57:05.258+0000] {processor.py:179} INFO - Processing /home/airflow/.local/lib/python3.10/site-packages/airflow/example_dags/example_branch_python_dop_operator_3.py took 0.035 seconds
[2023-08-13T14:57:35.639+0000] {processor.py:157} INFO - Started process (PID=496) to work on /home/airflow/.local/lib/python3.10/site-packages/airflow/example_dags/example_branch_python_dop_operator_3.py
[2023-08-13T14:57:35.640+0000] {processor.py:826} INFO - Processing file /home/airflow/.local/lib/python3.10/site-packages/airflow/example_dags/example_branch_python_dop_operator_3.py for tasks to queue
[2023-08-13T14:57:35.640+0000] {logging_mixin.py:149} INFO - [2023-08-13T14:57:35.640+0000] {dagbag.py:541} INFO - Filling up the DagBag from /home/airflow/.local/lib/python3.10/site-packages/airflow/example_dags/example_branch_python_dop_operator_3.py
[2023-08-13T14:57:35.644+0000] {processor.py:836} INFO - DAG(s) dict_keys(['example_branch_dop_operator_v3']) retrieved from /home/airflow/.local/lib/python3.10/site-packages/airflow/example_dags/example_branch_python_dop_operator_3.py
[2023-08-13T14:57:35.655+0000] {logging_mixin.py:149} INFO - [2023-08-13T14:57:35.655+0000] {dag.py:2726} INFO - Sync 1 DAGs
[2023-08-13T14:57:35.667+0000] {logging_mixin.py:149} INFO - [2023-08-13T14:57:35.667+0000] {dag.py:3486} INFO - Setting next_dagrun for example_branch_dop_operator_v3 to 2023-08-13T14:56:00+00:00, run_after=2023-08-13T14:57:00+00:00
[2023-08-13T14:57:35.674+0000] {processor.py:179} INFO - Processing /home/airflow/.local/lib/python3.10/site-packages/airflow/example_dags/example_branch_python_dop_operator_3.py took 0.036 seconds
[2023-08-13T14:58:05.945+0000] {processor.py:157} INFO - Started process (PID=573) to work on /home/airflow/.local/lib/python3.10/site-packages/airflow/example_dags/example_branch_python_dop_operator_3.py
[2023-08-13T14:58:05.945+0000] {processor.py:826} INFO - Processing file /home/airflow/.local/lib/python3.10/site-packages/airflow/example_dags/example_branch_python_dop_operator_3.py for tasks to queue
[2023-08-13T14:58:05.946+0000] {logging_mixin.py:149} INFO - [2023-08-13T14:58:05.946+0000] {dagbag.py:541} INFO - Filling up the DagBag from /home/airflow/.local/lib/python3.10/site-packages/airflow/example_dags/example_branch_python_dop_operator_3.py
[2023-08-13T14:58:05.949+0000] {processor.py:836} INFO - DAG(s) dict_keys(['example_branch_dop_operator_v3']) retrieved from /home/airflow/.local/lib/python3.10/site-packages/airflow/example_dags/example_branch_python_dop_operator_3.py
[2023-08-13T14:58:05.959+0000] {logging_mixin.py:149} INFO - [2023-08-13T14:58:05.959+0000] {dag.py:2726} INFO - Sync 1 DAGs
[2023-08-13T14:58:05.971+0000] {logging_mixin.py:149} INFO - [2023-08-13T14:58:05.971+0000] {dag.py:3486} INFO - Setting next_dagrun for example_branch_dop_operator_v3 to 2023-08-13T14:57:00+00:00, run_after=2023-08-13T14:58:00+00:00
[2023-08-13T14:58:05.978+0000] {processor.py:179} INFO - Processing /home/airflow/.local/lib/python3.10/site-packages/airflow/example_dags/example_branch_python_dop_operator_3.py took 0.034 seconds
[2023-08-13T14:58:36.213+0000] {processor.py:157} INFO - Started process (PID=650) to work on /home/airflow/.local/lib/python3.10/site-packages/airflow/example_dags/example_branch_python_dop_operator_3.py
[2023-08-13T14:58:36.213+0000] {processor.py:826} INFO - Processing file /home/airflow/.local/lib/python3.10/site-packages/airflow/example_dags/example_branch_python_dop_operator_3.py for tasks to queue
[2023-08-13T14:58:36.214+0000] {logging_mixin.py:149} INFO - [2023-08-13T14:58:36.214+0000] {dagbag.py:541} INFO - Filling up the DagBag from /home/airflow/.local/lib/python3.10/site-packages/airflow/example_dags/example_branch_python_dop_operator_3.py
[2023-08-13T14:58:36.217+0000] {processor.py:836} INFO - DAG(s) dict_keys(['example_branch_dop_operator_v3']) retrieved from /home/airflow/.local/lib/python3.10/site-packages/airflow/example_dags/example_branch_python_dop_operator_3.py
[2023-08-13T14:58:36.227+0000] {logging_mixin.py:149} INFO - [2023-08-13T14:58:36.227+0000] {dag.py:2726} INFO - Sync 1 DAGs
[2023-08-13T14:58:36.239+0000] {logging_mixin.py:149} INFO - [2023-08-13T14:58:36.239+0000] {dag.py:3486} INFO - Setting next_dagrun for example_branch_dop_operator_v3 to 2023-08-13T14:57:00+00:00, run_after=2023-08-13T14:58:00+00:00
[2023-08-13T14:58:36.246+0000] {processor.py:179} INFO - Processing /home/airflow/.local/lib/python3.10/site-packages/airflow/example_dags/example_branch_python_dop_operator_3.py took 0.034 seconds
[2023-08-13T14:59:06.535+0000] {processor.py:157} INFO - Started process (PID=727) to work on /home/airflow/.local/lib/python3.10/site-packages/airflow/example_dags/example_branch_python_dop_operator_3.py
[2023-08-13T14:59:06.536+0000] {processor.py:826} INFO - Processing file /home/airflow/.local/lib/python3.10/site-packages/airflow/example_dags/example_branch_python_dop_operator_3.py for tasks to queue
[2023-08-13T14:59:06.536+0000] {logging_mixin.py:149} INFO - [2023-08-13T14:59:06.536+0000] {dagbag.py:541} INFO - Filling up the DagBag from /home/airflow/.local/lib/python3.10/site-packages/airflow/example_dags/example_branch_python_dop_operator_3.py
[2023-08-13T14:59:06.540+0000] {processor.py:836} INFO - DAG(s) dict_keys(['example_branch_dop_operator_v3']) retrieved from /home/airflow/.local/lib/python3.10/site-packages/airflow/example_dags/example_branch_python_dop_operator_3.py
[2023-08-13T14:59:06.550+0000] {logging_mixin.py:149} INFO - [2023-08-13T14:59:06.550+0000] {dag.py:2726} INFO - Sync 1 DAGs
[2023-08-13T14:59:06.562+0000] {logging_mixin.py:149} INFO - [2023-08-13T14:59:06.562+0000] {dag.py:3486} INFO - Setting next_dagrun for example_branch_dop_operator_v3 to 2023-08-13T14:58:00+00:00, run_after=2023-08-13T14:59:00+00:00
[2023-08-13T14:59:06.569+0000] {processor.py:179} INFO - Processing /home/airflow/.local/lib/python3.10/site-packages/airflow/example_dags/example_branch_python_dop_operator_3.py took 0.035 seconds
[2023-08-13T14:59:36.848+0000] {processor.py:157} INFO - Started process (PID=803) to work on /home/airflow/.local/lib/python3.10/site-packages/airflow/example_dags/example_branch_python_dop_operator_3.py
[2023-08-13T14:59:36.848+0000] {processor.py:826} INFO - Processing file /home/airflow/.local/lib/python3.10/site-packages/airflow/example_dags/example_branch_python_dop_operator_3.py for tasks to queue
[2023-08-13T14:59:36.848+0000] {logging_mixin.py:149} INFO - [2023-08-13T14:59:36.848+0000] {dagbag.py:541} INFO - Filling up the DagBag from /home/airflow/.local/lib/python3.10/site-packages/airflow/example_dags/example_branch_python_dop_operator_3.py
[2023-08-13T14:59:36.852+0000] {processor.py:836} INFO - DAG(s) dict_keys(['example_branch_dop_operator_v3']) retrieved from /home/airflow/.local/lib/python3.10/site-packages/airflow/example_dags/example_branch_python_dop_operator_3.py
[2023-08-13T14:59:36.862+0000] {logging_mixin.py:149} INFO - [2023-08-13T14:59:36.862+0000] {dag.py:2726} INFO - Sync 1 DAGs
[2023-08-13T14:59:36.875+0000] {logging_mixin.py:149} INFO - [2023-08-13T14:59:36.874+0000] {dag.py:3486} INFO - Setting next_dagrun for example_branch_dop_operator_v3 to 2023-08-13T14:58:00+00:00, run_after=2023-08-13T14:59:00+00:00
[2023-08-13T14:59:36.881+0000] {processor.py:179} INFO - Processing /home/airflow/.local/lib/python3.10/site-packages/airflow/example_dags/example_branch_python_dop_operator_3.py took 0.035 seconds
[2023-08-13T15:00:07.128+0000] {processor.py:157} INFO - Started process (PID=880) to work on /home/airflow/.local/lib/python3.10/site-packages/airflow/example_dags/example_branch_python_dop_operator_3.py
[2023-08-13T15:00:07.129+0000] {processor.py:826} INFO - Processing file /home/airflow/.local/lib/python3.10/site-packages/airflow/example_dags/example_branch_python_dop_operator_3.py for tasks to queue
[2023-08-13T15:00:07.129+0000] {logging_mixin.py:149} INFO - [2023-08-13T15:00:07.129+0000] {dagbag.py:541} INFO - Filling up the DagBag from /home/airflow/.local/lib/python3.10/site-packages/airflow/example_dags/example_branch_python_dop_operator_3.py
[2023-08-13T15:00:07.132+0000] {processor.py:836} INFO - DAG(s) dict_keys(['example_branch_dop_operator_v3']) retrieved from /home/airflow/.local/lib/python3.10/site-packages/airflow/example_dags/example_branch_python_dop_operator_3.py
[2023-08-13T15:00:07.143+0000] {logging_mixin.py:149} INFO - [2023-08-13T15:00:07.142+0000] {dag.py:2726} INFO - Sync 1 DAGs
[2023-08-13T15:00:07.155+0000] {logging_mixin.py:149} INFO - [2023-08-13T15:00:07.154+0000] {dag.py:3486} INFO - Setting next_dagrun for example_branch_dop_operator_v3 to 2023-08-13T14:59:00+00:00, run_after=2023-08-13T15:00:00+00:00
[2023-08-13T15:00:07.161+0000] {processor.py:179} INFO - Processing /home/airflow/.local/lib/python3.10/site-packages/airflow/example_dags/example_branch_python_dop_operator_3.py took 0.034 seconds
[2023-08-13T15:00:37.598+0000] {processor.py:157} INFO - Started process (PID=956) to work on /home/airflow/.local/lib/python3.10/site-packages/airflow/example_dags/example_branch_python_dop_operator_3.py
[2023-08-13T15:00:37.598+0000] {processor.py:826} INFO - Processing file /home/airflow/.local/lib/python3.10/site-packages/airflow/example_dags/example_branch_python_dop_operator_3.py for tasks to queue
[2023-08-13T15:00:37.599+0000] {logging_mixin.py:149} INFO - [2023-08-13T15:00:37.599+0000] {dagbag.py:541} INFO - Filling up the DagBag from /home/airflow/.local/lib/python3.10/site-packages/airflow/example_dags/example_branch_python_dop_operator_3.py
[2023-08-13T15:00:37.602+0000] {processor.py:836} INFO - DAG(s) dict_keys(['example_branch_dop_operator_v3']) retrieved from /home/airflow/.local/lib/python3.10/site-packages/airflow/example_dags/example_branch_python_dop_operator_3.py
[2023-08-13T15:00:37.612+0000] {logging_mixin.py:149} INFO - [2023-08-13T15:00:37.612+0000] {dag.py:2726} INFO - Sync 1 DAGs
[2023-08-13T15:00:37.623+0000] {logging_mixin.py:149} INFO - [2023-08-13T15:00:37.623+0000] {dag.py:3486} INFO - Setting next_dagrun for example_branch_dop_operator_v3 to 2023-08-13T14:59:00+00:00, run_after=2023-08-13T15:00:00+00:00
[2023-08-13T15:00:37.630+0000] {processor.py:179} INFO - Processing /home/airflow/.local/lib/python3.10/site-packages/airflow/example_dags/example_branch_python_dop_operator_3.py took 0.034 seconds
[2023-08-13T15:01:07.961+0000] {processor.py:157} INFO - Started process (PID=1033) to work on /home/airflow/.local/lib/python3.10/site-packages/airflow/example_dags/example_branch_python_dop_operator_3.py
[2023-08-13T15:01:07.961+0000] {processor.py:826} INFO - Processing file /home/airflow/.local/lib/python3.10/site-packages/airflow/example_dags/example_branch_python_dop_operator_3.py for tasks to queue
[2023-08-13T15:01:07.961+0000] {logging_mixin.py:149} INFO - [2023-08-13T15:01:07.961+0000] {dagbag.py:541} INFO - Filling up the DagBag from /home/airflow/.local/lib/python3.10/site-packages/airflow/example_dags/example_branch_python_dop_operator_3.py
[2023-08-13T15:01:07.965+0000] {processor.py:836} INFO - DAG(s) dict_keys(['example_branch_dop_operator_v3']) retrieved from /home/airflow/.local/lib/python3.10/site-packages/airflow/example_dags/example_branch_python_dop_operator_3.py
[2023-08-13T15:01:07.975+0000] {logging_mixin.py:149} INFO - [2023-08-13T15:01:07.975+0000] {dag.py:2726} INFO - Sync 1 DAGs
[2023-08-13T15:01:07.986+0000] {logging_mixin.py:149} INFO - [2023-08-13T15:01:07.986+0000] {dag.py:3486} INFO - Setting next_dagrun for example_branch_dop_operator_v3 to 2023-08-13T15:00:00+00:00, run_after=2023-08-13T15:01:00+00:00
[2023-08-13T15:01:07.993+0000] {processor.py:179} INFO - Processing /home/airflow/.local/lib/python3.10/site-packages/airflow/example_dags/example_branch_python_dop_operator_3.py took 0.034 seconds
[2023-08-13T15:01:38.248+0000] {processor.py:157} INFO - Started process (PID=1110) to work on /home/airflow/.local/lib/python3.10/site-packages/airflow/example_dags/example_branch_python_dop_operator_3.py
[2023-08-13T15:01:38.248+0000] {processor.py:826} INFO - Processing file /home/airflow/.local/lib/python3.10/site-packages/airflow/example_dags/example_branch_python_dop_operator_3.py for tasks to queue
[2023-08-13T15:01:38.249+0000] {logging_mixin.py:149} INFO - [2023-08-13T15:01:38.249+0000] {dagbag.py:541} INFO - Filling up the DagBag from /home/airflow/.local/lib/python3.10/site-packages/airflow/example_dags/example_branch_python_dop_operator_3.py
[2023-08-13T15:01:38.252+0000] {processor.py:836} INFO - DAG(s) dict_keys(['example_branch_dop_operator_v3']) retrieved from /home/airflow/.local/lib/python3.10/site-packages/airflow/example_dags/example_branch_python_dop_operator_3.py
[2023-08-13T15:01:38.262+0000] {logging_mixin.py:149} INFO - [2023-08-13T15:01:38.262+0000] {dag.py:2726} INFO - Sync 1 DAGs
[2023-08-13T15:01:38.273+0000] {logging_mixin.py:149} INFO - [2023-08-13T15:01:38.273+0000] {dag.py:3486} INFO - Setting next_dagrun for example_branch_dop_operator_v3 to 2023-08-13T15:00:00+00:00, run_after=2023-08-13T15:01:00+00:00
[2023-08-13T15:01:38.280+0000] {processor.py:179} INFO - Processing /home/airflow/.local/lib/python3.10/site-packages/airflow/example_dags/example_branch_python_dop_operator_3.py took 0.034 seconds
[2023-08-13T15:02:08.561+0000] {processor.py:157} INFO - Started process (PID=1187) to work on /home/airflow/.local/lib/python3.10/site-packages/airflow/example_dags/example_branch_python_dop_operator_3.py
[2023-08-13T15:02:08.561+0000] {processor.py:826} INFO - Processing file /home/airflow/.local/lib/python3.10/site-packages/airflow/example_dags/example_branch_python_dop_operator_3.py for tasks to queue
[2023-08-13T15:02:08.562+0000] {logging_mixin.py:149} INFO - [2023-08-13T15:02:08.562+0000] {dagbag.py:541} INFO - Filling up the DagBag from /home/airflow/.local/lib/python3.10/site-packages/airflow/example_dags/example_branch_python_dop_operator_3.py
[2023-08-13T15:02:08.565+0000] {processor.py:836} INFO - DAG(s) dict_keys(['example_branch_dop_operator_v3']) retrieved from /home/airflow/.local/lib/python3.10/site-packages/airflow/example_dags/example_branch_python_dop_operator_3.py
[2023-08-13T15:02:08.575+0000] {logging_mixin.py:149} INFO - [2023-08-13T15:02:08.575+0000] {dag.py:2726} INFO - Sync 1 DAGs
[2023-08-13T15:02:08.588+0000] {logging_mixin.py:149} INFO - [2023-08-13T15:02:08.588+0000] {dag.py:3486} INFO - Setting next_dagrun for example_branch_dop_operator_v3 to 2023-08-13T15:01:00+00:00, run_after=2023-08-13T15:02:00+00:00
[2023-08-13T15:02:08.595+0000] {processor.py:179} INFO - Processing /home/airflow/.local/lib/python3.10/site-packages/airflow/example_dags/example_branch_python_dop_operator_3.py took 0.035 seconds
[2023-08-13T15:02:38.862+0000] {processor.py:157} INFO - Started process (PID=1264) to work on /home/airflow/.local/lib/python3.10/site-packages/airflow/example_dags/example_branch_python_dop_operator_3.py
[2023-08-13T15:02:38.862+0000] {processor.py:826} INFO - Processing file /home/airflow/.local/lib/python3.10/site-packages/airflow/example_dags/example_branch_python_dop_operator_3.py for tasks to queue
[2023-08-13T15:02:38.863+0000] {logging_mixin.py:149} INFO - [2023-08-13T15:02:38.863+0000] {dagbag.py:541} INFO - Filling up the DagBag from /home/airflow/.local/lib/python3.10/site-packages/airflow/example_dags/example_branch_python_dop_operator_3.py
[2023-08-13T15:02:38.866+0000] {processor.py:836} INFO - DAG(s) dict_keys(['example_branch_dop_operator_v3']) retrieved from /home/airflow/.local/lib/python3.10/site-packages/airflow/example_dags/example_branch_python_dop_operator_3.py
[2023-08-13T15:02:38.876+0000] {logging_mixin.py:149} INFO - [2023-08-13T15:02:38.875+0000] {dag.py:2726} INFO - Sync 1 DAGs
[2023-08-13T15:02:38.887+0000] {logging_mixin.py:149} INFO - [2023-08-13T15:02:38.887+0000] {dag.py:3486} INFO - Setting next_dagrun for example_branch_dop_operator_v3 to 2023-08-13T15:01:00+00:00, run_after=2023-08-13T15:02:00+00:00
[2023-08-13T15:02:38.894+0000] {processor.py:179} INFO - Processing /home/airflow/.local/lib/python3.10/site-packages/airflow/example_dags/example_branch_python_dop_operator_3.py took 0.033 seconds
[2023-08-13T15:03:09.183+0000] {processor.py:157} INFO - Started process (PID=1341) to work on /home/airflow/.local/lib/python3.10/site-packages/airflow/example_dags/example_branch_python_dop_operator_3.py
[2023-08-13T15:03:09.183+0000] {processor.py:826} INFO - Processing file /home/airflow/.local/lib/python3.10/site-packages/airflow/example_dags/example_branch_python_dop_operator_3.py for tasks to queue
[2023-08-13T15:03:09.183+0000] {logging_mixin.py:149} INFO - [2023-08-13T15:03:09.183+0000] {dagbag.py:541} INFO - Filling up the DagBag from /home/airflow/.local/lib/python3.10/site-packages/airflow/example_dags/example_branch_python_dop_operator_3.py
[2023-08-13T15:03:09.187+0000] {processor.py:836} INFO - DAG(s) dict_keys(['example_branch_dop_operator_v3']) retrieved from /home/airflow/.local/lib/python3.10/site-packages/airflow/example_dags/example_branch_python_dop_operator_3.py
[2023-08-13T15:03:09.196+0000] {logging_mixin.py:149} INFO - [2023-08-13T15:03:09.196+0000] {dag.py:2726} INFO - Sync 1 DAGs
[2023-08-13T15:03:09.207+0000] {logging_mixin.py:149} INFO - [2023-08-13T15:03:09.207+0000] {dag.py:3486} INFO - Setting next_dagrun for example_branch_dop_operator_v3 to 2023-08-13T15:02:00+00:00, run_after=2023-08-13T15:03:00+00:00
[2023-08-13T15:03:09.215+0000] {processor.py:179} INFO - Processing /home/airflow/.local/lib/python3.10/site-packages/airflow/example_dags/example_branch_python_dop_operator_3.py took 0.034 seconds
[2023-08-13T15:03:39.469+0000] {processor.py:157} INFO - Started process (PID=1418) to work on /home/airflow/.local/lib/python3.10/site-packages/airflow/example_dags/example_branch_python_dop_operator_3.py
[2023-08-13T15:03:39.469+0000] {processor.py:826} INFO - Processing file /home/airflow/.local/lib/python3.10/site-packages/airflow/example_dags/example_branch_python_dop_operator_3.py for tasks to queue
[2023-08-13T15:03:39.469+0000] {logging_mixin.py:149} INFO - [2023-08-13T15:03:39.469+0000] {dagbag.py:541} INFO - Filling up the DagBag from /home/airflow/.local/lib/python3.10/site-packages/airflow/example_dags/example_branch_python_dop_operator_3.py
[2023-08-13T15:03:39.473+0000] {processor.py:836} INFO - DAG(s) dict_keys(['example_branch_dop_operator_v3']) retrieved from /home/airflow/.local/lib/python3.10/site-packages/airflow/example_dags/example_branch_python_dop_operator_3.py
[2023-08-13T15:03:39.482+0000] {logging_mixin.py:149} INFO - [2023-08-13T15:03:39.482+0000] {dag.py:2726} INFO - Sync 1 DAGs
[2023-08-13T15:03:39.494+0000] {logging_mixin.py:149} INFO - [2023-08-13T15:03:39.494+0000] {dag.py:3486} INFO - Setting next_dagrun for example_branch_dop_operator_v3 to 2023-08-13T15:02:00+00:00, run_after=2023-08-13T15:03:00+00:00
[2023-08-13T15:03:39.501+0000] {processor.py:179} INFO - Processing /home/airflow/.local/lib/python3.10/site-packages/airflow/example_dags/example_branch_python_dop_operator_3.py took 0.033 seconds
[2023-08-13T15:04:09.763+0000] {processor.py:157} INFO - Started process (PID=1495) to work on /home/airflow/.local/lib/python3.10/site-packages/airflow/example_dags/example_branch_python_dop_operator_3.py
[2023-08-13T15:04:09.763+0000] {processor.py:826} INFO - Processing file /home/airflow/.local/lib/python3.10/site-packages/airflow/example_dags/example_branch_python_dop_operator_3.py for tasks to queue
[2023-08-13T15:04:09.763+0000] {logging_mixin.py:149} INFO - [2023-08-13T15:04:09.763+0000] {dagbag.py:541} INFO - Filling up the DagBag from /home/airflow/.local/lib/python3.10/site-packages/airflow/example_dags/example_branch_python_dop_operator_3.py
[2023-08-13T15:04:09.767+0000] {processor.py:836} INFO - DAG(s) dict_keys(['example_branch_dop_operator_v3']) retrieved from /home/airflow/.local/lib/python3.10/site-packages/airflow/example_dags/example_branch_python_dop_operator_3.py
[2023-08-13T15:04:09.777+0000] {logging_mixin.py:149} INFO - [2023-08-13T15:04:09.777+0000] {dag.py:2726} INFO - Sync 1 DAGs
[2023-08-13T15:04:09.789+0000] {logging_mixin.py:149} INFO - [2023-08-13T15:04:09.789+0000] {dag.py:3486} INFO - Setting next_dagrun for example_branch_dop_operator_v3 to 2023-08-13T15:03:00+00:00, run_after=2023-08-13T15:04:00+00:00
[2023-08-13T15:04:09.796+0000] {processor.py:179} INFO - Processing /home/airflow/.local/lib/python3.10/site-packages/airflow/example_dags/example_branch_python_dop_operator_3.py took 0.034 seconds
[2023-08-13T15:04:40.043+0000] {processor.py:157} INFO - Started process (PID=1572) to work on /home/airflow/.local/lib/python3.10/site-packages/airflow/example_dags/example_branch_python_dop_operator_3.py
[2023-08-13T15:04:40.043+0000] {processor.py:826} INFO - Processing file /home/airflow/.local/lib/python3.10/site-packages/airflow/example_dags/example_branch_python_dop_operator_3.py for tasks to queue
[2023-08-13T15:04:40.044+0000] {logging_mixin.py:149} INFO - [2023-08-13T15:04:40.044+0000] {dagbag.py:541} INFO - Filling up the DagBag from /home/airflow/.local/lib/python3.10/site-packages/airflow/example_dags/example_branch_python_dop_operator_3.py
[2023-08-13T15:04:40.048+0000] {processor.py:836} INFO - DAG(s) dict_keys(['example_branch_dop_operator_v3']) retrieved from /home/airflow/.local/lib/python3.10/site-packages/airflow/example_dags/example_branch_python_dop_operator_3.py
[2023-08-13T15:04:40.058+0000] {logging_mixin.py:149} INFO - [2023-08-13T15:04:40.058+0000] {dag.py:2726} INFO - Sync 1 DAGs
[2023-08-13T15:04:40.071+0000] {logging_mixin.py:149} INFO - [2023-08-13T15:04:40.071+0000] {dag.py:3486} INFO - Setting next_dagrun for example_branch_dop_operator_v3 to 2023-08-13T15:03:00+00:00, run_after=2023-08-13T15:04:00+00:00
[2023-08-13T15:04:40.079+0000] {processor.py:179} INFO - Processing /home/airflow/.local/lib/python3.10/site-packages/airflow/example_dags/example_branch_python_dop_operator_3.py took 0.037 seconds
[2023-08-13T15:05:10.295+0000] {processor.py:157} INFO - Started process (PID=1649) to work on /home/airflow/.local/lib/python3.10/site-packages/airflow/example_dags/example_branch_python_dop_operator_3.py
[2023-08-13T15:05:10.296+0000] {processor.py:826} INFO - Processing file /home/airflow/.local/lib/python3.10/site-packages/airflow/example_dags/example_branch_python_dop_operator_3.py for tasks to queue
[2023-08-13T15:05:10.296+0000] {logging_mixin.py:149} INFO - [2023-08-13T15:05:10.296+0000] {dagbag.py:541} INFO - Filling up the DagBag from /home/airflow/.local/lib/python3.10/site-packages/airflow/example_dags/example_branch_python_dop_operator_3.py
[2023-08-13T15:05:10.299+0000] {processor.py:836} INFO - DAG(s) dict_keys(['example_branch_dop_operator_v3']) retrieved from /home/airflow/.local/lib/python3.10/site-packages/airflow/example_dags/example_branch_python_dop_operator_3.py
[2023-08-13T15:05:10.308+0000] {logging_mixin.py:149} INFO - [2023-08-13T15:05:10.308+0000] {dag.py:2726} INFO - Sync 1 DAGs
[2023-08-13T15:05:10.320+0000] {logging_mixin.py:149} INFO - [2023-08-13T15:05:10.320+0000] {dag.py:3486} INFO - Setting next_dagrun for example_branch_dop_operator_v3 to 2023-08-13T15:04:00+00:00, run_after=2023-08-13T15:05:00+00:00
[2023-08-13T15:05:10.327+0000] {processor.py:179} INFO - Processing /home/airflow/.local/lib/python3.10/site-packages/airflow/example_dags/example_branch_python_dop_operator_3.py took 0.033 seconds
[2023-08-13T15:05:40.576+0000] {processor.py:157} INFO - Started process (PID=1726) to work on /home/airflow/.local/lib/python3.10/site-packages/airflow/example_dags/example_branch_python_dop_operator_3.py
[2023-08-13T15:05:40.576+0000] {processor.py:826} INFO - Processing file /home/airflow/.local/lib/python3.10/site-packages/airflow/example_dags/example_branch_python_dop_operator_3.py for tasks to queue
[2023-08-13T15:05:40.576+0000] {logging_mixin.py:149} INFO - [2023-08-13T15:05:40.576+0000] {dagbag.py:541} INFO - Filling up the DagBag from /home/airflow/.local/lib/python3.10/site-packages/airflow/example_dags/example_branch_python_dop_operator_3.py
[2023-08-13T15:05:40.579+0000] {processor.py:836} INFO - DAG(s) dict_keys(['example_branch_dop_operator_v3']) retrieved from /home/airflow/.local/lib/python3.10/site-packages/airflow/example_dags/example_branch_python_dop_operator_3.py
[2023-08-13T15:05:40.589+0000] {logging_mixin.py:149} INFO - [2023-08-13T15:05:40.589+0000] {dag.py:2726} INFO - Sync 1 DAGs
[2023-08-13T15:05:40.601+0000] {logging_mixin.py:149} INFO - [2023-08-13T15:05:40.601+0000] {dag.py:3486} INFO - Setting next_dagrun for example_branch_dop_operator_v3 to 2023-08-13T15:04:00+00:00, run_after=2023-08-13T15:05:00+00:00
[2023-08-13T15:05:40.608+0000] {processor.py:179} INFO - Processing /home/airflow/.local/lib/python3.10/site-packages/airflow/example_dags/example_branch_python_dop_operator_3.py took 0.034 seconds
[2023-08-13T15:06:11.004+0000] {processor.py:157} INFO - Started process (PID=1803) to work on /home/airflow/.local/lib/python3.10/site-packages/airflow/example_dags/example_branch_python_dop_operator_3.py
[2023-08-13T15:06:11.004+0000] {processor.py:826} INFO - Processing file /home/airflow/.local/lib/python3.10/site-packages/airflow/example_dags/example_branch_python_dop_operator_3.py for tasks to queue
[2023-08-13T15:06:11.004+0000] {logging_mixin.py:149} INFO - [2023-08-13T15:06:11.004+0000] {dagbag.py:541} INFO - Filling up the DagBag from /home/airflow/.local/lib/python3.10/site-packages/airflow/example_dags/example_branch_python_dop_operator_3.py
[2023-08-13T15:06:11.008+0000] {processor.py:836} INFO - DAG(s) dict_keys(['example_branch_dop_operator_v3']) retrieved from /home/airflow/.local/lib/python3.10/site-packages/airflow/example_dags/example_branch_python_dop_operator_3.py
[2023-08-13T15:06:11.017+0000] {logging_mixin.py:149} INFO - [2023-08-13T15:06:11.017+0000] {dag.py:2726} INFO - Sync 1 DAGs
[2023-08-13T15:06:11.029+0000] {logging_mixin.py:149} INFO - [2023-08-13T15:06:11.029+0000] {dag.py:3486} INFO - Setting next_dagrun for example_branch_dop_operator_v3 to 2023-08-13T15:05:00+00:00, run_after=2023-08-13T15:06:00+00:00
[2023-08-13T15:06:11.036+0000] {processor.py:179} INFO - Processing /home/airflow/.local/lib/python3.10/site-packages/airflow/example_dags/example_branch_python_dop_operator_3.py took 0.034 seconds
[2023-08-13T15:06:41.333+0000] {processor.py:157} INFO - Started process (PID=1880) to work on /home/airflow/.local/lib/python3.10/site-packages/airflow/example_dags/example_branch_python_dop_operator_3.py
[2023-08-13T15:06:41.334+0000] {processor.py:826} INFO - Processing file /home/airflow/.local/lib/python3.10/site-packages/airflow/example_dags/example_branch_python_dop_operator_3.py for tasks to queue
[2023-08-13T15:06:41.334+0000] {logging_mixin.py:149} INFO - [2023-08-13T15:06:41.334+0000] {dagbag.py:541} INFO - Filling up the DagBag from /home/airflow/.local/lib/python3.10/site-packages/airflow/example_dags/example_branch_python_dop_operator_3.py
[2023-08-13T15:06:41.337+0000] {processor.py:836} INFO - DAG(s) dict_keys(['example_branch_dop_operator_v3']) retrieved from /home/airflow/.local/lib/python3.10/site-packages/airflow/example_dags/example_branch_python_dop_operator_3.py
[2023-08-13T15:06:41.347+0000] {logging_mixin.py:149} INFO - [2023-08-13T15:06:41.347+0000] {dag.py:2726} INFO - Sync 1 DAGs
[2023-08-13T15:06:41.359+0000] {logging_mixin.py:149} INFO - [2023-08-13T15:06:41.359+0000] {dag.py:3486} INFO - Setting next_dagrun for example_branch_dop_operator_v3 to 2023-08-13T15:05:00+00:00, run_after=2023-08-13T15:06:00+00:00
[2023-08-13T15:06:41.366+0000] {processor.py:179} INFO - Processing /home/airflow/.local/lib/python3.10/site-packages/airflow/example_dags/example_branch_python_dop_operator_3.py took 0.034 seconds
[2023-08-13T15:07:11.736+0000] {processor.py:157} INFO - Started process (PID=1956) to work on /home/airflow/.local/lib/python3.10/site-packages/airflow/example_dags/example_branch_python_dop_operator_3.py
[2023-08-13T15:07:11.737+0000] {processor.py:826} INFO - Processing file /home/airflow/.local/lib/python3.10/site-packages/airflow/example_dags/example_branch_python_dop_operator_3.py for tasks to queue
[2023-08-13T15:07:11.737+0000] {logging_mixin.py:149} INFO - [2023-08-13T15:07:11.737+0000] {dagbag.py:541} INFO - Filling up the DagBag from /home/airflow/.local/lib/python3.10/site-packages/airflow/example_dags/example_branch_python_dop_operator_3.py
[2023-08-13T15:07:11.740+0000] {processor.py:836} INFO - DAG(s) dict_keys(['example_branch_dop_operator_v3']) retrieved from /home/airflow/.local/lib/python3.10/site-packages/airflow/example_dags/example_branch_python_dop_operator_3.py
[2023-08-13T15:07:11.750+0000] {logging_mixin.py:149} INFO - [2023-08-13T15:07:11.750+0000] {dag.py:2726} INFO - Sync 1 DAGs
[2023-08-13T15:07:11.762+0000] {logging_mixin.py:149} INFO - [2023-08-13T15:07:11.762+0000] {dag.py:3486} INFO - Setting next_dagrun for example_branch_dop_operator_v3 to 2023-08-13T15:06:00+00:00, run_after=2023-08-13T15:07:00+00:00
[2023-08-13T15:07:11.769+0000] {processor.py:179} INFO - Processing /home/airflow/.local/lib/python3.10/site-packages/airflow/example_dags/example_branch_python_dop_operator_3.py took 0.034 seconds
[2023-08-13T15:07:42.223+0000] {processor.py:157} INFO - Started process (PID=2033) to work on /home/airflow/.local/lib/python3.10/site-packages/airflow/example_dags/example_branch_python_dop_operator_3.py
[2023-08-13T15:07:42.224+0000] {processor.py:826} INFO - Processing file /home/airflow/.local/lib/python3.10/site-packages/airflow/example_dags/example_branch_python_dop_operator_3.py for tasks to queue
[2023-08-13T15:07:42.224+0000] {logging_mixin.py:149} INFO - [2023-08-13T15:07:42.224+0000] {dagbag.py:541} INFO - Filling up the DagBag from /home/airflow/.local/lib/python3.10/site-packages/airflow/example_dags/example_branch_python_dop_operator_3.py
[2023-08-13T15:07:42.227+0000] {processor.py:836} INFO - DAG(s) dict_keys(['example_branch_dop_operator_v3']) retrieved from /home/airflow/.local/lib/python3.10/site-packages/airflow/example_dags/example_branch_python_dop_operator_3.py
[2023-08-13T15:07:42.238+0000] {logging_mixin.py:149} INFO - [2023-08-13T15:07:42.238+0000] {dag.py:2726} INFO - Sync 1 DAGs
[2023-08-13T15:07:42.251+0000] {logging_mixin.py:149} INFO - [2023-08-13T15:07:42.250+0000] {dag.py:3486} INFO - Setting next_dagrun for example_branch_dop_operator_v3 to 2023-08-13T15:06:00+00:00, run_after=2023-08-13T15:07:00+00:00
[2023-08-13T15:07:42.258+0000] {processor.py:179} INFO - Processing /home/airflow/.local/lib/python3.10/site-packages/airflow/example_dags/example_branch_python_dop_operator_3.py took 0.036 seconds
[2023-08-13T15:08:12.693+0000] {processor.py:157} INFO - Started process (PID=2110) to work on /home/airflow/.local/lib/python3.10/site-packages/airflow/example_dags/example_branch_python_dop_operator_3.py
[2023-08-13T15:08:12.693+0000] {processor.py:826} INFO - Processing file /home/airflow/.local/lib/python3.10/site-packages/airflow/example_dags/example_branch_python_dop_operator_3.py for tasks to queue
[2023-08-13T15:08:12.693+0000] {logging_mixin.py:149} INFO - [2023-08-13T15:08:12.693+0000] {dagbag.py:541} INFO - Filling up the DagBag from /home/airflow/.local/lib/python3.10/site-packages/airflow/example_dags/example_branch_python_dop_operator_3.py
[2023-08-13T15:08:12.697+0000] {processor.py:836} INFO - DAG(s) dict_keys(['example_branch_dop_operator_v3']) retrieved from /home/airflow/.local/lib/python3.10/site-packages/airflow/example_dags/example_branch_python_dop_operator_3.py
[2023-08-13T15:08:12.707+0000] {logging_mixin.py:149} INFO - [2023-08-13T15:08:12.707+0000] {dag.py:2726} INFO - Sync 1 DAGs
[2023-08-13T15:08:12.718+0000] {logging_mixin.py:149} INFO - [2023-08-13T15:08:12.718+0000] {dag.py:3486} INFO - Setting next_dagrun for example_branch_dop_operator_v3 to 2023-08-13T15:07:00+00:00, run_after=2023-08-13T15:08:00+00:00
[2023-08-13T15:08:12.726+0000] {processor.py:179} INFO - Processing /home/airflow/.local/lib/python3.10/site-packages/airflow/example_dags/example_branch_python_dop_operator_3.py took 0.034 seconds
[2023-08-13T15:08:43.127+0000] {processor.py:157} INFO - Started process (PID=2187) to work on /home/airflow/.local/lib/python3.10/site-packages/airflow/example_dags/example_branch_python_dop_operator_3.py
[2023-08-13T15:08:43.127+0000] {processor.py:826} INFO - Processing file /home/airflow/.local/lib/python3.10/site-packages/airflow/example_dags/example_branch_python_dop_operator_3.py for tasks to queue
[2023-08-13T15:08:43.127+0000] {logging_mixin.py:149} INFO - [2023-08-13T15:08:43.127+0000] {dagbag.py:541} INFO - Filling up the DagBag from /home/airflow/.local/lib/python3.10/site-packages/airflow/example_dags/example_branch_python_dop_operator_3.py
[2023-08-13T15:08:43.131+0000] {processor.py:836} INFO - DAG(s) dict_keys(['example_branch_dop_operator_v3']) retrieved from /home/airflow/.local/lib/python3.10/site-packages/airflow/example_dags/example_branch_python_dop_operator_3.py
[2023-08-13T15:08:43.141+0000] {logging_mixin.py:149} INFO - [2023-08-13T15:08:43.141+0000] {dag.py:2726} INFO - Sync 1 DAGs
[2023-08-13T15:08:43.152+0000] {logging_mixin.py:149} INFO - [2023-08-13T15:08:43.152+0000] {dag.py:3486} INFO - Setting next_dagrun for example_branch_dop_operator_v3 to 2023-08-13T15:07:00+00:00, run_after=2023-08-13T15:08:00+00:00
[2023-08-13T15:08:43.159+0000] {processor.py:179} INFO - Processing /home/airflow/.local/lib/python3.10/site-packages/airflow/example_dags/example_branch_python_dop_operator_3.py took 0.034 seconds
[2023-08-13T15:12:53.078+0000] {processor.py:157} INFO - Started process (PID=31) to work on /home/airflow/.local/lib/python3.10/site-packages/airflow/example_dags/example_branch_python_dop_operator_3.py
[2023-08-13T15:12:53.078+0000] {processor.py:826} INFO - Processing file /home/airflow/.local/lib/python3.10/site-packages/airflow/example_dags/example_branch_python_dop_operator_3.py for tasks to queue
[2023-08-13T15:12:53.078+0000] {logging_mixin.py:149} INFO - [2023-08-13T15:12:53.078+0000] {dagbag.py:541} INFO - Filling up the DagBag from /home/airflow/.local/lib/python3.10/site-packages/airflow/example_dags/example_branch_python_dop_operator_3.py
[2023-08-13T15:12:53.083+0000] {processor.py:836} INFO - DAG(s) dict_keys(['example_branch_dop_operator_v3']) retrieved from /home/airflow/.local/lib/python3.10/site-packages/airflow/example_dags/example_branch_python_dop_operator_3.py
[2023-08-13T15:12:53.089+0000] {logging_mixin.py:149} INFO - [2023-08-13T15:12:53.089+0000] {dag.py:2726} INFO - Sync 1 DAGs
[2023-08-13T15:12:53.103+0000] {logging_mixin.py:149} INFO - [2023-08-13T15:12:53.103+0000] {dag.py:3486} INFO - Setting next_dagrun for example_branch_dop_operator_v3 to 2023-08-13T15:11:00+00:00, run_after=2023-08-13T15:12:00+00:00
[2023-08-13T15:12:53.111+0000] {processor.py:179} INFO - Processing /home/airflow/.local/lib/python3.10/site-packages/airflow/example_dags/example_branch_python_dop_operator_3.py took 0.034 seconds
[2023-08-13T15:13:23.407+0000] {processor.py:157} INFO - Started process (PID=108) to work on /home/airflow/.local/lib/python3.10/site-packages/airflow/example_dags/example_branch_python_dop_operator_3.py
[2023-08-13T15:13:23.407+0000] {processor.py:826} INFO - Processing file /home/airflow/.local/lib/python3.10/site-packages/airflow/example_dags/example_branch_python_dop_operator_3.py for tasks to queue
[2023-08-13T15:13:23.407+0000] {logging_mixin.py:149} INFO - [2023-08-13T15:13:23.407+0000] {dagbag.py:541} INFO - Filling up the DagBag from /home/airflow/.local/lib/python3.10/site-packages/airflow/example_dags/example_branch_python_dop_operator_3.py
[2023-08-13T15:13:23.411+0000] {processor.py:836} INFO - DAG(s) dict_keys(['example_branch_dop_operator_v3']) retrieved from /home/airflow/.local/lib/python3.10/site-packages/airflow/example_dags/example_branch_python_dop_operator_3.py
[2023-08-13T15:13:23.420+0000] {logging_mixin.py:149} INFO - [2023-08-13T15:13:23.420+0000] {dag.py:2726} INFO - Sync 1 DAGs
[2023-08-13T15:13:23.432+0000] {logging_mixin.py:149} INFO - [2023-08-13T15:13:23.432+0000] {dag.py:3486} INFO - Setting next_dagrun for example_branch_dop_operator_v3 to 2023-08-13T15:12:00+00:00, run_after=2023-08-13T15:13:00+00:00
[2023-08-13T15:13:23.439+0000] {processor.py:179} INFO - Processing /home/airflow/.local/lib/python3.10/site-packages/airflow/example_dags/example_branch_python_dop_operator_3.py took 0.034 seconds
[2023-08-13T15:13:53.778+0000] {processor.py:157} INFO - Started process (PID=185) to work on /home/airflow/.local/lib/python3.10/site-packages/airflow/example_dags/example_branch_python_dop_operator_3.py
[2023-08-13T15:13:53.779+0000] {processor.py:826} INFO - Processing file /home/airflow/.local/lib/python3.10/site-packages/airflow/example_dags/example_branch_python_dop_operator_3.py for tasks to queue
[2023-08-13T15:13:53.779+0000] {logging_mixin.py:149} INFO - [2023-08-13T15:13:53.779+0000] {dagbag.py:541} INFO - Filling up the DagBag from /home/airflow/.local/lib/python3.10/site-packages/airflow/example_dags/example_branch_python_dop_operator_3.py
[2023-08-13T15:13:53.782+0000] {processor.py:836} INFO - DAG(s) dict_keys(['example_branch_dop_operator_v3']) retrieved from /home/airflow/.local/lib/python3.10/site-packages/airflow/example_dags/example_branch_python_dop_operator_3.py
[2023-08-13T15:13:53.792+0000] {logging_mixin.py:149} INFO - [2023-08-13T15:13:53.792+0000] {dag.py:2726} INFO - Sync 1 DAGs
[2023-08-13T15:13:53.804+0000] {logging_mixin.py:149} INFO - [2023-08-13T15:13:53.804+0000] {dag.py:3486} INFO - Setting next_dagrun for example_branch_dop_operator_v3 to 2023-08-13T15:12:00+00:00, run_after=2023-08-13T15:13:00+00:00
[2023-08-13T15:13:53.811+0000] {processor.py:179} INFO - Processing /home/airflow/.local/lib/python3.10/site-packages/airflow/example_dags/example_branch_python_dop_operator_3.py took 0.034 seconds
[2023-08-13T15:14:24.253+0000] {processor.py:157} INFO - Started process (PID=262) to work on /home/airflow/.local/lib/python3.10/site-packages/airflow/example_dags/example_branch_python_dop_operator_3.py
[2023-08-13T15:14:24.254+0000] {processor.py:826} INFO - Processing file /home/airflow/.local/lib/python3.10/site-packages/airflow/example_dags/example_branch_python_dop_operator_3.py for tasks to queue
[2023-08-13T15:14:24.254+0000] {logging_mixin.py:149} INFO - [2023-08-13T15:14:24.254+0000] {dagbag.py:541} INFO - Filling up the DagBag from /home/airflow/.local/lib/python3.10/site-packages/airflow/example_dags/example_branch_python_dop_operator_3.py
[2023-08-13T15:14:24.257+0000] {processor.py:836} INFO - DAG(s) dict_keys(['example_branch_dop_operator_v3']) retrieved from /home/airflow/.local/lib/python3.10/site-packages/airflow/example_dags/example_branch_python_dop_operator_3.py
[2023-08-13T15:14:24.268+0000] {logging_mixin.py:149} INFO - [2023-08-13T15:14:24.268+0000] {dag.py:2726} INFO - Sync 1 DAGs
[2023-08-13T15:14:24.281+0000] {logging_mixin.py:149} INFO - [2023-08-13T15:14:24.281+0000] {dag.py:3486} INFO - Setting next_dagrun for example_branch_dop_operator_v3 to 2023-08-13T15:13:00+00:00, run_after=2023-08-13T15:14:00+00:00
[2023-08-13T15:14:24.290+0000] {processor.py:179} INFO - Processing /home/airflow/.local/lib/python3.10/site-packages/airflow/example_dags/example_branch_python_dop_operator_3.py took 0.038 seconds
[2023-08-13T15:14:54.619+0000] {processor.py:157} INFO - Started process (PID=343) to work on /home/airflow/.local/lib/python3.10/site-packages/airflow/example_dags/example_branch_python_dop_operator_3.py
[2023-08-13T15:14:54.620+0000] {processor.py:826} INFO - Processing file /home/airflow/.local/lib/python3.10/site-packages/airflow/example_dags/example_branch_python_dop_operator_3.py for tasks to queue
[2023-08-13T15:14:54.620+0000] {logging_mixin.py:149} INFO - [2023-08-13T15:14:54.620+0000] {dagbag.py:541} INFO - Filling up the DagBag from /home/airflow/.local/lib/python3.10/site-packages/airflow/example_dags/example_branch_python_dop_operator_3.py
[2023-08-13T15:14:54.623+0000] {processor.py:836} INFO - DAG(s) dict_keys(['example_branch_dop_operator_v3']) retrieved from /home/airflow/.local/lib/python3.10/site-packages/airflow/example_dags/example_branch_python_dop_operator_3.py
[2023-08-13T15:14:54.634+0000] {logging_mixin.py:149} INFO - [2023-08-13T15:14:54.634+0000] {dag.py:2726} INFO - Sync 1 DAGs
[2023-08-13T15:14:54.646+0000] {logging_mixin.py:149} INFO - [2023-08-13T15:14:54.646+0000] {dag.py:3486} INFO - Setting next_dagrun for example_branch_dop_operator_v3 to 2023-08-13T15:13:00+00:00, run_after=2023-08-13T15:14:00+00:00
[2023-08-13T15:14:54.653+0000] {processor.py:179} INFO - Processing /home/airflow/.local/lib/python3.10/site-packages/airflow/example_dags/example_branch_python_dop_operator_3.py took 0.035 seconds
[2023-08-13T15:15:25.013+0000] {processor.py:157} INFO - Started process (PID=420) to work on /home/airflow/.local/lib/python3.10/site-packages/airflow/example_dags/example_branch_python_dop_operator_3.py
[2023-08-13T15:15:25.014+0000] {processor.py:826} INFO - Processing file /home/airflow/.local/lib/python3.10/site-packages/airflow/example_dags/example_branch_python_dop_operator_3.py for tasks to queue
[2023-08-13T15:15:25.014+0000] {logging_mixin.py:149} INFO - [2023-08-13T15:15:25.014+0000] {dagbag.py:541} INFO - Filling up the DagBag from /home/airflow/.local/lib/python3.10/site-packages/airflow/example_dags/example_branch_python_dop_operator_3.py
[2023-08-13T15:15:25.017+0000] {processor.py:836} INFO - DAG(s) dict_keys(['example_branch_dop_operator_v3']) retrieved from /home/airflow/.local/lib/python3.10/site-packages/airflow/example_dags/example_branch_python_dop_operator_3.py
[2023-08-13T15:15:25.027+0000] {logging_mixin.py:149} INFO - [2023-08-13T15:15:25.027+0000] {dag.py:2726} INFO - Sync 1 DAGs
[2023-08-13T15:15:25.039+0000] {logging_mixin.py:149} INFO - [2023-08-13T15:15:25.039+0000] {dag.py:3486} INFO - Setting next_dagrun for example_branch_dop_operator_v3 to 2023-08-13T15:14:00+00:00, run_after=2023-08-13T15:15:00+00:00
[2023-08-13T15:15:25.046+0000] {processor.py:179} INFO - Processing /home/airflow/.local/lib/python3.10/site-packages/airflow/example_dags/example_branch_python_dop_operator_3.py took 0.033 seconds
[2023-08-13T15:15:55.467+0000] {processor.py:157} INFO - Started process (PID=497) to work on /home/airflow/.local/lib/python3.10/site-packages/airflow/example_dags/example_branch_python_dop_operator_3.py
[2023-08-13T15:15:55.467+0000] {processor.py:826} INFO - Processing file /home/airflow/.local/lib/python3.10/site-packages/airflow/example_dags/example_branch_python_dop_operator_3.py for tasks to queue
[2023-08-13T15:15:55.468+0000] {logging_mixin.py:149} INFO - [2023-08-13T15:15:55.468+0000] {dagbag.py:541} INFO - Filling up the DagBag from /home/airflow/.local/lib/python3.10/site-packages/airflow/example_dags/example_branch_python_dop_operator_3.py
[2023-08-13T15:15:55.471+0000] {processor.py:836} INFO - DAG(s) dict_keys(['example_branch_dop_operator_v3']) retrieved from /home/airflow/.local/lib/python3.10/site-packages/airflow/example_dags/example_branch_python_dop_operator_3.py
[2023-08-13T15:15:55.484+0000] {logging_mixin.py:149} INFO - [2023-08-13T15:15:55.484+0000] {dag.py:2726} INFO - Sync 1 DAGs
[2023-08-13T15:15:55.496+0000] {logging_mixin.py:149} INFO - [2023-08-13T15:15:55.496+0000] {dag.py:3486} INFO - Setting next_dagrun for example_branch_dop_operator_v3 to 2023-08-13T15:14:00+00:00, run_after=2023-08-13T15:15:00+00:00
[2023-08-13T15:15:55.504+0000] {processor.py:179} INFO - Processing /home/airflow/.local/lib/python3.10/site-packages/airflow/example_dags/example_branch_python_dop_operator_3.py took 0.038 seconds
[2023-08-13T15:16:25.798+0000] {processor.py:157} INFO - Started process (PID=574) to work on /home/airflow/.local/lib/python3.10/site-packages/airflow/example_dags/example_branch_python_dop_operator_3.py
[2023-08-13T15:16:25.799+0000] {processor.py:826} INFO - Processing file /home/airflow/.local/lib/python3.10/site-packages/airflow/example_dags/example_branch_python_dop_operator_3.py for tasks to queue
[2023-08-13T15:16:25.799+0000] {logging_mixin.py:149} INFO - [2023-08-13T15:16:25.799+0000] {dagbag.py:541} INFO - Filling up the DagBag from /home/airflow/.local/lib/python3.10/site-packages/airflow/example_dags/example_branch_python_dop_operator_3.py
[2023-08-13T15:16:25.803+0000] {processor.py:836} INFO - DAG(s) dict_keys(['example_branch_dop_operator_v3']) retrieved from /home/airflow/.local/lib/python3.10/site-packages/airflow/example_dags/example_branch_python_dop_operator_3.py
[2023-08-13T15:16:25.813+0000] {logging_mixin.py:149} INFO - [2023-08-13T15:16:25.813+0000] {dag.py:2726} INFO - Sync 1 DAGs
[2023-08-13T15:16:25.825+0000] {logging_mixin.py:149} INFO - [2023-08-13T15:16:25.825+0000] {dag.py:3486} INFO - Setting next_dagrun for example_branch_dop_operator_v3 to 2023-08-13T15:15:00+00:00, run_after=2023-08-13T15:16:00+00:00
[2023-08-13T15:16:25.832+0000] {processor.py:179} INFO - Processing /home/airflow/.local/lib/python3.10/site-packages/airflow/example_dags/example_branch_python_dop_operator_3.py took 0.035 seconds
[2023-08-13T15:16:56.125+0000] {processor.py:157} INFO - Started process (PID=650) to work on /home/airflow/.local/lib/python3.10/site-packages/airflow/example_dags/example_branch_python_dop_operator_3.py
[2023-08-13T15:16:56.125+0000] {processor.py:826} INFO - Processing file /home/airflow/.local/lib/python3.10/site-packages/airflow/example_dags/example_branch_python_dop_operator_3.py for tasks to queue
[2023-08-13T15:16:56.125+0000] {logging_mixin.py:149} INFO - [2023-08-13T15:16:56.125+0000] {dagbag.py:541} INFO - Filling up the DagBag from /home/airflow/.local/lib/python3.10/site-packages/airflow/example_dags/example_branch_python_dop_operator_3.py
[2023-08-13T15:16:56.129+0000] {processor.py:836} INFO - DAG(s) dict_keys(['example_branch_dop_operator_v3']) retrieved from /home/airflow/.local/lib/python3.10/site-packages/airflow/example_dags/example_branch_python_dop_operator_3.py
[2023-08-13T15:16:56.138+0000] {logging_mixin.py:149} INFO - [2023-08-13T15:16:56.138+0000] {dag.py:2726} INFO - Sync 1 DAGs
[2023-08-13T15:16:56.150+0000] {logging_mixin.py:149} INFO - [2023-08-13T15:16:56.150+0000] {dag.py:3486} INFO - Setting next_dagrun for example_branch_dop_operator_v3 to 2023-08-13T15:15:00+00:00, run_after=2023-08-13T15:16:00+00:00
[2023-08-13T15:16:56.156+0000] {processor.py:179} INFO - Processing /home/airflow/.local/lib/python3.10/site-packages/airflow/example_dags/example_branch_python_dop_operator_3.py took 0.033 seconds
[2023-08-13T15:17:26.450+0000] {processor.py:157} INFO - Started process (PID=727) to work on /home/airflow/.local/lib/python3.10/site-packages/airflow/example_dags/example_branch_python_dop_operator_3.py
[2023-08-13T15:17:26.451+0000] {processor.py:826} INFO - Processing file /home/airflow/.local/lib/python3.10/site-packages/airflow/example_dags/example_branch_python_dop_operator_3.py for tasks to queue
[2023-08-13T15:17:26.451+0000] {logging_mixin.py:149} INFO - [2023-08-13T15:17:26.451+0000] {dagbag.py:541} INFO - Filling up the DagBag from /home/airflow/.local/lib/python3.10/site-packages/airflow/example_dags/example_branch_python_dop_operator_3.py
[2023-08-13T15:17:26.455+0000] {processor.py:836} INFO - DAG(s) dict_keys(['example_branch_dop_operator_v3']) retrieved from /home/airflow/.local/lib/python3.10/site-packages/airflow/example_dags/example_branch_python_dop_operator_3.py
[2023-08-13T15:17:26.464+0000] {logging_mixin.py:149} INFO - [2023-08-13T15:17:26.464+0000] {dag.py:2726} INFO - Sync 1 DAGs
[2023-08-13T15:17:26.476+0000] {logging_mixin.py:149} INFO - [2023-08-13T15:17:26.476+0000] {dag.py:3486} INFO - Setting next_dagrun for example_branch_dop_operator_v3 to 2023-08-13T15:16:00+00:00, run_after=2023-08-13T15:17:00+00:00
[2023-08-13T15:17:26.483+0000] {processor.py:179} INFO - Processing /home/airflow/.local/lib/python3.10/site-packages/airflow/example_dags/example_branch_python_dop_operator_3.py took 0.034 seconds
[2023-08-13T15:17:56.738+0000] {processor.py:157} INFO - Started process (PID=804) to work on /home/airflow/.local/lib/python3.10/site-packages/airflow/example_dags/example_branch_python_dop_operator_3.py
[2023-08-13T15:17:56.738+0000] {processor.py:826} INFO - Processing file /home/airflow/.local/lib/python3.10/site-packages/airflow/example_dags/example_branch_python_dop_operator_3.py for tasks to queue
[2023-08-13T15:17:56.738+0000] {logging_mixin.py:149} INFO - [2023-08-13T15:17:56.738+0000] {dagbag.py:541} INFO - Filling up the DagBag from /home/airflow/.local/lib/python3.10/site-packages/airflow/example_dags/example_branch_python_dop_operator_3.py
[2023-08-13T15:17:56.742+0000] {processor.py:836} INFO - DAG(s) dict_keys(['example_branch_dop_operator_v3']) retrieved from /home/airflow/.local/lib/python3.10/site-packages/airflow/example_dags/example_branch_python_dop_operator_3.py
[2023-08-13T15:17:56.752+0000] {logging_mixin.py:149} INFO - [2023-08-13T15:17:56.752+0000] {dag.py:2726} INFO - Sync 1 DAGs
[2023-08-13T15:17:56.764+0000] {logging_mixin.py:149} INFO - [2023-08-13T15:17:56.764+0000] {dag.py:3486} INFO - Setting next_dagrun for example_branch_dop_operator_v3 to 2023-08-13T15:16:00+00:00, run_after=2023-08-13T15:17:00+00:00
[2023-08-13T15:17:56.771+0000] {processor.py:179} INFO - Processing /home/airflow/.local/lib/python3.10/site-packages/airflow/example_dags/example_branch_python_dop_operator_3.py took 0.034 seconds
[2023-08-13T15:18:27.041+0000] {processor.py:157} INFO - Started process (PID=881) to work on /home/airflow/.local/lib/python3.10/site-packages/airflow/example_dags/example_branch_python_dop_operator_3.py
[2023-08-13T15:18:27.041+0000] {processor.py:826} INFO - Processing file /home/airflow/.local/lib/python3.10/site-packages/airflow/example_dags/example_branch_python_dop_operator_3.py for tasks to queue
[2023-08-13T15:18:27.042+0000] {logging_mixin.py:149} INFO - [2023-08-13T15:18:27.041+0000] {dagbag.py:541} INFO - Filling up the DagBag from /home/airflow/.local/lib/python3.10/site-packages/airflow/example_dags/example_branch_python_dop_operator_3.py
[2023-08-13T15:18:27.045+0000] {processor.py:836} INFO - DAG(s) dict_keys(['example_branch_dop_operator_v3']) retrieved from /home/airflow/.local/lib/python3.10/site-packages/airflow/example_dags/example_branch_python_dop_operator_3.py
[2023-08-13T15:18:27.055+0000] {logging_mixin.py:149} INFO - [2023-08-13T15:18:27.055+0000] {dag.py:2726} INFO - Sync 1 DAGs
[2023-08-13T15:18:27.067+0000] {logging_mixin.py:149} INFO - [2023-08-13T15:18:27.067+0000] {dag.py:3486} INFO - Setting next_dagrun for example_branch_dop_operator_v3 to 2023-08-13T15:17:00+00:00, run_after=2023-08-13T15:18:00+00:00
[2023-08-13T15:18:27.075+0000] {processor.py:179} INFO - Processing /home/airflow/.local/lib/python3.10/site-packages/airflow/example_dags/example_branch_python_dop_operator_3.py took 0.035 seconds
[2023-08-13T15:18:57.335+0000] {processor.py:157} INFO - Started process (PID=958) to work on /home/airflow/.local/lib/python3.10/site-packages/airflow/example_dags/example_branch_python_dop_operator_3.py
[2023-08-13T15:18:57.335+0000] {processor.py:826} INFO - Processing file /home/airflow/.local/lib/python3.10/site-packages/airflow/example_dags/example_branch_python_dop_operator_3.py for tasks to queue
[2023-08-13T15:18:57.335+0000] {logging_mixin.py:149} INFO - [2023-08-13T15:18:57.335+0000] {dagbag.py:541} INFO - Filling up the DagBag from /home/airflow/.local/lib/python3.10/site-packages/airflow/example_dags/example_branch_python_dop_operator_3.py
[2023-08-13T15:18:57.338+0000] {processor.py:836} INFO - DAG(s) dict_keys(['example_branch_dop_operator_v3']) retrieved from /home/airflow/.local/lib/python3.10/site-packages/airflow/example_dags/example_branch_python_dop_operator_3.py
[2023-08-13T15:18:57.348+0000] {logging_mixin.py:149} INFO - [2023-08-13T15:18:57.348+0000] {dag.py:2726} INFO - Sync 1 DAGs
[2023-08-13T15:18:57.360+0000] {logging_mixin.py:149} INFO - [2023-08-13T15:18:57.360+0000] {dag.py:3486} INFO - Setting next_dagrun for example_branch_dop_operator_v3 to 2023-08-13T15:17:00+00:00, run_after=2023-08-13T15:18:00+00:00
[2023-08-13T15:18:57.367+0000] {processor.py:179} INFO - Processing /home/airflow/.local/lib/python3.10/site-packages/airflow/example_dags/example_branch_python_dop_operator_3.py took 0.033 seconds
[2023-08-13T15:19:27.756+0000] {processor.py:157} INFO - Started process (PID=1035) to work on /home/airflow/.local/lib/python3.10/site-packages/airflow/example_dags/example_branch_python_dop_operator_3.py
[2023-08-13T15:19:27.756+0000] {processor.py:826} INFO - Processing file /home/airflow/.local/lib/python3.10/site-packages/airflow/example_dags/example_branch_python_dop_operator_3.py for tasks to queue
[2023-08-13T15:19:27.756+0000] {logging_mixin.py:149} INFO - [2023-08-13T15:19:27.756+0000] {dagbag.py:541} INFO - Filling up the DagBag from /home/airflow/.local/lib/python3.10/site-packages/airflow/example_dags/example_branch_python_dop_operator_3.py
[2023-08-13T15:19:27.760+0000] {processor.py:836} INFO - DAG(s) dict_keys(['example_branch_dop_operator_v3']) retrieved from /home/airflow/.local/lib/python3.10/site-packages/airflow/example_dags/example_branch_python_dop_operator_3.py
[2023-08-13T15:19:27.769+0000] {logging_mixin.py:149} INFO - [2023-08-13T15:19:27.769+0000] {dag.py:2726} INFO - Sync 1 DAGs
[2023-08-13T15:19:27.781+0000] {logging_mixin.py:149} INFO - [2023-08-13T15:19:27.781+0000] {dag.py:3486} INFO - Setting next_dagrun for example_branch_dop_operator_v3 to 2023-08-13T15:18:00+00:00, run_after=2023-08-13T15:19:00+00:00
[2023-08-13T15:19:27.788+0000] {processor.py:179} INFO - Processing /home/airflow/.local/lib/python3.10/site-packages/airflow/example_dags/example_branch_python_dop_operator_3.py took 0.034 seconds
[2023-08-13T15:19:58.081+0000] {processor.py:157} INFO - Started process (PID=1112) to work on /home/airflow/.local/lib/python3.10/site-packages/airflow/example_dags/example_branch_python_dop_operator_3.py
[2023-08-13T15:19:58.081+0000] {processor.py:826} INFO - Processing file /home/airflow/.local/lib/python3.10/site-packages/airflow/example_dags/example_branch_python_dop_operator_3.py for tasks to queue
[2023-08-13T15:19:58.082+0000] {logging_mixin.py:149} INFO - [2023-08-13T15:19:58.082+0000] {dagbag.py:541} INFO - Filling up the DagBag from /home/airflow/.local/lib/python3.10/site-packages/airflow/example_dags/example_branch_python_dop_operator_3.py
[2023-08-13T15:19:58.085+0000] {processor.py:836} INFO - DAG(s) dict_keys(['example_branch_dop_operator_v3']) retrieved from /home/airflow/.local/lib/python3.10/site-packages/airflow/example_dags/example_branch_python_dop_operator_3.py
[2023-08-13T15:19:58.095+0000] {logging_mixin.py:149} INFO - [2023-08-13T15:19:58.095+0000] {dag.py:2726} INFO - Sync 1 DAGs
[2023-08-13T15:19:58.107+0000] {logging_mixin.py:149} INFO - [2023-08-13T15:19:58.107+0000] {dag.py:3486} INFO - Setting next_dagrun for example_branch_dop_operator_v3 to 2023-08-13T15:18:00+00:00, run_after=2023-08-13T15:19:00+00:00
[2023-08-13T15:19:58.114+0000] {processor.py:179} INFO - Processing /home/airflow/.local/lib/python3.10/site-packages/airflow/example_dags/example_branch_python_dop_operator_3.py took 0.035 seconds
[2023-08-13T15:20:28.346+0000] {processor.py:157} INFO - Started process (PID=1189) to work on /home/airflow/.local/lib/python3.10/site-packages/airflow/example_dags/example_branch_python_dop_operator_3.py
[2023-08-13T15:20:28.346+0000] {processor.py:826} INFO - Processing file /home/airflow/.local/lib/python3.10/site-packages/airflow/example_dags/example_branch_python_dop_operator_3.py for tasks to queue
[2023-08-13T15:20:28.346+0000] {logging_mixin.py:149} INFO - [2023-08-13T15:20:28.346+0000] {dagbag.py:541} INFO - Filling up the DagBag from /home/airflow/.local/lib/python3.10/site-packages/airflow/example_dags/example_branch_python_dop_operator_3.py
[2023-08-13T15:20:28.350+0000] {processor.py:836} INFO - DAG(s) dict_keys(['example_branch_dop_operator_v3']) retrieved from /home/airflow/.local/lib/python3.10/site-packages/airflow/example_dags/example_branch_python_dop_operator_3.py
[2023-08-13T15:20:28.360+0000] {logging_mixin.py:149} INFO - [2023-08-13T15:20:28.359+0000] {dag.py:2726} INFO - Sync 1 DAGs
[2023-08-13T15:20:28.371+0000] {logging_mixin.py:149} INFO - [2023-08-13T15:20:28.371+0000] {dag.py:3486} INFO - Setting next_dagrun for example_branch_dop_operator_v3 to 2023-08-13T15:19:00+00:00, run_after=2023-08-13T15:20:00+00:00
[2023-08-13T15:20:28.378+0000] {processor.py:179} INFO - Processing /home/airflow/.local/lib/python3.10/site-packages/airflow/example_dags/example_branch_python_dop_operator_3.py took 0.034 seconds
[2023-08-13T15:20:58.711+0000] {processor.py:157} INFO - Started process (PID=1266) to work on /home/airflow/.local/lib/python3.10/site-packages/airflow/example_dags/example_branch_python_dop_operator_3.py
[2023-08-13T15:20:58.711+0000] {processor.py:826} INFO - Processing file /home/airflow/.local/lib/python3.10/site-packages/airflow/example_dags/example_branch_python_dop_operator_3.py for tasks to queue
[2023-08-13T15:20:58.711+0000] {logging_mixin.py:149} INFO - [2023-08-13T15:20:58.711+0000] {dagbag.py:541} INFO - Filling up the DagBag from /home/airflow/.local/lib/python3.10/site-packages/airflow/example_dags/example_branch_python_dop_operator_3.py
[2023-08-13T15:20:58.714+0000] {processor.py:836} INFO - DAG(s) dict_keys(['example_branch_dop_operator_v3']) retrieved from /home/airflow/.local/lib/python3.10/site-packages/airflow/example_dags/example_branch_python_dop_operator_3.py
[2023-08-13T15:20:58.724+0000] {logging_mixin.py:149} INFO - [2023-08-13T15:20:58.724+0000] {dag.py:2726} INFO - Sync 1 DAGs
[2023-08-13T15:20:58.736+0000] {logging_mixin.py:149} INFO - [2023-08-13T15:20:58.736+0000] {dag.py:3486} INFO - Setting next_dagrun for example_branch_dop_operator_v3 to 2023-08-13T15:19:00+00:00, run_after=2023-08-13T15:20:00+00:00
[2023-08-13T15:20:58.743+0000] {processor.py:179} INFO - Processing /home/airflow/.local/lib/python3.10/site-packages/airflow/example_dags/example_branch_python_dop_operator_3.py took 0.033 seconds
[2023-08-13T15:21:28.966+0000] {processor.py:157} INFO - Started process (PID=1343) to work on /home/airflow/.local/lib/python3.10/site-packages/airflow/example_dags/example_branch_python_dop_operator_3.py
[2023-08-13T15:21:28.966+0000] {processor.py:826} INFO - Processing file /home/airflow/.local/lib/python3.10/site-packages/airflow/example_dags/example_branch_python_dop_operator_3.py for tasks to queue
[2023-08-13T15:21:28.967+0000] {logging_mixin.py:149} INFO - [2023-08-13T15:21:28.967+0000] {dagbag.py:541} INFO - Filling up the DagBag from /home/airflow/.local/lib/python3.10/site-packages/airflow/example_dags/example_branch_python_dop_operator_3.py
[2023-08-13T15:21:28.970+0000] {processor.py:836} INFO - DAG(s) dict_keys(['example_branch_dop_operator_v3']) retrieved from /home/airflow/.local/lib/python3.10/site-packages/airflow/example_dags/example_branch_python_dop_operator_3.py
[2023-08-13T15:21:28.979+0000] {logging_mixin.py:149} INFO - [2023-08-13T15:21:28.979+0000] {dag.py:2726} INFO - Sync 1 DAGs
[2023-08-13T15:21:28.991+0000] {logging_mixin.py:149} INFO - [2023-08-13T15:21:28.991+0000] {dag.py:3486} INFO - Setting next_dagrun for example_branch_dop_operator_v3 to 2023-08-13T15:20:00+00:00, run_after=2023-08-13T15:21:00+00:00
[2023-08-13T15:21:28.998+0000] {processor.py:179} INFO - Processing /home/airflow/.local/lib/python3.10/site-packages/airflow/example_dags/example_branch_python_dop_operator_3.py took 0.033 seconds
[2023-08-13T15:21:59.241+0000] {processor.py:157} INFO - Started process (PID=1421) to work on /home/airflow/.local/lib/python3.10/site-packages/airflow/example_dags/example_branch_python_dop_operator_3.py
[2023-08-13T15:21:59.241+0000] {processor.py:826} INFO - Processing file /home/airflow/.local/lib/python3.10/site-packages/airflow/example_dags/example_branch_python_dop_operator_3.py for tasks to queue
[2023-08-13T15:21:59.241+0000] {logging_mixin.py:149} INFO - [2023-08-13T15:21:59.241+0000] {dagbag.py:541} INFO - Filling up the DagBag from /home/airflow/.local/lib/python3.10/site-packages/airflow/example_dags/example_branch_python_dop_operator_3.py
[2023-08-13T15:21:59.245+0000] {processor.py:836} INFO - DAG(s) dict_keys(['example_branch_dop_operator_v3']) retrieved from /home/airflow/.local/lib/python3.10/site-packages/airflow/example_dags/example_branch_python_dop_operator_3.py
[2023-08-13T15:21:59.254+0000] {logging_mixin.py:149} INFO - [2023-08-13T15:21:59.254+0000] {dag.py:2726} INFO - Sync 1 DAGs
[2023-08-13T15:21:59.266+0000] {logging_mixin.py:149} INFO - [2023-08-13T15:21:59.265+0000] {dag.py:3486} INFO - Setting next_dagrun for example_branch_dop_operator_v3 to 2023-08-13T15:20:00+00:00, run_after=2023-08-13T15:21:00+00:00
[2023-08-13T15:21:59.273+0000] {processor.py:179} INFO - Processing /home/airflow/.local/lib/python3.10/site-packages/airflow/example_dags/example_branch_python_dop_operator_3.py took 0.033 seconds
[2023-08-13T15:22:29.496+0000] {processor.py:157} INFO - Started process (PID=1498) to work on /home/airflow/.local/lib/python3.10/site-packages/airflow/example_dags/example_branch_python_dop_operator_3.py
[2023-08-13T15:22:29.496+0000] {processor.py:826} INFO - Processing file /home/airflow/.local/lib/python3.10/site-packages/airflow/example_dags/example_branch_python_dop_operator_3.py for tasks to queue
[2023-08-13T15:22:29.496+0000] {logging_mixin.py:149} INFO - [2023-08-13T15:22:29.496+0000] {dagbag.py:541} INFO - Filling up the DagBag from /home/airflow/.local/lib/python3.10/site-packages/airflow/example_dags/example_branch_python_dop_operator_3.py
[2023-08-13T15:22:29.499+0000] {processor.py:836} INFO - DAG(s) dict_keys(['example_branch_dop_operator_v3']) retrieved from /home/airflow/.local/lib/python3.10/site-packages/airflow/example_dags/example_branch_python_dop_operator_3.py
[2023-08-13T15:22:29.509+0000] {logging_mixin.py:149} INFO - [2023-08-13T15:22:29.509+0000] {dag.py:2726} INFO - Sync 1 DAGs
[2023-08-13T15:22:29.521+0000] {logging_mixin.py:149} INFO - [2023-08-13T15:22:29.520+0000] {dag.py:3486} INFO - Setting next_dagrun for example_branch_dop_operator_v3 to 2023-08-13T15:21:00+00:00, run_after=2023-08-13T15:22:00+00:00
[2023-08-13T15:22:29.527+0000] {processor.py:179} INFO - Processing /home/airflow/.local/lib/python3.10/site-packages/airflow/example_dags/example_branch_python_dop_operator_3.py took 0.033 seconds
[2023-08-13T15:22:59.827+0000] {processor.py:157} INFO - Started process (PID=1575) to work on /home/airflow/.local/lib/python3.10/site-packages/airflow/example_dags/example_branch_python_dop_operator_3.py
[2023-08-13T15:22:59.828+0000] {processor.py:826} INFO - Processing file /home/airflow/.local/lib/python3.10/site-packages/airflow/example_dags/example_branch_python_dop_operator_3.py for tasks to queue
[2023-08-13T15:22:59.828+0000] {logging_mixin.py:149} INFO - [2023-08-13T15:22:59.828+0000] {dagbag.py:541} INFO - Filling up the DagBag from /home/airflow/.local/lib/python3.10/site-packages/airflow/example_dags/example_branch_python_dop_operator_3.py
[2023-08-13T15:22:59.831+0000] {processor.py:836} INFO - DAG(s) dict_keys(['example_branch_dop_operator_v3']) retrieved from /home/airflow/.local/lib/python3.10/site-packages/airflow/example_dags/example_branch_python_dop_operator_3.py
[2023-08-13T15:22:59.841+0000] {logging_mixin.py:149} INFO - [2023-08-13T15:22:59.841+0000] {dag.py:2726} INFO - Sync 1 DAGs
[2023-08-13T15:22:59.853+0000] {logging_mixin.py:149} INFO - [2023-08-13T15:22:59.852+0000] {dag.py:3486} INFO - Setting next_dagrun for example_branch_dop_operator_v3 to 2023-08-13T15:21:00+00:00, run_after=2023-08-13T15:22:00+00:00
[2023-08-13T15:22:59.859+0000] {processor.py:179} INFO - Processing /home/airflow/.local/lib/python3.10/site-packages/airflow/example_dags/example_branch_python_dop_operator_3.py took 0.033 seconds
[2023-08-13T15:23:30.153+0000] {processor.py:157} INFO - Started process (PID=1652) to work on /home/airflow/.local/lib/python3.10/site-packages/airflow/example_dags/example_branch_python_dop_operator_3.py
[2023-08-13T15:23:30.153+0000] {processor.py:826} INFO - Processing file /home/airflow/.local/lib/python3.10/site-packages/airflow/example_dags/example_branch_python_dop_operator_3.py for tasks to queue
[2023-08-13T15:23:30.153+0000] {logging_mixin.py:149} INFO - [2023-08-13T15:23:30.153+0000] {dagbag.py:541} INFO - Filling up the DagBag from /home/airflow/.local/lib/python3.10/site-packages/airflow/example_dags/example_branch_python_dop_operator_3.py
[2023-08-13T15:23:30.157+0000] {processor.py:836} INFO - DAG(s) dict_keys(['example_branch_dop_operator_v3']) retrieved from /home/airflow/.local/lib/python3.10/site-packages/airflow/example_dags/example_branch_python_dop_operator_3.py
[2023-08-13T15:23:30.166+0000] {logging_mixin.py:149} INFO - [2023-08-13T15:23:30.166+0000] {dag.py:2726} INFO - Sync 1 DAGs
[2023-08-13T15:23:30.178+0000] {logging_mixin.py:149} INFO - [2023-08-13T15:23:30.178+0000] {dag.py:3486} INFO - Setting next_dagrun for example_branch_dop_operator_v3 to 2023-08-13T15:22:00+00:00, run_after=2023-08-13T15:23:00+00:00
[2023-08-13T15:23:30.185+0000] {processor.py:179} INFO - Processing /home/airflow/.local/lib/python3.10/site-packages/airflow/example_dags/example_branch_python_dop_operator_3.py took 0.034 seconds
[2023-08-13T15:24:00.444+0000] {processor.py:157} INFO - Started process (PID=1729) to work on /home/airflow/.local/lib/python3.10/site-packages/airflow/example_dags/example_branch_python_dop_operator_3.py
[2023-08-13T15:24:00.444+0000] {processor.py:826} INFO - Processing file /home/airflow/.local/lib/python3.10/site-packages/airflow/example_dags/example_branch_python_dop_operator_3.py for tasks to queue
[2023-08-13T15:24:00.444+0000] {logging_mixin.py:149} INFO - [2023-08-13T15:24:00.444+0000] {dagbag.py:541} INFO - Filling up the DagBag from /home/airflow/.local/lib/python3.10/site-packages/airflow/example_dags/example_branch_python_dop_operator_3.py
[2023-08-13T15:24:00.448+0000] {processor.py:836} INFO - DAG(s) dict_keys(['example_branch_dop_operator_v3']) retrieved from /home/airflow/.local/lib/python3.10/site-packages/airflow/example_dags/example_branch_python_dop_operator_3.py
[2023-08-13T15:24:00.457+0000] {logging_mixin.py:149} INFO - [2023-08-13T15:24:00.457+0000] {dag.py:2726} INFO - Sync 1 DAGs
[2023-08-13T15:24:00.469+0000] {logging_mixin.py:149} INFO - [2023-08-13T15:24:00.469+0000] {dag.py:3486} INFO - Setting next_dagrun for example_branch_dop_operator_v3 to 2023-08-13T15:23:00+00:00, run_after=2023-08-13T15:24:00+00:00
[2023-08-13T15:24:00.475+0000] {processor.py:179} INFO - Processing /home/airflow/.local/lib/python3.10/site-packages/airflow/example_dags/example_branch_python_dop_operator_3.py took 0.033 seconds
[2023-08-13T15:24:30.873+0000] {processor.py:157} INFO - Started process (PID=1806) to work on /home/airflow/.local/lib/python3.10/site-packages/airflow/example_dags/example_branch_python_dop_operator_3.py
[2023-08-13T15:24:30.873+0000] {processor.py:826} INFO - Processing file /home/airflow/.local/lib/python3.10/site-packages/airflow/example_dags/example_branch_python_dop_operator_3.py for tasks to queue
[2023-08-13T15:24:30.873+0000] {logging_mixin.py:149} INFO - [2023-08-13T15:24:30.873+0000] {dagbag.py:541} INFO - Filling up the DagBag from /home/airflow/.local/lib/python3.10/site-packages/airflow/example_dags/example_branch_python_dop_operator_3.py
[2023-08-13T15:24:30.877+0000] {processor.py:836} INFO - DAG(s) dict_keys(['example_branch_dop_operator_v3']) retrieved from /home/airflow/.local/lib/python3.10/site-packages/airflow/example_dags/example_branch_python_dop_operator_3.py
[2023-08-13T15:24:30.887+0000] {logging_mixin.py:149} INFO - [2023-08-13T15:24:30.887+0000] {dag.py:2726} INFO - Sync 1 DAGs
[2023-08-13T15:24:30.898+0000] {logging_mixin.py:149} INFO - [2023-08-13T15:24:30.898+0000] {dag.py:3486} INFO - Setting next_dagrun for example_branch_dop_operator_v3 to 2023-08-13T15:23:00+00:00, run_after=2023-08-13T15:24:00+00:00
[2023-08-13T15:24:30.905+0000] {processor.py:179} INFO - Processing /home/airflow/.local/lib/python3.10/site-packages/airflow/example_dags/example_branch_python_dop_operator_3.py took 0.034 seconds
[2023-08-13T15:25:01.172+0000] {processor.py:157} INFO - Started process (PID=1883) to work on /home/airflow/.local/lib/python3.10/site-packages/airflow/example_dags/example_branch_python_dop_operator_3.py
[2023-08-13T15:25:01.172+0000] {processor.py:826} INFO - Processing file /home/airflow/.local/lib/python3.10/site-packages/airflow/example_dags/example_branch_python_dop_operator_3.py for tasks to queue
[2023-08-13T15:25:01.173+0000] {logging_mixin.py:149} INFO - [2023-08-13T15:25:01.173+0000] {dagbag.py:541} INFO - Filling up the DagBag from /home/airflow/.local/lib/python3.10/site-packages/airflow/example_dags/example_branch_python_dop_operator_3.py
[2023-08-13T15:25:01.176+0000] {processor.py:836} INFO - DAG(s) dict_keys(['example_branch_dop_operator_v3']) retrieved from /home/airflow/.local/lib/python3.10/site-packages/airflow/example_dags/example_branch_python_dop_operator_3.py
[2023-08-13T15:25:01.186+0000] {logging_mixin.py:149} INFO - [2023-08-13T15:25:01.186+0000] {dag.py:2726} INFO - Sync 1 DAGs
[2023-08-13T15:25:01.198+0000] {logging_mixin.py:149} INFO - [2023-08-13T15:25:01.198+0000] {dag.py:3486} INFO - Setting next_dagrun for example_branch_dop_operator_v3 to 2023-08-13T15:24:00+00:00, run_after=2023-08-13T15:25:00+00:00
[2023-08-13T15:25:01.204+0000] {processor.py:179} INFO - Processing /home/airflow/.local/lib/python3.10/site-packages/airflow/example_dags/example_branch_python_dop_operator_3.py took 0.034 seconds
[2023-08-13T15:25:31.605+0000] {processor.py:157} INFO - Started process (PID=1960) to work on /home/airflow/.local/lib/python3.10/site-packages/airflow/example_dags/example_branch_python_dop_operator_3.py
[2023-08-13T15:25:31.606+0000] {processor.py:826} INFO - Processing file /home/airflow/.local/lib/python3.10/site-packages/airflow/example_dags/example_branch_python_dop_operator_3.py for tasks to queue
[2023-08-13T15:25:31.607+0000] {logging_mixin.py:149} INFO - [2023-08-13T15:25:31.607+0000] {dagbag.py:541} INFO - Filling up the DagBag from /home/airflow/.local/lib/python3.10/site-packages/airflow/example_dags/example_branch_python_dop_operator_3.py
[2023-08-13T15:25:31.610+0000] {processor.py:836} INFO - DAG(s) dict_keys(['example_branch_dop_operator_v3']) retrieved from /home/airflow/.local/lib/python3.10/site-packages/airflow/example_dags/example_branch_python_dop_operator_3.py
[2023-08-13T15:25:31.621+0000] {logging_mixin.py:149} INFO - [2023-08-13T15:25:31.621+0000] {dag.py:2726} INFO - Sync 1 DAGs
[2023-08-13T15:25:31.634+0000] {logging_mixin.py:149} INFO - [2023-08-13T15:25:31.634+0000] {dag.py:3486} INFO - Setting next_dagrun for example_branch_dop_operator_v3 to 2023-08-13T15:24:00+00:00, run_after=2023-08-13T15:25:00+00:00
[2023-08-13T15:25:31.642+0000] {processor.py:179} INFO - Processing /home/airflow/.local/lib/python3.10/site-packages/airflow/example_dags/example_branch_python_dop_operator_3.py took 0.038 seconds
[2023-08-13T15:26:01.981+0000] {processor.py:157} INFO - Started process (PID=2037) to work on /home/airflow/.local/lib/python3.10/site-packages/airflow/example_dags/example_branch_python_dop_operator_3.py
[2023-08-13T15:26:01.982+0000] {processor.py:826} INFO - Processing file /home/airflow/.local/lib/python3.10/site-packages/airflow/example_dags/example_branch_python_dop_operator_3.py for tasks to queue
[2023-08-13T15:26:01.982+0000] {logging_mixin.py:149} INFO - [2023-08-13T15:26:01.982+0000] {dagbag.py:541} INFO - Filling up the DagBag from /home/airflow/.local/lib/python3.10/site-packages/airflow/example_dags/example_branch_python_dop_operator_3.py
[2023-08-13T15:26:01.985+0000] {processor.py:836} INFO - DAG(s) dict_keys(['example_branch_dop_operator_v3']) retrieved from /home/airflow/.local/lib/python3.10/site-packages/airflow/example_dags/example_branch_python_dop_operator_3.py
[2023-08-13T15:26:01.995+0000] {logging_mixin.py:149} INFO - [2023-08-13T15:26:01.995+0000] {dag.py:2726} INFO - Sync 1 DAGs
[2023-08-13T15:26:02.007+0000] {logging_mixin.py:149} INFO - [2023-08-13T15:26:02.007+0000] {dag.py:3486} INFO - Setting next_dagrun for example_branch_dop_operator_v3 to 2023-08-13T15:25:00+00:00, run_after=2023-08-13T15:26:00+00:00
[2023-08-13T15:26:02.014+0000] {processor.py:179} INFO - Processing /home/airflow/.local/lib/python3.10/site-packages/airflow/example_dags/example_branch_python_dop_operator_3.py took 0.034 seconds
[2023-08-13T15:26:32.326+0000] {processor.py:157} INFO - Started process (PID=2115) to work on /home/airflow/.local/lib/python3.10/site-packages/airflow/example_dags/example_branch_python_dop_operator_3.py
[2023-08-13T15:26:32.326+0000] {processor.py:826} INFO - Processing file /home/airflow/.local/lib/python3.10/site-packages/airflow/example_dags/example_branch_python_dop_operator_3.py for tasks to queue
[2023-08-13T15:26:32.327+0000] {logging_mixin.py:149} INFO - [2023-08-13T15:26:32.327+0000] {dagbag.py:541} INFO - Filling up the DagBag from /home/airflow/.local/lib/python3.10/site-packages/airflow/example_dags/example_branch_python_dop_operator_3.py
[2023-08-13T15:26:32.331+0000] {processor.py:836} INFO - DAG(s) dict_keys(['example_branch_dop_operator_v3']) retrieved from /home/airflow/.local/lib/python3.10/site-packages/airflow/example_dags/example_branch_python_dop_operator_3.py
[2023-08-13T15:26:32.340+0000] {logging_mixin.py:149} INFO - [2023-08-13T15:26:32.340+0000] {dag.py:2726} INFO - Sync 1 DAGs
[2023-08-13T15:26:32.352+0000] {logging_mixin.py:149} INFO - [2023-08-13T15:26:32.352+0000] {dag.py:3486} INFO - Setting next_dagrun for example_branch_dop_operator_v3 to 2023-08-13T15:25:00+00:00, run_after=2023-08-13T15:26:00+00:00
[2023-08-13T15:26:32.359+0000] {processor.py:179} INFO - Processing /home/airflow/.local/lib/python3.10/site-packages/airflow/example_dags/example_branch_python_dop_operator_3.py took 0.034 seconds
[2023-08-13T15:27:02.819+0000] {processor.py:157} INFO - Started process (PID=2192) to work on /home/airflow/.local/lib/python3.10/site-packages/airflow/example_dags/example_branch_python_dop_operator_3.py
[2023-08-13T15:27:02.819+0000] {processor.py:826} INFO - Processing file /home/airflow/.local/lib/python3.10/site-packages/airflow/example_dags/example_branch_python_dop_operator_3.py for tasks to queue
[2023-08-13T15:27:02.819+0000] {logging_mixin.py:149} INFO - [2023-08-13T15:27:02.819+0000] {dagbag.py:541} INFO - Filling up the DagBag from /home/airflow/.local/lib/python3.10/site-packages/airflow/example_dags/example_branch_python_dop_operator_3.py
[2023-08-13T15:27:02.824+0000] {processor.py:836} INFO - DAG(s) dict_keys(['example_branch_dop_operator_v3']) retrieved from /home/airflow/.local/lib/python3.10/site-packages/airflow/example_dags/example_branch_python_dop_operator_3.py
[2023-08-13T15:27:02.835+0000] {logging_mixin.py:149} INFO - [2023-08-13T15:27:02.835+0000] {dag.py:2726} INFO - Sync 1 DAGs
[2023-08-13T15:27:02.847+0000] {logging_mixin.py:149} INFO - [2023-08-13T15:27:02.847+0000] {dag.py:3486} INFO - Setting next_dagrun for example_branch_dop_operator_v3 to 2023-08-13T15:26:00+00:00, run_after=2023-08-13T15:27:00+00:00
[2023-08-13T15:27:02.854+0000] {processor.py:179} INFO - Processing /home/airflow/.local/lib/python3.10/site-packages/airflow/example_dags/example_branch_python_dop_operator_3.py took 0.037 seconds
[2023-08-13T15:27:33.303+0000] {processor.py:157} INFO - Started process (PID=2268) to work on /home/airflow/.local/lib/python3.10/site-packages/airflow/example_dags/example_branch_python_dop_operator_3.py
[2023-08-13T15:27:33.303+0000] {processor.py:826} INFO - Processing file /home/airflow/.local/lib/python3.10/site-packages/airflow/example_dags/example_branch_python_dop_operator_3.py for tasks to queue
[2023-08-13T15:27:33.303+0000] {logging_mixin.py:149} INFO - [2023-08-13T15:27:33.303+0000] {dagbag.py:541} INFO - Filling up the DagBag from /home/airflow/.local/lib/python3.10/site-packages/airflow/example_dags/example_branch_python_dop_operator_3.py
[2023-08-13T15:27:33.307+0000] {processor.py:836} INFO - DAG(s) dict_keys(['example_branch_dop_operator_v3']) retrieved from /home/airflow/.local/lib/python3.10/site-packages/airflow/example_dags/example_branch_python_dop_operator_3.py
[2023-08-13T15:27:33.316+0000] {logging_mixin.py:149} INFO - [2023-08-13T15:27:33.316+0000] {dag.py:2726} INFO - Sync 1 DAGs
[2023-08-13T15:27:33.328+0000] {logging_mixin.py:149} INFO - [2023-08-13T15:27:33.328+0000] {dag.py:3486} INFO - Setting next_dagrun for example_branch_dop_operator_v3 to 2023-08-13T15:26:00+00:00, run_after=2023-08-13T15:27:00+00:00
[2023-08-13T15:27:33.338+0000] {processor.py:179} INFO - Processing /home/airflow/.local/lib/python3.10/site-packages/airflow/example_dags/example_branch_python_dop_operator_3.py took 0.037 seconds
[2023-08-13T15:28:03.832+0000] {processor.py:157} INFO - Started process (PID=2345) to work on /home/airflow/.local/lib/python3.10/site-packages/airflow/example_dags/example_branch_python_dop_operator_3.py
[2023-08-13T15:28:03.833+0000] {processor.py:826} INFO - Processing file /home/airflow/.local/lib/python3.10/site-packages/airflow/example_dags/example_branch_python_dop_operator_3.py for tasks to queue
[2023-08-13T15:28:03.833+0000] {logging_mixin.py:149} INFO - [2023-08-13T15:28:03.833+0000] {dagbag.py:541} INFO - Filling up the DagBag from /home/airflow/.local/lib/python3.10/site-packages/airflow/example_dags/example_branch_python_dop_operator_3.py
[2023-08-13T15:28:03.836+0000] {processor.py:836} INFO - DAG(s) dict_keys(['example_branch_dop_operator_v3']) retrieved from /home/airflow/.local/lib/python3.10/site-packages/airflow/example_dags/example_branch_python_dop_operator_3.py
[2023-08-13T15:28:03.847+0000] {logging_mixin.py:149} INFO - [2023-08-13T15:28:03.846+0000] {dag.py:2726} INFO - Sync 1 DAGs
[2023-08-13T15:28:03.858+0000] {logging_mixin.py:149} INFO - [2023-08-13T15:28:03.858+0000] {dag.py:3486} INFO - Setting next_dagrun for example_branch_dop_operator_v3 to 2023-08-13T15:27:00+00:00, run_after=2023-08-13T15:28:00+00:00
[2023-08-13T15:28:03.865+0000] {processor.py:179} INFO - Processing /home/airflow/.local/lib/python3.10/site-packages/airflow/example_dags/example_branch_python_dop_operator_3.py took 0.035 seconds
[2023-08-13T15:28:34.170+0000] {processor.py:157} INFO - Started process (PID=2422) to work on /home/airflow/.local/lib/python3.10/site-packages/airflow/example_dags/example_branch_python_dop_operator_3.py
[2023-08-13T15:28:34.170+0000] {processor.py:826} INFO - Processing file /home/airflow/.local/lib/python3.10/site-packages/airflow/example_dags/example_branch_python_dop_operator_3.py for tasks to queue
[2023-08-13T15:28:34.170+0000] {logging_mixin.py:149} INFO - [2023-08-13T15:28:34.170+0000] {dagbag.py:541} INFO - Filling up the DagBag from /home/airflow/.local/lib/python3.10/site-packages/airflow/example_dags/example_branch_python_dop_operator_3.py
[2023-08-13T15:28:34.174+0000] {processor.py:836} INFO - DAG(s) dict_keys(['example_branch_dop_operator_v3']) retrieved from /home/airflow/.local/lib/python3.10/site-packages/airflow/example_dags/example_branch_python_dop_operator_3.py
[2023-08-13T15:28:34.184+0000] {logging_mixin.py:149} INFO - [2023-08-13T15:28:34.184+0000] {dag.py:2726} INFO - Sync 1 DAGs
[2023-08-13T15:28:34.197+0000] {logging_mixin.py:149} INFO - [2023-08-13T15:28:34.197+0000] {dag.py:3486} INFO - Setting next_dagrun for example_branch_dop_operator_v3 to 2023-08-13T15:27:00+00:00, run_after=2023-08-13T15:28:00+00:00
[2023-08-13T15:28:34.204+0000] {processor.py:179} INFO - Processing /home/airflow/.local/lib/python3.10/site-packages/airflow/example_dags/example_branch_python_dop_operator_3.py took 0.035 seconds
[2023-08-13T15:29:04.466+0000] {processor.py:157} INFO - Started process (PID=2499) to work on /home/airflow/.local/lib/python3.10/site-packages/airflow/example_dags/example_branch_python_dop_operator_3.py
[2023-08-13T15:29:04.466+0000] {processor.py:826} INFO - Processing file /home/airflow/.local/lib/python3.10/site-packages/airflow/example_dags/example_branch_python_dop_operator_3.py for tasks to queue
[2023-08-13T15:29:04.466+0000] {logging_mixin.py:149} INFO - [2023-08-13T15:29:04.466+0000] {dagbag.py:541} INFO - Filling up the DagBag from /home/airflow/.local/lib/python3.10/site-packages/airflow/example_dags/example_branch_python_dop_operator_3.py
[2023-08-13T15:29:04.470+0000] {processor.py:836} INFO - DAG(s) dict_keys(['example_branch_dop_operator_v3']) retrieved from /home/airflow/.local/lib/python3.10/site-packages/airflow/example_dags/example_branch_python_dop_operator_3.py
[2023-08-13T15:29:04.479+0000] {logging_mixin.py:149} INFO - [2023-08-13T15:29:04.479+0000] {dag.py:2726} INFO - Sync 1 DAGs
[2023-08-13T15:29:04.491+0000] {logging_mixin.py:149} INFO - [2023-08-13T15:29:04.490+0000] {dag.py:3486} INFO - Setting next_dagrun for example_branch_dop_operator_v3 to 2023-08-13T15:28:00+00:00, run_after=2023-08-13T15:29:00+00:00
[2023-08-13T15:29:04.497+0000] {processor.py:179} INFO - Processing /home/airflow/.local/lib/python3.10/site-packages/airflow/example_dags/example_branch_python_dop_operator_3.py took 0.033 seconds
