[2023-08-13T08:25:09.670+0000] {processor.py:157} INFO - Started process (PID=43) to work on /home/airflow/.local/lib/python3.10/site-packages/airflow/example_dags/example_short_circuit_decorator.py
[2023-08-13T08:25:09.671+0000] {processor.py:826} INFO - Processing file /home/airflow/.local/lib/python3.10/site-packages/airflow/example_dags/example_short_circuit_decorator.py for tasks to queue
[2023-08-13T08:25:09.671+0000] {logging_mixin.py:149} INFO - [2023-08-13T08:25:09.671+0000] {dagbag.py:541} INFO - Filling up the DagBag from /home/airflow/.local/lib/python3.10/site-packages/airflow/example_dags/example_short_circuit_decorator.py
[2023-08-13T08:25:09.676+0000] {processor.py:836} INFO - DAG(s) dict_keys(['example_short_circuit_decorator']) retrieved from /home/airflow/.local/lib/python3.10/site-packages/airflow/example_dags/example_short_circuit_decorator.py
[2023-08-13T08:25:09.682+0000] {logging_mixin.py:149} INFO - [2023-08-13T08:25:09.682+0000] {dag.py:2726} INFO - Sync 1 DAGs
[2023-08-13T08:25:09.692+0000] {logging_mixin.py:149} INFO - [2023-08-13T08:25:09.692+0000] {dag.py:3486} INFO - Setting next_dagrun for example_short_circuit_decorator to 2023-08-12T08:25:09.692673+00:00, run_after=2023-08-13T08:25:09.692673+00:00
[2023-08-13T08:25:09.701+0000] {processor.py:179} INFO - Processing /home/airflow/.local/lib/python3.10/site-packages/airflow/example_dags/example_short_circuit_decorator.py took 0.032 seconds
[2023-08-13T08:25:39.778+0000] {processor.py:157} INFO - Started process (PID=119) to work on /home/airflow/.local/lib/python3.10/site-packages/airflow/example_dags/example_short_circuit_decorator.py
[2023-08-13T08:25:39.778+0000] {processor.py:826} INFO - Processing file /home/airflow/.local/lib/python3.10/site-packages/airflow/example_dags/example_short_circuit_decorator.py for tasks to queue
[2023-08-13T08:25:39.778+0000] {logging_mixin.py:149} INFO - [2023-08-13T08:25:39.778+0000] {dagbag.py:541} INFO - Filling up the DagBag from /home/airflow/.local/lib/python3.10/site-packages/airflow/example_dags/example_short_circuit_decorator.py
[2023-08-13T08:25:39.782+0000] {processor.py:836} INFO - DAG(s) dict_keys(['example_short_circuit_decorator']) retrieved from /home/airflow/.local/lib/python3.10/site-packages/airflow/example_dags/example_short_circuit_decorator.py
[2023-08-13T08:25:39.793+0000] {logging_mixin.py:149} INFO - [2023-08-13T08:25:39.793+0000] {dag.py:2726} INFO - Sync 1 DAGs
[2023-08-13T08:25:39.803+0000] {logging_mixin.py:149} INFO - [2023-08-13T08:25:39.803+0000] {dag.py:3486} INFO - Setting next_dagrun for example_short_circuit_decorator to 2023-08-12T08:25:39.803126+00:00, run_after=2023-08-13T08:25:39.803126+00:00
[2023-08-13T08:25:39.810+0000] {processor.py:179} INFO - Processing /home/airflow/.local/lib/python3.10/site-packages/airflow/example_dags/example_short_circuit_decorator.py took 0.033 seconds
[2023-08-13T08:26:10.304+0000] {processor.py:157} INFO - Started process (PID=197) to work on /home/airflow/.local/lib/python3.10/site-packages/airflow/example_dags/example_short_circuit_decorator.py
[2023-08-13T08:26:10.304+0000] {processor.py:826} INFO - Processing file /home/airflow/.local/lib/python3.10/site-packages/airflow/example_dags/example_short_circuit_decorator.py for tasks to queue
[2023-08-13T08:26:10.305+0000] {logging_mixin.py:149} INFO - [2023-08-13T08:26:10.305+0000] {dagbag.py:541} INFO - Filling up the DagBag from /home/airflow/.local/lib/python3.10/site-packages/airflow/example_dags/example_short_circuit_decorator.py
[2023-08-13T08:26:10.309+0000] {processor.py:836} INFO - DAG(s) dict_keys(['example_short_circuit_decorator']) retrieved from /home/airflow/.local/lib/python3.10/site-packages/airflow/example_dags/example_short_circuit_decorator.py
[2023-08-13T08:26:10.320+0000] {logging_mixin.py:149} INFO - [2023-08-13T08:26:10.320+0000] {dag.py:2726} INFO - Sync 1 DAGs
[2023-08-13T08:26:10.330+0000] {logging_mixin.py:149} INFO - [2023-08-13T08:26:10.330+0000] {dag.py:3486} INFO - Setting next_dagrun for example_short_circuit_decorator to 2023-08-12T08:26:10.329892+00:00, run_after=2023-08-13T08:26:10.329892+00:00
[2023-08-13T08:26:10.337+0000] {processor.py:179} INFO - Processing /home/airflow/.local/lib/python3.10/site-packages/airflow/example_dags/example_short_circuit_decorator.py took 0.034 seconds
[2023-08-13T08:26:40.767+0000] {processor.py:157} INFO - Started process (PID=273) to work on /home/airflow/.local/lib/python3.10/site-packages/airflow/example_dags/example_short_circuit_decorator.py
[2023-08-13T08:26:40.767+0000] {processor.py:826} INFO - Processing file /home/airflow/.local/lib/python3.10/site-packages/airflow/example_dags/example_short_circuit_decorator.py for tasks to queue
[2023-08-13T08:26:40.767+0000] {logging_mixin.py:149} INFO - [2023-08-13T08:26:40.767+0000] {dagbag.py:541} INFO - Filling up the DagBag from /home/airflow/.local/lib/python3.10/site-packages/airflow/example_dags/example_short_circuit_decorator.py
[2023-08-13T08:26:40.771+0000] {processor.py:836} INFO - DAG(s) dict_keys(['example_short_circuit_decorator']) retrieved from /home/airflow/.local/lib/python3.10/site-packages/airflow/example_dags/example_short_circuit_decorator.py
[2023-08-13T08:26:40.782+0000] {logging_mixin.py:149} INFO - [2023-08-13T08:26:40.782+0000] {dag.py:2726} INFO - Sync 1 DAGs
[2023-08-13T08:26:40.792+0000] {logging_mixin.py:149} INFO - [2023-08-13T08:26:40.792+0000] {dag.py:3486} INFO - Setting next_dagrun for example_short_circuit_decorator to 2023-08-12T08:26:40.792076+00:00, run_after=2023-08-13T08:26:40.792076+00:00
[2023-08-13T08:26:40.799+0000] {processor.py:179} INFO - Processing /home/airflow/.local/lib/python3.10/site-packages/airflow/example_dags/example_short_circuit_decorator.py took 0.034 seconds
[2023-08-13T08:27:11.293+0000] {processor.py:157} INFO - Started process (PID=350) to work on /home/airflow/.local/lib/python3.10/site-packages/airflow/example_dags/example_short_circuit_decorator.py
[2023-08-13T08:27:11.293+0000] {processor.py:826} INFO - Processing file /home/airflow/.local/lib/python3.10/site-packages/airflow/example_dags/example_short_circuit_decorator.py for tasks to queue
[2023-08-13T08:27:11.294+0000] {logging_mixin.py:149} INFO - [2023-08-13T08:27:11.294+0000] {dagbag.py:541} INFO - Filling up the DagBag from /home/airflow/.local/lib/python3.10/site-packages/airflow/example_dags/example_short_circuit_decorator.py
[2023-08-13T08:27:11.298+0000] {processor.py:836} INFO - DAG(s) dict_keys(['example_short_circuit_decorator']) retrieved from /home/airflow/.local/lib/python3.10/site-packages/airflow/example_dags/example_short_circuit_decorator.py
[2023-08-13T08:27:11.309+0000] {logging_mixin.py:149} INFO - [2023-08-13T08:27:11.309+0000] {dag.py:2726} INFO - Sync 1 DAGs
[2023-08-13T08:27:11.319+0000] {logging_mixin.py:149} INFO - [2023-08-13T08:27:11.319+0000] {dag.py:3486} INFO - Setting next_dagrun for example_short_circuit_decorator to 2023-08-12T08:27:11.319613+00:00, run_after=2023-08-13T08:27:11.319613+00:00
[2023-08-13T08:27:11.326+0000] {processor.py:179} INFO - Processing /home/airflow/.local/lib/python3.10/site-packages/airflow/example_dags/example_short_circuit_decorator.py took 0.034 seconds
[2023-08-13T08:27:41.626+0000] {processor.py:157} INFO - Started process (PID=427) to work on /home/airflow/.local/lib/python3.10/site-packages/airflow/example_dags/example_short_circuit_decorator.py
[2023-08-13T08:27:41.626+0000] {processor.py:826} INFO - Processing file /home/airflow/.local/lib/python3.10/site-packages/airflow/example_dags/example_short_circuit_decorator.py for tasks to queue
[2023-08-13T08:27:41.627+0000] {logging_mixin.py:149} INFO - [2023-08-13T08:27:41.626+0000] {dagbag.py:541} INFO - Filling up the DagBag from /home/airflow/.local/lib/python3.10/site-packages/airflow/example_dags/example_short_circuit_decorator.py
[2023-08-13T08:27:41.631+0000] {processor.py:836} INFO - DAG(s) dict_keys(['example_short_circuit_decorator']) retrieved from /home/airflow/.local/lib/python3.10/site-packages/airflow/example_dags/example_short_circuit_decorator.py
[2023-08-13T08:27:41.642+0000] {logging_mixin.py:149} INFO - [2023-08-13T08:27:41.642+0000] {dag.py:2726} INFO - Sync 1 DAGs
[2023-08-13T08:27:41.652+0000] {logging_mixin.py:149} INFO - [2023-08-13T08:27:41.652+0000] {dag.py:3486} INFO - Setting next_dagrun for example_short_circuit_decorator to 2023-08-12T08:27:41.652110+00:00, run_after=2023-08-13T08:27:41.652110+00:00
[2023-08-13T08:27:41.659+0000] {processor.py:179} INFO - Processing /home/airflow/.local/lib/python3.10/site-packages/airflow/example_dags/example_short_circuit_decorator.py took 0.035 seconds
[2023-08-13T08:28:11.957+0000] {processor.py:157} INFO - Started process (PID=503) to work on /home/airflow/.local/lib/python3.10/site-packages/airflow/example_dags/example_short_circuit_decorator.py
[2023-08-13T08:28:11.958+0000] {processor.py:826} INFO - Processing file /home/airflow/.local/lib/python3.10/site-packages/airflow/example_dags/example_short_circuit_decorator.py for tasks to queue
[2023-08-13T08:28:11.958+0000] {logging_mixin.py:149} INFO - [2023-08-13T08:28:11.958+0000] {dagbag.py:541} INFO - Filling up the DagBag from /home/airflow/.local/lib/python3.10/site-packages/airflow/example_dags/example_short_circuit_decorator.py
[2023-08-13T08:28:11.962+0000] {processor.py:836} INFO - DAG(s) dict_keys(['example_short_circuit_decorator']) retrieved from /home/airflow/.local/lib/python3.10/site-packages/airflow/example_dags/example_short_circuit_decorator.py
[2023-08-13T08:28:11.973+0000] {logging_mixin.py:149} INFO - [2023-08-13T08:28:11.973+0000] {dag.py:2726} INFO - Sync 1 DAGs
[2023-08-13T08:28:11.982+0000] {logging_mixin.py:149} INFO - [2023-08-13T08:28:11.982+0000] {dag.py:3486} INFO - Setting next_dagrun for example_short_circuit_decorator to 2023-08-12T08:28:11.982679+00:00, run_after=2023-08-13T08:28:11.982679+00:00
[2023-08-13T08:28:11.990+0000] {processor.py:179} INFO - Processing /home/airflow/.local/lib/python3.10/site-packages/airflow/example_dags/example_short_circuit_decorator.py took 0.034 seconds
[2023-08-13T08:28:42.335+0000] {processor.py:157} INFO - Started process (PID=580) to work on /home/airflow/.local/lib/python3.10/site-packages/airflow/example_dags/example_short_circuit_decorator.py
[2023-08-13T08:28:42.335+0000] {processor.py:826} INFO - Processing file /home/airflow/.local/lib/python3.10/site-packages/airflow/example_dags/example_short_circuit_decorator.py for tasks to queue
[2023-08-13T08:28:42.335+0000] {logging_mixin.py:149} INFO - [2023-08-13T08:28:42.335+0000] {dagbag.py:541} INFO - Filling up the DagBag from /home/airflow/.local/lib/python3.10/site-packages/airflow/example_dags/example_short_circuit_decorator.py
[2023-08-13T08:28:42.339+0000] {processor.py:836} INFO - DAG(s) dict_keys(['example_short_circuit_decorator']) retrieved from /home/airflow/.local/lib/python3.10/site-packages/airflow/example_dags/example_short_circuit_decorator.py
[2023-08-13T08:28:42.350+0000] {logging_mixin.py:149} INFO - [2023-08-13T08:28:42.350+0000] {dag.py:2726} INFO - Sync 1 DAGs
[2023-08-13T08:28:42.360+0000] {logging_mixin.py:149} INFO - [2023-08-13T08:28:42.360+0000] {dag.py:3486} INFO - Setting next_dagrun for example_short_circuit_decorator to 2023-08-12T08:28:42.360313+00:00, run_after=2023-08-13T08:28:42.360313+00:00
[2023-08-13T08:28:42.367+0000] {processor.py:179} INFO - Processing /home/airflow/.local/lib/python3.10/site-packages/airflow/example_dags/example_short_circuit_decorator.py took 0.034 seconds
[2023-08-13T08:29:12.659+0000] {processor.py:157} INFO - Started process (PID=657) to work on /home/airflow/.local/lib/python3.10/site-packages/airflow/example_dags/example_short_circuit_decorator.py
[2023-08-13T08:29:12.659+0000] {processor.py:826} INFO - Processing file /home/airflow/.local/lib/python3.10/site-packages/airflow/example_dags/example_short_circuit_decorator.py for tasks to queue
[2023-08-13T08:29:12.659+0000] {logging_mixin.py:149} INFO - [2023-08-13T08:29:12.659+0000] {dagbag.py:541} INFO - Filling up the DagBag from /home/airflow/.local/lib/python3.10/site-packages/airflow/example_dags/example_short_circuit_decorator.py
[2023-08-13T08:29:12.663+0000] {processor.py:836} INFO - DAG(s) dict_keys(['example_short_circuit_decorator']) retrieved from /home/airflow/.local/lib/python3.10/site-packages/airflow/example_dags/example_short_circuit_decorator.py
[2023-08-13T08:29:12.675+0000] {logging_mixin.py:149} INFO - [2023-08-13T08:29:12.675+0000] {dag.py:2726} INFO - Sync 1 DAGs
[2023-08-13T08:29:12.684+0000] {logging_mixin.py:149} INFO - [2023-08-13T08:29:12.684+0000] {dag.py:3486} INFO - Setting next_dagrun for example_short_circuit_decorator to 2023-08-12T08:29:12.684811+00:00, run_after=2023-08-13T08:29:12.684811+00:00
[2023-08-13T08:29:12.693+0000] {processor.py:179} INFO - Processing /home/airflow/.local/lib/python3.10/site-packages/airflow/example_dags/example_short_circuit_decorator.py took 0.035 seconds
[2023-08-13T08:29:42.977+0000] {processor.py:157} INFO - Started process (PID=734) to work on /home/airflow/.local/lib/python3.10/site-packages/airflow/example_dags/example_short_circuit_decorator.py
[2023-08-13T08:29:42.977+0000] {processor.py:826} INFO - Processing file /home/airflow/.local/lib/python3.10/site-packages/airflow/example_dags/example_short_circuit_decorator.py for tasks to queue
[2023-08-13T08:29:42.978+0000] {logging_mixin.py:149} INFO - [2023-08-13T08:29:42.978+0000] {dagbag.py:541} INFO - Filling up the DagBag from /home/airflow/.local/lib/python3.10/site-packages/airflow/example_dags/example_short_circuit_decorator.py
[2023-08-13T08:29:42.982+0000] {processor.py:836} INFO - DAG(s) dict_keys(['example_short_circuit_decorator']) retrieved from /home/airflow/.local/lib/python3.10/site-packages/airflow/example_dags/example_short_circuit_decorator.py
[2023-08-13T08:29:42.993+0000] {logging_mixin.py:149} INFO - [2023-08-13T08:29:42.993+0000] {dag.py:2726} INFO - Sync 1 DAGs
[2023-08-13T08:29:43.003+0000] {logging_mixin.py:149} INFO - [2023-08-13T08:29:43.003+0000] {dag.py:3486} INFO - Setting next_dagrun for example_short_circuit_decorator to 2023-08-12T08:29:43.002923+00:00, run_after=2023-08-13T08:29:43.002923+00:00
[2023-08-13T08:29:43.010+0000] {processor.py:179} INFO - Processing /home/airflow/.local/lib/python3.10/site-packages/airflow/example_dags/example_short_circuit_decorator.py took 0.034 seconds
[2023-08-13T08:30:13.377+0000] {processor.py:157} INFO - Started process (PID=811) to work on /home/airflow/.local/lib/python3.10/site-packages/airflow/example_dags/example_short_circuit_decorator.py
[2023-08-13T08:30:13.377+0000] {processor.py:826} INFO - Processing file /home/airflow/.local/lib/python3.10/site-packages/airflow/example_dags/example_short_circuit_decorator.py for tasks to queue
[2023-08-13T08:30:13.377+0000] {logging_mixin.py:149} INFO - [2023-08-13T08:30:13.377+0000] {dagbag.py:541} INFO - Filling up the DagBag from /home/airflow/.local/lib/python3.10/site-packages/airflow/example_dags/example_short_circuit_decorator.py
[2023-08-13T08:30:13.382+0000] {processor.py:836} INFO - DAG(s) dict_keys(['example_short_circuit_decorator']) retrieved from /home/airflow/.local/lib/python3.10/site-packages/airflow/example_dags/example_short_circuit_decorator.py
[2023-08-13T08:30:13.392+0000] {logging_mixin.py:149} INFO - [2023-08-13T08:30:13.392+0000] {dag.py:2726} INFO - Sync 1 DAGs
[2023-08-13T08:30:13.402+0000] {logging_mixin.py:149} INFO - [2023-08-13T08:30:13.402+0000] {dag.py:3486} INFO - Setting next_dagrun for example_short_circuit_decorator to 2023-08-12T08:30:13.402348+00:00, run_after=2023-08-13T08:30:13.402348+00:00
[2023-08-13T08:30:13.409+0000] {processor.py:179} INFO - Processing /home/airflow/.local/lib/python3.10/site-packages/airflow/example_dags/example_short_circuit_decorator.py took 0.033 seconds
[2023-08-13T08:30:43.850+0000] {processor.py:157} INFO - Started process (PID=888) to work on /home/airflow/.local/lib/python3.10/site-packages/airflow/example_dags/example_short_circuit_decorator.py
[2023-08-13T08:30:43.850+0000] {processor.py:826} INFO - Processing file /home/airflow/.local/lib/python3.10/site-packages/airflow/example_dags/example_short_circuit_decorator.py for tasks to queue
[2023-08-13T08:30:43.850+0000] {logging_mixin.py:149} INFO - [2023-08-13T08:30:43.850+0000] {dagbag.py:541} INFO - Filling up the DagBag from /home/airflow/.local/lib/python3.10/site-packages/airflow/example_dags/example_short_circuit_decorator.py
[2023-08-13T08:30:43.854+0000] {processor.py:836} INFO - DAG(s) dict_keys(['example_short_circuit_decorator']) retrieved from /home/airflow/.local/lib/python3.10/site-packages/airflow/example_dags/example_short_circuit_decorator.py
[2023-08-13T08:30:43.866+0000] {logging_mixin.py:149} INFO - [2023-08-13T08:30:43.866+0000] {dag.py:2726} INFO - Sync 1 DAGs
[2023-08-13T08:30:43.876+0000] {logging_mixin.py:149} INFO - [2023-08-13T08:30:43.876+0000] {dag.py:3486} INFO - Setting next_dagrun for example_short_circuit_decorator to 2023-08-12T08:30:43.876351+00:00, run_after=2023-08-13T08:30:43.876351+00:00
[2023-08-13T08:30:43.883+0000] {processor.py:179} INFO - Processing /home/airflow/.local/lib/python3.10/site-packages/airflow/example_dags/example_short_circuit_decorator.py took 0.035 seconds
[2023-08-13T08:31:14.175+0000] {processor.py:157} INFO - Started process (PID=965) to work on /home/airflow/.local/lib/python3.10/site-packages/airflow/example_dags/example_short_circuit_decorator.py
[2023-08-13T08:31:14.176+0000] {processor.py:826} INFO - Processing file /home/airflow/.local/lib/python3.10/site-packages/airflow/example_dags/example_short_circuit_decorator.py for tasks to queue
[2023-08-13T08:31:14.176+0000] {logging_mixin.py:149} INFO - [2023-08-13T08:31:14.176+0000] {dagbag.py:541} INFO - Filling up the DagBag from /home/airflow/.local/lib/python3.10/site-packages/airflow/example_dags/example_short_circuit_decorator.py
[2023-08-13T08:31:14.180+0000] {processor.py:836} INFO - DAG(s) dict_keys(['example_short_circuit_decorator']) retrieved from /home/airflow/.local/lib/python3.10/site-packages/airflow/example_dags/example_short_circuit_decorator.py
[2023-08-13T08:31:14.192+0000] {logging_mixin.py:149} INFO - [2023-08-13T08:31:14.191+0000] {dag.py:2726} INFO - Sync 1 DAGs
[2023-08-13T08:31:14.202+0000] {logging_mixin.py:149} INFO - [2023-08-13T08:31:14.202+0000] {dag.py:3486} INFO - Setting next_dagrun for example_short_circuit_decorator to 2023-08-12T08:31:14.201942+00:00, run_after=2023-08-13T08:31:14.201942+00:00
[2023-08-13T08:31:14.209+0000] {processor.py:179} INFO - Processing /home/airflow/.local/lib/python3.10/site-packages/airflow/example_dags/example_short_circuit_decorator.py took 0.035 seconds
[2023-08-13T08:31:44.682+0000] {processor.py:157} INFO - Started process (PID=1042) to work on /home/airflow/.local/lib/python3.10/site-packages/airflow/example_dags/example_short_circuit_decorator.py
[2023-08-13T08:31:44.683+0000] {processor.py:826} INFO - Processing file /home/airflow/.local/lib/python3.10/site-packages/airflow/example_dags/example_short_circuit_decorator.py for tasks to queue
[2023-08-13T08:31:44.683+0000] {logging_mixin.py:149} INFO - [2023-08-13T08:31:44.683+0000] {dagbag.py:541} INFO - Filling up the DagBag from /home/airflow/.local/lib/python3.10/site-packages/airflow/example_dags/example_short_circuit_decorator.py
[2023-08-13T08:31:44.687+0000] {processor.py:836} INFO - DAG(s) dict_keys(['example_short_circuit_decorator']) retrieved from /home/airflow/.local/lib/python3.10/site-packages/airflow/example_dags/example_short_circuit_decorator.py
[2023-08-13T08:31:44.698+0000] {logging_mixin.py:149} INFO - [2023-08-13T08:31:44.698+0000] {dag.py:2726} INFO - Sync 1 DAGs
[2023-08-13T08:31:44.707+0000] {logging_mixin.py:149} INFO - [2023-08-13T08:31:44.707+0000] {dag.py:3486} INFO - Setting next_dagrun for example_short_circuit_decorator to 2023-08-12T08:31:44.707431+00:00, run_after=2023-08-13T08:31:44.707431+00:00
[2023-08-13T08:31:44.714+0000] {processor.py:179} INFO - Processing /home/airflow/.local/lib/python3.10/site-packages/airflow/example_dags/example_short_circuit_decorator.py took 0.033 seconds
[2023-08-13T08:32:15.041+0000] {processor.py:157} INFO - Started process (PID=1119) to work on /home/airflow/.local/lib/python3.10/site-packages/airflow/example_dags/example_short_circuit_decorator.py
[2023-08-13T08:32:15.042+0000] {processor.py:826} INFO - Processing file /home/airflow/.local/lib/python3.10/site-packages/airflow/example_dags/example_short_circuit_decorator.py for tasks to queue
[2023-08-13T08:32:15.042+0000] {logging_mixin.py:149} INFO - [2023-08-13T08:32:15.042+0000] {dagbag.py:541} INFO - Filling up the DagBag from /home/airflow/.local/lib/python3.10/site-packages/airflow/example_dags/example_short_circuit_decorator.py
[2023-08-13T08:32:15.046+0000] {processor.py:836} INFO - DAG(s) dict_keys(['example_short_circuit_decorator']) retrieved from /home/airflow/.local/lib/python3.10/site-packages/airflow/example_dags/example_short_circuit_decorator.py
[2023-08-13T08:32:15.057+0000] {logging_mixin.py:149} INFO - [2023-08-13T08:32:15.057+0000] {dag.py:2726} INFO - Sync 1 DAGs
[2023-08-13T08:32:15.067+0000] {logging_mixin.py:149} INFO - [2023-08-13T08:32:15.066+0000] {dag.py:3486} INFO - Setting next_dagrun for example_short_circuit_decorator to 2023-08-12T08:32:15.066829+00:00, run_after=2023-08-13T08:32:15.066829+00:00
[2023-08-13T08:32:15.073+0000] {processor.py:179} INFO - Processing /home/airflow/.local/lib/python3.10/site-packages/airflow/example_dags/example_short_circuit_decorator.py took 0.033 seconds
[2023-08-13T08:32:45.363+0000] {processor.py:157} INFO - Started process (PID=1196) to work on /home/airflow/.local/lib/python3.10/site-packages/airflow/example_dags/example_short_circuit_decorator.py
[2023-08-13T08:32:45.364+0000] {processor.py:826} INFO - Processing file /home/airflow/.local/lib/python3.10/site-packages/airflow/example_dags/example_short_circuit_decorator.py for tasks to queue
[2023-08-13T08:32:45.364+0000] {logging_mixin.py:149} INFO - [2023-08-13T08:32:45.364+0000] {dagbag.py:541} INFO - Filling up the DagBag from /home/airflow/.local/lib/python3.10/site-packages/airflow/example_dags/example_short_circuit_decorator.py
[2023-08-13T08:32:45.368+0000] {processor.py:836} INFO - DAG(s) dict_keys(['example_short_circuit_decorator']) retrieved from /home/airflow/.local/lib/python3.10/site-packages/airflow/example_dags/example_short_circuit_decorator.py
[2023-08-13T08:32:45.379+0000] {logging_mixin.py:149} INFO - [2023-08-13T08:32:45.379+0000] {dag.py:2726} INFO - Sync 1 DAGs
[2023-08-13T08:32:45.388+0000] {logging_mixin.py:149} INFO - [2023-08-13T08:32:45.388+0000] {dag.py:3486} INFO - Setting next_dagrun for example_short_circuit_decorator to 2023-08-12T08:32:45.388708+00:00, run_after=2023-08-13T08:32:45.388708+00:00
[2023-08-13T08:32:45.395+0000] {processor.py:179} INFO - Processing /home/airflow/.local/lib/python3.10/site-packages/airflow/example_dags/example_short_circuit_decorator.py took 0.033 seconds
[2023-08-13T08:33:15.646+0000] {processor.py:157} INFO - Started process (PID=1273) to work on /home/airflow/.local/lib/python3.10/site-packages/airflow/example_dags/example_short_circuit_decorator.py
[2023-08-13T08:33:15.646+0000] {processor.py:826} INFO - Processing file /home/airflow/.local/lib/python3.10/site-packages/airflow/example_dags/example_short_circuit_decorator.py for tasks to queue
[2023-08-13T08:33:15.647+0000] {logging_mixin.py:149} INFO - [2023-08-13T08:33:15.647+0000] {dagbag.py:541} INFO - Filling up the DagBag from /home/airflow/.local/lib/python3.10/site-packages/airflow/example_dags/example_short_circuit_decorator.py
[2023-08-13T08:33:15.651+0000] {processor.py:836} INFO - DAG(s) dict_keys(['example_short_circuit_decorator']) retrieved from /home/airflow/.local/lib/python3.10/site-packages/airflow/example_dags/example_short_circuit_decorator.py
[2023-08-13T08:33:15.661+0000] {logging_mixin.py:149} INFO - [2023-08-13T08:33:15.661+0000] {dag.py:2726} INFO - Sync 1 DAGs
[2023-08-13T08:33:15.671+0000] {logging_mixin.py:149} INFO - [2023-08-13T08:33:15.671+0000] {dag.py:3486} INFO - Setting next_dagrun for example_short_circuit_decorator to 2023-08-12T08:33:15.671167+00:00, run_after=2023-08-13T08:33:15.671167+00:00
[2023-08-13T08:33:15.678+0000] {processor.py:179} INFO - Processing /home/airflow/.local/lib/python3.10/site-packages/airflow/example_dags/example_short_circuit_decorator.py took 0.033 seconds
[2023-08-13T08:33:45.920+0000] {processor.py:157} INFO - Started process (PID=1350) to work on /home/airflow/.local/lib/python3.10/site-packages/airflow/example_dags/example_short_circuit_decorator.py
[2023-08-13T08:33:45.920+0000] {processor.py:826} INFO - Processing file /home/airflow/.local/lib/python3.10/site-packages/airflow/example_dags/example_short_circuit_decorator.py for tasks to queue
[2023-08-13T08:33:45.920+0000] {logging_mixin.py:149} INFO - [2023-08-13T08:33:45.920+0000] {dagbag.py:541} INFO - Filling up the DagBag from /home/airflow/.local/lib/python3.10/site-packages/airflow/example_dags/example_short_circuit_decorator.py
[2023-08-13T08:33:45.925+0000] {processor.py:836} INFO - DAG(s) dict_keys(['example_short_circuit_decorator']) retrieved from /home/airflow/.local/lib/python3.10/site-packages/airflow/example_dags/example_short_circuit_decorator.py
[2023-08-13T08:33:45.937+0000] {logging_mixin.py:149} INFO - [2023-08-13T08:33:45.937+0000] {dag.py:2726} INFO - Sync 1 DAGs
[2023-08-13T08:33:45.947+0000] {logging_mixin.py:149} INFO - [2023-08-13T08:33:45.947+0000] {dag.py:3486} INFO - Setting next_dagrun for example_short_circuit_decorator to 2023-08-12T08:33:45.947508+00:00, run_after=2023-08-13T08:33:45.947508+00:00
[2023-08-13T08:33:45.954+0000] {processor.py:179} INFO - Processing /home/airflow/.local/lib/python3.10/site-packages/airflow/example_dags/example_short_circuit_decorator.py took 0.036 seconds
[2023-08-13T08:34:16.294+0000] {processor.py:157} INFO - Started process (PID=1427) to work on /home/airflow/.local/lib/python3.10/site-packages/airflow/example_dags/example_short_circuit_decorator.py
[2023-08-13T08:34:16.295+0000] {processor.py:826} INFO - Processing file /home/airflow/.local/lib/python3.10/site-packages/airflow/example_dags/example_short_circuit_decorator.py for tasks to queue
[2023-08-13T08:34:16.295+0000] {logging_mixin.py:149} INFO - [2023-08-13T08:34:16.295+0000] {dagbag.py:541} INFO - Filling up the DagBag from /home/airflow/.local/lib/python3.10/site-packages/airflow/example_dags/example_short_circuit_decorator.py
[2023-08-13T08:34:16.299+0000] {processor.py:836} INFO - DAG(s) dict_keys(['example_short_circuit_decorator']) retrieved from /home/airflow/.local/lib/python3.10/site-packages/airflow/example_dags/example_short_circuit_decorator.py
[2023-08-13T08:34:16.310+0000] {logging_mixin.py:149} INFO - [2023-08-13T08:34:16.310+0000] {dag.py:2726} INFO - Sync 1 DAGs
[2023-08-13T08:34:16.320+0000] {logging_mixin.py:149} INFO - [2023-08-13T08:34:16.320+0000] {dag.py:3486} INFO - Setting next_dagrun for example_short_circuit_decorator to 2023-08-12T08:34:16.320283+00:00, run_after=2023-08-13T08:34:16.320283+00:00
[2023-08-13T08:34:16.327+0000] {processor.py:179} INFO - Processing /home/airflow/.local/lib/python3.10/site-packages/airflow/example_dags/example_short_circuit_decorator.py took 0.034 seconds
[2023-08-13T08:34:46.672+0000] {processor.py:157} INFO - Started process (PID=1504) to work on /home/airflow/.local/lib/python3.10/site-packages/airflow/example_dags/example_short_circuit_decorator.py
[2023-08-13T08:34:46.673+0000] {processor.py:826} INFO - Processing file /home/airflow/.local/lib/python3.10/site-packages/airflow/example_dags/example_short_circuit_decorator.py for tasks to queue
[2023-08-13T08:34:46.673+0000] {logging_mixin.py:149} INFO - [2023-08-13T08:34:46.673+0000] {dagbag.py:541} INFO - Filling up the DagBag from /home/airflow/.local/lib/python3.10/site-packages/airflow/example_dags/example_short_circuit_decorator.py
[2023-08-13T08:34:46.677+0000] {processor.py:836} INFO - DAG(s) dict_keys(['example_short_circuit_decorator']) retrieved from /home/airflow/.local/lib/python3.10/site-packages/airflow/example_dags/example_short_circuit_decorator.py
[2023-08-13T08:34:46.688+0000] {logging_mixin.py:149} INFO - [2023-08-13T08:34:46.688+0000] {dag.py:2726} INFO - Sync 1 DAGs
[2023-08-13T08:34:46.698+0000] {logging_mixin.py:149} INFO - [2023-08-13T08:34:46.698+0000] {dag.py:3486} INFO - Setting next_dagrun for example_short_circuit_decorator to 2023-08-12T08:34:46.698299+00:00, run_after=2023-08-13T08:34:46.698299+00:00
[2023-08-13T08:34:46.705+0000] {processor.py:179} INFO - Processing /home/airflow/.local/lib/python3.10/site-packages/airflow/example_dags/example_short_circuit_decorator.py took 0.034 seconds
[2023-08-13T08:35:17.036+0000] {processor.py:157} INFO - Started process (PID=1580) to work on /home/airflow/.local/lib/python3.10/site-packages/airflow/example_dags/example_short_circuit_decorator.py
[2023-08-13T08:35:17.036+0000] {processor.py:826} INFO - Processing file /home/airflow/.local/lib/python3.10/site-packages/airflow/example_dags/example_short_circuit_decorator.py for tasks to queue
[2023-08-13T08:35:17.037+0000] {logging_mixin.py:149} INFO - [2023-08-13T08:35:17.036+0000] {dagbag.py:541} INFO - Filling up the DagBag from /home/airflow/.local/lib/python3.10/site-packages/airflow/example_dags/example_short_circuit_decorator.py
[2023-08-13T08:35:17.041+0000] {processor.py:836} INFO - DAG(s) dict_keys(['example_short_circuit_decorator']) retrieved from /home/airflow/.local/lib/python3.10/site-packages/airflow/example_dags/example_short_circuit_decorator.py
[2023-08-13T08:35:17.052+0000] {logging_mixin.py:149} INFO - [2023-08-13T08:35:17.052+0000] {dag.py:2726} INFO - Sync 1 DAGs
[2023-08-13T08:35:17.062+0000] {logging_mixin.py:149} INFO - [2023-08-13T08:35:17.061+0000] {dag.py:3486} INFO - Setting next_dagrun for example_short_circuit_decorator to 2023-08-12T08:35:17.061808+00:00, run_after=2023-08-13T08:35:17.061808+00:00
[2023-08-13T08:35:17.069+0000] {processor.py:179} INFO - Processing /home/airflow/.local/lib/python3.10/site-packages/airflow/example_dags/example_short_circuit_decorator.py took 0.034 seconds
[2023-08-13T08:35:47.382+0000] {processor.py:157} INFO - Started process (PID=1657) to work on /home/airflow/.local/lib/python3.10/site-packages/airflow/example_dags/example_short_circuit_decorator.py
[2023-08-13T08:35:47.382+0000] {processor.py:826} INFO - Processing file /home/airflow/.local/lib/python3.10/site-packages/airflow/example_dags/example_short_circuit_decorator.py for tasks to queue
[2023-08-13T08:35:47.382+0000] {logging_mixin.py:149} INFO - [2023-08-13T08:35:47.382+0000] {dagbag.py:541} INFO - Filling up the DagBag from /home/airflow/.local/lib/python3.10/site-packages/airflow/example_dags/example_short_circuit_decorator.py
[2023-08-13T08:35:47.386+0000] {processor.py:836} INFO - DAG(s) dict_keys(['example_short_circuit_decorator']) retrieved from /home/airflow/.local/lib/python3.10/site-packages/airflow/example_dags/example_short_circuit_decorator.py
[2023-08-13T08:35:47.398+0000] {logging_mixin.py:149} INFO - [2023-08-13T08:35:47.398+0000] {dag.py:2726} INFO - Sync 1 DAGs
[2023-08-13T08:35:47.409+0000] {logging_mixin.py:149} INFO - [2023-08-13T08:35:47.409+0000] {dag.py:3486} INFO - Setting next_dagrun for example_short_circuit_decorator to 2023-08-12T08:35:47.408989+00:00, run_after=2023-08-13T08:35:47.408989+00:00
[2023-08-13T08:35:47.416+0000] {processor.py:179} INFO - Processing /home/airflow/.local/lib/python3.10/site-packages/airflow/example_dags/example_short_circuit_decorator.py took 0.036 seconds
[2023-08-13T08:36:17.761+0000] {processor.py:157} INFO - Started process (PID=1734) to work on /home/airflow/.local/lib/python3.10/site-packages/airflow/example_dags/example_short_circuit_decorator.py
[2023-08-13T08:36:17.762+0000] {processor.py:826} INFO - Processing file /home/airflow/.local/lib/python3.10/site-packages/airflow/example_dags/example_short_circuit_decorator.py for tasks to queue
[2023-08-13T08:36:17.762+0000] {logging_mixin.py:149} INFO - [2023-08-13T08:36:17.762+0000] {dagbag.py:541} INFO - Filling up the DagBag from /home/airflow/.local/lib/python3.10/site-packages/airflow/example_dags/example_short_circuit_decorator.py
[2023-08-13T08:36:17.766+0000] {processor.py:836} INFO - DAG(s) dict_keys(['example_short_circuit_decorator']) retrieved from /home/airflow/.local/lib/python3.10/site-packages/airflow/example_dags/example_short_circuit_decorator.py
[2023-08-13T08:36:17.777+0000] {logging_mixin.py:149} INFO - [2023-08-13T08:36:17.777+0000] {dag.py:2726} INFO - Sync 1 DAGs
[2023-08-13T08:36:17.786+0000] {logging_mixin.py:149} INFO - [2023-08-13T08:36:17.786+0000] {dag.py:3486} INFO - Setting next_dagrun for example_short_circuit_decorator to 2023-08-12T08:36:17.786812+00:00, run_after=2023-08-13T08:36:17.786812+00:00
[2023-08-13T08:36:17.793+0000] {processor.py:179} INFO - Processing /home/airflow/.local/lib/python3.10/site-packages/airflow/example_dags/example_short_circuit_decorator.py took 0.033 seconds
[2023-08-13T08:36:48.105+0000] {processor.py:157} INFO - Started process (PID=1812) to work on /home/airflow/.local/lib/python3.10/site-packages/airflow/example_dags/example_short_circuit_decorator.py
[2023-08-13T08:36:48.105+0000] {processor.py:826} INFO - Processing file /home/airflow/.local/lib/python3.10/site-packages/airflow/example_dags/example_short_circuit_decorator.py for tasks to queue
[2023-08-13T08:36:48.105+0000] {logging_mixin.py:149} INFO - [2023-08-13T08:36:48.105+0000] {dagbag.py:541} INFO - Filling up the DagBag from /home/airflow/.local/lib/python3.10/site-packages/airflow/example_dags/example_short_circuit_decorator.py
[2023-08-13T08:36:48.109+0000] {processor.py:836} INFO - DAG(s) dict_keys(['example_short_circuit_decorator']) retrieved from /home/airflow/.local/lib/python3.10/site-packages/airflow/example_dags/example_short_circuit_decorator.py
[2023-08-13T08:36:48.120+0000] {logging_mixin.py:149} INFO - [2023-08-13T08:36:48.120+0000] {dag.py:2726} INFO - Sync 1 DAGs
[2023-08-13T08:36:48.130+0000] {logging_mixin.py:149} INFO - [2023-08-13T08:36:48.130+0000] {dag.py:3486} INFO - Setting next_dagrun for example_short_circuit_decorator to 2023-08-12T08:36:48.130231+00:00, run_after=2023-08-13T08:36:48.130231+00:00
[2023-08-13T08:36:48.137+0000] {processor.py:179} INFO - Processing /home/airflow/.local/lib/python3.10/site-packages/airflow/example_dags/example_short_circuit_decorator.py took 0.034 seconds
[2023-08-13T08:37:18.377+0000] {processor.py:157} INFO - Started process (PID=1889) to work on /home/airflow/.local/lib/python3.10/site-packages/airflow/example_dags/example_short_circuit_decorator.py
[2023-08-13T08:37:18.377+0000] {processor.py:826} INFO - Processing file /home/airflow/.local/lib/python3.10/site-packages/airflow/example_dags/example_short_circuit_decorator.py for tasks to queue
[2023-08-13T08:37:18.377+0000] {logging_mixin.py:149} INFO - [2023-08-13T08:37:18.377+0000] {dagbag.py:541} INFO - Filling up the DagBag from /home/airflow/.local/lib/python3.10/site-packages/airflow/example_dags/example_short_circuit_decorator.py
[2023-08-13T08:37:18.381+0000] {processor.py:836} INFO - DAG(s) dict_keys(['example_short_circuit_decorator']) retrieved from /home/airflow/.local/lib/python3.10/site-packages/airflow/example_dags/example_short_circuit_decorator.py
[2023-08-13T08:37:18.393+0000] {logging_mixin.py:149} INFO - [2023-08-13T08:37:18.393+0000] {dag.py:2726} INFO - Sync 1 DAGs
[2023-08-13T08:37:18.403+0000] {logging_mixin.py:149} INFO - [2023-08-13T08:37:18.403+0000] {dag.py:3486} INFO - Setting next_dagrun for example_short_circuit_decorator to 2023-08-12T08:37:18.403449+00:00, run_after=2023-08-13T08:37:18.403449+00:00
[2023-08-13T08:37:18.410+0000] {processor.py:179} INFO - Processing /home/airflow/.local/lib/python3.10/site-packages/airflow/example_dags/example_short_circuit_decorator.py took 0.035 seconds
[2023-08-13T08:37:48.820+0000] {processor.py:157} INFO - Started process (PID=1967) to work on /home/airflow/.local/lib/python3.10/site-packages/airflow/example_dags/example_short_circuit_decorator.py
[2023-08-13T08:37:48.820+0000] {processor.py:826} INFO - Processing file /home/airflow/.local/lib/python3.10/site-packages/airflow/example_dags/example_short_circuit_decorator.py for tasks to queue
[2023-08-13T08:37:48.821+0000] {logging_mixin.py:149} INFO - [2023-08-13T08:37:48.820+0000] {dagbag.py:541} INFO - Filling up the DagBag from /home/airflow/.local/lib/python3.10/site-packages/airflow/example_dags/example_short_circuit_decorator.py
[2023-08-13T08:37:48.825+0000] {processor.py:836} INFO - DAG(s) dict_keys(['example_short_circuit_decorator']) retrieved from /home/airflow/.local/lib/python3.10/site-packages/airflow/example_dags/example_short_circuit_decorator.py
[2023-08-13T08:37:48.836+0000] {logging_mixin.py:149} INFO - [2023-08-13T08:37:48.835+0000] {dag.py:2726} INFO - Sync 1 DAGs
[2023-08-13T08:37:48.845+0000] {logging_mixin.py:149} INFO - [2023-08-13T08:37:48.845+0000] {dag.py:3486} INFO - Setting next_dagrun for example_short_circuit_decorator to 2023-08-12T08:37:48.845385+00:00, run_after=2023-08-13T08:37:48.845385+00:00
[2023-08-13T08:37:48.852+0000] {processor.py:179} INFO - Processing /home/airflow/.local/lib/python3.10/site-packages/airflow/example_dags/example_short_circuit_decorator.py took 0.033 seconds
[2023-08-13T08:38:19.147+0000] {processor.py:157} INFO - Started process (PID=2044) to work on /home/airflow/.local/lib/python3.10/site-packages/airflow/example_dags/example_short_circuit_decorator.py
[2023-08-13T08:38:19.147+0000] {processor.py:826} INFO - Processing file /home/airflow/.local/lib/python3.10/site-packages/airflow/example_dags/example_short_circuit_decorator.py for tasks to queue
[2023-08-13T08:38:19.148+0000] {logging_mixin.py:149} INFO - [2023-08-13T08:38:19.148+0000] {dagbag.py:541} INFO - Filling up the DagBag from /home/airflow/.local/lib/python3.10/site-packages/airflow/example_dags/example_short_circuit_decorator.py
[2023-08-13T08:38:19.152+0000] {processor.py:836} INFO - DAG(s) dict_keys(['example_short_circuit_decorator']) retrieved from /home/airflow/.local/lib/python3.10/site-packages/airflow/example_dags/example_short_circuit_decorator.py
[2023-08-13T08:38:19.163+0000] {logging_mixin.py:149} INFO - [2023-08-13T08:38:19.163+0000] {dag.py:2726} INFO - Sync 1 DAGs
[2023-08-13T08:38:19.172+0000] {logging_mixin.py:149} INFO - [2023-08-13T08:38:19.172+0000] {dag.py:3486} INFO - Setting next_dagrun for example_short_circuit_decorator to 2023-08-12T08:38:19.172780+00:00, run_after=2023-08-13T08:38:19.172780+00:00
[2023-08-13T08:38:19.180+0000] {processor.py:179} INFO - Processing /home/airflow/.local/lib/python3.10/site-packages/airflow/example_dags/example_short_circuit_decorator.py took 0.034 seconds
[2023-08-13T08:38:49.586+0000] {processor.py:157} INFO - Started process (PID=2121) to work on /home/airflow/.local/lib/python3.10/site-packages/airflow/example_dags/example_short_circuit_decorator.py
[2023-08-13T08:38:49.587+0000] {processor.py:826} INFO - Processing file /home/airflow/.local/lib/python3.10/site-packages/airflow/example_dags/example_short_circuit_decorator.py for tasks to queue
[2023-08-13T08:38:49.587+0000] {logging_mixin.py:149} INFO - [2023-08-13T08:38:49.587+0000] {dagbag.py:541} INFO - Filling up the DagBag from /home/airflow/.local/lib/python3.10/site-packages/airflow/example_dags/example_short_circuit_decorator.py
[2023-08-13T08:38:49.591+0000] {processor.py:836} INFO - DAG(s) dict_keys(['example_short_circuit_decorator']) retrieved from /home/airflow/.local/lib/python3.10/site-packages/airflow/example_dags/example_short_circuit_decorator.py
[2023-08-13T08:38:49.602+0000] {logging_mixin.py:149} INFO - [2023-08-13T08:38:49.602+0000] {dag.py:2726} INFO - Sync 1 DAGs
[2023-08-13T08:38:49.613+0000] {logging_mixin.py:149} INFO - [2023-08-13T08:38:49.613+0000] {dag.py:3486} INFO - Setting next_dagrun for example_short_circuit_decorator to 2023-08-12T08:38:49.613027+00:00, run_after=2023-08-13T08:38:49.613027+00:00
[2023-08-13T08:38:49.621+0000] {processor.py:179} INFO - Processing /home/airflow/.local/lib/python3.10/site-packages/airflow/example_dags/example_short_circuit_decorator.py took 0.036 seconds
[2023-08-13T08:39:20.186+0000] {processor.py:157} INFO - Started process (PID=2198) to work on /home/airflow/.local/lib/python3.10/site-packages/airflow/example_dags/example_short_circuit_decorator.py
[2023-08-13T08:39:20.187+0000] {processor.py:826} INFO - Processing file /home/airflow/.local/lib/python3.10/site-packages/airflow/example_dags/example_short_circuit_decorator.py for tasks to queue
[2023-08-13T08:39:20.187+0000] {logging_mixin.py:149} INFO - [2023-08-13T08:39:20.187+0000] {dagbag.py:541} INFO - Filling up the DagBag from /home/airflow/.local/lib/python3.10/site-packages/airflow/example_dags/example_short_circuit_decorator.py
[2023-08-13T08:39:20.191+0000] {processor.py:836} INFO - DAG(s) dict_keys(['example_short_circuit_decorator']) retrieved from /home/airflow/.local/lib/python3.10/site-packages/airflow/example_dags/example_short_circuit_decorator.py
[2023-08-13T08:39:20.203+0000] {logging_mixin.py:149} INFO - [2023-08-13T08:39:20.203+0000] {dag.py:2726} INFO - Sync 1 DAGs
[2023-08-13T08:39:20.213+0000] {logging_mixin.py:149} INFO - [2023-08-13T08:39:20.213+0000] {dag.py:3486} INFO - Setting next_dagrun for example_short_circuit_decorator to 2023-08-12T08:39:20.213092+00:00, run_after=2023-08-13T08:39:20.213092+00:00
[2023-08-13T08:39:20.221+0000] {processor.py:179} INFO - Processing /home/airflow/.local/lib/python3.10/site-packages/airflow/example_dags/example_short_circuit_decorator.py took 0.036 seconds
[2023-08-13T08:39:50.508+0000] {processor.py:157} INFO - Started process (PID=2275) to work on /home/airflow/.local/lib/python3.10/site-packages/airflow/example_dags/example_short_circuit_decorator.py
[2023-08-13T08:39:50.508+0000] {processor.py:826} INFO - Processing file /home/airflow/.local/lib/python3.10/site-packages/airflow/example_dags/example_short_circuit_decorator.py for tasks to queue
[2023-08-13T08:39:50.509+0000] {logging_mixin.py:149} INFO - [2023-08-13T08:39:50.509+0000] {dagbag.py:541} INFO - Filling up the DagBag from /home/airflow/.local/lib/python3.10/site-packages/airflow/example_dags/example_short_circuit_decorator.py
[2023-08-13T08:39:50.513+0000] {processor.py:836} INFO - DAG(s) dict_keys(['example_short_circuit_decorator']) retrieved from /home/airflow/.local/lib/python3.10/site-packages/airflow/example_dags/example_short_circuit_decorator.py
[2023-08-13T08:39:50.524+0000] {logging_mixin.py:149} INFO - [2023-08-13T08:39:50.524+0000] {dag.py:2726} INFO - Sync 1 DAGs
[2023-08-13T08:39:50.534+0000] {logging_mixin.py:149} INFO - [2023-08-13T08:39:50.534+0000] {dag.py:3486} INFO - Setting next_dagrun for example_short_circuit_decorator to 2023-08-12T08:39:50.534293+00:00, run_after=2023-08-13T08:39:50.534293+00:00
[2023-08-13T08:39:50.541+0000] {processor.py:179} INFO - Processing /home/airflow/.local/lib/python3.10/site-packages/airflow/example_dags/example_short_circuit_decorator.py took 0.034 seconds
[2023-08-13T08:40:20.815+0000] {processor.py:157} INFO - Started process (PID=2352) to work on /home/airflow/.local/lib/python3.10/site-packages/airflow/example_dags/example_short_circuit_decorator.py
[2023-08-13T08:40:20.816+0000] {processor.py:826} INFO - Processing file /home/airflow/.local/lib/python3.10/site-packages/airflow/example_dags/example_short_circuit_decorator.py for tasks to queue
[2023-08-13T08:40:20.816+0000] {logging_mixin.py:149} INFO - [2023-08-13T08:40:20.816+0000] {dagbag.py:541} INFO - Filling up the DagBag from /home/airflow/.local/lib/python3.10/site-packages/airflow/example_dags/example_short_circuit_decorator.py
[2023-08-13T08:40:20.820+0000] {processor.py:836} INFO - DAG(s) dict_keys(['example_short_circuit_decorator']) retrieved from /home/airflow/.local/lib/python3.10/site-packages/airflow/example_dags/example_short_circuit_decorator.py
[2023-08-13T08:40:20.831+0000] {logging_mixin.py:149} INFO - [2023-08-13T08:40:20.831+0000] {dag.py:2726} INFO - Sync 1 DAGs
[2023-08-13T08:40:20.841+0000] {logging_mixin.py:149} INFO - [2023-08-13T08:40:20.841+0000] {dag.py:3486} INFO - Setting next_dagrun for example_short_circuit_decorator to 2023-08-12T08:40:20.841285+00:00, run_after=2023-08-13T08:40:20.841285+00:00
[2023-08-13T08:40:20.848+0000] {processor.py:179} INFO - Processing /home/airflow/.local/lib/python3.10/site-packages/airflow/example_dags/example_short_circuit_decorator.py took 0.034 seconds
[2023-08-13T08:40:51.280+0000] {processor.py:157} INFO - Started process (PID=2429) to work on /home/airflow/.local/lib/python3.10/site-packages/airflow/example_dags/example_short_circuit_decorator.py
[2023-08-13T08:40:51.280+0000] {processor.py:826} INFO - Processing file /home/airflow/.local/lib/python3.10/site-packages/airflow/example_dags/example_short_circuit_decorator.py for tasks to queue
[2023-08-13T08:40:51.280+0000] {logging_mixin.py:149} INFO - [2023-08-13T08:40:51.280+0000] {dagbag.py:541} INFO - Filling up the DagBag from /home/airflow/.local/lib/python3.10/site-packages/airflow/example_dags/example_short_circuit_decorator.py
[2023-08-13T08:40:51.284+0000] {processor.py:836} INFO - DAG(s) dict_keys(['example_short_circuit_decorator']) retrieved from /home/airflow/.local/lib/python3.10/site-packages/airflow/example_dags/example_short_circuit_decorator.py
[2023-08-13T08:40:51.296+0000] {logging_mixin.py:149} INFO - [2023-08-13T08:40:51.296+0000] {dag.py:2726} INFO - Sync 1 DAGs
[2023-08-13T08:40:51.306+0000] {logging_mixin.py:149} INFO - [2023-08-13T08:40:51.305+0000] {dag.py:3486} INFO - Setting next_dagrun for example_short_circuit_decorator to 2023-08-12T08:40:51.305868+00:00, run_after=2023-08-13T08:40:51.305868+00:00
[2023-08-13T08:40:51.313+0000] {processor.py:179} INFO - Processing /home/airflow/.local/lib/python3.10/site-packages/airflow/example_dags/example_short_circuit_decorator.py took 0.034 seconds
[2023-08-13T08:41:21.803+0000] {processor.py:157} INFO - Started process (PID=2506) to work on /home/airflow/.local/lib/python3.10/site-packages/airflow/example_dags/example_short_circuit_decorator.py
[2023-08-13T08:41:21.804+0000] {processor.py:826} INFO - Processing file /home/airflow/.local/lib/python3.10/site-packages/airflow/example_dags/example_short_circuit_decorator.py for tasks to queue
[2023-08-13T08:41:21.804+0000] {logging_mixin.py:149} INFO - [2023-08-13T08:41:21.804+0000] {dagbag.py:541} INFO - Filling up the DagBag from /home/airflow/.local/lib/python3.10/site-packages/airflow/example_dags/example_short_circuit_decorator.py
[2023-08-13T08:41:21.808+0000] {processor.py:836} INFO - DAG(s) dict_keys(['example_short_circuit_decorator']) retrieved from /home/airflow/.local/lib/python3.10/site-packages/airflow/example_dags/example_short_circuit_decorator.py
[2023-08-13T08:41:21.819+0000] {logging_mixin.py:149} INFO - [2023-08-13T08:41:21.819+0000] {dag.py:2726} INFO - Sync 1 DAGs
[2023-08-13T08:41:21.828+0000] {logging_mixin.py:149} INFO - [2023-08-13T08:41:21.828+0000] {dag.py:3486} INFO - Setting next_dagrun for example_short_circuit_decorator to 2023-08-12T08:41:21.828480+00:00, run_after=2023-08-13T08:41:21.828480+00:00
[2023-08-13T08:41:21.835+0000] {processor.py:179} INFO - Processing /home/airflow/.local/lib/python3.10/site-packages/airflow/example_dags/example_short_circuit_decorator.py took 0.033 seconds
[2023-08-13T08:41:52.116+0000] {processor.py:157} INFO - Started process (PID=2583) to work on /home/airflow/.local/lib/python3.10/site-packages/airflow/example_dags/example_short_circuit_decorator.py
[2023-08-13T08:41:52.117+0000] {processor.py:826} INFO - Processing file /home/airflow/.local/lib/python3.10/site-packages/airflow/example_dags/example_short_circuit_decorator.py for tasks to queue
[2023-08-13T08:41:52.117+0000] {logging_mixin.py:149} INFO - [2023-08-13T08:41:52.117+0000] {dagbag.py:541} INFO - Filling up the DagBag from /home/airflow/.local/lib/python3.10/site-packages/airflow/example_dags/example_short_circuit_decorator.py
[2023-08-13T08:41:52.121+0000] {processor.py:836} INFO - DAG(s) dict_keys(['example_short_circuit_decorator']) retrieved from /home/airflow/.local/lib/python3.10/site-packages/airflow/example_dags/example_short_circuit_decorator.py
[2023-08-13T08:41:52.132+0000] {logging_mixin.py:149} INFO - [2023-08-13T08:41:52.132+0000] {dag.py:2726} INFO - Sync 1 DAGs
[2023-08-13T08:41:52.142+0000] {logging_mixin.py:149} INFO - [2023-08-13T08:41:52.142+0000] {dag.py:3486} INFO - Setting next_dagrun for example_short_circuit_decorator to 2023-08-12T08:41:52.141948+00:00, run_after=2023-08-13T08:41:52.141948+00:00
[2023-08-13T08:41:52.149+0000] {processor.py:179} INFO - Processing /home/airflow/.local/lib/python3.10/site-packages/airflow/example_dags/example_short_circuit_decorator.py took 0.034 seconds
[2023-08-13T08:42:22.527+0000] {processor.py:157} INFO - Started process (PID=2660) to work on /home/airflow/.local/lib/python3.10/site-packages/airflow/example_dags/example_short_circuit_decorator.py
[2023-08-13T08:42:22.527+0000] {processor.py:826} INFO - Processing file /home/airflow/.local/lib/python3.10/site-packages/airflow/example_dags/example_short_circuit_decorator.py for tasks to queue
[2023-08-13T08:42:22.528+0000] {logging_mixin.py:149} INFO - [2023-08-13T08:42:22.527+0000] {dagbag.py:541} INFO - Filling up the DagBag from /home/airflow/.local/lib/python3.10/site-packages/airflow/example_dags/example_short_circuit_decorator.py
[2023-08-13T08:42:22.531+0000] {processor.py:836} INFO - DAG(s) dict_keys(['example_short_circuit_decorator']) retrieved from /home/airflow/.local/lib/python3.10/site-packages/airflow/example_dags/example_short_circuit_decorator.py
[2023-08-13T08:42:22.542+0000] {logging_mixin.py:149} INFO - [2023-08-13T08:42:22.542+0000] {dag.py:2726} INFO - Sync 1 DAGs
[2023-08-13T08:42:22.552+0000] {logging_mixin.py:149} INFO - [2023-08-13T08:42:22.552+0000] {dag.py:3486} INFO - Setting next_dagrun for example_short_circuit_decorator to 2023-08-12T08:42:22.552344+00:00, run_after=2023-08-13T08:42:22.552344+00:00
[2023-08-13T08:42:22.560+0000] {processor.py:179} INFO - Processing /home/airflow/.local/lib/python3.10/site-packages/airflow/example_dags/example_short_circuit_decorator.py took 0.034 seconds
[2023-08-13T08:42:52.980+0000] {processor.py:157} INFO - Started process (PID=2737) to work on /home/airflow/.local/lib/python3.10/site-packages/airflow/example_dags/example_short_circuit_decorator.py
[2023-08-13T08:42:52.980+0000] {processor.py:826} INFO - Processing file /home/airflow/.local/lib/python3.10/site-packages/airflow/example_dags/example_short_circuit_decorator.py for tasks to queue
[2023-08-13T08:42:52.981+0000] {logging_mixin.py:149} INFO - [2023-08-13T08:42:52.981+0000] {dagbag.py:541} INFO - Filling up the DagBag from /home/airflow/.local/lib/python3.10/site-packages/airflow/example_dags/example_short_circuit_decorator.py
[2023-08-13T08:42:52.984+0000] {processor.py:836} INFO - DAG(s) dict_keys(['example_short_circuit_decorator']) retrieved from /home/airflow/.local/lib/python3.10/site-packages/airflow/example_dags/example_short_circuit_decorator.py
[2023-08-13T08:42:52.996+0000] {logging_mixin.py:149} INFO - [2023-08-13T08:42:52.995+0000] {dag.py:2726} INFO - Sync 1 DAGs
[2023-08-13T08:42:53.005+0000] {logging_mixin.py:149} INFO - [2023-08-13T08:42:53.005+0000] {dag.py:3486} INFO - Setting next_dagrun for example_short_circuit_decorator to 2023-08-12T08:42:53.005658+00:00, run_after=2023-08-13T08:42:53.005658+00:00
[2023-08-13T08:42:53.013+0000] {processor.py:179} INFO - Processing /home/airflow/.local/lib/python3.10/site-packages/airflow/example_dags/example_short_circuit_decorator.py took 0.034 seconds
[2023-08-13T08:43:23.537+0000] {processor.py:157} INFO - Started process (PID=2815) to work on /home/airflow/.local/lib/python3.10/site-packages/airflow/example_dags/example_short_circuit_decorator.py
[2023-08-13T08:43:23.537+0000] {processor.py:826} INFO - Processing file /home/airflow/.local/lib/python3.10/site-packages/airflow/example_dags/example_short_circuit_decorator.py for tasks to queue
[2023-08-13T08:43:23.538+0000] {logging_mixin.py:149} INFO - [2023-08-13T08:43:23.538+0000] {dagbag.py:541} INFO - Filling up the DagBag from /home/airflow/.local/lib/python3.10/site-packages/airflow/example_dags/example_short_circuit_decorator.py
[2023-08-13T08:43:23.542+0000] {processor.py:836} INFO - DAG(s) dict_keys(['example_short_circuit_decorator']) retrieved from /home/airflow/.local/lib/python3.10/site-packages/airflow/example_dags/example_short_circuit_decorator.py
[2023-08-13T08:43:23.553+0000] {logging_mixin.py:149} INFO - [2023-08-13T08:43:23.553+0000] {dag.py:2726} INFO - Sync 1 DAGs
[2023-08-13T08:43:23.562+0000] {logging_mixin.py:149} INFO - [2023-08-13T08:43:23.562+0000] {dag.py:3486} INFO - Setting next_dagrun for example_short_circuit_decorator to 2023-08-12T08:43:23.562575+00:00, run_after=2023-08-13T08:43:23.562575+00:00
[2023-08-13T08:43:23.569+0000] {processor.py:179} INFO - Processing /home/airflow/.local/lib/python3.10/site-packages/airflow/example_dags/example_short_circuit_decorator.py took 0.033 seconds
[2023-08-13T08:43:53.858+0000] {processor.py:157} INFO - Started process (PID=2892) to work on /home/airflow/.local/lib/python3.10/site-packages/airflow/example_dags/example_short_circuit_decorator.py
[2023-08-13T08:43:53.858+0000] {processor.py:826} INFO - Processing file /home/airflow/.local/lib/python3.10/site-packages/airflow/example_dags/example_short_circuit_decorator.py for tasks to queue
[2023-08-13T08:43:53.858+0000] {logging_mixin.py:149} INFO - [2023-08-13T08:43:53.858+0000] {dagbag.py:541} INFO - Filling up the DagBag from /home/airflow/.local/lib/python3.10/site-packages/airflow/example_dags/example_short_circuit_decorator.py
[2023-08-13T08:43:53.862+0000] {processor.py:836} INFO - DAG(s) dict_keys(['example_short_circuit_decorator']) retrieved from /home/airflow/.local/lib/python3.10/site-packages/airflow/example_dags/example_short_circuit_decorator.py
[2023-08-13T08:43:53.873+0000] {logging_mixin.py:149} INFO - [2023-08-13T08:43:53.873+0000] {dag.py:2726} INFO - Sync 1 DAGs
[2023-08-13T08:43:53.882+0000] {logging_mixin.py:149} INFO - [2023-08-13T08:43:53.882+0000] {dag.py:3486} INFO - Setting next_dagrun for example_short_circuit_decorator to 2023-08-12T08:43:53.882737+00:00, run_after=2023-08-13T08:43:53.882737+00:00
[2023-08-13T08:43:53.889+0000] {processor.py:179} INFO - Processing /home/airflow/.local/lib/python3.10/site-packages/airflow/example_dags/example_short_circuit_decorator.py took 0.033 seconds
[2023-08-13T08:44:24.130+0000] {processor.py:157} INFO - Started process (PID=2969) to work on /home/airflow/.local/lib/python3.10/site-packages/airflow/example_dags/example_short_circuit_decorator.py
[2023-08-13T08:44:24.130+0000] {processor.py:826} INFO - Processing file /home/airflow/.local/lib/python3.10/site-packages/airflow/example_dags/example_short_circuit_decorator.py for tasks to queue
[2023-08-13T08:44:24.130+0000] {logging_mixin.py:149} INFO - [2023-08-13T08:44:24.130+0000] {dagbag.py:541} INFO - Filling up the DagBag from /home/airflow/.local/lib/python3.10/site-packages/airflow/example_dags/example_short_circuit_decorator.py
[2023-08-13T08:44:24.135+0000] {processor.py:836} INFO - DAG(s) dict_keys(['example_short_circuit_decorator']) retrieved from /home/airflow/.local/lib/python3.10/site-packages/airflow/example_dags/example_short_circuit_decorator.py
[2023-08-13T08:44:24.147+0000] {logging_mixin.py:149} INFO - [2023-08-13T08:44:24.147+0000] {dag.py:2726} INFO - Sync 1 DAGs
[2023-08-13T08:44:24.157+0000] {logging_mixin.py:149} INFO - [2023-08-13T08:44:24.157+0000] {dag.py:3486} INFO - Setting next_dagrun for example_short_circuit_decorator to 2023-08-12T08:44:24.157517+00:00, run_after=2023-08-13T08:44:24.157517+00:00
[2023-08-13T08:44:24.165+0000] {processor.py:179} INFO - Processing /home/airflow/.local/lib/python3.10/site-packages/airflow/example_dags/example_short_circuit_decorator.py took 0.036 seconds
[2023-08-13T08:44:54.535+0000] {processor.py:157} INFO - Started process (PID=3046) to work on /home/airflow/.local/lib/python3.10/site-packages/airflow/example_dags/example_short_circuit_decorator.py
[2023-08-13T08:44:54.535+0000] {processor.py:826} INFO - Processing file /home/airflow/.local/lib/python3.10/site-packages/airflow/example_dags/example_short_circuit_decorator.py for tasks to queue
[2023-08-13T08:44:54.536+0000] {logging_mixin.py:149} INFO - [2023-08-13T08:44:54.536+0000] {dagbag.py:541} INFO - Filling up the DagBag from /home/airflow/.local/lib/python3.10/site-packages/airflow/example_dags/example_short_circuit_decorator.py
[2023-08-13T08:44:54.540+0000] {processor.py:836} INFO - DAG(s) dict_keys(['example_short_circuit_decorator']) retrieved from /home/airflow/.local/lib/python3.10/site-packages/airflow/example_dags/example_short_circuit_decorator.py
[2023-08-13T08:44:54.551+0000] {logging_mixin.py:149} INFO - [2023-08-13T08:44:54.551+0000] {dag.py:2726} INFO - Sync 1 DAGs
[2023-08-13T08:44:54.560+0000] {logging_mixin.py:149} INFO - [2023-08-13T08:44:54.560+0000] {dag.py:3486} INFO - Setting next_dagrun for example_short_circuit_decorator to 2023-08-12T08:44:54.560454+00:00, run_after=2023-08-13T08:44:54.560454+00:00
[2023-08-13T08:44:54.568+0000] {processor.py:179} INFO - Processing /home/airflow/.local/lib/python3.10/site-packages/airflow/example_dags/example_short_circuit_decorator.py took 0.034 seconds
[2023-08-13T08:45:25.018+0000] {processor.py:157} INFO - Started process (PID=3122) to work on /home/airflow/.local/lib/python3.10/site-packages/airflow/example_dags/example_short_circuit_decorator.py
[2023-08-13T08:45:25.019+0000] {processor.py:826} INFO - Processing file /home/airflow/.local/lib/python3.10/site-packages/airflow/example_dags/example_short_circuit_decorator.py for tasks to queue
[2023-08-13T08:45:25.019+0000] {logging_mixin.py:149} INFO - [2023-08-13T08:45:25.019+0000] {dagbag.py:541} INFO - Filling up the DagBag from /home/airflow/.local/lib/python3.10/site-packages/airflow/example_dags/example_short_circuit_decorator.py
[2023-08-13T08:45:25.023+0000] {processor.py:836} INFO - DAG(s) dict_keys(['example_short_circuit_decorator']) retrieved from /home/airflow/.local/lib/python3.10/site-packages/airflow/example_dags/example_short_circuit_decorator.py
[2023-08-13T08:45:25.034+0000] {logging_mixin.py:149} INFO - [2023-08-13T08:45:25.034+0000] {dag.py:2726} INFO - Sync 1 DAGs
[2023-08-13T08:45:25.044+0000] {logging_mixin.py:149} INFO - [2023-08-13T08:45:25.044+0000] {dag.py:3486} INFO - Setting next_dagrun for example_short_circuit_decorator to 2023-08-12T08:45:25.044115+00:00, run_after=2023-08-13T08:45:25.044115+00:00
[2023-08-13T08:45:25.051+0000] {processor.py:179} INFO - Processing /home/airflow/.local/lib/python3.10/site-packages/airflow/example_dags/example_short_circuit_decorator.py took 0.034 seconds
[2023-08-13T08:45:55.483+0000] {processor.py:157} INFO - Started process (PID=3199) to work on /home/airflow/.local/lib/python3.10/site-packages/airflow/example_dags/example_short_circuit_decorator.py
[2023-08-13T08:45:55.483+0000] {processor.py:826} INFO - Processing file /home/airflow/.local/lib/python3.10/site-packages/airflow/example_dags/example_short_circuit_decorator.py for tasks to queue
[2023-08-13T08:45:55.483+0000] {logging_mixin.py:149} INFO - [2023-08-13T08:45:55.483+0000] {dagbag.py:541} INFO - Filling up the DagBag from /home/airflow/.local/lib/python3.10/site-packages/airflow/example_dags/example_short_circuit_decorator.py
[2023-08-13T08:45:55.487+0000] {processor.py:836} INFO - DAG(s) dict_keys(['example_short_circuit_decorator']) retrieved from /home/airflow/.local/lib/python3.10/site-packages/airflow/example_dags/example_short_circuit_decorator.py
[2023-08-13T08:45:55.498+0000] {logging_mixin.py:149} INFO - [2023-08-13T08:45:55.498+0000] {dag.py:2726} INFO - Sync 1 DAGs
[2023-08-13T08:45:55.508+0000] {logging_mixin.py:149} INFO - [2023-08-13T08:45:55.508+0000] {dag.py:3486} INFO - Setting next_dagrun for example_short_circuit_decorator to 2023-08-12T08:45:55.507916+00:00, run_after=2023-08-13T08:45:55.507916+00:00
[2023-08-13T08:45:55.514+0000] {processor.py:179} INFO - Processing /home/airflow/.local/lib/python3.10/site-packages/airflow/example_dags/example_short_circuit_decorator.py took 0.033 seconds
[2023-08-13T08:46:25.922+0000] {processor.py:157} INFO - Started process (PID=3277) to work on /home/airflow/.local/lib/python3.10/site-packages/airflow/example_dags/example_short_circuit_decorator.py
[2023-08-13T08:46:25.923+0000] {processor.py:826} INFO - Processing file /home/airflow/.local/lib/python3.10/site-packages/airflow/example_dags/example_short_circuit_decorator.py for tasks to queue
[2023-08-13T08:46:25.923+0000] {logging_mixin.py:149} INFO - [2023-08-13T08:46:25.923+0000] {dagbag.py:541} INFO - Filling up the DagBag from /home/airflow/.local/lib/python3.10/site-packages/airflow/example_dags/example_short_circuit_decorator.py
[2023-08-13T08:46:25.928+0000] {processor.py:836} INFO - DAG(s) dict_keys(['example_short_circuit_decorator']) retrieved from /home/airflow/.local/lib/python3.10/site-packages/airflow/example_dags/example_short_circuit_decorator.py
[2023-08-13T08:46:25.940+0000] {logging_mixin.py:149} INFO - [2023-08-13T08:46:25.940+0000] {dag.py:2726} INFO - Sync 1 DAGs
[2023-08-13T08:46:25.950+0000] {logging_mixin.py:149} INFO - [2023-08-13T08:46:25.950+0000] {dag.py:3486} INFO - Setting next_dagrun for example_short_circuit_decorator to 2023-08-12T08:46:25.950222+00:00, run_after=2023-08-13T08:46:25.950222+00:00
[2023-08-13T08:46:25.957+0000] {processor.py:179} INFO - Processing /home/airflow/.local/lib/python3.10/site-packages/airflow/example_dags/example_short_circuit_decorator.py took 0.036 seconds
[2023-08-13T08:46:56.267+0000] {processor.py:157} INFO - Started process (PID=3353) to work on /home/airflow/.local/lib/python3.10/site-packages/airflow/example_dags/example_short_circuit_decorator.py
[2023-08-13T08:46:56.267+0000] {processor.py:826} INFO - Processing file /home/airflow/.local/lib/python3.10/site-packages/airflow/example_dags/example_short_circuit_decorator.py for tasks to queue
[2023-08-13T08:46:56.268+0000] {logging_mixin.py:149} INFO - [2023-08-13T08:46:56.268+0000] {dagbag.py:541} INFO - Filling up the DagBag from /home/airflow/.local/lib/python3.10/site-packages/airflow/example_dags/example_short_circuit_decorator.py
[2023-08-13T08:46:56.272+0000] {processor.py:836} INFO - DAG(s) dict_keys(['example_short_circuit_decorator']) retrieved from /home/airflow/.local/lib/python3.10/site-packages/airflow/example_dags/example_short_circuit_decorator.py
[2023-08-13T08:46:56.283+0000] {logging_mixin.py:149} INFO - [2023-08-13T08:46:56.283+0000] {dag.py:2726} INFO - Sync 1 DAGs
[2023-08-13T08:46:56.293+0000] {logging_mixin.py:149} INFO - [2023-08-13T08:46:56.293+0000] {dag.py:3486} INFO - Setting next_dagrun for example_short_circuit_decorator to 2023-08-12T08:46:56.293069+00:00, run_after=2023-08-13T08:46:56.293069+00:00
[2023-08-13T08:46:56.300+0000] {processor.py:179} INFO - Processing /home/airflow/.local/lib/python3.10/site-packages/airflow/example_dags/example_short_circuit_decorator.py took 0.034 seconds
[2023-08-13T08:47:26.890+0000] {processor.py:157} INFO - Started process (PID=3430) to work on /home/airflow/.local/lib/python3.10/site-packages/airflow/example_dags/example_short_circuit_decorator.py
[2023-08-13T08:47:26.891+0000] {processor.py:826} INFO - Processing file /home/airflow/.local/lib/python3.10/site-packages/airflow/example_dags/example_short_circuit_decorator.py for tasks to queue
[2023-08-13T08:47:26.891+0000] {logging_mixin.py:149} INFO - [2023-08-13T08:47:26.891+0000] {dagbag.py:541} INFO - Filling up the DagBag from /home/airflow/.local/lib/python3.10/site-packages/airflow/example_dags/example_short_circuit_decorator.py
[2023-08-13T08:47:26.895+0000] {processor.py:836} INFO - DAG(s) dict_keys(['example_short_circuit_decorator']) retrieved from /home/airflow/.local/lib/python3.10/site-packages/airflow/example_dags/example_short_circuit_decorator.py
[2023-08-13T08:47:26.907+0000] {logging_mixin.py:149} INFO - [2023-08-13T08:47:26.907+0000] {dag.py:2726} INFO - Sync 1 DAGs
[2023-08-13T08:47:26.917+0000] {logging_mixin.py:149} INFO - [2023-08-13T08:47:26.917+0000] {dag.py:3486} INFO - Setting next_dagrun for example_short_circuit_decorator to 2023-08-12T08:47:26.917072+00:00, run_after=2023-08-13T08:47:26.917072+00:00
[2023-08-13T08:47:26.924+0000] {processor.py:179} INFO - Processing /home/airflow/.local/lib/python3.10/site-packages/airflow/example_dags/example_short_circuit_decorator.py took 0.035 seconds
[2023-08-13T08:47:57.763+0000] {processor.py:157} INFO - Started process (PID=3507) to work on /home/airflow/.local/lib/python3.10/site-packages/airflow/example_dags/example_short_circuit_decorator.py
[2023-08-13T08:47:57.763+0000] {processor.py:826} INFO - Processing file /home/airflow/.local/lib/python3.10/site-packages/airflow/example_dags/example_short_circuit_decorator.py for tasks to queue
[2023-08-13T08:47:57.763+0000] {logging_mixin.py:149} INFO - [2023-08-13T08:47:57.763+0000] {dagbag.py:541} INFO - Filling up the DagBag from /home/airflow/.local/lib/python3.10/site-packages/airflow/example_dags/example_short_circuit_decorator.py
[2023-08-13T08:47:57.767+0000] {processor.py:836} INFO - DAG(s) dict_keys(['example_short_circuit_decorator']) retrieved from /home/airflow/.local/lib/python3.10/site-packages/airflow/example_dags/example_short_circuit_decorator.py
[2023-08-13T08:47:57.779+0000] {logging_mixin.py:149} INFO - [2023-08-13T08:47:57.779+0000] {dag.py:2726} INFO - Sync 1 DAGs
[2023-08-13T08:47:57.789+0000] {logging_mixin.py:149} INFO - [2023-08-13T08:47:57.789+0000] {dag.py:3486} INFO - Setting next_dagrun for example_short_circuit_decorator to 2023-08-12T08:47:57.788997+00:00, run_after=2023-08-13T08:47:57.788997+00:00
[2023-08-13T08:47:57.854+0000] {processor.py:179} INFO - Processing /home/airflow/.local/lib/python3.10/site-packages/airflow/example_dags/example_short_circuit_decorator.py took 0.093 seconds
[2023-08-13T08:48:28.490+0000] {processor.py:157} INFO - Started process (PID=3584) to work on /home/airflow/.local/lib/python3.10/site-packages/airflow/example_dags/example_short_circuit_decorator.py
[2023-08-13T08:48:28.490+0000] {processor.py:826} INFO - Processing file /home/airflow/.local/lib/python3.10/site-packages/airflow/example_dags/example_short_circuit_decorator.py for tasks to queue
[2023-08-13T08:48:28.490+0000] {logging_mixin.py:149} INFO - [2023-08-13T08:48:28.490+0000] {dagbag.py:541} INFO - Filling up the DagBag from /home/airflow/.local/lib/python3.10/site-packages/airflow/example_dags/example_short_circuit_decorator.py
[2023-08-13T08:48:28.494+0000] {processor.py:836} INFO - DAG(s) dict_keys(['example_short_circuit_decorator']) retrieved from /home/airflow/.local/lib/python3.10/site-packages/airflow/example_dags/example_short_circuit_decorator.py
[2023-08-13T08:48:28.505+0000] {logging_mixin.py:149} INFO - [2023-08-13T08:48:28.505+0000] {dag.py:2726} INFO - Sync 1 DAGs
[2023-08-13T08:48:28.515+0000] {logging_mixin.py:149} INFO - [2023-08-13T08:48:28.515+0000] {dag.py:3486} INFO - Setting next_dagrun for example_short_circuit_decorator to 2023-08-12T08:48:28.515262+00:00, run_after=2023-08-13T08:48:28.515262+00:00
[2023-08-13T08:48:28.524+0000] {processor.py:179} INFO - Processing /home/airflow/.local/lib/python3.10/site-packages/airflow/example_dags/example_short_circuit_decorator.py took 0.035 seconds
[2023-08-13T08:48:59.509+0000] {processor.py:157} INFO - Started process (PID=3660) to work on /home/airflow/.local/lib/python3.10/site-packages/airflow/example_dags/example_short_circuit_decorator.py
[2023-08-13T08:48:59.509+0000] {processor.py:826} INFO - Processing file /home/airflow/.local/lib/python3.10/site-packages/airflow/example_dags/example_short_circuit_decorator.py for tasks to queue
[2023-08-13T08:48:59.509+0000] {logging_mixin.py:149} INFO - [2023-08-13T08:48:59.509+0000] {dagbag.py:541} INFO - Filling up the DagBag from /home/airflow/.local/lib/python3.10/site-packages/airflow/example_dags/example_short_circuit_decorator.py
[2023-08-13T08:48:59.513+0000] {processor.py:836} INFO - DAG(s) dict_keys(['example_short_circuit_decorator']) retrieved from /home/airflow/.local/lib/python3.10/site-packages/airflow/example_dags/example_short_circuit_decorator.py
[2023-08-13T08:48:59.525+0000] {logging_mixin.py:149} INFO - [2023-08-13T08:48:59.524+0000] {dag.py:2726} INFO - Sync 1 DAGs
[2023-08-13T08:48:59.534+0000] {logging_mixin.py:149} INFO - [2023-08-13T08:48:59.534+0000] {dag.py:3486} INFO - Setting next_dagrun for example_short_circuit_decorator to 2023-08-12T08:48:59.534255+00:00, run_after=2023-08-13T08:48:59.534255+00:00
[2023-08-13T08:48:59.541+0000] {processor.py:179} INFO - Processing /home/airflow/.local/lib/python3.10/site-packages/airflow/example_dags/example_short_circuit_decorator.py took 0.033 seconds
[2023-08-13T08:49:29.930+0000] {processor.py:157} INFO - Started process (PID=3737) to work on /home/airflow/.local/lib/python3.10/site-packages/airflow/example_dags/example_short_circuit_decorator.py
[2023-08-13T08:49:29.931+0000] {processor.py:826} INFO - Processing file /home/airflow/.local/lib/python3.10/site-packages/airflow/example_dags/example_short_circuit_decorator.py for tasks to queue
[2023-08-13T08:49:29.931+0000] {logging_mixin.py:149} INFO - [2023-08-13T08:49:29.931+0000] {dagbag.py:541} INFO - Filling up the DagBag from /home/airflow/.local/lib/python3.10/site-packages/airflow/example_dags/example_short_circuit_decorator.py
[2023-08-13T08:49:29.935+0000] {processor.py:836} INFO - DAG(s) dict_keys(['example_short_circuit_decorator']) retrieved from /home/airflow/.local/lib/python3.10/site-packages/airflow/example_dags/example_short_circuit_decorator.py
[2023-08-13T08:49:29.946+0000] {logging_mixin.py:149} INFO - [2023-08-13T08:49:29.946+0000] {dag.py:2726} INFO - Sync 1 DAGs
[2023-08-13T08:49:29.956+0000] {logging_mixin.py:149} INFO - [2023-08-13T08:49:29.956+0000] {dag.py:3486} INFO - Setting next_dagrun for example_short_circuit_decorator to 2023-08-12T08:49:29.955967+00:00, run_after=2023-08-13T08:49:29.955967+00:00
[2023-08-13T08:49:29.963+0000] {processor.py:179} INFO - Processing /home/airflow/.local/lib/python3.10/site-packages/airflow/example_dags/example_short_circuit_decorator.py took 0.033 seconds
[2023-08-13T08:50:00.913+0000] {processor.py:157} INFO - Started process (PID=3814) to work on /home/airflow/.local/lib/python3.10/site-packages/airflow/example_dags/example_short_circuit_decorator.py
[2023-08-13T08:50:00.914+0000] {processor.py:826} INFO - Processing file /home/airflow/.local/lib/python3.10/site-packages/airflow/example_dags/example_short_circuit_decorator.py for tasks to queue
[2023-08-13T08:50:00.914+0000] {logging_mixin.py:149} INFO - [2023-08-13T08:50:00.914+0000] {dagbag.py:541} INFO - Filling up the DagBag from /home/airflow/.local/lib/python3.10/site-packages/airflow/example_dags/example_short_circuit_decorator.py
[2023-08-13T08:50:00.918+0000] {processor.py:836} INFO - DAG(s) dict_keys(['example_short_circuit_decorator']) retrieved from /home/airflow/.local/lib/python3.10/site-packages/airflow/example_dags/example_short_circuit_decorator.py
[2023-08-13T08:50:00.929+0000] {logging_mixin.py:149} INFO - [2023-08-13T08:50:00.929+0000] {dag.py:2726} INFO - Sync 1 DAGs
[2023-08-13T08:50:00.993+0000] {logging_mixin.py:149} INFO - [2023-08-13T08:50:00.993+0000] {dag.py:3486} INFO - Setting next_dagrun for example_short_circuit_decorator to 2023-08-12T08:50:00.993596+00:00, run_after=2023-08-13T08:50:00.993596+00:00
[2023-08-13T08:50:01.000+0000] {processor.py:179} INFO - Processing /home/airflow/.local/lib/python3.10/site-packages/airflow/example_dags/example_short_circuit_decorator.py took 0.088 seconds
[2023-08-13T08:50:31.121+0000] {processor.py:157} INFO - Started process (PID=3891) to work on /home/airflow/.local/lib/python3.10/site-packages/airflow/example_dags/example_short_circuit_decorator.py
[2023-08-13T08:50:31.121+0000] {processor.py:826} INFO - Processing file /home/airflow/.local/lib/python3.10/site-packages/airflow/example_dags/example_short_circuit_decorator.py for tasks to queue
[2023-08-13T08:50:31.122+0000] {logging_mixin.py:149} INFO - [2023-08-13T08:50:31.122+0000] {dagbag.py:541} INFO - Filling up the DagBag from /home/airflow/.local/lib/python3.10/site-packages/airflow/example_dags/example_short_circuit_decorator.py
[2023-08-13T08:50:31.126+0000] {processor.py:836} INFO - DAG(s) dict_keys(['example_short_circuit_decorator']) retrieved from /home/airflow/.local/lib/python3.10/site-packages/airflow/example_dags/example_short_circuit_decorator.py
[2023-08-13T08:50:31.137+0000] {logging_mixin.py:149} INFO - [2023-08-13T08:50:31.137+0000] {dag.py:2726} INFO - Sync 1 DAGs
[2023-08-13T08:50:31.147+0000] {logging_mixin.py:149} INFO - [2023-08-13T08:50:31.147+0000] {dag.py:3486} INFO - Setting next_dagrun for example_short_circuit_decorator to 2023-08-12T08:50:31.147703+00:00, run_after=2023-08-13T08:50:31.147703+00:00
[2023-08-13T08:50:31.210+0000] {processor.py:179} INFO - Processing /home/airflow/.local/lib/python3.10/site-packages/airflow/example_dags/example_short_circuit_decorator.py took 0.090 seconds
[2023-08-13T08:51:01.389+0000] {processor.py:157} INFO - Started process (PID=3968) to work on /home/airflow/.local/lib/python3.10/site-packages/airflow/example_dags/example_short_circuit_decorator.py
[2023-08-13T08:51:01.389+0000] {processor.py:826} INFO - Processing file /home/airflow/.local/lib/python3.10/site-packages/airflow/example_dags/example_short_circuit_decorator.py for tasks to queue
[2023-08-13T08:51:01.389+0000] {logging_mixin.py:149} INFO - [2023-08-13T08:51:01.389+0000] {dagbag.py:541} INFO - Filling up the DagBag from /home/airflow/.local/lib/python3.10/site-packages/airflow/example_dags/example_short_circuit_decorator.py
[2023-08-13T08:51:01.393+0000] {processor.py:836} INFO - DAG(s) dict_keys(['example_short_circuit_decorator']) retrieved from /home/airflow/.local/lib/python3.10/site-packages/airflow/example_dags/example_short_circuit_decorator.py
[2023-08-13T08:51:01.404+0000] {logging_mixin.py:149} INFO - [2023-08-13T08:51:01.404+0000] {dag.py:2726} INFO - Sync 1 DAGs
[2023-08-13T08:51:01.413+0000] {logging_mixin.py:149} INFO - [2023-08-13T08:51:01.413+0000] {dag.py:3486} INFO - Setting next_dagrun for example_short_circuit_decorator to 2023-08-12T08:51:01.413617+00:00, run_after=2023-08-13T08:51:01.413617+00:00
[2023-08-13T08:51:01.420+0000] {processor.py:179} INFO - Processing /home/airflow/.local/lib/python3.10/site-packages/airflow/example_dags/example_short_circuit_decorator.py took 0.033 seconds
[2023-08-13T08:51:31.831+0000] {processor.py:157} INFO - Started process (PID=4045) to work on /home/airflow/.local/lib/python3.10/site-packages/airflow/example_dags/example_short_circuit_decorator.py
[2023-08-13T08:51:31.832+0000] {processor.py:826} INFO - Processing file /home/airflow/.local/lib/python3.10/site-packages/airflow/example_dags/example_short_circuit_decorator.py for tasks to queue
[2023-08-13T08:51:31.832+0000] {logging_mixin.py:149} INFO - [2023-08-13T08:51:31.832+0000] {dagbag.py:541} INFO - Filling up the DagBag from /home/airflow/.local/lib/python3.10/site-packages/airflow/example_dags/example_short_circuit_decorator.py
[2023-08-13T08:51:31.836+0000] {processor.py:836} INFO - DAG(s) dict_keys(['example_short_circuit_decorator']) retrieved from /home/airflow/.local/lib/python3.10/site-packages/airflow/example_dags/example_short_circuit_decorator.py
[2023-08-13T08:51:31.849+0000] {logging_mixin.py:149} INFO - [2023-08-13T08:51:31.849+0000] {dag.py:2726} INFO - Sync 1 DAGs
[2023-08-13T08:51:31.859+0000] {logging_mixin.py:149} INFO - [2023-08-13T08:51:31.859+0000] {dag.py:3486} INFO - Setting next_dagrun for example_short_circuit_decorator to 2023-08-12T08:51:31.859009+00:00, run_after=2023-08-13T08:51:31.859009+00:00
[2023-08-13T08:51:31.866+0000] {processor.py:179} INFO - Processing /home/airflow/.local/lib/python3.10/site-packages/airflow/example_dags/example_short_circuit_decorator.py took 0.036 seconds
[2023-08-13T08:52:02.895+0000] {processor.py:157} INFO - Started process (PID=4122) to work on /home/airflow/.local/lib/python3.10/site-packages/airflow/example_dags/example_short_circuit_decorator.py
[2023-08-13T08:52:02.896+0000] {processor.py:826} INFO - Processing file /home/airflow/.local/lib/python3.10/site-packages/airflow/example_dags/example_short_circuit_decorator.py for tasks to queue
[2023-08-13T08:52:02.896+0000] {logging_mixin.py:149} INFO - [2023-08-13T08:52:02.896+0000] {dagbag.py:541} INFO - Filling up the DagBag from /home/airflow/.local/lib/python3.10/site-packages/airflow/example_dags/example_short_circuit_decorator.py
[2023-08-13T08:52:02.900+0000] {processor.py:836} INFO - DAG(s) dict_keys(['example_short_circuit_decorator']) retrieved from /home/airflow/.local/lib/python3.10/site-packages/airflow/example_dags/example_short_circuit_decorator.py
[2023-08-13T08:52:02.911+0000] {logging_mixin.py:149} INFO - [2023-08-13T08:52:02.911+0000] {dag.py:2726} INFO - Sync 1 DAGs
[2023-08-13T08:52:02.976+0000] {logging_mixin.py:149} INFO - [2023-08-13T08:52:02.976+0000] {dag.py:3486} INFO - Setting next_dagrun for example_short_circuit_decorator to 2023-08-12T08:52:02.976113+00:00, run_after=2023-08-13T08:52:02.976113+00:00
[2023-08-13T08:52:02.983+0000] {processor.py:179} INFO - Processing /home/airflow/.local/lib/python3.10/site-packages/airflow/example_dags/example_short_circuit_decorator.py took 0.089 seconds
[2023-08-13T08:52:33.062+0000] {processor.py:157} INFO - Started process (PID=4199) to work on /home/airflow/.local/lib/python3.10/site-packages/airflow/example_dags/example_short_circuit_decorator.py
[2023-08-13T08:52:33.063+0000] {processor.py:826} INFO - Processing file /home/airflow/.local/lib/python3.10/site-packages/airflow/example_dags/example_short_circuit_decorator.py for tasks to queue
[2023-08-13T08:52:33.063+0000] {logging_mixin.py:149} INFO - [2023-08-13T08:52:33.063+0000] {dagbag.py:541} INFO - Filling up the DagBag from /home/airflow/.local/lib/python3.10/site-packages/airflow/example_dags/example_short_circuit_decorator.py
[2023-08-13T08:52:33.067+0000] {processor.py:836} INFO - DAG(s) dict_keys(['example_short_circuit_decorator']) retrieved from /home/airflow/.local/lib/python3.10/site-packages/airflow/example_dags/example_short_circuit_decorator.py
[2023-08-13T08:52:33.078+0000] {logging_mixin.py:149} INFO - [2023-08-13T08:52:33.078+0000] {dag.py:2726} INFO - Sync 1 DAGs
[2023-08-13T08:52:33.087+0000] {logging_mixin.py:149} INFO - [2023-08-13T08:52:33.087+0000] {dag.py:3486} INFO - Setting next_dagrun for example_short_circuit_decorator to 2023-08-12T08:52:33.087706+00:00, run_after=2023-08-13T08:52:33.087706+00:00
[2023-08-13T08:52:33.095+0000] {processor.py:179} INFO - Processing /home/airflow/.local/lib/python3.10/site-packages/airflow/example_dags/example_short_circuit_decorator.py took 0.034 seconds
[2023-08-13T08:53:03.638+0000] {processor.py:157} INFO - Started process (PID=4276) to work on /home/airflow/.local/lib/python3.10/site-packages/airflow/example_dags/example_short_circuit_decorator.py
[2023-08-13T08:53:03.639+0000] {processor.py:826} INFO - Processing file /home/airflow/.local/lib/python3.10/site-packages/airflow/example_dags/example_short_circuit_decorator.py for tasks to queue
[2023-08-13T08:53:03.639+0000] {logging_mixin.py:149} INFO - [2023-08-13T08:53:03.639+0000] {dagbag.py:541} INFO - Filling up the DagBag from /home/airflow/.local/lib/python3.10/site-packages/airflow/example_dags/example_short_circuit_decorator.py
[2023-08-13T08:53:03.643+0000] {processor.py:836} INFO - DAG(s) dict_keys(['example_short_circuit_decorator']) retrieved from /home/airflow/.local/lib/python3.10/site-packages/airflow/example_dags/example_short_circuit_decorator.py
[2023-08-13T08:53:03.711+0000] {logging_mixin.py:149} INFO - [2023-08-13T08:53:03.711+0000] {dag.py:2726} INFO - Sync 1 DAGs
[2023-08-13T08:53:03.720+0000] {logging_mixin.py:149} INFO - [2023-08-13T08:53:03.720+0000] {dag.py:3486} INFO - Setting next_dagrun for example_short_circuit_decorator to 2023-08-12T08:53:03.720111+00:00, run_after=2023-08-13T08:53:03.720111+00:00
[2023-08-13T08:53:03.727+0000] {processor.py:179} INFO - Processing /home/airflow/.local/lib/python3.10/site-packages/airflow/example_dags/example_short_circuit_decorator.py took 0.090 seconds
[2023-08-13T08:53:34.620+0000] {processor.py:157} INFO - Started process (PID=4352) to work on /home/airflow/.local/lib/python3.10/site-packages/airflow/example_dags/example_short_circuit_decorator.py
[2023-08-13T08:53:34.620+0000] {processor.py:826} INFO - Processing file /home/airflow/.local/lib/python3.10/site-packages/airflow/example_dags/example_short_circuit_decorator.py for tasks to queue
[2023-08-13T08:53:34.620+0000] {logging_mixin.py:149} INFO - [2023-08-13T08:53:34.620+0000] {dagbag.py:541} INFO - Filling up the DagBag from /home/airflow/.local/lib/python3.10/site-packages/airflow/example_dags/example_short_circuit_decorator.py
[2023-08-13T08:53:34.624+0000] {processor.py:836} INFO - DAG(s) dict_keys(['example_short_circuit_decorator']) retrieved from /home/airflow/.local/lib/python3.10/site-packages/airflow/example_dags/example_short_circuit_decorator.py
[2023-08-13T08:53:34.636+0000] {logging_mixin.py:149} INFO - [2023-08-13T08:53:34.636+0000] {dag.py:2726} INFO - Sync 1 DAGs
[2023-08-13T08:53:34.700+0000] {logging_mixin.py:149} INFO - [2023-08-13T08:53:34.700+0000] {dag.py:3486} INFO - Setting next_dagrun for example_short_circuit_decorator to 2023-08-12T08:53:34.700805+00:00, run_after=2023-08-13T08:53:34.700805+00:00
[2023-08-13T08:53:34.709+0000] {processor.py:179} INFO - Processing /home/airflow/.local/lib/python3.10/site-packages/airflow/example_dags/example_short_circuit_decorator.py took 0.090 seconds
[2023-08-13T08:54:04.794+0000] {processor.py:157} INFO - Started process (PID=4428) to work on /home/airflow/.local/lib/python3.10/site-packages/airflow/example_dags/example_short_circuit_decorator.py
[2023-08-13T08:54:04.795+0000] {processor.py:826} INFO - Processing file /home/airflow/.local/lib/python3.10/site-packages/airflow/example_dags/example_short_circuit_decorator.py for tasks to queue
[2023-08-13T08:54:04.795+0000] {logging_mixin.py:149} INFO - [2023-08-13T08:54:04.795+0000] {dagbag.py:541} INFO - Filling up the DagBag from /home/airflow/.local/lib/python3.10/site-packages/airflow/example_dags/example_short_circuit_decorator.py
[2023-08-13T08:54:04.799+0000] {processor.py:836} INFO - DAG(s) dict_keys(['example_short_circuit_decorator']) retrieved from /home/airflow/.local/lib/python3.10/site-packages/airflow/example_dags/example_short_circuit_decorator.py
[2023-08-13T08:54:04.810+0000] {logging_mixin.py:149} INFO - [2023-08-13T08:54:04.810+0000] {dag.py:2726} INFO - Sync 1 DAGs
[2023-08-13T08:54:04.820+0000] {logging_mixin.py:149} INFO - [2023-08-13T08:54:04.820+0000] {dag.py:3486} INFO - Setting next_dagrun for example_short_circuit_decorator to 2023-08-12T08:54:04.820082+00:00, run_after=2023-08-13T08:54:04.820082+00:00
[2023-08-13T08:54:04.827+0000] {processor.py:179} INFO - Processing /home/airflow/.local/lib/python3.10/site-packages/airflow/example_dags/example_short_circuit_decorator.py took 0.035 seconds
[2023-08-13T08:54:35.048+0000] {processor.py:157} INFO - Started process (PID=4505) to work on /home/airflow/.local/lib/python3.10/site-packages/airflow/example_dags/example_short_circuit_decorator.py
[2023-08-13T08:54:35.049+0000] {processor.py:826} INFO - Processing file /home/airflow/.local/lib/python3.10/site-packages/airflow/example_dags/example_short_circuit_decorator.py for tasks to queue
[2023-08-13T08:54:35.049+0000] {logging_mixin.py:149} INFO - [2023-08-13T08:54:35.049+0000] {dagbag.py:541} INFO - Filling up the DagBag from /home/airflow/.local/lib/python3.10/site-packages/airflow/example_dags/example_short_circuit_decorator.py
[2023-08-13T08:54:35.053+0000] {processor.py:836} INFO - DAG(s) dict_keys(['example_short_circuit_decorator']) retrieved from /home/airflow/.local/lib/python3.10/site-packages/airflow/example_dags/example_short_circuit_decorator.py
[2023-08-13T08:54:35.065+0000] {logging_mixin.py:149} INFO - [2023-08-13T08:54:35.065+0000] {dag.py:2726} INFO - Sync 1 DAGs
[2023-08-13T08:54:35.075+0000] {logging_mixin.py:149} INFO - [2023-08-13T08:54:35.075+0000] {dag.py:3486} INFO - Setting next_dagrun for example_short_circuit_decorator to 2023-08-12T08:54:35.074951+00:00, run_after=2023-08-13T08:54:35.074951+00:00
[2023-08-13T08:54:35.082+0000] {processor.py:179} INFO - Processing /home/airflow/.local/lib/python3.10/site-packages/airflow/example_dags/example_short_circuit_decorator.py took 0.035 seconds
[2023-08-13T08:55:05.289+0000] {processor.py:157} INFO - Started process (PID=4582) to work on /home/airflow/.local/lib/python3.10/site-packages/airflow/example_dags/example_short_circuit_decorator.py
[2023-08-13T08:55:05.290+0000] {processor.py:826} INFO - Processing file /home/airflow/.local/lib/python3.10/site-packages/airflow/example_dags/example_short_circuit_decorator.py for tasks to queue
[2023-08-13T08:55:05.290+0000] {logging_mixin.py:149} INFO - [2023-08-13T08:55:05.290+0000] {dagbag.py:541} INFO - Filling up the DagBag from /home/airflow/.local/lib/python3.10/site-packages/airflow/example_dags/example_short_circuit_decorator.py
[2023-08-13T08:55:05.294+0000] {processor.py:836} INFO - DAG(s) dict_keys(['example_short_circuit_decorator']) retrieved from /home/airflow/.local/lib/python3.10/site-packages/airflow/example_dags/example_short_circuit_decorator.py
[2023-08-13T08:55:05.305+0000] {logging_mixin.py:149} INFO - [2023-08-13T08:55:05.305+0000] {dag.py:2726} INFO - Sync 1 DAGs
[2023-08-13T08:55:05.315+0000] {logging_mixin.py:149} INFO - [2023-08-13T08:55:05.315+0000] {dag.py:3486} INFO - Setting next_dagrun for example_short_circuit_decorator to 2023-08-12T08:55:05.315089+00:00, run_after=2023-08-13T08:55:05.315089+00:00
[2023-08-13T08:55:05.322+0000] {processor.py:179} INFO - Processing /home/airflow/.local/lib/python3.10/site-packages/airflow/example_dags/example_short_circuit_decorator.py took 0.034 seconds
