[2023-08-13T08:25:10.259+0000] {processor.py:157} INFO - Started process (PID=63) to work on /home/airflow/.local/lib/python3.10/site-packages/airflow/example_dags/example_nested_branch_dag.py
[2023-08-13T08:25:10.259+0000] {processor.py:826} INFO - Processing file /home/airflow/.local/lib/python3.10/site-packages/airflow/example_dags/example_nested_branch_dag.py for tasks to queue
[2023-08-13T08:25:10.260+0000] {logging_mixin.py:149} INFO - [2023-08-13T08:25:10.260+0000] {dagbag.py:541} INFO - Filling up the DagBag from /home/airflow/.local/lib/python3.10/site-packages/airflow/example_dags/example_nested_branch_dag.py
[2023-08-13T08:25:10.264+0000] {processor.py:836} INFO - DAG(s) dict_keys(['example_nested_branch_dag']) retrieved from /home/airflow/.local/lib/python3.10/site-packages/airflow/example_dags/example_nested_branch_dag.py
[2023-08-13T08:25:10.270+0000] {logging_mixin.py:149} INFO - [2023-08-13T08:25:10.270+0000] {dag.py:2726} INFO - Sync 1 DAGs
[2023-08-13T08:25:10.282+0000] {logging_mixin.py:149} INFO - [2023-08-13T08:25:10.282+0000] {dag.py:3486} INFO - Setting next_dagrun for example_nested_branch_dag to 2023-08-12T00:00:00+00:00, run_after=2023-08-13T00:00:00+00:00
[2023-08-13T08:25:10.289+0000] {processor.py:179} INFO - Processing /home/airflow/.local/lib/python3.10/site-packages/airflow/example_dags/example_nested_branch_dag.py took 0.031 seconds
[2023-08-13T08:25:40.348+0000] {processor.py:157} INFO - Started process (PID=140) to work on /home/airflow/.local/lib/python3.10/site-packages/airflow/example_dags/example_nested_branch_dag.py
[2023-08-13T08:25:40.348+0000] {processor.py:826} INFO - Processing file /home/airflow/.local/lib/python3.10/site-packages/airflow/example_dags/example_nested_branch_dag.py for tasks to queue
[2023-08-13T08:25:40.349+0000] {logging_mixin.py:149} INFO - [2023-08-13T08:25:40.349+0000] {dagbag.py:541} INFO - Filling up the DagBag from /home/airflow/.local/lib/python3.10/site-packages/airflow/example_dags/example_nested_branch_dag.py
[2023-08-13T08:25:40.353+0000] {processor.py:836} INFO - DAG(s) dict_keys(['example_nested_branch_dag']) retrieved from /home/airflow/.local/lib/python3.10/site-packages/airflow/example_dags/example_nested_branch_dag.py
[2023-08-13T08:25:40.364+0000] {logging_mixin.py:149} INFO - [2023-08-13T08:25:40.364+0000] {dag.py:2726} INFO - Sync 1 DAGs
[2023-08-13T08:25:40.374+0000] {logging_mixin.py:149} INFO - [2023-08-13T08:25:40.374+0000] {dag.py:3486} INFO - Setting next_dagrun for example_nested_branch_dag to 2023-08-12T00:00:00+00:00, run_after=2023-08-13T00:00:00+00:00
[2023-08-13T08:25:40.381+0000] {processor.py:179} INFO - Processing /home/airflow/.local/lib/python3.10/site-packages/airflow/example_dags/example_nested_branch_dag.py took 0.034 seconds
[2023-08-13T08:26:10.776+0000] {processor.py:157} INFO - Started process (PID=216) to work on /home/airflow/.local/lib/python3.10/site-packages/airflow/example_dags/example_nested_branch_dag.py
[2023-08-13T08:26:10.776+0000] {processor.py:826} INFO - Processing file /home/airflow/.local/lib/python3.10/site-packages/airflow/example_dags/example_nested_branch_dag.py for tasks to queue
[2023-08-13T08:26:10.777+0000] {logging_mixin.py:149} INFO - [2023-08-13T08:26:10.777+0000] {dagbag.py:541} INFO - Filling up the DagBag from /home/airflow/.local/lib/python3.10/site-packages/airflow/example_dags/example_nested_branch_dag.py
[2023-08-13T08:26:10.781+0000] {processor.py:836} INFO - DAG(s) dict_keys(['example_nested_branch_dag']) retrieved from /home/airflow/.local/lib/python3.10/site-packages/airflow/example_dags/example_nested_branch_dag.py
[2023-08-13T08:26:10.791+0000] {logging_mixin.py:149} INFO - [2023-08-13T08:26:10.791+0000] {dag.py:2726} INFO - Sync 1 DAGs
[2023-08-13T08:26:10.802+0000] {logging_mixin.py:149} INFO - [2023-08-13T08:26:10.801+0000] {dag.py:3486} INFO - Setting next_dagrun for example_nested_branch_dag to 2023-08-12T00:00:00+00:00, run_after=2023-08-13T00:00:00+00:00
[2023-08-13T08:26:10.808+0000] {processor.py:179} INFO - Processing /home/airflow/.local/lib/python3.10/site-packages/airflow/example_dags/example_nested_branch_dag.py took 0.034 seconds
[2023-08-13T08:26:41.237+0000] {processor.py:157} INFO - Started process (PID=293) to work on /home/airflow/.local/lib/python3.10/site-packages/airflow/example_dags/example_nested_branch_dag.py
[2023-08-13T08:26:41.238+0000] {processor.py:826} INFO - Processing file /home/airflow/.local/lib/python3.10/site-packages/airflow/example_dags/example_nested_branch_dag.py for tasks to queue
[2023-08-13T08:26:41.238+0000] {logging_mixin.py:149} INFO - [2023-08-13T08:26:41.238+0000] {dagbag.py:541} INFO - Filling up the DagBag from /home/airflow/.local/lib/python3.10/site-packages/airflow/example_dags/example_nested_branch_dag.py
[2023-08-13T08:26:41.242+0000] {processor.py:836} INFO - DAG(s) dict_keys(['example_nested_branch_dag']) retrieved from /home/airflow/.local/lib/python3.10/site-packages/airflow/example_dags/example_nested_branch_dag.py
[2023-08-13T08:26:41.252+0000] {logging_mixin.py:149} INFO - [2023-08-13T08:26:41.252+0000] {dag.py:2726} INFO - Sync 1 DAGs
[2023-08-13T08:26:41.262+0000] {logging_mixin.py:149} INFO - [2023-08-13T08:26:41.262+0000] {dag.py:3486} INFO - Setting next_dagrun for example_nested_branch_dag to 2023-08-12T00:00:00+00:00, run_after=2023-08-13T00:00:00+00:00
[2023-08-13T08:26:41.270+0000] {processor.py:179} INFO - Processing /home/airflow/.local/lib/python3.10/site-packages/airflow/example_dags/example_nested_branch_dag.py took 0.034 seconds
[2023-08-13T08:27:11.788+0000] {processor.py:157} INFO - Started process (PID=370) to work on /home/airflow/.local/lib/python3.10/site-packages/airflow/example_dags/example_nested_branch_dag.py
[2023-08-13T08:27:11.788+0000] {processor.py:826} INFO - Processing file /home/airflow/.local/lib/python3.10/site-packages/airflow/example_dags/example_nested_branch_dag.py for tasks to queue
[2023-08-13T08:27:11.789+0000] {logging_mixin.py:149} INFO - [2023-08-13T08:27:11.788+0000] {dagbag.py:541} INFO - Filling up the DagBag from /home/airflow/.local/lib/python3.10/site-packages/airflow/example_dags/example_nested_branch_dag.py
[2023-08-13T08:27:11.793+0000] {processor.py:836} INFO - DAG(s) dict_keys(['example_nested_branch_dag']) retrieved from /home/airflow/.local/lib/python3.10/site-packages/airflow/example_dags/example_nested_branch_dag.py
[2023-08-13T08:27:11.803+0000] {logging_mixin.py:149} INFO - [2023-08-13T08:27:11.803+0000] {dag.py:2726} INFO - Sync 1 DAGs
[2023-08-13T08:27:11.814+0000] {logging_mixin.py:149} INFO - [2023-08-13T08:27:11.814+0000] {dag.py:3486} INFO - Setting next_dagrun for example_nested_branch_dag to 2023-08-12T00:00:00+00:00, run_after=2023-08-13T00:00:00+00:00
[2023-08-13T08:27:11.821+0000] {processor.py:179} INFO - Processing /home/airflow/.local/lib/python3.10/site-packages/airflow/example_dags/example_nested_branch_dag.py took 0.034 seconds
[2023-08-13T08:27:42.094+0000] {processor.py:157} INFO - Started process (PID=447) to work on /home/airflow/.local/lib/python3.10/site-packages/airflow/example_dags/example_nested_branch_dag.py
[2023-08-13T08:27:42.094+0000] {processor.py:826} INFO - Processing file /home/airflow/.local/lib/python3.10/site-packages/airflow/example_dags/example_nested_branch_dag.py for tasks to queue
[2023-08-13T08:27:42.094+0000] {logging_mixin.py:149} INFO - [2023-08-13T08:27:42.094+0000] {dagbag.py:541} INFO - Filling up the DagBag from /home/airflow/.local/lib/python3.10/site-packages/airflow/example_dags/example_nested_branch_dag.py
[2023-08-13T08:27:42.098+0000] {processor.py:836} INFO - DAG(s) dict_keys(['example_nested_branch_dag']) retrieved from /home/airflow/.local/lib/python3.10/site-packages/airflow/example_dags/example_nested_branch_dag.py
[2023-08-13T08:27:42.109+0000] {logging_mixin.py:149} INFO - [2023-08-13T08:27:42.109+0000] {dag.py:2726} INFO - Sync 1 DAGs
[2023-08-13T08:27:42.119+0000] {logging_mixin.py:149} INFO - [2023-08-13T08:27:42.119+0000] {dag.py:3486} INFO - Setting next_dagrun for example_nested_branch_dag to 2023-08-12T00:00:00+00:00, run_after=2023-08-13T00:00:00+00:00
[2023-08-13T08:27:42.129+0000] {processor.py:179} INFO - Processing /home/airflow/.local/lib/python3.10/site-packages/airflow/example_dags/example_nested_branch_dag.py took 0.037 seconds
[2023-08-13T08:28:12.355+0000] {processor.py:157} INFO - Started process (PID=522) to work on /home/airflow/.local/lib/python3.10/site-packages/airflow/example_dags/example_nested_branch_dag.py
[2023-08-13T08:28:12.356+0000] {processor.py:826} INFO - Processing file /home/airflow/.local/lib/python3.10/site-packages/airflow/example_dags/example_nested_branch_dag.py for tasks to queue
[2023-08-13T08:28:12.356+0000] {logging_mixin.py:149} INFO - [2023-08-13T08:28:12.356+0000] {dagbag.py:541} INFO - Filling up the DagBag from /home/airflow/.local/lib/python3.10/site-packages/airflow/example_dags/example_nested_branch_dag.py
[2023-08-13T08:28:12.360+0000] {processor.py:836} INFO - DAG(s) dict_keys(['example_nested_branch_dag']) retrieved from /home/airflow/.local/lib/python3.10/site-packages/airflow/example_dags/example_nested_branch_dag.py
[2023-08-13T08:28:12.371+0000] {logging_mixin.py:149} INFO - [2023-08-13T08:28:12.371+0000] {dag.py:2726} INFO - Sync 1 DAGs
[2023-08-13T08:28:12.381+0000] {logging_mixin.py:149} INFO - [2023-08-13T08:28:12.381+0000] {dag.py:3486} INFO - Setting next_dagrun for example_nested_branch_dag to 2023-08-12T00:00:00+00:00, run_after=2023-08-13T00:00:00+00:00
[2023-08-13T08:28:12.388+0000] {processor.py:179} INFO - Processing /home/airflow/.local/lib/python3.10/site-packages/airflow/example_dags/example_nested_branch_dag.py took 0.034 seconds
[2023-08-13T08:28:42.745+0000] {processor.py:157} INFO - Started process (PID=600) to work on /home/airflow/.local/lib/python3.10/site-packages/airflow/example_dags/example_nested_branch_dag.py
[2023-08-13T08:28:42.745+0000] {processor.py:826} INFO - Processing file /home/airflow/.local/lib/python3.10/site-packages/airflow/example_dags/example_nested_branch_dag.py for tasks to queue
[2023-08-13T08:28:42.746+0000] {logging_mixin.py:149} INFO - [2023-08-13T08:28:42.746+0000] {dagbag.py:541} INFO - Filling up the DagBag from /home/airflow/.local/lib/python3.10/site-packages/airflow/example_dags/example_nested_branch_dag.py
[2023-08-13T08:28:42.750+0000] {processor.py:836} INFO - DAG(s) dict_keys(['example_nested_branch_dag']) retrieved from /home/airflow/.local/lib/python3.10/site-packages/airflow/example_dags/example_nested_branch_dag.py
[2023-08-13T08:28:42.761+0000] {logging_mixin.py:149} INFO - [2023-08-13T08:28:42.761+0000] {dag.py:2726} INFO - Sync 1 DAGs
[2023-08-13T08:28:42.772+0000] {logging_mixin.py:149} INFO - [2023-08-13T08:28:42.772+0000] {dag.py:3486} INFO - Setting next_dagrun for example_nested_branch_dag to 2023-08-12T00:00:00+00:00, run_after=2023-08-13T00:00:00+00:00
[2023-08-13T08:28:42.779+0000] {processor.py:179} INFO - Processing /home/airflow/.local/lib/python3.10/site-packages/airflow/example_dags/example_nested_branch_dag.py took 0.036 seconds
[2023-08-13T08:29:13.110+0000] {processor.py:157} INFO - Started process (PID=677) to work on /home/airflow/.local/lib/python3.10/site-packages/airflow/example_dags/example_nested_branch_dag.py
[2023-08-13T08:29:13.110+0000] {processor.py:826} INFO - Processing file /home/airflow/.local/lib/python3.10/site-packages/airflow/example_dags/example_nested_branch_dag.py for tasks to queue
[2023-08-13T08:29:13.111+0000] {logging_mixin.py:149} INFO - [2023-08-13T08:29:13.111+0000] {dagbag.py:541} INFO - Filling up the DagBag from /home/airflow/.local/lib/python3.10/site-packages/airflow/example_dags/example_nested_branch_dag.py
[2023-08-13T08:29:13.115+0000] {processor.py:836} INFO - DAG(s) dict_keys(['example_nested_branch_dag']) retrieved from /home/airflow/.local/lib/python3.10/site-packages/airflow/example_dags/example_nested_branch_dag.py
[2023-08-13T08:29:13.126+0000] {logging_mixin.py:149} INFO - [2023-08-13T08:29:13.126+0000] {dag.py:2726} INFO - Sync 1 DAGs
[2023-08-13T08:29:13.137+0000] {logging_mixin.py:149} INFO - [2023-08-13T08:29:13.136+0000] {dag.py:3486} INFO - Setting next_dagrun for example_nested_branch_dag to 2023-08-12T00:00:00+00:00, run_after=2023-08-13T00:00:00+00:00
[2023-08-13T08:29:13.144+0000] {processor.py:179} INFO - Processing /home/airflow/.local/lib/python3.10/site-packages/airflow/example_dags/example_nested_branch_dag.py took 0.035 seconds
[2023-08-13T08:29:43.431+0000] {processor.py:157} INFO - Started process (PID=753) to work on /home/airflow/.local/lib/python3.10/site-packages/airflow/example_dags/example_nested_branch_dag.py
[2023-08-13T08:29:43.432+0000] {processor.py:826} INFO - Processing file /home/airflow/.local/lib/python3.10/site-packages/airflow/example_dags/example_nested_branch_dag.py for tasks to queue
[2023-08-13T08:29:43.432+0000] {logging_mixin.py:149} INFO - [2023-08-13T08:29:43.432+0000] {dagbag.py:541} INFO - Filling up the DagBag from /home/airflow/.local/lib/python3.10/site-packages/airflow/example_dags/example_nested_branch_dag.py
[2023-08-13T08:29:43.436+0000] {processor.py:836} INFO - DAG(s) dict_keys(['example_nested_branch_dag']) retrieved from /home/airflow/.local/lib/python3.10/site-packages/airflow/example_dags/example_nested_branch_dag.py
[2023-08-13T08:29:43.447+0000] {logging_mixin.py:149} INFO - [2023-08-13T08:29:43.447+0000] {dag.py:2726} INFO - Sync 1 DAGs
[2023-08-13T08:29:43.457+0000] {logging_mixin.py:149} INFO - [2023-08-13T08:29:43.457+0000] {dag.py:3486} INFO - Setting next_dagrun for example_nested_branch_dag to 2023-08-12T00:00:00+00:00, run_after=2023-08-13T00:00:00+00:00
[2023-08-13T08:29:43.465+0000] {processor.py:179} INFO - Processing /home/airflow/.local/lib/python3.10/site-packages/airflow/example_dags/example_nested_branch_dag.py took 0.035 seconds
[2023-08-13T08:30:13.786+0000] {processor.py:157} INFO - Started process (PID=830) to work on /home/airflow/.local/lib/python3.10/site-packages/airflow/example_dags/example_nested_branch_dag.py
[2023-08-13T08:30:13.786+0000] {processor.py:826} INFO - Processing file /home/airflow/.local/lib/python3.10/site-packages/airflow/example_dags/example_nested_branch_dag.py for tasks to queue
[2023-08-13T08:30:13.786+0000] {logging_mixin.py:149} INFO - [2023-08-13T08:30:13.786+0000] {dagbag.py:541} INFO - Filling up the DagBag from /home/airflow/.local/lib/python3.10/site-packages/airflow/example_dags/example_nested_branch_dag.py
[2023-08-13T08:30:13.790+0000] {processor.py:836} INFO - DAG(s) dict_keys(['example_nested_branch_dag']) retrieved from /home/airflow/.local/lib/python3.10/site-packages/airflow/example_dags/example_nested_branch_dag.py
[2023-08-13T08:30:13.801+0000] {logging_mixin.py:149} INFO - [2023-08-13T08:30:13.801+0000] {dag.py:2726} INFO - Sync 1 DAGs
[2023-08-13T08:30:13.811+0000] {logging_mixin.py:149} INFO - [2023-08-13T08:30:13.811+0000] {dag.py:3486} INFO - Setting next_dagrun for example_nested_branch_dag to 2023-08-12T00:00:00+00:00, run_after=2023-08-13T00:00:00+00:00
[2023-08-13T08:30:13.818+0000] {processor.py:179} INFO - Processing /home/airflow/.local/lib/python3.10/site-packages/airflow/example_dags/example_nested_branch_dag.py took 0.034 seconds
[2023-08-13T08:30:44.328+0000] {processor.py:157} INFO - Started process (PID=908) to work on /home/airflow/.local/lib/python3.10/site-packages/airflow/example_dags/example_nested_branch_dag.py
[2023-08-13T08:30:44.328+0000] {processor.py:826} INFO - Processing file /home/airflow/.local/lib/python3.10/site-packages/airflow/example_dags/example_nested_branch_dag.py for tasks to queue
[2023-08-13T08:30:44.329+0000] {logging_mixin.py:149} INFO - [2023-08-13T08:30:44.329+0000] {dagbag.py:541} INFO - Filling up the DagBag from /home/airflow/.local/lib/python3.10/site-packages/airflow/example_dags/example_nested_branch_dag.py
[2023-08-13T08:30:44.333+0000] {processor.py:836} INFO - DAG(s) dict_keys(['example_nested_branch_dag']) retrieved from /home/airflow/.local/lib/python3.10/site-packages/airflow/example_dags/example_nested_branch_dag.py
[2023-08-13T08:30:44.344+0000] {logging_mixin.py:149} INFO - [2023-08-13T08:30:44.344+0000] {dag.py:2726} INFO - Sync 1 DAGs
[2023-08-13T08:30:44.354+0000] {logging_mixin.py:149} INFO - [2023-08-13T08:30:44.354+0000] {dag.py:3486} INFO - Setting next_dagrun for example_nested_branch_dag to 2023-08-12T00:00:00+00:00, run_after=2023-08-13T00:00:00+00:00
[2023-08-13T08:30:44.361+0000] {processor.py:179} INFO - Processing /home/airflow/.local/lib/python3.10/site-packages/airflow/example_dags/example_nested_branch_dag.py took 0.034 seconds
[2023-08-13T08:31:14.668+0000] {processor.py:157} INFO - Started process (PID=984) to work on /home/airflow/.local/lib/python3.10/site-packages/airflow/example_dags/example_nested_branch_dag.py
[2023-08-13T08:31:14.668+0000] {processor.py:826} INFO - Processing file /home/airflow/.local/lib/python3.10/site-packages/airflow/example_dags/example_nested_branch_dag.py for tasks to queue
[2023-08-13T08:31:14.668+0000] {logging_mixin.py:149} INFO - [2023-08-13T08:31:14.668+0000] {dagbag.py:541} INFO - Filling up the DagBag from /home/airflow/.local/lib/python3.10/site-packages/airflow/example_dags/example_nested_branch_dag.py
[2023-08-13T08:31:14.672+0000] {processor.py:836} INFO - DAG(s) dict_keys(['example_nested_branch_dag']) retrieved from /home/airflow/.local/lib/python3.10/site-packages/airflow/example_dags/example_nested_branch_dag.py
[2023-08-13T08:31:14.684+0000] {logging_mixin.py:149} INFO - [2023-08-13T08:31:14.683+0000] {dag.py:2726} INFO - Sync 1 DAGs
[2023-08-13T08:31:14.695+0000] {logging_mixin.py:149} INFO - [2023-08-13T08:31:14.695+0000] {dag.py:3486} INFO - Setting next_dagrun for example_nested_branch_dag to 2023-08-12T00:00:00+00:00, run_after=2023-08-13T00:00:00+00:00
[2023-08-13T08:31:14.702+0000] {processor.py:179} INFO - Processing /home/airflow/.local/lib/python3.10/site-packages/airflow/example_dags/example_nested_branch_dag.py took 0.036 seconds
[2023-08-13T08:31:45.155+0000] {processor.py:157} INFO - Started process (PID=1061) to work on /home/airflow/.local/lib/python3.10/site-packages/airflow/example_dags/example_nested_branch_dag.py
[2023-08-13T08:31:45.155+0000] {processor.py:826} INFO - Processing file /home/airflow/.local/lib/python3.10/site-packages/airflow/example_dags/example_nested_branch_dag.py for tasks to queue
[2023-08-13T08:31:45.155+0000] {logging_mixin.py:149} INFO - [2023-08-13T08:31:45.155+0000] {dagbag.py:541} INFO - Filling up the DagBag from /home/airflow/.local/lib/python3.10/site-packages/airflow/example_dags/example_nested_branch_dag.py
[2023-08-13T08:31:45.160+0000] {processor.py:836} INFO - DAG(s) dict_keys(['example_nested_branch_dag']) retrieved from /home/airflow/.local/lib/python3.10/site-packages/airflow/example_dags/example_nested_branch_dag.py
[2023-08-13T08:31:45.170+0000] {logging_mixin.py:149} INFO - [2023-08-13T08:31:45.170+0000] {dag.py:2726} INFO - Sync 1 DAGs
[2023-08-13T08:31:45.181+0000] {logging_mixin.py:149} INFO - [2023-08-13T08:31:45.181+0000] {dag.py:3486} INFO - Setting next_dagrun for example_nested_branch_dag to 2023-08-12T00:00:00+00:00, run_after=2023-08-13T00:00:00+00:00
[2023-08-13T08:31:45.188+0000] {processor.py:179} INFO - Processing /home/airflow/.local/lib/python3.10/site-packages/airflow/example_dags/example_nested_branch_dag.py took 0.035 seconds
[2023-08-13T08:32:15.476+0000] {processor.py:157} INFO - Started process (PID=1138) to work on /home/airflow/.local/lib/python3.10/site-packages/airflow/example_dags/example_nested_branch_dag.py
[2023-08-13T08:32:15.476+0000] {processor.py:826} INFO - Processing file /home/airflow/.local/lib/python3.10/site-packages/airflow/example_dags/example_nested_branch_dag.py for tasks to queue
[2023-08-13T08:32:15.476+0000] {logging_mixin.py:149} INFO - [2023-08-13T08:32:15.476+0000] {dagbag.py:541} INFO - Filling up the DagBag from /home/airflow/.local/lib/python3.10/site-packages/airflow/example_dags/example_nested_branch_dag.py
[2023-08-13T08:32:15.481+0000] {processor.py:836} INFO - DAG(s) dict_keys(['example_nested_branch_dag']) retrieved from /home/airflow/.local/lib/python3.10/site-packages/airflow/example_dags/example_nested_branch_dag.py
[2023-08-13T08:32:15.491+0000] {logging_mixin.py:149} INFO - [2023-08-13T08:32:15.491+0000] {dag.py:2726} INFO - Sync 1 DAGs
[2023-08-13T08:32:15.501+0000] {logging_mixin.py:149} INFO - [2023-08-13T08:32:15.501+0000] {dag.py:3486} INFO - Setting next_dagrun for example_nested_branch_dag to 2023-08-12T00:00:00+00:00, run_after=2023-08-13T00:00:00+00:00
[2023-08-13T08:32:15.508+0000] {processor.py:179} INFO - Processing /home/airflow/.local/lib/python3.10/site-packages/airflow/example_dags/example_nested_branch_dag.py took 0.033 seconds
[2023-08-13T08:32:45.752+0000] {processor.py:157} INFO - Started process (PID=1215) to work on /home/airflow/.local/lib/python3.10/site-packages/airflow/example_dags/example_nested_branch_dag.py
[2023-08-13T08:32:45.752+0000] {processor.py:826} INFO - Processing file /home/airflow/.local/lib/python3.10/site-packages/airflow/example_dags/example_nested_branch_dag.py for tasks to queue
[2023-08-13T08:32:45.753+0000] {logging_mixin.py:149} INFO - [2023-08-13T08:32:45.753+0000] {dagbag.py:541} INFO - Filling up the DagBag from /home/airflow/.local/lib/python3.10/site-packages/airflow/example_dags/example_nested_branch_dag.py
[2023-08-13T08:32:45.757+0000] {processor.py:836} INFO - DAG(s) dict_keys(['example_nested_branch_dag']) retrieved from /home/airflow/.local/lib/python3.10/site-packages/airflow/example_dags/example_nested_branch_dag.py
[2023-08-13T08:32:45.768+0000] {logging_mixin.py:149} INFO - [2023-08-13T08:32:45.768+0000] {dag.py:2726} INFO - Sync 1 DAGs
[2023-08-13T08:32:45.778+0000] {logging_mixin.py:149} INFO - [2023-08-13T08:32:45.778+0000] {dag.py:3486} INFO - Setting next_dagrun for example_nested_branch_dag to 2023-08-12T00:00:00+00:00, run_after=2023-08-13T00:00:00+00:00
[2023-08-13T08:32:45.785+0000] {processor.py:179} INFO - Processing /home/airflow/.local/lib/python3.10/site-packages/airflow/example_dags/example_nested_branch_dag.py took 0.034 seconds
[2023-08-13T08:33:16.029+0000] {processor.py:157} INFO - Started process (PID=1292) to work on /home/airflow/.local/lib/python3.10/site-packages/airflow/example_dags/example_nested_branch_dag.py
[2023-08-13T08:33:16.029+0000] {processor.py:826} INFO - Processing file /home/airflow/.local/lib/python3.10/site-packages/airflow/example_dags/example_nested_branch_dag.py for tasks to queue
[2023-08-13T08:33:16.030+0000] {logging_mixin.py:149} INFO - [2023-08-13T08:33:16.030+0000] {dagbag.py:541} INFO - Filling up the DagBag from /home/airflow/.local/lib/python3.10/site-packages/airflow/example_dags/example_nested_branch_dag.py
[2023-08-13T08:33:16.034+0000] {processor.py:836} INFO - DAG(s) dict_keys(['example_nested_branch_dag']) retrieved from /home/airflow/.local/lib/python3.10/site-packages/airflow/example_dags/example_nested_branch_dag.py
[2023-08-13T08:33:16.044+0000] {logging_mixin.py:149} INFO - [2023-08-13T08:33:16.044+0000] {dag.py:2726} INFO - Sync 1 DAGs
[2023-08-13T08:33:16.055+0000] {logging_mixin.py:149} INFO - [2023-08-13T08:33:16.055+0000] {dag.py:3486} INFO - Setting next_dagrun for example_nested_branch_dag to 2023-08-12T00:00:00+00:00, run_after=2023-08-13T00:00:00+00:00
[2023-08-13T08:33:16.062+0000] {processor.py:179} INFO - Processing /home/airflow/.local/lib/python3.10/site-packages/airflow/example_dags/example_nested_branch_dag.py took 0.034 seconds
[2023-08-13T08:33:46.330+0000] {processor.py:157} INFO - Started process (PID=1369) to work on /home/airflow/.local/lib/python3.10/site-packages/airflow/example_dags/example_nested_branch_dag.py
[2023-08-13T08:33:46.330+0000] {processor.py:826} INFO - Processing file /home/airflow/.local/lib/python3.10/site-packages/airflow/example_dags/example_nested_branch_dag.py for tasks to queue
[2023-08-13T08:33:46.331+0000] {logging_mixin.py:149} INFO - [2023-08-13T08:33:46.331+0000] {dagbag.py:541} INFO - Filling up the DagBag from /home/airflow/.local/lib/python3.10/site-packages/airflow/example_dags/example_nested_branch_dag.py
[2023-08-13T08:33:46.335+0000] {processor.py:836} INFO - DAG(s) dict_keys(['example_nested_branch_dag']) retrieved from /home/airflow/.local/lib/python3.10/site-packages/airflow/example_dags/example_nested_branch_dag.py
[2023-08-13T08:33:46.346+0000] {logging_mixin.py:149} INFO - [2023-08-13T08:33:46.346+0000] {dag.py:2726} INFO - Sync 1 DAGs
[2023-08-13T08:33:46.357+0000] {logging_mixin.py:149} INFO - [2023-08-13T08:33:46.357+0000] {dag.py:3486} INFO - Setting next_dagrun for example_nested_branch_dag to 2023-08-12T00:00:00+00:00, run_after=2023-08-13T00:00:00+00:00
[2023-08-13T08:33:46.365+0000] {processor.py:179} INFO - Processing /home/airflow/.local/lib/python3.10/site-packages/airflow/example_dags/example_nested_branch_dag.py took 0.036 seconds
[2023-08-13T08:34:16.775+0000] {processor.py:157} INFO - Started process (PID=1446) to work on /home/airflow/.local/lib/python3.10/site-packages/airflow/example_dags/example_nested_branch_dag.py
[2023-08-13T08:34:16.775+0000] {processor.py:826} INFO - Processing file /home/airflow/.local/lib/python3.10/site-packages/airflow/example_dags/example_nested_branch_dag.py for tasks to queue
[2023-08-13T08:34:16.776+0000] {logging_mixin.py:149} INFO - [2023-08-13T08:34:16.775+0000] {dagbag.py:541} INFO - Filling up the DagBag from /home/airflow/.local/lib/python3.10/site-packages/airflow/example_dags/example_nested_branch_dag.py
[2023-08-13T08:34:16.780+0000] {processor.py:836} INFO - DAG(s) dict_keys(['example_nested_branch_dag']) retrieved from /home/airflow/.local/lib/python3.10/site-packages/airflow/example_dags/example_nested_branch_dag.py
[2023-08-13T08:34:16.791+0000] {logging_mixin.py:149} INFO - [2023-08-13T08:34:16.791+0000] {dag.py:2726} INFO - Sync 1 DAGs
[2023-08-13T08:34:16.802+0000] {logging_mixin.py:149} INFO - [2023-08-13T08:34:16.802+0000] {dag.py:3486} INFO - Setting next_dagrun for example_nested_branch_dag to 2023-08-12T00:00:00+00:00, run_after=2023-08-13T00:00:00+00:00
[2023-08-13T08:34:16.810+0000] {processor.py:179} INFO - Processing /home/airflow/.local/lib/python3.10/site-packages/airflow/example_dags/example_nested_branch_dag.py took 0.036 seconds
[2023-08-13T08:34:47.085+0000] {processor.py:157} INFO - Started process (PID=1523) to work on /home/airflow/.local/lib/python3.10/site-packages/airflow/example_dags/example_nested_branch_dag.py
[2023-08-13T08:34:47.085+0000] {processor.py:826} INFO - Processing file /home/airflow/.local/lib/python3.10/site-packages/airflow/example_dags/example_nested_branch_dag.py for tasks to queue
[2023-08-13T08:34:47.085+0000] {logging_mixin.py:149} INFO - [2023-08-13T08:34:47.085+0000] {dagbag.py:541} INFO - Filling up the DagBag from /home/airflow/.local/lib/python3.10/site-packages/airflow/example_dags/example_nested_branch_dag.py
[2023-08-13T08:34:47.090+0000] {processor.py:836} INFO - DAG(s) dict_keys(['example_nested_branch_dag']) retrieved from /home/airflow/.local/lib/python3.10/site-packages/airflow/example_dags/example_nested_branch_dag.py
[2023-08-13T08:34:47.100+0000] {logging_mixin.py:149} INFO - [2023-08-13T08:34:47.100+0000] {dag.py:2726} INFO - Sync 1 DAGs
[2023-08-13T08:34:47.111+0000] {logging_mixin.py:149} INFO - [2023-08-13T08:34:47.110+0000] {dag.py:3486} INFO - Setting next_dagrun for example_nested_branch_dag to 2023-08-12T00:00:00+00:00, run_after=2023-08-13T00:00:00+00:00
[2023-08-13T08:34:47.118+0000] {processor.py:179} INFO - Processing /home/airflow/.local/lib/python3.10/site-packages/airflow/example_dags/example_nested_branch_dag.py took 0.034 seconds
[2023-08-13T08:35:17.495+0000] {processor.py:157} INFO - Started process (PID=1599) to work on /home/airflow/.local/lib/python3.10/site-packages/airflow/example_dags/example_nested_branch_dag.py
[2023-08-13T08:35:17.496+0000] {processor.py:826} INFO - Processing file /home/airflow/.local/lib/python3.10/site-packages/airflow/example_dags/example_nested_branch_dag.py for tasks to queue
[2023-08-13T08:35:17.496+0000] {logging_mixin.py:149} INFO - [2023-08-13T08:35:17.496+0000] {dagbag.py:541} INFO - Filling up the DagBag from /home/airflow/.local/lib/python3.10/site-packages/airflow/example_dags/example_nested_branch_dag.py
[2023-08-13T08:35:17.500+0000] {processor.py:836} INFO - DAG(s) dict_keys(['example_nested_branch_dag']) retrieved from /home/airflow/.local/lib/python3.10/site-packages/airflow/example_dags/example_nested_branch_dag.py
[2023-08-13T08:35:17.511+0000] {logging_mixin.py:149} INFO - [2023-08-13T08:35:17.511+0000] {dag.py:2726} INFO - Sync 1 DAGs
[2023-08-13T08:35:17.521+0000] {logging_mixin.py:149} INFO - [2023-08-13T08:35:17.521+0000] {dag.py:3486} INFO - Setting next_dagrun for example_nested_branch_dag to 2023-08-12T00:00:00+00:00, run_after=2023-08-13T00:00:00+00:00
[2023-08-13T08:35:17.528+0000] {processor.py:179} INFO - Processing /home/airflow/.local/lib/python3.10/site-packages/airflow/example_dags/example_nested_branch_dag.py took 0.034 seconds
[2023-08-13T08:35:47.822+0000] {processor.py:157} INFO - Started process (PID=1676) to work on /home/airflow/.local/lib/python3.10/site-packages/airflow/example_dags/example_nested_branch_dag.py
[2023-08-13T08:35:47.823+0000] {processor.py:826} INFO - Processing file /home/airflow/.local/lib/python3.10/site-packages/airflow/example_dags/example_nested_branch_dag.py for tasks to queue
[2023-08-13T08:35:47.823+0000] {logging_mixin.py:149} INFO - [2023-08-13T08:35:47.823+0000] {dagbag.py:541} INFO - Filling up the DagBag from /home/airflow/.local/lib/python3.10/site-packages/airflow/example_dags/example_nested_branch_dag.py
[2023-08-13T08:35:47.827+0000] {processor.py:836} INFO - DAG(s) dict_keys(['example_nested_branch_dag']) retrieved from /home/airflow/.local/lib/python3.10/site-packages/airflow/example_dags/example_nested_branch_dag.py
[2023-08-13T08:35:47.838+0000] {logging_mixin.py:149} INFO - [2023-08-13T08:35:47.838+0000] {dag.py:2726} INFO - Sync 1 DAGs
[2023-08-13T08:35:47.848+0000] {logging_mixin.py:149} INFO - [2023-08-13T08:35:47.848+0000] {dag.py:3486} INFO - Setting next_dagrun for example_nested_branch_dag to 2023-08-12T00:00:00+00:00, run_after=2023-08-13T00:00:00+00:00
[2023-08-13T08:35:47.855+0000] {processor.py:179} INFO - Processing /home/airflow/.local/lib/python3.10/site-packages/airflow/example_dags/example_nested_branch_dag.py took 0.034 seconds
[2023-08-13T08:36:18.201+0000] {processor.py:157} INFO - Started process (PID=1753) to work on /home/airflow/.local/lib/python3.10/site-packages/airflow/example_dags/example_nested_branch_dag.py
[2023-08-13T08:36:18.201+0000] {processor.py:826} INFO - Processing file /home/airflow/.local/lib/python3.10/site-packages/airflow/example_dags/example_nested_branch_dag.py for tasks to queue
[2023-08-13T08:36:18.201+0000] {logging_mixin.py:149} INFO - [2023-08-13T08:36:18.201+0000] {dagbag.py:541} INFO - Filling up the DagBag from /home/airflow/.local/lib/python3.10/site-packages/airflow/example_dags/example_nested_branch_dag.py
[2023-08-13T08:36:18.205+0000] {processor.py:836} INFO - DAG(s) dict_keys(['example_nested_branch_dag']) retrieved from /home/airflow/.local/lib/python3.10/site-packages/airflow/example_dags/example_nested_branch_dag.py
[2023-08-13T08:36:18.216+0000] {logging_mixin.py:149} INFO - [2023-08-13T08:36:18.216+0000] {dag.py:2726} INFO - Sync 1 DAGs
[2023-08-13T08:36:18.226+0000] {logging_mixin.py:149} INFO - [2023-08-13T08:36:18.226+0000] {dag.py:3486} INFO - Setting next_dagrun for example_nested_branch_dag to 2023-08-12T00:00:00+00:00, run_after=2023-08-13T00:00:00+00:00
[2023-08-13T08:36:18.233+0000] {processor.py:179} INFO - Processing /home/airflow/.local/lib/python3.10/site-packages/airflow/example_dags/example_nested_branch_dag.py took 0.034 seconds
[2023-08-13T08:36:48.490+0000] {processor.py:157} INFO - Started process (PID=1831) to work on /home/airflow/.local/lib/python3.10/site-packages/airflow/example_dags/example_nested_branch_dag.py
[2023-08-13T08:36:48.490+0000] {processor.py:826} INFO - Processing file /home/airflow/.local/lib/python3.10/site-packages/airflow/example_dags/example_nested_branch_dag.py for tasks to queue
[2023-08-13T08:36:48.491+0000] {logging_mixin.py:149} INFO - [2023-08-13T08:36:48.491+0000] {dagbag.py:541} INFO - Filling up the DagBag from /home/airflow/.local/lib/python3.10/site-packages/airflow/example_dags/example_nested_branch_dag.py
[2023-08-13T08:36:48.495+0000] {processor.py:836} INFO - DAG(s) dict_keys(['example_nested_branch_dag']) retrieved from /home/airflow/.local/lib/python3.10/site-packages/airflow/example_dags/example_nested_branch_dag.py
[2023-08-13T08:36:48.506+0000] {logging_mixin.py:149} INFO - [2023-08-13T08:36:48.506+0000] {dag.py:2726} INFO - Sync 1 DAGs
[2023-08-13T08:36:48.516+0000] {logging_mixin.py:149} INFO - [2023-08-13T08:36:48.516+0000] {dag.py:3486} INFO - Setting next_dagrun for example_nested_branch_dag to 2023-08-12T00:00:00+00:00, run_after=2023-08-13T00:00:00+00:00
[2023-08-13T08:36:48.523+0000] {processor.py:179} INFO - Processing /home/airflow/.local/lib/python3.10/site-packages/airflow/example_dags/example_nested_branch_dag.py took 0.035 seconds
[2023-08-13T08:37:18.821+0000] {processor.py:157} INFO - Started process (PID=1908) to work on /home/airflow/.local/lib/python3.10/site-packages/airflow/example_dags/example_nested_branch_dag.py
[2023-08-13T08:37:18.821+0000] {processor.py:826} INFO - Processing file /home/airflow/.local/lib/python3.10/site-packages/airflow/example_dags/example_nested_branch_dag.py for tasks to queue
[2023-08-13T08:37:18.822+0000] {logging_mixin.py:149} INFO - [2023-08-13T08:37:18.822+0000] {dagbag.py:541} INFO - Filling up the DagBag from /home/airflow/.local/lib/python3.10/site-packages/airflow/example_dags/example_nested_branch_dag.py
[2023-08-13T08:37:18.826+0000] {processor.py:836} INFO - DAG(s) dict_keys(['example_nested_branch_dag']) retrieved from /home/airflow/.local/lib/python3.10/site-packages/airflow/example_dags/example_nested_branch_dag.py
[2023-08-13T08:37:18.837+0000] {logging_mixin.py:149} INFO - [2023-08-13T08:37:18.837+0000] {dag.py:2726} INFO - Sync 1 DAGs
[2023-08-13T08:37:18.848+0000] {logging_mixin.py:149} INFO - [2023-08-13T08:37:18.848+0000] {dag.py:3486} INFO - Setting next_dagrun for example_nested_branch_dag to 2023-08-12T00:00:00+00:00, run_after=2023-08-13T00:00:00+00:00
[2023-08-13T08:37:18.855+0000] {processor.py:179} INFO - Processing /home/airflow/.local/lib/python3.10/site-packages/airflow/example_dags/example_nested_branch_dag.py took 0.035 seconds
[2023-08-13T08:37:49.256+0000] {processor.py:157} INFO - Started process (PID=1986) to work on /home/airflow/.local/lib/python3.10/site-packages/airflow/example_dags/example_nested_branch_dag.py
[2023-08-13T08:37:49.256+0000] {processor.py:826} INFO - Processing file /home/airflow/.local/lib/python3.10/site-packages/airflow/example_dags/example_nested_branch_dag.py for tasks to queue
[2023-08-13T08:37:49.257+0000] {logging_mixin.py:149} INFO - [2023-08-13T08:37:49.257+0000] {dagbag.py:541} INFO - Filling up the DagBag from /home/airflow/.local/lib/python3.10/site-packages/airflow/example_dags/example_nested_branch_dag.py
[2023-08-13T08:37:49.261+0000] {processor.py:836} INFO - DAG(s) dict_keys(['example_nested_branch_dag']) retrieved from /home/airflow/.local/lib/python3.10/site-packages/airflow/example_dags/example_nested_branch_dag.py
[2023-08-13T08:37:49.272+0000] {logging_mixin.py:149} INFO - [2023-08-13T08:37:49.272+0000] {dag.py:2726} INFO - Sync 1 DAGs
[2023-08-13T08:37:49.282+0000] {logging_mixin.py:149} INFO - [2023-08-13T08:37:49.282+0000] {dag.py:3486} INFO - Setting next_dagrun for example_nested_branch_dag to 2023-08-12T00:00:00+00:00, run_after=2023-08-13T00:00:00+00:00
[2023-08-13T08:37:49.289+0000] {processor.py:179} INFO - Processing /home/airflow/.local/lib/python3.10/site-packages/airflow/example_dags/example_nested_branch_dag.py took 0.035 seconds
[2023-08-13T08:38:19.559+0000] {processor.py:157} INFO - Started process (PID=2063) to work on /home/airflow/.local/lib/python3.10/site-packages/airflow/example_dags/example_nested_branch_dag.py
[2023-08-13T08:38:19.560+0000] {processor.py:826} INFO - Processing file /home/airflow/.local/lib/python3.10/site-packages/airflow/example_dags/example_nested_branch_dag.py for tasks to queue
[2023-08-13T08:38:19.560+0000] {logging_mixin.py:149} INFO - [2023-08-13T08:38:19.560+0000] {dagbag.py:541} INFO - Filling up the DagBag from /home/airflow/.local/lib/python3.10/site-packages/airflow/example_dags/example_nested_branch_dag.py
[2023-08-13T08:38:19.564+0000] {processor.py:836} INFO - DAG(s) dict_keys(['example_nested_branch_dag']) retrieved from /home/airflow/.local/lib/python3.10/site-packages/airflow/example_dags/example_nested_branch_dag.py
[2023-08-13T08:38:19.575+0000] {logging_mixin.py:149} INFO - [2023-08-13T08:38:19.575+0000] {dag.py:2726} INFO - Sync 1 DAGs
[2023-08-13T08:38:19.585+0000] {logging_mixin.py:149} INFO - [2023-08-13T08:38:19.585+0000] {dag.py:3486} INFO - Setting next_dagrun for example_nested_branch_dag to 2023-08-12T00:00:00+00:00, run_after=2023-08-13T00:00:00+00:00
[2023-08-13T08:38:19.592+0000] {processor.py:179} INFO - Processing /home/airflow/.local/lib/python3.10/site-packages/airflow/example_dags/example_nested_branch_dag.py took 0.034 seconds
[2023-08-13T08:38:50.128+0000] {processor.py:157} INFO - Started process (PID=2140) to work on /home/airflow/.local/lib/python3.10/site-packages/airflow/example_dags/example_nested_branch_dag.py
[2023-08-13T08:38:50.129+0000] {processor.py:826} INFO - Processing file /home/airflow/.local/lib/python3.10/site-packages/airflow/example_dags/example_nested_branch_dag.py for tasks to queue
[2023-08-13T08:38:50.129+0000] {logging_mixin.py:149} INFO - [2023-08-13T08:38:50.129+0000] {dagbag.py:541} INFO - Filling up the DagBag from /home/airflow/.local/lib/python3.10/site-packages/airflow/example_dags/example_nested_branch_dag.py
[2023-08-13T08:38:50.133+0000] {processor.py:836} INFO - DAG(s) dict_keys(['example_nested_branch_dag']) retrieved from /home/airflow/.local/lib/python3.10/site-packages/airflow/example_dags/example_nested_branch_dag.py
[2023-08-13T08:38:50.144+0000] {logging_mixin.py:149} INFO - [2023-08-13T08:38:50.144+0000] {dag.py:2726} INFO - Sync 1 DAGs
[2023-08-13T08:38:50.155+0000] {logging_mixin.py:149} INFO - [2023-08-13T08:38:50.155+0000] {dag.py:3486} INFO - Setting next_dagrun for example_nested_branch_dag to 2023-08-12T00:00:00+00:00, run_after=2023-08-13T00:00:00+00:00
[2023-08-13T08:38:50.163+0000] {processor.py:179} INFO - Processing /home/airflow/.local/lib/python3.10/site-packages/airflow/example_dags/example_nested_branch_dag.py took 0.036 seconds
[2023-08-13T08:39:20.628+0000] {processor.py:157} INFO - Started process (PID=2218) to work on /home/airflow/.local/lib/python3.10/site-packages/airflow/example_dags/example_nested_branch_dag.py
[2023-08-13T08:39:20.628+0000] {processor.py:826} INFO - Processing file /home/airflow/.local/lib/python3.10/site-packages/airflow/example_dags/example_nested_branch_dag.py for tasks to queue
[2023-08-13T08:39:20.628+0000] {logging_mixin.py:149} INFO - [2023-08-13T08:39:20.628+0000] {dagbag.py:541} INFO - Filling up the DagBag from /home/airflow/.local/lib/python3.10/site-packages/airflow/example_dags/example_nested_branch_dag.py
[2023-08-13T08:39:20.633+0000] {processor.py:836} INFO - DAG(s) dict_keys(['example_nested_branch_dag']) retrieved from /home/airflow/.local/lib/python3.10/site-packages/airflow/example_dags/example_nested_branch_dag.py
[2023-08-13T08:39:20.644+0000] {logging_mixin.py:149} INFO - [2023-08-13T08:39:20.643+0000] {dag.py:2726} INFO - Sync 1 DAGs
[2023-08-13T08:39:20.654+0000] {logging_mixin.py:149} INFO - [2023-08-13T08:39:20.654+0000] {dag.py:3486} INFO - Setting next_dagrun for example_nested_branch_dag to 2023-08-12T00:00:00+00:00, run_after=2023-08-13T00:00:00+00:00
[2023-08-13T08:39:20.662+0000] {processor.py:179} INFO - Processing /home/airflow/.local/lib/python3.10/site-packages/airflow/example_dags/example_nested_branch_dag.py took 0.035 seconds
[2023-08-13T08:39:50.972+0000] {processor.py:157} INFO - Started process (PID=2295) to work on /home/airflow/.local/lib/python3.10/site-packages/airflow/example_dags/example_nested_branch_dag.py
[2023-08-13T08:39:50.972+0000] {processor.py:826} INFO - Processing file /home/airflow/.local/lib/python3.10/site-packages/airflow/example_dags/example_nested_branch_dag.py for tasks to queue
[2023-08-13T08:39:50.972+0000] {logging_mixin.py:149} INFO - [2023-08-13T08:39:50.972+0000] {dagbag.py:541} INFO - Filling up the DagBag from /home/airflow/.local/lib/python3.10/site-packages/airflow/example_dags/example_nested_branch_dag.py
[2023-08-13T08:39:50.977+0000] {processor.py:836} INFO - DAG(s) dict_keys(['example_nested_branch_dag']) retrieved from /home/airflow/.local/lib/python3.10/site-packages/airflow/example_dags/example_nested_branch_dag.py
[2023-08-13T08:39:50.988+0000] {logging_mixin.py:149} INFO - [2023-08-13T08:39:50.988+0000] {dag.py:2726} INFO - Sync 1 DAGs
[2023-08-13T08:39:50.998+0000] {logging_mixin.py:149} INFO - [2023-08-13T08:39:50.998+0000] {dag.py:3486} INFO - Setting next_dagrun for example_nested_branch_dag to 2023-08-12T00:00:00+00:00, run_after=2023-08-13T00:00:00+00:00
[2023-08-13T08:39:51.006+0000] {processor.py:179} INFO - Processing /home/airflow/.local/lib/python3.10/site-packages/airflow/example_dags/example_nested_branch_dag.py took 0.035 seconds
[2023-08-13T08:40:21.245+0000] {processor.py:157} INFO - Started process (PID=2371) to work on /home/airflow/.local/lib/python3.10/site-packages/airflow/example_dags/example_nested_branch_dag.py
[2023-08-13T08:40:21.245+0000] {processor.py:826} INFO - Processing file /home/airflow/.local/lib/python3.10/site-packages/airflow/example_dags/example_nested_branch_dag.py for tasks to queue
[2023-08-13T08:40:21.246+0000] {logging_mixin.py:149} INFO - [2023-08-13T08:40:21.246+0000] {dagbag.py:541} INFO - Filling up the DagBag from /home/airflow/.local/lib/python3.10/site-packages/airflow/example_dags/example_nested_branch_dag.py
[2023-08-13T08:40:21.250+0000] {processor.py:836} INFO - DAG(s) dict_keys(['example_nested_branch_dag']) retrieved from /home/airflow/.local/lib/python3.10/site-packages/airflow/example_dags/example_nested_branch_dag.py
[2023-08-13T08:40:21.260+0000] {logging_mixin.py:149} INFO - [2023-08-13T08:40:21.260+0000] {dag.py:2726} INFO - Sync 1 DAGs
[2023-08-13T08:40:21.271+0000] {logging_mixin.py:149} INFO - [2023-08-13T08:40:21.270+0000] {dag.py:3486} INFO - Setting next_dagrun for example_nested_branch_dag to 2023-08-12T00:00:00+00:00, run_after=2023-08-13T00:00:00+00:00
[2023-08-13T08:40:21.278+0000] {processor.py:179} INFO - Processing /home/airflow/.local/lib/python3.10/site-packages/airflow/example_dags/example_nested_branch_dag.py took 0.034 seconds
[2023-08-13T08:40:51.753+0000] {processor.py:157} INFO - Started process (PID=2448) to work on /home/airflow/.local/lib/python3.10/site-packages/airflow/example_dags/example_nested_branch_dag.py
[2023-08-13T08:40:51.753+0000] {processor.py:826} INFO - Processing file /home/airflow/.local/lib/python3.10/site-packages/airflow/example_dags/example_nested_branch_dag.py for tasks to queue
[2023-08-13T08:40:51.753+0000] {logging_mixin.py:149} INFO - [2023-08-13T08:40:51.753+0000] {dagbag.py:541} INFO - Filling up the DagBag from /home/airflow/.local/lib/python3.10/site-packages/airflow/example_dags/example_nested_branch_dag.py
[2023-08-13T08:40:51.757+0000] {processor.py:836} INFO - DAG(s) dict_keys(['example_nested_branch_dag']) retrieved from /home/airflow/.local/lib/python3.10/site-packages/airflow/example_dags/example_nested_branch_dag.py
[2023-08-13T08:40:51.768+0000] {logging_mixin.py:149} INFO - [2023-08-13T08:40:51.768+0000] {dag.py:2726} INFO - Sync 1 DAGs
[2023-08-13T08:40:51.778+0000] {logging_mixin.py:149} INFO - [2023-08-13T08:40:51.778+0000] {dag.py:3486} INFO - Setting next_dagrun for example_nested_branch_dag to 2023-08-12T00:00:00+00:00, run_after=2023-08-13T00:00:00+00:00
[2023-08-13T08:40:51.784+0000] {processor.py:179} INFO - Processing /home/airflow/.local/lib/python3.10/site-packages/airflow/example_dags/example_nested_branch_dag.py took 0.033 seconds
[2023-08-13T08:41:22.219+0000] {processor.py:157} INFO - Started process (PID=2526) to work on /home/airflow/.local/lib/python3.10/site-packages/airflow/example_dags/example_nested_branch_dag.py
[2023-08-13T08:41:22.219+0000] {processor.py:826} INFO - Processing file /home/airflow/.local/lib/python3.10/site-packages/airflow/example_dags/example_nested_branch_dag.py for tasks to queue
[2023-08-13T08:41:22.219+0000] {logging_mixin.py:149} INFO - [2023-08-13T08:41:22.219+0000] {dagbag.py:541} INFO - Filling up the DagBag from /home/airflow/.local/lib/python3.10/site-packages/airflow/example_dags/example_nested_branch_dag.py
[2023-08-13T08:41:22.223+0000] {processor.py:836} INFO - DAG(s) dict_keys(['example_nested_branch_dag']) retrieved from /home/airflow/.local/lib/python3.10/site-packages/airflow/example_dags/example_nested_branch_dag.py
[2023-08-13T08:41:22.234+0000] {logging_mixin.py:149} INFO - [2023-08-13T08:41:22.234+0000] {dag.py:2726} INFO - Sync 1 DAGs
[2023-08-13T08:41:22.245+0000] {logging_mixin.py:149} INFO - [2023-08-13T08:41:22.244+0000] {dag.py:3486} INFO - Setting next_dagrun for example_nested_branch_dag to 2023-08-12T00:00:00+00:00, run_after=2023-08-13T00:00:00+00:00
[2023-08-13T08:41:22.252+0000] {processor.py:179} INFO - Processing /home/airflow/.local/lib/python3.10/site-packages/airflow/example_dags/example_nested_branch_dag.py took 0.034 seconds
[2023-08-13T08:41:52.524+0000] {processor.py:157} INFO - Started process (PID=2602) to work on /home/airflow/.local/lib/python3.10/site-packages/airflow/example_dags/example_nested_branch_dag.py
[2023-08-13T08:41:52.524+0000] {processor.py:826} INFO - Processing file /home/airflow/.local/lib/python3.10/site-packages/airflow/example_dags/example_nested_branch_dag.py for tasks to queue
[2023-08-13T08:41:52.525+0000] {logging_mixin.py:149} INFO - [2023-08-13T08:41:52.524+0000] {dagbag.py:541} INFO - Filling up the DagBag from /home/airflow/.local/lib/python3.10/site-packages/airflow/example_dags/example_nested_branch_dag.py
[2023-08-13T08:41:52.529+0000] {processor.py:836} INFO - DAG(s) dict_keys(['example_nested_branch_dag']) retrieved from /home/airflow/.local/lib/python3.10/site-packages/airflow/example_dags/example_nested_branch_dag.py
[2023-08-13T08:41:52.539+0000] {logging_mixin.py:149} INFO - [2023-08-13T08:41:52.539+0000] {dag.py:2726} INFO - Sync 1 DAGs
[2023-08-13T08:41:52.550+0000] {logging_mixin.py:149} INFO - [2023-08-13T08:41:52.550+0000] {dag.py:3486} INFO - Setting next_dagrun for example_nested_branch_dag to 2023-08-12T00:00:00+00:00, run_after=2023-08-13T00:00:00+00:00
[2023-08-13T08:41:52.557+0000] {processor.py:179} INFO - Processing /home/airflow/.local/lib/python3.10/site-packages/airflow/example_dags/example_nested_branch_dag.py took 0.034 seconds
[2023-08-13T08:42:22.921+0000] {processor.py:157} INFO - Started process (PID=2679) to work on /home/airflow/.local/lib/python3.10/site-packages/airflow/example_dags/example_nested_branch_dag.py
[2023-08-13T08:42:22.922+0000] {processor.py:826} INFO - Processing file /home/airflow/.local/lib/python3.10/site-packages/airflow/example_dags/example_nested_branch_dag.py for tasks to queue
[2023-08-13T08:42:22.922+0000] {logging_mixin.py:149} INFO - [2023-08-13T08:42:22.922+0000] {dagbag.py:541} INFO - Filling up the DagBag from /home/airflow/.local/lib/python3.10/site-packages/airflow/example_dags/example_nested_branch_dag.py
[2023-08-13T08:42:22.926+0000] {processor.py:836} INFO - DAG(s) dict_keys(['example_nested_branch_dag']) retrieved from /home/airflow/.local/lib/python3.10/site-packages/airflow/example_dags/example_nested_branch_dag.py
[2023-08-13T08:42:22.937+0000] {logging_mixin.py:149} INFO - [2023-08-13T08:42:22.937+0000] {dag.py:2726} INFO - Sync 1 DAGs
[2023-08-13T08:42:22.947+0000] {logging_mixin.py:149} INFO - [2023-08-13T08:42:22.947+0000] {dag.py:3486} INFO - Setting next_dagrun for example_nested_branch_dag to 2023-08-12T00:00:00+00:00, run_after=2023-08-13T00:00:00+00:00
[2023-08-13T08:42:22.954+0000] {processor.py:179} INFO - Processing /home/airflow/.local/lib/python3.10/site-packages/airflow/example_dags/example_nested_branch_dag.py took 0.034 seconds
[2023-08-13T08:42:53.416+0000] {processor.py:157} INFO - Started process (PID=2756) to work on /home/airflow/.local/lib/python3.10/site-packages/airflow/example_dags/example_nested_branch_dag.py
[2023-08-13T08:42:53.416+0000] {processor.py:826} INFO - Processing file /home/airflow/.local/lib/python3.10/site-packages/airflow/example_dags/example_nested_branch_dag.py for tasks to queue
[2023-08-13T08:42:53.416+0000] {logging_mixin.py:149} INFO - [2023-08-13T08:42:53.416+0000] {dagbag.py:541} INFO - Filling up the DagBag from /home/airflow/.local/lib/python3.10/site-packages/airflow/example_dags/example_nested_branch_dag.py
[2023-08-13T08:42:53.420+0000] {processor.py:836} INFO - DAG(s) dict_keys(['example_nested_branch_dag']) retrieved from /home/airflow/.local/lib/python3.10/site-packages/airflow/example_dags/example_nested_branch_dag.py
[2023-08-13T08:42:53.431+0000] {logging_mixin.py:149} INFO - [2023-08-13T08:42:53.431+0000] {dag.py:2726} INFO - Sync 1 DAGs
[2023-08-13T08:42:53.442+0000] {logging_mixin.py:149} INFO - [2023-08-13T08:42:53.442+0000] {dag.py:3486} INFO - Setting next_dagrun for example_nested_branch_dag to 2023-08-12T00:00:00+00:00, run_after=2023-08-13T00:00:00+00:00
[2023-08-13T08:42:53.449+0000] {processor.py:179} INFO - Processing /home/airflow/.local/lib/python3.10/site-packages/airflow/example_dags/example_nested_branch_dag.py took 0.035 seconds
[2023-08-13T08:43:23.948+0000] {processor.py:157} INFO - Started process (PID=2835) to work on /home/airflow/.local/lib/python3.10/site-packages/airflow/example_dags/example_nested_branch_dag.py
[2023-08-13T08:43:23.949+0000] {processor.py:826} INFO - Processing file /home/airflow/.local/lib/python3.10/site-packages/airflow/example_dags/example_nested_branch_dag.py for tasks to queue
[2023-08-13T08:43:23.949+0000] {logging_mixin.py:149} INFO - [2023-08-13T08:43:23.949+0000] {dagbag.py:541} INFO - Filling up the DagBag from /home/airflow/.local/lib/python3.10/site-packages/airflow/example_dags/example_nested_branch_dag.py
[2023-08-13T08:43:23.953+0000] {processor.py:836} INFO - DAG(s) dict_keys(['example_nested_branch_dag']) retrieved from /home/airflow/.local/lib/python3.10/site-packages/airflow/example_dags/example_nested_branch_dag.py
[2023-08-13T08:43:23.964+0000] {logging_mixin.py:149} INFO - [2023-08-13T08:43:23.964+0000] {dag.py:2726} INFO - Sync 1 DAGs
[2023-08-13T08:43:23.975+0000] {logging_mixin.py:149} INFO - [2023-08-13T08:43:23.975+0000] {dag.py:3486} INFO - Setting next_dagrun for example_nested_branch_dag to 2023-08-12T00:00:00+00:00, run_after=2023-08-13T00:00:00+00:00
[2023-08-13T08:43:23.982+0000] {processor.py:179} INFO - Processing /home/airflow/.local/lib/python3.10/site-packages/airflow/example_dags/example_nested_branch_dag.py took 0.035 seconds
[2023-08-13T08:43:54.273+0000] {processor.py:157} INFO - Started process (PID=2912) to work on /home/airflow/.local/lib/python3.10/site-packages/airflow/example_dags/example_nested_branch_dag.py
[2023-08-13T08:43:54.274+0000] {processor.py:826} INFO - Processing file /home/airflow/.local/lib/python3.10/site-packages/airflow/example_dags/example_nested_branch_dag.py for tasks to queue
[2023-08-13T08:43:54.274+0000] {logging_mixin.py:149} INFO - [2023-08-13T08:43:54.274+0000] {dagbag.py:541} INFO - Filling up the DagBag from /home/airflow/.local/lib/python3.10/site-packages/airflow/example_dags/example_nested_branch_dag.py
[2023-08-13T08:43:54.278+0000] {processor.py:836} INFO - DAG(s) dict_keys(['example_nested_branch_dag']) retrieved from /home/airflow/.local/lib/python3.10/site-packages/airflow/example_dags/example_nested_branch_dag.py
[2023-08-13T08:43:54.290+0000] {logging_mixin.py:149} INFO - [2023-08-13T08:43:54.290+0000] {dag.py:2726} INFO - Sync 1 DAGs
[2023-08-13T08:43:54.301+0000] {logging_mixin.py:149} INFO - [2023-08-13T08:43:54.301+0000] {dag.py:3486} INFO - Setting next_dagrun for example_nested_branch_dag to 2023-08-12T00:00:00+00:00, run_after=2023-08-13T00:00:00+00:00
[2023-08-13T08:43:54.309+0000] {processor.py:179} INFO - Processing /home/airflow/.local/lib/python3.10/site-packages/airflow/example_dags/example_nested_branch_dag.py took 0.037 seconds
[2023-08-13T08:44:24.643+0000] {processor.py:157} INFO - Started process (PID=2989) to work on /home/airflow/.local/lib/python3.10/site-packages/airflow/example_dags/example_nested_branch_dag.py
[2023-08-13T08:44:24.644+0000] {processor.py:826} INFO - Processing file /home/airflow/.local/lib/python3.10/site-packages/airflow/example_dags/example_nested_branch_dag.py for tasks to queue
[2023-08-13T08:44:24.644+0000] {logging_mixin.py:149} INFO - [2023-08-13T08:44:24.644+0000] {dagbag.py:541} INFO - Filling up the DagBag from /home/airflow/.local/lib/python3.10/site-packages/airflow/example_dags/example_nested_branch_dag.py
[2023-08-13T08:44:24.648+0000] {processor.py:836} INFO - DAG(s) dict_keys(['example_nested_branch_dag']) retrieved from /home/airflow/.local/lib/python3.10/site-packages/airflow/example_dags/example_nested_branch_dag.py
[2023-08-13T08:44:24.660+0000] {logging_mixin.py:149} INFO - [2023-08-13T08:44:24.660+0000] {dag.py:2726} INFO - Sync 1 DAGs
[2023-08-13T08:44:24.671+0000] {logging_mixin.py:149} INFO - [2023-08-13T08:44:24.671+0000] {dag.py:3486} INFO - Setting next_dagrun for example_nested_branch_dag to 2023-08-12T00:00:00+00:00, run_after=2023-08-13T00:00:00+00:00
[2023-08-13T08:44:24.680+0000] {processor.py:179} INFO - Processing /home/airflow/.local/lib/python3.10/site-packages/airflow/example_dags/example_nested_branch_dag.py took 0.039 seconds
[2023-08-13T08:44:55.032+0000] {processor.py:157} INFO - Started process (PID=3065) to work on /home/airflow/.local/lib/python3.10/site-packages/airflow/example_dags/example_nested_branch_dag.py
[2023-08-13T08:44:55.033+0000] {processor.py:826} INFO - Processing file /home/airflow/.local/lib/python3.10/site-packages/airflow/example_dags/example_nested_branch_dag.py for tasks to queue
[2023-08-13T08:44:55.033+0000] {logging_mixin.py:149} INFO - [2023-08-13T08:44:55.033+0000] {dagbag.py:541} INFO - Filling up the DagBag from /home/airflow/.local/lib/python3.10/site-packages/airflow/example_dags/example_nested_branch_dag.py
[2023-08-13T08:44:55.037+0000] {processor.py:836} INFO - DAG(s) dict_keys(['example_nested_branch_dag']) retrieved from /home/airflow/.local/lib/python3.10/site-packages/airflow/example_dags/example_nested_branch_dag.py
[2023-08-13T08:44:55.048+0000] {logging_mixin.py:149} INFO - [2023-08-13T08:44:55.048+0000] {dag.py:2726} INFO - Sync 1 DAGs
[2023-08-13T08:44:55.058+0000] {logging_mixin.py:149} INFO - [2023-08-13T08:44:55.058+0000] {dag.py:3486} INFO - Setting next_dagrun for example_nested_branch_dag to 2023-08-12T00:00:00+00:00, run_after=2023-08-13T00:00:00+00:00
[2023-08-13T08:44:55.067+0000] {processor.py:179} INFO - Processing /home/airflow/.local/lib/python3.10/site-packages/airflow/example_dags/example_nested_branch_dag.py took 0.036 seconds
[2023-08-13T08:45:25.421+0000] {processor.py:157} INFO - Started process (PID=3141) to work on /home/airflow/.local/lib/python3.10/site-packages/airflow/example_dags/example_nested_branch_dag.py
[2023-08-13T08:45:25.421+0000] {processor.py:826} INFO - Processing file /home/airflow/.local/lib/python3.10/site-packages/airflow/example_dags/example_nested_branch_dag.py for tasks to queue
[2023-08-13T08:45:25.421+0000] {logging_mixin.py:149} INFO - [2023-08-13T08:45:25.421+0000] {dagbag.py:541} INFO - Filling up the DagBag from /home/airflow/.local/lib/python3.10/site-packages/airflow/example_dags/example_nested_branch_dag.py
[2023-08-13T08:45:25.425+0000] {processor.py:836} INFO - DAG(s) dict_keys(['example_nested_branch_dag']) retrieved from /home/airflow/.local/lib/python3.10/site-packages/airflow/example_dags/example_nested_branch_dag.py
[2023-08-13T08:45:25.436+0000] {logging_mixin.py:149} INFO - [2023-08-13T08:45:25.436+0000] {dag.py:2726} INFO - Sync 1 DAGs
[2023-08-13T08:45:25.447+0000] {logging_mixin.py:149} INFO - [2023-08-13T08:45:25.447+0000] {dag.py:3486} INFO - Setting next_dagrun for example_nested_branch_dag to 2023-08-12T00:00:00+00:00, run_after=2023-08-13T00:00:00+00:00
[2023-08-13T08:45:25.454+0000] {processor.py:179} INFO - Processing /home/airflow/.local/lib/python3.10/site-packages/airflow/example_dags/example_nested_branch_dag.py took 0.035 seconds
[2023-08-13T08:45:56.023+0000] {processor.py:157} INFO - Started process (PID=3219) to work on /home/airflow/.local/lib/python3.10/site-packages/airflow/example_dags/example_nested_branch_dag.py
[2023-08-13T08:45:56.024+0000] {processor.py:826} INFO - Processing file /home/airflow/.local/lib/python3.10/site-packages/airflow/example_dags/example_nested_branch_dag.py for tasks to queue
[2023-08-13T08:45:56.024+0000] {logging_mixin.py:149} INFO - [2023-08-13T08:45:56.024+0000] {dagbag.py:541} INFO - Filling up the DagBag from /home/airflow/.local/lib/python3.10/site-packages/airflow/example_dags/example_nested_branch_dag.py
[2023-08-13T08:45:56.028+0000] {processor.py:836} INFO - DAG(s) dict_keys(['example_nested_branch_dag']) retrieved from /home/airflow/.local/lib/python3.10/site-packages/airflow/example_dags/example_nested_branch_dag.py
[2023-08-13T08:45:56.039+0000] {logging_mixin.py:149} INFO - [2023-08-13T08:45:56.039+0000] {dag.py:2726} INFO - Sync 1 DAGs
[2023-08-13T08:45:56.049+0000] {logging_mixin.py:149} INFO - [2023-08-13T08:45:56.049+0000] {dag.py:3486} INFO - Setting next_dagrun for example_nested_branch_dag to 2023-08-12T00:00:00+00:00, run_after=2023-08-13T00:00:00+00:00
[2023-08-13T08:45:56.056+0000] {processor.py:179} INFO - Processing /home/airflow/.local/lib/python3.10/site-packages/airflow/example_dags/example_nested_branch_dag.py took 0.034 seconds
[2023-08-13T08:46:26.360+0000] {processor.py:157} INFO - Started process (PID=3297) to work on /home/airflow/.local/lib/python3.10/site-packages/airflow/example_dags/example_nested_branch_dag.py
[2023-08-13T08:46:26.360+0000] {processor.py:826} INFO - Processing file /home/airflow/.local/lib/python3.10/site-packages/airflow/example_dags/example_nested_branch_dag.py for tasks to queue
[2023-08-13T08:46:26.361+0000] {logging_mixin.py:149} INFO - [2023-08-13T08:46:26.361+0000] {dagbag.py:541} INFO - Filling up the DagBag from /home/airflow/.local/lib/python3.10/site-packages/airflow/example_dags/example_nested_branch_dag.py
[2023-08-13T08:46:26.365+0000] {processor.py:836} INFO - DAG(s) dict_keys(['example_nested_branch_dag']) retrieved from /home/airflow/.local/lib/python3.10/site-packages/airflow/example_dags/example_nested_branch_dag.py
[2023-08-13T08:46:26.376+0000] {logging_mixin.py:149} INFO - [2023-08-13T08:46:26.376+0000] {dag.py:2726} INFO - Sync 1 DAGs
[2023-08-13T08:46:26.387+0000] {logging_mixin.py:149} INFO - [2023-08-13T08:46:26.387+0000] {dag.py:3486} INFO - Setting next_dagrun for example_nested_branch_dag to 2023-08-12T00:00:00+00:00, run_after=2023-08-13T00:00:00+00:00
[2023-08-13T08:46:26.394+0000] {processor.py:179} INFO - Processing /home/airflow/.local/lib/python3.10/site-packages/airflow/example_dags/example_nested_branch_dag.py took 0.036 seconds
[2023-08-13T08:46:57.059+0000] {processor.py:157} INFO - Started process (PID=3373) to work on /home/airflow/.local/lib/python3.10/site-packages/airflow/example_dags/example_nested_branch_dag.py
[2023-08-13T08:46:57.060+0000] {processor.py:826} INFO - Processing file /home/airflow/.local/lib/python3.10/site-packages/airflow/example_dags/example_nested_branch_dag.py for tasks to queue
[2023-08-13T08:46:57.060+0000] {logging_mixin.py:149} INFO - [2023-08-13T08:46:57.060+0000] {dagbag.py:541} INFO - Filling up the DagBag from /home/airflow/.local/lib/python3.10/site-packages/airflow/example_dags/example_nested_branch_dag.py
[2023-08-13T08:46:57.064+0000] {processor.py:836} INFO - DAG(s) dict_keys(['example_nested_branch_dag']) retrieved from /home/airflow/.local/lib/python3.10/site-packages/airflow/example_dags/example_nested_branch_dag.py
[2023-08-13T08:46:57.076+0000] {logging_mixin.py:149} INFO - [2023-08-13T08:46:57.075+0000] {dag.py:2726} INFO - Sync 1 DAGs
[2023-08-13T08:46:57.086+0000] {logging_mixin.py:149} INFO - [2023-08-13T08:46:57.086+0000] {dag.py:3486} INFO - Setting next_dagrun for example_nested_branch_dag to 2023-08-12T00:00:00+00:00, run_after=2023-08-13T00:00:00+00:00
[2023-08-13T08:46:57.093+0000] {processor.py:179} INFO - Processing /home/airflow/.local/lib/python3.10/site-packages/airflow/example_dags/example_nested_branch_dag.py took 0.034 seconds
[2023-08-13T08:47:27.403+0000] {processor.py:157} INFO - Started process (PID=3450) to work on /home/airflow/.local/lib/python3.10/site-packages/airflow/example_dags/example_nested_branch_dag.py
[2023-08-13T08:47:27.403+0000] {processor.py:826} INFO - Processing file /home/airflow/.local/lib/python3.10/site-packages/airflow/example_dags/example_nested_branch_dag.py for tasks to queue
[2023-08-13T08:47:27.403+0000] {logging_mixin.py:149} INFO - [2023-08-13T08:47:27.403+0000] {dagbag.py:541} INFO - Filling up the DagBag from /home/airflow/.local/lib/python3.10/site-packages/airflow/example_dags/example_nested_branch_dag.py
[2023-08-13T08:47:27.408+0000] {processor.py:836} INFO - DAG(s) dict_keys(['example_nested_branch_dag']) retrieved from /home/airflow/.local/lib/python3.10/site-packages/airflow/example_dags/example_nested_branch_dag.py
[2023-08-13T08:47:27.419+0000] {logging_mixin.py:149} INFO - [2023-08-13T08:47:27.419+0000] {dag.py:2726} INFO - Sync 1 DAGs
[2023-08-13T08:47:27.430+0000] {logging_mixin.py:149} INFO - [2023-08-13T08:47:27.430+0000] {dag.py:3486} INFO - Setting next_dagrun for example_nested_branch_dag to 2023-08-12T00:00:00+00:00, run_after=2023-08-13T00:00:00+00:00
[2023-08-13T08:47:27.437+0000] {processor.py:179} INFO - Processing /home/airflow/.local/lib/python3.10/site-packages/airflow/example_dags/example_nested_branch_dag.py took 0.036 seconds
[2023-08-13T08:47:58.400+0000] {processor.py:157} INFO - Started process (PID=3527) to work on /home/airflow/.local/lib/python3.10/site-packages/airflow/example_dags/example_nested_branch_dag.py
[2023-08-13T08:47:58.400+0000] {processor.py:826} INFO - Processing file /home/airflow/.local/lib/python3.10/site-packages/airflow/example_dags/example_nested_branch_dag.py for tasks to queue
[2023-08-13T08:47:58.401+0000] {logging_mixin.py:149} INFO - [2023-08-13T08:47:58.401+0000] {dagbag.py:541} INFO - Filling up the DagBag from /home/airflow/.local/lib/python3.10/site-packages/airflow/example_dags/example_nested_branch_dag.py
[2023-08-13T08:47:58.405+0000] {processor.py:836} INFO - DAG(s) dict_keys(['example_nested_branch_dag']) retrieved from /home/airflow/.local/lib/python3.10/site-packages/airflow/example_dags/example_nested_branch_dag.py
[2023-08-13T08:47:58.416+0000] {logging_mixin.py:149} INFO - [2023-08-13T08:47:58.416+0000] {dag.py:2726} INFO - Sync 1 DAGs
[2023-08-13T08:47:58.427+0000] {logging_mixin.py:149} INFO - [2023-08-13T08:47:58.427+0000] {dag.py:3486} INFO - Setting next_dagrun for example_nested_branch_dag to 2023-08-12T00:00:00+00:00, run_after=2023-08-13T00:00:00+00:00
[2023-08-13T08:47:58.435+0000] {processor.py:179} INFO - Processing /home/airflow/.local/lib/python3.10/site-packages/airflow/example_dags/example_nested_branch_dag.py took 0.036 seconds
[2023-08-13T08:48:29.418+0000] {processor.py:157} INFO - Started process (PID=3604) to work on /home/airflow/.local/lib/python3.10/site-packages/airflow/example_dags/example_nested_branch_dag.py
[2023-08-13T08:48:29.418+0000] {processor.py:826} INFO - Processing file /home/airflow/.local/lib/python3.10/site-packages/airflow/example_dags/example_nested_branch_dag.py for tasks to queue
[2023-08-13T08:48:29.418+0000] {logging_mixin.py:149} INFO - [2023-08-13T08:48:29.418+0000] {dagbag.py:541} INFO - Filling up the DagBag from /home/airflow/.local/lib/python3.10/site-packages/airflow/example_dags/example_nested_branch_dag.py
[2023-08-13T08:48:29.422+0000] {processor.py:836} INFO - DAG(s) dict_keys(['example_nested_branch_dag']) retrieved from /home/airflow/.local/lib/python3.10/site-packages/airflow/example_dags/example_nested_branch_dag.py
[2023-08-13T08:48:29.434+0000] {logging_mixin.py:149} INFO - [2023-08-13T08:48:29.434+0000] {dag.py:2726} INFO - Sync 1 DAGs
[2023-08-13T08:48:29.445+0000] {logging_mixin.py:149} INFO - [2023-08-13T08:48:29.444+0000] {dag.py:3486} INFO - Setting next_dagrun for example_nested_branch_dag to 2023-08-12T00:00:00+00:00, run_after=2023-08-13T00:00:00+00:00
[2023-08-13T08:48:29.452+0000] {processor.py:179} INFO - Processing /home/airflow/.local/lib/python3.10/site-packages/airflow/example_dags/example_nested_branch_dag.py took 0.036 seconds
[2023-08-13T08:49:00.019+0000] {processor.py:157} INFO - Started process (PID=3680) to work on /home/airflow/.local/lib/python3.10/site-packages/airflow/example_dags/example_nested_branch_dag.py
[2023-08-13T08:49:00.020+0000] {processor.py:826} INFO - Processing file /home/airflow/.local/lib/python3.10/site-packages/airflow/example_dags/example_nested_branch_dag.py for tasks to queue
[2023-08-13T08:49:00.020+0000] {logging_mixin.py:149} INFO - [2023-08-13T08:49:00.020+0000] {dagbag.py:541} INFO - Filling up the DagBag from /home/airflow/.local/lib/python3.10/site-packages/airflow/example_dags/example_nested_branch_dag.py
[2023-08-13T08:49:00.024+0000] {processor.py:836} INFO - DAG(s) dict_keys(['example_nested_branch_dag']) retrieved from /home/airflow/.local/lib/python3.10/site-packages/airflow/example_dags/example_nested_branch_dag.py
[2023-08-13T08:49:00.036+0000] {logging_mixin.py:149} INFO - [2023-08-13T08:49:00.036+0000] {dag.py:2726} INFO - Sync 1 DAGs
[2023-08-13T08:49:00.047+0000] {logging_mixin.py:149} INFO - [2023-08-13T08:49:00.047+0000] {dag.py:3486} INFO - Setting next_dagrun for example_nested_branch_dag to 2023-08-12T00:00:00+00:00, run_after=2023-08-13T00:00:00+00:00
[2023-08-13T08:49:00.054+0000] {processor.py:179} INFO - Processing /home/airflow/.local/lib/python3.10/site-packages/airflow/example_dags/example_nested_branch_dag.py took 0.036 seconds
[2023-08-13T08:49:30.451+0000] {processor.py:157} INFO - Started process (PID=3757) to work on /home/airflow/.local/lib/python3.10/site-packages/airflow/example_dags/example_nested_branch_dag.py
[2023-08-13T08:49:30.452+0000] {processor.py:826} INFO - Processing file /home/airflow/.local/lib/python3.10/site-packages/airflow/example_dags/example_nested_branch_dag.py for tasks to queue
[2023-08-13T08:49:30.452+0000] {logging_mixin.py:149} INFO - [2023-08-13T08:49:30.452+0000] {dagbag.py:541} INFO - Filling up the DagBag from /home/airflow/.local/lib/python3.10/site-packages/airflow/example_dags/example_nested_branch_dag.py
[2023-08-13T08:49:30.456+0000] {processor.py:836} INFO - DAG(s) dict_keys(['example_nested_branch_dag']) retrieved from /home/airflow/.local/lib/python3.10/site-packages/airflow/example_dags/example_nested_branch_dag.py
[2023-08-13T08:49:30.467+0000] {logging_mixin.py:149} INFO - [2023-08-13T08:49:30.467+0000] {dag.py:2726} INFO - Sync 1 DAGs
[2023-08-13T08:49:30.478+0000] {logging_mixin.py:149} INFO - [2023-08-13T08:49:30.478+0000] {dag.py:3486} INFO - Setting next_dagrun for example_nested_branch_dag to 2023-08-12T00:00:00+00:00, run_after=2023-08-13T00:00:00+00:00
[2023-08-13T08:49:30.485+0000] {processor.py:179} INFO - Processing /home/airflow/.local/lib/python3.10/site-packages/airflow/example_dags/example_nested_branch_dag.py took 0.035 seconds
[2023-08-13T08:50:01.796+0000] {processor.py:157} INFO - Started process (PID=3834) to work on /home/airflow/.local/lib/python3.10/site-packages/airflow/example_dags/example_nested_branch_dag.py
[2023-08-13T08:50:01.797+0000] {processor.py:826} INFO - Processing file /home/airflow/.local/lib/python3.10/site-packages/airflow/example_dags/example_nested_branch_dag.py for tasks to queue
[2023-08-13T08:50:01.797+0000] {logging_mixin.py:149} INFO - [2023-08-13T08:50:01.797+0000] {dagbag.py:541} INFO - Filling up the DagBag from /home/airflow/.local/lib/python3.10/site-packages/airflow/example_dags/example_nested_branch_dag.py
[2023-08-13T08:50:01.801+0000] {processor.py:836} INFO - DAG(s) dict_keys(['example_nested_branch_dag']) retrieved from /home/airflow/.local/lib/python3.10/site-packages/airflow/example_dags/example_nested_branch_dag.py
[2023-08-13T08:50:01.813+0000] {logging_mixin.py:149} INFO - [2023-08-13T08:50:01.813+0000] {dag.py:2726} INFO - Sync 1 DAGs
[2023-08-13T08:50:01.824+0000] {logging_mixin.py:149} INFO - [2023-08-13T08:50:01.824+0000] {dag.py:3486} INFO - Setting next_dagrun for example_nested_branch_dag to 2023-08-12T00:00:00+00:00, run_after=2023-08-13T00:00:00+00:00
[2023-08-13T08:50:01.831+0000] {processor.py:179} INFO - Processing /home/airflow/.local/lib/python3.10/site-packages/airflow/example_dags/example_nested_branch_dag.py took 0.036 seconds
[2023-08-13T08:50:32.272+0000] {processor.py:157} INFO - Started process (PID=3911) to work on /home/airflow/.local/lib/python3.10/site-packages/airflow/example_dags/example_nested_branch_dag.py
[2023-08-13T08:50:32.273+0000] {processor.py:826} INFO - Processing file /home/airflow/.local/lib/python3.10/site-packages/airflow/example_dags/example_nested_branch_dag.py for tasks to queue
[2023-08-13T08:50:32.273+0000] {logging_mixin.py:149} INFO - [2023-08-13T08:50:32.273+0000] {dagbag.py:541} INFO - Filling up the DagBag from /home/airflow/.local/lib/python3.10/site-packages/airflow/example_dags/example_nested_branch_dag.py
[2023-08-13T08:50:32.277+0000] {processor.py:836} INFO - DAG(s) dict_keys(['example_nested_branch_dag']) retrieved from /home/airflow/.local/lib/python3.10/site-packages/airflow/example_dags/example_nested_branch_dag.py
[2023-08-13T08:50:32.288+0000] {logging_mixin.py:149} INFO - [2023-08-13T08:50:32.288+0000] {dag.py:2726} INFO - Sync 1 DAGs
[2023-08-13T08:50:32.350+0000] {logging_mixin.py:149} INFO - [2023-08-13T08:50:32.350+0000] {dag.py:3486} INFO - Setting next_dagrun for example_nested_branch_dag to 2023-08-12T00:00:00+00:00, run_after=2023-08-13T00:00:00+00:00
[2023-08-13T08:50:32.358+0000] {processor.py:179} INFO - Processing /home/airflow/.local/lib/python3.10/site-packages/airflow/example_dags/example_nested_branch_dag.py took 0.087 seconds
[2023-08-13T08:51:03.118+0000] {processor.py:157} INFO - Started process (PID=3988) to work on /home/airflow/.local/lib/python3.10/site-packages/airflow/example_dags/example_nested_branch_dag.py
[2023-08-13T08:51:03.119+0000] {processor.py:826} INFO - Processing file /home/airflow/.local/lib/python3.10/site-packages/airflow/example_dags/example_nested_branch_dag.py for tasks to queue
[2023-08-13T08:51:03.119+0000] {logging_mixin.py:149} INFO - [2023-08-13T08:51:03.119+0000] {dagbag.py:541} INFO - Filling up the DagBag from /home/airflow/.local/lib/python3.10/site-packages/airflow/example_dags/example_nested_branch_dag.py
[2023-08-13T08:51:03.124+0000] {processor.py:836} INFO - DAG(s) dict_keys(['example_nested_branch_dag']) retrieved from /home/airflow/.local/lib/python3.10/site-packages/airflow/example_dags/example_nested_branch_dag.py
[2023-08-13T08:51:03.135+0000] {logging_mixin.py:149} INFO - [2023-08-13T08:51:03.135+0000] {dag.py:2726} INFO - Sync 1 DAGs
[2023-08-13T08:51:03.147+0000] {logging_mixin.py:149} INFO - [2023-08-13T08:51:03.146+0000] {dag.py:3486} INFO - Setting next_dagrun for example_nested_branch_dag to 2023-08-12T00:00:00+00:00, run_after=2023-08-13T00:00:00+00:00
[2023-08-13T08:51:03.213+0000] {processor.py:179} INFO - Processing /home/airflow/.local/lib/python3.10/site-packages/airflow/example_dags/example_nested_branch_dag.py took 0.096 seconds
[2023-08-13T08:51:33.256+0000] {processor.py:157} INFO - Started process (PID=4064) to work on /home/airflow/.local/lib/python3.10/site-packages/airflow/example_dags/example_nested_branch_dag.py
[2023-08-13T08:51:33.256+0000] {processor.py:826} INFO - Processing file /home/airflow/.local/lib/python3.10/site-packages/airflow/example_dags/example_nested_branch_dag.py for tasks to queue
[2023-08-13T08:51:33.256+0000] {logging_mixin.py:149} INFO - [2023-08-13T08:51:33.256+0000] {dagbag.py:541} INFO - Filling up the DagBag from /home/airflow/.local/lib/python3.10/site-packages/airflow/example_dags/example_nested_branch_dag.py
[2023-08-13T08:51:33.261+0000] {processor.py:836} INFO - DAG(s) dict_keys(['example_nested_branch_dag']) retrieved from /home/airflow/.local/lib/python3.10/site-packages/airflow/example_dags/example_nested_branch_dag.py
[2023-08-13T08:51:33.272+0000] {logging_mixin.py:149} INFO - [2023-08-13T08:51:33.272+0000] {dag.py:2726} INFO - Sync 1 DAGs
[2023-08-13T08:51:33.282+0000] {logging_mixin.py:149} INFO - [2023-08-13T08:51:33.282+0000] {dag.py:3486} INFO - Setting next_dagrun for example_nested_branch_dag to 2023-08-12T00:00:00+00:00, run_after=2023-08-13T00:00:00+00:00
[2023-08-13T08:51:33.290+0000] {processor.py:179} INFO - Processing /home/airflow/.local/lib/python3.10/site-packages/airflow/example_dags/example_nested_branch_dag.py took 0.035 seconds
[2023-08-13T08:52:04.034+0000] {processor.py:157} INFO - Started process (PID=4142) to work on /home/airflow/.local/lib/python3.10/site-packages/airflow/example_dags/example_nested_branch_dag.py
[2023-08-13T08:52:04.035+0000] {processor.py:826} INFO - Processing file /home/airflow/.local/lib/python3.10/site-packages/airflow/example_dags/example_nested_branch_dag.py for tasks to queue
[2023-08-13T08:52:04.035+0000] {logging_mixin.py:149} INFO - [2023-08-13T08:52:04.035+0000] {dagbag.py:541} INFO - Filling up the DagBag from /home/airflow/.local/lib/python3.10/site-packages/airflow/example_dags/example_nested_branch_dag.py
[2023-08-13T08:52:04.039+0000] {processor.py:836} INFO - DAG(s) dict_keys(['example_nested_branch_dag']) retrieved from /home/airflow/.local/lib/python3.10/site-packages/airflow/example_dags/example_nested_branch_dag.py
[2023-08-13T08:52:04.104+0000] {logging_mixin.py:149} INFO - [2023-08-13T08:52:04.103+0000] {dag.py:2726} INFO - Sync 1 DAGs
[2023-08-13T08:52:04.113+0000] {logging_mixin.py:149} INFO - [2023-08-13T08:52:04.113+0000] {dag.py:3486} INFO - Setting next_dagrun for example_nested_branch_dag to 2023-08-12T00:00:00+00:00, run_after=2023-08-13T00:00:00+00:00
[2023-08-13T08:52:04.120+0000] {processor.py:179} INFO - Processing /home/airflow/.local/lib/python3.10/site-packages/airflow/example_dags/example_nested_branch_dag.py took 0.087 seconds
[2023-08-13T08:52:34.889+0000] {processor.py:157} INFO - Started process (PID=4219) to work on /home/airflow/.local/lib/python3.10/site-packages/airflow/example_dags/example_nested_branch_dag.py
[2023-08-13T08:52:34.890+0000] {processor.py:826} INFO - Processing file /home/airflow/.local/lib/python3.10/site-packages/airflow/example_dags/example_nested_branch_dag.py for tasks to queue
[2023-08-13T08:52:34.890+0000] {logging_mixin.py:149} INFO - [2023-08-13T08:52:34.890+0000] {dagbag.py:541} INFO - Filling up the DagBag from /home/airflow/.local/lib/python3.10/site-packages/airflow/example_dags/example_nested_branch_dag.py
[2023-08-13T08:52:34.894+0000] {processor.py:836} INFO - DAG(s) dict_keys(['example_nested_branch_dag']) retrieved from /home/airflow/.local/lib/python3.10/site-packages/airflow/example_dags/example_nested_branch_dag.py
[2023-08-13T08:52:34.905+0000] {logging_mixin.py:149} INFO - [2023-08-13T08:52:34.905+0000] {dag.py:2726} INFO - Sync 1 DAGs
[2023-08-13T08:52:34.969+0000] {logging_mixin.py:149} INFO - [2023-08-13T08:52:34.969+0000] {dag.py:3486} INFO - Setting next_dagrun for example_nested_branch_dag to 2023-08-12T00:00:00+00:00, run_after=2023-08-13T00:00:00+00:00
[2023-08-13T08:52:34.978+0000] {processor.py:179} INFO - Processing /home/airflow/.local/lib/python3.10/site-packages/airflow/example_dags/example_nested_branch_dag.py took 0.090 seconds
[2023-08-13T08:53:05.327+0000] {processor.py:157} INFO - Started process (PID=4296) to work on /home/airflow/.local/lib/python3.10/site-packages/airflow/example_dags/example_nested_branch_dag.py
[2023-08-13T08:53:05.327+0000] {processor.py:826} INFO - Processing file /home/airflow/.local/lib/python3.10/site-packages/airflow/example_dags/example_nested_branch_dag.py for tasks to queue
[2023-08-13T08:53:05.327+0000] {logging_mixin.py:149} INFO - [2023-08-13T08:53:05.327+0000] {dagbag.py:541} INFO - Filling up the DagBag from /home/airflow/.local/lib/python3.10/site-packages/airflow/example_dags/example_nested_branch_dag.py
[2023-08-13T08:53:05.332+0000] {processor.py:836} INFO - DAG(s) dict_keys(['example_nested_branch_dag']) retrieved from /home/airflow/.local/lib/python3.10/site-packages/airflow/example_dags/example_nested_branch_dag.py
[2023-08-13T08:53:05.343+0000] {logging_mixin.py:149} INFO - [2023-08-13T08:53:05.343+0000] {dag.py:2726} INFO - Sync 1 DAGs
[2023-08-13T08:53:05.354+0000] {logging_mixin.py:149} INFO - [2023-08-13T08:53:05.354+0000] {dag.py:3486} INFO - Setting next_dagrun for example_nested_branch_dag to 2023-08-12T00:00:00+00:00, run_after=2023-08-13T00:00:00+00:00
[2023-08-13T08:53:05.361+0000] {processor.py:179} INFO - Processing /home/airflow/.local/lib/python3.10/site-packages/airflow/example_dags/example_nested_branch_dag.py took 0.035 seconds
[2023-08-13T08:53:36.685+0000] {processor.py:157} INFO - Started process (PID=4372) to work on /home/airflow/.local/lib/python3.10/site-packages/airflow/example_dags/example_nested_branch_dag.py
[2023-08-13T08:53:36.686+0000] {processor.py:826} INFO - Processing file /home/airflow/.local/lib/python3.10/site-packages/airflow/example_dags/example_nested_branch_dag.py for tasks to queue
[2023-08-13T08:53:36.686+0000] {logging_mixin.py:149} INFO - [2023-08-13T08:53:36.686+0000] {dagbag.py:541} INFO - Filling up the DagBag from /home/airflow/.local/lib/python3.10/site-packages/airflow/example_dags/example_nested_branch_dag.py
[2023-08-13T08:53:36.690+0000] {processor.py:836} INFO - DAG(s) dict_keys(['example_nested_branch_dag']) retrieved from /home/airflow/.local/lib/python3.10/site-packages/airflow/example_dags/example_nested_branch_dag.py
[2023-08-13T08:53:36.755+0000] {logging_mixin.py:149} INFO - [2023-08-13T08:53:36.755+0000] {dag.py:2726} INFO - Sync 1 DAGs
[2023-08-13T08:53:36.765+0000] {logging_mixin.py:149} INFO - [2023-08-13T08:53:36.765+0000] {dag.py:3486} INFO - Setting next_dagrun for example_nested_branch_dag to 2023-08-12T00:00:00+00:00, run_after=2023-08-13T00:00:00+00:00
[2023-08-13T08:53:36.772+0000] {processor.py:179} INFO - Processing /home/airflow/.local/lib/python3.10/site-packages/airflow/example_dags/example_nested_branch_dag.py took 0.088 seconds
[2023-08-13T08:54:07.234+0000] {processor.py:157} INFO - Started process (PID=4448) to work on /home/airflow/.local/lib/python3.10/site-packages/airflow/example_dags/example_nested_branch_dag.py
[2023-08-13T08:54:07.235+0000] {processor.py:826} INFO - Processing file /home/airflow/.local/lib/python3.10/site-packages/airflow/example_dags/example_nested_branch_dag.py for tasks to queue
[2023-08-13T08:54:07.235+0000] {logging_mixin.py:149} INFO - [2023-08-13T08:54:07.235+0000] {dagbag.py:541} INFO - Filling up the DagBag from /home/airflow/.local/lib/python3.10/site-packages/airflow/example_dags/example_nested_branch_dag.py
[2023-08-13T08:54:07.239+0000] {processor.py:836} INFO - DAG(s) dict_keys(['example_nested_branch_dag']) retrieved from /home/airflow/.local/lib/python3.10/site-packages/airflow/example_dags/example_nested_branch_dag.py
[2023-08-13T08:54:07.250+0000] {logging_mixin.py:149} INFO - [2023-08-13T08:54:07.250+0000] {dag.py:2726} INFO - Sync 1 DAGs
[2023-08-13T08:54:07.260+0000] {logging_mixin.py:149} INFO - [2023-08-13T08:54:07.260+0000] {dag.py:3486} INFO - Setting next_dagrun for example_nested_branch_dag to 2023-08-12T00:00:00+00:00, run_after=2023-08-13T00:00:00+00:00
[2023-08-13T08:54:07.267+0000] {processor.py:179} INFO - Processing /home/airflow/.local/lib/python3.10/site-packages/airflow/example_dags/example_nested_branch_dag.py took 0.034 seconds
[2023-08-13T08:54:37.430+0000] {processor.py:157} INFO - Started process (PID=4524) to work on /home/airflow/.local/lib/python3.10/site-packages/airflow/example_dags/example_nested_branch_dag.py
[2023-08-13T08:54:37.430+0000] {processor.py:826} INFO - Processing file /home/airflow/.local/lib/python3.10/site-packages/airflow/example_dags/example_nested_branch_dag.py for tasks to queue
[2023-08-13T08:54:37.430+0000] {logging_mixin.py:149} INFO - [2023-08-13T08:54:37.430+0000] {dagbag.py:541} INFO - Filling up the DagBag from /home/airflow/.local/lib/python3.10/site-packages/airflow/example_dags/example_nested_branch_dag.py
[2023-08-13T08:54:37.434+0000] {processor.py:836} INFO - DAG(s) dict_keys(['example_nested_branch_dag']) retrieved from /home/airflow/.local/lib/python3.10/site-packages/airflow/example_dags/example_nested_branch_dag.py
[2023-08-13T08:54:37.445+0000] {logging_mixin.py:149} INFO - [2023-08-13T08:54:37.445+0000] {dag.py:2726} INFO - Sync 1 DAGs
[2023-08-13T08:54:37.455+0000] {logging_mixin.py:149} INFO - [2023-08-13T08:54:37.455+0000] {dag.py:3486} INFO - Setting next_dagrun for example_nested_branch_dag to 2023-08-12T00:00:00+00:00, run_after=2023-08-13T00:00:00+00:00
[2023-08-13T08:54:37.462+0000] {processor.py:179} INFO - Processing /home/airflow/.local/lib/python3.10/site-packages/airflow/example_dags/example_nested_branch_dag.py took 0.034 seconds
[2023-08-13T08:55:07.748+0000] {processor.py:157} INFO - Started process (PID=4602) to work on /home/airflow/.local/lib/python3.10/site-packages/airflow/example_dags/example_nested_branch_dag.py
[2023-08-13T08:55:07.748+0000] {processor.py:826} INFO - Processing file /home/airflow/.local/lib/python3.10/site-packages/airflow/example_dags/example_nested_branch_dag.py for tasks to queue
[2023-08-13T08:55:07.748+0000] {logging_mixin.py:149} INFO - [2023-08-13T08:55:07.748+0000] {dagbag.py:541} INFO - Filling up the DagBag from /home/airflow/.local/lib/python3.10/site-packages/airflow/example_dags/example_nested_branch_dag.py
[2023-08-13T08:55:07.753+0000] {processor.py:836} INFO - DAG(s) dict_keys(['example_nested_branch_dag']) retrieved from /home/airflow/.local/lib/python3.10/site-packages/airflow/example_dags/example_nested_branch_dag.py
[2023-08-13T08:55:07.764+0000] {logging_mixin.py:149} INFO - [2023-08-13T08:55:07.764+0000] {dag.py:2726} INFO - Sync 1 DAGs
[2023-08-13T08:55:07.774+0000] {logging_mixin.py:149} INFO - [2023-08-13T08:55:07.774+0000] {dag.py:3486} INFO - Setting next_dagrun for example_nested_branch_dag to 2023-08-12T00:00:00+00:00, run_after=2023-08-13T00:00:00+00:00
[2023-08-13T08:55:07.781+0000] {processor.py:179} INFO - Processing /home/airflow/.local/lib/python3.10/site-packages/airflow/example_dags/example_nested_branch_dag.py took 0.034 seconds
