[2023-08-13T14:54:33.482+0000] {processor.py:157} INFO - Started process (PID=32) to work on /home/airflow/.local/lib/python3.10/site-packages/airflow/example_dags/example_local_kubernetes_executor.py
[2023-08-13T14:54:33.483+0000] {processor.py:826} INFO - Processing file /home/airflow/.local/lib/python3.10/site-packages/airflow/example_dags/example_local_kubernetes_executor.py for tasks to queue
[2023-08-13T14:54:33.483+0000] {logging_mixin.py:149} INFO - [2023-08-13T14:54:33.483+0000] {dagbag.py:541} INFO - Filling up the DagBag from /home/airflow/.local/lib/python3.10/site-packages/airflow/example_dags/example_local_kubernetes_executor.py
[2023-08-13T14:54:34.028+0000] {processor.py:836} INFO - DAG(s) dict_keys(['example_local_kubernetes_executor']) retrieved from /home/airflow/.local/lib/python3.10/site-packages/airflow/example_dags/example_local_kubernetes_executor.py
[2023-08-13T14:54:34.032+0000] {logging_mixin.py:149} INFO - [2023-08-13T14:54:34.032+0000] {dag.py:2726} INFO - Sync 1 DAGs
[2023-08-13T14:54:34.107+0000] {logging_mixin.py:149} INFO - [2023-08-13T14:54:34.107+0000] {dag.py:3486} INFO - Setting next_dagrun for example_local_kubernetes_executor to None, run_after=None
[2023-08-13T14:54:34.115+0000] {processor.py:179} INFO - Processing /home/airflow/.local/lib/python3.10/site-packages/airflow/example_dags/example_local_kubernetes_executor.py took 0.634 seconds
[2023-08-13T14:55:04.130+0000] {processor.py:157} INFO - Started process (PID=122) to work on /home/airflow/.local/lib/python3.10/site-packages/airflow/example_dags/example_local_kubernetes_executor.py
[2023-08-13T14:55:04.130+0000] {processor.py:826} INFO - Processing file /home/airflow/.local/lib/python3.10/site-packages/airflow/example_dags/example_local_kubernetes_executor.py for tasks to queue
[2023-08-13T14:55:04.131+0000] {logging_mixin.py:149} INFO - [2023-08-13T14:55:04.131+0000] {dagbag.py:541} INFO - Filling up the DagBag from /home/airflow/.local/lib/python3.10/site-packages/airflow/example_dags/example_local_kubernetes_executor.py
[2023-08-13T14:55:04.225+0000] {processor.py:836} INFO - DAG(s) dict_keys(['example_local_kubernetes_executor']) retrieved from /home/airflow/.local/lib/python3.10/site-packages/airflow/example_dags/example_local_kubernetes_executor.py
[2023-08-13T14:55:04.243+0000] {logging_mixin.py:149} INFO - [2023-08-13T14:55:04.243+0000] {dag.py:2726} INFO - Sync 1 DAGs
[2023-08-13T14:55:04.309+0000] {logging_mixin.py:149} INFO - [2023-08-13T14:55:04.309+0000] {dag.py:3486} INFO - Setting next_dagrun for example_local_kubernetes_executor to None, run_after=None
[2023-08-13T14:55:04.317+0000] {processor.py:179} INFO - Processing /home/airflow/.local/lib/python3.10/site-packages/airflow/example_dags/example_local_kubernetes_executor.py took 0.188 seconds
[2023-08-13T14:55:34.478+0000] {processor.py:157} INFO - Started process (PID=195) to work on /home/airflow/.local/lib/python3.10/site-packages/airflow/example_dags/example_local_kubernetes_executor.py
[2023-08-13T14:55:34.478+0000] {processor.py:826} INFO - Processing file /home/airflow/.local/lib/python3.10/site-packages/airflow/example_dags/example_local_kubernetes_executor.py for tasks to queue
[2023-08-13T14:55:34.478+0000] {logging_mixin.py:149} INFO - [2023-08-13T14:55:34.478+0000] {dagbag.py:541} INFO - Filling up the DagBag from /home/airflow/.local/lib/python3.10/site-packages/airflow/example_dags/example_local_kubernetes_executor.py
[2023-08-13T14:55:34.572+0000] {processor.py:836} INFO - DAG(s) dict_keys(['example_local_kubernetes_executor']) retrieved from /home/airflow/.local/lib/python3.10/site-packages/airflow/example_dags/example_local_kubernetes_executor.py
[2023-08-13T14:55:34.588+0000] {logging_mixin.py:149} INFO - [2023-08-13T14:55:34.588+0000] {dag.py:2726} INFO - Sync 1 DAGs
[2023-08-13T14:55:34.597+0000] {logging_mixin.py:149} INFO - [2023-08-13T14:55:34.597+0000] {dag.py:3486} INFO - Setting next_dagrun for example_local_kubernetes_executor to None, run_after=None
[2023-08-13T14:55:34.605+0000] {processor.py:179} INFO - Processing /home/airflow/.local/lib/python3.10/site-packages/airflow/example_dags/example_local_kubernetes_executor.py took 0.128 seconds
[2023-08-13T14:56:04.661+0000] {processor.py:157} INFO - Started process (PID=265) to work on /home/airflow/.local/lib/python3.10/site-packages/airflow/example_dags/example_local_kubernetes_executor.py
[2023-08-13T14:56:04.661+0000] {processor.py:826} INFO - Processing file /home/airflow/.local/lib/python3.10/site-packages/airflow/example_dags/example_local_kubernetes_executor.py for tasks to queue
[2023-08-13T14:56:04.661+0000] {logging_mixin.py:149} INFO - [2023-08-13T14:56:04.661+0000] {dagbag.py:541} INFO - Filling up the DagBag from /home/airflow/.local/lib/python3.10/site-packages/airflow/example_dags/example_local_kubernetes_executor.py
[2023-08-13T14:56:04.755+0000] {processor.py:836} INFO - DAG(s) dict_keys(['example_local_kubernetes_executor']) retrieved from /home/airflow/.local/lib/python3.10/site-packages/airflow/example_dags/example_local_kubernetes_executor.py
[2023-08-13T14:56:04.770+0000] {logging_mixin.py:149} INFO - [2023-08-13T14:56:04.770+0000] {dag.py:2726} INFO - Sync 1 DAGs
[2023-08-13T14:56:04.838+0000] {logging_mixin.py:149} INFO - [2023-08-13T14:56:04.838+0000] {dag.py:3486} INFO - Setting next_dagrun for example_local_kubernetes_executor to None, run_after=None
[2023-08-13T14:56:04.845+0000] {processor.py:179} INFO - Processing /home/airflow/.local/lib/python3.10/site-packages/airflow/example_dags/example_local_kubernetes_executor.py took 0.186 seconds
[2023-08-13T14:56:35.008+0000] {processor.py:157} INFO - Started process (PID=347) to work on /home/airflow/.local/lib/python3.10/site-packages/airflow/example_dags/example_local_kubernetes_executor.py
[2023-08-13T14:56:35.008+0000] {processor.py:826} INFO - Processing file /home/airflow/.local/lib/python3.10/site-packages/airflow/example_dags/example_local_kubernetes_executor.py for tasks to queue
[2023-08-13T14:56:35.008+0000] {logging_mixin.py:149} INFO - [2023-08-13T14:56:35.008+0000] {dagbag.py:541} INFO - Filling up the DagBag from /home/airflow/.local/lib/python3.10/site-packages/airflow/example_dags/example_local_kubernetes_executor.py
[2023-08-13T14:56:35.102+0000] {processor.py:836} INFO - DAG(s) dict_keys(['example_local_kubernetes_executor']) retrieved from /home/airflow/.local/lib/python3.10/site-packages/airflow/example_dags/example_local_kubernetes_executor.py
[2023-08-13T14:56:35.117+0000] {logging_mixin.py:149} INFO - [2023-08-13T14:56:35.116+0000] {dag.py:2726} INFO - Sync 1 DAGs
[2023-08-13T14:56:35.180+0000] {logging_mixin.py:149} INFO - [2023-08-13T14:56:35.180+0000] {dag.py:3486} INFO - Setting next_dagrun for example_local_kubernetes_executor to None, run_after=None
[2023-08-13T14:56:35.188+0000] {processor.py:179} INFO - Processing /home/airflow/.local/lib/python3.10/site-packages/airflow/example_dags/example_local_kubernetes_executor.py took 0.182 seconds
[2023-08-13T14:57:05.341+0000] {processor.py:157} INFO - Started process (PID=424) to work on /home/airflow/.local/lib/python3.10/site-packages/airflow/example_dags/example_local_kubernetes_executor.py
[2023-08-13T14:57:05.341+0000] {processor.py:826} INFO - Processing file /home/airflow/.local/lib/python3.10/site-packages/airflow/example_dags/example_local_kubernetes_executor.py for tasks to queue
[2023-08-13T14:57:05.341+0000] {logging_mixin.py:149} INFO - [2023-08-13T14:57:05.341+0000] {dagbag.py:541} INFO - Filling up the DagBag from /home/airflow/.local/lib/python3.10/site-packages/airflow/example_dags/example_local_kubernetes_executor.py
[2023-08-13T14:57:05.492+0000] {processor.py:836} INFO - DAG(s) dict_keys(['example_local_kubernetes_executor']) retrieved from /home/airflow/.local/lib/python3.10/site-packages/airflow/example_dags/example_local_kubernetes_executor.py
[2023-08-13T14:57:05.505+0000] {logging_mixin.py:149} INFO - [2023-08-13T14:57:05.505+0000] {dag.py:2726} INFO - Sync 1 DAGs
[2023-08-13T14:57:05.514+0000] {logging_mixin.py:149} INFO - [2023-08-13T14:57:05.514+0000] {dag.py:3486} INFO - Setting next_dagrun for example_local_kubernetes_executor to None, run_after=None
[2023-08-13T14:57:05.522+0000] {processor.py:179} INFO - Processing /home/airflow/.local/lib/python3.10/site-packages/airflow/example_dags/example_local_kubernetes_executor.py took 0.182 seconds
[2023-08-13T14:57:35.812+0000] {processor.py:157} INFO - Started process (PID=503) to work on /home/airflow/.local/lib/python3.10/site-packages/airflow/example_dags/example_local_kubernetes_executor.py
[2023-08-13T14:57:35.812+0000] {processor.py:826} INFO - Processing file /home/airflow/.local/lib/python3.10/site-packages/airflow/example_dags/example_local_kubernetes_executor.py for tasks to queue
[2023-08-13T14:57:35.812+0000] {logging_mixin.py:149} INFO - [2023-08-13T14:57:35.812+0000] {dagbag.py:541} INFO - Filling up the DagBag from /home/airflow/.local/lib/python3.10/site-packages/airflow/example_dags/example_local_kubernetes_executor.py
[2023-08-13T14:57:35.906+0000] {processor.py:836} INFO - DAG(s) dict_keys(['example_local_kubernetes_executor']) retrieved from /home/airflow/.local/lib/python3.10/site-packages/airflow/example_dags/example_local_kubernetes_executor.py
[2023-08-13T14:57:35.978+0000] {logging_mixin.py:149} INFO - [2023-08-13T14:57:35.978+0000] {dag.py:2726} INFO - Sync 1 DAGs
[2023-08-13T14:57:35.987+0000] {logging_mixin.py:149} INFO - [2023-08-13T14:57:35.987+0000] {dag.py:3486} INFO - Setting next_dagrun for example_local_kubernetes_executor to None, run_after=None
[2023-08-13T14:57:35.994+0000] {processor.py:179} INFO - Processing /home/airflow/.local/lib/python3.10/site-packages/airflow/example_dags/example_local_kubernetes_executor.py took 0.184 seconds
[2023-08-13T14:58:06.197+0000] {processor.py:157} INFO - Started process (PID=583) to work on /home/airflow/.local/lib/python3.10/site-packages/airflow/example_dags/example_local_kubernetes_executor.py
[2023-08-13T14:58:06.198+0000] {processor.py:826} INFO - Processing file /home/airflow/.local/lib/python3.10/site-packages/airflow/example_dags/example_local_kubernetes_executor.py for tasks to queue
[2023-08-13T14:58:06.198+0000] {logging_mixin.py:149} INFO - [2023-08-13T14:58:06.198+0000] {dagbag.py:541} INFO - Filling up the DagBag from /home/airflow/.local/lib/python3.10/site-packages/airflow/example_dags/example_local_kubernetes_executor.py
[2023-08-13T14:58:06.293+0000] {processor.py:836} INFO - DAG(s) dict_keys(['example_local_kubernetes_executor']) retrieved from /home/airflow/.local/lib/python3.10/site-packages/airflow/example_dags/example_local_kubernetes_executor.py
[2023-08-13T14:58:06.308+0000] {logging_mixin.py:149} INFO - [2023-08-13T14:58:06.308+0000] {dag.py:2726} INFO - Sync 1 DAGs
[2023-08-13T14:58:06.380+0000] {logging_mixin.py:149} INFO - [2023-08-13T14:58:06.380+0000] {dag.py:3486} INFO - Setting next_dagrun for example_local_kubernetes_executor to None, run_after=None
[2023-08-13T14:58:06.387+0000] {processor.py:179} INFO - Processing /home/airflow/.local/lib/python3.10/site-packages/airflow/example_dags/example_local_kubernetes_executor.py took 0.192 seconds
[2023-08-13T14:58:36.467+0000] {processor.py:157} INFO - Started process (PID=661) to work on /home/airflow/.local/lib/python3.10/site-packages/airflow/example_dags/example_local_kubernetes_executor.py
[2023-08-13T14:58:36.468+0000] {processor.py:826} INFO - Processing file /home/airflow/.local/lib/python3.10/site-packages/airflow/example_dags/example_local_kubernetes_executor.py for tasks to queue
[2023-08-13T14:58:36.468+0000] {logging_mixin.py:149} INFO - [2023-08-13T14:58:36.468+0000] {dagbag.py:541} INFO - Filling up the DagBag from /home/airflow/.local/lib/python3.10/site-packages/airflow/example_dags/example_local_kubernetes_executor.py
[2023-08-13T14:58:36.620+0000] {processor.py:836} INFO - DAG(s) dict_keys(['example_local_kubernetes_executor']) retrieved from /home/airflow/.local/lib/python3.10/site-packages/airflow/example_dags/example_local_kubernetes_executor.py
[2023-08-13T14:58:36.633+0000] {logging_mixin.py:149} INFO - [2023-08-13T14:58:36.633+0000] {dag.py:2726} INFO - Sync 1 DAGs
[2023-08-13T14:58:36.643+0000] {logging_mixin.py:149} INFO - [2023-08-13T14:58:36.643+0000] {dag.py:3486} INFO - Setting next_dagrun for example_local_kubernetes_executor to None, run_after=None
[2023-08-13T14:58:36.650+0000] {processor.py:179} INFO - Processing /home/airflow/.local/lib/python3.10/site-packages/airflow/example_dags/example_local_kubernetes_executor.py took 0.184 seconds
[2023-08-13T14:59:06.664+0000] {processor.py:157} INFO - Started process (PID=733) to work on /home/airflow/.local/lib/python3.10/site-packages/airflow/example_dags/example_local_kubernetes_executor.py
[2023-08-13T14:59:06.665+0000] {processor.py:826} INFO - Processing file /home/airflow/.local/lib/python3.10/site-packages/airflow/example_dags/example_local_kubernetes_executor.py for tasks to queue
[2023-08-13T14:59:06.665+0000] {logging_mixin.py:149} INFO - [2023-08-13T14:59:06.665+0000] {dagbag.py:541} INFO - Filling up the DagBag from /home/airflow/.local/lib/python3.10/site-packages/airflow/example_dags/example_local_kubernetes_executor.py
[2023-08-13T14:59:06.759+0000] {processor.py:836} INFO - DAG(s) dict_keys(['example_local_kubernetes_executor']) retrieved from /home/airflow/.local/lib/python3.10/site-packages/airflow/example_dags/example_local_kubernetes_executor.py
[2023-08-13T14:59:06.830+0000] {logging_mixin.py:149} INFO - [2023-08-13T14:59:06.829+0000] {dag.py:2726} INFO - Sync 1 DAGs
[2023-08-13T14:59:06.838+0000] {logging_mixin.py:149} INFO - [2023-08-13T14:59:06.838+0000] {dag.py:3486} INFO - Setting next_dagrun for example_local_kubernetes_executor to None, run_after=None
[2023-08-13T14:59:06.845+0000] {processor.py:179} INFO - Processing /home/airflow/.local/lib/python3.10/site-packages/airflow/example_dags/example_local_kubernetes_executor.py took 0.182 seconds
[2023-08-13T14:59:36.971+0000] {processor.py:157} INFO - Started process (PID=808) to work on /home/airflow/.local/lib/python3.10/site-packages/airflow/example_dags/example_local_kubernetes_executor.py
[2023-08-13T14:59:36.971+0000] {processor.py:826} INFO - Processing file /home/airflow/.local/lib/python3.10/site-packages/airflow/example_dags/example_local_kubernetes_executor.py for tasks to queue
[2023-08-13T14:59:36.971+0000] {logging_mixin.py:149} INFO - [2023-08-13T14:59:36.971+0000] {dagbag.py:541} INFO - Filling up the DagBag from /home/airflow/.local/lib/python3.10/site-packages/airflow/example_dags/example_local_kubernetes_executor.py
[2023-08-13T14:59:37.129+0000] {processor.py:836} INFO - DAG(s) dict_keys(['example_local_kubernetes_executor']) retrieved from /home/airflow/.local/lib/python3.10/site-packages/airflow/example_dags/example_local_kubernetes_executor.py
[2023-08-13T14:59:37.144+0000] {logging_mixin.py:149} INFO - [2023-08-13T14:59:37.144+0000] {dag.py:2726} INFO - Sync 1 DAGs
[2023-08-13T14:59:37.155+0000] {logging_mixin.py:149} INFO - [2023-08-13T14:59:37.155+0000] {dag.py:3486} INFO - Setting next_dagrun for example_local_kubernetes_executor to None, run_after=None
[2023-08-13T14:59:37.162+0000] {processor.py:179} INFO - Processing /home/airflow/.local/lib/python3.10/site-packages/airflow/example_dags/example_local_kubernetes_executor.py took 0.192 seconds
[2023-08-13T15:00:07.212+0000] {processor.py:157} INFO - Started process (PID=884) to work on /home/airflow/.local/lib/python3.10/site-packages/airflow/example_dags/example_local_kubernetes_executor.py
[2023-08-13T15:00:07.213+0000] {processor.py:826} INFO - Processing file /home/airflow/.local/lib/python3.10/site-packages/airflow/example_dags/example_local_kubernetes_executor.py for tasks to queue
[2023-08-13T15:00:07.213+0000] {logging_mixin.py:149} INFO - [2023-08-13T15:00:07.213+0000] {dagbag.py:541} INFO - Filling up the DagBag from /home/airflow/.local/lib/python3.10/site-packages/airflow/example_dags/example_local_kubernetes_executor.py
[2023-08-13T15:00:07.368+0000] {processor.py:836} INFO - DAG(s) dict_keys(['example_local_kubernetes_executor']) retrieved from /home/airflow/.local/lib/python3.10/site-packages/airflow/example_dags/example_local_kubernetes_executor.py
[2023-08-13T15:00:07.382+0000] {logging_mixin.py:149} INFO - [2023-08-13T15:00:07.381+0000] {dag.py:2726} INFO - Sync 1 DAGs
[2023-08-13T15:00:07.390+0000] {logging_mixin.py:149} INFO - [2023-08-13T15:00:07.390+0000] {dag.py:3486} INFO - Setting next_dagrun for example_local_kubernetes_executor to None, run_after=None
[2023-08-13T15:00:07.398+0000] {processor.py:179} INFO - Processing /home/airflow/.local/lib/python3.10/site-packages/airflow/example_dags/example_local_kubernetes_executor.py took 0.187 seconds
[2023-08-13T15:00:37.605+0000] {processor.py:157} INFO - Started process (PID=957) to work on /home/airflow/.local/lib/python3.10/site-packages/airflow/example_dags/example_local_kubernetes_executor.py
[2023-08-13T15:00:37.605+0000] {processor.py:826} INFO - Processing file /home/airflow/.local/lib/python3.10/site-packages/airflow/example_dags/example_local_kubernetes_executor.py for tasks to queue
[2023-08-13T15:00:37.605+0000] {logging_mixin.py:149} INFO - [2023-08-13T15:00:37.605+0000] {dagbag.py:541} INFO - Filling up the DagBag from /home/airflow/.local/lib/python3.10/site-packages/airflow/example_dags/example_local_kubernetes_executor.py
[2023-08-13T15:00:37.758+0000] {processor.py:836} INFO - DAG(s) dict_keys(['example_local_kubernetes_executor']) retrieved from /home/airflow/.local/lib/python3.10/site-packages/airflow/example_dags/example_local_kubernetes_executor.py
[2023-08-13T15:00:37.772+0000] {logging_mixin.py:149} INFO - [2023-08-13T15:00:37.771+0000] {dag.py:2726} INFO - Sync 1 DAGs
[2023-08-13T15:00:37.780+0000] {logging_mixin.py:149} INFO - [2023-08-13T15:00:37.780+0000] {dag.py:3486} INFO - Setting next_dagrun for example_local_kubernetes_executor to None, run_after=None
[2023-08-13T15:00:37.787+0000] {processor.py:179} INFO - Processing /home/airflow/.local/lib/python3.10/site-packages/airflow/example_dags/example_local_kubernetes_executor.py took 0.184 seconds
[2023-08-13T15:01:07.972+0000] {processor.py:157} INFO - Started process (PID=1034) to work on /home/airflow/.local/lib/python3.10/site-packages/airflow/example_dags/example_local_kubernetes_executor.py
[2023-08-13T15:01:07.972+0000] {processor.py:826} INFO - Processing file /home/airflow/.local/lib/python3.10/site-packages/airflow/example_dags/example_local_kubernetes_executor.py for tasks to queue
[2023-08-13T15:01:07.972+0000] {logging_mixin.py:149} INFO - [2023-08-13T15:01:07.972+0000] {dagbag.py:541} INFO - Filling up the DagBag from /home/airflow/.local/lib/python3.10/site-packages/airflow/example_dags/example_local_kubernetes_executor.py
[2023-08-13T15:01:08.126+0000] {processor.py:836} INFO - DAG(s) dict_keys(['example_local_kubernetes_executor']) retrieved from /home/airflow/.local/lib/python3.10/site-packages/airflow/example_dags/example_local_kubernetes_executor.py
[2023-08-13T15:01:08.140+0000] {logging_mixin.py:149} INFO - [2023-08-13T15:01:08.140+0000] {dag.py:2726} INFO - Sync 1 DAGs
[2023-08-13T15:01:08.149+0000] {logging_mixin.py:149} INFO - [2023-08-13T15:01:08.149+0000] {dag.py:3486} INFO - Setting next_dagrun for example_local_kubernetes_executor to None, run_after=None
[2023-08-13T15:01:08.156+0000] {processor.py:179} INFO - Processing /home/airflow/.local/lib/python3.10/site-packages/airflow/example_dags/example_local_kubernetes_executor.py took 0.186 seconds
[2023-08-13T15:01:38.303+0000] {processor.py:157} INFO - Started process (PID=1113) to work on /home/airflow/.local/lib/python3.10/site-packages/airflow/example_dags/example_local_kubernetes_executor.py
[2023-08-13T15:01:38.303+0000] {processor.py:826} INFO - Processing file /home/airflow/.local/lib/python3.10/site-packages/airflow/example_dags/example_local_kubernetes_executor.py for tasks to queue
[2023-08-13T15:01:38.303+0000] {logging_mixin.py:149} INFO - [2023-08-13T15:01:38.303+0000] {dagbag.py:541} INFO - Filling up the DagBag from /home/airflow/.local/lib/python3.10/site-packages/airflow/example_dags/example_local_kubernetes_executor.py
[2023-08-13T15:01:38.459+0000] {processor.py:836} INFO - DAG(s) dict_keys(['example_local_kubernetes_executor']) retrieved from /home/airflow/.local/lib/python3.10/site-packages/airflow/example_dags/example_local_kubernetes_executor.py
[2023-08-13T15:01:38.472+0000] {logging_mixin.py:149} INFO - [2023-08-13T15:01:38.472+0000] {dag.py:2726} INFO - Sync 1 DAGs
[2023-08-13T15:01:38.481+0000] {logging_mixin.py:149} INFO - [2023-08-13T15:01:38.481+0000] {dag.py:3486} INFO - Setting next_dagrun for example_local_kubernetes_executor to None, run_after=None
[2023-08-13T15:01:38.488+0000] {processor.py:179} INFO - Processing /home/airflow/.local/lib/python3.10/site-packages/airflow/example_dags/example_local_kubernetes_executor.py took 0.187 seconds
[2023-08-13T15:02:08.647+0000] {processor.py:157} INFO - Started process (PID=1191) to work on /home/airflow/.local/lib/python3.10/site-packages/airflow/example_dags/example_local_kubernetes_executor.py
[2023-08-13T15:02:08.647+0000] {processor.py:826} INFO - Processing file /home/airflow/.local/lib/python3.10/site-packages/airflow/example_dags/example_local_kubernetes_executor.py for tasks to queue
[2023-08-13T15:02:08.647+0000] {logging_mixin.py:149} INFO - [2023-08-13T15:02:08.647+0000] {dagbag.py:541} INFO - Filling up the DagBag from /home/airflow/.local/lib/python3.10/site-packages/airflow/example_dags/example_local_kubernetes_executor.py
[2023-08-13T15:02:08.800+0000] {processor.py:836} INFO - DAG(s) dict_keys(['example_local_kubernetes_executor']) retrieved from /home/airflow/.local/lib/python3.10/site-packages/airflow/example_dags/example_local_kubernetes_executor.py
[2023-08-13T15:02:08.818+0000] {logging_mixin.py:149} INFO - [2023-08-13T15:02:08.817+0000] {dag.py:2726} INFO - Sync 1 DAGs
[2023-08-13T15:02:08.827+0000] {logging_mixin.py:149} INFO - [2023-08-13T15:02:08.827+0000] {dag.py:3486} INFO - Setting next_dagrun for example_local_kubernetes_executor to None, run_after=None
[2023-08-13T15:02:08.835+0000] {processor.py:179} INFO - Processing /home/airflow/.local/lib/python3.10/site-packages/airflow/example_dags/example_local_kubernetes_executor.py took 0.190 seconds
[2023-08-13T15:02:38.992+0000] {processor.py:157} INFO - Started process (PID=1268) to work on /home/airflow/.local/lib/python3.10/site-packages/airflow/example_dags/example_local_kubernetes_executor.py
[2023-08-13T15:02:38.992+0000] {processor.py:826} INFO - Processing file /home/airflow/.local/lib/python3.10/site-packages/airflow/example_dags/example_local_kubernetes_executor.py for tasks to queue
[2023-08-13T15:02:38.992+0000] {logging_mixin.py:149} INFO - [2023-08-13T15:02:38.992+0000] {dagbag.py:541} INFO - Filling up the DagBag from /home/airflow/.local/lib/python3.10/site-packages/airflow/example_dags/example_local_kubernetes_executor.py
[2023-08-13T15:02:39.146+0000] {processor.py:836} INFO - DAG(s) dict_keys(['example_local_kubernetes_executor']) retrieved from /home/airflow/.local/lib/python3.10/site-packages/airflow/example_dags/example_local_kubernetes_executor.py
[2023-08-13T15:02:39.160+0000] {logging_mixin.py:149} INFO - [2023-08-13T15:02:39.160+0000] {dag.py:2726} INFO - Sync 1 DAGs
[2023-08-13T15:02:39.169+0000] {logging_mixin.py:149} INFO - [2023-08-13T15:02:39.169+0000] {dag.py:3486} INFO - Setting next_dagrun for example_local_kubernetes_executor to None, run_after=None
[2023-08-13T15:02:39.176+0000] {processor.py:179} INFO - Processing /home/airflow/.local/lib/python3.10/site-packages/airflow/example_dags/example_local_kubernetes_executor.py took 0.185 seconds
[2023-08-13T15:03:09.310+0000] {processor.py:157} INFO - Started process (PID=1345) to work on /home/airflow/.local/lib/python3.10/site-packages/airflow/example_dags/example_local_kubernetes_executor.py
[2023-08-13T15:03:09.310+0000] {processor.py:826} INFO - Processing file /home/airflow/.local/lib/python3.10/site-packages/airflow/example_dags/example_local_kubernetes_executor.py for tasks to queue
[2023-08-13T15:03:09.311+0000] {logging_mixin.py:149} INFO - [2023-08-13T15:03:09.311+0000] {dagbag.py:541} INFO - Filling up the DagBag from /home/airflow/.local/lib/python3.10/site-packages/airflow/example_dags/example_local_kubernetes_executor.py
[2023-08-13T15:03:09.461+0000] {processor.py:836} INFO - DAG(s) dict_keys(['example_local_kubernetes_executor']) retrieved from /home/airflow/.local/lib/python3.10/site-packages/airflow/example_dags/example_local_kubernetes_executor.py
[2023-08-13T15:03:09.475+0000] {logging_mixin.py:149} INFO - [2023-08-13T15:03:09.474+0000] {dag.py:2726} INFO - Sync 1 DAGs
[2023-08-13T15:03:09.484+0000] {logging_mixin.py:149} INFO - [2023-08-13T15:03:09.484+0000] {dag.py:3486} INFO - Setting next_dagrun for example_local_kubernetes_executor to None, run_after=None
[2023-08-13T15:03:09.491+0000] {processor.py:179} INFO - Processing /home/airflow/.local/lib/python3.10/site-packages/airflow/example_dags/example_local_kubernetes_executor.py took 0.182 seconds
[2023-08-13T15:03:39.596+0000] {processor.py:157} INFO - Started process (PID=1421) to work on /home/airflow/.local/lib/python3.10/site-packages/airflow/example_dags/example_local_kubernetes_executor.py
[2023-08-13T15:03:39.596+0000] {processor.py:826} INFO - Processing file /home/airflow/.local/lib/python3.10/site-packages/airflow/example_dags/example_local_kubernetes_executor.py for tasks to queue
[2023-08-13T15:03:39.597+0000] {logging_mixin.py:149} INFO - [2023-08-13T15:03:39.597+0000] {dagbag.py:541} INFO - Filling up the DagBag from /home/airflow/.local/lib/python3.10/site-packages/airflow/example_dags/example_local_kubernetes_executor.py
[2023-08-13T15:03:39.753+0000] {processor.py:836} INFO - DAG(s) dict_keys(['example_local_kubernetes_executor']) retrieved from /home/airflow/.local/lib/python3.10/site-packages/airflow/example_dags/example_local_kubernetes_executor.py
[2023-08-13T15:03:39.767+0000] {logging_mixin.py:149} INFO - [2023-08-13T15:03:39.767+0000] {dag.py:2726} INFO - Sync 1 DAGs
[2023-08-13T15:03:39.777+0000] {logging_mixin.py:149} INFO - [2023-08-13T15:03:39.777+0000] {dag.py:3486} INFO - Setting next_dagrun for example_local_kubernetes_executor to None, run_after=None
[2023-08-13T15:03:39.784+0000] {processor.py:179} INFO - Processing /home/airflow/.local/lib/python3.10/site-packages/airflow/example_dags/example_local_kubernetes_executor.py took 0.189 seconds
[2023-08-13T15:04:09.821+0000] {processor.py:157} INFO - Started process (PID=1498) to work on /home/airflow/.local/lib/python3.10/site-packages/airflow/example_dags/example_local_kubernetes_executor.py
[2023-08-13T15:04:09.821+0000] {processor.py:826} INFO - Processing file /home/airflow/.local/lib/python3.10/site-packages/airflow/example_dags/example_local_kubernetes_executor.py for tasks to queue
[2023-08-13T15:04:09.821+0000] {logging_mixin.py:149} INFO - [2023-08-13T15:04:09.821+0000] {dagbag.py:541} INFO - Filling up the DagBag from /home/airflow/.local/lib/python3.10/site-packages/airflow/example_dags/example_local_kubernetes_executor.py
[2023-08-13T15:04:09.974+0000] {processor.py:836} INFO - DAG(s) dict_keys(['example_local_kubernetes_executor']) retrieved from /home/airflow/.local/lib/python3.10/site-packages/airflow/example_dags/example_local_kubernetes_executor.py
[2023-08-13T15:04:09.988+0000] {logging_mixin.py:149} INFO - [2023-08-13T15:04:09.988+0000] {dag.py:2726} INFO - Sync 1 DAGs
[2023-08-13T15:04:09.996+0000] {logging_mixin.py:149} INFO - [2023-08-13T15:04:09.996+0000] {dag.py:3486} INFO - Setting next_dagrun for example_local_kubernetes_executor to None, run_after=None
[2023-08-13T15:04:10.003+0000] {processor.py:179} INFO - Processing /home/airflow/.local/lib/python3.10/site-packages/airflow/example_dags/example_local_kubernetes_executor.py took 0.183 seconds
[2023-08-13T15:04:40.105+0000] {processor.py:157} INFO - Started process (PID=1575) to work on /home/airflow/.local/lib/python3.10/site-packages/airflow/example_dags/example_local_kubernetes_executor.py
[2023-08-13T15:04:40.106+0000] {processor.py:826} INFO - Processing file /home/airflow/.local/lib/python3.10/site-packages/airflow/example_dags/example_local_kubernetes_executor.py for tasks to queue
[2023-08-13T15:04:40.106+0000] {logging_mixin.py:149} INFO - [2023-08-13T15:04:40.106+0000] {dagbag.py:541} INFO - Filling up the DagBag from /home/airflow/.local/lib/python3.10/site-packages/airflow/example_dags/example_local_kubernetes_executor.py
[2023-08-13T15:04:40.258+0000] {processor.py:836} INFO - DAG(s) dict_keys(['example_local_kubernetes_executor']) retrieved from /home/airflow/.local/lib/python3.10/site-packages/airflow/example_dags/example_local_kubernetes_executor.py
[2023-08-13T15:04:40.271+0000] {logging_mixin.py:149} INFO - [2023-08-13T15:04:40.271+0000] {dag.py:2726} INFO - Sync 1 DAGs
[2023-08-13T15:04:40.280+0000] {logging_mixin.py:149} INFO - [2023-08-13T15:04:40.280+0000] {dag.py:3486} INFO - Setting next_dagrun for example_local_kubernetes_executor to None, run_after=None
[2023-08-13T15:04:40.287+0000] {processor.py:179} INFO - Processing /home/airflow/.local/lib/python3.10/site-packages/airflow/example_dags/example_local_kubernetes_executor.py took 0.183 seconds
[2023-08-13T15:05:10.348+0000] {processor.py:157} INFO - Started process (PID=1652) to work on /home/airflow/.local/lib/python3.10/site-packages/airflow/example_dags/example_local_kubernetes_executor.py
[2023-08-13T15:05:10.348+0000] {processor.py:826} INFO - Processing file /home/airflow/.local/lib/python3.10/site-packages/airflow/example_dags/example_local_kubernetes_executor.py for tasks to queue
[2023-08-13T15:05:10.349+0000] {logging_mixin.py:149} INFO - [2023-08-13T15:05:10.349+0000] {dagbag.py:541} INFO - Filling up the DagBag from /home/airflow/.local/lib/python3.10/site-packages/airflow/example_dags/example_local_kubernetes_executor.py
[2023-08-13T15:05:10.498+0000] {processor.py:836} INFO - DAG(s) dict_keys(['example_local_kubernetes_executor']) retrieved from /home/airflow/.local/lib/python3.10/site-packages/airflow/example_dags/example_local_kubernetes_executor.py
[2023-08-13T15:05:10.511+0000] {logging_mixin.py:149} INFO - [2023-08-13T15:05:10.510+0000] {dag.py:2726} INFO - Sync 1 DAGs
[2023-08-13T15:05:10.520+0000] {logging_mixin.py:149} INFO - [2023-08-13T15:05:10.519+0000] {dag.py:3486} INFO - Setting next_dagrun for example_local_kubernetes_executor to None, run_after=None
[2023-08-13T15:05:10.526+0000] {processor.py:179} INFO - Processing /home/airflow/.local/lib/python3.10/site-packages/airflow/example_dags/example_local_kubernetes_executor.py took 0.179 seconds
[2023-08-13T15:05:40.706+0000] {processor.py:157} INFO - Started process (PID=1729) to work on /home/airflow/.local/lib/python3.10/site-packages/airflow/example_dags/example_local_kubernetes_executor.py
[2023-08-13T15:05:40.706+0000] {processor.py:826} INFO - Processing file /home/airflow/.local/lib/python3.10/site-packages/airflow/example_dags/example_local_kubernetes_executor.py for tasks to queue
[2023-08-13T15:05:40.706+0000] {logging_mixin.py:149} INFO - [2023-08-13T15:05:40.706+0000] {dagbag.py:541} INFO - Filling up the DagBag from /home/airflow/.local/lib/python3.10/site-packages/airflow/example_dags/example_local_kubernetes_executor.py
[2023-08-13T15:05:40.856+0000] {processor.py:836} INFO - DAG(s) dict_keys(['example_local_kubernetes_executor']) retrieved from /home/airflow/.local/lib/python3.10/site-packages/airflow/example_dags/example_local_kubernetes_executor.py
[2023-08-13T15:05:40.870+0000] {logging_mixin.py:149} INFO - [2023-08-13T15:05:40.870+0000] {dag.py:2726} INFO - Sync 1 DAGs
[2023-08-13T15:05:40.879+0000] {logging_mixin.py:149} INFO - [2023-08-13T15:05:40.879+0000] {dag.py:3486} INFO - Setting next_dagrun for example_local_kubernetes_executor to None, run_after=None
[2023-08-13T15:05:40.887+0000] {processor.py:179} INFO - Processing /home/airflow/.local/lib/python3.10/site-packages/airflow/example_dags/example_local_kubernetes_executor.py took 0.183 seconds
[2023-08-13T15:06:11.133+0000] {processor.py:157} INFO - Started process (PID=1807) to work on /home/airflow/.local/lib/python3.10/site-packages/airflow/example_dags/example_local_kubernetes_executor.py
[2023-08-13T15:06:11.133+0000] {processor.py:826} INFO - Processing file /home/airflow/.local/lib/python3.10/site-packages/airflow/example_dags/example_local_kubernetes_executor.py for tasks to queue
[2023-08-13T15:06:11.134+0000] {logging_mixin.py:149} INFO - [2023-08-13T15:06:11.134+0000] {dagbag.py:541} INFO - Filling up the DagBag from /home/airflow/.local/lib/python3.10/site-packages/airflow/example_dags/example_local_kubernetes_executor.py
[2023-08-13T15:06:11.285+0000] {processor.py:836} INFO - DAG(s) dict_keys(['example_local_kubernetes_executor']) retrieved from /home/airflow/.local/lib/python3.10/site-packages/airflow/example_dags/example_local_kubernetes_executor.py
[2023-08-13T15:06:11.298+0000] {logging_mixin.py:149} INFO - [2023-08-13T15:06:11.298+0000] {dag.py:2726} INFO - Sync 1 DAGs
[2023-08-13T15:06:11.307+0000] {logging_mixin.py:149} INFO - [2023-08-13T15:06:11.307+0000] {dag.py:3486} INFO - Setting next_dagrun for example_local_kubernetes_executor to None, run_after=None
[2023-08-13T15:06:11.314+0000] {processor.py:179} INFO - Processing /home/airflow/.local/lib/python3.10/site-packages/airflow/example_dags/example_local_kubernetes_executor.py took 0.183 seconds
[2023-08-13T15:06:41.415+0000] {processor.py:157} INFO - Started process (PID=1884) to work on /home/airflow/.local/lib/python3.10/site-packages/airflow/example_dags/example_local_kubernetes_executor.py
[2023-08-13T15:06:41.415+0000] {processor.py:826} INFO - Processing file /home/airflow/.local/lib/python3.10/site-packages/airflow/example_dags/example_local_kubernetes_executor.py for tasks to queue
[2023-08-13T15:06:41.416+0000] {logging_mixin.py:149} INFO - [2023-08-13T15:06:41.416+0000] {dagbag.py:541} INFO - Filling up the DagBag from /home/airflow/.local/lib/python3.10/site-packages/airflow/example_dags/example_local_kubernetes_executor.py
[2023-08-13T15:06:41.567+0000] {processor.py:836} INFO - DAG(s) dict_keys(['example_local_kubernetes_executor']) retrieved from /home/airflow/.local/lib/python3.10/site-packages/airflow/example_dags/example_local_kubernetes_executor.py
[2023-08-13T15:06:41.580+0000] {logging_mixin.py:149} INFO - [2023-08-13T15:06:41.580+0000] {dag.py:2726} INFO - Sync 1 DAGs
[2023-08-13T15:06:41.589+0000] {logging_mixin.py:149} INFO - [2023-08-13T15:06:41.589+0000] {dag.py:3486} INFO - Setting next_dagrun for example_local_kubernetes_executor to None, run_after=None
[2023-08-13T15:06:41.596+0000] {processor.py:179} INFO - Processing /home/airflow/.local/lib/python3.10/site-packages/airflow/example_dags/example_local_kubernetes_executor.py took 0.182 seconds
[2023-08-13T15:07:11.911+0000] {processor.py:157} INFO - Started process (PID=1962) to work on /home/airflow/.local/lib/python3.10/site-packages/airflow/example_dags/example_local_kubernetes_executor.py
[2023-08-13T15:07:11.911+0000] {processor.py:826} INFO - Processing file /home/airflow/.local/lib/python3.10/site-packages/airflow/example_dags/example_local_kubernetes_executor.py for tasks to queue
[2023-08-13T15:07:11.911+0000] {logging_mixin.py:149} INFO - [2023-08-13T15:07:11.911+0000] {dagbag.py:541} INFO - Filling up the DagBag from /home/airflow/.local/lib/python3.10/site-packages/airflow/example_dags/example_local_kubernetes_executor.py
[2023-08-13T15:07:12.064+0000] {processor.py:836} INFO - DAG(s) dict_keys(['example_local_kubernetes_executor']) retrieved from /home/airflow/.local/lib/python3.10/site-packages/airflow/example_dags/example_local_kubernetes_executor.py
[2023-08-13T15:07:12.078+0000] {logging_mixin.py:149} INFO - [2023-08-13T15:07:12.077+0000] {dag.py:2726} INFO - Sync 1 DAGs
[2023-08-13T15:07:12.087+0000] {logging_mixin.py:149} INFO - [2023-08-13T15:07:12.087+0000] {dag.py:3486} INFO - Setting next_dagrun for example_local_kubernetes_executor to None, run_after=None
[2023-08-13T15:07:12.094+0000] {processor.py:179} INFO - Processing /home/airflow/.local/lib/python3.10/site-packages/airflow/example_dags/example_local_kubernetes_executor.py took 0.184 seconds
[2023-08-13T15:07:42.393+0000] {processor.py:157} INFO - Started process (PID=2040) to work on /home/airflow/.local/lib/python3.10/site-packages/airflow/example_dags/example_local_kubernetes_executor.py
[2023-08-13T15:07:42.394+0000] {processor.py:826} INFO - Processing file /home/airflow/.local/lib/python3.10/site-packages/airflow/example_dags/example_local_kubernetes_executor.py for tasks to queue
[2023-08-13T15:07:42.394+0000] {logging_mixin.py:149} INFO - [2023-08-13T15:07:42.394+0000] {dagbag.py:541} INFO - Filling up the DagBag from /home/airflow/.local/lib/python3.10/site-packages/airflow/example_dags/example_local_kubernetes_executor.py
[2023-08-13T15:07:42.545+0000] {processor.py:836} INFO - DAG(s) dict_keys(['example_local_kubernetes_executor']) retrieved from /home/airflow/.local/lib/python3.10/site-packages/airflow/example_dags/example_local_kubernetes_executor.py
[2023-08-13T15:07:42.559+0000] {logging_mixin.py:149} INFO - [2023-08-13T15:07:42.559+0000] {dag.py:2726} INFO - Sync 1 DAGs
[2023-08-13T15:07:42.568+0000] {logging_mixin.py:149} INFO - [2023-08-13T15:07:42.568+0000] {dag.py:3486} INFO - Setting next_dagrun for example_local_kubernetes_executor to None, run_after=None
[2023-08-13T15:07:42.574+0000] {processor.py:179} INFO - Processing /home/airflow/.local/lib/python3.10/site-packages/airflow/example_dags/example_local_kubernetes_executor.py took 0.183 seconds
[2023-08-13T15:08:12.902+0000] {processor.py:157} INFO - Started process (PID=2117) to work on /home/airflow/.local/lib/python3.10/site-packages/airflow/example_dags/example_local_kubernetes_executor.py
[2023-08-13T15:08:12.902+0000] {processor.py:826} INFO - Processing file /home/airflow/.local/lib/python3.10/site-packages/airflow/example_dags/example_local_kubernetes_executor.py for tasks to queue
[2023-08-13T15:08:12.902+0000] {logging_mixin.py:149} INFO - [2023-08-13T15:08:12.902+0000] {dagbag.py:541} INFO - Filling up the DagBag from /home/airflow/.local/lib/python3.10/site-packages/airflow/example_dags/example_local_kubernetes_executor.py
[2023-08-13T15:08:13.050+0000] {processor.py:836} INFO - DAG(s) dict_keys(['example_local_kubernetes_executor']) retrieved from /home/airflow/.local/lib/python3.10/site-packages/airflow/example_dags/example_local_kubernetes_executor.py
[2023-08-13T15:08:13.064+0000] {logging_mixin.py:149} INFO - [2023-08-13T15:08:13.064+0000] {dag.py:2726} INFO - Sync 1 DAGs
[2023-08-13T15:08:13.073+0000] {logging_mixin.py:149} INFO - [2023-08-13T15:08:13.073+0000] {dag.py:3486} INFO - Setting next_dagrun for example_local_kubernetes_executor to None, run_after=None
[2023-08-13T15:08:13.087+0000] {processor.py:179} INFO - Processing /home/airflow/.local/lib/python3.10/site-packages/airflow/example_dags/example_local_kubernetes_executor.py took 0.187 seconds
[2023-08-13T15:08:43.332+0000] {processor.py:157} INFO - Started process (PID=2194) to work on /home/airflow/.local/lib/python3.10/site-packages/airflow/example_dags/example_local_kubernetes_executor.py
[2023-08-13T15:08:43.333+0000] {processor.py:826} INFO - Processing file /home/airflow/.local/lib/python3.10/site-packages/airflow/example_dags/example_local_kubernetes_executor.py for tasks to queue
[2023-08-13T15:08:43.333+0000] {logging_mixin.py:149} INFO - [2023-08-13T15:08:43.333+0000] {dagbag.py:541} INFO - Filling up the DagBag from /home/airflow/.local/lib/python3.10/site-packages/airflow/example_dags/example_local_kubernetes_executor.py
[2023-08-13T15:08:43.482+0000] {processor.py:836} INFO - DAG(s) dict_keys(['example_local_kubernetes_executor']) retrieved from /home/airflow/.local/lib/python3.10/site-packages/airflow/example_dags/example_local_kubernetes_executor.py
[2023-08-13T15:08:43.495+0000] {logging_mixin.py:149} INFO - [2023-08-13T15:08:43.495+0000] {dag.py:2726} INFO - Sync 1 DAGs
[2023-08-13T15:08:43.505+0000] {logging_mixin.py:149} INFO - [2023-08-13T15:08:43.505+0000] {dag.py:3486} INFO - Setting next_dagrun for example_local_kubernetes_executor to None, run_after=None
[2023-08-13T15:08:43.512+0000] {processor.py:179} INFO - Processing /home/airflow/.local/lib/python3.10/site-packages/airflow/example_dags/example_local_kubernetes_executor.py took 0.181 seconds
[2023-08-13T15:12:53.096+0000] {processor.py:157} INFO - Started process (PID=32) to work on /home/airflow/.local/lib/python3.10/site-packages/airflow/example_dags/example_local_kubernetes_executor.py
[2023-08-13T15:12:53.096+0000] {processor.py:826} INFO - Processing file /home/airflow/.local/lib/python3.10/site-packages/airflow/example_dags/example_local_kubernetes_executor.py for tasks to queue
[2023-08-13T15:12:53.097+0000] {logging_mixin.py:149} INFO - [2023-08-13T15:12:53.097+0000] {dagbag.py:541} INFO - Filling up the DagBag from /home/airflow/.local/lib/python3.10/site-packages/airflow/example_dags/example_local_kubernetes_executor.py
[2023-08-13T15:12:53.638+0000] {processor.py:836} INFO - DAG(s) dict_keys(['example_local_kubernetes_executor']) retrieved from /home/airflow/.local/lib/python3.10/site-packages/airflow/example_dags/example_local_kubernetes_executor.py
[2023-08-13T15:12:53.643+0000] {logging_mixin.py:149} INFO - [2023-08-13T15:12:53.643+0000] {dag.py:2726} INFO - Sync 1 DAGs
[2023-08-13T15:12:53.724+0000] {logging_mixin.py:149} INFO - [2023-08-13T15:12:53.724+0000] {dag.py:3486} INFO - Setting next_dagrun for example_local_kubernetes_executor to None, run_after=None
[2023-08-13T15:12:53.732+0000] {processor.py:179} INFO - Processing /home/airflow/.local/lib/python3.10/site-packages/airflow/example_dags/example_local_kubernetes_executor.py took 0.638 seconds
[2023-08-13T15:13:23.759+0000] {processor.py:157} INFO - Started process (PID=123) to work on /home/airflow/.local/lib/python3.10/site-packages/airflow/example_dags/example_local_kubernetes_executor.py
[2023-08-13T15:13:23.759+0000] {processor.py:826} INFO - Processing file /home/airflow/.local/lib/python3.10/site-packages/airflow/example_dags/example_local_kubernetes_executor.py for tasks to queue
[2023-08-13T15:13:23.759+0000] {logging_mixin.py:149} INFO - [2023-08-13T15:13:23.759+0000] {dagbag.py:541} INFO - Filling up the DagBag from /home/airflow/.local/lib/python3.10/site-packages/airflow/example_dags/example_local_kubernetes_executor.py
[2023-08-13T15:13:23.853+0000] {processor.py:836} INFO - DAG(s) dict_keys(['example_local_kubernetes_executor']) retrieved from /home/airflow/.local/lib/python3.10/site-packages/airflow/example_dags/example_local_kubernetes_executor.py
[2023-08-13T15:13:23.872+0000] {logging_mixin.py:149} INFO - [2023-08-13T15:13:23.872+0000] {dag.py:2726} INFO - Sync 1 DAGs
[2023-08-13T15:13:23.937+0000] {logging_mixin.py:149} INFO - [2023-08-13T15:13:23.937+0000] {dag.py:3486} INFO - Setting next_dagrun for example_local_kubernetes_executor to None, run_after=None
[2023-08-13T15:13:23.944+0000] {processor.py:179} INFO - Processing /home/airflow/.local/lib/python3.10/site-packages/airflow/example_dags/example_local_kubernetes_executor.py took 0.187 seconds
[2023-08-13T15:13:54.300+0000] {processor.py:157} INFO - Started process (PID=203) to work on /home/airflow/.local/lib/python3.10/site-packages/airflow/example_dags/example_local_kubernetes_executor.py
[2023-08-13T15:13:54.301+0000] {processor.py:826} INFO - Processing file /home/airflow/.local/lib/python3.10/site-packages/airflow/example_dags/example_local_kubernetes_executor.py for tasks to queue
[2023-08-13T15:13:54.301+0000] {logging_mixin.py:149} INFO - [2023-08-13T15:13:54.301+0000] {dagbag.py:541} INFO - Filling up the DagBag from /home/airflow/.local/lib/python3.10/site-packages/airflow/example_dags/example_local_kubernetes_executor.py
[2023-08-13T15:13:54.395+0000] {processor.py:836} INFO - DAG(s) dict_keys(['example_local_kubernetes_executor']) retrieved from /home/airflow/.local/lib/python3.10/site-packages/airflow/example_dags/example_local_kubernetes_executor.py
[2023-08-13T15:13:54.410+0000] {logging_mixin.py:149} INFO - [2023-08-13T15:13:54.410+0000] {dag.py:2726} INFO - Sync 1 DAGs
[2023-08-13T15:13:54.418+0000] {logging_mixin.py:149} INFO - [2023-08-13T15:13:54.418+0000] {dag.py:3486} INFO - Setting next_dagrun for example_local_kubernetes_executor to None, run_after=None
[2023-08-13T15:13:54.484+0000] {processor.py:179} INFO - Processing /home/airflow/.local/lib/python3.10/site-packages/airflow/example_dags/example_local_kubernetes_executor.py took 0.185 seconds
[2023-08-13T15:14:24.513+0000] {processor.py:157} INFO - Started process (PID=270) to work on /home/airflow/.local/lib/python3.10/site-packages/airflow/example_dags/example_local_kubernetes_executor.py
[2023-08-13T15:14:24.514+0000] {processor.py:826} INFO - Processing file /home/airflow/.local/lib/python3.10/site-packages/airflow/example_dags/example_local_kubernetes_executor.py for tasks to queue
[2023-08-13T15:14:24.514+0000] {logging_mixin.py:149} INFO - [2023-08-13T15:14:24.514+0000] {dagbag.py:541} INFO - Filling up the DagBag from /home/airflow/.local/lib/python3.10/site-packages/airflow/example_dags/example_local_kubernetes_executor.py
[2023-08-13T15:14:24.611+0000] {processor.py:836} INFO - DAG(s) dict_keys(['example_local_kubernetes_executor']) retrieved from /home/airflow/.local/lib/python3.10/site-packages/airflow/example_dags/example_local_kubernetes_executor.py
[2023-08-13T15:14:24.689+0000] {logging_mixin.py:149} INFO - [2023-08-13T15:14:24.689+0000] {dag.py:2726} INFO - Sync 1 DAGs
[2023-08-13T15:14:24.699+0000] {logging_mixin.py:149} INFO - [2023-08-13T15:14:24.698+0000] {dag.py:3486} INFO - Setting next_dagrun for example_local_kubernetes_executor to None, run_after=None
[2023-08-13T15:14:24.706+0000] {processor.py:179} INFO - Processing /home/airflow/.local/lib/python3.10/site-packages/airflow/example_dags/example_local_kubernetes_executor.py took 0.194 seconds
[2023-08-13T15:14:54.790+0000] {processor.py:157} INFO - Started process (PID=350) to work on /home/airflow/.local/lib/python3.10/site-packages/airflow/example_dags/example_local_kubernetes_executor.py
[2023-08-13T15:14:54.790+0000] {processor.py:826} INFO - Processing file /home/airflow/.local/lib/python3.10/site-packages/airflow/example_dags/example_local_kubernetes_executor.py for tasks to queue
[2023-08-13T15:14:54.790+0000] {logging_mixin.py:149} INFO - [2023-08-13T15:14:54.790+0000] {dagbag.py:541} INFO - Filling up the DagBag from /home/airflow/.local/lib/python3.10/site-packages/airflow/example_dags/example_local_kubernetes_executor.py
[2023-08-13T15:14:54.888+0000] {processor.py:836} INFO - DAG(s) dict_keys(['example_local_kubernetes_executor']) retrieved from /home/airflow/.local/lib/python3.10/site-packages/airflow/example_dags/example_local_kubernetes_executor.py
[2023-08-13T15:14:54.903+0000] {logging_mixin.py:149} INFO - [2023-08-13T15:14:54.903+0000] {dag.py:2726} INFO - Sync 1 DAGs
[2023-08-13T15:14:54.913+0000] {logging_mixin.py:149} INFO - [2023-08-13T15:14:54.913+0000] {dag.py:3486} INFO - Setting next_dagrun for example_local_kubernetes_executor to None, run_after=None
[2023-08-13T15:14:54.981+0000] {processor.py:179} INFO - Processing /home/airflow/.local/lib/python3.10/site-packages/airflow/example_dags/example_local_kubernetes_executor.py took 0.192 seconds
[2023-08-13T15:15:25.222+0000] {processor.py:157} INFO - Started process (PID=427) to work on /home/airflow/.local/lib/python3.10/site-packages/airflow/example_dags/example_local_kubernetes_executor.py
[2023-08-13T15:15:25.223+0000] {processor.py:826} INFO - Processing file /home/airflow/.local/lib/python3.10/site-packages/airflow/example_dags/example_local_kubernetes_executor.py for tasks to queue
[2023-08-13T15:15:25.223+0000] {logging_mixin.py:149} INFO - [2023-08-13T15:15:25.223+0000] {dagbag.py:541} INFO - Filling up the DagBag from /home/airflow/.local/lib/python3.10/site-packages/airflow/example_dags/example_local_kubernetes_executor.py
[2023-08-13T15:15:25.317+0000] {processor.py:836} INFO - DAG(s) dict_keys(['example_local_kubernetes_executor']) retrieved from /home/airflow/.local/lib/python3.10/site-packages/airflow/example_dags/example_local_kubernetes_executor.py
[2023-08-13T15:15:25.388+0000] {logging_mixin.py:149} INFO - [2023-08-13T15:15:25.388+0000] {dag.py:2726} INFO - Sync 1 DAGs
[2023-08-13T15:15:25.398+0000] {logging_mixin.py:149} INFO - [2023-08-13T15:15:25.397+0000] {dag.py:3486} INFO - Setting next_dagrun for example_local_kubernetes_executor to None, run_after=None
[2023-08-13T15:15:25.404+0000] {processor.py:179} INFO - Processing /home/airflow/.local/lib/python3.10/site-packages/airflow/example_dags/example_local_kubernetes_executor.py took 0.183 seconds
[2023-08-13T15:15:55.640+0000] {processor.py:157} INFO - Started process (PID=504) to work on /home/airflow/.local/lib/python3.10/site-packages/airflow/example_dags/example_local_kubernetes_executor.py
[2023-08-13T15:15:55.640+0000] {processor.py:826} INFO - Processing file /home/airflow/.local/lib/python3.10/site-packages/airflow/example_dags/example_local_kubernetes_executor.py for tasks to queue
[2023-08-13T15:15:55.640+0000] {logging_mixin.py:149} INFO - [2023-08-13T15:15:55.640+0000] {dagbag.py:541} INFO - Filling up the DagBag from /home/airflow/.local/lib/python3.10/site-packages/airflow/example_dags/example_local_kubernetes_executor.py
[2023-08-13T15:15:55.734+0000] {processor.py:836} INFO - DAG(s) dict_keys(['example_local_kubernetes_executor']) retrieved from /home/airflow/.local/lib/python3.10/site-packages/airflow/example_dags/example_local_kubernetes_executor.py
[2023-08-13T15:15:55.749+0000] {logging_mixin.py:149} INFO - [2023-08-13T15:15:55.749+0000] {dag.py:2726} INFO - Sync 1 DAGs
[2023-08-13T15:15:55.817+0000] {logging_mixin.py:149} INFO - [2023-08-13T15:15:55.817+0000] {dag.py:3486} INFO - Setting next_dagrun for example_local_kubernetes_executor to None, run_after=None
[2023-08-13T15:15:55.824+0000] {processor.py:179} INFO - Processing /home/airflow/.local/lib/python3.10/site-packages/airflow/example_dags/example_local_kubernetes_executor.py took 0.186 seconds
[2023-08-13T15:16:25.931+0000] {processor.py:157} INFO - Started process (PID=580) to work on /home/airflow/.local/lib/python3.10/site-packages/airflow/example_dags/example_local_kubernetes_executor.py
[2023-08-13T15:16:25.932+0000] {processor.py:826} INFO - Processing file /home/airflow/.local/lib/python3.10/site-packages/airflow/example_dags/example_local_kubernetes_executor.py for tasks to queue
[2023-08-13T15:16:25.932+0000] {logging_mixin.py:149} INFO - [2023-08-13T15:16:25.932+0000] {dagbag.py:541} INFO - Filling up the DagBag from /home/airflow/.local/lib/python3.10/site-packages/airflow/example_dags/example_local_kubernetes_executor.py
[2023-08-13T15:16:26.085+0000] {processor.py:836} INFO - DAG(s) dict_keys(['example_local_kubernetes_executor']) retrieved from /home/airflow/.local/lib/python3.10/site-packages/airflow/example_dags/example_local_kubernetes_executor.py
[2023-08-13T15:16:26.099+0000] {logging_mixin.py:149} INFO - [2023-08-13T15:16:26.099+0000] {dag.py:2726} INFO - Sync 1 DAGs
[2023-08-13T15:16:26.108+0000] {logging_mixin.py:149} INFO - [2023-08-13T15:16:26.108+0000] {dag.py:3486} INFO - Setting next_dagrun for example_local_kubernetes_executor to None, run_after=None
[2023-08-13T15:16:26.116+0000] {processor.py:179} INFO - Processing /home/airflow/.local/lib/python3.10/site-packages/airflow/example_dags/example_local_kubernetes_executor.py took 0.186 seconds
[2023-08-13T15:16:56.295+0000] {processor.py:157} INFO - Started process (PID=656) to work on /home/airflow/.local/lib/python3.10/site-packages/airflow/example_dags/example_local_kubernetes_executor.py
[2023-08-13T15:16:56.295+0000] {processor.py:826} INFO - Processing file /home/airflow/.local/lib/python3.10/site-packages/airflow/example_dags/example_local_kubernetes_executor.py for tasks to queue
[2023-08-13T15:16:56.295+0000] {logging_mixin.py:149} INFO - [2023-08-13T15:16:56.295+0000] {dagbag.py:541} INFO - Filling up the DagBag from /home/airflow/.local/lib/python3.10/site-packages/airflow/example_dags/example_local_kubernetes_executor.py
[2023-08-13T15:16:56.389+0000] {processor.py:836} INFO - DAG(s) dict_keys(['example_local_kubernetes_executor']) retrieved from /home/airflow/.local/lib/python3.10/site-packages/airflow/example_dags/example_local_kubernetes_executor.py
[2023-08-13T15:16:56.462+0000] {logging_mixin.py:149} INFO - [2023-08-13T15:16:56.462+0000] {dag.py:2726} INFO - Sync 1 DAGs
[2023-08-13T15:16:56.470+0000] {logging_mixin.py:149} INFO - [2023-08-13T15:16:56.470+0000] {dag.py:3486} INFO - Setting next_dagrun for example_local_kubernetes_executor to None, run_after=None
[2023-08-13T15:16:56.477+0000] {processor.py:179} INFO - Processing /home/airflow/.local/lib/python3.10/site-packages/airflow/example_dags/example_local_kubernetes_executor.py took 0.184 seconds
[2023-08-13T15:17:26.532+0000] {processor.py:157} INFO - Started process (PID=731) to work on /home/airflow/.local/lib/python3.10/site-packages/airflow/example_dags/example_local_kubernetes_executor.py
[2023-08-13T15:17:26.533+0000] {processor.py:826} INFO - Processing file /home/airflow/.local/lib/python3.10/site-packages/airflow/example_dags/example_local_kubernetes_executor.py for tasks to queue
[2023-08-13T15:17:26.533+0000] {logging_mixin.py:149} INFO - [2023-08-13T15:17:26.533+0000] {dagbag.py:541} INFO - Filling up the DagBag from /home/airflow/.local/lib/python3.10/site-packages/airflow/example_dags/example_local_kubernetes_executor.py
[2023-08-13T15:17:26.685+0000] {processor.py:836} INFO - DAG(s) dict_keys(['example_local_kubernetes_executor']) retrieved from /home/airflow/.local/lib/python3.10/site-packages/airflow/example_dags/example_local_kubernetes_executor.py
[2023-08-13T15:17:26.698+0000] {logging_mixin.py:149} INFO - [2023-08-13T15:17:26.698+0000] {dag.py:2726} INFO - Sync 1 DAGs
[2023-08-13T15:17:26.708+0000] {logging_mixin.py:149} INFO - [2023-08-13T15:17:26.707+0000] {dag.py:3486} INFO - Setting next_dagrun for example_local_kubernetes_executor to None, run_after=None
[2023-08-13T15:17:26.714+0000] {processor.py:179} INFO - Processing /home/airflow/.local/lib/python3.10/site-packages/airflow/example_dags/example_local_kubernetes_executor.py took 0.183 seconds
[2023-08-13T15:17:56.821+0000] {processor.py:157} INFO - Started process (PID=808) to work on /home/airflow/.local/lib/python3.10/site-packages/airflow/example_dags/example_local_kubernetes_executor.py
[2023-08-13T15:17:56.821+0000] {processor.py:826} INFO - Processing file /home/airflow/.local/lib/python3.10/site-packages/airflow/example_dags/example_local_kubernetes_executor.py for tasks to queue
[2023-08-13T15:17:56.822+0000] {logging_mixin.py:149} INFO - [2023-08-13T15:17:56.821+0000] {dagbag.py:541} INFO - Filling up the DagBag from /home/airflow/.local/lib/python3.10/site-packages/airflow/example_dags/example_local_kubernetes_executor.py
[2023-08-13T15:17:56.976+0000] {processor.py:836} INFO - DAG(s) dict_keys(['example_local_kubernetes_executor']) retrieved from /home/airflow/.local/lib/python3.10/site-packages/airflow/example_dags/example_local_kubernetes_executor.py
[2023-08-13T15:17:56.989+0000] {logging_mixin.py:149} INFO - [2023-08-13T15:17:56.989+0000] {dag.py:2726} INFO - Sync 1 DAGs
[2023-08-13T15:17:56.998+0000] {logging_mixin.py:149} INFO - [2023-08-13T15:17:56.998+0000] {dag.py:3486} INFO - Setting next_dagrun for example_local_kubernetes_executor to None, run_after=None
[2023-08-13T15:17:57.006+0000] {processor.py:179} INFO - Processing /home/airflow/.local/lib/python3.10/site-packages/airflow/example_dags/example_local_kubernetes_executor.py took 0.187 seconds
[2023-08-13T15:18:27.126+0000] {processor.py:157} INFO - Started process (PID=885) to work on /home/airflow/.local/lib/python3.10/site-packages/airflow/example_dags/example_local_kubernetes_executor.py
[2023-08-13T15:18:27.127+0000] {processor.py:826} INFO - Processing file /home/airflow/.local/lib/python3.10/site-packages/airflow/example_dags/example_local_kubernetes_executor.py for tasks to queue
[2023-08-13T15:18:27.127+0000] {logging_mixin.py:149} INFO - [2023-08-13T15:18:27.127+0000] {dagbag.py:541} INFO - Filling up the DagBag from /home/airflow/.local/lib/python3.10/site-packages/airflow/example_dags/example_local_kubernetes_executor.py
[2023-08-13T15:18:27.223+0000] {processor.py:836} INFO - DAG(s) dict_keys(['example_local_kubernetes_executor']) retrieved from /home/airflow/.local/lib/python3.10/site-packages/airflow/example_dags/example_local_kubernetes_executor.py
[2023-08-13T15:18:27.297+0000] {logging_mixin.py:149} INFO - [2023-08-13T15:18:27.297+0000] {dag.py:2726} INFO - Sync 1 DAGs
[2023-08-13T15:18:27.306+0000] {logging_mixin.py:149} INFO - [2023-08-13T15:18:27.306+0000] {dag.py:3486} INFO - Setting next_dagrun for example_local_kubernetes_executor to None, run_after=None
[2023-08-13T15:18:27.312+0000] {processor.py:179} INFO - Processing /home/airflow/.local/lib/python3.10/site-packages/airflow/example_dags/example_local_kubernetes_executor.py took 0.188 seconds
[2023-08-13T15:18:57.415+0000] {processor.py:157} INFO - Started process (PID=962) to work on /home/airflow/.local/lib/python3.10/site-packages/airflow/example_dags/example_local_kubernetes_executor.py
[2023-08-13T15:18:57.416+0000] {processor.py:826} INFO - Processing file /home/airflow/.local/lib/python3.10/site-packages/airflow/example_dags/example_local_kubernetes_executor.py for tasks to queue
[2023-08-13T15:18:57.416+0000] {logging_mixin.py:149} INFO - [2023-08-13T15:18:57.416+0000] {dagbag.py:541} INFO - Filling up the DagBag from /home/airflow/.local/lib/python3.10/site-packages/airflow/example_dags/example_local_kubernetes_executor.py
[2023-08-13T15:18:57.570+0000] {processor.py:836} INFO - DAG(s) dict_keys(['example_local_kubernetes_executor']) retrieved from /home/airflow/.local/lib/python3.10/site-packages/airflow/example_dags/example_local_kubernetes_executor.py
[2023-08-13T15:18:57.584+0000] {logging_mixin.py:149} INFO - [2023-08-13T15:18:57.584+0000] {dag.py:2726} INFO - Sync 1 DAGs
[2023-08-13T15:18:57.593+0000] {logging_mixin.py:149} INFO - [2023-08-13T15:18:57.593+0000] {dag.py:3486} INFO - Setting next_dagrun for example_local_kubernetes_executor to None, run_after=None
[2023-08-13T15:18:57.600+0000] {processor.py:179} INFO - Processing /home/airflow/.local/lib/python3.10/site-packages/airflow/example_dags/example_local_kubernetes_executor.py took 0.185 seconds
[2023-08-13T15:19:27.885+0000] {processor.py:157} INFO - Started process (PID=1041) to work on /home/airflow/.local/lib/python3.10/site-packages/airflow/example_dags/example_local_kubernetes_executor.py
[2023-08-13T15:19:27.885+0000] {processor.py:826} INFO - Processing file /home/airflow/.local/lib/python3.10/site-packages/airflow/example_dags/example_local_kubernetes_executor.py for tasks to queue
[2023-08-13T15:19:27.885+0000] {logging_mixin.py:149} INFO - [2023-08-13T15:19:27.885+0000] {dagbag.py:541} INFO - Filling up the DagBag from /home/airflow/.local/lib/python3.10/site-packages/airflow/example_dags/example_local_kubernetes_executor.py
[2023-08-13T15:19:28.034+0000] {processor.py:836} INFO - DAG(s) dict_keys(['example_local_kubernetes_executor']) retrieved from /home/airflow/.local/lib/python3.10/site-packages/airflow/example_dags/example_local_kubernetes_executor.py
[2023-08-13T15:19:28.048+0000] {logging_mixin.py:149} INFO - [2023-08-13T15:19:28.048+0000] {dag.py:2726} INFO - Sync 1 DAGs
[2023-08-13T15:19:28.058+0000] {logging_mixin.py:149} INFO - [2023-08-13T15:19:28.058+0000] {dag.py:3486} INFO - Setting next_dagrun for example_local_kubernetes_executor to None, run_after=None
[2023-08-13T15:19:28.064+0000] {processor.py:179} INFO - Processing /home/airflow/.local/lib/python3.10/site-packages/airflow/example_dags/example_local_kubernetes_executor.py took 0.180 seconds
[2023-08-13T15:19:58.208+0000] {processor.py:157} INFO - Started process (PID=1118) to work on /home/airflow/.local/lib/python3.10/site-packages/airflow/example_dags/example_local_kubernetes_executor.py
[2023-08-13T15:19:58.209+0000] {processor.py:826} INFO - Processing file /home/airflow/.local/lib/python3.10/site-packages/airflow/example_dags/example_local_kubernetes_executor.py for tasks to queue
[2023-08-13T15:19:58.209+0000] {logging_mixin.py:149} INFO - [2023-08-13T15:19:58.209+0000] {dagbag.py:541} INFO - Filling up the DagBag from /home/airflow/.local/lib/python3.10/site-packages/airflow/example_dags/example_local_kubernetes_executor.py
[2023-08-13T15:19:58.358+0000] {processor.py:836} INFO - DAG(s) dict_keys(['example_local_kubernetes_executor']) retrieved from /home/airflow/.local/lib/python3.10/site-packages/airflow/example_dags/example_local_kubernetes_executor.py
[2023-08-13T15:19:58.371+0000] {logging_mixin.py:149} INFO - [2023-08-13T15:19:58.371+0000] {dag.py:2726} INFO - Sync 1 DAGs
[2023-08-13T15:19:58.380+0000] {logging_mixin.py:149} INFO - [2023-08-13T15:19:58.380+0000] {dag.py:3486} INFO - Setting next_dagrun for example_local_kubernetes_executor to None, run_after=None
[2023-08-13T15:19:58.387+0000] {processor.py:179} INFO - Processing /home/airflow/.local/lib/python3.10/site-packages/airflow/example_dags/example_local_kubernetes_executor.py took 0.180 seconds
[2023-08-13T15:20:28.402+0000] {processor.py:157} INFO - Started process (PID=1192) to work on /home/airflow/.local/lib/python3.10/site-packages/airflow/example_dags/example_local_kubernetes_executor.py
[2023-08-13T15:20:28.402+0000] {processor.py:826} INFO - Processing file /home/airflow/.local/lib/python3.10/site-packages/airflow/example_dags/example_local_kubernetes_executor.py for tasks to queue
[2023-08-13T15:20:28.402+0000] {logging_mixin.py:149} INFO - [2023-08-13T15:20:28.402+0000] {dagbag.py:541} INFO - Filling up the DagBag from /home/airflow/.local/lib/python3.10/site-packages/airflow/example_dags/example_local_kubernetes_executor.py
[2023-08-13T15:20:28.555+0000] {processor.py:836} INFO - DAG(s) dict_keys(['example_local_kubernetes_executor']) retrieved from /home/airflow/.local/lib/python3.10/site-packages/airflow/example_dags/example_local_kubernetes_executor.py
[2023-08-13T15:20:28.568+0000] {logging_mixin.py:149} INFO - [2023-08-13T15:20:28.568+0000] {dag.py:2726} INFO - Sync 1 DAGs
[2023-08-13T15:20:28.577+0000] {logging_mixin.py:149} INFO - [2023-08-13T15:20:28.577+0000] {dag.py:3486} INFO - Setting next_dagrun for example_local_kubernetes_executor to None, run_after=None
[2023-08-13T15:20:28.583+0000] {processor.py:179} INFO - Processing /home/airflow/.local/lib/python3.10/site-packages/airflow/example_dags/example_local_kubernetes_executor.py took 0.183 seconds
[2023-08-13T15:20:58.826+0000] {processor.py:157} INFO - Started process (PID=1271) to work on /home/airflow/.local/lib/python3.10/site-packages/airflow/example_dags/example_local_kubernetes_executor.py
[2023-08-13T15:20:58.826+0000] {processor.py:826} INFO - Processing file /home/airflow/.local/lib/python3.10/site-packages/airflow/example_dags/example_local_kubernetes_executor.py for tasks to queue
[2023-08-13T15:20:58.827+0000] {logging_mixin.py:149} INFO - [2023-08-13T15:20:58.827+0000] {dagbag.py:541} INFO - Filling up the DagBag from /home/airflow/.local/lib/python3.10/site-packages/airflow/example_dags/example_local_kubernetes_executor.py
[2023-08-13T15:20:58.984+0000] {processor.py:836} INFO - DAG(s) dict_keys(['example_local_kubernetes_executor']) retrieved from /home/airflow/.local/lib/python3.10/site-packages/airflow/example_dags/example_local_kubernetes_executor.py
[2023-08-13T15:20:58.998+0000] {logging_mixin.py:149} INFO - [2023-08-13T15:20:58.998+0000] {dag.py:2726} INFO - Sync 1 DAGs
[2023-08-13T15:20:59.008+0000] {logging_mixin.py:149} INFO - [2023-08-13T15:20:59.008+0000] {dag.py:3486} INFO - Setting next_dagrun for example_local_kubernetes_executor to None, run_after=None
[2023-08-13T15:20:59.014+0000] {processor.py:179} INFO - Processing /home/airflow/.local/lib/python3.10/site-packages/airflow/example_dags/example_local_kubernetes_executor.py took 0.190 seconds
[2023-08-13T15:21:29.204+0000] {processor.py:157} INFO - Started process (PID=1351) to work on /home/airflow/.local/lib/python3.10/site-packages/airflow/example_dags/example_local_kubernetes_executor.py
[2023-08-13T15:21:29.205+0000] {processor.py:826} INFO - Processing file /home/airflow/.local/lib/python3.10/site-packages/airflow/example_dags/example_local_kubernetes_executor.py for tasks to queue
[2023-08-13T15:21:29.205+0000] {logging_mixin.py:149} INFO - [2023-08-13T15:21:29.205+0000] {dagbag.py:541} INFO - Filling up the DagBag from /home/airflow/.local/lib/python3.10/site-packages/airflow/example_dags/example_local_kubernetes_executor.py
[2023-08-13T15:21:29.359+0000] {processor.py:836} INFO - DAG(s) dict_keys(['example_local_kubernetes_executor']) retrieved from /home/airflow/.local/lib/python3.10/site-packages/airflow/example_dags/example_local_kubernetes_executor.py
[2023-08-13T15:21:29.373+0000] {logging_mixin.py:149} INFO - [2023-08-13T15:21:29.373+0000] {dag.py:2726} INFO - Sync 1 DAGs
[2023-08-13T15:21:29.382+0000] {logging_mixin.py:149} INFO - [2023-08-13T15:21:29.382+0000] {dag.py:3486} INFO - Setting next_dagrun for example_local_kubernetes_executor to None, run_after=None
[2023-08-13T15:21:29.389+0000] {processor.py:179} INFO - Processing /home/airflow/.local/lib/python3.10/site-packages/airflow/example_dags/example_local_kubernetes_executor.py took 0.186 seconds
[2023-08-13T15:21:59.490+0000] {processor.py:157} INFO - Started process (PID=1432) to work on /home/airflow/.local/lib/python3.10/site-packages/airflow/example_dags/example_local_kubernetes_executor.py
[2023-08-13T15:21:59.491+0000] {processor.py:826} INFO - Processing file /home/airflow/.local/lib/python3.10/site-packages/airflow/example_dags/example_local_kubernetes_executor.py for tasks to queue
[2023-08-13T15:21:59.491+0000] {logging_mixin.py:149} INFO - [2023-08-13T15:21:59.491+0000] {dagbag.py:541} INFO - Filling up the DagBag from /home/airflow/.local/lib/python3.10/site-packages/airflow/example_dags/example_local_kubernetes_executor.py
[2023-08-13T15:21:59.643+0000] {processor.py:836} INFO - DAG(s) dict_keys(['example_local_kubernetes_executor']) retrieved from /home/airflow/.local/lib/python3.10/site-packages/airflow/example_dags/example_local_kubernetes_executor.py
[2023-08-13T15:21:59.657+0000] {logging_mixin.py:149} INFO - [2023-08-13T15:21:59.657+0000] {dag.py:2726} INFO - Sync 1 DAGs
[2023-08-13T15:21:59.666+0000] {logging_mixin.py:149} INFO - [2023-08-13T15:21:59.666+0000] {dag.py:3486} INFO - Setting next_dagrun for example_local_kubernetes_executor to None, run_after=None
[2023-08-13T15:21:59.673+0000] {processor.py:179} INFO - Processing /home/airflow/.local/lib/python3.10/site-packages/airflow/example_dags/example_local_kubernetes_executor.py took 0.184 seconds
[2023-08-13T15:22:29.810+0000] {processor.py:157} INFO - Started process (PID=1509) to work on /home/airflow/.local/lib/python3.10/site-packages/airflow/example_dags/example_local_kubernetes_executor.py
[2023-08-13T15:22:29.810+0000] {processor.py:826} INFO - Processing file /home/airflow/.local/lib/python3.10/site-packages/airflow/example_dags/example_local_kubernetes_executor.py for tasks to queue
[2023-08-13T15:22:29.811+0000] {logging_mixin.py:149} INFO - [2023-08-13T15:22:29.811+0000] {dagbag.py:541} INFO - Filling up the DagBag from /home/airflow/.local/lib/python3.10/site-packages/airflow/example_dags/example_local_kubernetes_executor.py
[2023-08-13T15:22:29.961+0000] {processor.py:836} INFO - DAG(s) dict_keys(['example_local_kubernetes_executor']) retrieved from /home/airflow/.local/lib/python3.10/site-packages/airflow/example_dags/example_local_kubernetes_executor.py
[2023-08-13T15:22:29.975+0000] {logging_mixin.py:149} INFO - [2023-08-13T15:22:29.975+0000] {dag.py:2726} INFO - Sync 1 DAGs
[2023-08-13T15:22:29.984+0000] {logging_mixin.py:149} INFO - [2023-08-13T15:22:29.984+0000] {dag.py:3486} INFO - Setting next_dagrun for example_local_kubernetes_executor to None, run_after=None
[2023-08-13T15:22:29.991+0000] {processor.py:179} INFO - Processing /home/airflow/.local/lib/python3.10/site-packages/airflow/example_dags/example_local_kubernetes_executor.py took 0.182 seconds
[2023-08-13T15:23:00.192+0000] {processor.py:157} INFO - Started process (PID=1590) to work on /home/airflow/.local/lib/python3.10/site-packages/airflow/example_dags/example_local_kubernetes_executor.py
[2023-08-13T15:23:00.192+0000] {processor.py:826} INFO - Processing file /home/airflow/.local/lib/python3.10/site-packages/airflow/example_dags/example_local_kubernetes_executor.py for tasks to queue
[2023-08-13T15:23:00.192+0000] {logging_mixin.py:149} INFO - [2023-08-13T15:23:00.192+0000] {dagbag.py:541} INFO - Filling up the DagBag from /home/airflow/.local/lib/python3.10/site-packages/airflow/example_dags/example_local_kubernetes_executor.py
[2023-08-13T15:23:00.339+0000] {processor.py:836} INFO - DAG(s) dict_keys(['example_local_kubernetes_executor']) retrieved from /home/airflow/.local/lib/python3.10/site-packages/airflow/example_dags/example_local_kubernetes_executor.py
[2023-08-13T15:23:00.352+0000] {logging_mixin.py:149} INFO - [2023-08-13T15:23:00.352+0000] {dag.py:2726} INFO - Sync 1 DAGs
[2023-08-13T15:23:00.361+0000] {logging_mixin.py:149} INFO - [2023-08-13T15:23:00.361+0000] {dag.py:3486} INFO - Setting next_dagrun for example_local_kubernetes_executor to None, run_after=None
[2023-08-13T15:23:00.368+0000] {processor.py:179} INFO - Processing /home/airflow/.local/lib/python3.10/site-packages/airflow/example_dags/example_local_kubernetes_executor.py took 0.178 seconds
[2023-08-13T15:23:30.488+0000] {processor.py:157} INFO - Started process (PID=1667) to work on /home/airflow/.local/lib/python3.10/site-packages/airflow/example_dags/example_local_kubernetes_executor.py
[2023-08-13T15:23:30.488+0000] {processor.py:826} INFO - Processing file /home/airflow/.local/lib/python3.10/site-packages/airflow/example_dags/example_local_kubernetes_executor.py for tasks to queue
[2023-08-13T15:23:30.489+0000] {logging_mixin.py:149} INFO - [2023-08-13T15:23:30.489+0000] {dagbag.py:541} INFO - Filling up the DagBag from /home/airflow/.local/lib/python3.10/site-packages/airflow/example_dags/example_local_kubernetes_executor.py
[2023-08-13T15:23:30.642+0000] {processor.py:836} INFO - DAG(s) dict_keys(['example_local_kubernetes_executor']) retrieved from /home/airflow/.local/lib/python3.10/site-packages/airflow/example_dags/example_local_kubernetes_executor.py
[2023-08-13T15:23:30.656+0000] {logging_mixin.py:149} INFO - [2023-08-13T15:23:30.656+0000] {dag.py:2726} INFO - Sync 1 DAGs
[2023-08-13T15:23:30.664+0000] {logging_mixin.py:149} INFO - [2023-08-13T15:23:30.664+0000] {dag.py:3486} INFO - Setting next_dagrun for example_local_kubernetes_executor to None, run_after=None
[2023-08-13T15:23:30.672+0000] {processor.py:179} INFO - Processing /home/airflow/.local/lib/python3.10/site-packages/airflow/example_dags/example_local_kubernetes_executor.py took 0.185 seconds
[2023-08-13T15:24:00.937+0000] {processor.py:157} INFO - Started process (PID=1745) to work on /home/airflow/.local/lib/python3.10/site-packages/airflow/example_dags/example_local_kubernetes_executor.py
[2023-08-13T15:24:00.937+0000] {processor.py:826} INFO - Processing file /home/airflow/.local/lib/python3.10/site-packages/airflow/example_dags/example_local_kubernetes_executor.py for tasks to queue
[2023-08-13T15:24:00.937+0000] {logging_mixin.py:149} INFO - [2023-08-13T15:24:00.937+0000] {dagbag.py:541} INFO - Filling up the DagBag from /home/airflow/.local/lib/python3.10/site-packages/airflow/example_dags/example_local_kubernetes_executor.py
[2023-08-13T15:24:01.083+0000] {processor.py:836} INFO - DAG(s) dict_keys(['example_local_kubernetes_executor']) retrieved from /home/airflow/.local/lib/python3.10/site-packages/airflow/example_dags/example_local_kubernetes_executor.py
[2023-08-13T15:24:01.097+0000] {logging_mixin.py:149} INFO - [2023-08-13T15:24:01.097+0000] {dag.py:2726} INFO - Sync 1 DAGs
[2023-08-13T15:24:01.106+0000] {logging_mixin.py:149} INFO - [2023-08-13T15:24:01.106+0000] {dag.py:3486} INFO - Setting next_dagrun for example_local_kubernetes_executor to None, run_after=None
[2023-08-13T15:24:01.120+0000] {processor.py:179} INFO - Processing /home/airflow/.local/lib/python3.10/site-packages/airflow/example_dags/example_local_kubernetes_executor.py took 0.185 seconds
[2023-08-13T15:24:31.235+0000] {processor.py:157} INFO - Started process (PID=1822) to work on /home/airflow/.local/lib/python3.10/site-packages/airflow/example_dags/example_local_kubernetes_executor.py
[2023-08-13T15:24:31.235+0000] {processor.py:826} INFO - Processing file /home/airflow/.local/lib/python3.10/site-packages/airflow/example_dags/example_local_kubernetes_executor.py for tasks to queue
[2023-08-13T15:24:31.236+0000] {logging_mixin.py:149} INFO - [2023-08-13T15:24:31.236+0000] {dagbag.py:541} INFO - Filling up the DagBag from /home/airflow/.local/lib/python3.10/site-packages/airflow/example_dags/example_local_kubernetes_executor.py
[2023-08-13T15:24:31.382+0000] {processor.py:836} INFO - DAG(s) dict_keys(['example_local_kubernetes_executor']) retrieved from /home/airflow/.local/lib/python3.10/site-packages/airflow/example_dags/example_local_kubernetes_executor.py
[2023-08-13T15:24:31.395+0000] {logging_mixin.py:149} INFO - [2023-08-13T15:24:31.395+0000] {dag.py:2726} INFO - Sync 1 DAGs
[2023-08-13T15:24:31.404+0000] {logging_mixin.py:149} INFO - [2023-08-13T15:24:31.404+0000] {dag.py:3486} INFO - Setting next_dagrun for example_local_kubernetes_executor to None, run_after=None
[2023-08-13T15:24:31.419+0000] {processor.py:179} INFO - Processing /home/airflow/.local/lib/python3.10/site-packages/airflow/example_dags/example_local_kubernetes_executor.py took 0.185 seconds
[2023-08-13T15:25:01.649+0000] {processor.py:157} INFO - Started process (PID=1899) to work on /home/airflow/.local/lib/python3.10/site-packages/airflow/example_dags/example_local_kubernetes_executor.py
[2023-08-13T15:25:01.649+0000] {processor.py:826} INFO - Processing file /home/airflow/.local/lib/python3.10/site-packages/airflow/example_dags/example_local_kubernetes_executor.py for tasks to queue
[2023-08-13T15:25:01.650+0000] {logging_mixin.py:149} INFO - [2023-08-13T15:25:01.649+0000] {dagbag.py:541} INFO - Filling up the DagBag from /home/airflow/.local/lib/python3.10/site-packages/airflow/example_dags/example_local_kubernetes_executor.py
[2023-08-13T15:25:01.796+0000] {processor.py:836} INFO - DAG(s) dict_keys(['example_local_kubernetes_executor']) retrieved from /home/airflow/.local/lib/python3.10/site-packages/airflow/example_dags/example_local_kubernetes_executor.py
[2023-08-13T15:25:01.809+0000] {logging_mixin.py:149} INFO - [2023-08-13T15:25:01.809+0000] {dag.py:2726} INFO - Sync 1 DAGs
[2023-08-13T15:25:01.817+0000] {logging_mixin.py:149} INFO - [2023-08-13T15:25:01.817+0000] {dag.py:3486} INFO - Setting next_dagrun for example_local_kubernetes_executor to None, run_after=None
[2023-08-13T15:25:01.833+0000] {processor.py:179} INFO - Processing /home/airflow/.local/lib/python3.10/site-packages/airflow/example_dags/example_local_kubernetes_executor.py took 0.186 seconds
[2023-08-13T15:25:32.069+0000] {processor.py:157} INFO - Started process (PID=1976) to work on /home/airflow/.local/lib/python3.10/site-packages/airflow/example_dags/example_local_kubernetes_executor.py
[2023-08-13T15:25:32.069+0000] {processor.py:826} INFO - Processing file /home/airflow/.local/lib/python3.10/site-packages/airflow/example_dags/example_local_kubernetes_executor.py for tasks to queue
[2023-08-13T15:25:32.070+0000] {logging_mixin.py:149} INFO - [2023-08-13T15:25:32.069+0000] {dagbag.py:541} INFO - Filling up the DagBag from /home/airflow/.local/lib/python3.10/site-packages/airflow/example_dags/example_local_kubernetes_executor.py
[2023-08-13T15:25:32.224+0000] {processor.py:836} INFO - DAG(s) dict_keys(['example_local_kubernetes_executor']) retrieved from /home/airflow/.local/lib/python3.10/site-packages/airflow/example_dags/example_local_kubernetes_executor.py
[2023-08-13T15:25:32.237+0000] {logging_mixin.py:149} INFO - [2023-08-13T15:25:32.237+0000] {dag.py:2726} INFO - Sync 1 DAGs
[2023-08-13T15:25:32.246+0000] {logging_mixin.py:149} INFO - [2023-08-13T15:25:32.246+0000] {dag.py:3486} INFO - Setting next_dagrun for example_local_kubernetes_executor to None, run_after=None
[2023-08-13T15:25:32.253+0000] {processor.py:179} INFO - Processing /home/airflow/.local/lib/python3.10/site-packages/airflow/example_dags/example_local_kubernetes_executor.py took 0.185 seconds
[2023-08-13T15:26:02.354+0000] {processor.py:157} INFO - Started process (PID=2054) to work on /home/airflow/.local/lib/python3.10/site-packages/airflow/example_dags/example_local_kubernetes_executor.py
[2023-08-13T15:26:02.354+0000] {processor.py:826} INFO - Processing file /home/airflow/.local/lib/python3.10/site-packages/airflow/example_dags/example_local_kubernetes_executor.py for tasks to queue
[2023-08-13T15:26:02.355+0000] {logging_mixin.py:149} INFO - [2023-08-13T15:26:02.355+0000] {dagbag.py:541} INFO - Filling up the DagBag from /home/airflow/.local/lib/python3.10/site-packages/airflow/example_dags/example_local_kubernetes_executor.py
[2023-08-13T15:26:02.508+0000] {processor.py:836} INFO - DAG(s) dict_keys(['example_local_kubernetes_executor']) retrieved from /home/airflow/.local/lib/python3.10/site-packages/airflow/example_dags/example_local_kubernetes_executor.py
[2023-08-13T15:26:02.521+0000] {logging_mixin.py:149} INFO - [2023-08-13T15:26:02.521+0000] {dag.py:2726} INFO - Sync 1 DAGs
[2023-08-13T15:26:02.530+0000] {logging_mixin.py:149} INFO - [2023-08-13T15:26:02.530+0000] {dag.py:3486} INFO - Setting next_dagrun for example_local_kubernetes_executor to None, run_after=None
[2023-08-13T15:26:02.536+0000] {processor.py:179} INFO - Processing /home/airflow/.local/lib/python3.10/site-packages/airflow/example_dags/example_local_kubernetes_executor.py took 0.184 seconds
[2023-08-13T15:26:32.851+0000] {processor.py:157} INFO - Started process (PID=2135) to work on /home/airflow/.local/lib/python3.10/site-packages/airflow/example_dags/example_local_kubernetes_executor.py
[2023-08-13T15:26:32.851+0000] {processor.py:826} INFO - Processing file /home/airflow/.local/lib/python3.10/site-packages/airflow/example_dags/example_local_kubernetes_executor.py for tasks to queue
[2023-08-13T15:26:32.851+0000] {logging_mixin.py:149} INFO - [2023-08-13T15:26:32.851+0000] {dagbag.py:541} INFO - Filling up the DagBag from /home/airflow/.local/lib/python3.10/site-packages/airflow/example_dags/example_local_kubernetes_executor.py
[2023-08-13T15:26:33.004+0000] {processor.py:836} INFO - DAG(s) dict_keys(['example_local_kubernetes_executor']) retrieved from /home/airflow/.local/lib/python3.10/site-packages/airflow/example_dags/example_local_kubernetes_executor.py
[2023-08-13T15:26:33.017+0000] {logging_mixin.py:149} INFO - [2023-08-13T15:26:33.017+0000] {dag.py:2726} INFO - Sync 1 DAGs
[2023-08-13T15:26:33.026+0000] {logging_mixin.py:149} INFO - [2023-08-13T15:26:33.026+0000] {dag.py:3486} INFO - Setting next_dagrun for example_local_kubernetes_executor to None, run_after=None
[2023-08-13T15:26:33.034+0000] {processor.py:179} INFO - Processing /home/airflow/.local/lib/python3.10/site-packages/airflow/example_dags/example_local_kubernetes_executor.py took 0.185 seconds
[2023-08-13T15:27:03.119+0000] {processor.py:157} INFO - Started process (PID=2202) to work on /home/airflow/.local/lib/python3.10/site-packages/airflow/example_dags/example_local_kubernetes_executor.py
[2023-08-13T15:27:03.119+0000] {processor.py:826} INFO - Processing file /home/airflow/.local/lib/python3.10/site-packages/airflow/example_dags/example_local_kubernetes_executor.py for tasks to queue
[2023-08-13T15:27:03.120+0000] {logging_mixin.py:149} INFO - [2023-08-13T15:27:03.120+0000] {dagbag.py:541} INFO - Filling up the DagBag from /home/airflow/.local/lib/python3.10/site-packages/airflow/example_dags/example_local_kubernetes_executor.py
[2023-08-13T15:27:03.266+0000] {processor.py:836} INFO - DAG(s) dict_keys(['example_local_kubernetes_executor']) retrieved from /home/airflow/.local/lib/python3.10/site-packages/airflow/example_dags/example_local_kubernetes_executor.py
[2023-08-13T15:27:03.279+0000] {logging_mixin.py:149} INFO - [2023-08-13T15:27:03.279+0000] {dag.py:2726} INFO - Sync 1 DAGs
[2023-08-13T15:27:03.288+0000] {logging_mixin.py:149} INFO - [2023-08-13T15:27:03.288+0000] {dag.py:3486} INFO - Setting next_dagrun for example_local_kubernetes_executor to None, run_after=None
[2023-08-13T15:27:03.303+0000] {processor.py:179} INFO - Processing /home/airflow/.local/lib/python3.10/site-packages/airflow/example_dags/example_local_kubernetes_executor.py took 0.185 seconds
[2023-08-13T15:27:33.625+0000] {processor.py:157} INFO - Started process (PID=2278) to work on /home/airflow/.local/lib/python3.10/site-packages/airflow/example_dags/example_local_kubernetes_executor.py
[2023-08-13T15:27:33.625+0000] {processor.py:826} INFO - Processing file /home/airflow/.local/lib/python3.10/site-packages/airflow/example_dags/example_local_kubernetes_executor.py for tasks to queue
[2023-08-13T15:27:33.625+0000] {logging_mixin.py:149} INFO - [2023-08-13T15:27:33.625+0000] {dagbag.py:541} INFO - Filling up the DagBag from /home/airflow/.local/lib/python3.10/site-packages/airflow/example_dags/example_local_kubernetes_executor.py
[2023-08-13T15:27:33.770+0000] {processor.py:836} INFO - DAG(s) dict_keys(['example_local_kubernetes_executor']) retrieved from /home/airflow/.local/lib/python3.10/site-packages/airflow/example_dags/example_local_kubernetes_executor.py
[2023-08-13T15:27:33.783+0000] {logging_mixin.py:149} INFO - [2023-08-13T15:27:33.783+0000] {dag.py:2726} INFO - Sync 1 DAGs
[2023-08-13T15:27:33.792+0000] {logging_mixin.py:149} INFO - [2023-08-13T15:27:33.792+0000] {dag.py:3486} INFO - Setting next_dagrun for example_local_kubernetes_executor to None, run_after=None
[2023-08-13T15:27:33.798+0000] {processor.py:179} INFO - Processing /home/airflow/.local/lib/python3.10/site-packages/airflow/example_dags/example_local_kubernetes_executor.py took 0.175 seconds
[2023-08-13T15:28:04.071+0000] {processor.py:157} INFO - Started process (PID=2355) to work on /home/airflow/.local/lib/python3.10/site-packages/airflow/example_dags/example_local_kubernetes_executor.py
[2023-08-13T15:28:04.072+0000] {processor.py:826} INFO - Processing file /home/airflow/.local/lib/python3.10/site-packages/airflow/example_dags/example_local_kubernetes_executor.py for tasks to queue
[2023-08-13T15:28:04.072+0000] {logging_mixin.py:149} INFO - [2023-08-13T15:28:04.072+0000] {dagbag.py:541} INFO - Filling up the DagBag from /home/airflow/.local/lib/python3.10/site-packages/airflow/example_dags/example_local_kubernetes_executor.py
[2023-08-13T15:28:04.221+0000] {processor.py:836} INFO - DAG(s) dict_keys(['example_local_kubernetes_executor']) retrieved from /home/airflow/.local/lib/python3.10/site-packages/airflow/example_dags/example_local_kubernetes_executor.py
[2023-08-13T15:28:04.234+0000] {logging_mixin.py:149} INFO - [2023-08-13T15:28:04.234+0000] {dag.py:2726} INFO - Sync 1 DAGs
[2023-08-13T15:28:04.243+0000] {logging_mixin.py:149} INFO - [2023-08-13T15:28:04.243+0000] {dag.py:3486} INFO - Setting next_dagrun for example_local_kubernetes_executor to None, run_after=None
[2023-08-13T15:28:04.249+0000] {processor.py:179} INFO - Processing /home/airflow/.local/lib/python3.10/site-packages/airflow/example_dags/example_local_kubernetes_executor.py took 0.179 seconds
[2023-08-13T15:28:34.280+0000] {processor.py:157} INFO - Started process (PID=2427) to work on /home/airflow/.local/lib/python3.10/site-packages/airflow/example_dags/example_local_kubernetes_executor.py
[2023-08-13T15:28:34.280+0000] {processor.py:826} INFO - Processing file /home/airflow/.local/lib/python3.10/site-packages/airflow/example_dags/example_local_kubernetes_executor.py for tasks to queue
[2023-08-13T15:28:34.280+0000] {logging_mixin.py:149} INFO - [2023-08-13T15:28:34.280+0000] {dagbag.py:541} INFO - Filling up the DagBag from /home/airflow/.local/lib/python3.10/site-packages/airflow/example_dags/example_local_kubernetes_executor.py
[2023-08-13T15:28:34.429+0000] {processor.py:836} INFO - DAG(s) dict_keys(['example_local_kubernetes_executor']) retrieved from /home/airflow/.local/lib/python3.10/site-packages/airflow/example_dags/example_local_kubernetes_executor.py
[2023-08-13T15:28:34.443+0000] {logging_mixin.py:149} INFO - [2023-08-13T15:28:34.443+0000] {dag.py:2726} INFO - Sync 1 DAGs
[2023-08-13T15:28:34.451+0000] {logging_mixin.py:149} INFO - [2023-08-13T15:28:34.451+0000] {dag.py:3486} INFO - Setting next_dagrun for example_local_kubernetes_executor to None, run_after=None
[2023-08-13T15:28:34.458+0000] {processor.py:179} INFO - Processing /home/airflow/.local/lib/python3.10/site-packages/airflow/example_dags/example_local_kubernetes_executor.py took 0.180 seconds
[2023-08-13T15:29:04.617+0000] {processor.py:157} INFO - Started process (PID=2504) to work on /home/airflow/.local/lib/python3.10/site-packages/airflow/example_dags/example_local_kubernetes_executor.py
[2023-08-13T15:29:04.617+0000] {processor.py:826} INFO - Processing file /home/airflow/.local/lib/python3.10/site-packages/airflow/example_dags/example_local_kubernetes_executor.py for tasks to queue
[2023-08-13T15:29:04.617+0000] {logging_mixin.py:149} INFO - [2023-08-13T15:29:04.617+0000] {dagbag.py:541} INFO - Filling up the DagBag from /home/airflow/.local/lib/python3.10/site-packages/airflow/example_dags/example_local_kubernetes_executor.py
[2023-08-13T15:29:04.773+0000] {processor.py:836} INFO - DAG(s) dict_keys(['example_local_kubernetes_executor']) retrieved from /home/airflow/.local/lib/python3.10/site-packages/airflow/example_dags/example_local_kubernetes_executor.py
[2023-08-13T15:29:04.786+0000] {logging_mixin.py:149} INFO - [2023-08-13T15:29:04.786+0000] {dag.py:2726} INFO - Sync 1 DAGs
[2023-08-13T15:29:04.795+0000] {logging_mixin.py:149} INFO - [2023-08-13T15:29:04.795+0000] {dag.py:3486} INFO - Setting next_dagrun for example_local_kubernetes_executor to None, run_after=None
[2023-08-13T15:29:04.801+0000] {processor.py:179} INFO - Processing /home/airflow/.local/lib/python3.10/site-packages/airflow/example_dags/example_local_kubernetes_executor.py took 0.186 seconds
