[2023-08-13T14:54:34.175+0000] {processor.py:157} INFO - Started process (PID=51) to work on /home/airflow/.local/lib/python3.10/site-packages/airflow/example_dags/example_sensors.py
[2023-08-13T14:54:34.176+0000] {processor.py:826} INFO - Processing file /home/airflow/.local/lib/python3.10/site-packages/airflow/example_dags/example_sensors.py for tasks to queue
[2023-08-13T14:54:34.176+0000] {logging_mixin.py:149} INFO - [2023-08-13T14:54:34.176+0000] {dagbag.py:541} INFO - Filling up the DagBag from /home/airflow/.local/lib/python3.10/site-packages/airflow/example_dags/example_sensors.py
[2023-08-13T14:54:34.183+0000] {processor.py:836} INFO - DAG(s) dict_keys(['example_sensors']) retrieved from /home/airflow/.local/lib/python3.10/site-packages/airflow/example_dags/example_sensors.py
[2023-08-13T14:54:34.188+0000] {logging_mixin.py:149} INFO - [2023-08-13T14:54:34.188+0000] {dag.py:2726} INFO - Sync 1 DAGs
[2023-08-13T14:54:34.198+0000] {logging_mixin.py:149} INFO - [2023-08-13T14:54:34.198+0000] {dag.py:3486} INFO - Setting next_dagrun for example_sensors to None, run_after=None
[2023-08-13T14:54:34.206+0000] {processor.py:179} INFO - Processing /home/airflow/.local/lib/python3.10/site-packages/airflow/example_dags/example_sensors.py took 0.032 seconds
[2023-08-13T14:55:04.313+0000] {processor.py:157} INFO - Started process (PID=127) to work on /home/airflow/.local/lib/python3.10/site-packages/airflow/example_dags/example_sensors.py
[2023-08-13T14:55:04.313+0000] {processor.py:826} INFO - Processing file /home/airflow/.local/lib/python3.10/site-packages/airflow/example_dags/example_sensors.py for tasks to queue
[2023-08-13T14:55:04.314+0000] {logging_mixin.py:149} INFO - [2023-08-13T14:55:04.314+0000] {dagbag.py:541} INFO - Filling up the DagBag from /home/airflow/.local/lib/python3.10/site-packages/airflow/example_dags/example_sensors.py
[2023-08-13T14:55:04.318+0000] {processor.py:836} INFO - DAG(s) dict_keys(['example_sensors']) retrieved from /home/airflow/.local/lib/python3.10/site-packages/airflow/example_dags/example_sensors.py
[2023-08-13T14:55:04.330+0000] {logging_mixin.py:149} INFO - [2023-08-13T14:55:04.330+0000] {dag.py:2726} INFO - Sync 1 DAGs
[2023-08-13T14:55:04.340+0000] {logging_mixin.py:149} INFO - [2023-08-13T14:55:04.339+0000] {dag.py:3486} INFO - Setting next_dagrun for example_sensors to None, run_after=None
[2023-08-13T14:55:04.346+0000] {processor.py:179} INFO - Processing /home/airflow/.local/lib/python3.10/site-packages/airflow/example_dags/example_sensors.py took 0.035 seconds
[2023-08-13T14:55:34.707+0000] {processor.py:157} INFO - Started process (PID=204) to work on /home/airflow/.local/lib/python3.10/site-packages/airflow/example_dags/example_sensors.py
[2023-08-13T14:55:34.707+0000] {processor.py:826} INFO - Processing file /home/airflow/.local/lib/python3.10/site-packages/airflow/example_dags/example_sensors.py for tasks to queue
[2023-08-13T14:55:34.707+0000] {logging_mixin.py:149} INFO - [2023-08-13T14:55:34.707+0000] {dagbag.py:541} INFO - Filling up the DagBag from /home/airflow/.local/lib/python3.10/site-packages/airflow/example_dags/example_sensors.py
[2023-08-13T14:55:34.712+0000] {processor.py:836} INFO - DAG(s) dict_keys(['example_sensors']) retrieved from /home/airflow/.local/lib/python3.10/site-packages/airflow/example_dags/example_sensors.py
[2023-08-13T14:55:34.723+0000] {logging_mixin.py:149} INFO - [2023-08-13T14:55:34.723+0000] {dag.py:2726} INFO - Sync 1 DAGs
[2023-08-13T14:55:34.733+0000] {logging_mixin.py:149} INFO - [2023-08-13T14:55:34.733+0000] {dag.py:3486} INFO - Setting next_dagrun for example_sensors to None, run_after=None
[2023-08-13T14:55:34.740+0000] {processor.py:179} INFO - Processing /home/airflow/.local/lib/python3.10/site-packages/airflow/example_dags/example_sensors.py took 0.034 seconds
[2023-08-13T14:56:05.142+0000] {processor.py:157} INFO - Started process (PID=281) to work on /home/airflow/.local/lib/python3.10/site-packages/airflow/example_dags/example_sensors.py
[2023-08-13T14:56:05.143+0000] {processor.py:826} INFO - Processing file /home/airflow/.local/lib/python3.10/site-packages/airflow/example_dags/example_sensors.py for tasks to queue
[2023-08-13T14:56:05.143+0000] {logging_mixin.py:149} INFO - [2023-08-13T14:56:05.143+0000] {dagbag.py:541} INFO - Filling up the DagBag from /home/airflow/.local/lib/python3.10/site-packages/airflow/example_dags/example_sensors.py
[2023-08-13T14:56:05.147+0000] {processor.py:836} INFO - DAG(s) dict_keys(['example_sensors']) retrieved from /home/airflow/.local/lib/python3.10/site-packages/airflow/example_dags/example_sensors.py
[2023-08-13T14:56:05.159+0000] {logging_mixin.py:149} INFO - [2023-08-13T14:56:05.159+0000] {dag.py:2726} INFO - Sync 1 DAGs
[2023-08-13T14:56:05.168+0000] {logging_mixin.py:149} INFO - [2023-08-13T14:56:05.168+0000] {dag.py:3486} INFO - Setting next_dagrun for example_sensors to None, run_after=None
[2023-08-13T14:56:05.176+0000] {processor.py:179} INFO - Processing /home/airflow/.local/lib/python3.10/site-packages/airflow/example_dags/example_sensors.py took 0.035 seconds
[2023-08-13T14:56:35.504+0000] {processor.py:157} INFO - Started process (PID=362) to work on /home/airflow/.local/lib/python3.10/site-packages/airflow/example_dags/example_sensors.py
[2023-08-13T14:56:35.504+0000] {processor.py:826} INFO - Processing file /home/airflow/.local/lib/python3.10/site-packages/airflow/example_dags/example_sensors.py for tasks to queue
[2023-08-13T14:56:35.504+0000] {logging_mixin.py:149} INFO - [2023-08-13T14:56:35.504+0000] {dagbag.py:541} INFO - Filling up the DagBag from /home/airflow/.local/lib/python3.10/site-packages/airflow/example_dags/example_sensors.py
[2023-08-13T14:56:35.508+0000] {processor.py:836} INFO - DAG(s) dict_keys(['example_sensors']) retrieved from /home/airflow/.local/lib/python3.10/site-packages/airflow/example_dags/example_sensors.py
[2023-08-13T14:56:35.521+0000] {logging_mixin.py:149} INFO - [2023-08-13T14:56:35.520+0000] {dag.py:2726} INFO - Sync 1 DAGs
[2023-08-13T14:56:35.530+0000] {logging_mixin.py:149} INFO - [2023-08-13T14:56:35.530+0000] {dag.py:3486} INFO - Setting next_dagrun for example_sensors to None, run_after=None
[2023-08-13T14:56:35.537+0000] {processor.py:179} INFO - Processing /home/airflow/.local/lib/python3.10/site-packages/airflow/example_dags/example_sensors.py took 0.035 seconds
[2023-08-13T14:57:05.856+0000] {processor.py:157} INFO - Started process (PID=439) to work on /home/airflow/.local/lib/python3.10/site-packages/airflow/example_dags/example_sensors.py
[2023-08-13T14:57:05.856+0000] {processor.py:826} INFO - Processing file /home/airflow/.local/lib/python3.10/site-packages/airflow/example_dags/example_sensors.py for tasks to queue
[2023-08-13T14:57:05.856+0000] {logging_mixin.py:149} INFO - [2023-08-13T14:57:05.856+0000] {dagbag.py:541} INFO - Filling up the DagBag from /home/airflow/.local/lib/python3.10/site-packages/airflow/example_dags/example_sensors.py
[2023-08-13T14:57:05.861+0000] {processor.py:836} INFO - DAG(s) dict_keys(['example_sensors']) retrieved from /home/airflow/.local/lib/python3.10/site-packages/airflow/example_dags/example_sensors.py
[2023-08-13T14:57:05.873+0000] {logging_mixin.py:149} INFO - [2023-08-13T14:57:05.873+0000] {dag.py:2726} INFO - Sync 1 DAGs
[2023-08-13T14:57:05.883+0000] {logging_mixin.py:149} INFO - [2023-08-13T14:57:05.883+0000] {dag.py:3486} INFO - Setting next_dagrun for example_sensors to None, run_after=None
[2023-08-13T14:57:05.890+0000] {processor.py:179} INFO - Processing /home/airflow/.local/lib/python3.10/site-packages/airflow/example_dags/example_sensors.py took 0.035 seconds
[2023-08-13T14:57:36.171+0000] {processor.py:157} INFO - Started process (PID=516) to work on /home/airflow/.local/lib/python3.10/site-packages/airflow/example_dags/example_sensors.py
[2023-08-13T14:57:36.172+0000] {processor.py:826} INFO - Processing file /home/airflow/.local/lib/python3.10/site-packages/airflow/example_dags/example_sensors.py for tasks to queue
[2023-08-13T14:57:36.172+0000] {logging_mixin.py:149} INFO - [2023-08-13T14:57:36.172+0000] {dagbag.py:541} INFO - Filling up the DagBag from /home/airflow/.local/lib/python3.10/site-packages/airflow/example_dags/example_sensors.py
[2023-08-13T14:57:36.176+0000] {processor.py:836} INFO - DAG(s) dict_keys(['example_sensors']) retrieved from /home/airflow/.local/lib/python3.10/site-packages/airflow/example_dags/example_sensors.py
[2023-08-13T14:57:36.188+0000] {logging_mixin.py:149} INFO - [2023-08-13T14:57:36.188+0000] {dag.py:2726} INFO - Sync 1 DAGs
[2023-08-13T14:57:36.197+0000] {logging_mixin.py:149} INFO - [2023-08-13T14:57:36.197+0000] {dag.py:3486} INFO - Setting next_dagrun for example_sensors to None, run_after=None
[2023-08-13T14:57:36.205+0000] {processor.py:179} INFO - Processing /home/airflow/.local/lib/python3.10/site-packages/airflow/example_dags/example_sensors.py took 0.035 seconds
[2023-08-13T14:58:06.487+0000] {processor.py:157} INFO - Started process (PID=593) to work on /home/airflow/.local/lib/python3.10/site-packages/airflow/example_dags/example_sensors.py
[2023-08-13T14:58:06.488+0000] {processor.py:826} INFO - Processing file /home/airflow/.local/lib/python3.10/site-packages/airflow/example_dags/example_sensors.py for tasks to queue
[2023-08-13T14:58:06.488+0000] {logging_mixin.py:149} INFO - [2023-08-13T14:58:06.488+0000] {dagbag.py:541} INFO - Filling up the DagBag from /home/airflow/.local/lib/python3.10/site-packages/airflow/example_dags/example_sensors.py
[2023-08-13T14:58:06.492+0000] {processor.py:836} INFO - DAG(s) dict_keys(['example_sensors']) retrieved from /home/airflow/.local/lib/python3.10/site-packages/airflow/example_dags/example_sensors.py
[2023-08-13T14:58:06.504+0000] {logging_mixin.py:149} INFO - [2023-08-13T14:58:06.504+0000] {dag.py:2726} INFO - Sync 1 DAGs
[2023-08-13T14:58:06.514+0000] {logging_mixin.py:149} INFO - [2023-08-13T14:58:06.514+0000] {dag.py:3486} INFO - Setting next_dagrun for example_sensors to None, run_after=None
[2023-08-13T14:58:06.521+0000] {processor.py:179} INFO - Processing /home/airflow/.local/lib/python3.10/site-packages/airflow/example_dags/example_sensors.py took 0.035 seconds
[2023-08-13T14:58:36.785+0000] {processor.py:157} INFO - Started process (PID=670) to work on /home/airflow/.local/lib/python3.10/site-packages/airflow/example_dags/example_sensors.py
[2023-08-13T14:58:36.785+0000] {processor.py:826} INFO - Processing file /home/airflow/.local/lib/python3.10/site-packages/airflow/example_dags/example_sensors.py for tasks to queue
[2023-08-13T14:58:36.785+0000] {logging_mixin.py:149} INFO - [2023-08-13T14:58:36.785+0000] {dagbag.py:541} INFO - Filling up the DagBag from /home/airflow/.local/lib/python3.10/site-packages/airflow/example_dags/example_sensors.py
[2023-08-13T14:58:36.789+0000] {processor.py:836} INFO - DAG(s) dict_keys(['example_sensors']) retrieved from /home/airflow/.local/lib/python3.10/site-packages/airflow/example_dags/example_sensors.py
[2023-08-13T14:58:36.802+0000] {logging_mixin.py:149} INFO - [2023-08-13T14:58:36.802+0000] {dag.py:2726} INFO - Sync 1 DAGs
[2023-08-13T14:58:36.811+0000] {logging_mixin.py:149} INFO - [2023-08-13T14:58:36.811+0000] {dag.py:3486} INFO - Setting next_dagrun for example_sensors to None, run_after=None
[2023-08-13T14:58:36.818+0000] {processor.py:179} INFO - Processing /home/airflow/.local/lib/python3.10/site-packages/airflow/example_dags/example_sensors.py took 0.035 seconds
[2023-08-13T14:59:07.067+0000] {processor.py:157} INFO - Started process (PID=747) to work on /home/airflow/.local/lib/python3.10/site-packages/airflow/example_dags/example_sensors.py
[2023-08-13T14:59:07.067+0000] {processor.py:826} INFO - Processing file /home/airflow/.local/lib/python3.10/site-packages/airflow/example_dags/example_sensors.py for tasks to queue
[2023-08-13T14:59:07.067+0000] {logging_mixin.py:149} INFO - [2023-08-13T14:59:07.067+0000] {dagbag.py:541} INFO - Filling up the DagBag from /home/airflow/.local/lib/python3.10/site-packages/airflow/example_dags/example_sensors.py
[2023-08-13T14:59:07.072+0000] {processor.py:836} INFO - DAG(s) dict_keys(['example_sensors']) retrieved from /home/airflow/.local/lib/python3.10/site-packages/airflow/example_dags/example_sensors.py
[2023-08-13T14:59:07.083+0000] {logging_mixin.py:149} INFO - [2023-08-13T14:59:07.083+0000] {dag.py:2726} INFO - Sync 1 DAGs
[2023-08-13T14:59:07.093+0000] {logging_mixin.py:149} INFO - [2023-08-13T14:59:07.093+0000] {dag.py:3486} INFO - Setting next_dagrun for example_sensors to None, run_after=None
[2023-08-13T14:59:07.100+0000] {processor.py:179} INFO - Processing /home/airflow/.local/lib/python3.10/site-packages/airflow/example_dags/example_sensors.py took 0.034 seconds
[2023-08-13T14:59:37.382+0000] {processor.py:157} INFO - Started process (PID=823) to work on /home/airflow/.local/lib/python3.10/site-packages/airflow/example_dags/example_sensors.py
[2023-08-13T14:59:37.382+0000] {processor.py:826} INFO - Processing file /home/airflow/.local/lib/python3.10/site-packages/airflow/example_dags/example_sensors.py for tasks to queue
[2023-08-13T14:59:37.382+0000] {logging_mixin.py:149} INFO - [2023-08-13T14:59:37.382+0000] {dagbag.py:541} INFO - Filling up the DagBag from /home/airflow/.local/lib/python3.10/site-packages/airflow/example_dags/example_sensors.py
[2023-08-13T14:59:37.387+0000] {processor.py:836} INFO - DAG(s) dict_keys(['example_sensors']) retrieved from /home/airflow/.local/lib/python3.10/site-packages/airflow/example_dags/example_sensors.py
[2023-08-13T14:59:37.398+0000] {logging_mixin.py:149} INFO - [2023-08-13T14:59:37.398+0000] {dag.py:2726} INFO - Sync 1 DAGs
[2023-08-13T14:59:37.407+0000] {logging_mixin.py:149} INFO - [2023-08-13T14:59:37.407+0000] {dag.py:3486} INFO - Setting next_dagrun for example_sensors to None, run_after=None
[2023-08-13T14:59:37.414+0000] {processor.py:179} INFO - Processing /home/airflow/.local/lib/python3.10/site-packages/airflow/example_dags/example_sensors.py took 0.034 seconds
[2023-08-13T15:00:07.771+0000] {processor.py:157} INFO - Started process (PID=900) to work on /home/airflow/.local/lib/python3.10/site-packages/airflow/example_dags/example_sensors.py
[2023-08-13T15:00:07.771+0000] {processor.py:826} INFO - Processing file /home/airflow/.local/lib/python3.10/site-packages/airflow/example_dags/example_sensors.py for tasks to queue
[2023-08-13T15:00:07.771+0000] {logging_mixin.py:149} INFO - [2023-08-13T15:00:07.771+0000] {dagbag.py:541} INFO - Filling up the DagBag from /home/airflow/.local/lib/python3.10/site-packages/airflow/example_dags/example_sensors.py
[2023-08-13T15:00:07.776+0000] {processor.py:836} INFO - DAG(s) dict_keys(['example_sensors']) retrieved from /home/airflow/.local/lib/python3.10/site-packages/airflow/example_dags/example_sensors.py
[2023-08-13T15:00:07.788+0000] {logging_mixin.py:149} INFO - [2023-08-13T15:00:07.788+0000] {dag.py:2726} INFO - Sync 1 DAGs
[2023-08-13T15:00:07.798+0000] {logging_mixin.py:149} INFO - [2023-08-13T15:00:07.798+0000] {dag.py:3486} INFO - Setting next_dagrun for example_sensors to None, run_after=None
[2023-08-13T15:00:07.806+0000] {processor.py:179} INFO - Processing /home/airflow/.local/lib/python3.10/site-packages/airflow/example_dags/example_sensors.py took 0.036 seconds
[2023-08-13T15:00:38.156+0000] {processor.py:157} INFO - Started process (PID=976) to work on /home/airflow/.local/lib/python3.10/site-packages/airflow/example_dags/example_sensors.py
[2023-08-13T15:00:38.156+0000] {processor.py:826} INFO - Processing file /home/airflow/.local/lib/python3.10/site-packages/airflow/example_dags/example_sensors.py for tasks to queue
[2023-08-13T15:00:38.156+0000] {logging_mixin.py:149} INFO - [2023-08-13T15:00:38.156+0000] {dagbag.py:541} INFO - Filling up the DagBag from /home/airflow/.local/lib/python3.10/site-packages/airflow/example_dags/example_sensors.py
[2023-08-13T15:00:38.161+0000] {processor.py:836} INFO - DAG(s) dict_keys(['example_sensors']) retrieved from /home/airflow/.local/lib/python3.10/site-packages/airflow/example_dags/example_sensors.py
[2023-08-13T15:00:38.173+0000] {logging_mixin.py:149} INFO - [2023-08-13T15:00:38.173+0000] {dag.py:2726} INFO - Sync 1 DAGs
[2023-08-13T15:00:38.183+0000] {logging_mixin.py:149} INFO - [2023-08-13T15:00:38.183+0000] {dag.py:3486} INFO - Setting next_dagrun for example_sensors to None, run_after=None
[2023-08-13T15:00:38.190+0000] {processor.py:179} INFO - Processing /home/airflow/.local/lib/python3.10/site-packages/airflow/example_dags/example_sensors.py took 0.035 seconds
[2023-08-13T15:01:08.484+0000] {processor.py:157} INFO - Started process (PID=1053) to work on /home/airflow/.local/lib/python3.10/site-packages/airflow/example_dags/example_sensors.py
[2023-08-13T15:01:08.484+0000] {processor.py:826} INFO - Processing file /home/airflow/.local/lib/python3.10/site-packages/airflow/example_dags/example_sensors.py for tasks to queue
[2023-08-13T15:01:08.484+0000] {logging_mixin.py:149} INFO - [2023-08-13T15:01:08.484+0000] {dagbag.py:541} INFO - Filling up the DagBag from /home/airflow/.local/lib/python3.10/site-packages/airflow/example_dags/example_sensors.py
[2023-08-13T15:01:08.488+0000] {processor.py:836} INFO - DAG(s) dict_keys(['example_sensors']) retrieved from /home/airflow/.local/lib/python3.10/site-packages/airflow/example_dags/example_sensors.py
[2023-08-13T15:01:08.500+0000] {logging_mixin.py:149} INFO - [2023-08-13T15:01:08.500+0000] {dag.py:2726} INFO - Sync 1 DAGs
[2023-08-13T15:01:08.510+0000] {logging_mixin.py:149} INFO - [2023-08-13T15:01:08.510+0000] {dag.py:3486} INFO - Setting next_dagrun for example_sensors to None, run_after=None
[2023-08-13T15:01:08.517+0000] {processor.py:179} INFO - Processing /home/airflow/.local/lib/python3.10/site-packages/airflow/example_dags/example_sensors.py took 0.035 seconds
[2023-08-13T15:01:38.775+0000] {processor.py:157} INFO - Started process (PID=1130) to work on /home/airflow/.local/lib/python3.10/site-packages/airflow/example_dags/example_sensors.py
[2023-08-13T15:01:38.775+0000] {processor.py:826} INFO - Processing file /home/airflow/.local/lib/python3.10/site-packages/airflow/example_dags/example_sensors.py for tasks to queue
[2023-08-13T15:01:38.775+0000] {logging_mixin.py:149} INFO - [2023-08-13T15:01:38.775+0000] {dagbag.py:541} INFO - Filling up the DagBag from /home/airflow/.local/lib/python3.10/site-packages/airflow/example_dags/example_sensors.py
[2023-08-13T15:01:38.780+0000] {processor.py:836} INFO - DAG(s) dict_keys(['example_sensors']) retrieved from /home/airflow/.local/lib/python3.10/site-packages/airflow/example_dags/example_sensors.py
[2023-08-13T15:01:38.791+0000] {logging_mixin.py:149} INFO - [2023-08-13T15:01:38.791+0000] {dag.py:2726} INFO - Sync 1 DAGs
[2023-08-13T15:01:38.800+0000] {logging_mixin.py:149} INFO - [2023-08-13T15:01:38.800+0000] {dag.py:3486} INFO - Setting next_dagrun for example_sensors to None, run_after=None
[2023-08-13T15:01:38.808+0000] {processor.py:179} INFO - Processing /home/airflow/.local/lib/python3.10/site-packages/airflow/example_dags/example_sensors.py took 0.034 seconds
[2023-08-13T15:02:09.095+0000] {processor.py:157} INFO - Started process (PID=1207) to work on /home/airflow/.local/lib/python3.10/site-packages/airflow/example_dags/example_sensors.py
[2023-08-13T15:02:09.095+0000] {processor.py:826} INFO - Processing file /home/airflow/.local/lib/python3.10/site-packages/airflow/example_dags/example_sensors.py for tasks to queue
[2023-08-13T15:02:09.096+0000] {logging_mixin.py:149} INFO - [2023-08-13T15:02:09.095+0000] {dagbag.py:541} INFO - Filling up the DagBag from /home/airflow/.local/lib/python3.10/site-packages/airflow/example_dags/example_sensors.py
[2023-08-13T15:02:09.100+0000] {processor.py:836} INFO - DAG(s) dict_keys(['example_sensors']) retrieved from /home/airflow/.local/lib/python3.10/site-packages/airflow/example_dags/example_sensors.py
[2023-08-13T15:02:09.112+0000] {logging_mixin.py:149} INFO - [2023-08-13T15:02:09.112+0000] {dag.py:2726} INFO - Sync 1 DAGs
[2023-08-13T15:02:09.121+0000] {logging_mixin.py:149} INFO - [2023-08-13T15:02:09.121+0000] {dag.py:3486} INFO - Setting next_dagrun for example_sensors to None, run_after=None
[2023-08-13T15:02:09.128+0000] {processor.py:179} INFO - Processing /home/airflow/.local/lib/python3.10/site-packages/airflow/example_dags/example_sensors.py took 0.034 seconds
[2023-08-13T15:02:39.513+0000] {processor.py:157} INFO - Started process (PID=1284) to work on /home/airflow/.local/lib/python3.10/site-packages/airflow/example_dags/example_sensors.py
[2023-08-13T15:02:39.514+0000] {processor.py:826} INFO - Processing file /home/airflow/.local/lib/python3.10/site-packages/airflow/example_dags/example_sensors.py for tasks to queue
[2023-08-13T15:02:39.514+0000] {logging_mixin.py:149} INFO - [2023-08-13T15:02:39.514+0000] {dagbag.py:541} INFO - Filling up the DagBag from /home/airflow/.local/lib/python3.10/site-packages/airflow/example_dags/example_sensors.py
[2023-08-13T15:02:39.518+0000] {processor.py:836} INFO - DAG(s) dict_keys(['example_sensors']) retrieved from /home/airflow/.local/lib/python3.10/site-packages/airflow/example_dags/example_sensors.py
[2023-08-13T15:02:39.531+0000] {logging_mixin.py:149} INFO - [2023-08-13T15:02:39.531+0000] {dag.py:2726} INFO - Sync 1 DAGs
[2023-08-13T15:02:39.542+0000] {logging_mixin.py:149} INFO - [2023-08-13T15:02:39.541+0000] {dag.py:3486} INFO - Setting next_dagrun for example_sensors to None, run_after=None
[2023-08-13T15:02:39.549+0000] {processor.py:179} INFO - Processing /home/airflow/.local/lib/python3.10/site-packages/airflow/example_dags/example_sensors.py took 0.036 seconds
[2023-08-13T15:03:09.788+0000] {processor.py:157} INFO - Started process (PID=1361) to work on /home/airflow/.local/lib/python3.10/site-packages/airflow/example_dags/example_sensors.py
[2023-08-13T15:03:09.789+0000] {processor.py:826} INFO - Processing file /home/airflow/.local/lib/python3.10/site-packages/airflow/example_dags/example_sensors.py for tasks to queue
[2023-08-13T15:03:09.789+0000] {logging_mixin.py:149} INFO - [2023-08-13T15:03:09.789+0000] {dagbag.py:541} INFO - Filling up the DagBag from /home/airflow/.local/lib/python3.10/site-packages/airflow/example_dags/example_sensors.py
[2023-08-13T15:03:09.793+0000] {processor.py:836} INFO - DAG(s) dict_keys(['example_sensors']) retrieved from /home/airflow/.local/lib/python3.10/site-packages/airflow/example_dags/example_sensors.py
[2023-08-13T15:03:09.805+0000] {logging_mixin.py:149} INFO - [2023-08-13T15:03:09.805+0000] {dag.py:2726} INFO - Sync 1 DAGs
[2023-08-13T15:03:09.815+0000] {logging_mixin.py:149} INFO - [2023-08-13T15:03:09.814+0000] {dag.py:3486} INFO - Setting next_dagrun for example_sensors to None, run_after=None
[2023-08-13T15:03:09.822+0000] {processor.py:179} INFO - Processing /home/airflow/.local/lib/python3.10/site-packages/airflow/example_dags/example_sensors.py took 0.035 seconds
[2023-08-13T15:03:40.048+0000] {processor.py:157} INFO - Started process (PID=1438) to work on /home/airflow/.local/lib/python3.10/site-packages/airflow/example_dags/example_sensors.py
[2023-08-13T15:03:40.049+0000] {processor.py:826} INFO - Processing file /home/airflow/.local/lib/python3.10/site-packages/airflow/example_dags/example_sensors.py for tasks to queue
[2023-08-13T15:03:40.049+0000] {logging_mixin.py:149} INFO - [2023-08-13T15:03:40.049+0000] {dagbag.py:541} INFO - Filling up the DagBag from /home/airflow/.local/lib/python3.10/site-packages/airflow/example_dags/example_sensors.py
[2023-08-13T15:03:40.053+0000] {processor.py:836} INFO - DAG(s) dict_keys(['example_sensors']) retrieved from /home/airflow/.local/lib/python3.10/site-packages/airflow/example_dags/example_sensors.py
[2023-08-13T15:03:40.065+0000] {logging_mixin.py:149} INFO - [2023-08-13T15:03:40.065+0000] {dag.py:2726} INFO - Sync 1 DAGs
[2023-08-13T15:03:40.074+0000] {logging_mixin.py:149} INFO - [2023-08-13T15:03:40.074+0000] {dag.py:3486} INFO - Setting next_dagrun for example_sensors to None, run_after=None
[2023-08-13T15:03:40.081+0000] {processor.py:179} INFO - Processing /home/airflow/.local/lib/python3.10/site-packages/airflow/example_dags/example_sensors.py took 0.034 seconds
[2023-08-13T15:04:10.343+0000] {processor.py:157} INFO - Started process (PID=1515) to work on /home/airflow/.local/lib/python3.10/site-packages/airflow/example_dags/example_sensors.py
[2023-08-13T15:04:10.344+0000] {processor.py:826} INFO - Processing file /home/airflow/.local/lib/python3.10/site-packages/airflow/example_dags/example_sensors.py for tasks to queue
[2023-08-13T15:04:10.344+0000] {logging_mixin.py:149} INFO - [2023-08-13T15:04:10.344+0000] {dagbag.py:541} INFO - Filling up the DagBag from /home/airflow/.local/lib/python3.10/site-packages/airflow/example_dags/example_sensors.py
[2023-08-13T15:04:10.348+0000] {processor.py:836} INFO - DAG(s) dict_keys(['example_sensors']) retrieved from /home/airflow/.local/lib/python3.10/site-packages/airflow/example_dags/example_sensors.py
[2023-08-13T15:04:10.360+0000] {logging_mixin.py:149} INFO - [2023-08-13T15:04:10.360+0000] {dag.py:2726} INFO - Sync 1 DAGs
[2023-08-13T15:04:10.369+0000] {logging_mixin.py:149} INFO - [2023-08-13T15:04:10.369+0000] {dag.py:3486} INFO - Setting next_dagrun for example_sensors to None, run_after=None
[2023-08-13T15:04:10.376+0000] {processor.py:179} INFO - Processing /home/airflow/.local/lib/python3.10/site-packages/airflow/example_dags/example_sensors.py took 0.034 seconds
[2023-08-13T15:04:40.617+0000] {processor.py:157} INFO - Started process (PID=1592) to work on /home/airflow/.local/lib/python3.10/site-packages/airflow/example_dags/example_sensors.py
[2023-08-13T15:04:40.618+0000] {processor.py:826} INFO - Processing file /home/airflow/.local/lib/python3.10/site-packages/airflow/example_dags/example_sensors.py for tasks to queue
[2023-08-13T15:04:40.618+0000] {logging_mixin.py:149} INFO - [2023-08-13T15:04:40.618+0000] {dagbag.py:541} INFO - Filling up the DagBag from /home/airflow/.local/lib/python3.10/site-packages/airflow/example_dags/example_sensors.py
[2023-08-13T15:04:40.622+0000] {processor.py:836} INFO - DAG(s) dict_keys(['example_sensors']) retrieved from /home/airflow/.local/lib/python3.10/site-packages/airflow/example_dags/example_sensors.py
[2023-08-13T15:04:40.633+0000] {logging_mixin.py:149} INFO - [2023-08-13T15:04:40.633+0000] {dag.py:2726} INFO - Sync 1 DAGs
[2023-08-13T15:04:40.643+0000] {logging_mixin.py:149} INFO - [2023-08-13T15:04:40.643+0000] {dag.py:3486} INFO - Setting next_dagrun for example_sensors to None, run_after=None
[2023-08-13T15:04:40.650+0000] {processor.py:179} INFO - Processing /home/airflow/.local/lib/python3.10/site-packages/airflow/example_dags/example_sensors.py took 0.034 seconds
[2023-08-13T15:05:10.878+0000] {processor.py:157} INFO - Started process (PID=1669) to work on /home/airflow/.local/lib/python3.10/site-packages/airflow/example_dags/example_sensors.py
[2023-08-13T15:05:10.879+0000] {processor.py:826} INFO - Processing file /home/airflow/.local/lib/python3.10/site-packages/airflow/example_dags/example_sensors.py for tasks to queue
[2023-08-13T15:05:10.879+0000] {logging_mixin.py:149} INFO - [2023-08-13T15:05:10.879+0000] {dagbag.py:541} INFO - Filling up the DagBag from /home/airflow/.local/lib/python3.10/site-packages/airflow/example_dags/example_sensors.py
[2023-08-13T15:05:10.883+0000] {processor.py:836} INFO - DAG(s) dict_keys(['example_sensors']) retrieved from /home/airflow/.local/lib/python3.10/site-packages/airflow/example_dags/example_sensors.py
[2023-08-13T15:05:10.895+0000] {logging_mixin.py:149} INFO - [2023-08-13T15:05:10.895+0000] {dag.py:2726} INFO - Sync 1 DAGs
[2023-08-13T15:05:10.904+0000] {logging_mixin.py:149} INFO - [2023-08-13T15:05:10.904+0000] {dag.py:3486} INFO - Setting next_dagrun for example_sensors to None, run_after=None
[2023-08-13T15:05:10.911+0000] {processor.py:179} INFO - Processing /home/airflow/.local/lib/python3.10/site-packages/airflow/example_dags/example_sensors.py took 0.034 seconds
[2023-08-13T15:05:41.154+0000] {processor.py:157} INFO - Started process (PID=1746) to work on /home/airflow/.local/lib/python3.10/site-packages/airflow/example_dags/example_sensors.py
[2023-08-13T15:05:41.154+0000] {processor.py:826} INFO - Processing file /home/airflow/.local/lib/python3.10/site-packages/airflow/example_dags/example_sensors.py for tasks to queue
[2023-08-13T15:05:41.155+0000] {logging_mixin.py:149} INFO - [2023-08-13T15:05:41.154+0000] {dagbag.py:541} INFO - Filling up the DagBag from /home/airflow/.local/lib/python3.10/site-packages/airflow/example_dags/example_sensors.py
[2023-08-13T15:05:41.159+0000] {processor.py:836} INFO - DAG(s) dict_keys(['example_sensors']) retrieved from /home/airflow/.local/lib/python3.10/site-packages/airflow/example_dags/example_sensors.py
[2023-08-13T15:05:41.171+0000] {logging_mixin.py:149} INFO - [2023-08-13T15:05:41.171+0000] {dag.py:2726} INFO - Sync 1 DAGs
[2023-08-13T15:05:41.181+0000] {logging_mixin.py:149} INFO - [2023-08-13T15:05:41.181+0000] {dag.py:3486} INFO - Setting next_dagrun for example_sensors to None, run_after=None
[2023-08-13T15:05:41.188+0000] {processor.py:179} INFO - Processing /home/airflow/.local/lib/python3.10/site-packages/airflow/example_dags/example_sensors.py took 0.035 seconds
[2023-08-13T15:06:11.573+0000] {processor.py:157} INFO - Started process (PID=1823) to work on /home/airflow/.local/lib/python3.10/site-packages/airflow/example_dags/example_sensors.py
[2023-08-13T15:06:11.573+0000] {processor.py:826} INFO - Processing file /home/airflow/.local/lib/python3.10/site-packages/airflow/example_dags/example_sensors.py for tasks to queue
[2023-08-13T15:06:11.573+0000] {logging_mixin.py:149} INFO - [2023-08-13T15:06:11.573+0000] {dagbag.py:541} INFO - Filling up the DagBag from /home/airflow/.local/lib/python3.10/site-packages/airflow/example_dags/example_sensors.py
[2023-08-13T15:06:11.577+0000] {processor.py:836} INFO - DAG(s) dict_keys(['example_sensors']) retrieved from /home/airflow/.local/lib/python3.10/site-packages/airflow/example_dags/example_sensors.py
[2023-08-13T15:06:11.589+0000] {logging_mixin.py:149} INFO - [2023-08-13T15:06:11.589+0000] {dag.py:2726} INFO - Sync 1 DAGs
[2023-08-13T15:06:11.599+0000] {logging_mixin.py:149} INFO - [2023-08-13T15:06:11.599+0000] {dag.py:3486} INFO - Setting next_dagrun for example_sensors to None, run_after=None
[2023-08-13T15:06:11.606+0000] {processor.py:179} INFO - Processing /home/airflow/.local/lib/python3.10/site-packages/airflow/example_dags/example_sensors.py took 0.035 seconds
[2023-08-13T15:06:41.926+0000] {processor.py:157} INFO - Started process (PID=1900) to work on /home/airflow/.local/lib/python3.10/site-packages/airflow/example_dags/example_sensors.py
[2023-08-13T15:06:41.926+0000] {processor.py:826} INFO - Processing file /home/airflow/.local/lib/python3.10/site-packages/airflow/example_dags/example_sensors.py for tasks to queue
[2023-08-13T15:06:41.927+0000] {logging_mixin.py:149} INFO - [2023-08-13T15:06:41.927+0000] {dagbag.py:541} INFO - Filling up the DagBag from /home/airflow/.local/lib/python3.10/site-packages/airflow/example_dags/example_sensors.py
[2023-08-13T15:06:41.931+0000] {processor.py:836} INFO - DAG(s) dict_keys(['example_sensors']) retrieved from /home/airflow/.local/lib/python3.10/site-packages/airflow/example_dags/example_sensors.py
[2023-08-13T15:06:41.943+0000] {logging_mixin.py:149} INFO - [2023-08-13T15:06:41.943+0000] {dag.py:2726} INFO - Sync 1 DAGs
[2023-08-13T15:06:41.953+0000] {logging_mixin.py:149} INFO - [2023-08-13T15:06:41.953+0000] {dag.py:3486} INFO - Setting next_dagrun for example_sensors to None, run_after=None
[2023-08-13T15:06:41.960+0000] {processor.py:179} INFO - Processing /home/airflow/.local/lib/python3.10/site-packages/airflow/example_dags/example_sensors.py took 0.036 seconds
[2023-08-13T15:07:12.390+0000] {processor.py:157} INFO - Started process (PID=1976) to work on /home/airflow/.local/lib/python3.10/site-packages/airflow/example_dags/example_sensors.py
[2023-08-13T15:07:12.391+0000] {processor.py:826} INFO - Processing file /home/airflow/.local/lib/python3.10/site-packages/airflow/example_dags/example_sensors.py for tasks to queue
[2023-08-13T15:07:12.391+0000] {logging_mixin.py:149} INFO - [2023-08-13T15:07:12.391+0000] {dagbag.py:541} INFO - Filling up the DagBag from /home/airflow/.local/lib/python3.10/site-packages/airflow/example_dags/example_sensors.py
[2023-08-13T15:07:12.395+0000] {processor.py:836} INFO - DAG(s) dict_keys(['example_sensors']) retrieved from /home/airflow/.local/lib/python3.10/site-packages/airflow/example_dags/example_sensors.py
[2023-08-13T15:07:12.407+0000] {logging_mixin.py:149} INFO - [2023-08-13T15:07:12.407+0000] {dag.py:2726} INFO - Sync 1 DAGs
[2023-08-13T15:07:12.418+0000] {logging_mixin.py:149} INFO - [2023-08-13T15:07:12.418+0000] {dag.py:3486} INFO - Setting next_dagrun for example_sensors to None, run_after=None
[2023-08-13T15:07:12.425+0000] {processor.py:179} INFO - Processing /home/airflow/.local/lib/python3.10/site-packages/airflow/example_dags/example_sensors.py took 0.036 seconds
[2023-08-13T15:07:42.839+0000] {processor.py:157} INFO - Started process (PID=2053) to work on /home/airflow/.local/lib/python3.10/site-packages/airflow/example_dags/example_sensors.py
[2023-08-13T15:07:42.840+0000] {processor.py:826} INFO - Processing file /home/airflow/.local/lib/python3.10/site-packages/airflow/example_dags/example_sensors.py for tasks to queue
[2023-08-13T15:07:42.840+0000] {logging_mixin.py:149} INFO - [2023-08-13T15:07:42.840+0000] {dagbag.py:541} INFO - Filling up the DagBag from /home/airflow/.local/lib/python3.10/site-packages/airflow/example_dags/example_sensors.py
[2023-08-13T15:07:42.844+0000] {processor.py:836} INFO - DAG(s) dict_keys(['example_sensors']) retrieved from /home/airflow/.local/lib/python3.10/site-packages/airflow/example_dags/example_sensors.py
[2023-08-13T15:07:42.856+0000] {logging_mixin.py:149} INFO - [2023-08-13T15:07:42.856+0000] {dag.py:2726} INFO - Sync 1 DAGs
[2023-08-13T15:07:42.866+0000] {logging_mixin.py:149} INFO - [2023-08-13T15:07:42.866+0000] {dag.py:3486} INFO - Setting next_dagrun for example_sensors to None, run_after=None
[2023-08-13T15:07:42.873+0000] {processor.py:179} INFO - Processing /home/airflow/.local/lib/python3.10/site-packages/airflow/example_dags/example_sensors.py took 0.035 seconds
[2023-08-13T15:08:13.353+0000] {processor.py:157} INFO - Started process (PID=2130) to work on /home/airflow/.local/lib/python3.10/site-packages/airflow/example_dags/example_sensors.py
[2023-08-13T15:08:13.354+0000] {processor.py:826} INFO - Processing file /home/airflow/.local/lib/python3.10/site-packages/airflow/example_dags/example_sensors.py for tasks to queue
[2023-08-13T15:08:13.354+0000] {logging_mixin.py:149} INFO - [2023-08-13T15:08:13.354+0000] {dagbag.py:541} INFO - Filling up the DagBag from /home/airflow/.local/lib/python3.10/site-packages/airflow/example_dags/example_sensors.py
[2023-08-13T15:08:13.358+0000] {processor.py:836} INFO - DAG(s) dict_keys(['example_sensors']) retrieved from /home/airflow/.local/lib/python3.10/site-packages/airflow/example_dags/example_sensors.py
[2023-08-13T15:08:13.370+0000] {logging_mixin.py:149} INFO - [2023-08-13T15:08:13.370+0000] {dag.py:2726} INFO - Sync 1 DAGs
[2023-08-13T15:08:13.380+0000] {logging_mixin.py:149} INFO - [2023-08-13T15:08:13.380+0000] {dag.py:3486} INFO - Setting next_dagrun for example_sensors to None, run_after=None
[2023-08-13T15:08:13.387+0000] {processor.py:179} INFO - Processing /home/airflow/.local/lib/python3.10/site-packages/airflow/example_dags/example_sensors.py took 0.035 seconds
[2023-08-13T15:08:43.689+0000] {processor.py:157} INFO - Started process (PID=2207) to work on /home/airflow/.local/lib/python3.10/site-packages/airflow/example_dags/example_sensors.py
[2023-08-13T15:08:43.690+0000] {processor.py:826} INFO - Processing file /home/airflow/.local/lib/python3.10/site-packages/airflow/example_dags/example_sensors.py for tasks to queue
[2023-08-13T15:08:43.690+0000] {logging_mixin.py:149} INFO - [2023-08-13T15:08:43.690+0000] {dagbag.py:541} INFO - Filling up the DagBag from /home/airflow/.local/lib/python3.10/site-packages/airflow/example_dags/example_sensors.py
[2023-08-13T15:08:43.694+0000] {processor.py:836} INFO - DAG(s) dict_keys(['example_sensors']) retrieved from /home/airflow/.local/lib/python3.10/site-packages/airflow/example_dags/example_sensors.py
[2023-08-13T15:08:43.706+0000] {logging_mixin.py:149} INFO - [2023-08-13T15:08:43.706+0000] {dag.py:2726} INFO - Sync 1 DAGs
[2023-08-13T15:08:43.716+0000] {logging_mixin.py:149} INFO - [2023-08-13T15:08:43.715+0000] {dag.py:3486} INFO - Setting next_dagrun for example_sensors to None, run_after=None
[2023-08-13T15:08:43.722+0000] {processor.py:179} INFO - Processing /home/airflow/.local/lib/python3.10/site-packages/airflow/example_dags/example_sensors.py took 0.034 seconds
[2023-08-13T15:12:53.796+0000] {processor.py:157} INFO - Started process (PID=51) to work on /home/airflow/.local/lib/python3.10/site-packages/airflow/example_dags/example_sensors.py
[2023-08-13T15:12:53.797+0000] {processor.py:826} INFO - Processing file /home/airflow/.local/lib/python3.10/site-packages/airflow/example_dags/example_sensors.py for tasks to queue
[2023-08-13T15:12:53.797+0000] {logging_mixin.py:149} INFO - [2023-08-13T15:12:53.797+0000] {dagbag.py:541} INFO - Filling up the DagBag from /home/airflow/.local/lib/python3.10/site-packages/airflow/example_dags/example_sensors.py
[2023-08-13T15:12:53.804+0000] {processor.py:836} INFO - DAG(s) dict_keys(['example_sensors']) retrieved from /home/airflow/.local/lib/python3.10/site-packages/airflow/example_dags/example_sensors.py
[2023-08-13T15:12:53.809+0000] {logging_mixin.py:149} INFO - [2023-08-13T15:12:53.809+0000] {dag.py:2726} INFO - Sync 1 DAGs
[2023-08-13T15:12:53.819+0000] {logging_mixin.py:149} INFO - [2023-08-13T15:12:53.819+0000] {dag.py:3486} INFO - Setting next_dagrun for example_sensors to None, run_after=None
[2023-08-13T15:12:53.827+0000] {processor.py:179} INFO - Processing /home/airflow/.local/lib/python3.10/site-packages/airflow/example_dags/example_sensors.py took 0.032 seconds
[2023-08-13T15:13:23.954+0000] {processor.py:157} INFO - Started process (PID=128) to work on /home/airflow/.local/lib/python3.10/site-packages/airflow/example_dags/example_sensors.py
[2023-08-13T15:13:23.954+0000] {processor.py:826} INFO - Processing file /home/airflow/.local/lib/python3.10/site-packages/airflow/example_dags/example_sensors.py for tasks to queue
[2023-08-13T15:13:23.955+0000] {logging_mixin.py:149} INFO - [2023-08-13T15:13:23.955+0000] {dagbag.py:541} INFO - Filling up the DagBag from /home/airflow/.local/lib/python3.10/site-packages/airflow/example_dags/example_sensors.py
[2023-08-13T15:13:23.959+0000] {processor.py:836} INFO - DAG(s) dict_keys(['example_sensors']) retrieved from /home/airflow/.local/lib/python3.10/site-packages/airflow/example_dags/example_sensors.py
[2023-08-13T15:13:23.971+0000] {logging_mixin.py:149} INFO - [2023-08-13T15:13:23.971+0000] {dag.py:2726} INFO - Sync 1 DAGs
[2023-08-13T15:13:23.980+0000] {logging_mixin.py:149} INFO - [2023-08-13T15:13:23.980+0000] {dag.py:3486} INFO - Setting next_dagrun for example_sensors to None, run_after=None
[2023-08-13T15:13:23.987+0000] {processor.py:179} INFO - Processing /home/airflow/.local/lib/python3.10/site-packages/airflow/example_dags/example_sensors.py took 0.034 seconds
[2023-08-13T15:13:54.342+0000] {processor.py:157} INFO - Started process (PID=205) to work on /home/airflow/.local/lib/python3.10/site-packages/airflow/example_dags/example_sensors.py
[2023-08-13T15:13:54.343+0000] {processor.py:826} INFO - Processing file /home/airflow/.local/lib/python3.10/site-packages/airflow/example_dags/example_sensors.py for tasks to queue
[2023-08-13T15:13:54.343+0000] {logging_mixin.py:149} INFO - [2023-08-13T15:13:54.343+0000] {dagbag.py:541} INFO - Filling up the DagBag from /home/airflow/.local/lib/python3.10/site-packages/airflow/example_dags/example_sensors.py
[2023-08-13T15:13:54.347+0000] {processor.py:836} INFO - DAG(s) dict_keys(['example_sensors']) retrieved from /home/airflow/.local/lib/python3.10/site-packages/airflow/example_dags/example_sensors.py
[2023-08-13T15:13:54.359+0000] {logging_mixin.py:149} INFO - [2023-08-13T15:13:54.359+0000] {dag.py:2726} INFO - Sync 1 DAGs
[2023-08-13T15:13:54.369+0000] {logging_mixin.py:149} INFO - [2023-08-13T15:13:54.368+0000] {dag.py:3486} INFO - Setting next_dagrun for example_sensors to None, run_after=None
[2023-08-13T15:13:54.375+0000] {processor.py:179} INFO - Processing /home/airflow/.local/lib/python3.10/site-packages/airflow/example_dags/example_sensors.py took 0.034 seconds
[2023-08-13T15:14:24.851+0000] {processor.py:157} INFO - Started process (PID=286) to work on /home/airflow/.local/lib/python3.10/site-packages/airflow/example_dags/example_sensors.py
[2023-08-13T15:14:24.852+0000] {processor.py:826} INFO - Processing file /home/airflow/.local/lib/python3.10/site-packages/airflow/example_dags/example_sensors.py for tasks to queue
[2023-08-13T15:14:24.852+0000] {logging_mixin.py:149} INFO - [2023-08-13T15:14:24.852+0000] {dagbag.py:541} INFO - Filling up the DagBag from /home/airflow/.local/lib/python3.10/site-packages/airflow/example_dags/example_sensors.py
[2023-08-13T15:14:24.856+0000] {processor.py:836} INFO - DAG(s) dict_keys(['example_sensors']) retrieved from /home/airflow/.local/lib/python3.10/site-packages/airflow/example_dags/example_sensors.py
[2023-08-13T15:14:24.869+0000] {logging_mixin.py:149} INFO - [2023-08-13T15:14:24.869+0000] {dag.py:2726} INFO - Sync 1 DAGs
[2023-08-13T15:14:24.880+0000] {logging_mixin.py:149} INFO - [2023-08-13T15:14:24.880+0000] {dag.py:3486} INFO - Setting next_dagrun for example_sensors to None, run_after=None
[2023-08-13T15:14:24.893+0000] {processor.py:179} INFO - Processing /home/airflow/.local/lib/python3.10/site-packages/airflow/example_dags/example_sensors.py took 0.043 seconds
[2023-08-13T15:14:55.165+0000] {processor.py:157} INFO - Started process (PID=363) to work on /home/airflow/.local/lib/python3.10/site-packages/airflow/example_dags/example_sensors.py
[2023-08-13T15:14:55.165+0000] {processor.py:826} INFO - Processing file /home/airflow/.local/lib/python3.10/site-packages/airflow/example_dags/example_sensors.py for tasks to queue
[2023-08-13T15:14:55.166+0000] {logging_mixin.py:149} INFO - [2023-08-13T15:14:55.166+0000] {dagbag.py:541} INFO - Filling up the DagBag from /home/airflow/.local/lib/python3.10/site-packages/airflow/example_dags/example_sensors.py
[2023-08-13T15:14:55.170+0000] {processor.py:836} INFO - DAG(s) dict_keys(['example_sensors']) retrieved from /home/airflow/.local/lib/python3.10/site-packages/airflow/example_dags/example_sensors.py
[2023-08-13T15:14:55.182+0000] {logging_mixin.py:149} INFO - [2023-08-13T15:14:55.182+0000] {dag.py:2726} INFO - Sync 1 DAGs
[2023-08-13T15:14:55.191+0000] {logging_mixin.py:149} INFO - [2023-08-13T15:14:55.191+0000] {dag.py:3486} INFO - Setting next_dagrun for example_sensors to None, run_after=None
[2023-08-13T15:14:55.199+0000] {processor.py:179} INFO - Processing /home/airflow/.local/lib/python3.10/site-packages/airflow/example_dags/example_sensors.py took 0.035 seconds
[2023-08-13T15:15:25.588+0000] {processor.py:157} INFO - Started process (PID=440) to work on /home/airflow/.local/lib/python3.10/site-packages/airflow/example_dags/example_sensors.py
[2023-08-13T15:15:25.588+0000] {processor.py:826} INFO - Processing file /home/airflow/.local/lib/python3.10/site-packages/airflow/example_dags/example_sensors.py for tasks to queue
[2023-08-13T15:15:25.588+0000] {logging_mixin.py:149} INFO - [2023-08-13T15:15:25.588+0000] {dagbag.py:541} INFO - Filling up the DagBag from /home/airflow/.local/lib/python3.10/site-packages/airflow/example_dags/example_sensors.py
[2023-08-13T15:15:25.593+0000] {processor.py:836} INFO - DAG(s) dict_keys(['example_sensors']) retrieved from /home/airflow/.local/lib/python3.10/site-packages/airflow/example_dags/example_sensors.py
[2023-08-13T15:15:25.605+0000] {logging_mixin.py:149} INFO - [2023-08-13T15:15:25.605+0000] {dag.py:2726} INFO - Sync 1 DAGs
[2023-08-13T15:15:25.615+0000] {logging_mixin.py:149} INFO - [2023-08-13T15:15:25.615+0000] {dag.py:3486} INFO - Setting next_dagrun for example_sensors to None, run_after=None
[2023-08-13T15:15:25.622+0000] {processor.py:179} INFO - Processing /home/airflow/.local/lib/python3.10/site-packages/airflow/example_dags/example_sensors.py took 0.035 seconds
[2023-08-13T15:15:56.001+0000] {processor.py:157} INFO - Started process (PID=517) to work on /home/airflow/.local/lib/python3.10/site-packages/airflow/example_dags/example_sensors.py
[2023-08-13T15:15:56.001+0000] {processor.py:826} INFO - Processing file /home/airflow/.local/lib/python3.10/site-packages/airflow/example_dags/example_sensors.py for tasks to queue
[2023-08-13T15:15:56.002+0000] {logging_mixin.py:149} INFO - [2023-08-13T15:15:56.002+0000] {dagbag.py:541} INFO - Filling up the DagBag from /home/airflow/.local/lib/python3.10/site-packages/airflow/example_dags/example_sensors.py
[2023-08-13T15:15:56.006+0000] {processor.py:836} INFO - DAG(s) dict_keys(['example_sensors']) retrieved from /home/airflow/.local/lib/python3.10/site-packages/airflow/example_dags/example_sensors.py
[2023-08-13T15:15:56.018+0000] {logging_mixin.py:149} INFO - [2023-08-13T15:15:56.018+0000] {dag.py:2726} INFO - Sync 1 DAGs
[2023-08-13T15:15:56.027+0000] {logging_mixin.py:149} INFO - [2023-08-13T15:15:56.027+0000] {dag.py:3486} INFO - Setting next_dagrun for example_sensors to None, run_after=None
[2023-08-13T15:15:56.034+0000] {processor.py:179} INFO - Processing /home/airflow/.local/lib/python3.10/site-packages/airflow/example_dags/example_sensors.py took 0.034 seconds
[2023-08-13T15:16:26.342+0000] {processor.py:157} INFO - Started process (PID=594) to work on /home/airflow/.local/lib/python3.10/site-packages/airflow/example_dags/example_sensors.py
[2023-08-13T15:16:26.343+0000] {processor.py:826} INFO - Processing file /home/airflow/.local/lib/python3.10/site-packages/airflow/example_dags/example_sensors.py for tasks to queue
[2023-08-13T15:16:26.343+0000] {logging_mixin.py:149} INFO - [2023-08-13T15:16:26.343+0000] {dagbag.py:541} INFO - Filling up the DagBag from /home/airflow/.local/lib/python3.10/site-packages/airflow/example_dags/example_sensors.py
[2023-08-13T15:16:26.347+0000] {processor.py:836} INFO - DAG(s) dict_keys(['example_sensors']) retrieved from /home/airflow/.local/lib/python3.10/site-packages/airflow/example_dags/example_sensors.py
[2023-08-13T15:16:26.360+0000] {logging_mixin.py:149} INFO - [2023-08-13T15:16:26.360+0000] {dag.py:2726} INFO - Sync 1 DAGs
[2023-08-13T15:16:26.370+0000] {logging_mixin.py:149} INFO - [2023-08-13T15:16:26.370+0000] {dag.py:3486} INFO - Setting next_dagrun for example_sensors to None, run_after=None
[2023-08-13T15:16:26.377+0000] {processor.py:179} INFO - Processing /home/airflow/.local/lib/python3.10/site-packages/airflow/example_dags/example_sensors.py took 0.036 seconds
[2023-08-13T15:16:56.731+0000] {processor.py:157} INFO - Started process (PID=670) to work on /home/airflow/.local/lib/python3.10/site-packages/airflow/example_dags/example_sensors.py
[2023-08-13T15:16:56.731+0000] {processor.py:826} INFO - Processing file /home/airflow/.local/lib/python3.10/site-packages/airflow/example_dags/example_sensors.py for tasks to queue
[2023-08-13T15:16:56.732+0000] {logging_mixin.py:149} INFO - [2023-08-13T15:16:56.732+0000] {dagbag.py:541} INFO - Filling up the DagBag from /home/airflow/.local/lib/python3.10/site-packages/airflow/example_dags/example_sensors.py
[2023-08-13T15:16:56.736+0000] {processor.py:836} INFO - DAG(s) dict_keys(['example_sensors']) retrieved from /home/airflow/.local/lib/python3.10/site-packages/airflow/example_dags/example_sensors.py
[2023-08-13T15:16:56.748+0000] {logging_mixin.py:149} INFO - [2023-08-13T15:16:56.748+0000] {dag.py:2726} INFO - Sync 1 DAGs
[2023-08-13T15:16:56.757+0000] {logging_mixin.py:149} INFO - [2023-08-13T15:16:56.757+0000] {dag.py:3486} INFO - Setting next_dagrun for example_sensors to None, run_after=None
[2023-08-13T15:16:56.765+0000] {processor.py:179} INFO - Processing /home/airflow/.local/lib/python3.10/site-packages/airflow/example_dags/example_sensors.py took 0.035 seconds
[2023-08-13T15:17:26.971+0000] {processor.py:157} INFO - Started process (PID=747) to work on /home/airflow/.local/lib/python3.10/site-packages/airflow/example_dags/example_sensors.py
[2023-08-13T15:17:26.972+0000] {processor.py:826} INFO - Processing file /home/airflow/.local/lib/python3.10/site-packages/airflow/example_dags/example_sensors.py for tasks to queue
[2023-08-13T15:17:26.972+0000] {logging_mixin.py:149} INFO - [2023-08-13T15:17:26.972+0000] {dagbag.py:541} INFO - Filling up the DagBag from /home/airflow/.local/lib/python3.10/site-packages/airflow/example_dags/example_sensors.py
[2023-08-13T15:17:26.976+0000] {processor.py:836} INFO - DAG(s) dict_keys(['example_sensors']) retrieved from /home/airflow/.local/lib/python3.10/site-packages/airflow/example_dags/example_sensors.py
[2023-08-13T15:17:26.988+0000] {logging_mixin.py:149} INFO - [2023-08-13T15:17:26.988+0000] {dag.py:2726} INFO - Sync 1 DAGs
[2023-08-13T15:17:26.997+0000] {logging_mixin.py:149} INFO - [2023-08-13T15:17:26.997+0000] {dag.py:3486} INFO - Setting next_dagrun for example_sensors to None, run_after=None
[2023-08-13T15:17:27.004+0000] {processor.py:179} INFO - Processing /home/airflow/.local/lib/python3.10/site-packages/airflow/example_dags/example_sensors.py took 0.034 seconds
[2023-08-13T15:17:57.267+0000] {processor.py:157} INFO - Started process (PID=824) to work on /home/airflow/.local/lib/python3.10/site-packages/airflow/example_dags/example_sensors.py
[2023-08-13T15:17:57.267+0000] {processor.py:826} INFO - Processing file /home/airflow/.local/lib/python3.10/site-packages/airflow/example_dags/example_sensors.py for tasks to queue
[2023-08-13T15:17:57.268+0000] {logging_mixin.py:149} INFO - [2023-08-13T15:17:57.267+0000] {dagbag.py:541} INFO - Filling up the DagBag from /home/airflow/.local/lib/python3.10/site-packages/airflow/example_dags/example_sensors.py
[2023-08-13T15:17:57.272+0000] {processor.py:836} INFO - DAG(s) dict_keys(['example_sensors']) retrieved from /home/airflow/.local/lib/python3.10/site-packages/airflow/example_dags/example_sensors.py
[2023-08-13T15:17:57.285+0000] {logging_mixin.py:149} INFO - [2023-08-13T15:17:57.285+0000] {dag.py:2726} INFO - Sync 1 DAGs
[2023-08-13T15:17:57.294+0000] {logging_mixin.py:149} INFO - [2023-08-13T15:17:57.294+0000] {dag.py:3486} INFO - Setting next_dagrun for example_sensors to None, run_after=None
[2023-08-13T15:17:57.301+0000] {processor.py:179} INFO - Processing /home/airflow/.local/lib/python3.10/site-packages/airflow/example_dags/example_sensors.py took 0.036 seconds
[2023-08-13T15:18:27.579+0000] {processor.py:157} INFO - Started process (PID=901) to work on /home/airflow/.local/lib/python3.10/site-packages/airflow/example_dags/example_sensors.py
[2023-08-13T15:18:27.580+0000] {processor.py:826} INFO - Processing file /home/airflow/.local/lib/python3.10/site-packages/airflow/example_dags/example_sensors.py for tasks to queue
[2023-08-13T15:18:27.580+0000] {logging_mixin.py:149} INFO - [2023-08-13T15:18:27.580+0000] {dagbag.py:541} INFO - Filling up the DagBag from /home/airflow/.local/lib/python3.10/site-packages/airflow/example_dags/example_sensors.py
[2023-08-13T15:18:27.584+0000] {processor.py:836} INFO - DAG(s) dict_keys(['example_sensors']) retrieved from /home/airflow/.local/lib/python3.10/site-packages/airflow/example_dags/example_sensors.py
[2023-08-13T15:18:27.596+0000] {logging_mixin.py:149} INFO - [2023-08-13T15:18:27.596+0000] {dag.py:2726} INFO - Sync 1 DAGs
[2023-08-13T15:18:27.606+0000] {logging_mixin.py:149} INFO - [2023-08-13T15:18:27.605+0000] {dag.py:3486} INFO - Setting next_dagrun for example_sensors to None, run_after=None
[2023-08-13T15:18:27.612+0000] {processor.py:179} INFO - Processing /home/airflow/.local/lib/python3.10/site-packages/airflow/example_dags/example_sensors.py took 0.034 seconds
[2023-08-13T15:18:57.967+0000] {processor.py:157} INFO - Started process (PID=978) to work on /home/airflow/.local/lib/python3.10/site-packages/airflow/example_dags/example_sensors.py
[2023-08-13T15:18:57.967+0000] {processor.py:826} INFO - Processing file /home/airflow/.local/lib/python3.10/site-packages/airflow/example_dags/example_sensors.py for tasks to queue
[2023-08-13T15:18:57.968+0000] {logging_mixin.py:149} INFO - [2023-08-13T15:18:57.967+0000] {dagbag.py:541} INFO - Filling up the DagBag from /home/airflow/.local/lib/python3.10/site-packages/airflow/example_dags/example_sensors.py
[2023-08-13T15:18:57.972+0000] {processor.py:836} INFO - DAG(s) dict_keys(['example_sensors']) retrieved from /home/airflow/.local/lib/python3.10/site-packages/airflow/example_dags/example_sensors.py
[2023-08-13T15:18:57.984+0000] {logging_mixin.py:149} INFO - [2023-08-13T15:18:57.983+0000] {dag.py:2726} INFO - Sync 1 DAGs
[2023-08-13T15:18:57.993+0000] {logging_mixin.py:149} INFO - [2023-08-13T15:18:57.993+0000] {dag.py:3486} INFO - Setting next_dagrun for example_sensors to None, run_after=None
[2023-08-13T15:18:58.000+0000] {processor.py:179} INFO - Processing /home/airflow/.local/lib/python3.10/site-packages/airflow/example_dags/example_sensors.py took 0.034 seconds
[2023-08-13T15:19:28.277+0000] {processor.py:157} INFO - Started process (PID=1055) to work on /home/airflow/.local/lib/python3.10/site-packages/airflow/example_dags/example_sensors.py
[2023-08-13T15:19:28.278+0000] {processor.py:826} INFO - Processing file /home/airflow/.local/lib/python3.10/site-packages/airflow/example_dags/example_sensors.py for tasks to queue
[2023-08-13T15:19:28.278+0000] {logging_mixin.py:149} INFO - [2023-08-13T15:19:28.278+0000] {dagbag.py:541} INFO - Filling up the DagBag from /home/airflow/.local/lib/python3.10/site-packages/airflow/example_dags/example_sensors.py
[2023-08-13T15:19:28.282+0000] {processor.py:836} INFO - DAG(s) dict_keys(['example_sensors']) retrieved from /home/airflow/.local/lib/python3.10/site-packages/airflow/example_dags/example_sensors.py
[2023-08-13T15:19:28.294+0000] {logging_mixin.py:149} INFO - [2023-08-13T15:19:28.293+0000] {dag.py:2726} INFO - Sync 1 DAGs
[2023-08-13T15:19:28.303+0000] {logging_mixin.py:149} INFO - [2023-08-13T15:19:28.303+0000] {dag.py:3486} INFO - Setting next_dagrun for example_sensors to None, run_after=None
[2023-08-13T15:19:28.310+0000] {processor.py:179} INFO - Processing /home/airflow/.local/lib/python3.10/site-packages/airflow/example_dags/example_sensors.py took 0.033 seconds
[2023-08-13T15:19:58.602+0000] {processor.py:157} INFO - Started process (PID=1132) to work on /home/airflow/.local/lib/python3.10/site-packages/airflow/example_dags/example_sensors.py
[2023-08-13T15:19:58.602+0000] {processor.py:826} INFO - Processing file /home/airflow/.local/lib/python3.10/site-packages/airflow/example_dags/example_sensors.py for tasks to queue
[2023-08-13T15:19:58.602+0000] {logging_mixin.py:149} INFO - [2023-08-13T15:19:58.602+0000] {dagbag.py:541} INFO - Filling up the DagBag from /home/airflow/.local/lib/python3.10/site-packages/airflow/example_dags/example_sensors.py
[2023-08-13T15:19:58.606+0000] {processor.py:836} INFO - DAG(s) dict_keys(['example_sensors']) retrieved from /home/airflow/.local/lib/python3.10/site-packages/airflow/example_dags/example_sensors.py
[2023-08-13T15:19:58.618+0000] {logging_mixin.py:149} INFO - [2023-08-13T15:19:58.618+0000] {dag.py:2726} INFO - Sync 1 DAGs
[2023-08-13T15:19:58.627+0000] {logging_mixin.py:149} INFO - [2023-08-13T15:19:58.627+0000] {dag.py:3486} INFO - Setting next_dagrun for example_sensors to None, run_after=None
[2023-08-13T15:19:58.635+0000] {processor.py:179} INFO - Processing /home/airflow/.local/lib/python3.10/site-packages/airflow/example_dags/example_sensors.py took 0.034 seconds
[2023-08-13T15:20:28.954+0000] {processor.py:157} INFO - Started process (PID=1209) to work on /home/airflow/.local/lib/python3.10/site-packages/airflow/example_dags/example_sensors.py
[2023-08-13T15:20:28.955+0000] {processor.py:826} INFO - Processing file /home/airflow/.local/lib/python3.10/site-packages/airflow/example_dags/example_sensors.py for tasks to queue
[2023-08-13T15:20:28.955+0000] {logging_mixin.py:149} INFO - [2023-08-13T15:20:28.955+0000] {dagbag.py:541} INFO - Filling up the DagBag from /home/airflow/.local/lib/python3.10/site-packages/airflow/example_dags/example_sensors.py
[2023-08-13T15:20:28.959+0000] {processor.py:836} INFO - DAG(s) dict_keys(['example_sensors']) retrieved from /home/airflow/.local/lib/python3.10/site-packages/airflow/example_dags/example_sensors.py
[2023-08-13T15:20:28.971+0000] {logging_mixin.py:149} INFO - [2023-08-13T15:20:28.971+0000] {dag.py:2726} INFO - Sync 1 DAGs
[2023-08-13T15:20:28.980+0000] {logging_mixin.py:149} INFO - [2023-08-13T15:20:28.980+0000] {dag.py:3486} INFO - Setting next_dagrun for example_sensors to None, run_after=None
[2023-08-13T15:20:28.988+0000] {processor.py:179} INFO - Processing /home/airflow/.local/lib/python3.10/site-packages/airflow/example_dags/example_sensors.py took 0.035 seconds
[2023-08-13T15:20:59.227+0000] {processor.py:157} INFO - Started process (PID=1286) to work on /home/airflow/.local/lib/python3.10/site-packages/airflow/example_dags/example_sensors.py
[2023-08-13T15:20:59.227+0000] {processor.py:826} INFO - Processing file /home/airflow/.local/lib/python3.10/site-packages/airflow/example_dags/example_sensors.py for tasks to queue
[2023-08-13T15:20:59.228+0000] {logging_mixin.py:149} INFO - [2023-08-13T15:20:59.227+0000] {dagbag.py:541} INFO - Filling up the DagBag from /home/airflow/.local/lib/python3.10/site-packages/airflow/example_dags/example_sensors.py
[2023-08-13T15:20:59.232+0000] {processor.py:836} INFO - DAG(s) dict_keys(['example_sensors']) retrieved from /home/airflow/.local/lib/python3.10/site-packages/airflow/example_dags/example_sensors.py
[2023-08-13T15:20:59.243+0000] {logging_mixin.py:149} INFO - [2023-08-13T15:20:59.243+0000] {dag.py:2726} INFO - Sync 1 DAGs
[2023-08-13T15:20:59.252+0000] {logging_mixin.py:149} INFO - [2023-08-13T15:20:59.252+0000] {dag.py:3486} INFO - Setting next_dagrun for example_sensors to None, run_after=None
[2023-08-13T15:20:59.259+0000] {processor.py:179} INFO - Processing /home/airflow/.local/lib/python3.10/site-packages/airflow/example_dags/example_sensors.py took 0.033 seconds
[2023-08-13T15:21:29.523+0000] {processor.py:157} INFO - Started process (PID=1363) to work on /home/airflow/.local/lib/python3.10/site-packages/airflow/example_dags/example_sensors.py
[2023-08-13T15:21:29.523+0000] {processor.py:826} INFO - Processing file /home/airflow/.local/lib/python3.10/site-packages/airflow/example_dags/example_sensors.py for tasks to queue
[2023-08-13T15:21:29.524+0000] {logging_mixin.py:149} INFO - [2023-08-13T15:21:29.524+0000] {dagbag.py:541} INFO - Filling up the DagBag from /home/airflow/.local/lib/python3.10/site-packages/airflow/example_dags/example_sensors.py
[2023-08-13T15:21:29.528+0000] {processor.py:836} INFO - DAG(s) dict_keys(['example_sensors']) retrieved from /home/airflow/.local/lib/python3.10/site-packages/airflow/example_dags/example_sensors.py
[2023-08-13T15:21:29.540+0000] {logging_mixin.py:149} INFO - [2023-08-13T15:21:29.540+0000] {dag.py:2726} INFO - Sync 1 DAGs
[2023-08-13T15:21:29.549+0000] {logging_mixin.py:149} INFO - [2023-08-13T15:21:29.549+0000] {dag.py:3486} INFO - Setting next_dagrun for example_sensors to None, run_after=None
[2023-08-13T15:21:29.556+0000] {processor.py:179} INFO - Processing /home/airflow/.local/lib/python3.10/site-packages/airflow/example_dags/example_sensors.py took 0.034 seconds
[2023-08-13T15:21:59.802+0000] {processor.py:157} INFO - Started process (PID=1441) to work on /home/airflow/.local/lib/python3.10/site-packages/airflow/example_dags/example_sensors.py
[2023-08-13T15:21:59.803+0000] {processor.py:826} INFO - Processing file /home/airflow/.local/lib/python3.10/site-packages/airflow/example_dags/example_sensors.py for tasks to queue
[2023-08-13T15:21:59.803+0000] {logging_mixin.py:149} INFO - [2023-08-13T15:21:59.803+0000] {dagbag.py:541} INFO - Filling up the DagBag from /home/airflow/.local/lib/python3.10/site-packages/airflow/example_dags/example_sensors.py
[2023-08-13T15:21:59.807+0000] {processor.py:836} INFO - DAG(s) dict_keys(['example_sensors']) retrieved from /home/airflow/.local/lib/python3.10/site-packages/airflow/example_dags/example_sensors.py
[2023-08-13T15:21:59.819+0000] {logging_mixin.py:149} INFO - [2023-08-13T15:21:59.819+0000] {dag.py:2726} INFO - Sync 1 DAGs
[2023-08-13T15:21:59.829+0000] {logging_mixin.py:149} INFO - [2023-08-13T15:21:59.829+0000] {dag.py:3486} INFO - Setting next_dagrun for example_sensors to None, run_after=None
[2023-08-13T15:21:59.836+0000] {processor.py:179} INFO - Processing /home/airflow/.local/lib/python3.10/site-packages/airflow/example_dags/example_sensors.py took 0.035 seconds
[2023-08-13T15:22:30.058+0000] {processor.py:157} INFO - Started process (PID=1518) to work on /home/airflow/.local/lib/python3.10/site-packages/airflow/example_dags/example_sensors.py
[2023-08-13T15:22:30.058+0000] {processor.py:826} INFO - Processing file /home/airflow/.local/lib/python3.10/site-packages/airflow/example_dags/example_sensors.py for tasks to queue
[2023-08-13T15:22:30.058+0000] {logging_mixin.py:149} INFO - [2023-08-13T15:22:30.058+0000] {dagbag.py:541} INFO - Filling up the DagBag from /home/airflow/.local/lib/python3.10/site-packages/airflow/example_dags/example_sensors.py
[2023-08-13T15:22:30.062+0000] {processor.py:836} INFO - DAG(s) dict_keys(['example_sensors']) retrieved from /home/airflow/.local/lib/python3.10/site-packages/airflow/example_dags/example_sensors.py
[2023-08-13T15:22:30.074+0000] {logging_mixin.py:149} INFO - [2023-08-13T15:22:30.074+0000] {dag.py:2726} INFO - Sync 1 DAGs
[2023-08-13T15:22:30.083+0000] {logging_mixin.py:149} INFO - [2023-08-13T15:22:30.083+0000] {dag.py:3486} INFO - Setting next_dagrun for example_sensors to None, run_after=None
[2023-08-13T15:22:30.090+0000] {processor.py:179} INFO - Processing /home/airflow/.local/lib/python3.10/site-packages/airflow/example_dags/example_sensors.py took 0.034 seconds
[2023-08-13T15:23:00.466+0000] {processor.py:157} INFO - Started process (PID=1595) to work on /home/airflow/.local/lib/python3.10/site-packages/airflow/example_dags/example_sensors.py
[2023-08-13T15:23:00.467+0000] {processor.py:826} INFO - Processing file /home/airflow/.local/lib/python3.10/site-packages/airflow/example_dags/example_sensors.py for tasks to queue
[2023-08-13T15:23:00.467+0000] {logging_mixin.py:149} INFO - [2023-08-13T15:23:00.467+0000] {dagbag.py:541} INFO - Filling up the DagBag from /home/airflow/.local/lib/python3.10/site-packages/airflow/example_dags/example_sensors.py
[2023-08-13T15:23:00.471+0000] {processor.py:836} INFO - DAG(s) dict_keys(['example_sensors']) retrieved from /home/airflow/.local/lib/python3.10/site-packages/airflow/example_dags/example_sensors.py
[2023-08-13T15:23:00.483+0000] {logging_mixin.py:149} INFO - [2023-08-13T15:23:00.483+0000] {dag.py:2726} INFO - Sync 1 DAGs
[2023-08-13T15:23:00.492+0000] {logging_mixin.py:149} INFO - [2023-08-13T15:23:00.492+0000] {dag.py:3486} INFO - Setting next_dagrun for example_sensors to None, run_after=None
[2023-08-13T15:23:00.499+0000] {processor.py:179} INFO - Processing /home/airflow/.local/lib/python3.10/site-packages/airflow/example_dags/example_sensors.py took 0.034 seconds
[2023-08-13T15:23:30.684+0000] {processor.py:157} INFO - Started process (PID=1672) to work on /home/airflow/.local/lib/python3.10/site-packages/airflow/example_dags/example_sensors.py
[2023-08-13T15:23:30.684+0000] {processor.py:826} INFO - Processing file /home/airflow/.local/lib/python3.10/site-packages/airflow/example_dags/example_sensors.py for tasks to queue
[2023-08-13T15:23:30.684+0000] {logging_mixin.py:149} INFO - [2023-08-13T15:23:30.684+0000] {dagbag.py:541} INFO - Filling up the DagBag from /home/airflow/.local/lib/python3.10/site-packages/airflow/example_dags/example_sensors.py
[2023-08-13T15:23:30.688+0000] {processor.py:836} INFO - DAG(s) dict_keys(['example_sensors']) retrieved from /home/airflow/.local/lib/python3.10/site-packages/airflow/example_dags/example_sensors.py
[2023-08-13T15:23:30.700+0000] {logging_mixin.py:149} INFO - [2023-08-13T15:23:30.700+0000] {dag.py:2726} INFO - Sync 1 DAGs
[2023-08-13T15:23:30.710+0000] {logging_mixin.py:149} INFO - [2023-08-13T15:23:30.709+0000] {dag.py:3486} INFO - Setting next_dagrun for example_sensors to None, run_after=None
[2023-08-13T15:23:30.716+0000] {processor.py:179} INFO - Processing /home/airflow/.local/lib/python3.10/site-packages/airflow/example_dags/example_sensors.py took 0.034 seconds
[2023-08-13T15:24:01.213+0000] {processor.py:157} INFO - Started process (PID=1749) to work on /home/airflow/.local/lib/python3.10/site-packages/airflow/example_dags/example_sensors.py
[2023-08-13T15:24:01.213+0000] {processor.py:826} INFO - Processing file /home/airflow/.local/lib/python3.10/site-packages/airflow/example_dags/example_sensors.py for tasks to queue
[2023-08-13T15:24:01.213+0000] {logging_mixin.py:149} INFO - [2023-08-13T15:24:01.213+0000] {dagbag.py:541} INFO - Filling up the DagBag from /home/airflow/.local/lib/python3.10/site-packages/airflow/example_dags/example_sensors.py
[2023-08-13T15:24:01.218+0000] {processor.py:836} INFO - DAG(s) dict_keys(['example_sensors']) retrieved from /home/airflow/.local/lib/python3.10/site-packages/airflow/example_dags/example_sensors.py
[2023-08-13T15:24:01.230+0000] {logging_mixin.py:149} INFO - [2023-08-13T15:24:01.230+0000] {dag.py:2726} INFO - Sync 1 DAGs
[2023-08-13T15:24:01.239+0000] {logging_mixin.py:149} INFO - [2023-08-13T15:24:01.239+0000] {dag.py:3486} INFO - Setting next_dagrun for example_sensors to None, run_after=None
[2023-08-13T15:24:01.247+0000] {processor.py:179} INFO - Processing /home/airflow/.local/lib/python3.10/site-packages/airflow/example_dags/example_sensors.py took 0.035 seconds
[2023-08-13T15:24:31.509+0000] {processor.py:157} INFO - Started process (PID=1826) to work on /home/airflow/.local/lib/python3.10/site-packages/airflow/example_dags/example_sensors.py
[2023-08-13T15:24:31.509+0000] {processor.py:826} INFO - Processing file /home/airflow/.local/lib/python3.10/site-packages/airflow/example_dags/example_sensors.py for tasks to queue
[2023-08-13T15:24:31.509+0000] {logging_mixin.py:149} INFO - [2023-08-13T15:24:31.509+0000] {dagbag.py:541} INFO - Filling up the DagBag from /home/airflow/.local/lib/python3.10/site-packages/airflow/example_dags/example_sensors.py
[2023-08-13T15:24:31.513+0000] {processor.py:836} INFO - DAG(s) dict_keys(['example_sensors']) retrieved from /home/airflow/.local/lib/python3.10/site-packages/airflow/example_dags/example_sensors.py
[2023-08-13T15:24:31.526+0000] {logging_mixin.py:149} INFO - [2023-08-13T15:24:31.525+0000] {dag.py:2726} INFO - Sync 1 DAGs
[2023-08-13T15:24:31.535+0000] {logging_mixin.py:149} INFO - [2023-08-13T15:24:31.535+0000] {dag.py:3486} INFO - Setting next_dagrun for example_sensors to None, run_after=None
[2023-08-13T15:24:31.542+0000] {processor.py:179} INFO - Processing /home/airflow/.local/lib/python3.10/site-packages/airflow/example_dags/example_sensors.py took 0.034 seconds
[2023-08-13T15:25:01.891+0000] {processor.py:157} INFO - Started process (PID=1903) to work on /home/airflow/.local/lib/python3.10/site-packages/airflow/example_dags/example_sensors.py
[2023-08-13T15:25:01.891+0000] {processor.py:826} INFO - Processing file /home/airflow/.local/lib/python3.10/site-packages/airflow/example_dags/example_sensors.py for tasks to queue
[2023-08-13T15:25:01.892+0000] {logging_mixin.py:149} INFO - [2023-08-13T15:25:01.892+0000] {dagbag.py:541} INFO - Filling up the DagBag from /home/airflow/.local/lib/python3.10/site-packages/airflow/example_dags/example_sensors.py
[2023-08-13T15:25:01.896+0000] {processor.py:836} INFO - DAG(s) dict_keys(['example_sensors']) retrieved from /home/airflow/.local/lib/python3.10/site-packages/airflow/example_dags/example_sensors.py
[2023-08-13T15:25:01.908+0000] {logging_mixin.py:149} INFO - [2023-08-13T15:25:01.908+0000] {dag.py:2726} INFO - Sync 1 DAGs
[2023-08-13T15:25:01.918+0000] {logging_mixin.py:149} INFO - [2023-08-13T15:25:01.918+0000] {dag.py:3486} INFO - Setting next_dagrun for example_sensors to None, run_after=None
[2023-08-13T15:25:01.925+0000] {processor.py:179} INFO - Processing /home/airflow/.local/lib/python3.10/site-packages/airflow/example_dags/example_sensors.py took 0.035 seconds
[2023-08-13T15:25:32.200+0000] {processor.py:157} INFO - Started process (PID=1980) to work on /home/airflow/.local/lib/python3.10/site-packages/airflow/example_dags/example_sensors.py
[2023-08-13T15:25:32.201+0000] {processor.py:826} INFO - Processing file /home/airflow/.local/lib/python3.10/site-packages/airflow/example_dags/example_sensors.py for tasks to queue
[2023-08-13T15:25:32.201+0000] {logging_mixin.py:149} INFO - [2023-08-13T15:25:32.201+0000] {dagbag.py:541} INFO - Filling up the DagBag from /home/airflow/.local/lib/python3.10/site-packages/airflow/example_dags/example_sensors.py
[2023-08-13T15:25:32.206+0000] {processor.py:836} INFO - DAG(s) dict_keys(['example_sensors']) retrieved from /home/airflow/.local/lib/python3.10/site-packages/airflow/example_dags/example_sensors.py
[2023-08-13T15:25:32.218+0000] {logging_mixin.py:149} INFO - [2023-08-13T15:25:32.218+0000] {dag.py:2726} INFO - Sync 1 DAGs
[2023-08-13T15:25:32.228+0000] {logging_mixin.py:149} INFO - [2023-08-13T15:25:32.228+0000] {dag.py:3486} INFO - Setting next_dagrun for example_sensors to None, run_after=None
[2023-08-13T15:25:32.236+0000] {processor.py:179} INFO - Processing /home/airflow/.local/lib/python3.10/site-packages/airflow/example_dags/example_sensors.py took 0.037 seconds
[2023-08-13T15:26:02.472+0000] {processor.py:157} INFO - Started process (PID=2057) to work on /home/airflow/.local/lib/python3.10/site-packages/airflow/example_dags/example_sensors.py
[2023-08-13T15:26:02.472+0000] {processor.py:826} INFO - Processing file /home/airflow/.local/lib/python3.10/site-packages/airflow/example_dags/example_sensors.py for tasks to queue
[2023-08-13T15:26:02.473+0000] {logging_mixin.py:149} INFO - [2023-08-13T15:26:02.473+0000] {dagbag.py:541} INFO - Filling up the DagBag from /home/airflow/.local/lib/python3.10/site-packages/airflow/example_dags/example_sensors.py
[2023-08-13T15:26:02.477+0000] {processor.py:836} INFO - DAG(s) dict_keys(['example_sensors']) retrieved from /home/airflow/.local/lib/python3.10/site-packages/airflow/example_dags/example_sensors.py
[2023-08-13T15:26:02.489+0000] {logging_mixin.py:149} INFO - [2023-08-13T15:26:02.489+0000] {dag.py:2726} INFO - Sync 1 DAGs
[2023-08-13T15:26:02.498+0000] {logging_mixin.py:149} INFO - [2023-08-13T15:26:02.498+0000] {dag.py:3486} INFO - Setting next_dagrun for example_sensors to None, run_after=None
[2023-08-13T15:26:02.506+0000] {processor.py:179} INFO - Processing /home/airflow/.local/lib/python3.10/site-packages/airflow/example_dags/example_sensors.py took 0.035 seconds
[2023-08-13T15:26:32.815+0000] {processor.py:157} INFO - Started process (PID=2134) to work on /home/airflow/.local/lib/python3.10/site-packages/airflow/example_dags/example_sensors.py
[2023-08-13T15:26:32.815+0000] {processor.py:826} INFO - Processing file /home/airflow/.local/lib/python3.10/site-packages/airflow/example_dags/example_sensors.py for tasks to queue
[2023-08-13T15:26:32.816+0000] {logging_mixin.py:149} INFO - [2023-08-13T15:26:32.815+0000] {dagbag.py:541} INFO - Filling up the DagBag from /home/airflow/.local/lib/python3.10/site-packages/airflow/example_dags/example_sensors.py
[2023-08-13T15:26:32.820+0000] {processor.py:836} INFO - DAG(s) dict_keys(['example_sensors']) retrieved from /home/airflow/.local/lib/python3.10/site-packages/airflow/example_dags/example_sensors.py
[2023-08-13T15:26:32.832+0000] {logging_mixin.py:149} INFO - [2023-08-13T15:26:32.832+0000] {dag.py:2726} INFO - Sync 1 DAGs
[2023-08-13T15:26:32.841+0000] {logging_mixin.py:149} INFO - [2023-08-13T15:26:32.841+0000] {dag.py:3486} INFO - Setting next_dagrun for example_sensors to None, run_after=None
[2023-08-13T15:26:32.848+0000] {processor.py:179} INFO - Processing /home/airflow/.local/lib/python3.10/site-packages/airflow/example_dags/example_sensors.py took 0.034 seconds
[2023-08-13T15:27:03.558+0000] {processor.py:157} INFO - Started process (PID=2212) to work on /home/airflow/.local/lib/python3.10/site-packages/airflow/example_dags/example_sensors.py
[2023-08-13T15:27:03.559+0000] {processor.py:826} INFO - Processing file /home/airflow/.local/lib/python3.10/site-packages/airflow/example_dags/example_sensors.py for tasks to queue
[2023-08-13T15:27:03.559+0000] {logging_mixin.py:149} INFO - [2023-08-13T15:27:03.559+0000] {dagbag.py:541} INFO - Filling up the DagBag from /home/airflow/.local/lib/python3.10/site-packages/airflow/example_dags/example_sensors.py
[2023-08-13T15:27:03.563+0000] {processor.py:836} INFO - DAG(s) dict_keys(['example_sensors']) retrieved from /home/airflow/.local/lib/python3.10/site-packages/airflow/example_dags/example_sensors.py
[2023-08-13T15:27:03.575+0000] {logging_mixin.py:149} INFO - [2023-08-13T15:27:03.575+0000] {dag.py:2726} INFO - Sync 1 DAGs
[2023-08-13T15:27:03.585+0000] {logging_mixin.py:149} INFO - [2023-08-13T15:27:03.584+0000] {dag.py:3486} INFO - Setting next_dagrun for example_sensors to None, run_after=None
[2023-08-13T15:27:03.591+0000] {processor.py:179} INFO - Processing /home/airflow/.local/lib/python3.10/site-packages/airflow/example_dags/example_sensors.py took 0.034 seconds
[2023-08-13T15:27:34.025+0000] {processor.py:157} INFO - Started process (PID=2288) to work on /home/airflow/.local/lib/python3.10/site-packages/airflow/example_dags/example_sensors.py
[2023-08-13T15:27:34.025+0000] {processor.py:826} INFO - Processing file /home/airflow/.local/lib/python3.10/site-packages/airflow/example_dags/example_sensors.py for tasks to queue
[2023-08-13T15:27:34.025+0000] {logging_mixin.py:149} INFO - [2023-08-13T15:27:34.025+0000] {dagbag.py:541} INFO - Filling up the DagBag from /home/airflow/.local/lib/python3.10/site-packages/airflow/example_dags/example_sensors.py
[2023-08-13T15:27:34.029+0000] {processor.py:836} INFO - DAG(s) dict_keys(['example_sensors']) retrieved from /home/airflow/.local/lib/python3.10/site-packages/airflow/example_dags/example_sensors.py
[2023-08-13T15:27:34.041+0000] {logging_mixin.py:149} INFO - [2023-08-13T15:27:34.041+0000] {dag.py:2726} INFO - Sync 1 DAGs
[2023-08-13T15:27:34.050+0000] {logging_mixin.py:149} INFO - [2023-08-13T15:27:34.050+0000] {dag.py:3486} INFO - Setting next_dagrun for example_sensors to None, run_after=None
[2023-08-13T15:27:34.057+0000] {processor.py:179} INFO - Processing /home/airflow/.local/lib/python3.10/site-packages/airflow/example_dags/example_sensors.py took 0.034 seconds
[2023-08-13T15:28:04.345+0000] {processor.py:157} INFO - Started process (PID=2365) to work on /home/airflow/.local/lib/python3.10/site-packages/airflow/example_dags/example_sensors.py
[2023-08-13T15:28:04.345+0000] {processor.py:826} INFO - Processing file /home/airflow/.local/lib/python3.10/site-packages/airflow/example_dags/example_sensors.py for tasks to queue
[2023-08-13T15:28:04.346+0000] {logging_mixin.py:149} INFO - [2023-08-13T15:28:04.346+0000] {dagbag.py:541} INFO - Filling up the DagBag from /home/airflow/.local/lib/python3.10/site-packages/airflow/example_dags/example_sensors.py
[2023-08-13T15:28:04.350+0000] {processor.py:836} INFO - DAG(s) dict_keys(['example_sensors']) retrieved from /home/airflow/.local/lib/python3.10/site-packages/airflow/example_dags/example_sensors.py
[2023-08-13T15:28:04.361+0000] {logging_mixin.py:149} INFO - [2023-08-13T15:28:04.361+0000] {dag.py:2726} INFO - Sync 1 DAGs
[2023-08-13T15:28:04.371+0000] {logging_mixin.py:149} INFO - [2023-08-13T15:28:04.371+0000] {dag.py:3486} INFO - Setting next_dagrun for example_sensors to None, run_after=None
[2023-08-13T15:28:04.378+0000] {processor.py:179} INFO - Processing /home/airflow/.local/lib/python3.10/site-packages/airflow/example_dags/example_sensors.py took 0.034 seconds
[2023-08-13T15:28:34.715+0000] {processor.py:157} INFO - Started process (PID=2442) to work on /home/airflow/.local/lib/python3.10/site-packages/airflow/example_dags/example_sensors.py
[2023-08-13T15:28:34.716+0000] {processor.py:826} INFO - Processing file /home/airflow/.local/lib/python3.10/site-packages/airflow/example_dags/example_sensors.py for tasks to queue
[2023-08-13T15:28:34.716+0000] {logging_mixin.py:149} INFO - [2023-08-13T15:28:34.716+0000] {dagbag.py:541} INFO - Filling up the DagBag from /home/airflow/.local/lib/python3.10/site-packages/airflow/example_dags/example_sensors.py
[2023-08-13T15:28:34.720+0000] {processor.py:836} INFO - DAG(s) dict_keys(['example_sensors']) retrieved from /home/airflow/.local/lib/python3.10/site-packages/airflow/example_dags/example_sensors.py
[2023-08-13T15:28:34.732+0000] {logging_mixin.py:149} INFO - [2023-08-13T15:28:34.732+0000] {dag.py:2726} INFO - Sync 1 DAGs
[2023-08-13T15:28:34.742+0000] {logging_mixin.py:149} INFO - [2023-08-13T15:28:34.742+0000] {dag.py:3486} INFO - Setting next_dagrun for example_sensors to None, run_after=None
[2023-08-13T15:28:34.748+0000] {processor.py:179} INFO - Processing /home/airflow/.local/lib/python3.10/site-packages/airflow/example_dags/example_sensors.py took 0.034 seconds
[2023-08-13T15:29:05.045+0000] {processor.py:157} INFO - Started process (PID=2519) to work on /home/airflow/.local/lib/python3.10/site-packages/airflow/example_dags/example_sensors.py
[2023-08-13T15:29:05.046+0000] {processor.py:826} INFO - Processing file /home/airflow/.local/lib/python3.10/site-packages/airflow/example_dags/example_sensors.py for tasks to queue
[2023-08-13T15:29:05.046+0000] {logging_mixin.py:149} INFO - [2023-08-13T15:29:05.046+0000] {dagbag.py:541} INFO - Filling up the DagBag from /home/airflow/.local/lib/python3.10/site-packages/airflow/example_dags/example_sensors.py
[2023-08-13T15:29:05.050+0000] {processor.py:836} INFO - DAG(s) dict_keys(['example_sensors']) retrieved from /home/airflow/.local/lib/python3.10/site-packages/airflow/example_dags/example_sensors.py
[2023-08-13T15:29:05.062+0000] {logging_mixin.py:149} INFO - [2023-08-13T15:29:05.062+0000] {dag.py:2726} INFO - Sync 1 DAGs
[2023-08-13T15:29:05.072+0000] {logging_mixin.py:149} INFO - [2023-08-13T15:29:05.072+0000] {dag.py:3486} INFO - Setting next_dagrun for example_sensors to None, run_after=None
[2023-08-13T15:29:05.079+0000] {processor.py:179} INFO - Processing /home/airflow/.local/lib/python3.10/site-packages/airflow/example_dags/example_sensors.py took 0.035 seconds
