[2023-08-13T14:54:34.334+0000] {processor.py:157} INFO - Started process (PID=59) to work on /home/airflow/.local/lib/python3.10/site-packages/airflow/example_dags/example_latest_only_with_trigger.py
[2023-08-13T14:54:34.334+0000] {processor.py:826} INFO - Processing file /home/airflow/.local/lib/python3.10/site-packages/airflow/example_dags/example_latest_only_with_trigger.py for tasks to queue
[2023-08-13T14:54:34.335+0000] {logging_mixin.py:149} INFO - [2023-08-13T14:54:34.335+0000] {dagbag.py:541} INFO - Filling up the DagBag from /home/airflow/.local/lib/python3.10/site-packages/airflow/example_dags/example_latest_only_with_trigger.py
[2023-08-13T14:54:34.338+0000] {processor.py:836} INFO - DAG(s) dict_keys(['latest_only_with_trigger']) retrieved from /home/airflow/.local/lib/python3.10/site-packages/airflow/example_dags/example_latest_only_with_trigger.py
[2023-08-13T14:54:34.343+0000] {logging_mixin.py:149} INFO - [2023-08-13T14:54:34.343+0000] {dag.py:2726} INFO - Sync 1 DAGs
[2023-08-13T14:54:34.354+0000] {logging_mixin.py:149} INFO - [2023-08-13T14:54:34.354+0000] {dag.py:3486} INFO - Setting next_dagrun for latest_only_with_trigger to 2023-08-13T10:54:34.353887+00:00, run_after=2023-08-13T14:54:34.353887+00:00
[2023-08-13T14:54:34.361+0000] {processor.py:179} INFO - Processing /home/airflow/.local/lib/python3.10/site-packages/airflow/example_dags/example_latest_only_with_trigger.py took 0.028 seconds
[2023-08-13T14:55:04.566+0000] {processor.py:157} INFO - Started process (PID=135) to work on /home/airflow/.local/lib/python3.10/site-packages/airflow/example_dags/example_latest_only_with_trigger.py
[2023-08-13T14:55:04.566+0000] {processor.py:826} INFO - Processing file /home/airflow/.local/lib/python3.10/site-packages/airflow/example_dags/example_latest_only_with_trigger.py for tasks to queue
[2023-08-13T14:55:04.566+0000] {logging_mixin.py:149} INFO - [2023-08-13T14:55:04.566+0000] {dagbag.py:541} INFO - Filling up the DagBag from /home/airflow/.local/lib/python3.10/site-packages/airflow/example_dags/example_latest_only_with_trigger.py
[2023-08-13T14:55:04.569+0000] {processor.py:836} INFO - DAG(s) dict_keys(['latest_only_with_trigger']) retrieved from /home/airflow/.local/lib/python3.10/site-packages/airflow/example_dags/example_latest_only_with_trigger.py
[2023-08-13T14:55:04.579+0000] {logging_mixin.py:149} INFO - [2023-08-13T14:55:04.579+0000] {dag.py:2726} INFO - Sync 1 DAGs
[2023-08-13T14:55:04.589+0000] {logging_mixin.py:149} INFO - [2023-08-13T14:55:04.589+0000] {dag.py:3486} INFO - Setting next_dagrun for latest_only_with_trigger to 2023-08-13T10:55:04.589100+00:00, run_after=2023-08-13T14:55:04.589100+00:00
[2023-08-13T14:55:04.596+0000] {processor.py:179} INFO - Processing /home/airflow/.local/lib/python3.10/site-packages/airflow/example_dags/example_latest_only_with_trigger.py took 0.031 seconds
[2023-08-13T14:55:34.887+0000] {processor.py:157} INFO - Started process (PID=212) to work on /home/airflow/.local/lib/python3.10/site-packages/airflow/example_dags/example_latest_only_with_trigger.py
[2023-08-13T14:55:34.887+0000] {processor.py:826} INFO - Processing file /home/airflow/.local/lib/python3.10/site-packages/airflow/example_dags/example_latest_only_with_trigger.py for tasks to queue
[2023-08-13T14:55:34.888+0000] {logging_mixin.py:149} INFO - [2023-08-13T14:55:34.888+0000] {dagbag.py:541} INFO - Filling up the DagBag from /home/airflow/.local/lib/python3.10/site-packages/airflow/example_dags/example_latest_only_with_trigger.py
[2023-08-13T14:55:34.890+0000] {processor.py:836} INFO - DAG(s) dict_keys(['latest_only_with_trigger']) retrieved from /home/airflow/.local/lib/python3.10/site-packages/airflow/example_dags/example_latest_only_with_trigger.py
[2023-08-13T14:55:34.900+0000] {logging_mixin.py:149} INFO - [2023-08-13T14:55:34.900+0000] {dag.py:2726} INFO - Sync 1 DAGs
[2023-08-13T14:55:34.909+0000] {logging_mixin.py:149} INFO - [2023-08-13T14:55:34.909+0000] {dag.py:3486} INFO - Setting next_dagrun for latest_only_with_trigger to 2023-08-13T10:55:34.909744+00:00, run_after=2023-08-13T14:55:34.909744+00:00
[2023-08-13T14:55:34.916+0000] {processor.py:179} INFO - Processing /home/airflow/.local/lib/python3.10/site-packages/airflow/example_dags/example_latest_only_with_trigger.py took 0.031 seconds
[2023-08-13T14:56:05.315+0000] {processor.py:157} INFO - Started process (PID=289) to work on /home/airflow/.local/lib/python3.10/site-packages/airflow/example_dags/example_latest_only_with_trigger.py
[2023-08-13T14:56:05.315+0000] {processor.py:826} INFO - Processing file /home/airflow/.local/lib/python3.10/site-packages/airflow/example_dags/example_latest_only_with_trigger.py for tasks to queue
[2023-08-13T14:56:05.316+0000] {logging_mixin.py:149} INFO - [2023-08-13T14:56:05.316+0000] {dagbag.py:541} INFO - Filling up the DagBag from /home/airflow/.local/lib/python3.10/site-packages/airflow/example_dags/example_latest_only_with_trigger.py
[2023-08-13T14:56:05.318+0000] {processor.py:836} INFO - DAG(s) dict_keys(['latest_only_with_trigger']) retrieved from /home/airflow/.local/lib/python3.10/site-packages/airflow/example_dags/example_latest_only_with_trigger.py
[2023-08-13T14:56:05.328+0000] {logging_mixin.py:149} INFO - [2023-08-13T14:56:05.328+0000] {dag.py:2726} INFO - Sync 1 DAGs
[2023-08-13T14:56:05.338+0000] {logging_mixin.py:149} INFO - [2023-08-13T14:56:05.338+0000] {dag.py:3486} INFO - Setting next_dagrun for latest_only_with_trigger to 2023-08-13T10:56:05.337948+00:00, run_after=2023-08-13T14:56:05.337948+00:00
[2023-08-13T14:56:05.345+0000] {processor.py:179} INFO - Processing /home/airflow/.local/lib/python3.10/site-packages/airflow/example_dags/example_latest_only_with_trigger.py took 0.031 seconds
[2023-08-13T14:56:35.674+0000] {processor.py:157} INFO - Started process (PID=370) to work on /home/airflow/.local/lib/python3.10/site-packages/airflow/example_dags/example_latest_only_with_trigger.py
[2023-08-13T14:56:35.675+0000] {processor.py:826} INFO - Processing file /home/airflow/.local/lib/python3.10/site-packages/airflow/example_dags/example_latest_only_with_trigger.py for tasks to queue
[2023-08-13T14:56:35.675+0000] {logging_mixin.py:149} INFO - [2023-08-13T14:56:35.675+0000] {dagbag.py:541} INFO - Filling up the DagBag from /home/airflow/.local/lib/python3.10/site-packages/airflow/example_dags/example_latest_only_with_trigger.py
[2023-08-13T14:56:35.677+0000] {processor.py:836} INFO - DAG(s) dict_keys(['latest_only_with_trigger']) retrieved from /home/airflow/.local/lib/python3.10/site-packages/airflow/example_dags/example_latest_only_with_trigger.py
[2023-08-13T14:56:35.688+0000] {logging_mixin.py:149} INFO - [2023-08-13T14:56:35.688+0000] {dag.py:2726} INFO - Sync 1 DAGs
[2023-08-13T14:56:35.697+0000] {logging_mixin.py:149} INFO - [2023-08-13T14:56:35.697+0000] {dag.py:3486} INFO - Setting next_dagrun for latest_only_with_trigger to 2023-08-13T10:56:35.697725+00:00, run_after=2023-08-13T14:56:35.697725+00:00
[2023-08-13T14:56:35.705+0000] {processor.py:179} INFO - Processing /home/airflow/.local/lib/python3.10/site-packages/airflow/example_dags/example_latest_only_with_trigger.py took 0.032 seconds
[2023-08-13T14:57:06.008+0000] {processor.py:157} INFO - Started process (PID=447) to work on /home/airflow/.local/lib/python3.10/site-packages/airflow/example_dags/example_latest_only_with_trigger.py
[2023-08-13T14:57:06.009+0000] {processor.py:826} INFO - Processing file /home/airflow/.local/lib/python3.10/site-packages/airflow/example_dags/example_latest_only_with_trigger.py for tasks to queue
[2023-08-13T14:57:06.009+0000] {logging_mixin.py:149} INFO - [2023-08-13T14:57:06.009+0000] {dagbag.py:541} INFO - Filling up the DagBag from /home/airflow/.local/lib/python3.10/site-packages/airflow/example_dags/example_latest_only_with_trigger.py
[2023-08-13T14:57:06.012+0000] {processor.py:836} INFO - DAG(s) dict_keys(['latest_only_with_trigger']) retrieved from /home/airflow/.local/lib/python3.10/site-packages/airflow/example_dags/example_latest_only_with_trigger.py
[2023-08-13T14:57:06.021+0000] {logging_mixin.py:149} INFO - [2023-08-13T14:57:06.021+0000] {dag.py:2726} INFO - Sync 1 DAGs
[2023-08-13T14:57:06.031+0000] {logging_mixin.py:149} INFO - [2023-08-13T14:57:06.031+0000] {dag.py:3486} INFO - Setting next_dagrun for latest_only_with_trigger to 2023-08-13T10:57:06.031556+00:00, run_after=2023-08-13T14:57:06.031556+00:00
[2023-08-13T14:57:06.038+0000] {processor.py:179} INFO - Processing /home/airflow/.local/lib/python3.10/site-packages/airflow/example_dags/example_latest_only_with_trigger.py took 0.031 seconds
[2023-08-13T14:57:36.387+0000] {processor.py:157} INFO - Started process (PID=524) to work on /home/airflow/.local/lib/python3.10/site-packages/airflow/example_dags/example_latest_only_with_trigger.py
[2023-08-13T14:57:36.388+0000] {processor.py:826} INFO - Processing file /home/airflow/.local/lib/python3.10/site-packages/airflow/example_dags/example_latest_only_with_trigger.py for tasks to queue
[2023-08-13T14:57:36.388+0000] {logging_mixin.py:149} INFO - [2023-08-13T14:57:36.388+0000] {dagbag.py:541} INFO - Filling up the DagBag from /home/airflow/.local/lib/python3.10/site-packages/airflow/example_dags/example_latest_only_with_trigger.py
[2023-08-13T14:57:36.391+0000] {processor.py:836} INFO - DAG(s) dict_keys(['latest_only_with_trigger']) retrieved from /home/airflow/.local/lib/python3.10/site-packages/airflow/example_dags/example_latest_only_with_trigger.py
[2023-08-13T14:57:36.401+0000] {logging_mixin.py:149} INFO - [2023-08-13T14:57:36.401+0000] {dag.py:2726} INFO - Sync 1 DAGs
[2023-08-13T14:57:36.410+0000] {logging_mixin.py:149} INFO - [2023-08-13T14:57:36.410+0000] {dag.py:3486} INFO - Setting next_dagrun for latest_only_with_trigger to 2023-08-13T10:57:36.410545+00:00, run_after=2023-08-13T14:57:36.410545+00:00
[2023-08-13T14:57:36.418+0000] {processor.py:179} INFO - Processing /home/airflow/.local/lib/python3.10/site-packages/airflow/example_dags/example_latest_only_with_trigger.py took 0.032 seconds
[2023-08-13T14:58:06.707+0000] {processor.py:157} INFO - Started process (PID=601) to work on /home/airflow/.local/lib/python3.10/site-packages/airflow/example_dags/example_latest_only_with_trigger.py
[2023-08-13T14:58:06.707+0000] {processor.py:826} INFO - Processing file /home/airflow/.local/lib/python3.10/site-packages/airflow/example_dags/example_latest_only_with_trigger.py for tasks to queue
[2023-08-13T14:58:06.707+0000] {logging_mixin.py:149} INFO - [2023-08-13T14:58:06.707+0000] {dagbag.py:541} INFO - Filling up the DagBag from /home/airflow/.local/lib/python3.10/site-packages/airflow/example_dags/example_latest_only_with_trigger.py
[2023-08-13T14:58:06.710+0000] {processor.py:836} INFO - DAG(s) dict_keys(['latest_only_with_trigger']) retrieved from /home/airflow/.local/lib/python3.10/site-packages/airflow/example_dags/example_latest_only_with_trigger.py
[2023-08-13T14:58:06.722+0000] {logging_mixin.py:149} INFO - [2023-08-13T14:58:06.722+0000] {dag.py:2726} INFO - Sync 1 DAGs
[2023-08-13T14:58:06.733+0000] {logging_mixin.py:149} INFO - [2023-08-13T14:58:06.733+0000] {dag.py:3486} INFO - Setting next_dagrun for latest_only_with_trigger to 2023-08-13T10:58:06.732909+00:00, run_after=2023-08-13T14:58:06.732909+00:00
[2023-08-13T14:58:06.741+0000] {processor.py:179} INFO - Processing /home/airflow/.local/lib/python3.10/site-packages/airflow/example_dags/example_latest_only_with_trigger.py took 0.035 seconds
[2023-08-13T14:58:36.950+0000] {processor.py:157} INFO - Started process (PID=679) to work on /home/airflow/.local/lib/python3.10/site-packages/airflow/example_dags/example_latest_only_with_trigger.py
[2023-08-13T14:58:36.950+0000] {processor.py:826} INFO - Processing file /home/airflow/.local/lib/python3.10/site-packages/airflow/example_dags/example_latest_only_with_trigger.py for tasks to queue
[2023-08-13T14:58:36.951+0000] {logging_mixin.py:149} INFO - [2023-08-13T14:58:36.951+0000] {dagbag.py:541} INFO - Filling up the DagBag from /home/airflow/.local/lib/python3.10/site-packages/airflow/example_dags/example_latest_only_with_trigger.py
[2023-08-13T14:58:36.953+0000] {processor.py:836} INFO - DAG(s) dict_keys(['latest_only_with_trigger']) retrieved from /home/airflow/.local/lib/python3.10/site-packages/airflow/example_dags/example_latest_only_with_trigger.py
[2023-08-13T14:58:36.963+0000] {logging_mixin.py:149} INFO - [2023-08-13T14:58:36.963+0000] {dag.py:2726} INFO - Sync 1 DAGs
[2023-08-13T14:58:36.972+0000] {logging_mixin.py:149} INFO - [2023-08-13T14:58:36.972+0000] {dag.py:3486} INFO - Setting next_dagrun for latest_only_with_trigger to 2023-08-13T10:58:36.972574+00:00, run_after=2023-08-13T14:58:36.972574+00:00
[2023-08-13T14:58:36.980+0000] {processor.py:179} INFO - Processing /home/airflow/.local/lib/python3.10/site-packages/airflow/example_dags/example_latest_only_with_trigger.py took 0.032 seconds
[2023-08-13T14:59:07.240+0000] {processor.py:157} INFO - Started process (PID=756) to work on /home/airflow/.local/lib/python3.10/site-packages/airflow/example_dags/example_latest_only_with_trigger.py
[2023-08-13T14:59:07.240+0000] {processor.py:826} INFO - Processing file /home/airflow/.local/lib/python3.10/site-packages/airflow/example_dags/example_latest_only_with_trigger.py for tasks to queue
[2023-08-13T14:59:07.240+0000] {logging_mixin.py:149} INFO - [2023-08-13T14:59:07.240+0000] {dagbag.py:541} INFO - Filling up the DagBag from /home/airflow/.local/lib/python3.10/site-packages/airflow/example_dags/example_latest_only_with_trigger.py
[2023-08-13T14:59:07.243+0000] {processor.py:836} INFO - DAG(s) dict_keys(['latest_only_with_trigger']) retrieved from /home/airflow/.local/lib/python3.10/site-packages/airflow/example_dags/example_latest_only_with_trigger.py
[2023-08-13T14:59:07.252+0000] {logging_mixin.py:149} INFO - [2023-08-13T14:59:07.252+0000] {dag.py:2726} INFO - Sync 1 DAGs
[2023-08-13T14:59:07.262+0000] {logging_mixin.py:149} INFO - [2023-08-13T14:59:07.262+0000] {dag.py:3486} INFO - Setting next_dagrun for latest_only_with_trigger to 2023-08-13T10:59:07.262226+00:00, run_after=2023-08-13T14:59:07.262226+00:00
[2023-08-13T14:59:07.269+0000] {processor.py:179} INFO - Processing /home/airflow/.local/lib/python3.10/site-packages/airflow/example_dags/example_latest_only_with_trigger.py took 0.031 seconds
[2023-08-13T14:59:37.550+0000] {processor.py:157} INFO - Started process (PID=832) to work on /home/airflow/.local/lib/python3.10/site-packages/airflow/example_dags/example_latest_only_with_trigger.py
[2023-08-13T14:59:37.551+0000] {processor.py:826} INFO - Processing file /home/airflow/.local/lib/python3.10/site-packages/airflow/example_dags/example_latest_only_with_trigger.py for tasks to queue
[2023-08-13T14:59:37.551+0000] {logging_mixin.py:149} INFO - [2023-08-13T14:59:37.551+0000] {dagbag.py:541} INFO - Filling up the DagBag from /home/airflow/.local/lib/python3.10/site-packages/airflow/example_dags/example_latest_only_with_trigger.py
[2023-08-13T14:59:37.553+0000] {processor.py:836} INFO - DAG(s) dict_keys(['latest_only_with_trigger']) retrieved from /home/airflow/.local/lib/python3.10/site-packages/airflow/example_dags/example_latest_only_with_trigger.py
[2023-08-13T14:59:37.563+0000] {logging_mixin.py:149} INFO - [2023-08-13T14:59:37.563+0000] {dag.py:2726} INFO - Sync 1 DAGs
[2023-08-13T14:59:37.572+0000] {logging_mixin.py:149} INFO - [2023-08-13T14:59:37.572+0000] {dag.py:3486} INFO - Setting next_dagrun for latest_only_with_trigger to 2023-08-13T10:59:37.572733+00:00, run_after=2023-08-13T14:59:37.572733+00:00
[2023-08-13T14:59:37.579+0000] {processor.py:179} INFO - Processing /home/airflow/.local/lib/python3.10/site-packages/airflow/example_dags/example_latest_only_with_trigger.py took 0.030 seconds
[2023-08-13T15:00:07.927+0000] {processor.py:157} INFO - Started process (PID=908) to work on /home/airflow/.local/lib/python3.10/site-packages/airflow/example_dags/example_latest_only_with_trigger.py
[2023-08-13T15:00:07.927+0000] {processor.py:826} INFO - Processing file /home/airflow/.local/lib/python3.10/site-packages/airflow/example_dags/example_latest_only_with_trigger.py for tasks to queue
[2023-08-13T15:00:07.928+0000] {logging_mixin.py:149} INFO - [2023-08-13T15:00:07.927+0000] {dagbag.py:541} INFO - Filling up the DagBag from /home/airflow/.local/lib/python3.10/site-packages/airflow/example_dags/example_latest_only_with_trigger.py
[2023-08-13T15:00:07.930+0000] {processor.py:836} INFO - DAG(s) dict_keys(['latest_only_with_trigger']) retrieved from /home/airflow/.local/lib/python3.10/site-packages/airflow/example_dags/example_latest_only_with_trigger.py
[2023-08-13T15:00:07.941+0000] {logging_mixin.py:149} INFO - [2023-08-13T15:00:07.940+0000] {dag.py:2726} INFO - Sync 1 DAGs
[2023-08-13T15:00:07.950+0000] {logging_mixin.py:149} INFO - [2023-08-13T15:00:07.950+0000] {dag.py:3486} INFO - Setting next_dagrun for latest_only_with_trigger to 2023-08-13T11:00:07.950704+00:00, run_after=2023-08-13T15:00:07.950704+00:00
[2023-08-13T15:00:07.958+0000] {processor.py:179} INFO - Processing /home/airflow/.local/lib/python3.10/site-packages/airflow/example_dags/example_latest_only_with_trigger.py took 0.032 seconds
[2023-08-13T15:00:38.376+0000] {processor.py:157} INFO - Started process (PID=984) to work on /home/airflow/.local/lib/python3.10/site-packages/airflow/example_dags/example_latest_only_with_trigger.py
[2023-08-13T15:00:38.377+0000] {processor.py:826} INFO - Processing file /home/airflow/.local/lib/python3.10/site-packages/airflow/example_dags/example_latest_only_with_trigger.py for tasks to queue
[2023-08-13T15:00:38.377+0000] {logging_mixin.py:149} INFO - [2023-08-13T15:00:38.377+0000] {dagbag.py:541} INFO - Filling up the DagBag from /home/airflow/.local/lib/python3.10/site-packages/airflow/example_dags/example_latest_only_with_trigger.py
[2023-08-13T15:00:38.379+0000] {processor.py:836} INFO - DAG(s) dict_keys(['latest_only_with_trigger']) retrieved from /home/airflow/.local/lib/python3.10/site-packages/airflow/example_dags/example_latest_only_with_trigger.py
[2023-08-13T15:00:38.390+0000] {logging_mixin.py:149} INFO - [2023-08-13T15:00:38.390+0000] {dag.py:2726} INFO - Sync 1 DAGs
[2023-08-13T15:00:38.401+0000] {logging_mixin.py:149} INFO - [2023-08-13T15:00:38.400+0000] {dag.py:3486} INFO - Setting next_dagrun for latest_only_with_trigger to 2023-08-13T11:00:38.400854+00:00, run_after=2023-08-13T15:00:38.400854+00:00
[2023-08-13T15:00:38.408+0000] {processor.py:179} INFO - Processing /home/airflow/.local/lib/python3.10/site-packages/airflow/example_dags/example_latest_only_with_trigger.py took 0.033 seconds
[2023-08-13T15:01:08.648+0000] {processor.py:157} INFO - Started process (PID=1061) to work on /home/airflow/.local/lib/python3.10/site-packages/airflow/example_dags/example_latest_only_with_trigger.py
[2023-08-13T15:01:08.648+0000] {processor.py:826} INFO - Processing file /home/airflow/.local/lib/python3.10/site-packages/airflow/example_dags/example_latest_only_with_trigger.py for tasks to queue
[2023-08-13T15:01:08.648+0000] {logging_mixin.py:149} INFO - [2023-08-13T15:01:08.648+0000] {dagbag.py:541} INFO - Filling up the DagBag from /home/airflow/.local/lib/python3.10/site-packages/airflow/example_dags/example_latest_only_with_trigger.py
[2023-08-13T15:01:08.651+0000] {processor.py:836} INFO - DAG(s) dict_keys(['latest_only_with_trigger']) retrieved from /home/airflow/.local/lib/python3.10/site-packages/airflow/example_dags/example_latest_only_with_trigger.py
[2023-08-13T15:01:08.661+0000] {logging_mixin.py:149} INFO - [2023-08-13T15:01:08.661+0000] {dag.py:2726} INFO - Sync 1 DAGs
[2023-08-13T15:01:08.671+0000] {logging_mixin.py:149} INFO - [2023-08-13T15:01:08.671+0000] {dag.py:3486} INFO - Setting next_dagrun for latest_only_with_trigger to 2023-08-13T11:01:08.671077+00:00, run_after=2023-08-13T15:01:08.671077+00:00
[2023-08-13T15:01:08.679+0000] {processor.py:179} INFO - Processing /home/airflow/.local/lib/python3.10/site-packages/airflow/example_dags/example_latest_only_with_trigger.py took 0.032 seconds
[2023-08-13T15:01:38.949+0000] {processor.py:157} INFO - Started process (PID=1138) to work on /home/airflow/.local/lib/python3.10/site-packages/airflow/example_dags/example_latest_only_with_trigger.py
[2023-08-13T15:01:38.950+0000] {processor.py:826} INFO - Processing file /home/airflow/.local/lib/python3.10/site-packages/airflow/example_dags/example_latest_only_with_trigger.py for tasks to queue
[2023-08-13T15:01:38.950+0000] {logging_mixin.py:149} INFO - [2023-08-13T15:01:38.950+0000] {dagbag.py:541} INFO - Filling up the DagBag from /home/airflow/.local/lib/python3.10/site-packages/airflow/example_dags/example_latest_only_with_trigger.py
[2023-08-13T15:01:38.952+0000] {processor.py:836} INFO - DAG(s) dict_keys(['latest_only_with_trigger']) retrieved from /home/airflow/.local/lib/python3.10/site-packages/airflow/example_dags/example_latest_only_with_trigger.py
[2023-08-13T15:01:38.962+0000] {logging_mixin.py:149} INFO - [2023-08-13T15:01:38.962+0000] {dag.py:2726} INFO - Sync 1 DAGs
[2023-08-13T15:01:38.972+0000] {logging_mixin.py:149} INFO - [2023-08-13T15:01:38.972+0000] {dag.py:3486} INFO - Setting next_dagrun for latest_only_with_trigger to 2023-08-13T11:01:38.972219+00:00, run_after=2023-08-13T15:01:38.972219+00:00
[2023-08-13T15:01:38.979+0000] {processor.py:179} INFO - Processing /home/airflow/.local/lib/python3.10/site-packages/airflow/example_dags/example_latest_only_with_trigger.py took 0.031 seconds
[2023-08-13T15:02:09.250+0000] {processor.py:157} INFO - Started process (PID=1215) to work on /home/airflow/.local/lib/python3.10/site-packages/airflow/example_dags/example_latest_only_with_trigger.py
[2023-08-13T15:02:09.250+0000] {processor.py:826} INFO - Processing file /home/airflow/.local/lib/python3.10/site-packages/airflow/example_dags/example_latest_only_with_trigger.py for tasks to queue
[2023-08-13T15:02:09.250+0000] {logging_mixin.py:149} INFO - [2023-08-13T15:02:09.250+0000] {dagbag.py:541} INFO - Filling up the DagBag from /home/airflow/.local/lib/python3.10/site-packages/airflow/example_dags/example_latest_only_with_trigger.py
[2023-08-13T15:02:09.253+0000] {processor.py:836} INFO - DAG(s) dict_keys(['latest_only_with_trigger']) retrieved from /home/airflow/.local/lib/python3.10/site-packages/airflow/example_dags/example_latest_only_with_trigger.py
[2023-08-13T15:02:09.264+0000] {logging_mixin.py:149} INFO - [2023-08-13T15:02:09.263+0000] {dag.py:2726} INFO - Sync 1 DAGs
[2023-08-13T15:02:09.273+0000] {logging_mixin.py:149} INFO - [2023-08-13T15:02:09.273+0000] {dag.py:3486} INFO - Setting next_dagrun for latest_only_with_trigger to 2023-08-13T11:02:09.273272+00:00, run_after=2023-08-13T15:02:09.273272+00:00
[2023-08-13T15:02:09.280+0000] {processor.py:179} INFO - Processing /home/airflow/.local/lib/python3.10/site-packages/airflow/example_dags/example_latest_only_with_trigger.py took 0.032 seconds
[2023-08-13T15:02:39.665+0000] {processor.py:157} INFO - Started process (PID=1292) to work on /home/airflow/.local/lib/python3.10/site-packages/airflow/example_dags/example_latest_only_with_trigger.py
[2023-08-13T15:02:39.665+0000] {processor.py:826} INFO - Processing file /home/airflow/.local/lib/python3.10/site-packages/airflow/example_dags/example_latest_only_with_trigger.py for tasks to queue
[2023-08-13T15:02:39.665+0000] {logging_mixin.py:149} INFO - [2023-08-13T15:02:39.665+0000] {dagbag.py:541} INFO - Filling up the DagBag from /home/airflow/.local/lib/python3.10/site-packages/airflow/example_dags/example_latest_only_with_trigger.py
[2023-08-13T15:02:39.668+0000] {processor.py:836} INFO - DAG(s) dict_keys(['latest_only_with_trigger']) retrieved from /home/airflow/.local/lib/python3.10/site-packages/airflow/example_dags/example_latest_only_with_trigger.py
[2023-08-13T15:02:39.678+0000] {logging_mixin.py:149} INFO - [2023-08-13T15:02:39.678+0000] {dag.py:2726} INFO - Sync 1 DAGs
[2023-08-13T15:02:39.688+0000] {logging_mixin.py:149} INFO - [2023-08-13T15:02:39.688+0000] {dag.py:3486} INFO - Setting next_dagrun for latest_only_with_trigger to 2023-08-13T11:02:39.688446+00:00, run_after=2023-08-13T15:02:39.688446+00:00
[2023-08-13T15:02:39.695+0000] {processor.py:179} INFO - Processing /home/airflow/.local/lib/python3.10/site-packages/airflow/example_dags/example_latest_only_with_trigger.py took 0.032 seconds
[2023-08-13T15:03:09.964+0000] {processor.py:157} INFO - Started process (PID=1369) to work on /home/airflow/.local/lib/python3.10/site-packages/airflow/example_dags/example_latest_only_with_trigger.py
[2023-08-13T15:03:09.965+0000] {processor.py:826} INFO - Processing file /home/airflow/.local/lib/python3.10/site-packages/airflow/example_dags/example_latest_only_with_trigger.py for tasks to queue
[2023-08-13T15:03:09.965+0000] {logging_mixin.py:149} INFO - [2023-08-13T15:03:09.965+0000] {dagbag.py:541} INFO - Filling up the DagBag from /home/airflow/.local/lib/python3.10/site-packages/airflow/example_dags/example_latest_only_with_trigger.py
[2023-08-13T15:03:09.967+0000] {processor.py:836} INFO - DAG(s) dict_keys(['latest_only_with_trigger']) retrieved from /home/airflow/.local/lib/python3.10/site-packages/airflow/example_dags/example_latest_only_with_trigger.py
[2023-08-13T15:03:09.977+0000] {logging_mixin.py:149} INFO - [2023-08-13T15:03:09.977+0000] {dag.py:2726} INFO - Sync 1 DAGs
[2023-08-13T15:03:09.987+0000] {logging_mixin.py:149} INFO - [2023-08-13T15:03:09.987+0000] {dag.py:3486} INFO - Setting next_dagrun for latest_only_with_trigger to 2023-08-13T11:03:09.987361+00:00, run_after=2023-08-13T15:03:09.987361+00:00
[2023-08-13T15:03:09.994+0000] {processor.py:179} INFO - Processing /home/airflow/.local/lib/python3.10/site-packages/airflow/example_dags/example_latest_only_with_trigger.py took 0.032 seconds
[2023-08-13T15:03:40.222+0000] {processor.py:157} INFO - Started process (PID=1446) to work on /home/airflow/.local/lib/python3.10/site-packages/airflow/example_dags/example_latest_only_with_trigger.py
[2023-08-13T15:03:40.223+0000] {processor.py:826} INFO - Processing file /home/airflow/.local/lib/python3.10/site-packages/airflow/example_dags/example_latest_only_with_trigger.py for tasks to queue
[2023-08-13T15:03:40.223+0000] {logging_mixin.py:149} INFO - [2023-08-13T15:03:40.223+0000] {dagbag.py:541} INFO - Filling up the DagBag from /home/airflow/.local/lib/python3.10/site-packages/airflow/example_dags/example_latest_only_with_trigger.py
[2023-08-13T15:03:40.225+0000] {processor.py:836} INFO - DAG(s) dict_keys(['latest_only_with_trigger']) retrieved from /home/airflow/.local/lib/python3.10/site-packages/airflow/example_dags/example_latest_only_with_trigger.py
[2023-08-13T15:03:40.236+0000] {logging_mixin.py:149} INFO - [2023-08-13T15:03:40.235+0000] {dag.py:2726} INFO - Sync 1 DAGs
[2023-08-13T15:03:40.245+0000] {logging_mixin.py:149} INFO - [2023-08-13T15:03:40.245+0000] {dag.py:3486} INFO - Setting next_dagrun for latest_only_with_trigger to 2023-08-13T11:03:40.245464+00:00, run_after=2023-08-13T15:03:40.245464+00:00
[2023-08-13T15:03:40.252+0000] {processor.py:179} INFO - Processing /home/airflow/.local/lib/python3.10/site-packages/airflow/example_dags/example_latest_only_with_trigger.py took 0.031 seconds
[2023-08-13T15:04:10.518+0000] {processor.py:157} INFO - Started process (PID=1523) to work on /home/airflow/.local/lib/python3.10/site-packages/airflow/example_dags/example_latest_only_with_trigger.py
[2023-08-13T15:04:10.518+0000] {processor.py:826} INFO - Processing file /home/airflow/.local/lib/python3.10/site-packages/airflow/example_dags/example_latest_only_with_trigger.py for tasks to queue
[2023-08-13T15:04:10.518+0000] {logging_mixin.py:149} INFO - [2023-08-13T15:04:10.518+0000] {dagbag.py:541} INFO - Filling up the DagBag from /home/airflow/.local/lib/python3.10/site-packages/airflow/example_dags/example_latest_only_with_trigger.py
[2023-08-13T15:04:10.521+0000] {processor.py:836} INFO - DAG(s) dict_keys(['latest_only_with_trigger']) retrieved from /home/airflow/.local/lib/python3.10/site-packages/airflow/example_dags/example_latest_only_with_trigger.py
[2023-08-13T15:04:10.531+0000] {logging_mixin.py:149} INFO - [2023-08-13T15:04:10.531+0000] {dag.py:2726} INFO - Sync 1 DAGs
[2023-08-13T15:04:10.541+0000] {logging_mixin.py:149} INFO - [2023-08-13T15:04:10.541+0000] {dag.py:3486} INFO - Setting next_dagrun for latest_only_with_trigger to 2023-08-13T11:04:10.541634+00:00, run_after=2023-08-13T15:04:10.541634+00:00
[2023-08-13T15:04:10.549+0000] {processor.py:179} INFO - Processing /home/airflow/.local/lib/python3.10/site-packages/airflow/example_dags/example_latest_only_with_trigger.py took 0.032 seconds
[2023-08-13T15:04:40.775+0000] {processor.py:157} INFO - Started process (PID=1600) to work on /home/airflow/.local/lib/python3.10/site-packages/airflow/example_dags/example_latest_only_with_trigger.py
[2023-08-13T15:04:40.775+0000] {processor.py:826} INFO - Processing file /home/airflow/.local/lib/python3.10/site-packages/airflow/example_dags/example_latest_only_with_trigger.py for tasks to queue
[2023-08-13T15:04:40.775+0000] {logging_mixin.py:149} INFO - [2023-08-13T15:04:40.775+0000] {dagbag.py:541} INFO - Filling up the DagBag from /home/airflow/.local/lib/python3.10/site-packages/airflow/example_dags/example_latest_only_with_trigger.py
[2023-08-13T15:04:40.778+0000] {processor.py:836} INFO - DAG(s) dict_keys(['latest_only_with_trigger']) retrieved from /home/airflow/.local/lib/python3.10/site-packages/airflow/example_dags/example_latest_only_with_trigger.py
[2023-08-13T15:04:40.788+0000] {logging_mixin.py:149} INFO - [2023-08-13T15:04:40.788+0000] {dag.py:2726} INFO - Sync 1 DAGs
[2023-08-13T15:04:40.798+0000] {logging_mixin.py:149} INFO - [2023-08-13T15:04:40.798+0000] {dag.py:3486} INFO - Setting next_dagrun for latest_only_with_trigger to 2023-08-13T11:04:40.798205+00:00, run_after=2023-08-13T15:04:40.798205+00:00
[2023-08-13T15:04:40.805+0000] {processor.py:179} INFO - Processing /home/airflow/.local/lib/python3.10/site-packages/airflow/example_dags/example_latest_only_with_trigger.py took 0.032 seconds
[2023-08-13T15:05:11.026+0000] {processor.py:157} INFO - Started process (PID=1677) to work on /home/airflow/.local/lib/python3.10/site-packages/airflow/example_dags/example_latest_only_with_trigger.py
[2023-08-13T15:05:11.026+0000] {processor.py:826} INFO - Processing file /home/airflow/.local/lib/python3.10/site-packages/airflow/example_dags/example_latest_only_with_trigger.py for tasks to queue
[2023-08-13T15:05:11.026+0000] {logging_mixin.py:149} INFO - [2023-08-13T15:05:11.026+0000] {dagbag.py:541} INFO - Filling up the DagBag from /home/airflow/.local/lib/python3.10/site-packages/airflow/example_dags/example_latest_only_with_trigger.py
[2023-08-13T15:05:11.029+0000] {processor.py:836} INFO - DAG(s) dict_keys(['latest_only_with_trigger']) retrieved from /home/airflow/.local/lib/python3.10/site-packages/airflow/example_dags/example_latest_only_with_trigger.py
[2023-08-13T15:05:11.039+0000] {logging_mixin.py:149} INFO - [2023-08-13T15:05:11.039+0000] {dag.py:2726} INFO - Sync 1 DAGs
[2023-08-13T15:05:11.049+0000] {logging_mixin.py:149} INFO - [2023-08-13T15:05:11.048+0000] {dag.py:3486} INFO - Setting next_dagrun for latest_only_with_trigger to 2023-08-13T11:05:11.048846+00:00, run_after=2023-08-13T15:05:11.048846+00:00
[2023-08-13T15:05:11.056+0000] {processor.py:179} INFO - Processing /home/airflow/.local/lib/python3.10/site-packages/airflow/example_dags/example_latest_only_with_trigger.py took 0.031 seconds
[2023-08-13T15:05:41.324+0000] {processor.py:157} INFO - Started process (PID=1754) to work on /home/airflow/.local/lib/python3.10/site-packages/airflow/example_dags/example_latest_only_with_trigger.py
[2023-08-13T15:05:41.325+0000] {processor.py:826} INFO - Processing file /home/airflow/.local/lib/python3.10/site-packages/airflow/example_dags/example_latest_only_with_trigger.py for tasks to queue
[2023-08-13T15:05:41.325+0000] {logging_mixin.py:149} INFO - [2023-08-13T15:05:41.325+0000] {dagbag.py:541} INFO - Filling up the DagBag from /home/airflow/.local/lib/python3.10/site-packages/airflow/example_dags/example_latest_only_with_trigger.py
[2023-08-13T15:05:41.328+0000] {processor.py:836} INFO - DAG(s) dict_keys(['latest_only_with_trigger']) retrieved from /home/airflow/.local/lib/python3.10/site-packages/airflow/example_dags/example_latest_only_with_trigger.py
[2023-08-13T15:05:41.337+0000] {logging_mixin.py:149} INFO - [2023-08-13T15:05:41.337+0000] {dag.py:2726} INFO - Sync 1 DAGs
[2023-08-13T15:05:41.347+0000] {logging_mixin.py:149} INFO - [2023-08-13T15:05:41.347+0000] {dag.py:3486} INFO - Setting next_dagrun for latest_only_with_trigger to 2023-08-13T11:05:41.347186+00:00, run_after=2023-08-13T15:05:41.347186+00:00
[2023-08-13T15:05:41.354+0000] {processor.py:179} INFO - Processing /home/airflow/.local/lib/python3.10/site-packages/airflow/example_dags/example_latest_only_with_trigger.py took 0.031 seconds
[2023-08-13T15:06:11.750+0000] {processor.py:157} INFO - Started process (PID=1831) to work on /home/airflow/.local/lib/python3.10/site-packages/airflow/example_dags/example_latest_only_with_trigger.py
[2023-08-13T15:06:11.750+0000] {processor.py:826} INFO - Processing file /home/airflow/.local/lib/python3.10/site-packages/airflow/example_dags/example_latest_only_with_trigger.py for tasks to queue
[2023-08-13T15:06:11.751+0000] {logging_mixin.py:149} INFO - [2023-08-13T15:06:11.751+0000] {dagbag.py:541} INFO - Filling up the DagBag from /home/airflow/.local/lib/python3.10/site-packages/airflow/example_dags/example_latest_only_with_trigger.py
[2023-08-13T15:06:11.753+0000] {processor.py:836} INFO - DAG(s) dict_keys(['latest_only_with_trigger']) retrieved from /home/airflow/.local/lib/python3.10/site-packages/airflow/example_dags/example_latest_only_with_trigger.py
[2023-08-13T15:06:11.763+0000] {logging_mixin.py:149} INFO - [2023-08-13T15:06:11.763+0000] {dag.py:2726} INFO - Sync 1 DAGs
[2023-08-13T15:06:11.773+0000] {logging_mixin.py:149} INFO - [2023-08-13T15:06:11.773+0000] {dag.py:3486} INFO - Setting next_dagrun for latest_only_with_trigger to 2023-08-13T11:06:11.773291+00:00, run_after=2023-08-13T15:06:11.773291+00:00
[2023-08-13T15:06:11.780+0000] {processor.py:179} INFO - Processing /home/airflow/.local/lib/python3.10/site-packages/airflow/example_dags/example_latest_only_with_trigger.py took 0.031 seconds
[2023-08-13T15:06:42.076+0000] {processor.py:157} INFO - Started process (PID=1908) to work on /home/airflow/.local/lib/python3.10/site-packages/airflow/example_dags/example_latest_only_with_trigger.py
[2023-08-13T15:06:42.076+0000] {processor.py:826} INFO - Processing file /home/airflow/.local/lib/python3.10/site-packages/airflow/example_dags/example_latest_only_with_trigger.py for tasks to queue
[2023-08-13T15:06:42.076+0000] {logging_mixin.py:149} INFO - [2023-08-13T15:06:42.076+0000] {dagbag.py:541} INFO - Filling up the DagBag from /home/airflow/.local/lib/python3.10/site-packages/airflow/example_dags/example_latest_only_with_trigger.py
[2023-08-13T15:06:42.079+0000] {processor.py:836} INFO - DAG(s) dict_keys(['latest_only_with_trigger']) retrieved from /home/airflow/.local/lib/python3.10/site-packages/airflow/example_dags/example_latest_only_with_trigger.py
[2023-08-13T15:06:42.089+0000] {logging_mixin.py:149} INFO - [2023-08-13T15:06:42.089+0000] {dag.py:2726} INFO - Sync 1 DAGs
[2023-08-13T15:06:42.098+0000] {logging_mixin.py:149} INFO - [2023-08-13T15:06:42.098+0000] {dag.py:3486} INFO - Setting next_dagrun for latest_only_with_trigger to 2023-08-13T11:06:42.098499+00:00, run_after=2023-08-13T15:06:42.098499+00:00
[2023-08-13T15:06:42.106+0000] {processor.py:179} INFO - Processing /home/airflow/.local/lib/python3.10/site-packages/airflow/example_dags/example_latest_only_with_trigger.py took 0.031 seconds
[2023-08-13T15:07:12.566+0000] {processor.py:157} INFO - Started process (PID=1984) to work on /home/airflow/.local/lib/python3.10/site-packages/airflow/example_dags/example_latest_only_with_trigger.py
[2023-08-13T15:07:12.567+0000] {processor.py:826} INFO - Processing file /home/airflow/.local/lib/python3.10/site-packages/airflow/example_dags/example_latest_only_with_trigger.py for tasks to queue
[2023-08-13T15:07:12.567+0000] {logging_mixin.py:149} INFO - [2023-08-13T15:07:12.567+0000] {dagbag.py:541} INFO - Filling up the DagBag from /home/airflow/.local/lib/python3.10/site-packages/airflow/example_dags/example_latest_only_with_trigger.py
[2023-08-13T15:07:12.569+0000] {processor.py:836} INFO - DAG(s) dict_keys(['latest_only_with_trigger']) retrieved from /home/airflow/.local/lib/python3.10/site-packages/airflow/example_dags/example_latest_only_with_trigger.py
[2023-08-13T15:07:12.580+0000] {logging_mixin.py:149} INFO - [2023-08-13T15:07:12.580+0000] {dag.py:2726} INFO - Sync 1 DAGs
[2023-08-13T15:07:12.590+0000] {logging_mixin.py:149} INFO - [2023-08-13T15:07:12.590+0000] {dag.py:3486} INFO - Setting next_dagrun for latest_only_with_trigger to 2023-08-13T11:07:12.590255+00:00, run_after=2023-08-13T15:07:12.590255+00:00
[2023-08-13T15:07:12.597+0000] {processor.py:179} INFO - Processing /home/airflow/.local/lib/python3.10/site-packages/airflow/example_dags/example_latest_only_with_trigger.py took 0.033 seconds
[2023-08-13T15:07:43.013+0000] {processor.py:157} INFO - Started process (PID=2061) to work on /home/airflow/.local/lib/python3.10/site-packages/airflow/example_dags/example_latest_only_with_trigger.py
[2023-08-13T15:07:43.013+0000] {processor.py:826} INFO - Processing file /home/airflow/.local/lib/python3.10/site-packages/airflow/example_dags/example_latest_only_with_trigger.py for tasks to queue
[2023-08-13T15:07:43.013+0000] {logging_mixin.py:149} INFO - [2023-08-13T15:07:43.013+0000] {dagbag.py:541} INFO - Filling up the DagBag from /home/airflow/.local/lib/python3.10/site-packages/airflow/example_dags/example_latest_only_with_trigger.py
[2023-08-13T15:07:43.016+0000] {processor.py:836} INFO - DAG(s) dict_keys(['latest_only_with_trigger']) retrieved from /home/airflow/.local/lib/python3.10/site-packages/airflow/example_dags/example_latest_only_with_trigger.py
[2023-08-13T15:07:43.026+0000] {logging_mixin.py:149} INFO - [2023-08-13T15:07:43.026+0000] {dag.py:2726} INFO - Sync 1 DAGs
[2023-08-13T15:07:43.036+0000] {logging_mixin.py:149} INFO - [2023-08-13T15:07:43.036+0000] {dag.py:3486} INFO - Setting next_dagrun for latest_only_with_trigger to 2023-08-13T11:07:43.036250+00:00, run_after=2023-08-13T15:07:43.036250+00:00
[2023-08-13T15:07:43.043+0000] {processor.py:179} INFO - Processing /home/airflow/.local/lib/python3.10/site-packages/airflow/example_dags/example_latest_only_with_trigger.py took 0.032 seconds
[2023-08-13T15:08:13.525+0000] {processor.py:157} INFO - Started process (PID=2138) to work on /home/airflow/.local/lib/python3.10/site-packages/airflow/example_dags/example_latest_only_with_trigger.py
[2023-08-13T15:08:13.525+0000] {processor.py:826} INFO - Processing file /home/airflow/.local/lib/python3.10/site-packages/airflow/example_dags/example_latest_only_with_trigger.py for tasks to queue
[2023-08-13T15:08:13.525+0000] {logging_mixin.py:149} INFO - [2023-08-13T15:08:13.525+0000] {dagbag.py:541} INFO - Filling up the DagBag from /home/airflow/.local/lib/python3.10/site-packages/airflow/example_dags/example_latest_only_with_trigger.py
[2023-08-13T15:08:13.528+0000] {processor.py:836} INFO - DAG(s) dict_keys(['latest_only_with_trigger']) retrieved from /home/airflow/.local/lib/python3.10/site-packages/airflow/example_dags/example_latest_only_with_trigger.py
[2023-08-13T15:08:13.538+0000] {logging_mixin.py:149} INFO - [2023-08-13T15:08:13.538+0000] {dag.py:2726} INFO - Sync 1 DAGs
[2023-08-13T15:08:13.548+0000] {logging_mixin.py:149} INFO - [2023-08-13T15:08:13.548+0000] {dag.py:3486} INFO - Setting next_dagrun for latest_only_with_trigger to 2023-08-13T11:08:13.548495+00:00, run_after=2023-08-13T15:08:13.548495+00:00
[2023-08-13T15:08:13.555+0000] {processor.py:179} INFO - Processing /home/airflow/.local/lib/python3.10/site-packages/airflow/example_dags/example_latest_only_with_trigger.py took 0.032 seconds
[2023-08-13T15:08:43.902+0000] {processor.py:157} INFO - Started process (PID=2215) to work on /home/airflow/.local/lib/python3.10/site-packages/airflow/example_dags/example_latest_only_with_trigger.py
[2023-08-13T15:08:43.902+0000] {processor.py:826} INFO - Processing file /home/airflow/.local/lib/python3.10/site-packages/airflow/example_dags/example_latest_only_with_trigger.py for tasks to queue
[2023-08-13T15:08:43.903+0000] {logging_mixin.py:149} INFO - [2023-08-13T15:08:43.903+0000] {dagbag.py:541} INFO - Filling up the DagBag from /home/airflow/.local/lib/python3.10/site-packages/airflow/example_dags/example_latest_only_with_trigger.py
[2023-08-13T15:08:43.905+0000] {processor.py:836} INFO - DAG(s) dict_keys(['latest_only_with_trigger']) retrieved from /home/airflow/.local/lib/python3.10/site-packages/airflow/example_dags/example_latest_only_with_trigger.py
[2023-08-13T15:08:43.915+0000] {logging_mixin.py:149} INFO - [2023-08-13T15:08:43.915+0000] {dag.py:2726} INFO - Sync 1 DAGs
[2023-08-13T15:08:43.925+0000] {logging_mixin.py:149} INFO - [2023-08-13T15:08:43.925+0000] {dag.py:3486} INFO - Setting next_dagrun for latest_only_with_trigger to 2023-08-13T11:08:43.925196+00:00, run_after=2023-08-13T15:08:43.925196+00:00
[2023-08-13T15:08:43.932+0000] {processor.py:179} INFO - Processing /home/airflow/.local/lib/python3.10/site-packages/airflow/example_dags/example_latest_only_with_trigger.py took 0.031 seconds
[2023-08-13T15:12:53.969+0000] {processor.py:157} INFO - Started process (PID=59) to work on /home/airflow/.local/lib/python3.10/site-packages/airflow/example_dags/example_latest_only_with_trigger.py
[2023-08-13T15:12:53.969+0000] {processor.py:826} INFO - Processing file /home/airflow/.local/lib/python3.10/site-packages/airflow/example_dags/example_latest_only_with_trigger.py for tasks to queue
[2023-08-13T15:12:53.970+0000] {logging_mixin.py:149} INFO - [2023-08-13T15:12:53.969+0000] {dagbag.py:541} INFO - Filling up the DagBag from /home/airflow/.local/lib/python3.10/site-packages/airflow/example_dags/example_latest_only_with_trigger.py
[2023-08-13T15:12:53.972+0000] {processor.py:836} INFO - DAG(s) dict_keys(['latest_only_with_trigger']) retrieved from /home/airflow/.local/lib/python3.10/site-packages/airflow/example_dags/example_latest_only_with_trigger.py
[2023-08-13T15:12:53.978+0000] {logging_mixin.py:149} INFO - [2023-08-13T15:12:53.978+0000] {dag.py:2726} INFO - Sync 1 DAGs
[2023-08-13T15:12:53.988+0000] {logging_mixin.py:149} INFO - [2023-08-13T15:12:53.988+0000] {dag.py:3486} INFO - Setting next_dagrun for latest_only_with_trigger to 2023-08-13T11:12:53.988279+00:00, run_after=2023-08-13T15:12:53.988279+00:00
[2023-08-13T15:12:53.996+0000] {processor.py:179} INFO - Processing /home/airflow/.local/lib/python3.10/site-packages/airflow/example_dags/example_latest_only_with_trigger.py took 0.028 seconds
[2023-08-13T15:13:24.130+0000] {processor.py:157} INFO - Started process (PID=136) to work on /home/airflow/.local/lib/python3.10/site-packages/airflow/example_dags/example_latest_only_with_trigger.py
[2023-08-13T15:13:24.130+0000] {processor.py:826} INFO - Processing file /home/airflow/.local/lib/python3.10/site-packages/airflow/example_dags/example_latest_only_with_trigger.py for tasks to queue
[2023-08-13T15:13:24.130+0000] {logging_mixin.py:149} INFO - [2023-08-13T15:13:24.130+0000] {dagbag.py:541} INFO - Filling up the DagBag from /home/airflow/.local/lib/python3.10/site-packages/airflow/example_dags/example_latest_only_with_trigger.py
[2023-08-13T15:13:24.133+0000] {processor.py:836} INFO - DAG(s) dict_keys(['latest_only_with_trigger']) retrieved from /home/airflow/.local/lib/python3.10/site-packages/airflow/example_dags/example_latest_only_with_trigger.py
[2023-08-13T15:13:24.143+0000] {logging_mixin.py:149} INFO - [2023-08-13T15:13:24.143+0000] {dag.py:2726} INFO - Sync 1 DAGs
[2023-08-13T15:13:24.153+0000] {logging_mixin.py:149} INFO - [2023-08-13T15:13:24.152+0000] {dag.py:3486} INFO - Setting next_dagrun for latest_only_with_trigger to 2023-08-13T11:13:24.152847+00:00, run_after=2023-08-13T15:13:24.152847+00:00
[2023-08-13T15:13:24.159+0000] {processor.py:179} INFO - Processing /home/airflow/.local/lib/python3.10/site-packages/airflow/example_dags/example_latest_only_with_trigger.py took 0.031 seconds
[2023-08-13T15:13:54.574+0000] {processor.py:157} INFO - Started process (PID=213) to work on /home/airflow/.local/lib/python3.10/site-packages/airflow/example_dags/example_latest_only_with_trigger.py
[2023-08-13T15:13:54.574+0000] {processor.py:826} INFO - Processing file /home/airflow/.local/lib/python3.10/site-packages/airflow/example_dags/example_latest_only_with_trigger.py for tasks to queue
[2023-08-13T15:13:54.575+0000] {logging_mixin.py:149} INFO - [2023-08-13T15:13:54.574+0000] {dagbag.py:541} INFO - Filling up the DagBag from /home/airflow/.local/lib/python3.10/site-packages/airflow/example_dags/example_latest_only_with_trigger.py
[2023-08-13T15:13:54.577+0000] {processor.py:836} INFO - DAG(s) dict_keys(['latest_only_with_trigger']) retrieved from /home/airflow/.local/lib/python3.10/site-packages/airflow/example_dags/example_latest_only_with_trigger.py
[2023-08-13T15:13:54.587+0000] {logging_mixin.py:149} INFO - [2023-08-13T15:13:54.587+0000] {dag.py:2726} INFO - Sync 1 DAGs
[2023-08-13T15:13:54.597+0000] {logging_mixin.py:149} INFO - [2023-08-13T15:13:54.597+0000] {dag.py:3486} INFO - Setting next_dagrun for latest_only_with_trigger to 2023-08-13T11:13:54.597049+00:00, run_after=2023-08-13T15:13:54.597049+00:00
[2023-08-13T15:13:54.604+0000] {processor.py:179} INFO - Processing /home/airflow/.local/lib/python3.10/site-packages/airflow/example_dags/example_latest_only_with_trigger.py took 0.031 seconds
[2023-08-13T15:14:25.030+0000] {processor.py:157} INFO - Started process (PID=294) to work on /home/airflow/.local/lib/python3.10/site-packages/airflow/example_dags/example_latest_only_with_trigger.py
[2023-08-13T15:14:25.030+0000] {processor.py:826} INFO - Processing file /home/airflow/.local/lib/python3.10/site-packages/airflow/example_dags/example_latest_only_with_trigger.py for tasks to queue
[2023-08-13T15:14:25.030+0000] {logging_mixin.py:149} INFO - [2023-08-13T15:14:25.030+0000] {dagbag.py:541} INFO - Filling up the DagBag from /home/airflow/.local/lib/python3.10/site-packages/airflow/example_dags/example_latest_only_with_trigger.py
[2023-08-13T15:14:25.033+0000] {processor.py:836} INFO - DAG(s) dict_keys(['latest_only_with_trigger']) retrieved from /home/airflow/.local/lib/python3.10/site-packages/airflow/example_dags/example_latest_only_with_trigger.py
[2023-08-13T15:14:25.044+0000] {logging_mixin.py:149} INFO - [2023-08-13T15:14:25.044+0000] {dag.py:2726} INFO - Sync 1 DAGs
[2023-08-13T15:14:25.054+0000] {logging_mixin.py:149} INFO - [2023-08-13T15:14:25.054+0000] {dag.py:3486} INFO - Setting next_dagrun for latest_only_with_trigger to 2023-08-13T11:14:25.053984+00:00, run_after=2023-08-13T15:14:25.053984+00:00
[2023-08-13T15:14:25.061+0000] {processor.py:179} INFO - Processing /home/airflow/.local/lib/python3.10/site-packages/airflow/example_dags/example_latest_only_with_trigger.py took 0.032 seconds
[2023-08-13T15:14:55.286+0000] {processor.py:157} INFO - Started process (PID=370) to work on /home/airflow/.local/lib/python3.10/site-packages/airflow/example_dags/example_latest_only_with_trigger.py
[2023-08-13T15:14:55.286+0000] {processor.py:826} INFO - Processing file /home/airflow/.local/lib/python3.10/site-packages/airflow/example_dags/example_latest_only_with_trigger.py for tasks to queue
[2023-08-13T15:14:55.286+0000] {logging_mixin.py:149} INFO - [2023-08-13T15:14:55.286+0000] {dagbag.py:541} INFO - Filling up the DagBag from /home/airflow/.local/lib/python3.10/site-packages/airflow/example_dags/example_latest_only_with_trigger.py
[2023-08-13T15:14:55.289+0000] {processor.py:836} INFO - DAG(s) dict_keys(['latest_only_with_trigger']) retrieved from /home/airflow/.local/lib/python3.10/site-packages/airflow/example_dags/example_latest_only_with_trigger.py
[2023-08-13T15:14:55.299+0000] {logging_mixin.py:149} INFO - [2023-08-13T15:14:55.299+0000] {dag.py:2726} INFO - Sync 1 DAGs
[2023-08-13T15:14:55.308+0000] {logging_mixin.py:149} INFO - [2023-08-13T15:14:55.308+0000] {dag.py:3486} INFO - Setting next_dagrun for latest_only_with_trigger to 2023-08-13T11:14:55.308250+00:00, run_after=2023-08-13T15:14:55.308250+00:00
[2023-08-13T15:14:55.315+0000] {processor.py:179} INFO - Processing /home/airflow/.local/lib/python3.10/site-packages/airflow/example_dags/example_latest_only_with_trigger.py took 0.031 seconds
[2023-08-13T15:15:25.806+0000] {processor.py:157} INFO - Started process (PID=448) to work on /home/airflow/.local/lib/python3.10/site-packages/airflow/example_dags/example_latest_only_with_trigger.py
[2023-08-13T15:15:25.807+0000] {processor.py:826} INFO - Processing file /home/airflow/.local/lib/python3.10/site-packages/airflow/example_dags/example_latest_only_with_trigger.py for tasks to queue
[2023-08-13T15:15:25.807+0000] {logging_mixin.py:149} INFO - [2023-08-13T15:15:25.807+0000] {dagbag.py:541} INFO - Filling up the DagBag from /home/airflow/.local/lib/python3.10/site-packages/airflow/example_dags/example_latest_only_with_trigger.py
[2023-08-13T15:15:25.810+0000] {processor.py:836} INFO - DAG(s) dict_keys(['latest_only_with_trigger']) retrieved from /home/airflow/.local/lib/python3.10/site-packages/airflow/example_dags/example_latest_only_with_trigger.py
[2023-08-13T15:15:25.820+0000] {logging_mixin.py:149} INFO - [2023-08-13T15:15:25.820+0000] {dag.py:2726} INFO - Sync 1 DAGs
[2023-08-13T15:15:25.830+0000] {logging_mixin.py:149} INFO - [2023-08-13T15:15:25.830+0000] {dag.py:3486} INFO - Setting next_dagrun for latest_only_with_trigger to 2023-08-13T11:15:25.830264+00:00, run_after=2023-08-13T15:15:25.830264+00:00
[2023-08-13T15:15:25.837+0000] {processor.py:179} INFO - Processing /home/airflow/.local/lib/python3.10/site-packages/airflow/example_dags/example_latest_only_with_trigger.py took 0.032 seconds
[2023-08-13T15:15:56.216+0000] {processor.py:157} INFO - Started process (PID=525) to work on /home/airflow/.local/lib/python3.10/site-packages/airflow/example_dags/example_latest_only_with_trigger.py
[2023-08-13T15:15:56.216+0000] {processor.py:826} INFO - Processing file /home/airflow/.local/lib/python3.10/site-packages/airflow/example_dags/example_latest_only_with_trigger.py for tasks to queue
[2023-08-13T15:15:56.216+0000] {logging_mixin.py:149} INFO - [2023-08-13T15:15:56.216+0000] {dagbag.py:541} INFO - Filling up the DagBag from /home/airflow/.local/lib/python3.10/site-packages/airflow/example_dags/example_latest_only_with_trigger.py
[2023-08-13T15:15:56.219+0000] {processor.py:836} INFO - DAG(s) dict_keys(['latest_only_with_trigger']) retrieved from /home/airflow/.local/lib/python3.10/site-packages/airflow/example_dags/example_latest_only_with_trigger.py
[2023-08-13T15:15:56.229+0000] {logging_mixin.py:149} INFO - [2023-08-13T15:15:56.229+0000] {dag.py:2726} INFO - Sync 1 DAGs
[2023-08-13T15:15:56.239+0000] {logging_mixin.py:149} INFO - [2023-08-13T15:15:56.239+0000] {dag.py:3486} INFO - Setting next_dagrun for latest_only_with_trigger to 2023-08-13T11:15:56.239219+00:00, run_after=2023-08-13T15:15:56.239219+00:00
[2023-08-13T15:15:56.246+0000] {processor.py:179} INFO - Processing /home/airflow/.local/lib/python3.10/site-packages/airflow/example_dags/example_latest_only_with_trigger.py took 0.031 seconds
[2023-08-13T15:16:26.503+0000] {processor.py:157} INFO - Started process (PID=602) to work on /home/airflow/.local/lib/python3.10/site-packages/airflow/example_dags/example_latest_only_with_trigger.py
[2023-08-13T15:16:26.503+0000] {processor.py:826} INFO - Processing file /home/airflow/.local/lib/python3.10/site-packages/airflow/example_dags/example_latest_only_with_trigger.py for tasks to queue
[2023-08-13T15:16:26.503+0000] {logging_mixin.py:149} INFO - [2023-08-13T15:16:26.503+0000] {dagbag.py:541} INFO - Filling up the DagBag from /home/airflow/.local/lib/python3.10/site-packages/airflow/example_dags/example_latest_only_with_trigger.py
[2023-08-13T15:16:26.506+0000] {processor.py:836} INFO - DAG(s) dict_keys(['latest_only_with_trigger']) retrieved from /home/airflow/.local/lib/python3.10/site-packages/airflow/example_dags/example_latest_only_with_trigger.py
[2023-08-13T15:16:26.517+0000] {logging_mixin.py:149} INFO - [2023-08-13T15:16:26.517+0000] {dag.py:2726} INFO - Sync 1 DAGs
[2023-08-13T15:16:26.527+0000] {logging_mixin.py:149} INFO - [2023-08-13T15:16:26.527+0000] {dag.py:3486} INFO - Setting next_dagrun for latest_only_with_trigger to 2023-08-13T11:16:26.527255+00:00, run_after=2023-08-13T15:16:26.527255+00:00
[2023-08-13T15:16:26.534+0000] {processor.py:179} INFO - Processing /home/airflow/.local/lib/python3.10/site-packages/airflow/example_dags/example_latest_only_with_trigger.py took 0.033 seconds
[2023-08-13T15:16:56.909+0000] {processor.py:157} INFO - Started process (PID=678) to work on /home/airflow/.local/lib/python3.10/site-packages/airflow/example_dags/example_latest_only_with_trigger.py
[2023-08-13T15:16:56.909+0000] {processor.py:826} INFO - Processing file /home/airflow/.local/lib/python3.10/site-packages/airflow/example_dags/example_latest_only_with_trigger.py for tasks to queue
[2023-08-13T15:16:56.909+0000] {logging_mixin.py:149} INFO - [2023-08-13T15:16:56.909+0000] {dagbag.py:541} INFO - Filling up the DagBag from /home/airflow/.local/lib/python3.10/site-packages/airflow/example_dags/example_latest_only_with_trigger.py
[2023-08-13T15:16:56.912+0000] {processor.py:836} INFO - DAG(s) dict_keys(['latest_only_with_trigger']) retrieved from /home/airflow/.local/lib/python3.10/site-packages/airflow/example_dags/example_latest_only_with_trigger.py
[2023-08-13T15:16:56.922+0000] {logging_mixin.py:149} INFO - [2023-08-13T15:16:56.922+0000] {dag.py:2726} INFO - Sync 1 DAGs
[2023-08-13T15:16:56.932+0000] {logging_mixin.py:149} INFO - [2023-08-13T15:16:56.932+0000] {dag.py:3486} INFO - Setting next_dagrun for latest_only_with_trigger to 2023-08-13T11:16:56.931898+00:00, run_after=2023-08-13T15:16:56.931898+00:00
[2023-08-13T15:16:56.939+0000] {processor.py:179} INFO - Processing /home/airflow/.local/lib/python3.10/site-packages/airflow/example_dags/example_latest_only_with_trigger.py took 0.032 seconds
[2023-08-13T15:17:27.129+0000] {processor.py:157} INFO - Started process (PID=755) to work on /home/airflow/.local/lib/python3.10/site-packages/airflow/example_dags/example_latest_only_with_trigger.py
[2023-08-13T15:17:27.130+0000] {processor.py:826} INFO - Processing file /home/airflow/.local/lib/python3.10/site-packages/airflow/example_dags/example_latest_only_with_trigger.py for tasks to queue
[2023-08-13T15:17:27.130+0000] {logging_mixin.py:149} INFO - [2023-08-13T15:17:27.130+0000] {dagbag.py:541} INFO - Filling up the DagBag from /home/airflow/.local/lib/python3.10/site-packages/airflow/example_dags/example_latest_only_with_trigger.py
[2023-08-13T15:17:27.133+0000] {processor.py:836} INFO - DAG(s) dict_keys(['latest_only_with_trigger']) retrieved from /home/airflow/.local/lib/python3.10/site-packages/airflow/example_dags/example_latest_only_with_trigger.py
[2023-08-13T15:17:27.143+0000] {logging_mixin.py:149} INFO - [2023-08-13T15:17:27.143+0000] {dag.py:2726} INFO - Sync 1 DAGs
[2023-08-13T15:17:27.153+0000] {logging_mixin.py:149} INFO - [2023-08-13T15:17:27.153+0000] {dag.py:3486} INFO - Setting next_dagrun for latest_only_with_trigger to 2023-08-13T11:17:27.152969+00:00, run_after=2023-08-13T15:17:27.152969+00:00
[2023-08-13T15:17:27.160+0000] {processor.py:179} INFO - Processing /home/airflow/.local/lib/python3.10/site-packages/airflow/example_dags/example_latest_only_with_trigger.py took 0.032 seconds
[2023-08-13T15:17:57.424+0000] {processor.py:157} INFO - Started process (PID=832) to work on /home/airflow/.local/lib/python3.10/site-packages/airflow/example_dags/example_latest_only_with_trigger.py
[2023-08-13T15:17:57.424+0000] {processor.py:826} INFO - Processing file /home/airflow/.local/lib/python3.10/site-packages/airflow/example_dags/example_latest_only_with_trigger.py for tasks to queue
[2023-08-13T15:17:57.424+0000] {logging_mixin.py:149} INFO - [2023-08-13T15:17:57.424+0000] {dagbag.py:541} INFO - Filling up the DagBag from /home/airflow/.local/lib/python3.10/site-packages/airflow/example_dags/example_latest_only_with_trigger.py
[2023-08-13T15:17:57.427+0000] {processor.py:836} INFO - DAG(s) dict_keys(['latest_only_with_trigger']) retrieved from /home/airflow/.local/lib/python3.10/site-packages/airflow/example_dags/example_latest_only_with_trigger.py
[2023-08-13T15:17:57.437+0000] {logging_mixin.py:149} INFO - [2023-08-13T15:17:57.437+0000] {dag.py:2726} INFO - Sync 1 DAGs
[2023-08-13T15:17:57.447+0000] {logging_mixin.py:149} INFO - [2023-08-13T15:17:57.447+0000] {dag.py:3486} INFO - Setting next_dagrun for latest_only_with_trigger to 2023-08-13T11:17:57.447046+00:00, run_after=2023-08-13T15:17:57.447046+00:00
[2023-08-13T15:17:57.454+0000] {processor.py:179} INFO - Processing /home/airflow/.local/lib/python3.10/site-packages/airflow/example_dags/example_latest_only_with_trigger.py took 0.032 seconds
[2023-08-13T15:18:27.735+0000] {processor.py:157} INFO - Started process (PID=909) to work on /home/airflow/.local/lib/python3.10/site-packages/airflow/example_dags/example_latest_only_with_trigger.py
[2023-08-13T15:18:27.736+0000] {processor.py:826} INFO - Processing file /home/airflow/.local/lib/python3.10/site-packages/airflow/example_dags/example_latest_only_with_trigger.py for tasks to queue
[2023-08-13T15:18:27.736+0000] {logging_mixin.py:149} INFO - [2023-08-13T15:18:27.736+0000] {dagbag.py:541} INFO - Filling up the DagBag from /home/airflow/.local/lib/python3.10/site-packages/airflow/example_dags/example_latest_only_with_trigger.py
[2023-08-13T15:18:27.738+0000] {processor.py:836} INFO - DAG(s) dict_keys(['latest_only_with_trigger']) retrieved from /home/airflow/.local/lib/python3.10/site-packages/airflow/example_dags/example_latest_only_with_trigger.py
[2023-08-13T15:18:27.748+0000] {logging_mixin.py:149} INFO - [2023-08-13T15:18:27.748+0000] {dag.py:2726} INFO - Sync 1 DAGs
[2023-08-13T15:18:27.758+0000] {logging_mixin.py:149} INFO - [2023-08-13T15:18:27.758+0000] {dag.py:3486} INFO - Setting next_dagrun for latest_only_with_trigger to 2023-08-13T11:18:27.758283+00:00, run_after=2023-08-13T15:18:27.758283+00:00
[2023-08-13T15:18:27.765+0000] {processor.py:179} INFO - Processing /home/airflow/.local/lib/python3.10/site-packages/airflow/example_dags/example_latest_only_with_trigger.py took 0.031 seconds
[2023-08-13T15:18:58.143+0000] {processor.py:157} INFO - Started process (PID=986) to work on /home/airflow/.local/lib/python3.10/site-packages/airflow/example_dags/example_latest_only_with_trigger.py
[2023-08-13T15:18:58.144+0000] {processor.py:826} INFO - Processing file /home/airflow/.local/lib/python3.10/site-packages/airflow/example_dags/example_latest_only_with_trigger.py for tasks to queue
[2023-08-13T15:18:58.144+0000] {logging_mixin.py:149} INFO - [2023-08-13T15:18:58.144+0000] {dagbag.py:541} INFO - Filling up the DagBag from /home/airflow/.local/lib/python3.10/site-packages/airflow/example_dags/example_latest_only_with_trigger.py
[2023-08-13T15:18:58.146+0000] {processor.py:836} INFO - DAG(s) dict_keys(['latest_only_with_trigger']) retrieved from /home/airflow/.local/lib/python3.10/site-packages/airflow/example_dags/example_latest_only_with_trigger.py
[2023-08-13T15:18:58.157+0000] {logging_mixin.py:149} INFO - [2023-08-13T15:18:58.157+0000] {dag.py:2726} INFO - Sync 1 DAGs
[2023-08-13T15:18:58.166+0000] {logging_mixin.py:149} INFO - [2023-08-13T15:18:58.166+0000] {dag.py:3486} INFO - Setting next_dagrun for latest_only_with_trigger to 2023-08-13T11:18:58.166720+00:00, run_after=2023-08-13T15:18:58.166720+00:00
[2023-08-13T15:18:58.174+0000] {processor.py:179} INFO - Processing /home/airflow/.local/lib/python3.10/site-packages/airflow/example_dags/example_latest_only_with_trigger.py took 0.032 seconds
[2023-08-13T15:19:28.469+0000] {processor.py:157} INFO - Started process (PID=1063) to work on /home/airflow/.local/lib/python3.10/site-packages/airflow/example_dags/example_latest_only_with_trigger.py
[2023-08-13T15:19:28.469+0000] {processor.py:826} INFO - Processing file /home/airflow/.local/lib/python3.10/site-packages/airflow/example_dags/example_latest_only_with_trigger.py for tasks to queue
[2023-08-13T15:19:28.470+0000] {logging_mixin.py:149} INFO - [2023-08-13T15:19:28.470+0000] {dagbag.py:541} INFO - Filling up the DagBag from /home/airflow/.local/lib/python3.10/site-packages/airflow/example_dags/example_latest_only_with_trigger.py
[2023-08-13T15:19:28.472+0000] {processor.py:836} INFO - DAG(s) dict_keys(['latest_only_with_trigger']) retrieved from /home/airflow/.local/lib/python3.10/site-packages/airflow/example_dags/example_latest_only_with_trigger.py
[2023-08-13T15:19:28.483+0000] {logging_mixin.py:149} INFO - [2023-08-13T15:19:28.483+0000] {dag.py:2726} INFO - Sync 1 DAGs
[2023-08-13T15:19:28.493+0000] {logging_mixin.py:149} INFO - [2023-08-13T15:19:28.493+0000] {dag.py:3486} INFO - Setting next_dagrun for latest_only_with_trigger to 2023-08-13T11:19:28.492973+00:00, run_after=2023-08-13T15:19:28.492973+00:00
[2023-08-13T15:19:28.500+0000] {processor.py:179} INFO - Processing /home/airflow/.local/lib/python3.10/site-packages/airflow/example_dags/example_latest_only_with_trigger.py took 0.032 seconds
[2023-08-13T15:19:58.752+0000] {processor.py:157} INFO - Started process (PID=1140) to work on /home/airflow/.local/lib/python3.10/site-packages/airflow/example_dags/example_latest_only_with_trigger.py
[2023-08-13T15:19:58.753+0000] {processor.py:826} INFO - Processing file /home/airflow/.local/lib/python3.10/site-packages/airflow/example_dags/example_latest_only_with_trigger.py for tasks to queue
[2023-08-13T15:19:58.753+0000] {logging_mixin.py:149} INFO - [2023-08-13T15:19:58.753+0000] {dagbag.py:541} INFO - Filling up the DagBag from /home/airflow/.local/lib/python3.10/site-packages/airflow/example_dags/example_latest_only_with_trigger.py
[2023-08-13T15:19:58.755+0000] {processor.py:836} INFO - DAG(s) dict_keys(['latest_only_with_trigger']) retrieved from /home/airflow/.local/lib/python3.10/site-packages/airflow/example_dags/example_latest_only_with_trigger.py
[2023-08-13T15:19:58.766+0000] {logging_mixin.py:149} INFO - [2023-08-13T15:19:58.766+0000] {dag.py:2726} INFO - Sync 1 DAGs
[2023-08-13T15:19:58.776+0000] {logging_mixin.py:149} INFO - [2023-08-13T15:19:58.776+0000] {dag.py:3486} INFO - Setting next_dagrun for latest_only_with_trigger to 2023-08-13T11:19:58.775911+00:00, run_after=2023-08-13T15:19:58.775911+00:00
[2023-08-13T15:19:58.783+0000] {processor.py:179} INFO - Processing /home/airflow/.local/lib/python3.10/site-packages/airflow/example_dags/example_latest_only_with_trigger.py took 0.032 seconds
[2023-08-13T15:20:29.129+0000] {processor.py:157} INFO - Started process (PID=1217) to work on /home/airflow/.local/lib/python3.10/site-packages/airflow/example_dags/example_latest_only_with_trigger.py
[2023-08-13T15:20:29.129+0000] {processor.py:826} INFO - Processing file /home/airflow/.local/lib/python3.10/site-packages/airflow/example_dags/example_latest_only_with_trigger.py for tasks to queue
[2023-08-13T15:20:29.130+0000] {logging_mixin.py:149} INFO - [2023-08-13T15:20:29.130+0000] {dagbag.py:541} INFO - Filling up the DagBag from /home/airflow/.local/lib/python3.10/site-packages/airflow/example_dags/example_latest_only_with_trigger.py
[2023-08-13T15:20:29.132+0000] {processor.py:836} INFO - DAG(s) dict_keys(['latest_only_with_trigger']) retrieved from /home/airflow/.local/lib/python3.10/site-packages/airflow/example_dags/example_latest_only_with_trigger.py
[2023-08-13T15:20:29.142+0000] {logging_mixin.py:149} INFO - [2023-08-13T15:20:29.142+0000] {dag.py:2726} INFO - Sync 1 DAGs
[2023-08-13T15:20:29.152+0000] {logging_mixin.py:149} INFO - [2023-08-13T15:20:29.152+0000] {dag.py:3486} INFO - Setting next_dagrun for latest_only_with_trigger to 2023-08-13T11:20:29.152104+00:00, run_after=2023-08-13T15:20:29.152104+00:00
[2023-08-13T15:20:29.159+0000] {processor.py:179} INFO - Processing /home/airflow/.local/lib/python3.10/site-packages/airflow/example_dags/example_latest_only_with_trigger.py took 0.031 seconds
[2023-08-13T15:20:59.396+0000] {processor.py:157} INFO - Started process (PID=1294) to work on /home/airflow/.local/lib/python3.10/site-packages/airflow/example_dags/example_latest_only_with_trigger.py
[2023-08-13T15:20:59.396+0000] {processor.py:826} INFO - Processing file /home/airflow/.local/lib/python3.10/site-packages/airflow/example_dags/example_latest_only_with_trigger.py for tasks to queue
[2023-08-13T15:20:59.397+0000] {logging_mixin.py:149} INFO - [2023-08-13T15:20:59.397+0000] {dagbag.py:541} INFO - Filling up the DagBag from /home/airflow/.local/lib/python3.10/site-packages/airflow/example_dags/example_latest_only_with_trigger.py
[2023-08-13T15:20:59.399+0000] {processor.py:836} INFO - DAG(s) dict_keys(['latest_only_with_trigger']) retrieved from /home/airflow/.local/lib/python3.10/site-packages/airflow/example_dags/example_latest_only_with_trigger.py
[2023-08-13T15:20:59.409+0000] {logging_mixin.py:149} INFO - [2023-08-13T15:20:59.409+0000] {dag.py:2726} INFO - Sync 1 DAGs
[2023-08-13T15:20:59.418+0000] {logging_mixin.py:149} INFO - [2023-08-13T15:20:59.418+0000] {dag.py:3486} INFO - Setting next_dagrun for latest_only_with_trigger to 2023-08-13T11:20:59.418410+00:00, run_after=2023-08-13T15:20:59.418410+00:00
[2023-08-13T15:20:59.425+0000] {processor.py:179} INFO - Processing /home/airflow/.local/lib/python3.10/site-packages/airflow/example_dags/example_latest_only_with_trigger.py took 0.030 seconds
[2023-08-13T15:21:29.736+0000] {processor.py:157} INFO - Started process (PID=1371) to work on /home/airflow/.local/lib/python3.10/site-packages/airflow/example_dags/example_latest_only_with_trigger.py
[2023-08-13T15:21:29.737+0000] {processor.py:826} INFO - Processing file /home/airflow/.local/lib/python3.10/site-packages/airflow/example_dags/example_latest_only_with_trigger.py for tasks to queue
[2023-08-13T15:21:29.737+0000] {logging_mixin.py:149} INFO - [2023-08-13T15:21:29.737+0000] {dagbag.py:541} INFO - Filling up the DagBag from /home/airflow/.local/lib/python3.10/site-packages/airflow/example_dags/example_latest_only_with_trigger.py
[2023-08-13T15:21:29.739+0000] {processor.py:836} INFO - DAG(s) dict_keys(['latest_only_with_trigger']) retrieved from /home/airflow/.local/lib/python3.10/site-packages/airflow/example_dags/example_latest_only_with_trigger.py
[2023-08-13T15:21:29.750+0000] {logging_mixin.py:149} INFO - [2023-08-13T15:21:29.750+0000] {dag.py:2726} INFO - Sync 1 DAGs
[2023-08-13T15:21:29.759+0000] {logging_mixin.py:149} INFO - [2023-08-13T15:21:29.759+0000] {dag.py:3486} INFO - Setting next_dagrun for latest_only_with_trigger to 2023-08-13T11:21:29.759733+00:00, run_after=2023-08-13T15:21:29.759733+00:00
[2023-08-13T15:21:29.766+0000] {processor.py:179} INFO - Processing /home/airflow/.local/lib/python3.10/site-packages/airflow/example_dags/example_latest_only_with_trigger.py took 0.032 seconds
[2023-08-13T15:21:59.952+0000] {processor.py:157} INFO - Started process (PID=1449) to work on /home/airflow/.local/lib/python3.10/site-packages/airflow/example_dags/example_latest_only_with_trigger.py
[2023-08-13T15:21:59.952+0000] {processor.py:826} INFO - Processing file /home/airflow/.local/lib/python3.10/site-packages/airflow/example_dags/example_latest_only_with_trigger.py for tasks to queue
[2023-08-13T15:21:59.953+0000] {logging_mixin.py:149} INFO - [2023-08-13T15:21:59.953+0000] {dagbag.py:541} INFO - Filling up the DagBag from /home/airflow/.local/lib/python3.10/site-packages/airflow/example_dags/example_latest_only_with_trigger.py
[2023-08-13T15:21:59.955+0000] {processor.py:836} INFO - DAG(s) dict_keys(['latest_only_with_trigger']) retrieved from /home/airflow/.local/lib/python3.10/site-packages/airflow/example_dags/example_latest_only_with_trigger.py
[2023-08-13T15:21:59.965+0000] {logging_mixin.py:149} INFO - [2023-08-13T15:21:59.965+0000] {dag.py:2726} INFO - Sync 1 DAGs
[2023-08-13T15:21:59.975+0000] {logging_mixin.py:149} INFO - [2023-08-13T15:21:59.975+0000] {dag.py:3486} INFO - Setting next_dagrun for latest_only_with_trigger to 2023-08-13T11:21:59.975241+00:00, run_after=2023-08-13T15:21:59.975241+00:00
[2023-08-13T15:21:59.982+0000] {processor.py:179} INFO - Processing /home/airflow/.local/lib/python3.10/site-packages/airflow/example_dags/example_latest_only_with_trigger.py took 0.031 seconds
[2023-08-13T15:22:30.216+0000] {processor.py:157} INFO - Started process (PID=1526) to work on /home/airflow/.local/lib/python3.10/site-packages/airflow/example_dags/example_latest_only_with_trigger.py
[2023-08-13T15:22:30.216+0000] {processor.py:826} INFO - Processing file /home/airflow/.local/lib/python3.10/site-packages/airflow/example_dags/example_latest_only_with_trigger.py for tasks to queue
[2023-08-13T15:22:30.216+0000] {logging_mixin.py:149} INFO - [2023-08-13T15:22:30.216+0000] {dagbag.py:541} INFO - Filling up the DagBag from /home/airflow/.local/lib/python3.10/site-packages/airflow/example_dags/example_latest_only_with_trigger.py
[2023-08-13T15:22:30.219+0000] {processor.py:836} INFO - DAG(s) dict_keys(['latest_only_with_trigger']) retrieved from /home/airflow/.local/lib/python3.10/site-packages/airflow/example_dags/example_latest_only_with_trigger.py
[2023-08-13T15:22:30.229+0000] {logging_mixin.py:149} INFO - [2023-08-13T15:22:30.229+0000] {dag.py:2726} INFO - Sync 1 DAGs
[2023-08-13T15:22:30.239+0000] {logging_mixin.py:149} INFO - [2023-08-13T15:22:30.239+0000] {dag.py:3486} INFO - Setting next_dagrun for latest_only_with_trigger to 2023-08-13T11:22:30.238930+00:00, run_after=2023-08-13T15:22:30.238930+00:00
[2023-08-13T15:22:30.246+0000] {processor.py:179} INFO - Processing /home/airflow/.local/lib/python3.10/site-packages/airflow/example_dags/example_latest_only_with_trigger.py took 0.032 seconds
[2023-08-13T15:23:00.642+0000] {processor.py:157} INFO - Started process (PID=1603) to work on /home/airflow/.local/lib/python3.10/site-packages/airflow/example_dags/example_latest_only_with_trigger.py
[2023-08-13T15:23:00.643+0000] {processor.py:826} INFO - Processing file /home/airflow/.local/lib/python3.10/site-packages/airflow/example_dags/example_latest_only_with_trigger.py for tasks to queue
[2023-08-13T15:23:00.643+0000] {logging_mixin.py:149} INFO - [2023-08-13T15:23:00.643+0000] {dagbag.py:541} INFO - Filling up the DagBag from /home/airflow/.local/lib/python3.10/site-packages/airflow/example_dags/example_latest_only_with_trigger.py
[2023-08-13T15:23:00.645+0000] {processor.py:836} INFO - DAG(s) dict_keys(['latest_only_with_trigger']) retrieved from /home/airflow/.local/lib/python3.10/site-packages/airflow/example_dags/example_latest_only_with_trigger.py
[2023-08-13T15:23:00.655+0000] {logging_mixin.py:149} INFO - [2023-08-13T15:23:00.655+0000] {dag.py:2726} INFO - Sync 1 DAGs
[2023-08-13T15:23:00.665+0000] {logging_mixin.py:149} INFO - [2023-08-13T15:23:00.665+0000] {dag.py:3486} INFO - Setting next_dagrun for latest_only_with_trigger to 2023-08-13T11:23:00.665285+00:00, run_after=2023-08-13T15:23:00.665285+00:00
[2023-08-13T15:23:00.672+0000] {processor.py:179} INFO - Processing /home/airflow/.local/lib/python3.10/site-packages/airflow/example_dags/example_latest_only_with_trigger.py took 0.031 seconds
[2023-08-13T15:23:30.860+0000] {processor.py:157} INFO - Started process (PID=1680) to work on /home/airflow/.local/lib/python3.10/site-packages/airflow/example_dags/example_latest_only_with_trigger.py
[2023-08-13T15:23:30.860+0000] {processor.py:826} INFO - Processing file /home/airflow/.local/lib/python3.10/site-packages/airflow/example_dags/example_latest_only_with_trigger.py for tasks to queue
[2023-08-13T15:23:30.860+0000] {logging_mixin.py:149} INFO - [2023-08-13T15:23:30.860+0000] {dagbag.py:541} INFO - Filling up the DagBag from /home/airflow/.local/lib/python3.10/site-packages/airflow/example_dags/example_latest_only_with_trigger.py
[2023-08-13T15:23:30.863+0000] {processor.py:836} INFO - DAG(s) dict_keys(['latest_only_with_trigger']) retrieved from /home/airflow/.local/lib/python3.10/site-packages/airflow/example_dags/example_latest_only_with_trigger.py
[2023-08-13T15:23:30.874+0000] {logging_mixin.py:149} INFO - [2023-08-13T15:23:30.873+0000] {dag.py:2726} INFO - Sync 1 DAGs
[2023-08-13T15:23:30.883+0000] {logging_mixin.py:149} INFO - [2023-08-13T15:23:30.883+0000] {dag.py:3486} INFO - Setting next_dagrun for latest_only_with_trigger to 2023-08-13T11:23:30.883247+00:00, run_after=2023-08-13T15:23:30.883247+00:00
[2023-08-13T15:23:30.890+0000] {processor.py:179} INFO - Processing /home/airflow/.local/lib/python3.10/site-packages/airflow/example_dags/example_latest_only_with_trigger.py took 0.031 seconds
[2023-08-13T15:24:01.364+0000] {processor.py:157} INFO - Started process (PID=1757) to work on /home/airflow/.local/lib/python3.10/site-packages/airflow/example_dags/example_latest_only_with_trigger.py
[2023-08-13T15:24:01.365+0000] {processor.py:826} INFO - Processing file /home/airflow/.local/lib/python3.10/site-packages/airflow/example_dags/example_latest_only_with_trigger.py for tasks to queue
[2023-08-13T15:24:01.365+0000] {logging_mixin.py:149} INFO - [2023-08-13T15:24:01.365+0000] {dagbag.py:541} INFO - Filling up the DagBag from /home/airflow/.local/lib/python3.10/site-packages/airflow/example_dags/example_latest_only_with_trigger.py
[2023-08-13T15:24:01.368+0000] {processor.py:836} INFO - DAG(s) dict_keys(['latest_only_with_trigger']) retrieved from /home/airflow/.local/lib/python3.10/site-packages/airflow/example_dags/example_latest_only_with_trigger.py
[2023-08-13T15:24:01.378+0000] {logging_mixin.py:149} INFO - [2023-08-13T15:24:01.378+0000] {dag.py:2726} INFO - Sync 1 DAGs
[2023-08-13T15:24:01.387+0000] {logging_mixin.py:149} INFO - [2023-08-13T15:24:01.387+0000] {dag.py:3486} INFO - Setting next_dagrun for latest_only_with_trigger to 2023-08-13T11:24:01.387432+00:00, run_after=2023-08-13T15:24:01.387432+00:00
[2023-08-13T15:24:01.395+0000] {processor.py:179} INFO - Processing /home/airflow/.local/lib/python3.10/site-packages/airflow/example_dags/example_latest_only_with_trigger.py took 0.032 seconds
[2023-08-13T15:24:31.658+0000] {processor.py:157} INFO - Started process (PID=1834) to work on /home/airflow/.local/lib/python3.10/site-packages/airflow/example_dags/example_latest_only_with_trigger.py
[2023-08-13T15:24:31.658+0000] {processor.py:826} INFO - Processing file /home/airflow/.local/lib/python3.10/site-packages/airflow/example_dags/example_latest_only_with_trigger.py for tasks to queue
[2023-08-13T15:24:31.659+0000] {logging_mixin.py:149} INFO - [2023-08-13T15:24:31.659+0000] {dagbag.py:541} INFO - Filling up the DagBag from /home/airflow/.local/lib/python3.10/site-packages/airflow/example_dags/example_latest_only_with_trigger.py
[2023-08-13T15:24:31.661+0000] {processor.py:836} INFO - DAG(s) dict_keys(['latest_only_with_trigger']) retrieved from /home/airflow/.local/lib/python3.10/site-packages/airflow/example_dags/example_latest_only_with_trigger.py
[2023-08-13T15:24:31.671+0000] {logging_mixin.py:149} INFO - [2023-08-13T15:24:31.671+0000] {dag.py:2726} INFO - Sync 1 DAGs
[2023-08-13T15:24:31.681+0000] {logging_mixin.py:149} INFO - [2023-08-13T15:24:31.680+0000] {dag.py:3486} INFO - Setting next_dagrun for latest_only_with_trigger to 2023-08-13T11:24:31.680832+00:00, run_after=2023-08-13T15:24:31.680832+00:00
[2023-08-13T15:24:31.687+0000] {processor.py:179} INFO - Processing /home/airflow/.local/lib/python3.10/site-packages/airflow/example_dags/example_latest_only_with_trigger.py took 0.031 seconds
[2023-08-13T15:25:02.065+0000] {processor.py:157} INFO - Started process (PID=1911) to work on /home/airflow/.local/lib/python3.10/site-packages/airflow/example_dags/example_latest_only_with_trigger.py
[2023-08-13T15:25:02.065+0000] {processor.py:826} INFO - Processing file /home/airflow/.local/lib/python3.10/site-packages/airflow/example_dags/example_latest_only_with_trigger.py for tasks to queue
[2023-08-13T15:25:02.065+0000] {logging_mixin.py:149} INFO - [2023-08-13T15:25:02.065+0000] {dagbag.py:541} INFO - Filling up the DagBag from /home/airflow/.local/lib/python3.10/site-packages/airflow/example_dags/example_latest_only_with_trigger.py
[2023-08-13T15:25:02.068+0000] {processor.py:836} INFO - DAG(s) dict_keys(['latest_only_with_trigger']) retrieved from /home/airflow/.local/lib/python3.10/site-packages/airflow/example_dags/example_latest_only_with_trigger.py
[2023-08-13T15:25:02.078+0000] {logging_mixin.py:149} INFO - [2023-08-13T15:25:02.078+0000] {dag.py:2726} INFO - Sync 1 DAGs
[2023-08-13T15:25:02.088+0000] {logging_mixin.py:149} INFO - [2023-08-13T15:25:02.087+0000] {dag.py:3486} INFO - Setting next_dagrun for latest_only_with_trigger to 2023-08-13T11:25:02.087810+00:00, run_after=2023-08-13T15:25:02.087810+00:00
[2023-08-13T15:25:02.094+0000] {processor.py:179} INFO - Processing /home/airflow/.local/lib/python3.10/site-packages/airflow/example_dags/example_latest_only_with_trigger.py took 0.031 seconds
[2023-08-13T15:25:32.387+0000] {processor.py:157} INFO - Started process (PID=1988) to work on /home/airflow/.local/lib/python3.10/site-packages/airflow/example_dags/example_latest_only_with_trigger.py
[2023-08-13T15:25:32.388+0000] {processor.py:826} INFO - Processing file /home/airflow/.local/lib/python3.10/site-packages/airflow/example_dags/example_latest_only_with_trigger.py for tasks to queue
[2023-08-13T15:25:32.388+0000] {logging_mixin.py:149} INFO - [2023-08-13T15:25:32.388+0000] {dagbag.py:541} INFO - Filling up the DagBag from /home/airflow/.local/lib/python3.10/site-packages/airflow/example_dags/example_latest_only_with_trigger.py
[2023-08-13T15:25:32.391+0000] {processor.py:836} INFO - DAG(s) dict_keys(['latest_only_with_trigger']) retrieved from /home/airflow/.local/lib/python3.10/site-packages/airflow/example_dags/example_latest_only_with_trigger.py
[2023-08-13T15:25:32.401+0000] {logging_mixin.py:149} INFO - [2023-08-13T15:25:32.401+0000] {dag.py:2726} INFO - Sync 1 DAGs
[2023-08-13T15:25:32.411+0000] {logging_mixin.py:149} INFO - [2023-08-13T15:25:32.411+0000] {dag.py:3486} INFO - Setting next_dagrun for latest_only_with_trigger to 2023-08-13T11:25:32.411606+00:00, run_after=2023-08-13T15:25:32.411606+00:00
[2023-08-13T15:25:32.418+0000] {processor.py:179} INFO - Processing /home/airflow/.local/lib/python3.10/site-packages/airflow/example_dags/example_latest_only_with_trigger.py took 0.033 seconds
[2023-08-13T15:26:02.668+0000] {processor.py:157} INFO - Started process (PID=2065) to work on /home/airflow/.local/lib/python3.10/site-packages/airflow/example_dags/example_latest_only_with_trigger.py
[2023-08-13T15:26:02.668+0000] {processor.py:826} INFO - Processing file /home/airflow/.local/lib/python3.10/site-packages/airflow/example_dags/example_latest_only_with_trigger.py for tasks to queue
[2023-08-13T15:26:02.668+0000] {logging_mixin.py:149} INFO - [2023-08-13T15:26:02.668+0000] {dagbag.py:541} INFO - Filling up the DagBag from /home/airflow/.local/lib/python3.10/site-packages/airflow/example_dags/example_latest_only_with_trigger.py
[2023-08-13T15:26:02.671+0000] {processor.py:836} INFO - DAG(s) dict_keys(['latest_only_with_trigger']) retrieved from /home/airflow/.local/lib/python3.10/site-packages/airflow/example_dags/example_latest_only_with_trigger.py
[2023-08-13T15:26:02.681+0000] {logging_mixin.py:149} INFO - [2023-08-13T15:26:02.681+0000] {dag.py:2726} INFO - Sync 1 DAGs
[2023-08-13T15:26:02.691+0000] {logging_mixin.py:149} INFO - [2023-08-13T15:26:02.691+0000] {dag.py:3486} INFO - Setting next_dagrun for latest_only_with_trigger to 2023-08-13T11:26:02.691010+00:00, run_after=2023-08-13T15:26:02.691010+00:00
[2023-08-13T15:26:02.698+0000] {processor.py:179} INFO - Processing /home/airflow/.local/lib/python3.10/site-packages/airflow/example_dags/example_latest_only_with_trigger.py took 0.032 seconds
[2023-08-13T15:26:33.086+0000] {processor.py:157} INFO - Started process (PID=2143) to work on /home/airflow/.local/lib/python3.10/site-packages/airflow/example_dags/example_latest_only_with_trigger.py
[2023-08-13T15:26:33.087+0000] {processor.py:826} INFO - Processing file /home/airflow/.local/lib/python3.10/site-packages/airflow/example_dags/example_latest_only_with_trigger.py for tasks to queue
[2023-08-13T15:26:33.087+0000] {logging_mixin.py:149} INFO - [2023-08-13T15:26:33.087+0000] {dagbag.py:541} INFO - Filling up the DagBag from /home/airflow/.local/lib/python3.10/site-packages/airflow/example_dags/example_latest_only_with_trigger.py
[2023-08-13T15:26:33.090+0000] {processor.py:836} INFO - DAG(s) dict_keys(['latest_only_with_trigger']) retrieved from /home/airflow/.local/lib/python3.10/site-packages/airflow/example_dags/example_latest_only_with_trigger.py
[2023-08-13T15:26:33.100+0000] {logging_mixin.py:149} INFO - [2023-08-13T15:26:33.100+0000] {dag.py:2726} INFO - Sync 1 DAGs
[2023-08-13T15:26:33.109+0000] {logging_mixin.py:149} INFO - [2023-08-13T15:26:33.109+0000] {dag.py:3486} INFO - Setting next_dagrun for latest_only_with_trigger to 2023-08-13T11:26:33.109383+00:00, run_after=2023-08-13T15:26:33.109383+00:00
[2023-08-13T15:26:33.116+0000] {processor.py:179} INFO - Processing /home/airflow/.local/lib/python3.10/site-packages/airflow/example_dags/example_latest_only_with_trigger.py took 0.031 seconds
[2023-08-13T15:27:03.710+0000] {processor.py:157} INFO - Started process (PID=2220) to work on /home/airflow/.local/lib/python3.10/site-packages/airflow/example_dags/example_latest_only_with_trigger.py
[2023-08-13T15:27:03.711+0000] {processor.py:826} INFO - Processing file /home/airflow/.local/lib/python3.10/site-packages/airflow/example_dags/example_latest_only_with_trigger.py for tasks to queue
[2023-08-13T15:27:03.711+0000] {logging_mixin.py:149} INFO - [2023-08-13T15:27:03.711+0000] {dagbag.py:541} INFO - Filling up the DagBag from /home/airflow/.local/lib/python3.10/site-packages/airflow/example_dags/example_latest_only_with_trigger.py
[2023-08-13T15:27:03.714+0000] {processor.py:836} INFO - DAG(s) dict_keys(['latest_only_with_trigger']) retrieved from /home/airflow/.local/lib/python3.10/site-packages/airflow/example_dags/example_latest_only_with_trigger.py
[2023-08-13T15:27:03.724+0000] {logging_mixin.py:149} INFO - [2023-08-13T15:27:03.724+0000] {dag.py:2726} INFO - Sync 1 DAGs
[2023-08-13T15:27:03.734+0000] {logging_mixin.py:149} INFO - [2023-08-13T15:27:03.734+0000] {dag.py:3486} INFO - Setting next_dagrun for latest_only_with_trigger to 2023-08-13T11:27:03.734015+00:00, run_after=2023-08-13T15:27:03.734015+00:00
[2023-08-13T15:27:03.742+0000] {processor.py:179} INFO - Processing /home/airflow/.local/lib/python3.10/site-packages/airflow/example_dags/example_latest_only_with_trigger.py took 0.033 seconds
[2023-08-13T15:27:34.199+0000] {processor.py:157} INFO - Started process (PID=2296) to work on /home/airflow/.local/lib/python3.10/site-packages/airflow/example_dags/example_latest_only_with_trigger.py
[2023-08-13T15:27:34.200+0000] {processor.py:826} INFO - Processing file /home/airflow/.local/lib/python3.10/site-packages/airflow/example_dags/example_latest_only_with_trigger.py for tasks to queue
[2023-08-13T15:27:34.200+0000] {logging_mixin.py:149} INFO - [2023-08-13T15:27:34.200+0000] {dagbag.py:541} INFO - Filling up the DagBag from /home/airflow/.local/lib/python3.10/site-packages/airflow/example_dags/example_latest_only_with_trigger.py
[2023-08-13T15:27:34.202+0000] {processor.py:836} INFO - DAG(s) dict_keys(['latest_only_with_trigger']) retrieved from /home/airflow/.local/lib/python3.10/site-packages/airflow/example_dags/example_latest_only_with_trigger.py
[2023-08-13T15:27:34.212+0000] {logging_mixin.py:149} INFO - [2023-08-13T15:27:34.212+0000] {dag.py:2726} INFO - Sync 1 DAGs
[2023-08-13T15:27:34.222+0000] {logging_mixin.py:149} INFO - [2023-08-13T15:27:34.222+0000] {dag.py:3486} INFO - Setting next_dagrun for latest_only_with_trigger to 2023-08-13T11:27:34.222518+00:00, run_after=2023-08-13T15:27:34.222518+00:00
[2023-08-13T15:27:34.229+0000] {processor.py:179} INFO - Processing /home/airflow/.local/lib/python3.10/site-packages/airflow/example_dags/example_latest_only_with_trigger.py took 0.031 seconds
[2023-08-13T15:28:04.513+0000] {processor.py:157} INFO - Started process (PID=2373) to work on /home/airflow/.local/lib/python3.10/site-packages/airflow/example_dags/example_latest_only_with_trigger.py
[2023-08-13T15:28:04.513+0000] {processor.py:826} INFO - Processing file /home/airflow/.local/lib/python3.10/site-packages/airflow/example_dags/example_latest_only_with_trigger.py for tasks to queue
[2023-08-13T15:28:04.513+0000] {logging_mixin.py:149} INFO - [2023-08-13T15:28:04.513+0000] {dagbag.py:541} INFO - Filling up the DagBag from /home/airflow/.local/lib/python3.10/site-packages/airflow/example_dags/example_latest_only_with_trigger.py
[2023-08-13T15:28:04.516+0000] {processor.py:836} INFO - DAG(s) dict_keys(['latest_only_with_trigger']) retrieved from /home/airflow/.local/lib/python3.10/site-packages/airflow/example_dags/example_latest_only_with_trigger.py
[2023-08-13T15:28:04.526+0000] {logging_mixin.py:149} INFO - [2023-08-13T15:28:04.526+0000] {dag.py:2726} INFO - Sync 1 DAGs
[2023-08-13T15:28:04.536+0000] {logging_mixin.py:149} INFO - [2023-08-13T15:28:04.536+0000] {dag.py:3486} INFO - Setting next_dagrun for latest_only_with_trigger to 2023-08-13T11:28:04.535939+00:00, run_after=2023-08-13T15:28:04.535939+00:00
[2023-08-13T15:28:04.543+0000] {processor.py:179} INFO - Processing /home/airflow/.local/lib/python3.10/site-packages/airflow/example_dags/example_latest_only_with_trigger.py took 0.032 seconds
[2023-08-13T15:28:34.890+0000] {processor.py:157} INFO - Started process (PID=2450) to work on /home/airflow/.local/lib/python3.10/site-packages/airflow/example_dags/example_latest_only_with_trigger.py
[2023-08-13T15:28:34.891+0000] {processor.py:826} INFO - Processing file /home/airflow/.local/lib/python3.10/site-packages/airflow/example_dags/example_latest_only_with_trigger.py for tasks to queue
[2023-08-13T15:28:34.891+0000] {logging_mixin.py:149} INFO - [2023-08-13T15:28:34.891+0000] {dagbag.py:541} INFO - Filling up the DagBag from /home/airflow/.local/lib/python3.10/site-packages/airflow/example_dags/example_latest_only_with_trigger.py
[2023-08-13T15:28:34.893+0000] {processor.py:836} INFO - DAG(s) dict_keys(['latest_only_with_trigger']) retrieved from /home/airflow/.local/lib/python3.10/site-packages/airflow/example_dags/example_latest_only_with_trigger.py
[2023-08-13T15:28:34.904+0000] {logging_mixin.py:149} INFO - [2023-08-13T15:28:34.904+0000] {dag.py:2726} INFO - Sync 1 DAGs
[2023-08-13T15:28:34.913+0000] {logging_mixin.py:149} INFO - [2023-08-13T15:28:34.913+0000] {dag.py:3486} INFO - Setting next_dagrun for latest_only_with_trigger to 2023-08-13T11:28:34.913610+00:00, run_after=2023-08-13T15:28:34.913610+00:00
[2023-08-13T15:28:34.921+0000] {processor.py:179} INFO - Processing /home/airflow/.local/lib/python3.10/site-packages/airflow/example_dags/example_latest_only_with_trigger.py took 0.032 seconds
[2023-08-13T15:29:05.219+0000] {processor.py:157} INFO - Started process (PID=2527) to work on /home/airflow/.local/lib/python3.10/site-packages/airflow/example_dags/example_latest_only_with_trigger.py
[2023-08-13T15:29:05.219+0000] {processor.py:826} INFO - Processing file /home/airflow/.local/lib/python3.10/site-packages/airflow/example_dags/example_latest_only_with_trigger.py for tasks to queue
[2023-08-13T15:29:05.220+0000] {logging_mixin.py:149} INFO - [2023-08-13T15:29:05.219+0000] {dagbag.py:541} INFO - Filling up the DagBag from /home/airflow/.local/lib/python3.10/site-packages/airflow/example_dags/example_latest_only_with_trigger.py
[2023-08-13T15:29:05.222+0000] {processor.py:836} INFO - DAG(s) dict_keys(['latest_only_with_trigger']) retrieved from /home/airflow/.local/lib/python3.10/site-packages/airflow/example_dags/example_latest_only_with_trigger.py
[2023-08-13T15:29:05.233+0000] {logging_mixin.py:149} INFO - [2023-08-13T15:29:05.233+0000] {dag.py:2726} INFO - Sync 1 DAGs
[2023-08-13T15:29:05.243+0000] {logging_mixin.py:149} INFO - [2023-08-13T15:29:05.243+0000] {dag.py:3486} INFO - Setting next_dagrun for latest_only_with_trigger to 2023-08-13T11:29:05.243486+00:00, run_after=2023-08-13T15:29:05.243486+00:00
[2023-08-13T15:29:05.251+0000] {processor.py:179} INFO - Processing /home/airflow/.local/lib/python3.10/site-packages/airflow/example_dags/example_latest_only_with_trigger.py took 0.033 seconds
