[2023-08-13T14:54:34.484+0000] {processor.py:157} INFO - Started process (PID=65) to work on /home/airflow/.local/lib/python3.10/site-packages/airflow/example_dags/example_trigger_controller_dag.py
[2023-08-13T14:54:34.485+0000] {processor.py:826} INFO - Processing file /home/airflow/.local/lib/python3.10/site-packages/airflow/example_dags/example_trigger_controller_dag.py for tasks to queue
[2023-08-13T14:54:34.485+0000] {logging_mixin.py:149} INFO - [2023-08-13T14:54:34.485+0000] {dagbag.py:541} INFO - Filling up the DagBag from /home/airflow/.local/lib/python3.10/site-packages/airflow/example_dags/example_trigger_controller_dag.py
[2023-08-13T14:54:34.487+0000] {processor.py:836} INFO - DAG(s) dict_keys(['example_trigger_controller_dag']) retrieved from /home/airflow/.local/lib/python3.10/site-packages/airflow/example_dags/example_trigger_controller_dag.py
[2023-08-13T14:54:34.493+0000] {logging_mixin.py:149} INFO - [2023-08-13T14:54:34.492+0000] {dag.py:2726} INFO - Sync 1 DAGs
[2023-08-13T14:54:34.504+0000] {logging_mixin.py:149} INFO - [2023-08-13T14:54:34.504+0000] {dag.py:3486} INFO - Setting next_dagrun for example_trigger_controller_dag to 2021-01-01T00:00:00+00:00, run_after=2021-01-01T00:00:00+00:00
[2023-08-13T14:54:34.511+0000] {processor.py:179} INFO - Processing /home/airflow/.local/lib/python3.10/site-packages/airflow/example_dags/example_trigger_controller_dag.py took 0.029 seconds
[2023-08-13T14:55:04.702+0000] {processor.py:157} INFO - Started process (PID=141) to work on /home/airflow/.local/lib/python3.10/site-packages/airflow/example_dags/example_trigger_controller_dag.py
[2023-08-13T14:55:04.702+0000] {processor.py:826} INFO - Processing file /home/airflow/.local/lib/python3.10/site-packages/airflow/example_dags/example_trigger_controller_dag.py for tasks to queue
[2023-08-13T14:55:04.702+0000] {logging_mixin.py:149} INFO - [2023-08-13T14:55:04.702+0000] {dagbag.py:541} INFO - Filling up the DagBag from /home/airflow/.local/lib/python3.10/site-packages/airflow/example_dags/example_trigger_controller_dag.py
[2023-08-13T14:55:04.704+0000] {processor.py:836} INFO - DAG(s) dict_keys(['example_trigger_controller_dag']) retrieved from /home/airflow/.local/lib/python3.10/site-packages/airflow/example_dags/example_trigger_controller_dag.py
[2023-08-13T14:55:04.714+0000] {logging_mixin.py:149} INFO - [2023-08-13T14:55:04.714+0000] {dag.py:2726} INFO - Sync 1 DAGs
[2023-08-13T14:55:04.723+0000] {logging_mixin.py:149} INFO - [2023-08-13T14:55:04.723+0000] {dag.py:3486} INFO - Setting next_dagrun for example_trigger_controller_dag to 2021-01-01T00:00:00+00:00, run_after=2021-01-01T00:00:00+00:00
[2023-08-13T14:55:04.730+0000] {processor.py:179} INFO - Processing /home/airflow/.local/lib/python3.10/site-packages/airflow/example_dags/example_trigger_controller_dag.py took 0.030 seconds
[2023-08-13T14:55:35.052+0000] {processor.py:157} INFO - Started process (PID=218) to work on /home/airflow/.local/lib/python3.10/site-packages/airflow/example_dags/example_trigger_controller_dag.py
[2023-08-13T14:55:35.052+0000] {processor.py:826} INFO - Processing file /home/airflow/.local/lib/python3.10/site-packages/airflow/example_dags/example_trigger_controller_dag.py for tasks to queue
[2023-08-13T14:55:35.053+0000] {logging_mixin.py:149} INFO - [2023-08-13T14:55:35.053+0000] {dagbag.py:541} INFO - Filling up the DagBag from /home/airflow/.local/lib/python3.10/site-packages/airflow/example_dags/example_trigger_controller_dag.py
[2023-08-13T14:55:35.054+0000] {processor.py:836} INFO - DAG(s) dict_keys(['example_trigger_controller_dag']) retrieved from /home/airflow/.local/lib/python3.10/site-packages/airflow/example_dags/example_trigger_controller_dag.py
[2023-08-13T14:55:35.064+0000] {logging_mixin.py:149} INFO - [2023-08-13T14:55:35.064+0000] {dag.py:2726} INFO - Sync 1 DAGs
[2023-08-13T14:55:35.073+0000] {logging_mixin.py:149} INFO - [2023-08-13T14:55:35.073+0000] {dag.py:3486} INFO - Setting next_dagrun for example_trigger_controller_dag to 2021-01-01T00:00:00+00:00, run_after=2021-01-01T00:00:00+00:00
[2023-08-13T14:55:35.080+0000] {processor.py:179} INFO - Processing /home/airflow/.local/lib/python3.10/site-packages/airflow/example_dags/example_trigger_controller_dag.py took 0.029 seconds
[2023-08-13T14:56:05.438+0000] {processor.py:157} INFO - Started process (PID=295) to work on /home/airflow/.local/lib/python3.10/site-packages/airflow/example_dags/example_trigger_controller_dag.py
[2023-08-13T14:56:05.439+0000] {processor.py:826} INFO - Processing file /home/airflow/.local/lib/python3.10/site-packages/airflow/example_dags/example_trigger_controller_dag.py for tasks to queue
[2023-08-13T14:56:05.439+0000] {logging_mixin.py:149} INFO - [2023-08-13T14:56:05.439+0000] {dagbag.py:541} INFO - Filling up the DagBag from /home/airflow/.local/lib/python3.10/site-packages/airflow/example_dags/example_trigger_controller_dag.py
[2023-08-13T14:56:05.440+0000] {processor.py:836} INFO - DAG(s) dict_keys(['example_trigger_controller_dag']) retrieved from /home/airflow/.local/lib/python3.10/site-packages/airflow/example_dags/example_trigger_controller_dag.py
[2023-08-13T14:56:05.450+0000] {logging_mixin.py:149} INFO - [2023-08-13T14:56:05.450+0000] {dag.py:2726} INFO - Sync 1 DAGs
[2023-08-13T14:56:05.459+0000] {logging_mixin.py:149} INFO - [2023-08-13T14:56:05.459+0000] {dag.py:3486} INFO - Setting next_dagrun for example_trigger_controller_dag to 2021-01-01T00:00:00+00:00, run_after=2021-01-01T00:00:00+00:00
[2023-08-13T14:56:05.466+0000] {processor.py:179} INFO - Processing /home/airflow/.local/lib/python3.10/site-packages/airflow/example_dags/example_trigger_controller_dag.py took 0.029 seconds
[2023-08-13T14:56:35.825+0000] {processor.py:157} INFO - Started process (PID=376) to work on /home/airflow/.local/lib/python3.10/site-packages/airflow/example_dags/example_trigger_controller_dag.py
[2023-08-13T14:56:35.826+0000] {processor.py:826} INFO - Processing file /home/airflow/.local/lib/python3.10/site-packages/airflow/example_dags/example_trigger_controller_dag.py for tasks to queue
[2023-08-13T14:56:35.826+0000] {logging_mixin.py:149} INFO - [2023-08-13T14:56:35.826+0000] {dagbag.py:541} INFO - Filling up the DagBag from /home/airflow/.local/lib/python3.10/site-packages/airflow/example_dags/example_trigger_controller_dag.py
[2023-08-13T14:56:35.827+0000] {processor.py:836} INFO - DAG(s) dict_keys(['example_trigger_controller_dag']) retrieved from /home/airflow/.local/lib/python3.10/site-packages/airflow/example_dags/example_trigger_controller_dag.py
[2023-08-13T14:56:35.838+0000] {logging_mixin.py:149} INFO - [2023-08-13T14:56:35.838+0000] {dag.py:2726} INFO - Sync 1 DAGs
[2023-08-13T14:56:35.848+0000] {logging_mixin.py:149} INFO - [2023-08-13T14:56:35.847+0000] {dag.py:3486} INFO - Setting next_dagrun for example_trigger_controller_dag to 2021-01-01T00:00:00+00:00, run_after=2021-01-01T00:00:00+00:00
[2023-08-13T14:56:35.854+0000] {processor.py:179} INFO - Processing /home/airflow/.local/lib/python3.10/site-packages/airflow/example_dags/example_trigger_controller_dag.py took 0.031 seconds
[2023-08-13T14:57:06.116+0000] {processor.py:157} INFO - Started process (PID=452) to work on /home/airflow/.local/lib/python3.10/site-packages/airflow/example_dags/example_trigger_controller_dag.py
[2023-08-13T14:57:06.116+0000] {processor.py:826} INFO - Processing file /home/airflow/.local/lib/python3.10/site-packages/airflow/example_dags/example_trigger_controller_dag.py for tasks to queue
[2023-08-13T14:57:06.116+0000] {logging_mixin.py:149} INFO - [2023-08-13T14:57:06.116+0000] {dagbag.py:541} INFO - Filling up the DagBag from /home/airflow/.local/lib/python3.10/site-packages/airflow/example_dags/example_trigger_controller_dag.py
[2023-08-13T14:57:06.118+0000] {processor.py:836} INFO - DAG(s) dict_keys(['example_trigger_controller_dag']) retrieved from /home/airflow/.local/lib/python3.10/site-packages/airflow/example_dags/example_trigger_controller_dag.py
[2023-08-13T14:57:06.127+0000] {logging_mixin.py:149} INFO - [2023-08-13T14:57:06.127+0000] {dag.py:2726} INFO - Sync 1 DAGs
[2023-08-13T14:57:06.137+0000] {logging_mixin.py:149} INFO - [2023-08-13T14:57:06.137+0000] {dag.py:3486} INFO - Setting next_dagrun for example_trigger_controller_dag to 2021-01-01T00:00:00+00:00, run_after=2021-01-01T00:00:00+00:00
[2023-08-13T14:57:06.144+0000] {processor.py:179} INFO - Processing /home/airflow/.local/lib/python3.10/site-packages/airflow/example_dags/example_trigger_controller_dag.py took 0.030 seconds
[2023-08-13T14:57:36.547+0000] {processor.py:157} INFO - Started process (PID=530) to work on /home/airflow/.local/lib/python3.10/site-packages/airflow/example_dags/example_trigger_controller_dag.py
[2023-08-13T14:57:36.547+0000] {processor.py:826} INFO - Processing file /home/airflow/.local/lib/python3.10/site-packages/airflow/example_dags/example_trigger_controller_dag.py for tasks to queue
[2023-08-13T14:57:36.548+0000] {logging_mixin.py:149} INFO - [2023-08-13T14:57:36.548+0000] {dagbag.py:541} INFO - Filling up the DagBag from /home/airflow/.local/lib/python3.10/site-packages/airflow/example_dags/example_trigger_controller_dag.py
[2023-08-13T14:57:36.549+0000] {processor.py:836} INFO - DAG(s) dict_keys(['example_trigger_controller_dag']) retrieved from /home/airflow/.local/lib/python3.10/site-packages/airflow/example_dags/example_trigger_controller_dag.py
[2023-08-13T14:57:36.560+0000] {logging_mixin.py:149} INFO - [2023-08-13T14:57:36.560+0000] {dag.py:2726} INFO - Sync 1 DAGs
[2023-08-13T14:57:36.571+0000] {logging_mixin.py:149} INFO - [2023-08-13T14:57:36.571+0000] {dag.py:3486} INFO - Setting next_dagrun for example_trigger_controller_dag to 2021-01-01T00:00:00+00:00, run_after=2021-01-01T00:00:00+00:00
[2023-08-13T14:57:36.578+0000] {processor.py:179} INFO - Processing /home/airflow/.local/lib/python3.10/site-packages/airflow/example_dags/example_trigger_controller_dag.py took 0.033 seconds
[2023-08-13T14:58:06.877+0000] {processor.py:157} INFO - Started process (PID=607) to work on /home/airflow/.local/lib/python3.10/site-packages/airflow/example_dags/example_trigger_controller_dag.py
[2023-08-13T14:58:06.877+0000] {processor.py:826} INFO - Processing file /home/airflow/.local/lib/python3.10/site-packages/airflow/example_dags/example_trigger_controller_dag.py for tasks to queue
[2023-08-13T14:58:06.877+0000] {logging_mixin.py:149} INFO - [2023-08-13T14:58:06.877+0000] {dagbag.py:541} INFO - Filling up the DagBag from /home/airflow/.local/lib/python3.10/site-packages/airflow/example_dags/example_trigger_controller_dag.py
[2023-08-13T14:58:06.879+0000] {processor.py:836} INFO - DAG(s) dict_keys(['example_trigger_controller_dag']) retrieved from /home/airflow/.local/lib/python3.10/site-packages/airflow/example_dags/example_trigger_controller_dag.py
[2023-08-13T14:58:06.890+0000] {logging_mixin.py:149} INFO - [2023-08-13T14:58:06.890+0000] {dag.py:2726} INFO - Sync 1 DAGs
[2023-08-13T14:58:06.900+0000] {logging_mixin.py:149} INFO - [2023-08-13T14:58:06.900+0000] {dag.py:3486} INFO - Setting next_dagrun for example_trigger_controller_dag to 2021-01-01T00:00:00+00:00, run_after=2021-01-01T00:00:00+00:00
[2023-08-13T14:58:06.908+0000] {processor.py:179} INFO - Processing /home/airflow/.local/lib/python3.10/site-packages/airflow/example_dags/example_trigger_controller_dag.py took 0.033 seconds
[2023-08-13T14:58:37.085+0000] {processor.py:157} INFO - Started process (PID=683) to work on /home/airflow/.local/lib/python3.10/site-packages/airflow/example_dags/example_trigger_controller_dag.py
[2023-08-13T14:58:37.085+0000] {processor.py:826} INFO - Processing file /home/airflow/.local/lib/python3.10/site-packages/airflow/example_dags/example_trigger_controller_dag.py for tasks to queue
[2023-08-13T14:58:37.086+0000] {logging_mixin.py:149} INFO - [2023-08-13T14:58:37.086+0000] {dagbag.py:541} INFO - Filling up the DagBag from /home/airflow/.local/lib/python3.10/site-packages/airflow/example_dags/example_trigger_controller_dag.py
[2023-08-13T14:58:37.087+0000] {processor.py:836} INFO - DAG(s) dict_keys(['example_trigger_controller_dag']) retrieved from /home/airflow/.local/lib/python3.10/site-packages/airflow/example_dags/example_trigger_controller_dag.py
[2023-08-13T14:58:37.098+0000] {logging_mixin.py:149} INFO - [2023-08-13T14:58:37.098+0000] {dag.py:2726} INFO - Sync 1 DAGs
[2023-08-13T14:58:37.109+0000] {logging_mixin.py:149} INFO - [2023-08-13T14:58:37.108+0000] {dag.py:3486} INFO - Setting next_dagrun for example_trigger_controller_dag to 2021-01-01T00:00:00+00:00, run_after=2021-01-01T00:00:00+00:00
[2023-08-13T14:58:37.116+0000] {processor.py:179} INFO - Processing /home/airflow/.local/lib/python3.10/site-packages/airflow/example_dags/example_trigger_controller_dag.py took 0.032 seconds
[2023-08-13T14:59:07.349+0000] {processor.py:157} INFO - Started process (PID=760) to work on /home/airflow/.local/lib/python3.10/site-packages/airflow/example_dags/example_trigger_controller_dag.py
[2023-08-13T14:59:07.349+0000] {processor.py:826} INFO - Processing file /home/airflow/.local/lib/python3.10/site-packages/airflow/example_dags/example_trigger_controller_dag.py for tasks to queue
[2023-08-13T14:59:07.349+0000] {logging_mixin.py:149} INFO - [2023-08-13T14:59:07.349+0000] {dagbag.py:541} INFO - Filling up the DagBag from /home/airflow/.local/lib/python3.10/site-packages/airflow/example_dags/example_trigger_controller_dag.py
[2023-08-13T14:59:07.351+0000] {processor.py:836} INFO - DAG(s) dict_keys(['example_trigger_controller_dag']) retrieved from /home/airflow/.local/lib/python3.10/site-packages/airflow/example_dags/example_trigger_controller_dag.py
[2023-08-13T14:59:07.361+0000] {logging_mixin.py:149} INFO - [2023-08-13T14:59:07.361+0000] {dag.py:2726} INFO - Sync 1 DAGs
[2023-08-13T14:59:07.371+0000] {logging_mixin.py:149} INFO - [2023-08-13T14:59:07.371+0000] {dag.py:3486} INFO - Setting next_dagrun for example_trigger_controller_dag to 2021-01-01T00:00:00+00:00, run_after=2021-01-01T00:00:00+00:00
[2023-08-13T14:59:07.378+0000] {processor.py:179} INFO - Processing /home/airflow/.local/lib/python3.10/site-packages/airflow/example_dags/example_trigger_controller_dag.py took 0.031 seconds
[2023-08-13T14:59:37.658+0000] {processor.py:157} INFO - Started process (PID=836) to work on /home/airflow/.local/lib/python3.10/site-packages/airflow/example_dags/example_trigger_controller_dag.py
[2023-08-13T14:59:37.658+0000] {processor.py:826} INFO - Processing file /home/airflow/.local/lib/python3.10/site-packages/airflow/example_dags/example_trigger_controller_dag.py for tasks to queue
[2023-08-13T14:59:37.658+0000] {logging_mixin.py:149} INFO - [2023-08-13T14:59:37.658+0000] {dagbag.py:541} INFO - Filling up the DagBag from /home/airflow/.local/lib/python3.10/site-packages/airflow/example_dags/example_trigger_controller_dag.py
[2023-08-13T14:59:37.660+0000] {processor.py:836} INFO - DAG(s) dict_keys(['example_trigger_controller_dag']) retrieved from /home/airflow/.local/lib/python3.10/site-packages/airflow/example_dags/example_trigger_controller_dag.py
[2023-08-13T14:59:37.670+0000] {logging_mixin.py:149} INFO - [2023-08-13T14:59:37.669+0000] {dag.py:2726} INFO - Sync 1 DAGs
[2023-08-13T14:59:37.679+0000] {logging_mixin.py:149} INFO - [2023-08-13T14:59:37.679+0000] {dag.py:3486} INFO - Setting next_dagrun for example_trigger_controller_dag to 2021-01-01T00:00:00+00:00, run_after=2021-01-01T00:00:00+00:00
[2023-08-13T14:59:37.687+0000] {processor.py:179} INFO - Processing /home/airflow/.local/lib/python3.10/site-packages/airflow/example_dags/example_trigger_controller_dag.py took 0.030 seconds
[2023-08-13T15:00:08.088+0000] {processor.py:157} INFO - Started process (PID=913) to work on /home/airflow/.local/lib/python3.10/site-packages/airflow/example_dags/example_trigger_controller_dag.py
[2023-08-13T15:00:08.089+0000] {processor.py:826} INFO - Processing file /home/airflow/.local/lib/python3.10/site-packages/airflow/example_dags/example_trigger_controller_dag.py for tasks to queue
[2023-08-13T15:00:08.089+0000] {logging_mixin.py:149} INFO - [2023-08-13T15:00:08.089+0000] {dagbag.py:541} INFO - Filling up the DagBag from /home/airflow/.local/lib/python3.10/site-packages/airflow/example_dags/example_trigger_controller_dag.py
[2023-08-13T15:00:08.090+0000] {processor.py:836} INFO - DAG(s) dict_keys(['example_trigger_controller_dag']) retrieved from /home/airflow/.local/lib/python3.10/site-packages/airflow/example_dags/example_trigger_controller_dag.py
[2023-08-13T15:00:08.100+0000] {logging_mixin.py:149} INFO - [2023-08-13T15:00:08.100+0000] {dag.py:2726} INFO - Sync 1 DAGs
[2023-08-13T15:00:08.109+0000] {logging_mixin.py:149} INFO - [2023-08-13T15:00:08.109+0000] {dag.py:3486} INFO - Setting next_dagrun for example_trigger_controller_dag to 2021-01-01T00:00:00+00:00, run_after=2021-01-01T00:00:00+00:00
[2023-08-13T15:00:08.116+0000] {processor.py:179} INFO - Processing /home/airflow/.local/lib/python3.10/site-packages/airflow/example_dags/example_trigger_controller_dag.py took 0.029 seconds
[2023-08-13T15:00:38.470+0000] {processor.py:157} INFO - Started process (PID=989) to work on /home/airflow/.local/lib/python3.10/site-packages/airflow/example_dags/example_trigger_controller_dag.py
[2023-08-13T15:00:38.470+0000] {processor.py:826} INFO - Processing file /home/airflow/.local/lib/python3.10/site-packages/airflow/example_dags/example_trigger_controller_dag.py for tasks to queue
[2023-08-13T15:00:38.470+0000] {logging_mixin.py:149} INFO - [2023-08-13T15:00:38.470+0000] {dagbag.py:541} INFO - Filling up the DagBag from /home/airflow/.local/lib/python3.10/site-packages/airflow/example_dags/example_trigger_controller_dag.py
[2023-08-13T15:00:38.472+0000] {processor.py:836} INFO - DAG(s) dict_keys(['example_trigger_controller_dag']) retrieved from /home/airflow/.local/lib/python3.10/site-packages/airflow/example_dags/example_trigger_controller_dag.py
[2023-08-13T15:00:38.482+0000] {logging_mixin.py:149} INFO - [2023-08-13T15:00:38.482+0000] {dag.py:2726} INFO - Sync 1 DAGs
[2023-08-13T15:00:38.491+0000] {logging_mixin.py:149} INFO - [2023-08-13T15:00:38.491+0000] {dag.py:3486} INFO - Setting next_dagrun for example_trigger_controller_dag to 2021-01-01T00:00:00+00:00, run_after=2021-01-01T00:00:00+00:00
[2023-08-13T15:00:38.499+0000] {processor.py:179} INFO - Processing /home/airflow/.local/lib/python3.10/site-packages/airflow/example_dags/example_trigger_controller_dag.py took 0.030 seconds
[2023-08-13T15:01:08.772+0000] {processor.py:157} INFO - Started process (PID=1066) to work on /home/airflow/.local/lib/python3.10/site-packages/airflow/example_dags/example_trigger_controller_dag.py
[2023-08-13T15:01:08.772+0000] {processor.py:826} INFO - Processing file /home/airflow/.local/lib/python3.10/site-packages/airflow/example_dags/example_trigger_controller_dag.py for tasks to queue
[2023-08-13T15:01:08.772+0000] {logging_mixin.py:149} INFO - [2023-08-13T15:01:08.772+0000] {dagbag.py:541} INFO - Filling up the DagBag from /home/airflow/.local/lib/python3.10/site-packages/airflow/example_dags/example_trigger_controller_dag.py
[2023-08-13T15:01:08.774+0000] {processor.py:836} INFO - DAG(s) dict_keys(['example_trigger_controller_dag']) retrieved from /home/airflow/.local/lib/python3.10/site-packages/airflow/example_dags/example_trigger_controller_dag.py
[2023-08-13T15:01:08.784+0000] {logging_mixin.py:149} INFO - [2023-08-13T15:01:08.784+0000] {dag.py:2726} INFO - Sync 1 DAGs
[2023-08-13T15:01:08.793+0000] {logging_mixin.py:149} INFO - [2023-08-13T15:01:08.793+0000] {dag.py:3486} INFO - Setting next_dagrun for example_trigger_controller_dag to 2021-01-01T00:00:00+00:00, run_after=2021-01-01T00:00:00+00:00
[2023-08-13T15:01:08.800+0000] {processor.py:179} INFO - Processing /home/airflow/.local/lib/python3.10/site-packages/airflow/example_dags/example_trigger_controller_dag.py took 0.030 seconds
[2023-08-13T15:01:39.075+0000] {processor.py:157} INFO - Started process (PID=1143) to work on /home/airflow/.local/lib/python3.10/site-packages/airflow/example_dags/example_trigger_controller_dag.py
[2023-08-13T15:01:39.076+0000] {processor.py:826} INFO - Processing file /home/airflow/.local/lib/python3.10/site-packages/airflow/example_dags/example_trigger_controller_dag.py for tasks to queue
[2023-08-13T15:01:39.076+0000] {logging_mixin.py:149} INFO - [2023-08-13T15:01:39.076+0000] {dagbag.py:541} INFO - Filling up the DagBag from /home/airflow/.local/lib/python3.10/site-packages/airflow/example_dags/example_trigger_controller_dag.py
[2023-08-13T15:01:39.078+0000] {processor.py:836} INFO - DAG(s) dict_keys(['example_trigger_controller_dag']) retrieved from /home/airflow/.local/lib/python3.10/site-packages/airflow/example_dags/example_trigger_controller_dag.py
[2023-08-13T15:01:39.088+0000] {logging_mixin.py:149} INFO - [2023-08-13T15:01:39.087+0000] {dag.py:2726} INFO - Sync 1 DAGs
[2023-08-13T15:01:39.097+0000] {logging_mixin.py:149} INFO - [2023-08-13T15:01:39.097+0000] {dag.py:3486} INFO - Setting next_dagrun for example_trigger_controller_dag to 2021-01-01T00:00:00+00:00, run_after=2021-01-01T00:00:00+00:00
[2023-08-13T15:01:39.105+0000] {processor.py:179} INFO - Processing /home/airflow/.local/lib/python3.10/site-packages/airflow/example_dags/example_trigger_controller_dag.py took 0.030 seconds
[2023-08-13T15:02:09.373+0000] {processor.py:157} INFO - Started process (PID=1220) to work on /home/airflow/.local/lib/python3.10/site-packages/airflow/example_dags/example_trigger_controller_dag.py
[2023-08-13T15:02:09.373+0000] {processor.py:826} INFO - Processing file /home/airflow/.local/lib/python3.10/site-packages/airflow/example_dags/example_trigger_controller_dag.py for tasks to queue
[2023-08-13T15:02:09.373+0000] {logging_mixin.py:149} INFO - [2023-08-13T15:02:09.373+0000] {dagbag.py:541} INFO - Filling up the DagBag from /home/airflow/.local/lib/python3.10/site-packages/airflow/example_dags/example_trigger_controller_dag.py
[2023-08-13T15:02:09.375+0000] {processor.py:836} INFO - DAG(s) dict_keys(['example_trigger_controller_dag']) retrieved from /home/airflow/.local/lib/python3.10/site-packages/airflow/example_dags/example_trigger_controller_dag.py
[2023-08-13T15:02:09.385+0000] {logging_mixin.py:149} INFO - [2023-08-13T15:02:09.385+0000] {dag.py:2726} INFO - Sync 1 DAGs
[2023-08-13T15:02:09.394+0000] {logging_mixin.py:149} INFO - [2023-08-13T15:02:09.394+0000] {dag.py:3486} INFO - Setting next_dagrun for example_trigger_controller_dag to 2021-01-01T00:00:00+00:00, run_after=2021-01-01T00:00:00+00:00
[2023-08-13T15:02:09.402+0000] {processor.py:179} INFO - Processing /home/airflow/.local/lib/python3.10/site-packages/airflow/example_dags/example_trigger_controller_dag.py took 0.030 seconds
[2023-08-13T15:02:39.864+0000] {processor.py:157} INFO - Started process (PID=1298) to work on /home/airflow/.local/lib/python3.10/site-packages/airflow/example_dags/example_trigger_controller_dag.py
[2023-08-13T15:02:39.865+0000] {processor.py:826} INFO - Processing file /home/airflow/.local/lib/python3.10/site-packages/airflow/example_dags/example_trigger_controller_dag.py for tasks to queue
[2023-08-13T15:02:39.865+0000] {logging_mixin.py:149} INFO - [2023-08-13T15:02:39.865+0000] {dagbag.py:541} INFO - Filling up the DagBag from /home/airflow/.local/lib/python3.10/site-packages/airflow/example_dags/example_trigger_controller_dag.py
[2023-08-13T15:02:39.866+0000] {processor.py:836} INFO - DAG(s) dict_keys(['example_trigger_controller_dag']) retrieved from /home/airflow/.local/lib/python3.10/site-packages/airflow/example_dags/example_trigger_controller_dag.py
[2023-08-13T15:02:39.876+0000] {logging_mixin.py:149} INFO - [2023-08-13T15:02:39.876+0000] {dag.py:2726} INFO - Sync 1 DAGs
[2023-08-13T15:02:39.886+0000] {logging_mixin.py:149} INFO - [2023-08-13T15:02:39.886+0000] {dag.py:3486} INFO - Setting next_dagrun for example_trigger_controller_dag to 2021-01-01T00:00:00+00:00, run_after=2021-01-01T00:00:00+00:00
[2023-08-13T15:02:39.893+0000] {processor.py:179} INFO - Processing /home/airflow/.local/lib/python3.10/site-packages/airflow/example_dags/example_trigger_controller_dag.py took 0.030 seconds
[2023-08-13T15:03:10.126+0000] {processor.py:157} INFO - Started process (PID=1375) to work on /home/airflow/.local/lib/python3.10/site-packages/airflow/example_dags/example_trigger_controller_dag.py
[2023-08-13T15:03:10.127+0000] {processor.py:826} INFO - Processing file /home/airflow/.local/lib/python3.10/site-packages/airflow/example_dags/example_trigger_controller_dag.py for tasks to queue
[2023-08-13T15:03:10.127+0000] {logging_mixin.py:149} INFO - [2023-08-13T15:03:10.127+0000] {dagbag.py:541} INFO - Filling up the DagBag from /home/airflow/.local/lib/python3.10/site-packages/airflow/example_dags/example_trigger_controller_dag.py
[2023-08-13T15:03:10.128+0000] {processor.py:836} INFO - DAG(s) dict_keys(['example_trigger_controller_dag']) retrieved from /home/airflow/.local/lib/python3.10/site-packages/airflow/example_dags/example_trigger_controller_dag.py
[2023-08-13T15:03:10.139+0000] {logging_mixin.py:149} INFO - [2023-08-13T15:03:10.139+0000] {dag.py:2726} INFO - Sync 1 DAGs
[2023-08-13T15:03:10.149+0000] {logging_mixin.py:149} INFO - [2023-08-13T15:03:10.149+0000] {dag.py:3486} INFO - Setting next_dagrun for example_trigger_controller_dag to 2021-01-01T00:00:00+00:00, run_after=2021-01-01T00:00:00+00:00
[2023-08-13T15:03:10.156+0000] {processor.py:179} INFO - Processing /home/airflow/.local/lib/python3.10/site-packages/airflow/example_dags/example_trigger_controller_dag.py took 0.031 seconds
[2023-08-13T15:03:40.346+0000] {processor.py:157} INFO - Started process (PID=1452) to work on /home/airflow/.local/lib/python3.10/site-packages/airflow/example_dags/example_trigger_controller_dag.py
[2023-08-13T15:03:40.346+0000] {processor.py:826} INFO - Processing file /home/airflow/.local/lib/python3.10/site-packages/airflow/example_dags/example_trigger_controller_dag.py for tasks to queue
[2023-08-13T15:03:40.346+0000] {logging_mixin.py:149} INFO - [2023-08-13T15:03:40.346+0000] {dagbag.py:541} INFO - Filling up the DagBag from /home/airflow/.local/lib/python3.10/site-packages/airflow/example_dags/example_trigger_controller_dag.py
[2023-08-13T15:03:40.348+0000] {processor.py:836} INFO - DAG(s) dict_keys(['example_trigger_controller_dag']) retrieved from /home/airflow/.local/lib/python3.10/site-packages/airflow/example_dags/example_trigger_controller_dag.py
[2023-08-13T15:03:40.358+0000] {logging_mixin.py:149} INFO - [2023-08-13T15:03:40.358+0000] {dag.py:2726} INFO - Sync 1 DAGs
[2023-08-13T15:03:40.367+0000] {logging_mixin.py:149} INFO - [2023-08-13T15:03:40.367+0000] {dag.py:3486} INFO - Setting next_dagrun for example_trigger_controller_dag to 2021-01-01T00:00:00+00:00, run_after=2021-01-01T00:00:00+00:00
[2023-08-13T15:03:40.374+0000] {processor.py:179} INFO - Processing /home/airflow/.local/lib/python3.10/site-packages/airflow/example_dags/example_trigger_controller_dag.py took 0.030 seconds
[2023-08-13T15:04:10.669+0000] {processor.py:157} INFO - Started process (PID=1529) to work on /home/airflow/.local/lib/python3.10/site-packages/airflow/example_dags/example_trigger_controller_dag.py
[2023-08-13T15:04:10.669+0000] {processor.py:826} INFO - Processing file /home/airflow/.local/lib/python3.10/site-packages/airflow/example_dags/example_trigger_controller_dag.py for tasks to queue
[2023-08-13T15:04:10.670+0000] {logging_mixin.py:149} INFO - [2023-08-13T15:04:10.670+0000] {dagbag.py:541} INFO - Filling up the DagBag from /home/airflow/.local/lib/python3.10/site-packages/airflow/example_dags/example_trigger_controller_dag.py
[2023-08-13T15:04:10.671+0000] {processor.py:836} INFO - DAG(s) dict_keys(['example_trigger_controller_dag']) retrieved from /home/airflow/.local/lib/python3.10/site-packages/airflow/example_dags/example_trigger_controller_dag.py
[2023-08-13T15:04:10.682+0000] {logging_mixin.py:149} INFO - [2023-08-13T15:04:10.682+0000] {dag.py:2726} INFO - Sync 1 DAGs
[2023-08-13T15:04:10.692+0000] {logging_mixin.py:149} INFO - [2023-08-13T15:04:10.692+0000] {dag.py:3486} INFO - Setting next_dagrun for example_trigger_controller_dag to 2021-01-01T00:00:00+00:00, run_after=2021-01-01T00:00:00+00:00
[2023-08-13T15:04:10.699+0000] {processor.py:179} INFO - Processing /home/airflow/.local/lib/python3.10/site-packages/airflow/example_dags/example_trigger_controller_dag.py took 0.031 seconds
[2023-08-13T15:04:40.949+0000] {processor.py:157} INFO - Started process (PID=1606) to work on /home/airflow/.local/lib/python3.10/site-packages/airflow/example_dags/example_trigger_controller_dag.py
[2023-08-13T15:04:40.950+0000] {processor.py:826} INFO - Processing file /home/airflow/.local/lib/python3.10/site-packages/airflow/example_dags/example_trigger_controller_dag.py for tasks to queue
[2023-08-13T15:04:40.950+0000] {logging_mixin.py:149} INFO - [2023-08-13T15:04:40.950+0000] {dagbag.py:541} INFO - Filling up the DagBag from /home/airflow/.local/lib/python3.10/site-packages/airflow/example_dags/example_trigger_controller_dag.py
[2023-08-13T15:04:40.952+0000] {processor.py:836} INFO - DAG(s) dict_keys(['example_trigger_controller_dag']) retrieved from /home/airflow/.local/lib/python3.10/site-packages/airflow/example_dags/example_trigger_controller_dag.py
[2023-08-13T15:04:40.962+0000] {logging_mixin.py:149} INFO - [2023-08-13T15:04:40.962+0000] {dag.py:2726} INFO - Sync 1 DAGs
[2023-08-13T15:04:40.972+0000] {logging_mixin.py:149} INFO - [2023-08-13T15:04:40.972+0000] {dag.py:3486} INFO - Setting next_dagrun for example_trigger_controller_dag to 2021-01-01T00:00:00+00:00, run_after=2021-01-01T00:00:00+00:00
[2023-08-13T15:04:40.980+0000] {processor.py:179} INFO - Processing /home/airflow/.local/lib/python3.10/site-packages/airflow/example_dags/example_trigger_controller_dag.py took 0.032 seconds
[2023-08-13T15:05:11.135+0000] {processor.py:157} INFO - Started process (PID=1682) to work on /home/airflow/.local/lib/python3.10/site-packages/airflow/example_dags/example_trigger_controller_dag.py
[2023-08-13T15:05:11.136+0000] {processor.py:826} INFO - Processing file /home/airflow/.local/lib/python3.10/site-packages/airflow/example_dags/example_trigger_controller_dag.py for tasks to queue
[2023-08-13T15:05:11.136+0000] {logging_mixin.py:149} INFO - [2023-08-13T15:05:11.136+0000] {dagbag.py:541} INFO - Filling up the DagBag from /home/airflow/.local/lib/python3.10/site-packages/airflow/example_dags/example_trigger_controller_dag.py
[2023-08-13T15:05:11.138+0000] {processor.py:836} INFO - DAG(s) dict_keys(['example_trigger_controller_dag']) retrieved from /home/airflow/.local/lib/python3.10/site-packages/airflow/example_dags/example_trigger_controller_dag.py
[2023-08-13T15:05:11.147+0000] {logging_mixin.py:149} INFO - [2023-08-13T15:05:11.147+0000] {dag.py:2726} INFO - Sync 1 DAGs
[2023-08-13T15:05:11.157+0000] {logging_mixin.py:149} INFO - [2023-08-13T15:05:11.157+0000] {dag.py:3486} INFO - Setting next_dagrun for example_trigger_controller_dag to 2021-01-01T00:00:00+00:00, run_after=2021-01-01T00:00:00+00:00
[2023-08-13T15:05:11.164+0000] {processor.py:179} INFO - Processing /home/airflow/.local/lib/python3.10/site-packages/airflow/example_dags/example_trigger_controller_dag.py took 0.030 seconds
[2023-08-13T15:05:41.447+0000] {processor.py:157} INFO - Started process (PID=1759) to work on /home/airflow/.local/lib/python3.10/site-packages/airflow/example_dags/example_trigger_controller_dag.py
[2023-08-13T15:05:41.447+0000] {processor.py:826} INFO - Processing file /home/airflow/.local/lib/python3.10/site-packages/airflow/example_dags/example_trigger_controller_dag.py for tasks to queue
[2023-08-13T15:05:41.447+0000] {logging_mixin.py:149} INFO - [2023-08-13T15:05:41.447+0000] {dagbag.py:541} INFO - Filling up the DagBag from /home/airflow/.local/lib/python3.10/site-packages/airflow/example_dags/example_trigger_controller_dag.py
[2023-08-13T15:05:41.449+0000] {processor.py:836} INFO - DAG(s) dict_keys(['example_trigger_controller_dag']) retrieved from /home/airflow/.local/lib/python3.10/site-packages/airflow/example_dags/example_trigger_controller_dag.py
[2023-08-13T15:05:41.459+0000] {logging_mixin.py:149} INFO - [2023-08-13T15:05:41.459+0000] {dag.py:2726} INFO - Sync 1 DAGs
[2023-08-13T15:05:41.468+0000] {logging_mixin.py:149} INFO - [2023-08-13T15:05:41.468+0000] {dag.py:3486} INFO - Setting next_dagrun for example_trigger_controller_dag to 2021-01-01T00:00:00+00:00, run_after=2021-01-01T00:00:00+00:00
[2023-08-13T15:05:41.475+0000] {processor.py:179} INFO - Processing /home/airflow/.local/lib/python3.10/site-packages/airflow/example_dags/example_trigger_controller_dag.py took 0.030 seconds
[2023-08-13T15:06:11.874+0000] {processor.py:157} INFO - Started process (PID=1836) to work on /home/airflow/.local/lib/python3.10/site-packages/airflow/example_dags/example_trigger_controller_dag.py
[2023-08-13T15:06:11.874+0000] {processor.py:826} INFO - Processing file /home/airflow/.local/lib/python3.10/site-packages/airflow/example_dags/example_trigger_controller_dag.py for tasks to queue
[2023-08-13T15:06:11.874+0000] {logging_mixin.py:149} INFO - [2023-08-13T15:06:11.874+0000] {dagbag.py:541} INFO - Filling up the DagBag from /home/airflow/.local/lib/python3.10/site-packages/airflow/example_dags/example_trigger_controller_dag.py
[2023-08-13T15:06:11.876+0000] {processor.py:836} INFO - DAG(s) dict_keys(['example_trigger_controller_dag']) retrieved from /home/airflow/.local/lib/python3.10/site-packages/airflow/example_dags/example_trigger_controller_dag.py
[2023-08-13T15:06:11.886+0000] {logging_mixin.py:149} INFO - [2023-08-13T15:06:11.885+0000] {dag.py:2726} INFO - Sync 1 DAGs
[2023-08-13T15:06:11.895+0000] {logging_mixin.py:149} INFO - [2023-08-13T15:06:11.895+0000] {dag.py:3486} INFO - Setting next_dagrun for example_trigger_controller_dag to 2021-01-01T00:00:00+00:00, run_after=2021-01-01T00:00:00+00:00
[2023-08-13T15:06:11.902+0000] {processor.py:179} INFO - Processing /home/airflow/.local/lib/python3.10/site-packages/airflow/example_dags/example_trigger_controller_dag.py took 0.030 seconds
[2023-08-13T15:06:42.233+0000] {processor.py:157} INFO - Started process (PID=1913) to work on /home/airflow/.local/lib/python3.10/site-packages/airflow/example_dags/example_trigger_controller_dag.py
[2023-08-13T15:06:42.233+0000] {processor.py:826} INFO - Processing file /home/airflow/.local/lib/python3.10/site-packages/airflow/example_dags/example_trigger_controller_dag.py for tasks to queue
[2023-08-13T15:06:42.233+0000] {logging_mixin.py:149} INFO - [2023-08-13T15:06:42.233+0000] {dagbag.py:541} INFO - Filling up the DagBag from /home/airflow/.local/lib/python3.10/site-packages/airflow/example_dags/example_trigger_controller_dag.py
[2023-08-13T15:06:42.235+0000] {processor.py:836} INFO - DAG(s) dict_keys(['example_trigger_controller_dag']) retrieved from /home/airflow/.local/lib/python3.10/site-packages/airflow/example_dags/example_trigger_controller_dag.py
[2023-08-13T15:06:42.245+0000] {logging_mixin.py:149} INFO - [2023-08-13T15:06:42.245+0000] {dag.py:2726} INFO - Sync 1 DAGs
[2023-08-13T15:06:42.254+0000] {logging_mixin.py:149} INFO - [2023-08-13T15:06:42.254+0000] {dag.py:3486} INFO - Setting next_dagrun for example_trigger_controller_dag to 2021-01-01T00:00:00+00:00, run_after=2021-01-01T00:00:00+00:00
[2023-08-13T15:06:42.262+0000] {processor.py:179} INFO - Processing /home/airflow/.local/lib/python3.10/site-packages/airflow/example_dags/example_trigger_controller_dag.py took 0.031 seconds
[2023-08-13T15:07:12.690+0000] {processor.py:157} INFO - Started process (PID=1989) to work on /home/airflow/.local/lib/python3.10/site-packages/airflow/example_dags/example_trigger_controller_dag.py
[2023-08-13T15:07:12.691+0000] {processor.py:826} INFO - Processing file /home/airflow/.local/lib/python3.10/site-packages/airflow/example_dags/example_trigger_controller_dag.py for tasks to queue
[2023-08-13T15:07:12.691+0000] {logging_mixin.py:149} INFO - [2023-08-13T15:07:12.691+0000] {dagbag.py:541} INFO - Filling up the DagBag from /home/airflow/.local/lib/python3.10/site-packages/airflow/example_dags/example_trigger_controller_dag.py
[2023-08-13T15:07:12.693+0000] {processor.py:836} INFO - DAG(s) dict_keys(['example_trigger_controller_dag']) retrieved from /home/airflow/.local/lib/python3.10/site-packages/airflow/example_dags/example_trigger_controller_dag.py
[2023-08-13T15:07:12.702+0000] {logging_mixin.py:149} INFO - [2023-08-13T15:07:12.702+0000] {dag.py:2726} INFO - Sync 1 DAGs
[2023-08-13T15:07:12.713+0000] {logging_mixin.py:149} INFO - [2023-08-13T15:07:12.713+0000] {dag.py:3486} INFO - Setting next_dagrun for example_trigger_controller_dag to 2021-01-01T00:00:00+00:00, run_after=2021-01-01T00:00:00+00:00
[2023-08-13T15:07:12.720+0000] {processor.py:179} INFO - Processing /home/airflow/.local/lib/python3.10/site-packages/airflow/example_dags/example_trigger_controller_dag.py took 0.031 seconds
[2023-08-13T15:07:43.123+0000] {processor.py:157} INFO - Started process (PID=2066) to work on /home/airflow/.local/lib/python3.10/site-packages/airflow/example_dags/example_trigger_controller_dag.py
[2023-08-13T15:07:43.124+0000] {processor.py:826} INFO - Processing file /home/airflow/.local/lib/python3.10/site-packages/airflow/example_dags/example_trigger_controller_dag.py for tasks to queue
[2023-08-13T15:07:43.124+0000] {logging_mixin.py:149} INFO - [2023-08-13T15:07:43.124+0000] {dagbag.py:541} INFO - Filling up the DagBag from /home/airflow/.local/lib/python3.10/site-packages/airflow/example_dags/example_trigger_controller_dag.py
[2023-08-13T15:07:43.125+0000] {processor.py:836} INFO - DAG(s) dict_keys(['example_trigger_controller_dag']) retrieved from /home/airflow/.local/lib/python3.10/site-packages/airflow/example_dags/example_trigger_controller_dag.py
[2023-08-13T15:07:43.135+0000] {logging_mixin.py:149} INFO - [2023-08-13T15:07:43.135+0000] {dag.py:2726} INFO - Sync 1 DAGs
[2023-08-13T15:07:43.145+0000] {logging_mixin.py:149} INFO - [2023-08-13T15:07:43.145+0000] {dag.py:3486} INFO - Setting next_dagrun for example_trigger_controller_dag to 2021-01-01T00:00:00+00:00, run_after=2021-01-01T00:00:00+00:00
[2023-08-13T15:07:43.152+0000] {processor.py:179} INFO - Processing /home/airflow/.local/lib/python3.10/site-packages/airflow/example_dags/example_trigger_controller_dag.py took 0.030 seconds
[2023-08-13T15:08:13.676+0000] {processor.py:157} INFO - Started process (PID=2144) to work on /home/airflow/.local/lib/python3.10/site-packages/airflow/example_dags/example_trigger_controller_dag.py
[2023-08-13T15:08:13.677+0000] {processor.py:826} INFO - Processing file /home/airflow/.local/lib/python3.10/site-packages/airflow/example_dags/example_trigger_controller_dag.py for tasks to queue
[2023-08-13T15:08:13.677+0000] {logging_mixin.py:149} INFO - [2023-08-13T15:08:13.677+0000] {dagbag.py:541} INFO - Filling up the DagBag from /home/airflow/.local/lib/python3.10/site-packages/airflow/example_dags/example_trigger_controller_dag.py
[2023-08-13T15:08:13.679+0000] {processor.py:836} INFO - DAG(s) dict_keys(['example_trigger_controller_dag']) retrieved from /home/airflow/.local/lib/python3.10/site-packages/airflow/example_dags/example_trigger_controller_dag.py
[2023-08-13T15:08:13.690+0000] {logging_mixin.py:149} INFO - [2023-08-13T15:08:13.690+0000] {dag.py:2726} INFO - Sync 1 DAGs
[2023-08-13T15:08:13.700+0000] {logging_mixin.py:149} INFO - [2023-08-13T15:08:13.700+0000] {dag.py:3486} INFO - Setting next_dagrun for example_trigger_controller_dag to 2021-01-01T00:00:00+00:00, run_after=2021-01-01T00:00:00+00:00
[2023-08-13T15:08:13.708+0000] {processor.py:179} INFO - Processing /home/airflow/.local/lib/python3.10/site-packages/airflow/example_dags/example_trigger_controller_dag.py took 0.033 seconds
[2023-08-13T15:08:44.068+0000] {processor.py:157} INFO - Started process (PID=2221) to work on /home/airflow/.local/lib/python3.10/site-packages/airflow/example_dags/example_trigger_controller_dag.py
[2023-08-13T15:08:44.069+0000] {processor.py:826} INFO - Processing file /home/airflow/.local/lib/python3.10/site-packages/airflow/example_dags/example_trigger_controller_dag.py for tasks to queue
[2023-08-13T15:08:44.069+0000] {logging_mixin.py:149} INFO - [2023-08-13T15:08:44.069+0000] {dagbag.py:541} INFO - Filling up the DagBag from /home/airflow/.local/lib/python3.10/site-packages/airflow/example_dags/example_trigger_controller_dag.py
[2023-08-13T15:08:44.070+0000] {processor.py:836} INFO - DAG(s) dict_keys(['example_trigger_controller_dag']) retrieved from /home/airflow/.local/lib/python3.10/site-packages/airflow/example_dags/example_trigger_controller_dag.py
[2023-08-13T15:08:44.080+0000] {logging_mixin.py:149} INFO - [2023-08-13T15:08:44.080+0000] {dag.py:2726} INFO - Sync 1 DAGs
[2023-08-13T15:08:44.089+0000] {logging_mixin.py:149} INFO - [2023-08-13T15:08:44.089+0000] {dag.py:3486} INFO - Setting next_dagrun for example_trigger_controller_dag to 2021-01-01T00:00:00+00:00, run_after=2021-01-01T00:00:00+00:00
[2023-08-13T15:08:44.096+0000] {processor.py:179} INFO - Processing /home/airflow/.local/lib/python3.10/site-packages/airflow/example_dags/example_trigger_controller_dag.py took 0.030 seconds
[2023-08-13T15:12:54.197+0000] {processor.py:157} INFO - Started process (PID=65) to work on /home/airflow/.local/lib/python3.10/site-packages/airflow/example_dags/example_trigger_controller_dag.py
[2023-08-13T15:12:54.198+0000] {processor.py:826} INFO - Processing file /home/airflow/.local/lib/python3.10/site-packages/airflow/example_dags/example_trigger_controller_dag.py for tasks to queue
[2023-08-13T15:12:54.198+0000] {logging_mixin.py:149} INFO - [2023-08-13T15:12:54.198+0000] {dagbag.py:541} INFO - Filling up the DagBag from /home/airflow/.local/lib/python3.10/site-packages/airflow/example_dags/example_trigger_controller_dag.py
[2023-08-13T15:12:54.200+0000] {processor.py:836} INFO - DAG(s) dict_keys(['example_trigger_controller_dag']) retrieved from /home/airflow/.local/lib/python3.10/site-packages/airflow/example_dags/example_trigger_controller_dag.py
[2023-08-13T15:12:54.206+0000] {logging_mixin.py:149} INFO - [2023-08-13T15:12:54.206+0000] {dag.py:2726} INFO - Sync 1 DAGs
[2023-08-13T15:12:54.216+0000] {logging_mixin.py:149} INFO - [2023-08-13T15:12:54.216+0000] {dag.py:3486} INFO - Setting next_dagrun for example_trigger_controller_dag to 2021-01-01T00:00:00+00:00, run_after=2021-01-01T00:00:00+00:00
[2023-08-13T15:12:54.223+0000] {processor.py:179} INFO - Processing /home/airflow/.local/lib/python3.10/site-packages/airflow/example_dags/example_trigger_controller_dag.py took 0.028 seconds
[2023-08-13T15:13:24.294+0000] {processor.py:157} INFO - Started process (PID=142) to work on /home/airflow/.local/lib/python3.10/site-packages/airflow/example_dags/example_trigger_controller_dag.py
[2023-08-13T15:13:24.295+0000] {processor.py:826} INFO - Processing file /home/airflow/.local/lib/python3.10/site-packages/airflow/example_dags/example_trigger_controller_dag.py for tasks to queue
[2023-08-13T15:13:24.295+0000] {logging_mixin.py:149} INFO - [2023-08-13T15:13:24.295+0000] {dagbag.py:541} INFO - Filling up the DagBag from /home/airflow/.local/lib/python3.10/site-packages/airflow/example_dags/example_trigger_controller_dag.py
[2023-08-13T15:13:24.296+0000] {processor.py:836} INFO - DAG(s) dict_keys(['example_trigger_controller_dag']) retrieved from /home/airflow/.local/lib/python3.10/site-packages/airflow/example_dags/example_trigger_controller_dag.py
[2023-08-13T15:13:24.306+0000] {logging_mixin.py:149} INFO - [2023-08-13T15:13:24.306+0000] {dag.py:2726} INFO - Sync 1 DAGs
[2023-08-13T15:13:24.316+0000] {logging_mixin.py:149} INFO - [2023-08-13T15:13:24.316+0000] {dag.py:3486} INFO - Setting next_dagrun for example_trigger_controller_dag to 2021-01-01T00:00:00+00:00, run_after=2021-01-01T00:00:00+00:00
[2023-08-13T15:13:24.323+0000] {processor.py:179} INFO - Processing /home/airflow/.local/lib/python3.10/site-packages/airflow/example_dags/example_trigger_controller_dag.py took 0.030 seconds
[2023-08-13T15:13:54.711+0000] {processor.py:157} INFO - Started process (PID=219) to work on /home/airflow/.local/lib/python3.10/site-packages/airflow/example_dags/example_trigger_controller_dag.py
[2023-08-13T15:13:54.711+0000] {processor.py:826} INFO - Processing file /home/airflow/.local/lib/python3.10/site-packages/airflow/example_dags/example_trigger_controller_dag.py for tasks to queue
[2023-08-13T15:13:54.711+0000] {logging_mixin.py:149} INFO - [2023-08-13T15:13:54.711+0000] {dagbag.py:541} INFO - Filling up the DagBag from /home/airflow/.local/lib/python3.10/site-packages/airflow/example_dags/example_trigger_controller_dag.py
[2023-08-13T15:13:54.713+0000] {processor.py:836} INFO - DAG(s) dict_keys(['example_trigger_controller_dag']) retrieved from /home/airflow/.local/lib/python3.10/site-packages/airflow/example_dags/example_trigger_controller_dag.py
[2023-08-13T15:13:54.723+0000] {logging_mixin.py:149} INFO - [2023-08-13T15:13:54.723+0000] {dag.py:2726} INFO - Sync 1 DAGs
[2023-08-13T15:13:54.732+0000] {logging_mixin.py:149} INFO - [2023-08-13T15:13:54.732+0000] {dag.py:3486} INFO - Setting next_dagrun for example_trigger_controller_dag to 2021-01-01T00:00:00+00:00, run_after=2021-01-01T00:00:00+00:00
[2023-08-13T15:13:54.739+0000] {processor.py:179} INFO - Processing /home/airflow/.local/lib/python3.10/site-packages/airflow/example_dags/example_trigger_controller_dag.py took 0.029 seconds
[2023-08-13T15:14:25.203+0000] {processor.py:157} INFO - Started process (PID=300) to work on /home/airflow/.local/lib/python3.10/site-packages/airflow/example_dags/example_trigger_controller_dag.py
[2023-08-13T15:14:25.203+0000] {processor.py:826} INFO - Processing file /home/airflow/.local/lib/python3.10/site-packages/airflow/example_dags/example_trigger_controller_dag.py for tasks to queue
[2023-08-13T15:14:25.204+0000] {logging_mixin.py:149} INFO - [2023-08-13T15:14:25.203+0000] {dagbag.py:541} INFO - Filling up the DagBag from /home/airflow/.local/lib/python3.10/site-packages/airflow/example_dags/example_trigger_controller_dag.py
[2023-08-13T15:14:25.205+0000] {processor.py:836} INFO - DAG(s) dict_keys(['example_trigger_controller_dag']) retrieved from /home/airflow/.local/lib/python3.10/site-packages/airflow/example_dags/example_trigger_controller_dag.py
[2023-08-13T15:14:25.215+0000] {logging_mixin.py:149} INFO - [2023-08-13T15:14:25.215+0000] {dag.py:2726} INFO - Sync 1 DAGs
[2023-08-13T15:14:25.225+0000] {logging_mixin.py:149} INFO - [2023-08-13T15:14:25.225+0000] {dag.py:3486} INFO - Setting next_dagrun for example_trigger_controller_dag to 2021-01-01T00:00:00+00:00, run_after=2021-01-01T00:00:00+00:00
[2023-08-13T15:14:25.232+0000] {processor.py:179} INFO - Processing /home/airflow/.local/lib/python3.10/site-packages/airflow/example_dags/example_trigger_controller_dag.py took 0.031 seconds
[2023-08-13T15:14:55.455+0000] {processor.py:157} INFO - Started process (PID=376) to work on /home/airflow/.local/lib/python3.10/site-packages/airflow/example_dags/example_trigger_controller_dag.py
[2023-08-13T15:14:55.455+0000] {processor.py:826} INFO - Processing file /home/airflow/.local/lib/python3.10/site-packages/airflow/example_dags/example_trigger_controller_dag.py for tasks to queue
[2023-08-13T15:14:55.455+0000] {logging_mixin.py:149} INFO - [2023-08-13T15:14:55.455+0000] {dagbag.py:541} INFO - Filling up the DagBag from /home/airflow/.local/lib/python3.10/site-packages/airflow/example_dags/example_trigger_controller_dag.py
[2023-08-13T15:14:55.457+0000] {processor.py:836} INFO - DAG(s) dict_keys(['example_trigger_controller_dag']) retrieved from /home/airflow/.local/lib/python3.10/site-packages/airflow/example_dags/example_trigger_controller_dag.py
[2023-08-13T15:14:55.467+0000] {logging_mixin.py:149} INFO - [2023-08-13T15:14:55.467+0000] {dag.py:2726} INFO - Sync 1 DAGs
[2023-08-13T15:14:55.478+0000] {logging_mixin.py:149} INFO - [2023-08-13T15:14:55.478+0000] {dag.py:3486} INFO - Setting next_dagrun for example_trigger_controller_dag to 2021-01-01T00:00:00+00:00, run_after=2021-01-01T00:00:00+00:00
[2023-08-13T15:14:55.485+0000] {processor.py:179} INFO - Processing /home/airflow/.local/lib/python3.10/site-packages/airflow/example_dags/example_trigger_controller_dag.py took 0.032 seconds
[2023-08-13T15:15:25.902+0000] {processor.py:157} INFO - Started process (PID=453) to work on /home/airflow/.local/lib/python3.10/site-packages/airflow/example_dags/example_trigger_controller_dag.py
[2023-08-13T15:15:25.903+0000] {processor.py:826} INFO - Processing file /home/airflow/.local/lib/python3.10/site-packages/airflow/example_dags/example_trigger_controller_dag.py for tasks to queue
[2023-08-13T15:15:25.903+0000] {logging_mixin.py:149} INFO - [2023-08-13T15:15:25.903+0000] {dagbag.py:541} INFO - Filling up the DagBag from /home/airflow/.local/lib/python3.10/site-packages/airflow/example_dags/example_trigger_controller_dag.py
[2023-08-13T15:15:25.905+0000] {processor.py:836} INFO - DAG(s) dict_keys(['example_trigger_controller_dag']) retrieved from /home/airflow/.local/lib/python3.10/site-packages/airflow/example_dags/example_trigger_controller_dag.py
[2023-08-13T15:15:25.914+0000] {logging_mixin.py:149} INFO - [2023-08-13T15:15:25.914+0000] {dag.py:2726} INFO - Sync 1 DAGs
[2023-08-13T15:15:25.924+0000] {logging_mixin.py:149} INFO - [2023-08-13T15:15:25.924+0000] {dag.py:3486} INFO - Setting next_dagrun for example_trigger_controller_dag to 2021-01-01T00:00:00+00:00, run_after=2021-01-01T00:00:00+00:00
[2023-08-13T15:15:25.931+0000] {processor.py:179} INFO - Processing /home/airflow/.local/lib/python3.10/site-packages/airflow/example_dags/example_trigger_controller_dag.py took 0.030 seconds
[2023-08-13T15:15:56.310+0000] {processor.py:157} INFO - Started process (PID=530) to work on /home/airflow/.local/lib/python3.10/site-packages/airflow/example_dags/example_trigger_controller_dag.py
[2023-08-13T15:15:56.310+0000] {processor.py:826} INFO - Processing file /home/airflow/.local/lib/python3.10/site-packages/airflow/example_dags/example_trigger_controller_dag.py for tasks to queue
[2023-08-13T15:15:56.310+0000] {logging_mixin.py:149} INFO - [2023-08-13T15:15:56.310+0000] {dagbag.py:541} INFO - Filling up the DagBag from /home/airflow/.local/lib/python3.10/site-packages/airflow/example_dags/example_trigger_controller_dag.py
[2023-08-13T15:15:56.312+0000] {processor.py:836} INFO - DAG(s) dict_keys(['example_trigger_controller_dag']) retrieved from /home/airflow/.local/lib/python3.10/site-packages/airflow/example_dags/example_trigger_controller_dag.py
[2023-08-13T15:15:56.322+0000] {logging_mixin.py:149} INFO - [2023-08-13T15:15:56.322+0000] {dag.py:2726} INFO - Sync 1 DAGs
[2023-08-13T15:15:56.331+0000] {logging_mixin.py:149} INFO - [2023-08-13T15:15:56.331+0000] {dag.py:3486} INFO - Setting next_dagrun for example_trigger_controller_dag to 2021-01-01T00:00:00+00:00, run_after=2021-01-01T00:00:00+00:00
[2023-08-13T15:15:56.338+0000] {processor.py:179} INFO - Processing /home/airflow/.local/lib/python3.10/site-packages/airflow/example_dags/example_trigger_controller_dag.py took 0.030 seconds
[2023-08-13T15:16:26.611+0000] {processor.py:157} INFO - Started process (PID=607) to work on /home/airflow/.local/lib/python3.10/site-packages/airflow/example_dags/example_trigger_controller_dag.py
[2023-08-13T15:16:26.611+0000] {processor.py:826} INFO - Processing file /home/airflow/.local/lib/python3.10/site-packages/airflow/example_dags/example_trigger_controller_dag.py for tasks to queue
[2023-08-13T15:16:26.612+0000] {logging_mixin.py:149} INFO - [2023-08-13T15:16:26.612+0000] {dagbag.py:541} INFO - Filling up the DagBag from /home/airflow/.local/lib/python3.10/site-packages/airflow/example_dags/example_trigger_controller_dag.py
[2023-08-13T15:16:26.613+0000] {processor.py:836} INFO - DAG(s) dict_keys(['example_trigger_controller_dag']) retrieved from /home/airflow/.local/lib/python3.10/site-packages/airflow/example_dags/example_trigger_controller_dag.py
[2023-08-13T15:16:26.625+0000] {logging_mixin.py:149} INFO - [2023-08-13T15:16:26.625+0000] {dag.py:2726} INFO - Sync 1 DAGs
[2023-08-13T15:16:26.635+0000] {logging_mixin.py:149} INFO - [2023-08-13T15:16:26.635+0000] {dag.py:3486} INFO - Setting next_dagrun for example_trigger_controller_dag to 2021-01-01T00:00:00+00:00, run_after=2021-01-01T00:00:00+00:00
[2023-08-13T15:16:26.642+0000] {processor.py:179} INFO - Processing /home/airflow/.local/lib/python3.10/site-packages/airflow/example_dags/example_trigger_controller_dag.py took 0.032 seconds
[2023-08-13T15:16:57.035+0000] {processor.py:157} INFO - Started process (PID=684) to work on /home/airflow/.local/lib/python3.10/site-packages/airflow/example_dags/example_trigger_controller_dag.py
[2023-08-13T15:16:57.036+0000] {processor.py:826} INFO - Processing file /home/airflow/.local/lib/python3.10/site-packages/airflow/example_dags/example_trigger_controller_dag.py for tasks to queue
[2023-08-13T15:16:57.036+0000] {logging_mixin.py:149} INFO - [2023-08-13T15:16:57.036+0000] {dagbag.py:541} INFO - Filling up the DagBag from /home/airflow/.local/lib/python3.10/site-packages/airflow/example_dags/example_trigger_controller_dag.py
[2023-08-13T15:16:57.037+0000] {processor.py:836} INFO - DAG(s) dict_keys(['example_trigger_controller_dag']) retrieved from /home/airflow/.local/lib/python3.10/site-packages/airflow/example_dags/example_trigger_controller_dag.py
[2023-08-13T15:16:57.047+0000] {logging_mixin.py:149} INFO - [2023-08-13T15:16:57.047+0000] {dag.py:2726} INFO - Sync 1 DAGs
[2023-08-13T15:16:57.057+0000] {logging_mixin.py:149} INFO - [2023-08-13T15:16:57.057+0000] {dag.py:3486} INFO - Setting next_dagrun for example_trigger_controller_dag to 2021-01-01T00:00:00+00:00, run_after=2021-01-01T00:00:00+00:00
[2023-08-13T15:16:57.064+0000] {processor.py:179} INFO - Processing /home/airflow/.local/lib/python3.10/site-packages/airflow/example_dags/example_trigger_controller_dag.py took 0.030 seconds
[2023-08-13T15:17:27.238+0000] {processor.py:157} INFO - Started process (PID=760) to work on /home/airflow/.local/lib/python3.10/site-packages/airflow/example_dags/example_trigger_controller_dag.py
[2023-08-13T15:17:27.238+0000] {processor.py:826} INFO - Processing file /home/airflow/.local/lib/python3.10/site-packages/airflow/example_dags/example_trigger_controller_dag.py for tasks to queue
[2023-08-13T15:17:27.239+0000] {logging_mixin.py:149} INFO - [2023-08-13T15:17:27.239+0000] {dagbag.py:541} INFO - Filling up the DagBag from /home/airflow/.local/lib/python3.10/site-packages/airflow/example_dags/example_trigger_controller_dag.py
[2023-08-13T15:17:27.240+0000] {processor.py:836} INFO - DAG(s) dict_keys(['example_trigger_controller_dag']) retrieved from /home/airflow/.local/lib/python3.10/site-packages/airflow/example_dags/example_trigger_controller_dag.py
[2023-08-13T15:17:27.250+0000] {logging_mixin.py:149} INFO - [2023-08-13T15:17:27.250+0000] {dag.py:2726} INFO - Sync 1 DAGs
[2023-08-13T15:17:27.260+0000] {logging_mixin.py:149} INFO - [2023-08-13T15:17:27.260+0000] {dag.py:3486} INFO - Setting next_dagrun for example_trigger_controller_dag to 2021-01-01T00:00:00+00:00, run_after=2021-01-01T00:00:00+00:00
[2023-08-13T15:17:27.266+0000] {processor.py:179} INFO - Processing /home/airflow/.local/lib/python3.10/site-packages/airflow/example_dags/example_trigger_controller_dag.py took 0.030 seconds
[2023-08-13T15:17:57.548+0000] {processor.py:157} INFO - Started process (PID=837) to work on /home/airflow/.local/lib/python3.10/site-packages/airflow/example_dags/example_trigger_controller_dag.py
[2023-08-13T15:17:57.548+0000] {processor.py:826} INFO - Processing file /home/airflow/.local/lib/python3.10/site-packages/airflow/example_dags/example_trigger_controller_dag.py for tasks to queue
[2023-08-13T15:17:57.548+0000] {logging_mixin.py:149} INFO - [2023-08-13T15:17:57.548+0000] {dagbag.py:541} INFO - Filling up the DagBag from /home/airflow/.local/lib/python3.10/site-packages/airflow/example_dags/example_trigger_controller_dag.py
[2023-08-13T15:17:57.550+0000] {processor.py:836} INFO - DAG(s) dict_keys(['example_trigger_controller_dag']) retrieved from /home/airflow/.local/lib/python3.10/site-packages/airflow/example_dags/example_trigger_controller_dag.py
[2023-08-13T15:17:57.561+0000] {logging_mixin.py:149} INFO - [2023-08-13T15:17:57.561+0000] {dag.py:2726} INFO - Sync 1 DAGs
[2023-08-13T15:17:57.570+0000] {logging_mixin.py:149} INFO - [2023-08-13T15:17:57.570+0000] {dag.py:3486} INFO - Setting next_dagrun for example_trigger_controller_dag to 2021-01-01T00:00:00+00:00, run_after=2021-01-01T00:00:00+00:00
[2023-08-13T15:17:57.577+0000] {processor.py:179} INFO - Processing /home/airflow/.local/lib/python3.10/site-packages/airflow/example_dags/example_trigger_controller_dag.py took 0.031 seconds
[2023-08-13T15:18:27.858+0000] {processor.py:157} INFO - Started process (PID=914) to work on /home/airflow/.local/lib/python3.10/site-packages/airflow/example_dags/example_trigger_controller_dag.py
[2023-08-13T15:18:27.858+0000] {processor.py:826} INFO - Processing file /home/airflow/.local/lib/python3.10/site-packages/airflow/example_dags/example_trigger_controller_dag.py for tasks to queue
[2023-08-13T15:18:27.858+0000] {logging_mixin.py:149} INFO - [2023-08-13T15:18:27.858+0000] {dagbag.py:541} INFO - Filling up the DagBag from /home/airflow/.local/lib/python3.10/site-packages/airflow/example_dags/example_trigger_controller_dag.py
[2023-08-13T15:18:27.860+0000] {processor.py:836} INFO - DAG(s) dict_keys(['example_trigger_controller_dag']) retrieved from /home/airflow/.local/lib/python3.10/site-packages/airflow/example_dags/example_trigger_controller_dag.py
[2023-08-13T15:18:27.870+0000] {logging_mixin.py:149} INFO - [2023-08-13T15:18:27.870+0000] {dag.py:2726} INFO - Sync 1 DAGs
[2023-08-13T15:18:27.880+0000] {logging_mixin.py:149} INFO - [2023-08-13T15:18:27.880+0000] {dag.py:3486} INFO - Setting next_dagrun for example_trigger_controller_dag to 2021-01-01T00:00:00+00:00, run_after=2021-01-01T00:00:00+00:00
[2023-08-13T15:18:27.886+0000] {processor.py:179} INFO - Processing /home/airflow/.local/lib/python3.10/site-packages/airflow/example_dags/example_trigger_controller_dag.py took 0.030 seconds
[2023-08-13T15:18:58.269+0000] {processor.py:157} INFO - Started process (PID=991) to work on /home/airflow/.local/lib/python3.10/site-packages/airflow/example_dags/example_trigger_controller_dag.py
[2023-08-13T15:18:58.270+0000] {processor.py:826} INFO - Processing file /home/airflow/.local/lib/python3.10/site-packages/airflow/example_dags/example_trigger_controller_dag.py for tasks to queue
[2023-08-13T15:18:58.270+0000] {logging_mixin.py:149} INFO - [2023-08-13T15:18:58.270+0000] {dagbag.py:541} INFO - Filling up the DagBag from /home/airflow/.local/lib/python3.10/site-packages/airflow/example_dags/example_trigger_controller_dag.py
[2023-08-13T15:18:58.272+0000] {processor.py:836} INFO - DAG(s) dict_keys(['example_trigger_controller_dag']) retrieved from /home/airflow/.local/lib/python3.10/site-packages/airflow/example_dags/example_trigger_controller_dag.py
[2023-08-13T15:18:58.282+0000] {logging_mixin.py:149} INFO - [2023-08-13T15:18:58.282+0000] {dag.py:2726} INFO - Sync 1 DAGs
[2023-08-13T15:18:58.292+0000] {logging_mixin.py:149} INFO - [2023-08-13T15:18:58.292+0000] {dag.py:3486} INFO - Setting next_dagrun for example_trigger_controller_dag to 2021-01-01T00:00:00+00:00, run_after=2021-01-01T00:00:00+00:00
[2023-08-13T15:18:58.300+0000] {processor.py:179} INFO - Processing /home/airflow/.local/lib/python3.10/site-packages/airflow/example_dags/example_trigger_controller_dag.py took 0.032 seconds
[2023-08-13T15:19:28.573+0000] {processor.py:157} INFO - Started process (PID=1068) to work on /home/airflow/.local/lib/python3.10/site-packages/airflow/example_dags/example_trigger_controller_dag.py
[2023-08-13T15:19:28.573+0000] {processor.py:826} INFO - Processing file /home/airflow/.local/lib/python3.10/site-packages/airflow/example_dags/example_trigger_controller_dag.py for tasks to queue
[2023-08-13T15:19:28.573+0000] {logging_mixin.py:149} INFO - [2023-08-13T15:19:28.573+0000] {dagbag.py:541} INFO - Filling up the DagBag from /home/airflow/.local/lib/python3.10/site-packages/airflow/example_dags/example_trigger_controller_dag.py
[2023-08-13T15:19:28.575+0000] {processor.py:836} INFO - DAG(s) dict_keys(['example_trigger_controller_dag']) retrieved from /home/airflow/.local/lib/python3.10/site-packages/airflow/example_dags/example_trigger_controller_dag.py
[2023-08-13T15:19:28.585+0000] {logging_mixin.py:149} INFO - [2023-08-13T15:19:28.585+0000] {dag.py:2726} INFO - Sync 1 DAGs
[2023-08-13T15:19:28.595+0000] {logging_mixin.py:149} INFO - [2023-08-13T15:19:28.594+0000] {dag.py:3486} INFO - Setting next_dagrun for example_trigger_controller_dag to 2021-01-01T00:00:00+00:00, run_after=2021-01-01T00:00:00+00:00
[2023-08-13T15:19:28.602+0000] {processor.py:179} INFO - Processing /home/airflow/.local/lib/python3.10/site-packages/airflow/example_dags/example_trigger_controller_dag.py took 0.030 seconds
[2023-08-13T15:19:58.858+0000] {processor.py:157} INFO - Started process (PID=1145) to work on /home/airflow/.local/lib/python3.10/site-packages/airflow/example_dags/example_trigger_controller_dag.py
[2023-08-13T15:19:58.858+0000] {processor.py:826} INFO - Processing file /home/airflow/.local/lib/python3.10/site-packages/airflow/example_dags/example_trigger_controller_dag.py for tasks to queue
[2023-08-13T15:19:58.858+0000] {logging_mixin.py:149} INFO - [2023-08-13T15:19:58.858+0000] {dagbag.py:541} INFO - Filling up the DagBag from /home/airflow/.local/lib/python3.10/site-packages/airflow/example_dags/example_trigger_controller_dag.py
[2023-08-13T15:19:58.860+0000] {processor.py:836} INFO - DAG(s) dict_keys(['example_trigger_controller_dag']) retrieved from /home/airflow/.local/lib/python3.10/site-packages/airflow/example_dags/example_trigger_controller_dag.py
[2023-08-13T15:19:58.870+0000] {logging_mixin.py:149} INFO - [2023-08-13T15:19:58.870+0000] {dag.py:2726} INFO - Sync 1 DAGs
[2023-08-13T15:19:58.879+0000] {logging_mixin.py:149} INFO - [2023-08-13T15:19:58.879+0000] {dag.py:3486} INFO - Setting next_dagrun for example_trigger_controller_dag to 2021-01-01T00:00:00+00:00, run_after=2021-01-01T00:00:00+00:00
[2023-08-13T15:19:58.886+0000] {processor.py:179} INFO - Processing /home/airflow/.local/lib/python3.10/site-packages/airflow/example_dags/example_trigger_controller_dag.py took 0.030 seconds
[2023-08-13T15:20:29.240+0000] {processor.py:157} INFO - Started process (PID=1222) to work on /home/airflow/.local/lib/python3.10/site-packages/airflow/example_dags/example_trigger_controller_dag.py
[2023-08-13T15:20:29.240+0000] {processor.py:826} INFO - Processing file /home/airflow/.local/lib/python3.10/site-packages/airflow/example_dags/example_trigger_controller_dag.py for tasks to queue
[2023-08-13T15:20:29.241+0000] {logging_mixin.py:149} INFO - [2023-08-13T15:20:29.241+0000] {dagbag.py:541} INFO - Filling up the DagBag from /home/airflow/.local/lib/python3.10/site-packages/airflow/example_dags/example_trigger_controller_dag.py
[2023-08-13T15:20:29.242+0000] {processor.py:836} INFO - DAG(s) dict_keys(['example_trigger_controller_dag']) retrieved from /home/airflow/.local/lib/python3.10/site-packages/airflow/example_dags/example_trigger_controller_dag.py
[2023-08-13T15:20:29.252+0000] {logging_mixin.py:149} INFO - [2023-08-13T15:20:29.252+0000] {dag.py:2726} INFO - Sync 1 DAGs
[2023-08-13T15:20:29.262+0000] {logging_mixin.py:149} INFO - [2023-08-13T15:20:29.262+0000] {dag.py:3486} INFO - Setting next_dagrun for example_trigger_controller_dag to 2021-01-01T00:00:00+00:00, run_after=2021-01-01T00:00:00+00:00
[2023-08-13T15:20:29.269+0000] {processor.py:179} INFO - Processing /home/airflow/.local/lib/python3.10/site-packages/airflow/example_dags/example_trigger_controller_dag.py took 0.030 seconds
[2023-08-13T15:20:59.502+0000] {processor.py:157} INFO - Started process (PID=1299) to work on /home/airflow/.local/lib/python3.10/site-packages/airflow/example_dags/example_trigger_controller_dag.py
[2023-08-13T15:20:59.502+0000] {processor.py:826} INFO - Processing file /home/airflow/.local/lib/python3.10/site-packages/airflow/example_dags/example_trigger_controller_dag.py for tasks to queue
[2023-08-13T15:20:59.502+0000] {logging_mixin.py:149} INFO - [2023-08-13T15:20:59.502+0000] {dagbag.py:541} INFO - Filling up the DagBag from /home/airflow/.local/lib/python3.10/site-packages/airflow/example_dags/example_trigger_controller_dag.py
[2023-08-13T15:20:59.504+0000] {processor.py:836} INFO - DAG(s) dict_keys(['example_trigger_controller_dag']) retrieved from /home/airflow/.local/lib/python3.10/site-packages/airflow/example_dags/example_trigger_controller_dag.py
[2023-08-13T15:20:59.513+0000] {logging_mixin.py:149} INFO - [2023-08-13T15:20:59.513+0000] {dag.py:2726} INFO - Sync 1 DAGs
[2023-08-13T15:20:59.523+0000] {logging_mixin.py:149} INFO - [2023-08-13T15:20:59.523+0000] {dag.py:3486} INFO - Setting next_dagrun for example_trigger_controller_dag to 2021-01-01T00:00:00+00:00, run_after=2021-01-01T00:00:00+00:00
[2023-08-13T15:20:59.530+0000] {processor.py:179} INFO - Processing /home/airflow/.local/lib/python3.10/site-packages/airflow/example_dags/example_trigger_controller_dag.py took 0.030 seconds
[2023-08-13T15:21:29.869+0000] {processor.py:157} INFO - Started process (PID=1377) to work on /home/airflow/.local/lib/python3.10/site-packages/airflow/example_dags/example_trigger_controller_dag.py
[2023-08-13T15:21:29.869+0000] {processor.py:826} INFO - Processing file /home/airflow/.local/lib/python3.10/site-packages/airflow/example_dags/example_trigger_controller_dag.py for tasks to queue
[2023-08-13T15:21:29.869+0000] {logging_mixin.py:149} INFO - [2023-08-13T15:21:29.869+0000] {dagbag.py:541} INFO - Filling up the DagBag from /home/airflow/.local/lib/python3.10/site-packages/airflow/example_dags/example_trigger_controller_dag.py
[2023-08-13T15:21:29.871+0000] {processor.py:836} INFO - DAG(s) dict_keys(['example_trigger_controller_dag']) retrieved from /home/airflow/.local/lib/python3.10/site-packages/airflow/example_dags/example_trigger_controller_dag.py
[2023-08-13T15:21:29.881+0000] {logging_mixin.py:149} INFO - [2023-08-13T15:21:29.881+0000] {dag.py:2726} INFO - Sync 1 DAGs
[2023-08-13T15:21:29.890+0000] {logging_mixin.py:149} INFO - [2023-08-13T15:21:29.890+0000] {dag.py:3486} INFO - Setting next_dagrun for example_trigger_controller_dag to 2021-01-01T00:00:00+00:00, run_after=2021-01-01T00:00:00+00:00
[2023-08-13T15:21:29.897+0000] {processor.py:179} INFO - Processing /home/airflow/.local/lib/python3.10/site-packages/airflow/example_dags/example_trigger_controller_dag.py took 0.029 seconds
[2023-08-13T15:22:00.059+0000] {processor.py:157} INFO - Started process (PID=1454) to work on /home/airflow/.local/lib/python3.10/site-packages/airflow/example_dags/example_trigger_controller_dag.py
[2023-08-13T15:22:00.059+0000] {processor.py:826} INFO - Processing file /home/airflow/.local/lib/python3.10/site-packages/airflow/example_dags/example_trigger_controller_dag.py for tasks to queue
[2023-08-13T15:22:00.059+0000] {logging_mixin.py:149} INFO - [2023-08-13T15:22:00.059+0000] {dagbag.py:541} INFO - Filling up the DagBag from /home/airflow/.local/lib/python3.10/site-packages/airflow/example_dags/example_trigger_controller_dag.py
[2023-08-13T15:22:00.061+0000] {processor.py:836} INFO - DAG(s) dict_keys(['example_trigger_controller_dag']) retrieved from /home/airflow/.local/lib/python3.10/site-packages/airflow/example_dags/example_trigger_controller_dag.py
[2023-08-13T15:22:00.070+0000] {logging_mixin.py:149} INFO - [2023-08-13T15:22:00.070+0000] {dag.py:2726} INFO - Sync 1 DAGs
[2023-08-13T15:22:00.080+0000] {logging_mixin.py:149} INFO - [2023-08-13T15:22:00.080+0000] {dag.py:3486} INFO - Setting next_dagrun for example_trigger_controller_dag to 2021-01-01T00:00:00+00:00, run_after=2021-01-01T00:00:00+00:00
[2023-08-13T15:22:00.087+0000] {processor.py:179} INFO - Processing /home/airflow/.local/lib/python3.10/site-packages/airflow/example_dags/example_trigger_controller_dag.py took 0.029 seconds
[2023-08-13T15:22:30.330+0000] {processor.py:157} INFO - Started process (PID=1531) to work on /home/airflow/.local/lib/python3.10/site-packages/airflow/example_dags/example_trigger_controller_dag.py
[2023-08-13T15:22:30.331+0000] {processor.py:826} INFO - Processing file /home/airflow/.local/lib/python3.10/site-packages/airflow/example_dags/example_trigger_controller_dag.py for tasks to queue
[2023-08-13T15:22:30.331+0000] {logging_mixin.py:149} INFO - [2023-08-13T15:22:30.331+0000] {dagbag.py:541} INFO - Filling up the DagBag from /home/airflow/.local/lib/python3.10/site-packages/airflow/example_dags/example_trigger_controller_dag.py
[2023-08-13T15:22:30.332+0000] {processor.py:836} INFO - DAG(s) dict_keys(['example_trigger_controller_dag']) retrieved from /home/airflow/.local/lib/python3.10/site-packages/airflow/example_dags/example_trigger_controller_dag.py
[2023-08-13T15:22:30.343+0000] {logging_mixin.py:149} INFO - [2023-08-13T15:22:30.342+0000] {dag.py:2726} INFO - Sync 1 DAGs
[2023-08-13T15:22:30.352+0000] {logging_mixin.py:149} INFO - [2023-08-13T15:22:30.352+0000] {dag.py:3486} INFO - Setting next_dagrun for example_trigger_controller_dag to 2021-01-01T00:00:00+00:00, run_after=2021-01-01T00:00:00+00:00
[2023-08-13T15:22:30.359+0000] {processor.py:179} INFO - Processing /home/airflow/.local/lib/python3.10/site-packages/airflow/example_dags/example_trigger_controller_dag.py took 0.030 seconds
[2023-08-13T15:23:00.794+0000] {processor.py:157} INFO - Started process (PID=1609) to work on /home/airflow/.local/lib/python3.10/site-packages/airflow/example_dags/example_trigger_controller_dag.py
[2023-08-13T15:23:00.794+0000] {processor.py:826} INFO - Processing file /home/airflow/.local/lib/python3.10/site-packages/airflow/example_dags/example_trigger_controller_dag.py for tasks to queue
[2023-08-13T15:23:00.794+0000] {logging_mixin.py:149} INFO - [2023-08-13T15:23:00.794+0000] {dagbag.py:541} INFO - Filling up the DagBag from /home/airflow/.local/lib/python3.10/site-packages/airflow/example_dags/example_trigger_controller_dag.py
[2023-08-13T15:23:00.796+0000] {processor.py:836} INFO - DAG(s) dict_keys(['example_trigger_controller_dag']) retrieved from /home/airflow/.local/lib/python3.10/site-packages/airflow/example_dags/example_trigger_controller_dag.py
[2023-08-13T15:23:00.808+0000] {logging_mixin.py:149} INFO - [2023-08-13T15:23:00.808+0000] {dag.py:2726} INFO - Sync 1 DAGs
[2023-08-13T15:23:00.818+0000] {logging_mixin.py:149} INFO - [2023-08-13T15:23:00.817+0000] {dag.py:3486} INFO - Setting next_dagrun for example_trigger_controller_dag to 2021-01-01T00:00:00+00:00, run_after=2021-01-01T00:00:00+00:00
[2023-08-13T15:23:00.825+0000] {processor.py:179} INFO - Processing /home/airflow/.local/lib/python3.10/site-packages/airflow/example_dags/example_trigger_controller_dag.py took 0.032 seconds
[2023-08-13T15:23:30.984+0000] {processor.py:157} INFO - Started process (PID=1685) to work on /home/airflow/.local/lib/python3.10/site-packages/airflow/example_dags/example_trigger_controller_dag.py
[2023-08-13T15:23:30.984+0000] {processor.py:826} INFO - Processing file /home/airflow/.local/lib/python3.10/site-packages/airflow/example_dags/example_trigger_controller_dag.py for tasks to queue
[2023-08-13T15:23:30.985+0000] {logging_mixin.py:149} INFO - [2023-08-13T15:23:30.985+0000] {dagbag.py:541} INFO - Filling up the DagBag from /home/airflow/.local/lib/python3.10/site-packages/airflow/example_dags/example_trigger_controller_dag.py
[2023-08-13T15:23:30.986+0000] {processor.py:836} INFO - DAG(s) dict_keys(['example_trigger_controller_dag']) retrieved from /home/airflow/.local/lib/python3.10/site-packages/airflow/example_dags/example_trigger_controller_dag.py
[2023-08-13T15:23:30.996+0000] {logging_mixin.py:149} INFO - [2023-08-13T15:23:30.996+0000] {dag.py:2726} INFO - Sync 1 DAGs
[2023-08-13T15:23:31.006+0000] {logging_mixin.py:149} INFO - [2023-08-13T15:23:31.006+0000] {dag.py:3486} INFO - Setting next_dagrun for example_trigger_controller_dag to 2021-01-01T00:00:00+00:00, run_after=2021-01-01T00:00:00+00:00
[2023-08-13T15:23:31.012+0000] {processor.py:179} INFO - Processing /home/airflow/.local/lib/python3.10/site-packages/airflow/example_dags/example_trigger_controller_dag.py took 0.030 seconds
[2023-08-13T15:24:01.520+0000] {processor.py:157} INFO - Started process (PID=1763) to work on /home/airflow/.local/lib/python3.10/site-packages/airflow/example_dags/example_trigger_controller_dag.py
[2023-08-13T15:24:01.521+0000] {processor.py:826} INFO - Processing file /home/airflow/.local/lib/python3.10/site-packages/airflow/example_dags/example_trigger_controller_dag.py for tasks to queue
[2023-08-13T15:24:01.521+0000] {logging_mixin.py:149} INFO - [2023-08-13T15:24:01.521+0000] {dagbag.py:541} INFO - Filling up the DagBag from /home/airflow/.local/lib/python3.10/site-packages/airflow/example_dags/example_trigger_controller_dag.py
[2023-08-13T15:24:01.523+0000] {processor.py:836} INFO - DAG(s) dict_keys(['example_trigger_controller_dag']) retrieved from /home/airflow/.local/lib/python3.10/site-packages/airflow/example_dags/example_trigger_controller_dag.py
[2023-08-13T15:24:01.534+0000] {logging_mixin.py:149} INFO - [2023-08-13T15:24:01.533+0000] {dag.py:2726} INFO - Sync 1 DAGs
[2023-08-13T15:24:01.543+0000] {logging_mixin.py:149} INFO - [2023-08-13T15:24:01.543+0000] {dag.py:3486} INFO - Setting next_dagrun for example_trigger_controller_dag to 2021-01-01T00:00:00+00:00, run_after=2021-01-01T00:00:00+00:00
[2023-08-13T15:24:01.550+0000] {processor.py:179} INFO - Processing /home/airflow/.local/lib/python3.10/site-packages/airflow/example_dags/example_trigger_controller_dag.py took 0.032 seconds
[2023-08-13T15:24:31.808+0000] {processor.py:157} INFO - Started process (PID=1840) to work on /home/airflow/.local/lib/python3.10/site-packages/airflow/example_dags/example_trigger_controller_dag.py
[2023-08-13T15:24:31.809+0000] {processor.py:826} INFO - Processing file /home/airflow/.local/lib/python3.10/site-packages/airflow/example_dags/example_trigger_controller_dag.py for tasks to queue
[2023-08-13T15:24:31.809+0000] {logging_mixin.py:149} INFO - [2023-08-13T15:24:31.809+0000] {dagbag.py:541} INFO - Filling up the DagBag from /home/airflow/.local/lib/python3.10/site-packages/airflow/example_dags/example_trigger_controller_dag.py
[2023-08-13T15:24:31.811+0000] {processor.py:836} INFO - DAG(s) dict_keys(['example_trigger_controller_dag']) retrieved from /home/airflow/.local/lib/python3.10/site-packages/airflow/example_dags/example_trigger_controller_dag.py
[2023-08-13T15:24:31.821+0000] {logging_mixin.py:149} INFO - [2023-08-13T15:24:31.821+0000] {dag.py:2726} INFO - Sync 1 DAGs
[2023-08-13T15:24:31.831+0000] {logging_mixin.py:149} INFO - [2023-08-13T15:24:31.831+0000] {dag.py:3486} INFO - Setting next_dagrun for example_trigger_controller_dag to 2021-01-01T00:00:00+00:00, run_after=2021-01-01T00:00:00+00:00
[2023-08-13T15:24:31.839+0000] {processor.py:179} INFO - Processing /home/airflow/.local/lib/python3.10/site-packages/airflow/example_dags/example_trigger_controller_dag.py took 0.032 seconds
[2023-08-13T15:25:02.214+0000] {processor.py:157} INFO - Started process (PID=1917) to work on /home/airflow/.local/lib/python3.10/site-packages/airflow/example_dags/example_trigger_controller_dag.py
[2023-08-13T15:25:02.214+0000] {processor.py:826} INFO - Processing file /home/airflow/.local/lib/python3.10/site-packages/airflow/example_dags/example_trigger_controller_dag.py for tasks to queue
[2023-08-13T15:25:02.214+0000] {logging_mixin.py:149} INFO - [2023-08-13T15:25:02.214+0000] {dagbag.py:541} INFO - Filling up the DagBag from /home/airflow/.local/lib/python3.10/site-packages/airflow/example_dags/example_trigger_controller_dag.py
[2023-08-13T15:25:02.216+0000] {processor.py:836} INFO - DAG(s) dict_keys(['example_trigger_controller_dag']) retrieved from /home/airflow/.local/lib/python3.10/site-packages/airflow/example_dags/example_trigger_controller_dag.py
[2023-08-13T15:25:02.227+0000] {logging_mixin.py:149} INFO - [2023-08-13T15:25:02.227+0000] {dag.py:2726} INFO - Sync 1 DAGs
[2023-08-13T15:25:02.238+0000] {logging_mixin.py:149} INFO - [2023-08-13T15:25:02.238+0000] {dag.py:3486} INFO - Setting next_dagrun for example_trigger_controller_dag to 2021-01-01T00:00:00+00:00, run_after=2021-01-01T00:00:00+00:00
[2023-08-13T15:25:02.246+0000] {processor.py:179} INFO - Processing /home/airflow/.local/lib/python3.10/site-packages/airflow/example_dags/example_trigger_controller_dag.py took 0.034 seconds
[2023-08-13T15:25:32.539+0000] {processor.py:157} INFO - Started process (PID=1994) to work on /home/airflow/.local/lib/python3.10/site-packages/airflow/example_dags/example_trigger_controller_dag.py
[2023-08-13T15:25:32.540+0000] {processor.py:826} INFO - Processing file /home/airflow/.local/lib/python3.10/site-packages/airflow/example_dags/example_trigger_controller_dag.py for tasks to queue
[2023-08-13T15:25:32.540+0000] {logging_mixin.py:149} INFO - [2023-08-13T15:25:32.540+0000] {dagbag.py:541} INFO - Filling up the DagBag from /home/airflow/.local/lib/python3.10/site-packages/airflow/example_dags/example_trigger_controller_dag.py
[2023-08-13T15:25:32.542+0000] {processor.py:836} INFO - DAG(s) dict_keys(['example_trigger_controller_dag']) retrieved from /home/airflow/.local/lib/python3.10/site-packages/airflow/example_dags/example_trigger_controller_dag.py
[2023-08-13T15:25:32.553+0000] {logging_mixin.py:149} INFO - [2023-08-13T15:25:32.553+0000] {dag.py:2726} INFO - Sync 1 DAGs
[2023-08-13T15:25:32.563+0000] {logging_mixin.py:149} INFO - [2023-08-13T15:25:32.563+0000] {dag.py:3486} INFO - Setting next_dagrun for example_trigger_controller_dag to 2021-01-01T00:00:00+00:00, run_after=2021-01-01T00:00:00+00:00
[2023-08-13T15:25:32.570+0000] {processor.py:179} INFO - Processing /home/airflow/.local/lib/python3.10/site-packages/airflow/example_dags/example_trigger_controller_dag.py took 0.032 seconds
[2023-08-13T15:26:02.791+0000] {processor.py:157} INFO - Started process (PID=2070) to work on /home/airflow/.local/lib/python3.10/site-packages/airflow/example_dags/example_trigger_controller_dag.py
[2023-08-13T15:26:02.791+0000] {processor.py:826} INFO - Processing file /home/airflow/.local/lib/python3.10/site-packages/airflow/example_dags/example_trigger_controller_dag.py for tasks to queue
[2023-08-13T15:26:02.791+0000] {logging_mixin.py:149} INFO - [2023-08-13T15:26:02.791+0000] {dagbag.py:541} INFO - Filling up the DagBag from /home/airflow/.local/lib/python3.10/site-packages/airflow/example_dags/example_trigger_controller_dag.py
[2023-08-13T15:26:02.793+0000] {processor.py:836} INFO - DAG(s) dict_keys(['example_trigger_controller_dag']) retrieved from /home/airflow/.local/lib/python3.10/site-packages/airflow/example_dags/example_trigger_controller_dag.py
[2023-08-13T15:26:02.803+0000] {logging_mixin.py:149} INFO - [2023-08-13T15:26:02.803+0000] {dag.py:2726} INFO - Sync 1 DAGs
[2023-08-13T15:26:02.812+0000] {logging_mixin.py:149} INFO - [2023-08-13T15:26:02.812+0000] {dag.py:3486} INFO - Setting next_dagrun for example_trigger_controller_dag to 2021-01-01T00:00:00+00:00, run_after=2021-01-01T00:00:00+00:00
[2023-08-13T15:26:02.820+0000] {processor.py:179} INFO - Processing /home/airflow/.local/lib/python3.10/site-packages/airflow/example_dags/example_trigger_controller_dag.py took 0.030 seconds
[2023-08-13T15:26:33.213+0000] {processor.py:157} INFO - Started process (PID=2148) to work on /home/airflow/.local/lib/python3.10/site-packages/airflow/example_dags/example_trigger_controller_dag.py
[2023-08-13T15:26:33.213+0000] {processor.py:826} INFO - Processing file /home/airflow/.local/lib/python3.10/site-packages/airflow/example_dags/example_trigger_controller_dag.py for tasks to queue
[2023-08-13T15:26:33.214+0000] {logging_mixin.py:149} INFO - [2023-08-13T15:26:33.214+0000] {dagbag.py:541} INFO - Filling up the DagBag from /home/airflow/.local/lib/python3.10/site-packages/airflow/example_dags/example_trigger_controller_dag.py
[2023-08-13T15:26:33.215+0000] {processor.py:836} INFO - DAG(s) dict_keys(['example_trigger_controller_dag']) retrieved from /home/airflow/.local/lib/python3.10/site-packages/airflow/example_dags/example_trigger_controller_dag.py
[2023-08-13T15:26:33.226+0000] {logging_mixin.py:149} INFO - [2023-08-13T15:26:33.226+0000] {dag.py:2726} INFO - Sync 1 DAGs
[2023-08-13T15:26:33.235+0000] {logging_mixin.py:149} INFO - [2023-08-13T15:26:33.235+0000] {dag.py:3486} INFO - Setting next_dagrun for example_trigger_controller_dag to 2021-01-01T00:00:00+00:00, run_after=2021-01-01T00:00:00+00:00
[2023-08-13T15:26:33.243+0000] {processor.py:179} INFO - Processing /home/airflow/.local/lib/python3.10/site-packages/airflow/example_dags/example_trigger_controller_dag.py took 0.031 seconds
[2023-08-13T15:27:03.864+0000] {processor.py:157} INFO - Started process (PID=2226) to work on /home/airflow/.local/lib/python3.10/site-packages/airflow/example_dags/example_trigger_controller_dag.py
[2023-08-13T15:27:03.865+0000] {processor.py:826} INFO - Processing file /home/airflow/.local/lib/python3.10/site-packages/airflow/example_dags/example_trigger_controller_dag.py for tasks to queue
[2023-08-13T15:27:03.865+0000] {logging_mixin.py:149} INFO - [2023-08-13T15:27:03.865+0000] {dagbag.py:541} INFO - Filling up the DagBag from /home/airflow/.local/lib/python3.10/site-packages/airflow/example_dags/example_trigger_controller_dag.py
[2023-08-13T15:27:03.867+0000] {processor.py:836} INFO - DAG(s) dict_keys(['example_trigger_controller_dag']) retrieved from /home/airflow/.local/lib/python3.10/site-packages/airflow/example_dags/example_trigger_controller_dag.py
[2023-08-13T15:27:03.877+0000] {logging_mixin.py:149} INFO - [2023-08-13T15:27:03.877+0000] {dag.py:2726} INFO - Sync 1 DAGs
[2023-08-13T15:27:03.887+0000] {logging_mixin.py:149} INFO - [2023-08-13T15:27:03.887+0000] {dag.py:3486} INFO - Setting next_dagrun for example_trigger_controller_dag to 2021-01-01T00:00:00+00:00, run_after=2021-01-01T00:00:00+00:00
[2023-08-13T15:27:03.894+0000] {processor.py:179} INFO - Processing /home/airflow/.local/lib/python3.10/site-packages/airflow/example_dags/example_trigger_controller_dag.py took 0.032 seconds
[2023-08-13T15:27:34.366+0000] {processor.py:157} INFO - Started process (PID=2302) to work on /home/airflow/.local/lib/python3.10/site-packages/airflow/example_dags/example_trigger_controller_dag.py
[2023-08-13T15:27:34.367+0000] {processor.py:826} INFO - Processing file /home/airflow/.local/lib/python3.10/site-packages/airflow/example_dags/example_trigger_controller_dag.py for tasks to queue
[2023-08-13T15:27:34.367+0000] {logging_mixin.py:149} INFO - [2023-08-13T15:27:34.367+0000] {dagbag.py:541} INFO - Filling up the DagBag from /home/airflow/.local/lib/python3.10/site-packages/airflow/example_dags/example_trigger_controller_dag.py
[2023-08-13T15:27:34.369+0000] {processor.py:836} INFO - DAG(s) dict_keys(['example_trigger_controller_dag']) retrieved from /home/airflow/.local/lib/python3.10/site-packages/airflow/example_dags/example_trigger_controller_dag.py
[2023-08-13T15:27:34.380+0000] {logging_mixin.py:149} INFO - [2023-08-13T15:27:34.380+0000] {dag.py:2726} INFO - Sync 1 DAGs
[2023-08-13T15:27:34.390+0000] {logging_mixin.py:149} INFO - [2023-08-13T15:27:34.390+0000] {dag.py:3486} INFO - Setting next_dagrun for example_trigger_controller_dag to 2021-01-01T00:00:00+00:00, run_after=2021-01-01T00:00:00+00:00
[2023-08-13T15:27:34.397+0000] {processor.py:179} INFO - Processing /home/airflow/.local/lib/python3.10/site-packages/airflow/example_dags/example_trigger_controller_dag.py took 0.032 seconds
[2023-08-13T15:28:04.638+0000] {processor.py:157} INFO - Started process (PID=2379) to work on /home/airflow/.local/lib/python3.10/site-packages/airflow/example_dags/example_trigger_controller_dag.py
[2023-08-13T15:28:04.638+0000] {processor.py:826} INFO - Processing file /home/airflow/.local/lib/python3.10/site-packages/airflow/example_dags/example_trigger_controller_dag.py for tasks to queue
[2023-08-13T15:28:04.639+0000] {logging_mixin.py:149} INFO - [2023-08-13T15:28:04.639+0000] {dagbag.py:541} INFO - Filling up the DagBag from /home/airflow/.local/lib/python3.10/site-packages/airflow/example_dags/example_trigger_controller_dag.py
[2023-08-13T15:28:04.640+0000] {processor.py:836} INFO - DAG(s) dict_keys(['example_trigger_controller_dag']) retrieved from /home/airflow/.local/lib/python3.10/site-packages/airflow/example_dags/example_trigger_controller_dag.py
[2023-08-13T15:28:04.650+0000] {logging_mixin.py:149} INFO - [2023-08-13T15:28:04.650+0000] {dag.py:2726} INFO - Sync 1 DAGs
[2023-08-13T15:28:04.659+0000] {logging_mixin.py:149} INFO - [2023-08-13T15:28:04.659+0000] {dag.py:3486} INFO - Setting next_dagrun for example_trigger_controller_dag to 2021-01-01T00:00:00+00:00, run_after=2021-01-01T00:00:00+00:00
[2023-08-13T15:28:04.667+0000] {processor.py:179} INFO - Processing /home/airflow/.local/lib/python3.10/site-packages/airflow/example_dags/example_trigger_controller_dag.py took 0.030 seconds
[2023-08-13T15:28:35.068+0000] {processor.py:157} INFO - Started process (PID=2456) to work on /home/airflow/.local/lib/python3.10/site-packages/airflow/example_dags/example_trigger_controller_dag.py
[2023-08-13T15:28:35.069+0000] {processor.py:826} INFO - Processing file /home/airflow/.local/lib/python3.10/site-packages/airflow/example_dags/example_trigger_controller_dag.py for tasks to queue
[2023-08-13T15:28:35.069+0000] {logging_mixin.py:149} INFO - [2023-08-13T15:28:35.069+0000] {dagbag.py:541} INFO - Filling up the DagBag from /home/airflow/.local/lib/python3.10/site-packages/airflow/example_dags/example_trigger_controller_dag.py
[2023-08-13T15:28:35.071+0000] {processor.py:836} INFO - DAG(s) dict_keys(['example_trigger_controller_dag']) retrieved from /home/airflow/.local/lib/python3.10/site-packages/airflow/example_dags/example_trigger_controller_dag.py
[2023-08-13T15:28:35.082+0000] {logging_mixin.py:149} INFO - [2023-08-13T15:28:35.082+0000] {dag.py:2726} INFO - Sync 1 DAGs
[2023-08-13T15:28:35.092+0000] {logging_mixin.py:149} INFO - [2023-08-13T15:28:35.092+0000] {dag.py:3486} INFO - Setting next_dagrun for example_trigger_controller_dag to 2021-01-01T00:00:00+00:00, run_after=2021-01-01T00:00:00+00:00
[2023-08-13T15:28:35.099+0000] {processor.py:179} INFO - Processing /home/airflow/.local/lib/python3.10/site-packages/airflow/example_dags/example_trigger_controller_dag.py took 0.032 seconds
[2023-08-13T15:29:05.384+0000] {processor.py:157} INFO - Started process (PID=2533) to work on /home/airflow/.local/lib/python3.10/site-packages/airflow/example_dags/example_trigger_controller_dag.py
[2023-08-13T15:29:05.385+0000] {processor.py:826} INFO - Processing file /home/airflow/.local/lib/python3.10/site-packages/airflow/example_dags/example_trigger_controller_dag.py for tasks to queue
[2023-08-13T15:29:05.385+0000] {logging_mixin.py:149} INFO - [2023-08-13T15:29:05.385+0000] {dagbag.py:541} INFO - Filling up the DagBag from /home/airflow/.local/lib/python3.10/site-packages/airflow/example_dags/example_trigger_controller_dag.py
[2023-08-13T15:29:05.387+0000] {processor.py:836} INFO - DAG(s) dict_keys(['example_trigger_controller_dag']) retrieved from /home/airflow/.local/lib/python3.10/site-packages/airflow/example_dags/example_trigger_controller_dag.py
[2023-08-13T15:29:05.398+0000] {logging_mixin.py:149} INFO - [2023-08-13T15:29:05.398+0000] {dag.py:2726} INFO - Sync 1 DAGs
[2023-08-13T15:29:05.408+0000] {logging_mixin.py:149} INFO - [2023-08-13T15:29:05.407+0000] {dag.py:3486} INFO - Setting next_dagrun for example_trigger_controller_dag to 2021-01-01T00:00:00+00:00, run_after=2021-01-01T00:00:00+00:00
[2023-08-13T15:29:05.414+0000] {processor.py:179} INFO - Processing /home/airflow/.local/lib/python3.10/site-packages/airflow/example_dags/example_trigger_controller_dag.py took 0.032 seconds
