[2023-08-13T08:25:09.633+0000] {processor.py:157} INFO - Started process (PID=42) to work on /home/airflow/.local/lib/python3.10/site-packages/airflow/example_dags/example_external_task_marker_dag.py
[2023-08-13T08:25:09.634+0000] {processor.py:826} INFO - Processing file /home/airflow/.local/lib/python3.10/site-packages/airflow/example_dags/example_external_task_marker_dag.py for tasks to queue
[2023-08-13T08:25:09.634+0000] {logging_mixin.py:149} INFO - [2023-08-13T08:25:09.634+0000] {dagbag.py:541} INFO - Filling up the DagBag from /home/airflow/.local/lib/python3.10/site-packages/airflow/example_dags/example_external_task_marker_dag.py
[2023-08-13T08:25:09.638+0000] {processor.py:836} INFO - DAG(s) dict_keys(['example_external_task_marker_parent', 'example_external_task_marker_child']) retrieved from /home/airflow/.local/lib/python3.10/site-packages/airflow/example_dags/example_external_task_marker_dag.py
[2023-08-13T08:25:09.643+0000] {logging_mixin.py:149} INFO - [2023-08-13T08:25:09.643+0000] {dag.py:2726} INFO - Sync 2 DAGs
[2023-08-13T08:25:09.654+0000] {logging_mixin.py:149} INFO - [2023-08-13T08:25:09.654+0000] {dag.py:3486} INFO - Setting next_dagrun for example_external_task_marker_child to None, run_after=None
[2023-08-13T08:25:09.655+0000] {logging_mixin.py:149} INFO - [2023-08-13T08:25:09.655+0000] {dag.py:3486} INFO - Setting next_dagrun for example_external_task_marker_parent to None, run_after=None
[2023-08-13T08:25:09.661+0000] {processor.py:179} INFO - Processing /home/airflow/.local/lib/python3.10/site-packages/airflow/example_dags/example_external_task_marker_dag.py took 0.029 seconds
[2023-08-13T08:25:39.766+0000] {processor.py:157} INFO - Started process (PID=118) to work on /home/airflow/.local/lib/python3.10/site-packages/airflow/example_dags/example_external_task_marker_dag.py
[2023-08-13T08:25:39.766+0000] {processor.py:826} INFO - Processing file /home/airflow/.local/lib/python3.10/site-packages/airflow/example_dags/example_external_task_marker_dag.py for tasks to queue
[2023-08-13T08:25:39.766+0000] {logging_mixin.py:149} INFO - [2023-08-13T08:25:39.766+0000] {dagbag.py:541} INFO - Filling up the DagBag from /home/airflow/.local/lib/python3.10/site-packages/airflow/example_dags/example_external_task_marker_dag.py
[2023-08-13T08:25:39.769+0000] {processor.py:836} INFO - DAG(s) dict_keys(['example_external_task_marker_child', 'example_external_task_marker_parent']) retrieved from /home/airflow/.local/lib/python3.10/site-packages/airflow/example_dags/example_external_task_marker_dag.py
[2023-08-13T08:25:39.780+0000] {logging_mixin.py:149} INFO - [2023-08-13T08:25:39.780+0000] {dag.py:2726} INFO - Sync 2 DAGs
[2023-08-13T08:25:39.790+0000] {logging_mixin.py:149} INFO - [2023-08-13T08:25:39.790+0000] {dag.py:3486} INFO - Setting next_dagrun for example_external_task_marker_child to None, run_after=None
[2023-08-13T08:25:39.791+0000] {logging_mixin.py:149} INFO - [2023-08-13T08:25:39.791+0000] {dag.py:3486} INFO - Setting next_dagrun for example_external_task_marker_parent to None, run_after=None
[2023-08-13T08:25:39.797+0000] {processor.py:179} INFO - Processing /home/airflow/.local/lib/python3.10/site-packages/airflow/example_dags/example_external_task_marker_dag.py took 0.033 seconds
[2023-08-13T08:26:10.302+0000] {processor.py:157} INFO - Started process (PID=196) to work on /home/airflow/.local/lib/python3.10/site-packages/airflow/example_dags/example_external_task_marker_dag.py
[2023-08-13T08:26:10.302+0000] {processor.py:826} INFO - Processing file /home/airflow/.local/lib/python3.10/site-packages/airflow/example_dags/example_external_task_marker_dag.py for tasks to queue
[2023-08-13T08:26:10.302+0000] {logging_mixin.py:149} INFO - [2023-08-13T08:26:10.302+0000] {dagbag.py:541} INFO - Filling up the DagBag from /home/airflow/.local/lib/python3.10/site-packages/airflow/example_dags/example_external_task_marker_dag.py
[2023-08-13T08:26:10.305+0000] {processor.py:836} INFO - DAG(s) dict_keys(['example_external_task_marker_parent', 'example_external_task_marker_child']) retrieved from /home/airflow/.local/lib/python3.10/site-packages/airflow/example_dags/example_external_task_marker_dag.py
[2023-08-13T08:26:10.317+0000] {logging_mixin.py:149} INFO - [2023-08-13T08:26:10.317+0000] {dag.py:2726} INFO - Sync 2 DAGs
[2023-08-13T08:26:10.326+0000] {logging_mixin.py:149} INFO - [2023-08-13T08:26:10.326+0000] {dag.py:3486} INFO - Setting next_dagrun for example_external_task_marker_child to None, run_after=None
[2023-08-13T08:26:10.328+0000] {logging_mixin.py:149} INFO - [2023-08-13T08:26:10.328+0000] {dag.py:3486} INFO - Setting next_dagrun for example_external_task_marker_parent to None, run_after=None
[2023-08-13T08:26:10.334+0000] {processor.py:179} INFO - Processing /home/airflow/.local/lib/python3.10/site-packages/airflow/example_dags/example_external_task_marker_dag.py took 0.034 seconds
[2023-08-13T08:26:40.746+0000] {processor.py:157} INFO - Started process (PID=272) to work on /home/airflow/.local/lib/python3.10/site-packages/airflow/example_dags/example_external_task_marker_dag.py
[2023-08-13T08:26:40.746+0000] {processor.py:826} INFO - Processing file /home/airflow/.local/lib/python3.10/site-packages/airflow/example_dags/example_external_task_marker_dag.py for tasks to queue
[2023-08-13T08:26:40.746+0000] {logging_mixin.py:149} INFO - [2023-08-13T08:26:40.746+0000] {dagbag.py:541} INFO - Filling up the DagBag from /home/airflow/.local/lib/python3.10/site-packages/airflow/example_dags/example_external_task_marker_dag.py
[2023-08-13T08:26:40.748+0000] {processor.py:836} INFO - DAG(s) dict_keys(['example_external_task_marker_child', 'example_external_task_marker_parent']) retrieved from /home/airflow/.local/lib/python3.10/site-packages/airflow/example_dags/example_external_task_marker_dag.py
[2023-08-13T08:26:40.760+0000] {logging_mixin.py:149} INFO - [2023-08-13T08:26:40.759+0000] {dag.py:2726} INFO - Sync 2 DAGs
[2023-08-13T08:26:40.769+0000] {logging_mixin.py:149} INFO - [2023-08-13T08:26:40.769+0000] {dag.py:3486} INFO - Setting next_dagrun for example_external_task_marker_child to None, run_after=None
[2023-08-13T08:26:40.770+0000] {logging_mixin.py:149} INFO - [2023-08-13T08:26:40.770+0000] {dag.py:3486} INFO - Setting next_dagrun for example_external_task_marker_parent to None, run_after=None
[2023-08-13T08:26:40.776+0000] {processor.py:179} INFO - Processing /home/airflow/.local/lib/python3.10/site-packages/airflow/example_dags/example_external_task_marker_dag.py took 0.032 seconds
[2023-08-13T08:27:11.252+0000] {processor.py:157} INFO - Started process (PID=349) to work on /home/airflow/.local/lib/python3.10/site-packages/airflow/example_dags/example_external_task_marker_dag.py
[2023-08-13T08:27:11.253+0000] {processor.py:826} INFO - Processing file /home/airflow/.local/lib/python3.10/site-packages/airflow/example_dags/example_external_task_marker_dag.py for tasks to queue
[2023-08-13T08:27:11.253+0000] {logging_mixin.py:149} INFO - [2023-08-13T08:27:11.253+0000] {dagbag.py:541} INFO - Filling up the DagBag from /home/airflow/.local/lib/python3.10/site-packages/airflow/example_dags/example_external_task_marker_dag.py
[2023-08-13T08:27:11.256+0000] {processor.py:836} INFO - DAG(s) dict_keys(['example_external_task_marker_parent', 'example_external_task_marker_child']) retrieved from /home/airflow/.local/lib/python3.10/site-packages/airflow/example_dags/example_external_task_marker_dag.py
[2023-08-13T08:27:11.267+0000] {logging_mixin.py:149} INFO - [2023-08-13T08:27:11.267+0000] {dag.py:2726} INFO - Sync 2 DAGs
[2023-08-13T08:27:11.276+0000] {logging_mixin.py:149} INFO - [2023-08-13T08:27:11.276+0000] {dag.py:3486} INFO - Setting next_dagrun for example_external_task_marker_child to None, run_after=None
[2023-08-13T08:27:11.278+0000] {logging_mixin.py:149} INFO - [2023-08-13T08:27:11.278+0000] {dag.py:3486} INFO - Setting next_dagrun for example_external_task_marker_parent to None, run_after=None
[2023-08-13T08:27:11.284+0000] {processor.py:179} INFO - Processing /home/airflow/.local/lib/python3.10/site-packages/airflow/example_dags/example_external_task_marker_dag.py took 0.033 seconds
[2023-08-13T08:27:41.607+0000] {processor.py:157} INFO - Started process (PID=426) to work on /home/airflow/.local/lib/python3.10/site-packages/airflow/example_dags/example_external_task_marker_dag.py
[2023-08-13T08:27:41.607+0000] {processor.py:826} INFO - Processing file /home/airflow/.local/lib/python3.10/site-packages/airflow/example_dags/example_external_task_marker_dag.py for tasks to queue
[2023-08-13T08:27:41.608+0000] {logging_mixin.py:149} INFO - [2023-08-13T08:27:41.607+0000] {dagbag.py:541} INFO - Filling up the DagBag from /home/airflow/.local/lib/python3.10/site-packages/airflow/example_dags/example_external_task_marker_dag.py
[2023-08-13T08:27:41.610+0000] {processor.py:836} INFO - DAG(s) dict_keys(['example_external_task_marker_child', 'example_external_task_marker_parent']) retrieved from /home/airflow/.local/lib/python3.10/site-packages/airflow/example_dags/example_external_task_marker_dag.py
[2023-08-13T08:27:41.622+0000] {logging_mixin.py:149} INFO - [2023-08-13T08:27:41.622+0000] {dag.py:2726} INFO - Sync 2 DAGs
[2023-08-13T08:27:41.632+0000] {logging_mixin.py:149} INFO - [2023-08-13T08:27:41.631+0000] {dag.py:3486} INFO - Setting next_dagrun for example_external_task_marker_child to None, run_after=None
[2023-08-13T08:27:41.633+0000] {logging_mixin.py:149} INFO - [2023-08-13T08:27:41.633+0000] {dag.py:3486} INFO - Setting next_dagrun for example_external_task_marker_parent to None, run_after=None
[2023-08-13T08:27:41.640+0000] {processor.py:179} INFO - Processing /home/airflow/.local/lib/python3.10/site-packages/airflow/example_dags/example_external_task_marker_dag.py took 0.034 seconds
[2023-08-13T08:28:11.948+0000] {processor.py:157} INFO - Started process (PID=502) to work on /home/airflow/.local/lib/python3.10/site-packages/airflow/example_dags/example_external_task_marker_dag.py
[2023-08-13T08:28:11.949+0000] {processor.py:826} INFO - Processing file /home/airflow/.local/lib/python3.10/site-packages/airflow/example_dags/example_external_task_marker_dag.py for tasks to queue
[2023-08-13T08:28:11.949+0000] {logging_mixin.py:149} INFO - [2023-08-13T08:28:11.949+0000] {dagbag.py:541} INFO - Filling up the DagBag from /home/airflow/.local/lib/python3.10/site-packages/airflow/example_dags/example_external_task_marker_dag.py
[2023-08-13T08:28:11.951+0000] {processor.py:836} INFO - DAG(s) dict_keys(['example_external_task_marker_child', 'example_external_task_marker_parent']) retrieved from /home/airflow/.local/lib/python3.10/site-packages/airflow/example_dags/example_external_task_marker_dag.py
[2023-08-13T08:28:11.962+0000] {logging_mixin.py:149} INFO - [2023-08-13T08:28:11.962+0000] {dag.py:2726} INFO - Sync 2 DAGs
[2023-08-13T08:28:11.972+0000] {logging_mixin.py:149} INFO - [2023-08-13T08:28:11.972+0000] {dag.py:3486} INFO - Setting next_dagrun for example_external_task_marker_child to None, run_after=None
[2023-08-13T08:28:11.973+0000] {logging_mixin.py:149} INFO - [2023-08-13T08:28:11.973+0000] {dag.py:3486} INFO - Setting next_dagrun for example_external_task_marker_parent to None, run_after=None
[2023-08-13T08:28:11.980+0000] {processor.py:179} INFO - Processing /home/airflow/.local/lib/python3.10/site-packages/airflow/example_dags/example_external_task_marker_dag.py took 0.032 seconds
[2023-08-13T08:28:42.304+0000] {processor.py:157} INFO - Started process (PID=579) to work on /home/airflow/.local/lib/python3.10/site-packages/airflow/example_dags/example_external_task_marker_dag.py
[2023-08-13T08:28:42.305+0000] {processor.py:826} INFO - Processing file /home/airflow/.local/lib/python3.10/site-packages/airflow/example_dags/example_external_task_marker_dag.py for tasks to queue
[2023-08-13T08:28:42.305+0000] {logging_mixin.py:149} INFO - [2023-08-13T08:28:42.305+0000] {dagbag.py:541} INFO - Filling up the DagBag from /home/airflow/.local/lib/python3.10/site-packages/airflow/example_dags/example_external_task_marker_dag.py
[2023-08-13T08:28:42.307+0000] {processor.py:836} INFO - DAG(s) dict_keys(['example_external_task_marker_child', 'example_external_task_marker_parent']) retrieved from /home/airflow/.local/lib/python3.10/site-packages/airflow/example_dags/example_external_task_marker_dag.py
[2023-08-13T08:28:42.319+0000] {logging_mixin.py:149} INFO - [2023-08-13T08:28:42.319+0000] {dag.py:2726} INFO - Sync 2 DAGs
[2023-08-13T08:28:42.329+0000] {logging_mixin.py:149} INFO - [2023-08-13T08:28:42.328+0000] {dag.py:3486} INFO - Setting next_dagrun for example_external_task_marker_child to None, run_after=None
[2023-08-13T08:28:42.330+0000] {logging_mixin.py:149} INFO - [2023-08-13T08:28:42.330+0000] {dag.py:3486} INFO - Setting next_dagrun for example_external_task_marker_parent to None, run_after=None
[2023-08-13T08:28:42.336+0000] {processor.py:179} INFO - Processing /home/airflow/.local/lib/python3.10/site-packages/airflow/example_dags/example_external_task_marker_dag.py took 0.033 seconds
[2023-08-13T08:29:12.630+0000] {processor.py:157} INFO - Started process (PID=656) to work on /home/airflow/.local/lib/python3.10/site-packages/airflow/example_dags/example_external_task_marker_dag.py
[2023-08-13T08:29:12.630+0000] {processor.py:826} INFO - Processing file /home/airflow/.local/lib/python3.10/site-packages/airflow/example_dags/example_external_task_marker_dag.py for tasks to queue
[2023-08-13T08:29:12.631+0000] {logging_mixin.py:149} INFO - [2023-08-13T08:29:12.631+0000] {dagbag.py:541} INFO - Filling up the DagBag from /home/airflow/.local/lib/python3.10/site-packages/airflow/example_dags/example_external_task_marker_dag.py
[2023-08-13T08:29:12.633+0000] {processor.py:836} INFO - DAG(s) dict_keys(['example_external_task_marker_parent', 'example_external_task_marker_child']) retrieved from /home/airflow/.local/lib/python3.10/site-packages/airflow/example_dags/example_external_task_marker_dag.py
[2023-08-13T08:29:12.645+0000] {logging_mixin.py:149} INFO - [2023-08-13T08:29:12.645+0000] {dag.py:2726} INFO - Sync 2 DAGs
[2023-08-13T08:29:12.655+0000] {logging_mixin.py:149} INFO - [2023-08-13T08:29:12.655+0000] {dag.py:3486} INFO - Setting next_dagrun for example_external_task_marker_child to None, run_after=None
[2023-08-13T08:29:12.657+0000] {logging_mixin.py:149} INFO - [2023-08-13T08:29:12.656+0000] {dag.py:3486} INFO - Setting next_dagrun for example_external_task_marker_parent to None, run_after=None
[2023-08-13T08:29:12.663+0000] {processor.py:179} INFO - Processing /home/airflow/.local/lib/python3.10/site-packages/airflow/example_dags/example_external_task_marker_dag.py took 0.034 seconds
[2023-08-13T08:29:42.960+0000] {processor.py:157} INFO - Started process (PID=733) to work on /home/airflow/.local/lib/python3.10/site-packages/airflow/example_dags/example_external_task_marker_dag.py
[2023-08-13T08:29:42.960+0000] {processor.py:826} INFO - Processing file /home/airflow/.local/lib/python3.10/site-packages/airflow/example_dags/example_external_task_marker_dag.py for tasks to queue
[2023-08-13T08:29:42.960+0000] {logging_mixin.py:149} INFO - [2023-08-13T08:29:42.960+0000] {dagbag.py:541} INFO - Filling up the DagBag from /home/airflow/.local/lib/python3.10/site-packages/airflow/example_dags/example_external_task_marker_dag.py
[2023-08-13T08:29:42.963+0000] {processor.py:836} INFO - DAG(s) dict_keys(['example_external_task_marker_parent', 'example_external_task_marker_child']) retrieved from /home/airflow/.local/lib/python3.10/site-packages/airflow/example_dags/example_external_task_marker_dag.py
[2023-08-13T08:29:42.975+0000] {logging_mixin.py:149} INFO - [2023-08-13T08:29:42.975+0000] {dag.py:2726} INFO - Sync 2 DAGs
[2023-08-13T08:29:42.984+0000] {logging_mixin.py:149} INFO - [2023-08-13T08:29:42.984+0000] {dag.py:3486} INFO - Setting next_dagrun for example_external_task_marker_child to None, run_after=None
[2023-08-13T08:29:42.986+0000] {logging_mixin.py:149} INFO - [2023-08-13T08:29:42.986+0000] {dag.py:3486} INFO - Setting next_dagrun for example_external_task_marker_parent to None, run_after=None
[2023-08-13T08:29:42.992+0000] {processor.py:179} INFO - Processing /home/airflow/.local/lib/python3.10/site-packages/airflow/example_dags/example_external_task_marker_dag.py took 0.034 seconds
[2023-08-13T08:30:13.366+0000] {processor.py:157} INFO - Started process (PID=810) to work on /home/airflow/.local/lib/python3.10/site-packages/airflow/example_dags/example_external_task_marker_dag.py
[2023-08-13T08:30:13.367+0000] {processor.py:826} INFO - Processing file /home/airflow/.local/lib/python3.10/site-packages/airflow/example_dags/example_external_task_marker_dag.py for tasks to queue
[2023-08-13T08:30:13.367+0000] {logging_mixin.py:149} INFO - [2023-08-13T08:30:13.367+0000] {dagbag.py:541} INFO - Filling up the DagBag from /home/airflow/.local/lib/python3.10/site-packages/airflow/example_dags/example_external_task_marker_dag.py
[2023-08-13T08:30:13.369+0000] {processor.py:836} INFO - DAG(s) dict_keys(['example_external_task_marker_parent', 'example_external_task_marker_child']) retrieved from /home/airflow/.local/lib/python3.10/site-packages/airflow/example_dags/example_external_task_marker_dag.py
[2023-08-13T08:30:13.380+0000] {logging_mixin.py:149} INFO - [2023-08-13T08:30:13.380+0000] {dag.py:2726} INFO - Sync 2 DAGs
[2023-08-13T08:30:13.390+0000] {logging_mixin.py:149} INFO - [2023-08-13T08:30:13.390+0000] {dag.py:3486} INFO - Setting next_dagrun for example_external_task_marker_child to None, run_after=None
[2023-08-13T08:30:13.391+0000] {logging_mixin.py:149} INFO - [2023-08-13T08:30:13.391+0000] {dag.py:3486} INFO - Setting next_dagrun for example_external_task_marker_parent to None, run_after=None
[2023-08-13T08:30:13.397+0000] {processor.py:179} INFO - Processing /home/airflow/.local/lib/python3.10/site-packages/airflow/example_dags/example_external_task_marker_dag.py took 0.032 seconds
[2023-08-13T08:30:43.831+0000] {processor.py:157} INFO - Started process (PID=887) to work on /home/airflow/.local/lib/python3.10/site-packages/airflow/example_dags/example_external_task_marker_dag.py
[2023-08-13T08:30:43.831+0000] {processor.py:826} INFO - Processing file /home/airflow/.local/lib/python3.10/site-packages/airflow/example_dags/example_external_task_marker_dag.py for tasks to queue
[2023-08-13T08:30:43.831+0000] {logging_mixin.py:149} INFO - [2023-08-13T08:30:43.831+0000] {dagbag.py:541} INFO - Filling up the DagBag from /home/airflow/.local/lib/python3.10/site-packages/airflow/example_dags/example_external_task_marker_dag.py
[2023-08-13T08:30:43.834+0000] {processor.py:836} INFO - DAG(s) dict_keys(['example_external_task_marker_child', 'example_external_task_marker_parent']) retrieved from /home/airflow/.local/lib/python3.10/site-packages/airflow/example_dags/example_external_task_marker_dag.py
[2023-08-13T08:30:43.846+0000] {logging_mixin.py:149} INFO - [2023-08-13T08:30:43.846+0000] {dag.py:2726} INFO - Sync 2 DAGs
[2023-08-13T08:30:43.856+0000] {logging_mixin.py:149} INFO - [2023-08-13T08:30:43.856+0000] {dag.py:3486} INFO - Setting next_dagrun for example_external_task_marker_child to None, run_after=None
[2023-08-13T08:30:43.857+0000] {logging_mixin.py:149} INFO - [2023-08-13T08:30:43.857+0000] {dag.py:3486} INFO - Setting next_dagrun for example_external_task_marker_parent to None, run_after=None
[2023-08-13T08:30:43.864+0000] {processor.py:179} INFO - Processing /home/airflow/.local/lib/python3.10/site-packages/airflow/example_dags/example_external_task_marker_dag.py took 0.034 seconds
[2023-08-13T08:31:14.120+0000] {processor.py:157} INFO - Started process (PID=964) to work on /home/airflow/.local/lib/python3.10/site-packages/airflow/example_dags/example_external_task_marker_dag.py
[2023-08-13T08:31:14.120+0000] {processor.py:826} INFO - Processing file /home/airflow/.local/lib/python3.10/site-packages/airflow/example_dags/example_external_task_marker_dag.py for tasks to queue
[2023-08-13T08:31:14.120+0000] {logging_mixin.py:149} INFO - [2023-08-13T08:31:14.120+0000] {dagbag.py:541} INFO - Filling up the DagBag from /home/airflow/.local/lib/python3.10/site-packages/airflow/example_dags/example_external_task_marker_dag.py
[2023-08-13T08:31:14.123+0000] {processor.py:836} INFO - DAG(s) dict_keys(['example_external_task_marker_parent', 'example_external_task_marker_child']) retrieved from /home/airflow/.local/lib/python3.10/site-packages/airflow/example_dags/example_external_task_marker_dag.py
[2023-08-13T08:31:14.135+0000] {logging_mixin.py:149} INFO - [2023-08-13T08:31:14.135+0000] {dag.py:2726} INFO - Sync 2 DAGs
[2023-08-13T08:31:14.145+0000] {logging_mixin.py:149} INFO - [2023-08-13T08:31:14.145+0000] {dag.py:3486} INFO - Setting next_dagrun for example_external_task_marker_child to None, run_after=None
[2023-08-13T08:31:14.147+0000] {logging_mixin.py:149} INFO - [2023-08-13T08:31:14.147+0000] {dag.py:3486} INFO - Setting next_dagrun for example_external_task_marker_parent to None, run_after=None
[2023-08-13T08:31:14.153+0000] {processor.py:179} INFO - Processing /home/airflow/.local/lib/python3.10/site-packages/airflow/example_dags/example_external_task_marker_dag.py took 0.035 seconds
[2023-08-13T08:31:44.648+0000] {processor.py:157} INFO - Started process (PID=1041) to work on /home/airflow/.local/lib/python3.10/site-packages/airflow/example_dags/example_external_task_marker_dag.py
[2023-08-13T08:31:44.648+0000] {processor.py:826} INFO - Processing file /home/airflow/.local/lib/python3.10/site-packages/airflow/example_dags/example_external_task_marker_dag.py for tasks to queue
[2023-08-13T08:31:44.648+0000] {logging_mixin.py:149} INFO - [2023-08-13T08:31:44.648+0000] {dagbag.py:541} INFO - Filling up the DagBag from /home/airflow/.local/lib/python3.10/site-packages/airflow/example_dags/example_external_task_marker_dag.py
[2023-08-13T08:31:44.651+0000] {processor.py:836} INFO - DAG(s) dict_keys(['example_external_task_marker_parent', 'example_external_task_marker_child']) retrieved from /home/airflow/.local/lib/python3.10/site-packages/airflow/example_dags/example_external_task_marker_dag.py
[2023-08-13T08:31:44.662+0000] {logging_mixin.py:149} INFO - [2023-08-13T08:31:44.662+0000] {dag.py:2726} INFO - Sync 2 DAGs
[2023-08-13T08:31:44.672+0000] {logging_mixin.py:149} INFO - [2023-08-13T08:31:44.672+0000] {dag.py:3486} INFO - Setting next_dagrun for example_external_task_marker_child to None, run_after=None
[2023-08-13T08:31:44.673+0000] {logging_mixin.py:149} INFO - [2023-08-13T08:31:44.673+0000] {dag.py:3486} INFO - Setting next_dagrun for example_external_task_marker_parent to None, run_after=None
[2023-08-13T08:31:44.679+0000] {processor.py:179} INFO - Processing /home/airflow/.local/lib/python3.10/site-packages/airflow/example_dags/example_external_task_marker_dag.py took 0.033 seconds
[2023-08-13T08:32:15.022+0000] {processor.py:157} INFO - Started process (PID=1118) to work on /home/airflow/.local/lib/python3.10/site-packages/airflow/example_dags/example_external_task_marker_dag.py
[2023-08-13T08:32:15.022+0000] {processor.py:826} INFO - Processing file /home/airflow/.local/lib/python3.10/site-packages/airflow/example_dags/example_external_task_marker_dag.py for tasks to queue
[2023-08-13T08:32:15.022+0000] {logging_mixin.py:149} INFO - [2023-08-13T08:32:15.022+0000] {dagbag.py:541} INFO - Filling up the DagBag from /home/airflow/.local/lib/python3.10/site-packages/airflow/example_dags/example_external_task_marker_dag.py
[2023-08-13T08:32:15.024+0000] {processor.py:836} INFO - DAG(s) dict_keys(['example_external_task_marker_parent', 'example_external_task_marker_child']) retrieved from /home/airflow/.local/lib/python3.10/site-packages/airflow/example_dags/example_external_task_marker_dag.py
[2023-08-13T08:32:15.036+0000] {logging_mixin.py:149} INFO - [2023-08-13T08:32:15.035+0000] {dag.py:2726} INFO - Sync 2 DAGs
[2023-08-13T08:32:15.046+0000] {logging_mixin.py:149} INFO - [2023-08-13T08:32:15.045+0000] {dag.py:3486} INFO - Setting next_dagrun for example_external_task_marker_child to None, run_after=None
[2023-08-13T08:32:15.047+0000] {logging_mixin.py:149} INFO - [2023-08-13T08:32:15.047+0000] {dag.py:3486} INFO - Setting next_dagrun for example_external_task_marker_parent to None, run_after=None
[2023-08-13T08:32:15.053+0000] {processor.py:179} INFO - Processing /home/airflow/.local/lib/python3.10/site-packages/airflow/example_dags/example_external_task_marker_dag.py took 0.033 seconds
[2023-08-13T08:32:45.332+0000] {processor.py:157} INFO - Started process (PID=1195) to work on /home/airflow/.local/lib/python3.10/site-packages/airflow/example_dags/example_external_task_marker_dag.py
[2023-08-13T08:32:45.332+0000] {processor.py:826} INFO - Processing file /home/airflow/.local/lib/python3.10/site-packages/airflow/example_dags/example_external_task_marker_dag.py for tasks to queue
[2023-08-13T08:32:45.333+0000] {logging_mixin.py:149} INFO - [2023-08-13T08:32:45.333+0000] {dagbag.py:541} INFO - Filling up the DagBag from /home/airflow/.local/lib/python3.10/site-packages/airflow/example_dags/example_external_task_marker_dag.py
[2023-08-13T08:32:45.335+0000] {processor.py:836} INFO - DAG(s) dict_keys(['example_external_task_marker_child', 'example_external_task_marker_parent']) retrieved from /home/airflow/.local/lib/python3.10/site-packages/airflow/example_dags/example_external_task_marker_dag.py
[2023-08-13T08:32:45.346+0000] {logging_mixin.py:149} INFO - [2023-08-13T08:32:45.346+0000] {dag.py:2726} INFO - Sync 2 DAGs
[2023-08-13T08:32:45.356+0000] {logging_mixin.py:149} INFO - [2023-08-13T08:32:45.356+0000] {dag.py:3486} INFO - Setting next_dagrun for example_external_task_marker_child to None, run_after=None
[2023-08-13T08:32:45.357+0000] {logging_mixin.py:149} INFO - [2023-08-13T08:32:45.357+0000] {dag.py:3486} INFO - Setting next_dagrun for example_external_task_marker_parent to None, run_after=None
[2023-08-13T08:32:45.364+0000] {processor.py:179} INFO - Processing /home/airflow/.local/lib/python3.10/site-packages/airflow/example_dags/example_external_task_marker_dag.py took 0.033 seconds
[2023-08-13T08:33:15.614+0000] {processor.py:157} INFO - Started process (PID=1272) to work on /home/airflow/.local/lib/python3.10/site-packages/airflow/example_dags/example_external_task_marker_dag.py
[2023-08-13T08:33:15.614+0000] {processor.py:826} INFO - Processing file /home/airflow/.local/lib/python3.10/site-packages/airflow/example_dags/example_external_task_marker_dag.py for tasks to queue
[2023-08-13T08:33:15.614+0000] {logging_mixin.py:149} INFO - [2023-08-13T08:33:15.614+0000] {dagbag.py:541} INFO - Filling up the DagBag from /home/airflow/.local/lib/python3.10/site-packages/airflow/example_dags/example_external_task_marker_dag.py
[2023-08-13T08:33:15.617+0000] {processor.py:836} INFO - DAG(s) dict_keys(['example_external_task_marker_child', 'example_external_task_marker_parent']) retrieved from /home/airflow/.local/lib/python3.10/site-packages/airflow/example_dags/example_external_task_marker_dag.py
[2023-08-13T08:33:15.628+0000] {logging_mixin.py:149} INFO - [2023-08-13T08:33:15.628+0000] {dag.py:2726} INFO - Sync 2 DAGs
[2023-08-13T08:33:15.638+0000] {logging_mixin.py:149} INFO - [2023-08-13T08:33:15.638+0000] {dag.py:3486} INFO - Setting next_dagrun for example_external_task_marker_child to None, run_after=None
[2023-08-13T08:33:15.639+0000] {logging_mixin.py:149} INFO - [2023-08-13T08:33:15.639+0000] {dag.py:3486} INFO - Setting next_dagrun for example_external_task_marker_parent to None, run_after=None
[2023-08-13T08:33:15.646+0000] {processor.py:179} INFO - Processing /home/airflow/.local/lib/python3.10/site-packages/airflow/example_dags/example_external_task_marker_dag.py took 0.033 seconds
[2023-08-13T08:33:45.904+0000] {processor.py:157} INFO - Started process (PID=1349) to work on /home/airflow/.local/lib/python3.10/site-packages/airflow/example_dags/example_external_task_marker_dag.py
[2023-08-13T08:33:45.904+0000] {processor.py:826} INFO - Processing file /home/airflow/.local/lib/python3.10/site-packages/airflow/example_dags/example_external_task_marker_dag.py for tasks to queue
[2023-08-13T08:33:45.904+0000] {logging_mixin.py:149} INFO - [2023-08-13T08:33:45.904+0000] {dagbag.py:541} INFO - Filling up the DagBag from /home/airflow/.local/lib/python3.10/site-packages/airflow/example_dags/example_external_task_marker_dag.py
[2023-08-13T08:33:45.907+0000] {processor.py:836} INFO - DAG(s) dict_keys(['example_external_task_marker_child', 'example_external_task_marker_parent']) retrieved from /home/airflow/.local/lib/python3.10/site-packages/airflow/example_dags/example_external_task_marker_dag.py
[2023-08-13T08:33:45.920+0000] {logging_mixin.py:149} INFO - [2023-08-13T08:33:45.920+0000] {dag.py:2726} INFO - Sync 2 DAGs
[2023-08-13T08:33:45.931+0000] {logging_mixin.py:149} INFO - [2023-08-13T08:33:45.931+0000] {dag.py:3486} INFO - Setting next_dagrun for example_external_task_marker_child to None, run_after=None
[2023-08-13T08:33:45.932+0000] {logging_mixin.py:149} INFO - [2023-08-13T08:33:45.932+0000] {dag.py:3486} INFO - Setting next_dagrun for example_external_task_marker_parent to None, run_after=None
[2023-08-13T08:33:45.939+0000] {processor.py:179} INFO - Processing /home/airflow/.local/lib/python3.10/site-packages/airflow/example_dags/example_external_task_marker_dag.py took 0.036 seconds
[2023-08-13T08:34:16.292+0000] {processor.py:157} INFO - Started process (PID=1426) to work on /home/airflow/.local/lib/python3.10/site-packages/airflow/example_dags/example_external_task_marker_dag.py
[2023-08-13T08:34:16.292+0000] {processor.py:826} INFO - Processing file /home/airflow/.local/lib/python3.10/site-packages/airflow/example_dags/example_external_task_marker_dag.py for tasks to queue
[2023-08-13T08:34:16.292+0000] {logging_mixin.py:149} INFO - [2023-08-13T08:34:16.292+0000] {dagbag.py:541} INFO - Filling up the DagBag from /home/airflow/.local/lib/python3.10/site-packages/airflow/example_dags/example_external_task_marker_dag.py
[2023-08-13T08:34:16.295+0000] {processor.py:836} INFO - DAG(s) dict_keys(['example_external_task_marker_child', 'example_external_task_marker_parent']) retrieved from /home/airflow/.local/lib/python3.10/site-packages/airflow/example_dags/example_external_task_marker_dag.py
[2023-08-13T08:34:16.307+0000] {logging_mixin.py:149} INFO - [2023-08-13T08:34:16.307+0000] {dag.py:2726} INFO - Sync 2 DAGs
[2023-08-13T08:34:16.316+0000] {logging_mixin.py:149} INFO - [2023-08-13T08:34:16.316+0000] {dag.py:3486} INFO - Setting next_dagrun for example_external_task_marker_child to None, run_after=None
[2023-08-13T08:34:16.318+0000] {logging_mixin.py:149} INFO - [2023-08-13T08:34:16.318+0000] {dag.py:3486} INFO - Setting next_dagrun for example_external_task_marker_parent to None, run_after=None
[2023-08-13T08:34:16.325+0000] {processor.py:179} INFO - Processing /home/airflow/.local/lib/python3.10/site-packages/airflow/example_dags/example_external_task_marker_dag.py took 0.034 seconds
[2023-08-13T08:34:46.658+0000] {processor.py:157} INFO - Started process (PID=1503) to work on /home/airflow/.local/lib/python3.10/site-packages/airflow/example_dags/example_external_task_marker_dag.py
[2023-08-13T08:34:46.658+0000] {processor.py:826} INFO - Processing file /home/airflow/.local/lib/python3.10/site-packages/airflow/example_dags/example_external_task_marker_dag.py for tasks to queue
[2023-08-13T08:34:46.659+0000] {logging_mixin.py:149} INFO - [2023-08-13T08:34:46.659+0000] {dagbag.py:541} INFO - Filling up the DagBag from /home/airflow/.local/lib/python3.10/site-packages/airflow/example_dags/example_external_task_marker_dag.py
[2023-08-13T08:34:46.661+0000] {processor.py:836} INFO - DAG(s) dict_keys(['example_external_task_marker_child', 'example_external_task_marker_parent']) retrieved from /home/airflow/.local/lib/python3.10/site-packages/airflow/example_dags/example_external_task_marker_dag.py
[2023-08-13T08:34:46.673+0000] {logging_mixin.py:149} INFO - [2023-08-13T08:34:46.673+0000] {dag.py:2726} INFO - Sync 2 DAGs
[2023-08-13T08:34:46.683+0000] {logging_mixin.py:149} INFO - [2023-08-13T08:34:46.683+0000] {dag.py:3486} INFO - Setting next_dagrun for example_external_task_marker_child to None, run_after=None
[2023-08-13T08:34:46.684+0000] {logging_mixin.py:149} INFO - [2023-08-13T08:34:46.684+0000] {dag.py:3486} INFO - Setting next_dagrun for example_external_task_marker_parent to None, run_after=None
[2023-08-13T08:34:46.690+0000] {processor.py:179} INFO - Processing /home/airflow/.local/lib/python3.10/site-packages/airflow/example_dags/example_external_task_marker_dag.py took 0.034 seconds
[2023-08-13T08:35:17.033+0000] {processor.py:157} INFO - Started process (PID=1579) to work on /home/airflow/.local/lib/python3.10/site-packages/airflow/example_dags/example_external_task_marker_dag.py
[2023-08-13T08:35:17.034+0000] {processor.py:826} INFO - Processing file /home/airflow/.local/lib/python3.10/site-packages/airflow/example_dags/example_external_task_marker_dag.py for tasks to queue
[2023-08-13T08:35:17.034+0000] {logging_mixin.py:149} INFO - [2023-08-13T08:35:17.034+0000] {dagbag.py:541} INFO - Filling up the DagBag from /home/airflow/.local/lib/python3.10/site-packages/airflow/example_dags/example_external_task_marker_dag.py
[2023-08-13T08:35:17.036+0000] {processor.py:836} INFO - DAG(s) dict_keys(['example_external_task_marker_child', 'example_external_task_marker_parent']) retrieved from /home/airflow/.local/lib/python3.10/site-packages/airflow/example_dags/example_external_task_marker_dag.py
[2023-08-13T08:35:17.048+0000] {logging_mixin.py:149} INFO - [2023-08-13T08:35:17.048+0000] {dag.py:2726} INFO - Sync 2 DAGs
[2023-08-13T08:35:17.057+0000] {logging_mixin.py:149} INFO - [2023-08-13T08:35:17.057+0000] {dag.py:3486} INFO - Setting next_dagrun for example_external_task_marker_child to None, run_after=None
[2023-08-13T08:35:17.059+0000] {logging_mixin.py:149} INFO - [2023-08-13T08:35:17.059+0000] {dag.py:3486} INFO - Setting next_dagrun for example_external_task_marker_parent to None, run_after=None
[2023-08-13T08:35:17.065+0000] {processor.py:179} INFO - Processing /home/airflow/.local/lib/python3.10/site-packages/airflow/example_dags/example_external_task_marker_dag.py took 0.033 seconds
[2023-08-13T08:35:47.346+0000] {processor.py:157} INFO - Started process (PID=1656) to work on /home/airflow/.local/lib/python3.10/site-packages/airflow/example_dags/example_external_task_marker_dag.py
[2023-08-13T08:35:47.347+0000] {processor.py:826} INFO - Processing file /home/airflow/.local/lib/python3.10/site-packages/airflow/example_dags/example_external_task_marker_dag.py for tasks to queue
[2023-08-13T08:35:47.347+0000] {logging_mixin.py:149} INFO - [2023-08-13T08:35:47.347+0000] {dagbag.py:541} INFO - Filling up the DagBag from /home/airflow/.local/lib/python3.10/site-packages/airflow/example_dags/example_external_task_marker_dag.py
[2023-08-13T08:35:47.349+0000] {processor.py:836} INFO - DAG(s) dict_keys(['example_external_task_marker_child', 'example_external_task_marker_parent']) retrieved from /home/airflow/.local/lib/python3.10/site-packages/airflow/example_dags/example_external_task_marker_dag.py
[2023-08-13T08:35:47.360+0000] {logging_mixin.py:149} INFO - [2023-08-13T08:35:47.360+0000] {dag.py:2726} INFO - Sync 2 DAGs
[2023-08-13T08:35:47.370+0000] {logging_mixin.py:149} INFO - [2023-08-13T08:35:47.370+0000] {dag.py:3486} INFO - Setting next_dagrun for example_external_task_marker_child to None, run_after=None
[2023-08-13T08:35:47.371+0000] {logging_mixin.py:149} INFO - [2023-08-13T08:35:47.371+0000] {dag.py:3486} INFO - Setting next_dagrun for example_external_task_marker_parent to None, run_after=None
[2023-08-13T08:35:47.377+0000] {processor.py:179} INFO - Processing /home/airflow/.local/lib/python3.10/site-packages/airflow/example_dags/example_external_task_marker_dag.py took 0.032 seconds
[2023-08-13T08:36:17.725+0000] {processor.py:157} INFO - Started process (PID=1733) to work on /home/airflow/.local/lib/python3.10/site-packages/airflow/example_dags/example_external_task_marker_dag.py
[2023-08-13T08:36:17.725+0000] {processor.py:826} INFO - Processing file /home/airflow/.local/lib/python3.10/site-packages/airflow/example_dags/example_external_task_marker_dag.py for tasks to queue
[2023-08-13T08:36:17.726+0000] {logging_mixin.py:149} INFO - [2023-08-13T08:36:17.726+0000] {dagbag.py:541} INFO - Filling up the DagBag from /home/airflow/.local/lib/python3.10/site-packages/airflow/example_dags/example_external_task_marker_dag.py
[2023-08-13T08:36:17.728+0000] {processor.py:836} INFO - DAG(s) dict_keys(['example_external_task_marker_child', 'example_external_task_marker_parent']) retrieved from /home/airflow/.local/lib/python3.10/site-packages/airflow/example_dags/example_external_task_marker_dag.py
[2023-08-13T08:36:17.739+0000] {logging_mixin.py:149} INFO - [2023-08-13T08:36:17.739+0000] {dag.py:2726} INFO - Sync 2 DAGs
[2023-08-13T08:36:17.749+0000] {logging_mixin.py:149} INFO - [2023-08-13T08:36:17.748+0000] {dag.py:3486} INFO - Setting next_dagrun for example_external_task_marker_child to None, run_after=None
[2023-08-13T08:36:17.750+0000] {logging_mixin.py:149} INFO - [2023-08-13T08:36:17.750+0000] {dag.py:3486} INFO - Setting next_dagrun for example_external_task_marker_parent to None, run_after=None
[2023-08-13T08:36:17.756+0000] {processor.py:179} INFO - Processing /home/airflow/.local/lib/python3.10/site-packages/airflow/example_dags/example_external_task_marker_dag.py took 0.033 seconds
[2023-08-13T08:36:48.073+0000] {processor.py:157} INFO - Started process (PID=1811) to work on /home/airflow/.local/lib/python3.10/site-packages/airflow/example_dags/example_external_task_marker_dag.py
[2023-08-13T08:36:48.074+0000] {processor.py:826} INFO - Processing file /home/airflow/.local/lib/python3.10/site-packages/airflow/example_dags/example_external_task_marker_dag.py for tasks to queue
[2023-08-13T08:36:48.074+0000] {logging_mixin.py:149} INFO - [2023-08-13T08:36:48.074+0000] {dagbag.py:541} INFO - Filling up the DagBag from /home/airflow/.local/lib/python3.10/site-packages/airflow/example_dags/example_external_task_marker_dag.py
[2023-08-13T08:36:48.076+0000] {processor.py:836} INFO - DAG(s) dict_keys(['example_external_task_marker_child', 'example_external_task_marker_parent']) retrieved from /home/airflow/.local/lib/python3.10/site-packages/airflow/example_dags/example_external_task_marker_dag.py
[2023-08-13T08:36:48.088+0000] {logging_mixin.py:149} INFO - [2023-08-13T08:36:48.088+0000] {dag.py:2726} INFO - Sync 2 DAGs
[2023-08-13T08:36:48.097+0000] {logging_mixin.py:149} INFO - [2023-08-13T08:36:48.097+0000] {dag.py:3486} INFO - Setting next_dagrun for example_external_task_marker_child to None, run_after=None
[2023-08-13T08:36:48.099+0000] {logging_mixin.py:149} INFO - [2023-08-13T08:36:48.099+0000] {dag.py:3486} INFO - Setting next_dagrun for example_external_task_marker_parent to None, run_after=None
[2023-08-13T08:36:48.106+0000] {processor.py:179} INFO - Processing /home/airflow/.local/lib/python3.10/site-packages/airflow/example_dags/example_external_task_marker_dag.py took 0.034 seconds
[2023-08-13T08:37:18.335+0000] {processor.py:157} INFO - Started process (PID=1888) to work on /home/airflow/.local/lib/python3.10/site-packages/airflow/example_dags/example_external_task_marker_dag.py
[2023-08-13T08:37:18.335+0000] {processor.py:826} INFO - Processing file /home/airflow/.local/lib/python3.10/site-packages/airflow/example_dags/example_external_task_marker_dag.py for tasks to queue
[2023-08-13T08:37:18.336+0000] {logging_mixin.py:149} INFO - [2023-08-13T08:37:18.336+0000] {dagbag.py:541} INFO - Filling up the DagBag from /home/airflow/.local/lib/python3.10/site-packages/airflow/example_dags/example_external_task_marker_dag.py
[2023-08-13T08:37:18.338+0000] {processor.py:836} INFO - DAG(s) dict_keys(['example_external_task_marker_child', 'example_external_task_marker_parent']) retrieved from /home/airflow/.local/lib/python3.10/site-packages/airflow/example_dags/example_external_task_marker_dag.py
[2023-08-13T08:37:18.350+0000] {logging_mixin.py:149} INFO - [2023-08-13T08:37:18.350+0000] {dag.py:2726} INFO - Sync 2 DAGs
[2023-08-13T08:37:18.359+0000] {logging_mixin.py:149} INFO - [2023-08-13T08:37:18.359+0000] {dag.py:3486} INFO - Setting next_dagrun for example_external_task_marker_child to None, run_after=None
[2023-08-13T08:37:18.361+0000] {logging_mixin.py:149} INFO - [2023-08-13T08:37:18.361+0000] {dag.py:3486} INFO - Setting next_dagrun for example_external_task_marker_parent to None, run_after=None
[2023-08-13T08:37:18.367+0000] {processor.py:179} INFO - Processing /home/airflow/.local/lib/python3.10/site-packages/airflow/example_dags/example_external_task_marker_dag.py took 0.033 seconds
[2023-08-13T08:37:48.784+0000] {processor.py:157} INFO - Started process (PID=1966) to work on /home/airflow/.local/lib/python3.10/site-packages/airflow/example_dags/example_external_task_marker_dag.py
[2023-08-13T08:37:48.785+0000] {processor.py:826} INFO - Processing file /home/airflow/.local/lib/python3.10/site-packages/airflow/example_dags/example_external_task_marker_dag.py for tasks to queue
[2023-08-13T08:37:48.785+0000] {logging_mixin.py:149} INFO - [2023-08-13T08:37:48.785+0000] {dagbag.py:541} INFO - Filling up the DagBag from /home/airflow/.local/lib/python3.10/site-packages/airflow/example_dags/example_external_task_marker_dag.py
[2023-08-13T08:37:48.787+0000] {processor.py:836} INFO - DAG(s) dict_keys(['example_external_task_marker_child', 'example_external_task_marker_parent']) retrieved from /home/airflow/.local/lib/python3.10/site-packages/airflow/example_dags/example_external_task_marker_dag.py
[2023-08-13T08:37:48.798+0000] {logging_mixin.py:149} INFO - [2023-08-13T08:37:48.798+0000] {dag.py:2726} INFO - Sync 2 DAGs
[2023-08-13T08:37:48.808+0000] {logging_mixin.py:149} INFO - [2023-08-13T08:37:48.808+0000] {dag.py:3486} INFO - Setting next_dagrun for example_external_task_marker_child to None, run_after=None
[2023-08-13T08:37:48.809+0000] {logging_mixin.py:149} INFO - [2023-08-13T08:37:48.809+0000] {dag.py:3486} INFO - Setting next_dagrun for example_external_task_marker_parent to None, run_after=None
[2023-08-13T08:37:48.816+0000] {processor.py:179} INFO - Processing /home/airflow/.local/lib/python3.10/site-packages/airflow/example_dags/example_external_task_marker_dag.py took 0.033 seconds
[2023-08-13T08:38:19.131+0000] {processor.py:157} INFO - Started process (PID=2043) to work on /home/airflow/.local/lib/python3.10/site-packages/airflow/example_dags/example_external_task_marker_dag.py
[2023-08-13T08:38:19.132+0000] {processor.py:826} INFO - Processing file /home/airflow/.local/lib/python3.10/site-packages/airflow/example_dags/example_external_task_marker_dag.py for tasks to queue
[2023-08-13T08:38:19.132+0000] {logging_mixin.py:149} INFO - [2023-08-13T08:38:19.132+0000] {dagbag.py:541} INFO - Filling up the DagBag from /home/airflow/.local/lib/python3.10/site-packages/airflow/example_dags/example_external_task_marker_dag.py
[2023-08-13T08:38:19.134+0000] {processor.py:836} INFO - DAG(s) dict_keys(['example_external_task_marker_parent', 'example_external_task_marker_child']) retrieved from /home/airflow/.local/lib/python3.10/site-packages/airflow/example_dags/example_external_task_marker_dag.py
[2023-08-13T08:38:19.146+0000] {logging_mixin.py:149} INFO - [2023-08-13T08:38:19.146+0000] {dag.py:2726} INFO - Sync 2 DAGs
[2023-08-13T08:38:19.156+0000] {logging_mixin.py:149} INFO - [2023-08-13T08:38:19.156+0000] {dag.py:3486} INFO - Setting next_dagrun for example_external_task_marker_child to None, run_after=None
[2023-08-13T08:38:19.157+0000] {logging_mixin.py:149} INFO - [2023-08-13T08:38:19.157+0000] {dag.py:3486} INFO - Setting next_dagrun for example_external_task_marker_parent to None, run_after=None
[2023-08-13T08:38:19.163+0000] {processor.py:179} INFO - Processing /home/airflow/.local/lib/python3.10/site-packages/airflow/example_dags/example_external_task_marker_dag.py took 0.033 seconds
[2023-08-13T08:38:49.549+0000] {processor.py:157} INFO - Started process (PID=2120) to work on /home/airflow/.local/lib/python3.10/site-packages/airflow/example_dags/example_external_task_marker_dag.py
[2023-08-13T08:38:49.550+0000] {processor.py:826} INFO - Processing file /home/airflow/.local/lib/python3.10/site-packages/airflow/example_dags/example_external_task_marker_dag.py for tasks to queue
[2023-08-13T08:38:49.550+0000] {logging_mixin.py:149} INFO - [2023-08-13T08:38:49.550+0000] {dagbag.py:541} INFO - Filling up the DagBag from /home/airflow/.local/lib/python3.10/site-packages/airflow/example_dags/example_external_task_marker_dag.py
[2023-08-13T08:38:49.552+0000] {processor.py:836} INFO - DAG(s) dict_keys(['example_external_task_marker_parent', 'example_external_task_marker_child']) retrieved from /home/airflow/.local/lib/python3.10/site-packages/airflow/example_dags/example_external_task_marker_dag.py
[2023-08-13T08:38:49.565+0000] {logging_mixin.py:149} INFO - [2023-08-13T08:38:49.565+0000] {dag.py:2726} INFO - Sync 2 DAGs
[2023-08-13T08:38:49.575+0000] {logging_mixin.py:149} INFO - [2023-08-13T08:38:49.575+0000] {dag.py:3486} INFO - Setting next_dagrun for example_external_task_marker_child to None, run_after=None
[2023-08-13T08:38:49.576+0000] {logging_mixin.py:149} INFO - [2023-08-13T08:38:49.576+0000] {dag.py:3486} INFO - Setting next_dagrun for example_external_task_marker_parent to None, run_after=None
[2023-08-13T08:38:49.583+0000] {processor.py:179} INFO - Processing /home/airflow/.local/lib/python3.10/site-packages/airflow/example_dags/example_external_task_marker_dag.py took 0.035 seconds
[2023-08-13T08:39:20.161+0000] {processor.py:157} INFO - Started process (PID=2197) to work on /home/airflow/.local/lib/python3.10/site-packages/airflow/example_dags/example_external_task_marker_dag.py
[2023-08-13T08:39:20.161+0000] {processor.py:826} INFO - Processing file /home/airflow/.local/lib/python3.10/site-packages/airflow/example_dags/example_external_task_marker_dag.py for tasks to queue
[2023-08-13T08:39:20.161+0000] {logging_mixin.py:149} INFO - [2023-08-13T08:39:20.161+0000] {dagbag.py:541} INFO - Filling up the DagBag from /home/airflow/.local/lib/python3.10/site-packages/airflow/example_dags/example_external_task_marker_dag.py
[2023-08-13T08:39:20.164+0000] {processor.py:836} INFO - DAG(s) dict_keys(['example_external_task_marker_parent', 'example_external_task_marker_child']) retrieved from /home/airflow/.local/lib/python3.10/site-packages/airflow/example_dags/example_external_task_marker_dag.py
[2023-08-13T08:39:20.175+0000] {logging_mixin.py:149} INFO - [2023-08-13T08:39:20.175+0000] {dag.py:2726} INFO - Sync 2 DAGs
[2023-08-13T08:39:20.185+0000] {logging_mixin.py:149} INFO - [2023-08-13T08:39:20.185+0000] {dag.py:3486} INFO - Setting next_dagrun for example_external_task_marker_child to None, run_after=None
[2023-08-13T08:39:20.187+0000] {logging_mixin.py:149} INFO - [2023-08-13T08:39:20.187+0000] {dag.py:3486} INFO - Setting next_dagrun for example_external_task_marker_parent to None, run_after=None
[2023-08-13T08:39:20.193+0000] {processor.py:179} INFO - Processing /home/airflow/.local/lib/python3.10/site-packages/airflow/example_dags/example_external_task_marker_dag.py took 0.034 seconds
[2023-08-13T08:39:50.485+0000] {processor.py:157} INFO - Started process (PID=2274) to work on /home/airflow/.local/lib/python3.10/site-packages/airflow/example_dags/example_external_task_marker_dag.py
[2023-08-13T08:39:50.486+0000] {processor.py:826} INFO - Processing file /home/airflow/.local/lib/python3.10/site-packages/airflow/example_dags/example_external_task_marker_dag.py for tasks to queue
[2023-08-13T08:39:50.486+0000] {logging_mixin.py:149} INFO - [2023-08-13T08:39:50.486+0000] {dagbag.py:541} INFO - Filling up the DagBag from /home/airflow/.local/lib/python3.10/site-packages/airflow/example_dags/example_external_task_marker_dag.py
[2023-08-13T08:39:50.488+0000] {processor.py:836} INFO - DAG(s) dict_keys(['example_external_task_marker_parent', 'example_external_task_marker_child']) retrieved from /home/airflow/.local/lib/python3.10/site-packages/airflow/example_dags/example_external_task_marker_dag.py
[2023-08-13T08:39:50.500+0000] {logging_mixin.py:149} INFO - [2023-08-13T08:39:50.500+0000] {dag.py:2726} INFO - Sync 2 DAGs
[2023-08-13T08:39:50.510+0000] {logging_mixin.py:149} INFO - [2023-08-13T08:39:50.510+0000] {dag.py:3486} INFO - Setting next_dagrun for example_external_task_marker_child to None, run_after=None
[2023-08-13T08:39:50.511+0000] {logging_mixin.py:149} INFO - [2023-08-13T08:39:50.511+0000] {dag.py:3486} INFO - Setting next_dagrun for example_external_task_marker_parent to None, run_after=None
[2023-08-13T08:39:50.518+0000] {processor.py:179} INFO - Processing /home/airflow/.local/lib/python3.10/site-packages/airflow/example_dags/example_external_task_marker_dag.py took 0.034 seconds
[2023-08-13T08:40:20.781+0000] {processor.py:157} INFO - Started process (PID=2351) to work on /home/airflow/.local/lib/python3.10/site-packages/airflow/example_dags/example_external_task_marker_dag.py
[2023-08-13T08:40:20.781+0000] {processor.py:826} INFO - Processing file /home/airflow/.local/lib/python3.10/site-packages/airflow/example_dags/example_external_task_marker_dag.py for tasks to queue
[2023-08-13T08:40:20.781+0000] {logging_mixin.py:149} INFO - [2023-08-13T08:40:20.781+0000] {dagbag.py:541} INFO - Filling up the DagBag from /home/airflow/.local/lib/python3.10/site-packages/airflow/example_dags/example_external_task_marker_dag.py
[2023-08-13T08:40:20.784+0000] {processor.py:836} INFO - DAG(s) dict_keys(['example_external_task_marker_child', 'example_external_task_marker_parent']) retrieved from /home/airflow/.local/lib/python3.10/site-packages/airflow/example_dags/example_external_task_marker_dag.py
[2023-08-13T08:40:20.795+0000] {logging_mixin.py:149} INFO - [2023-08-13T08:40:20.795+0000] {dag.py:2726} INFO - Sync 2 DAGs
[2023-08-13T08:40:20.804+0000] {logging_mixin.py:149} INFO - [2023-08-13T08:40:20.804+0000] {dag.py:3486} INFO - Setting next_dagrun for example_external_task_marker_child to None, run_after=None
[2023-08-13T08:40:20.805+0000] {logging_mixin.py:149} INFO - [2023-08-13T08:40:20.805+0000] {dag.py:3486} INFO - Setting next_dagrun for example_external_task_marker_parent to None, run_after=None
[2023-08-13T08:40:20.812+0000] {processor.py:179} INFO - Processing /home/airflow/.local/lib/python3.10/site-packages/airflow/example_dags/example_external_task_marker_dag.py took 0.032 seconds
[2023-08-13T08:40:51.239+0000] {processor.py:157} INFO - Started process (PID=2428) to work on /home/airflow/.local/lib/python3.10/site-packages/airflow/example_dags/example_external_task_marker_dag.py
[2023-08-13T08:40:51.239+0000] {processor.py:826} INFO - Processing file /home/airflow/.local/lib/python3.10/site-packages/airflow/example_dags/example_external_task_marker_dag.py for tasks to queue
[2023-08-13T08:40:51.240+0000] {logging_mixin.py:149} INFO - [2023-08-13T08:40:51.239+0000] {dagbag.py:541} INFO - Filling up the DagBag from /home/airflow/.local/lib/python3.10/site-packages/airflow/example_dags/example_external_task_marker_dag.py
[2023-08-13T08:40:51.242+0000] {processor.py:836} INFO - DAG(s) dict_keys(['example_external_task_marker_parent', 'example_external_task_marker_child']) retrieved from /home/airflow/.local/lib/python3.10/site-packages/airflow/example_dags/example_external_task_marker_dag.py
[2023-08-13T08:40:51.253+0000] {logging_mixin.py:149} INFO - [2023-08-13T08:40:51.253+0000] {dag.py:2726} INFO - Sync 2 DAGs
[2023-08-13T08:40:51.263+0000] {logging_mixin.py:149} INFO - [2023-08-13T08:40:51.263+0000] {dag.py:3486} INFO - Setting next_dagrun for example_external_task_marker_child to None, run_after=None
[2023-08-13T08:40:51.265+0000] {logging_mixin.py:149} INFO - [2023-08-13T08:40:51.264+0000] {dag.py:3486} INFO - Setting next_dagrun for example_external_task_marker_parent to None, run_after=None
[2023-08-13T08:40:51.271+0000] {processor.py:179} INFO - Processing /home/airflow/.local/lib/python3.10/site-packages/airflow/example_dags/example_external_task_marker_dag.py took 0.033 seconds
[2023-08-13T08:41:21.771+0000] {processor.py:157} INFO - Started process (PID=2505) to work on /home/airflow/.local/lib/python3.10/site-packages/airflow/example_dags/example_external_task_marker_dag.py
[2023-08-13T08:41:21.771+0000] {processor.py:826} INFO - Processing file /home/airflow/.local/lib/python3.10/site-packages/airflow/example_dags/example_external_task_marker_dag.py for tasks to queue
[2023-08-13T08:41:21.771+0000] {logging_mixin.py:149} INFO - [2023-08-13T08:41:21.771+0000] {dagbag.py:541} INFO - Filling up the DagBag from /home/airflow/.local/lib/python3.10/site-packages/airflow/example_dags/example_external_task_marker_dag.py
[2023-08-13T08:41:21.774+0000] {processor.py:836} INFO - DAG(s) dict_keys(['example_external_task_marker_child', 'example_external_task_marker_parent']) retrieved from /home/airflow/.local/lib/python3.10/site-packages/airflow/example_dags/example_external_task_marker_dag.py
[2023-08-13T08:41:21.785+0000] {logging_mixin.py:149} INFO - [2023-08-13T08:41:21.785+0000] {dag.py:2726} INFO - Sync 2 DAGs
[2023-08-13T08:41:21.794+0000] {logging_mixin.py:149} INFO - [2023-08-13T08:41:21.794+0000] {dag.py:3486} INFO - Setting next_dagrun for example_external_task_marker_child to None, run_after=None
[2023-08-13T08:41:21.795+0000] {logging_mixin.py:149} INFO - [2023-08-13T08:41:21.795+0000] {dag.py:3486} INFO - Setting next_dagrun for example_external_task_marker_parent to None, run_after=None
[2023-08-13T08:41:21.802+0000] {processor.py:179} INFO - Processing /home/airflow/.local/lib/python3.10/site-packages/airflow/example_dags/example_external_task_marker_dag.py took 0.032 seconds
[2023-08-13T08:41:52.101+0000] {processor.py:157} INFO - Started process (PID=2582) to work on /home/airflow/.local/lib/python3.10/site-packages/airflow/example_dags/example_external_task_marker_dag.py
[2023-08-13T08:41:52.101+0000] {processor.py:826} INFO - Processing file /home/airflow/.local/lib/python3.10/site-packages/airflow/example_dags/example_external_task_marker_dag.py for tasks to queue
[2023-08-13T08:41:52.102+0000] {logging_mixin.py:149} INFO - [2023-08-13T08:41:52.102+0000] {dagbag.py:541} INFO - Filling up the DagBag from /home/airflow/.local/lib/python3.10/site-packages/airflow/example_dags/example_external_task_marker_dag.py
[2023-08-13T08:41:52.104+0000] {processor.py:836} INFO - DAG(s) dict_keys(['example_external_task_marker_parent', 'example_external_task_marker_child']) retrieved from /home/airflow/.local/lib/python3.10/site-packages/airflow/example_dags/example_external_task_marker_dag.py
[2023-08-13T08:41:52.116+0000] {logging_mixin.py:149} INFO - [2023-08-13T08:41:52.116+0000] {dag.py:2726} INFO - Sync 2 DAGs
[2023-08-13T08:41:52.126+0000] {logging_mixin.py:149} INFO - [2023-08-13T08:41:52.126+0000] {dag.py:3486} INFO - Setting next_dagrun for example_external_task_marker_child to None, run_after=None
[2023-08-13T08:41:52.127+0000] {logging_mixin.py:149} INFO - [2023-08-13T08:41:52.127+0000] {dag.py:3486} INFO - Setting next_dagrun for example_external_task_marker_parent to None, run_after=None
[2023-08-13T08:41:52.133+0000] {processor.py:179} INFO - Processing /home/airflow/.local/lib/python3.10/site-packages/airflow/example_dags/example_external_task_marker_dag.py took 0.034 seconds
[2023-08-13T08:42:22.515+0000] {processor.py:157} INFO - Started process (PID=2659) to work on /home/airflow/.local/lib/python3.10/site-packages/airflow/example_dags/example_external_task_marker_dag.py
[2023-08-13T08:42:22.516+0000] {processor.py:826} INFO - Processing file /home/airflow/.local/lib/python3.10/site-packages/airflow/example_dags/example_external_task_marker_dag.py for tasks to queue
[2023-08-13T08:42:22.516+0000] {logging_mixin.py:149} INFO - [2023-08-13T08:42:22.516+0000] {dagbag.py:541} INFO - Filling up the DagBag from /home/airflow/.local/lib/python3.10/site-packages/airflow/example_dags/example_external_task_marker_dag.py
[2023-08-13T08:42:22.518+0000] {processor.py:836} INFO - DAG(s) dict_keys(['example_external_task_marker_parent', 'example_external_task_marker_child']) retrieved from /home/airflow/.local/lib/python3.10/site-packages/airflow/example_dags/example_external_task_marker_dag.py
[2023-08-13T08:42:22.530+0000] {logging_mixin.py:149} INFO - [2023-08-13T08:42:22.530+0000] {dag.py:2726} INFO - Sync 2 DAGs
[2023-08-13T08:42:22.539+0000] {logging_mixin.py:149} INFO - [2023-08-13T08:42:22.539+0000] {dag.py:3486} INFO - Setting next_dagrun for example_external_task_marker_child to None, run_after=None
[2023-08-13T08:42:22.541+0000] {logging_mixin.py:149} INFO - [2023-08-13T08:42:22.541+0000] {dag.py:3486} INFO - Setting next_dagrun for example_external_task_marker_parent to None, run_after=None
[2023-08-13T08:42:22.547+0000] {processor.py:179} INFO - Processing /home/airflow/.local/lib/python3.10/site-packages/airflow/example_dags/example_external_task_marker_dag.py took 0.033 seconds
[2023-08-13T08:42:52.944+0000] {processor.py:157} INFO - Started process (PID=2736) to work on /home/airflow/.local/lib/python3.10/site-packages/airflow/example_dags/example_external_task_marker_dag.py
[2023-08-13T08:42:52.945+0000] {processor.py:826} INFO - Processing file /home/airflow/.local/lib/python3.10/site-packages/airflow/example_dags/example_external_task_marker_dag.py for tasks to queue
[2023-08-13T08:42:52.945+0000] {logging_mixin.py:149} INFO - [2023-08-13T08:42:52.945+0000] {dagbag.py:541} INFO - Filling up the DagBag from /home/airflow/.local/lib/python3.10/site-packages/airflow/example_dags/example_external_task_marker_dag.py
[2023-08-13T08:42:52.947+0000] {processor.py:836} INFO - DAG(s) dict_keys(['example_external_task_marker_parent', 'example_external_task_marker_child']) retrieved from /home/airflow/.local/lib/python3.10/site-packages/airflow/example_dags/example_external_task_marker_dag.py
[2023-08-13T08:42:52.959+0000] {logging_mixin.py:149} INFO - [2023-08-13T08:42:52.959+0000] {dag.py:2726} INFO - Sync 2 DAGs
[2023-08-13T08:42:52.968+0000] {logging_mixin.py:149} INFO - [2023-08-13T08:42:52.968+0000] {dag.py:3486} INFO - Setting next_dagrun for example_external_task_marker_child to None, run_after=None
[2023-08-13T08:42:52.970+0000] {logging_mixin.py:149} INFO - [2023-08-13T08:42:52.970+0000] {dag.py:3486} INFO - Setting next_dagrun for example_external_task_marker_parent to None, run_after=None
[2023-08-13T08:42:52.976+0000] {processor.py:179} INFO - Processing /home/airflow/.local/lib/python3.10/site-packages/airflow/example_dags/example_external_task_marker_dag.py took 0.033 seconds
[2023-08-13T08:43:23.508+0000] {processor.py:157} INFO - Started process (PID=2814) to work on /home/airflow/.local/lib/python3.10/site-packages/airflow/example_dags/example_external_task_marker_dag.py
[2023-08-13T08:43:23.508+0000] {processor.py:826} INFO - Processing file /home/airflow/.local/lib/python3.10/site-packages/airflow/example_dags/example_external_task_marker_dag.py for tasks to queue
[2023-08-13T08:43:23.508+0000] {logging_mixin.py:149} INFO - [2023-08-13T08:43:23.508+0000] {dagbag.py:541} INFO - Filling up the DagBag from /home/airflow/.local/lib/python3.10/site-packages/airflow/example_dags/example_external_task_marker_dag.py
[2023-08-13T08:43:23.510+0000] {processor.py:836} INFO - DAG(s) dict_keys(['example_external_task_marker_child', 'example_external_task_marker_parent']) retrieved from /home/airflow/.local/lib/python3.10/site-packages/airflow/example_dags/example_external_task_marker_dag.py
[2023-08-13T08:43:23.522+0000] {logging_mixin.py:149} INFO - [2023-08-13T08:43:23.521+0000] {dag.py:2726} INFO - Sync 2 DAGs
[2023-08-13T08:43:23.531+0000] {logging_mixin.py:149} INFO - [2023-08-13T08:43:23.531+0000] {dag.py:3486} INFO - Setting next_dagrun for example_external_task_marker_child to None, run_after=None
[2023-08-13T08:43:23.532+0000] {logging_mixin.py:149} INFO - [2023-08-13T08:43:23.532+0000] {dag.py:3486} INFO - Setting next_dagrun for example_external_task_marker_parent to None, run_after=None
[2023-08-13T08:43:23.538+0000] {processor.py:179} INFO - Processing /home/airflow/.local/lib/python3.10/site-packages/airflow/example_dags/example_external_task_marker_dag.py took 0.032 seconds
[2023-08-13T08:43:53.826+0000] {processor.py:157} INFO - Started process (PID=2891) to work on /home/airflow/.local/lib/python3.10/site-packages/airflow/example_dags/example_external_task_marker_dag.py
[2023-08-13T08:43:53.826+0000] {processor.py:826} INFO - Processing file /home/airflow/.local/lib/python3.10/site-packages/airflow/example_dags/example_external_task_marker_dag.py for tasks to queue
[2023-08-13T08:43:53.827+0000] {logging_mixin.py:149} INFO - [2023-08-13T08:43:53.826+0000] {dagbag.py:541} INFO - Filling up the DagBag from /home/airflow/.local/lib/python3.10/site-packages/airflow/example_dags/example_external_task_marker_dag.py
[2023-08-13T08:43:53.829+0000] {processor.py:836} INFO - DAG(s) dict_keys(['example_external_task_marker_child', 'example_external_task_marker_parent']) retrieved from /home/airflow/.local/lib/python3.10/site-packages/airflow/example_dags/example_external_task_marker_dag.py
[2023-08-13T08:43:53.841+0000] {logging_mixin.py:149} INFO - [2023-08-13T08:43:53.841+0000] {dag.py:2726} INFO - Sync 2 DAGs
[2023-08-13T08:43:53.850+0000] {logging_mixin.py:149} INFO - [2023-08-13T08:43:53.850+0000] {dag.py:3486} INFO - Setting next_dagrun for example_external_task_marker_child to None, run_after=None
[2023-08-13T08:43:53.852+0000] {logging_mixin.py:149} INFO - [2023-08-13T08:43:53.852+0000] {dag.py:3486} INFO - Setting next_dagrun for example_external_task_marker_parent to None, run_after=None
[2023-08-13T08:43:53.858+0000] {processor.py:179} INFO - Processing /home/airflow/.local/lib/python3.10/site-packages/airflow/example_dags/example_external_task_marker_dag.py took 0.033 seconds
[2023-08-13T08:44:24.089+0000] {processor.py:157} INFO - Started process (PID=2968) to work on /home/airflow/.local/lib/python3.10/site-packages/airflow/example_dags/example_external_task_marker_dag.py
[2023-08-13T08:44:24.089+0000] {processor.py:826} INFO - Processing file /home/airflow/.local/lib/python3.10/site-packages/airflow/example_dags/example_external_task_marker_dag.py for tasks to queue
[2023-08-13T08:44:24.089+0000] {logging_mixin.py:149} INFO - [2023-08-13T08:44:24.089+0000] {dagbag.py:541} INFO - Filling up the DagBag from /home/airflow/.local/lib/python3.10/site-packages/airflow/example_dags/example_external_task_marker_dag.py
[2023-08-13T08:44:24.092+0000] {processor.py:836} INFO - DAG(s) dict_keys(['example_external_task_marker_child', 'example_external_task_marker_parent']) retrieved from /home/airflow/.local/lib/python3.10/site-packages/airflow/example_dags/example_external_task_marker_dag.py
[2023-08-13T08:44:24.103+0000] {logging_mixin.py:149} INFO - [2023-08-13T08:44:24.103+0000] {dag.py:2726} INFO - Sync 2 DAGs
[2023-08-13T08:44:24.112+0000] {logging_mixin.py:149} INFO - [2023-08-13T08:44:24.112+0000] {dag.py:3486} INFO - Setting next_dagrun for example_external_task_marker_child to None, run_after=None
[2023-08-13T08:44:24.114+0000] {logging_mixin.py:149} INFO - [2023-08-13T08:44:24.114+0000] {dag.py:3486} INFO - Setting next_dagrun for example_external_task_marker_parent to None, run_after=None
[2023-08-13T08:44:24.120+0000] {processor.py:179} INFO - Processing /home/airflow/.local/lib/python3.10/site-packages/airflow/example_dags/example_external_task_marker_dag.py took 0.032 seconds
[2023-08-13T08:44:54.497+0000] {processor.py:157} INFO - Started process (PID=3045) to work on /home/airflow/.local/lib/python3.10/site-packages/airflow/example_dags/example_external_task_marker_dag.py
[2023-08-13T08:44:54.497+0000] {processor.py:826} INFO - Processing file /home/airflow/.local/lib/python3.10/site-packages/airflow/example_dags/example_external_task_marker_dag.py for tasks to queue
[2023-08-13T08:44:54.497+0000] {logging_mixin.py:149} INFO - [2023-08-13T08:44:54.497+0000] {dagbag.py:541} INFO - Filling up the DagBag from /home/airflow/.local/lib/python3.10/site-packages/airflow/example_dags/example_external_task_marker_dag.py
[2023-08-13T08:44:54.499+0000] {processor.py:836} INFO - DAG(s) dict_keys(['example_external_task_marker_parent', 'example_external_task_marker_child']) retrieved from /home/airflow/.local/lib/python3.10/site-packages/airflow/example_dags/example_external_task_marker_dag.py
[2023-08-13T08:44:54.511+0000] {logging_mixin.py:149} INFO - [2023-08-13T08:44:54.511+0000] {dag.py:2726} INFO - Sync 2 DAGs
[2023-08-13T08:44:54.521+0000] {logging_mixin.py:149} INFO - [2023-08-13T08:44:54.521+0000] {dag.py:3486} INFO - Setting next_dagrun for example_external_task_marker_child to None, run_after=None
[2023-08-13T08:44:54.522+0000] {logging_mixin.py:149} INFO - [2023-08-13T08:44:54.522+0000] {dag.py:3486} INFO - Setting next_dagrun for example_external_task_marker_parent to None, run_after=None
[2023-08-13T08:44:54.529+0000] {processor.py:179} INFO - Processing /home/airflow/.local/lib/python3.10/site-packages/airflow/example_dags/example_external_task_marker_dag.py took 0.034 seconds
[2023-08-13T08:45:24.982+0000] {processor.py:157} INFO - Started process (PID=3121) to work on /home/airflow/.local/lib/python3.10/site-packages/airflow/example_dags/example_external_task_marker_dag.py
[2023-08-13T08:45:24.985+0000] {processor.py:826} INFO - Processing file /home/airflow/.local/lib/python3.10/site-packages/airflow/example_dags/example_external_task_marker_dag.py for tasks to queue
[2023-08-13T08:45:24.985+0000] {logging_mixin.py:149} INFO - [2023-08-13T08:45:24.985+0000] {dagbag.py:541} INFO - Filling up the DagBag from /home/airflow/.local/lib/python3.10/site-packages/airflow/example_dags/example_external_task_marker_dag.py
[2023-08-13T08:45:24.987+0000] {processor.py:836} INFO - DAG(s) dict_keys(['example_external_task_marker_parent', 'example_external_task_marker_child']) retrieved from /home/airflow/.local/lib/python3.10/site-packages/airflow/example_dags/example_external_task_marker_dag.py
[2023-08-13T08:45:24.999+0000] {logging_mixin.py:149} INFO - [2023-08-13T08:45:24.999+0000] {dag.py:2726} INFO - Sync 2 DAGs
[2023-08-13T08:45:25.009+0000] {logging_mixin.py:149} INFO - [2023-08-13T08:45:25.009+0000] {dag.py:3486} INFO - Setting next_dagrun for example_external_task_marker_child to None, run_after=None
[2023-08-13T08:45:25.010+0000] {logging_mixin.py:149} INFO - [2023-08-13T08:45:25.010+0000] {dag.py:3486} INFO - Setting next_dagrun for example_external_task_marker_parent to None, run_after=None
[2023-08-13T08:45:25.017+0000] {processor.py:179} INFO - Processing /home/airflow/.local/lib/python3.10/site-packages/airflow/example_dags/example_external_task_marker_dag.py took 0.037 seconds
[2023-08-13T08:45:55.480+0000] {processor.py:157} INFO - Started process (PID=3198) to work on /home/airflow/.local/lib/python3.10/site-packages/airflow/example_dags/example_external_task_marker_dag.py
[2023-08-13T08:45:55.480+0000] {processor.py:826} INFO - Processing file /home/airflow/.local/lib/python3.10/site-packages/airflow/example_dags/example_external_task_marker_dag.py for tasks to queue
[2023-08-13T08:45:55.481+0000] {logging_mixin.py:149} INFO - [2023-08-13T08:45:55.481+0000] {dagbag.py:541} INFO - Filling up the DagBag from /home/airflow/.local/lib/python3.10/site-packages/airflow/example_dags/example_external_task_marker_dag.py
[2023-08-13T08:45:55.483+0000] {processor.py:836} INFO - DAG(s) dict_keys(['example_external_task_marker_parent', 'example_external_task_marker_child']) retrieved from /home/airflow/.local/lib/python3.10/site-packages/airflow/example_dags/example_external_task_marker_dag.py
[2023-08-13T08:45:55.495+0000] {logging_mixin.py:149} INFO - [2023-08-13T08:45:55.495+0000] {dag.py:2726} INFO - Sync 2 DAGs
[2023-08-13T08:45:55.506+0000] {logging_mixin.py:149} INFO - [2023-08-13T08:45:55.506+0000] {dag.py:3486} INFO - Setting next_dagrun for example_external_task_marker_child to None, run_after=None
[2023-08-13T08:45:55.507+0000] {logging_mixin.py:149} INFO - [2023-08-13T08:45:55.507+0000] {dag.py:3486} INFO - Setting next_dagrun for example_external_task_marker_parent to None, run_after=None
[2023-08-13T08:45:55.514+0000] {processor.py:179} INFO - Processing /home/airflow/.local/lib/python3.10/site-packages/airflow/example_dags/example_external_task_marker_dag.py took 0.035 seconds
[2023-08-13T08:46:25.895+0000] {processor.py:157} INFO - Started process (PID=3276) to work on /home/airflow/.local/lib/python3.10/site-packages/airflow/example_dags/example_external_task_marker_dag.py
[2023-08-13T08:46:25.895+0000] {processor.py:826} INFO - Processing file /home/airflow/.local/lib/python3.10/site-packages/airflow/example_dags/example_external_task_marker_dag.py for tasks to queue
[2023-08-13T08:46:25.895+0000] {logging_mixin.py:149} INFO - [2023-08-13T08:46:25.895+0000] {dagbag.py:541} INFO - Filling up the DagBag from /home/airflow/.local/lib/python3.10/site-packages/airflow/example_dags/example_external_task_marker_dag.py
[2023-08-13T08:46:25.898+0000] {processor.py:836} INFO - DAG(s) dict_keys(['example_external_task_marker_parent', 'example_external_task_marker_child']) retrieved from /home/airflow/.local/lib/python3.10/site-packages/airflow/example_dags/example_external_task_marker_dag.py
[2023-08-13T08:46:25.909+0000] {logging_mixin.py:149} INFO - [2023-08-13T08:46:25.909+0000] {dag.py:2726} INFO - Sync 2 DAGs
[2023-08-13T08:46:25.919+0000] {logging_mixin.py:149} INFO - [2023-08-13T08:46:25.919+0000] {dag.py:3486} INFO - Setting next_dagrun for example_external_task_marker_child to None, run_after=None
[2023-08-13T08:46:25.921+0000] {logging_mixin.py:149} INFO - [2023-08-13T08:46:25.921+0000] {dag.py:3486} INFO - Setting next_dagrun for example_external_task_marker_parent to None, run_after=None
[2023-08-13T08:46:25.927+0000] {processor.py:179} INFO - Processing /home/airflow/.local/lib/python3.10/site-packages/airflow/example_dags/example_external_task_marker_dag.py took 0.034 seconds
[2023-08-13T08:46:56.247+0000] {processor.py:157} INFO - Started process (PID=3352) to work on /home/airflow/.local/lib/python3.10/site-packages/airflow/example_dags/example_external_task_marker_dag.py
[2023-08-13T08:46:56.248+0000] {processor.py:826} INFO - Processing file /home/airflow/.local/lib/python3.10/site-packages/airflow/example_dags/example_external_task_marker_dag.py for tasks to queue
[2023-08-13T08:46:56.248+0000] {logging_mixin.py:149} INFO - [2023-08-13T08:46:56.248+0000] {dagbag.py:541} INFO - Filling up the DagBag from /home/airflow/.local/lib/python3.10/site-packages/airflow/example_dags/example_external_task_marker_dag.py
[2023-08-13T08:46:56.251+0000] {processor.py:836} INFO - DAG(s) dict_keys(['example_external_task_marker_child', 'example_external_task_marker_parent']) retrieved from /home/airflow/.local/lib/python3.10/site-packages/airflow/example_dags/example_external_task_marker_dag.py
[2023-08-13T08:46:56.262+0000] {logging_mixin.py:149} INFO - [2023-08-13T08:46:56.262+0000] {dag.py:2726} INFO - Sync 2 DAGs
[2023-08-13T08:46:56.272+0000] {logging_mixin.py:149} INFO - [2023-08-13T08:46:56.272+0000] {dag.py:3486} INFO - Setting next_dagrun for example_external_task_marker_child to None, run_after=None
[2023-08-13T08:46:56.273+0000] {logging_mixin.py:149} INFO - [2023-08-13T08:46:56.273+0000] {dag.py:3486} INFO - Setting next_dagrun for example_external_task_marker_parent to None, run_after=None
[2023-08-13T08:46:56.279+0000] {processor.py:179} INFO - Processing /home/airflow/.local/lib/python3.10/site-packages/airflow/example_dags/example_external_task_marker_dag.py took 0.033 seconds
[2023-08-13T08:47:26.870+0000] {processor.py:157} INFO - Started process (PID=3429) to work on /home/airflow/.local/lib/python3.10/site-packages/airflow/example_dags/example_external_task_marker_dag.py
[2023-08-13T08:47:26.870+0000] {processor.py:826} INFO - Processing file /home/airflow/.local/lib/python3.10/site-packages/airflow/example_dags/example_external_task_marker_dag.py for tasks to queue
[2023-08-13T08:47:26.870+0000] {logging_mixin.py:149} INFO - [2023-08-13T08:47:26.870+0000] {dagbag.py:541} INFO - Filling up the DagBag from /home/airflow/.local/lib/python3.10/site-packages/airflow/example_dags/example_external_task_marker_dag.py
[2023-08-13T08:47:26.873+0000] {processor.py:836} INFO - DAG(s) dict_keys(['example_external_task_marker_child', 'example_external_task_marker_parent']) retrieved from /home/airflow/.local/lib/python3.10/site-packages/airflow/example_dags/example_external_task_marker_dag.py
[2023-08-13T08:47:26.884+0000] {logging_mixin.py:149} INFO - [2023-08-13T08:47:26.884+0000] {dag.py:2726} INFO - Sync 2 DAGs
[2023-08-13T08:47:26.894+0000] {logging_mixin.py:149} INFO - [2023-08-13T08:47:26.894+0000] {dag.py:3486} INFO - Setting next_dagrun for example_external_task_marker_child to None, run_after=None
[2023-08-13T08:47:26.895+0000] {logging_mixin.py:149} INFO - [2023-08-13T08:47:26.895+0000] {dag.py:3486} INFO - Setting next_dagrun for example_external_task_marker_parent to None, run_after=None
[2023-08-13T08:47:26.901+0000] {processor.py:179} INFO - Processing /home/airflow/.local/lib/python3.10/site-packages/airflow/example_dags/example_external_task_marker_dag.py took 0.033 seconds
[2023-08-13T08:47:57.666+0000] {processor.py:157} INFO - Started process (PID=3506) to work on /home/airflow/.local/lib/python3.10/site-packages/airflow/example_dags/example_external_task_marker_dag.py
[2023-08-13T08:47:57.666+0000] {processor.py:826} INFO - Processing file /home/airflow/.local/lib/python3.10/site-packages/airflow/example_dags/example_external_task_marker_dag.py for tasks to queue
[2023-08-13T08:47:57.667+0000] {logging_mixin.py:149} INFO - [2023-08-13T08:47:57.667+0000] {dagbag.py:541} INFO - Filling up the DagBag from /home/airflow/.local/lib/python3.10/site-packages/airflow/example_dags/example_external_task_marker_dag.py
[2023-08-13T08:47:57.669+0000] {processor.py:836} INFO - DAG(s) dict_keys(['example_external_task_marker_child', 'example_external_task_marker_parent']) retrieved from /home/airflow/.local/lib/python3.10/site-packages/airflow/example_dags/example_external_task_marker_dag.py
[2023-08-13T08:47:57.681+0000] {logging_mixin.py:149} INFO - [2023-08-13T08:47:57.681+0000] {dag.py:2726} INFO - Sync 2 DAGs
[2023-08-13T08:47:57.690+0000] {logging_mixin.py:149} INFO - [2023-08-13T08:47:57.690+0000] {dag.py:3486} INFO - Setting next_dagrun for example_external_task_marker_child to None, run_after=None
[2023-08-13T08:47:57.692+0000] {logging_mixin.py:149} INFO - [2023-08-13T08:47:57.692+0000] {dag.py:3486} INFO - Setting next_dagrun for example_external_task_marker_parent to None, run_after=None
[2023-08-13T08:47:57.752+0000] {processor.py:179} INFO - Processing /home/airflow/.local/lib/python3.10/site-packages/airflow/example_dags/example_external_task_marker_dag.py took 0.087 seconds
[2023-08-13T08:48:28.487+0000] {processor.py:157} INFO - Started process (PID=3583) to work on /home/airflow/.local/lib/python3.10/site-packages/airflow/example_dags/example_external_task_marker_dag.py
[2023-08-13T08:48:28.488+0000] {processor.py:826} INFO - Processing file /home/airflow/.local/lib/python3.10/site-packages/airflow/example_dags/example_external_task_marker_dag.py for tasks to queue
[2023-08-13T08:48:28.488+0000] {logging_mixin.py:149} INFO - [2023-08-13T08:48:28.488+0000] {dagbag.py:541} INFO - Filling up the DagBag from /home/airflow/.local/lib/python3.10/site-packages/airflow/example_dags/example_external_task_marker_dag.py
[2023-08-13T08:48:28.490+0000] {processor.py:836} INFO - DAG(s) dict_keys(['example_external_task_marker_parent', 'example_external_task_marker_child']) retrieved from /home/airflow/.local/lib/python3.10/site-packages/airflow/example_dags/example_external_task_marker_dag.py
[2023-08-13T08:48:28.502+0000] {logging_mixin.py:149} INFO - [2023-08-13T08:48:28.502+0000] {dag.py:2726} INFO - Sync 2 DAGs
[2023-08-13T08:48:28.512+0000] {logging_mixin.py:149} INFO - [2023-08-13T08:48:28.511+0000] {dag.py:3486} INFO - Setting next_dagrun for example_external_task_marker_child to None, run_after=None
[2023-08-13T08:48:28.513+0000] {logging_mixin.py:149} INFO - [2023-08-13T08:48:28.513+0000] {dag.py:3486} INFO - Setting next_dagrun for example_external_task_marker_parent to None, run_after=None
[2023-08-13T08:48:28.523+0000] {processor.py:179} INFO - Processing /home/airflow/.local/lib/python3.10/site-packages/airflow/example_dags/example_external_task_marker_dag.py took 0.037 seconds
[2023-08-13T08:48:59.496+0000] {processor.py:157} INFO - Started process (PID=3659) to work on /home/airflow/.local/lib/python3.10/site-packages/airflow/example_dags/example_external_task_marker_dag.py
[2023-08-13T08:48:59.497+0000] {processor.py:826} INFO - Processing file /home/airflow/.local/lib/python3.10/site-packages/airflow/example_dags/example_external_task_marker_dag.py for tasks to queue
[2023-08-13T08:48:59.497+0000] {logging_mixin.py:149} INFO - [2023-08-13T08:48:59.497+0000] {dagbag.py:541} INFO - Filling up the DagBag from /home/airflow/.local/lib/python3.10/site-packages/airflow/example_dags/example_external_task_marker_dag.py
[2023-08-13T08:48:59.499+0000] {processor.py:836} INFO - DAG(s) dict_keys(['example_external_task_marker_parent', 'example_external_task_marker_child']) retrieved from /home/airflow/.local/lib/python3.10/site-packages/airflow/example_dags/example_external_task_marker_dag.py
[2023-08-13T08:48:59.511+0000] {logging_mixin.py:149} INFO - [2023-08-13T08:48:59.511+0000] {dag.py:2726} INFO - Sync 2 DAGs
[2023-08-13T08:48:59.520+0000] {logging_mixin.py:149} INFO - [2023-08-13T08:48:59.520+0000] {dag.py:3486} INFO - Setting next_dagrun for example_external_task_marker_child to None, run_after=None
[2023-08-13T08:48:59.521+0000] {logging_mixin.py:149} INFO - [2023-08-13T08:48:59.521+0000] {dag.py:3486} INFO - Setting next_dagrun for example_external_task_marker_parent to None, run_after=None
[2023-08-13T08:48:59.527+0000] {processor.py:179} INFO - Processing /home/airflow/.local/lib/python3.10/site-packages/airflow/example_dags/example_external_task_marker_dag.py took 0.032 seconds
[2023-08-13T08:49:29.901+0000] {processor.py:157} INFO - Started process (PID=3736) to work on /home/airflow/.local/lib/python3.10/site-packages/airflow/example_dags/example_external_task_marker_dag.py
[2023-08-13T08:49:29.902+0000] {processor.py:826} INFO - Processing file /home/airflow/.local/lib/python3.10/site-packages/airflow/example_dags/example_external_task_marker_dag.py for tasks to queue
[2023-08-13T08:49:29.902+0000] {logging_mixin.py:149} INFO - [2023-08-13T08:49:29.902+0000] {dagbag.py:541} INFO - Filling up the DagBag from /home/airflow/.local/lib/python3.10/site-packages/airflow/example_dags/example_external_task_marker_dag.py
[2023-08-13T08:49:29.904+0000] {processor.py:836} INFO - DAG(s) dict_keys(['example_external_task_marker_child', 'example_external_task_marker_parent']) retrieved from /home/airflow/.local/lib/python3.10/site-packages/airflow/example_dags/example_external_task_marker_dag.py
[2023-08-13T08:49:29.916+0000] {logging_mixin.py:149} INFO - [2023-08-13T08:49:29.916+0000] {dag.py:2726} INFO - Sync 2 DAGs
[2023-08-13T08:49:29.925+0000] {logging_mixin.py:149} INFO - [2023-08-13T08:49:29.925+0000] {dag.py:3486} INFO - Setting next_dagrun for example_external_task_marker_child to None, run_after=None
[2023-08-13T08:49:29.926+0000] {logging_mixin.py:149} INFO - [2023-08-13T08:49:29.926+0000] {dag.py:3486} INFO - Setting next_dagrun for example_external_task_marker_parent to None, run_after=None
[2023-08-13T08:49:29.932+0000] {processor.py:179} INFO - Processing /home/airflow/.local/lib/python3.10/site-packages/airflow/example_dags/example_external_task_marker_dag.py took 0.033 seconds
[2023-08-13T08:50:00.910+0000] {processor.py:157} INFO - Started process (PID=3813) to work on /home/airflow/.local/lib/python3.10/site-packages/airflow/example_dags/example_external_task_marker_dag.py
[2023-08-13T08:50:00.911+0000] {processor.py:826} INFO - Processing file /home/airflow/.local/lib/python3.10/site-packages/airflow/example_dags/example_external_task_marker_dag.py for tasks to queue
[2023-08-13T08:50:00.911+0000] {logging_mixin.py:149} INFO - [2023-08-13T08:50:00.911+0000] {dagbag.py:541} INFO - Filling up the DagBag from /home/airflow/.local/lib/python3.10/site-packages/airflow/example_dags/example_external_task_marker_dag.py
[2023-08-13T08:50:00.913+0000] {processor.py:836} INFO - DAG(s) dict_keys(['example_external_task_marker_parent', 'example_external_task_marker_child']) retrieved from /home/airflow/.local/lib/python3.10/site-packages/airflow/example_dags/example_external_task_marker_dag.py
[2023-08-13T08:50:00.926+0000] {logging_mixin.py:149} INFO - [2023-08-13T08:50:00.926+0000] {dag.py:2726} INFO - Sync 2 DAGs
[2023-08-13T08:50:00.993+0000] {logging_mixin.py:149} INFO - [2023-08-13T08:50:00.993+0000] {dag.py:3486} INFO - Setting next_dagrun for example_external_task_marker_child to None, run_after=None
[2023-08-13T08:50:00.995+0000] {logging_mixin.py:149} INFO - [2023-08-13T08:50:00.995+0000] {dag.py:3486} INFO - Setting next_dagrun for example_external_task_marker_parent to None, run_after=None
[2023-08-13T08:50:01.001+0000] {processor.py:179} INFO - Processing /home/airflow/.local/lib/python3.10/site-packages/airflow/example_dags/example_external_task_marker_dag.py took 0.092 seconds
[2023-08-13T08:50:31.118+0000] {processor.py:157} INFO - Started process (PID=3890) to work on /home/airflow/.local/lib/python3.10/site-packages/airflow/example_dags/example_external_task_marker_dag.py
[2023-08-13T08:50:31.118+0000] {processor.py:826} INFO - Processing file /home/airflow/.local/lib/python3.10/site-packages/airflow/example_dags/example_external_task_marker_dag.py for tasks to queue
[2023-08-13T08:50:31.119+0000] {logging_mixin.py:149} INFO - [2023-08-13T08:50:31.118+0000] {dagbag.py:541} INFO - Filling up the DagBag from /home/airflow/.local/lib/python3.10/site-packages/airflow/example_dags/example_external_task_marker_dag.py
[2023-08-13T08:50:31.121+0000] {processor.py:836} INFO - DAG(s) dict_keys(['example_external_task_marker_parent', 'example_external_task_marker_child']) retrieved from /home/airflow/.local/lib/python3.10/site-packages/airflow/example_dags/example_external_task_marker_dag.py
[2023-08-13T08:50:31.133+0000] {logging_mixin.py:149} INFO - [2023-08-13T08:50:31.133+0000] {dag.py:2726} INFO - Sync 2 DAGs
[2023-08-13T08:50:31.143+0000] {logging_mixin.py:149} INFO - [2023-08-13T08:50:31.143+0000] {dag.py:3486} INFO - Setting next_dagrun for example_external_task_marker_child to None, run_after=None
[2023-08-13T08:50:31.144+0000] {logging_mixin.py:149} INFO - [2023-08-13T08:50:31.144+0000] {dag.py:3486} INFO - Setting next_dagrun for example_external_task_marker_parent to None, run_after=None
[2023-08-13T08:50:31.207+0000] {processor.py:179} INFO - Processing /home/airflow/.local/lib/python3.10/site-packages/airflow/example_dags/example_external_task_marker_dag.py took 0.091 seconds
[2023-08-13T08:51:01.386+0000] {processor.py:157} INFO - Started process (PID=3967) to work on /home/airflow/.local/lib/python3.10/site-packages/airflow/example_dags/example_external_task_marker_dag.py
[2023-08-13T08:51:01.387+0000] {processor.py:826} INFO - Processing file /home/airflow/.local/lib/python3.10/site-packages/airflow/example_dags/example_external_task_marker_dag.py for tasks to queue
[2023-08-13T08:51:01.387+0000] {logging_mixin.py:149} INFO - [2023-08-13T08:51:01.387+0000] {dagbag.py:541} INFO - Filling up the DagBag from /home/airflow/.local/lib/python3.10/site-packages/airflow/example_dags/example_external_task_marker_dag.py
[2023-08-13T08:51:01.389+0000] {processor.py:836} INFO - DAG(s) dict_keys(['example_external_task_marker_child', 'example_external_task_marker_parent']) retrieved from /home/airflow/.local/lib/python3.10/site-packages/airflow/example_dags/example_external_task_marker_dag.py
[2023-08-13T08:51:01.401+0000] {logging_mixin.py:149} INFO - [2023-08-13T08:51:01.401+0000] {dag.py:2726} INFO - Sync 2 DAGs
[2023-08-13T08:51:01.410+0000] {logging_mixin.py:149} INFO - [2023-08-13T08:51:01.410+0000] {dag.py:3486} INFO - Setting next_dagrun for example_external_task_marker_child to None, run_after=None
[2023-08-13T08:51:01.411+0000] {logging_mixin.py:149} INFO - [2023-08-13T08:51:01.411+0000] {dag.py:3486} INFO - Setting next_dagrun for example_external_task_marker_parent to None, run_after=None
[2023-08-13T08:51:01.418+0000] {processor.py:179} INFO - Processing /home/airflow/.local/lib/python3.10/site-packages/airflow/example_dags/example_external_task_marker_dag.py took 0.033 seconds
[2023-08-13T08:51:31.789+0000] {processor.py:157} INFO - Started process (PID=4044) to work on /home/airflow/.local/lib/python3.10/site-packages/airflow/example_dags/example_external_task_marker_dag.py
[2023-08-13T08:51:31.790+0000] {processor.py:826} INFO - Processing file /home/airflow/.local/lib/python3.10/site-packages/airflow/example_dags/example_external_task_marker_dag.py for tasks to queue
[2023-08-13T08:51:31.790+0000] {logging_mixin.py:149} INFO - [2023-08-13T08:51:31.790+0000] {dagbag.py:541} INFO - Filling up the DagBag from /home/airflow/.local/lib/python3.10/site-packages/airflow/example_dags/example_external_task_marker_dag.py
[2023-08-13T08:51:31.792+0000] {processor.py:836} INFO - DAG(s) dict_keys(['example_external_task_marker_child', 'example_external_task_marker_parent']) retrieved from /home/airflow/.local/lib/python3.10/site-packages/airflow/example_dags/example_external_task_marker_dag.py
[2023-08-13T08:51:31.804+0000] {logging_mixin.py:149} INFO - [2023-08-13T08:51:31.804+0000] {dag.py:2726} INFO - Sync 2 DAGs
[2023-08-13T08:51:31.813+0000] {logging_mixin.py:149} INFO - [2023-08-13T08:51:31.813+0000] {dag.py:3486} INFO - Setting next_dagrun for example_external_task_marker_child to None, run_after=None
[2023-08-13T08:51:31.815+0000] {logging_mixin.py:149} INFO - [2023-08-13T08:51:31.815+0000] {dag.py:3486} INFO - Setting next_dagrun for example_external_task_marker_parent to None, run_after=None
[2023-08-13T08:51:31.821+0000] {processor.py:179} INFO - Processing /home/airflow/.local/lib/python3.10/site-packages/airflow/example_dags/example_external_task_marker_dag.py took 0.033 seconds
[2023-08-13T08:52:02.892+0000] {processor.py:157} INFO - Started process (PID=4121) to work on /home/airflow/.local/lib/python3.10/site-packages/airflow/example_dags/example_external_task_marker_dag.py
[2023-08-13T08:52:02.893+0000] {processor.py:826} INFO - Processing file /home/airflow/.local/lib/python3.10/site-packages/airflow/example_dags/example_external_task_marker_dag.py for tasks to queue
[2023-08-13T08:52:02.893+0000] {logging_mixin.py:149} INFO - [2023-08-13T08:52:02.893+0000] {dagbag.py:541} INFO - Filling up the DagBag from /home/airflow/.local/lib/python3.10/site-packages/airflow/example_dags/example_external_task_marker_dag.py
[2023-08-13T08:52:02.895+0000] {processor.py:836} INFO - DAG(s) dict_keys(['example_external_task_marker_parent', 'example_external_task_marker_child']) retrieved from /home/airflow/.local/lib/python3.10/site-packages/airflow/example_dags/example_external_task_marker_dag.py
[2023-08-13T08:52:02.907+0000] {logging_mixin.py:149} INFO - [2023-08-13T08:52:02.907+0000] {dag.py:2726} INFO - Sync 2 DAGs
[2023-08-13T08:52:02.974+0000] {logging_mixin.py:149} INFO - [2023-08-13T08:52:02.973+0000] {dag.py:3486} INFO - Setting next_dagrun for example_external_task_marker_child to None, run_after=None
[2023-08-13T08:52:02.975+0000] {logging_mixin.py:149} INFO - [2023-08-13T08:52:02.975+0000] {dag.py:3486} INFO - Setting next_dagrun for example_external_task_marker_parent to None, run_after=None
[2023-08-13T08:52:02.981+0000] {processor.py:179} INFO - Processing /home/airflow/.local/lib/python3.10/site-packages/airflow/example_dags/example_external_task_marker_dag.py took 0.090 seconds
[2023-08-13T08:52:33.060+0000] {processor.py:157} INFO - Started process (PID=4198) to work on /home/airflow/.local/lib/python3.10/site-packages/airflow/example_dags/example_external_task_marker_dag.py
[2023-08-13T08:52:33.060+0000] {processor.py:826} INFO - Processing file /home/airflow/.local/lib/python3.10/site-packages/airflow/example_dags/example_external_task_marker_dag.py for tasks to queue
[2023-08-13T08:52:33.060+0000] {logging_mixin.py:149} INFO - [2023-08-13T08:52:33.060+0000] {dagbag.py:541} INFO - Filling up the DagBag from /home/airflow/.local/lib/python3.10/site-packages/airflow/example_dags/example_external_task_marker_dag.py
[2023-08-13T08:52:33.063+0000] {processor.py:836} INFO - DAG(s) dict_keys(['example_external_task_marker_parent', 'example_external_task_marker_child']) retrieved from /home/airflow/.local/lib/python3.10/site-packages/airflow/example_dags/example_external_task_marker_dag.py
[2023-08-13T08:52:33.075+0000] {logging_mixin.py:149} INFO - [2023-08-13T08:52:33.075+0000] {dag.py:2726} INFO - Sync 2 DAGs
[2023-08-13T08:52:33.084+0000] {logging_mixin.py:149} INFO - [2023-08-13T08:52:33.084+0000] {dag.py:3486} INFO - Setting next_dagrun for example_external_task_marker_child to None, run_after=None
[2023-08-13T08:52:33.086+0000] {logging_mixin.py:149} INFO - [2023-08-13T08:52:33.086+0000] {dag.py:3486} INFO - Setting next_dagrun for example_external_task_marker_parent to None, run_after=None
[2023-08-13T08:52:33.092+0000] {processor.py:179} INFO - Processing /home/airflow/.local/lib/python3.10/site-packages/airflow/example_dags/example_external_task_marker_dag.py took 0.034 seconds
[2023-08-13T08:53:03.574+0000] {processor.py:157} INFO - Started process (PID=4275) to work on /home/airflow/.local/lib/python3.10/site-packages/airflow/example_dags/example_external_task_marker_dag.py
[2023-08-13T08:53:03.574+0000] {processor.py:826} INFO - Processing file /home/airflow/.local/lib/python3.10/site-packages/airflow/example_dags/example_external_task_marker_dag.py for tasks to queue
[2023-08-13T08:53:03.574+0000] {logging_mixin.py:149} INFO - [2023-08-13T08:53:03.574+0000] {dagbag.py:541} INFO - Filling up the DagBag from /home/airflow/.local/lib/python3.10/site-packages/airflow/example_dags/example_external_task_marker_dag.py
[2023-08-13T08:53:03.577+0000] {processor.py:836} INFO - DAG(s) dict_keys(['example_external_task_marker_child', 'example_external_task_marker_parent']) retrieved from /home/airflow/.local/lib/python3.10/site-packages/airflow/example_dags/example_external_task_marker_dag.py
[2023-08-13T08:53:03.643+0000] {logging_mixin.py:149} INFO - [2023-08-13T08:53:03.643+0000] {dag.py:2726} INFO - Sync 2 DAGs
[2023-08-13T08:53:03.653+0000] {logging_mixin.py:149} INFO - [2023-08-13T08:53:03.652+0000] {dag.py:3486} INFO - Setting next_dagrun for example_external_task_marker_child to None, run_after=None
[2023-08-13T08:53:03.654+0000] {logging_mixin.py:149} INFO - [2023-08-13T08:53:03.654+0000] {dag.py:3486} INFO - Setting next_dagrun for example_external_task_marker_parent to None, run_after=None
[2023-08-13T08:53:03.662+0000] {processor.py:179} INFO - Processing /home/airflow/.local/lib/python3.10/site-packages/airflow/example_dags/example_external_task_marker_dag.py took 0.089 seconds
[2023-08-13T08:53:34.617+0000] {processor.py:157} INFO - Started process (PID=4351) to work on /home/airflow/.local/lib/python3.10/site-packages/airflow/example_dags/example_external_task_marker_dag.py
[2023-08-13T08:53:34.617+0000] {processor.py:826} INFO - Processing file /home/airflow/.local/lib/python3.10/site-packages/airflow/example_dags/example_external_task_marker_dag.py for tasks to queue
[2023-08-13T08:53:34.617+0000] {logging_mixin.py:149} INFO - [2023-08-13T08:53:34.617+0000] {dagbag.py:541} INFO - Filling up the DagBag from /home/airflow/.local/lib/python3.10/site-packages/airflow/example_dags/example_external_task_marker_dag.py
[2023-08-13T08:53:34.620+0000] {processor.py:836} INFO - DAG(s) dict_keys(['example_external_task_marker_parent', 'example_external_task_marker_child']) retrieved from /home/airflow/.local/lib/python3.10/site-packages/airflow/example_dags/example_external_task_marker_dag.py
[2023-08-13T08:53:34.632+0000] {logging_mixin.py:149} INFO - [2023-08-13T08:53:34.632+0000] {dag.py:2726} INFO - Sync 2 DAGs
[2023-08-13T08:53:34.699+0000] {logging_mixin.py:149} INFO - [2023-08-13T08:53:34.699+0000] {dag.py:3486} INFO - Setting next_dagrun for example_external_task_marker_child to None, run_after=None
[2023-08-13T08:53:34.701+0000] {logging_mixin.py:149} INFO - [2023-08-13T08:53:34.701+0000] {dag.py:3486} INFO - Setting next_dagrun for example_external_task_marker_parent to None, run_after=None
[2023-08-13T08:53:34.708+0000] {processor.py:179} INFO - Processing /home/airflow/.local/lib/python3.10/site-packages/airflow/example_dags/example_external_task_marker_dag.py took 0.093 seconds
[2023-08-13T08:54:04.772+0000] {processor.py:157} INFO - Started process (PID=4427) to work on /home/airflow/.local/lib/python3.10/site-packages/airflow/example_dags/example_external_task_marker_dag.py
[2023-08-13T08:54:04.772+0000] {processor.py:826} INFO - Processing file /home/airflow/.local/lib/python3.10/site-packages/airflow/example_dags/example_external_task_marker_dag.py for tasks to queue
[2023-08-13T08:54:04.772+0000] {logging_mixin.py:149} INFO - [2023-08-13T08:54:04.772+0000] {dagbag.py:541} INFO - Filling up the DagBag from /home/airflow/.local/lib/python3.10/site-packages/airflow/example_dags/example_external_task_marker_dag.py
[2023-08-13T08:54:04.775+0000] {processor.py:836} INFO - DAG(s) dict_keys(['example_external_task_marker_child', 'example_external_task_marker_parent']) retrieved from /home/airflow/.local/lib/python3.10/site-packages/airflow/example_dags/example_external_task_marker_dag.py
[2023-08-13T08:54:04.787+0000] {logging_mixin.py:149} INFO - [2023-08-13T08:54:04.786+0000] {dag.py:2726} INFO - Sync 2 DAGs
[2023-08-13T08:54:04.796+0000] {logging_mixin.py:149} INFO - [2023-08-13T08:54:04.796+0000] {dag.py:3486} INFO - Setting next_dagrun for example_external_task_marker_child to None, run_after=None
[2023-08-13T08:54:04.798+0000] {logging_mixin.py:149} INFO - [2023-08-13T08:54:04.798+0000] {dag.py:3486} INFO - Setting next_dagrun for example_external_task_marker_parent to None, run_after=None
[2023-08-13T08:54:04.804+0000] {processor.py:179} INFO - Processing /home/airflow/.local/lib/python3.10/site-packages/airflow/example_dags/example_external_task_marker_dag.py took 0.034 seconds
[2023-08-13T08:54:35.029+0000] {processor.py:157} INFO - Started process (PID=4504) to work on /home/airflow/.local/lib/python3.10/site-packages/airflow/example_dags/example_external_task_marker_dag.py
[2023-08-13T08:54:35.029+0000] {processor.py:826} INFO - Processing file /home/airflow/.local/lib/python3.10/site-packages/airflow/example_dags/example_external_task_marker_dag.py for tasks to queue
[2023-08-13T08:54:35.029+0000] {logging_mixin.py:149} INFO - [2023-08-13T08:54:35.029+0000] {dagbag.py:541} INFO - Filling up the DagBag from /home/airflow/.local/lib/python3.10/site-packages/airflow/example_dags/example_external_task_marker_dag.py
[2023-08-13T08:54:35.032+0000] {processor.py:836} INFO - DAG(s) dict_keys(['example_external_task_marker_parent', 'example_external_task_marker_child']) retrieved from /home/airflow/.local/lib/python3.10/site-packages/airflow/example_dags/example_external_task_marker_dag.py
[2023-08-13T08:54:35.043+0000] {logging_mixin.py:149} INFO - [2023-08-13T08:54:35.043+0000] {dag.py:2726} INFO - Sync 2 DAGs
[2023-08-13T08:54:35.053+0000] {logging_mixin.py:149} INFO - [2023-08-13T08:54:35.053+0000] {dag.py:3486} INFO - Setting next_dagrun for example_external_task_marker_child to None, run_after=None
[2023-08-13T08:54:35.054+0000] {logging_mixin.py:149} INFO - [2023-08-13T08:54:35.054+0000] {dag.py:3486} INFO - Setting next_dagrun for example_external_task_marker_parent to None, run_after=None
[2023-08-13T08:54:35.060+0000] {processor.py:179} INFO - Processing /home/airflow/.local/lib/python3.10/site-packages/airflow/example_dags/example_external_task_marker_dag.py took 0.033 seconds
[2023-08-13T08:55:05.265+0000] {processor.py:157} INFO - Started process (PID=4581) to work on /home/airflow/.local/lib/python3.10/site-packages/airflow/example_dags/example_external_task_marker_dag.py
[2023-08-13T08:55:05.266+0000] {processor.py:826} INFO - Processing file /home/airflow/.local/lib/python3.10/site-packages/airflow/example_dags/example_external_task_marker_dag.py for tasks to queue
[2023-08-13T08:55:05.266+0000] {logging_mixin.py:149} INFO - [2023-08-13T08:55:05.266+0000] {dagbag.py:541} INFO - Filling up the DagBag from /home/airflow/.local/lib/python3.10/site-packages/airflow/example_dags/example_external_task_marker_dag.py
[2023-08-13T08:55:05.268+0000] {processor.py:836} INFO - DAG(s) dict_keys(['example_external_task_marker_child', 'example_external_task_marker_parent']) retrieved from /home/airflow/.local/lib/python3.10/site-packages/airflow/example_dags/example_external_task_marker_dag.py
[2023-08-13T08:55:05.280+0000] {logging_mixin.py:149} INFO - [2023-08-13T08:55:05.280+0000] {dag.py:2726} INFO - Sync 2 DAGs
[2023-08-13T08:55:05.290+0000] {logging_mixin.py:149} INFO - [2023-08-13T08:55:05.290+0000] {dag.py:3486} INFO - Setting next_dagrun for example_external_task_marker_child to None, run_after=None
[2023-08-13T08:55:05.291+0000] {logging_mixin.py:149} INFO - [2023-08-13T08:55:05.291+0000] {dag.py:3486} INFO - Setting next_dagrun for example_external_task_marker_parent to None, run_after=None
[2023-08-13T08:55:05.297+0000] {processor.py:179} INFO - Processing /home/airflow/.local/lib/python3.10/site-packages/airflow/example_dags/example_external_task_marker_dag.py took 0.033 seconds
