[2023-08-13T08:25:08.914+0000] {processor.py:157} INFO - Started process (PID=24) to work on /home/airflow/.local/lib/python3.10/site-packages/airflow/example_dags/tutorial_taskflow_api.py
[2023-08-13T08:25:08.915+0000] {processor.py:826} INFO - Processing file /home/airflow/.local/lib/python3.10/site-packages/airflow/example_dags/tutorial_taskflow_api.py for tasks to queue
[2023-08-13T08:25:08.915+0000] {logging_mixin.py:149} INFO - [2023-08-13T08:25:08.915+0000] {dagbag.py:541} INFO - Filling up the DagBag from /home/airflow/.local/lib/python3.10/site-packages/airflow/example_dags/tutorial_taskflow_api.py
[2023-08-13T08:25:08.921+0000] {processor.py:836} INFO - DAG(s) dict_keys(['tutorial_taskflow_api']) retrieved from /home/airflow/.local/lib/python3.10/site-packages/airflow/example_dags/tutorial_taskflow_api.py
[2023-08-13T08:25:08.934+0000] {logging_mixin.py:149} INFO - [2023-08-13T08:25:08.934+0000] {dag.py:2726} INFO - Sync 1 DAGs
[2023-08-13T08:25:08.945+0000] {logging_mixin.py:149} INFO - [2023-08-13T08:25:08.945+0000] {dag.py:3486} INFO - Setting next_dagrun for tutorial_taskflow_api to None, run_after=None
[2023-08-13T08:25:08.954+0000] {processor.py:179} INFO - Processing /home/airflow/.local/lib/python3.10/site-packages/airflow/example_dags/tutorial_taskflow_api.py took 0.041 seconds
[2023-08-13T08:25:39.266+0000] {processor.py:157} INFO - Started process (PID=101) to work on /home/airflow/.local/lib/python3.10/site-packages/airflow/example_dags/tutorial_taskflow_api.py
[2023-08-13T08:25:39.271+0000] {processor.py:826} INFO - Processing file /home/airflow/.local/lib/python3.10/site-packages/airflow/example_dags/tutorial_taskflow_api.py for tasks to queue
[2023-08-13T08:25:39.271+0000] {logging_mixin.py:149} INFO - [2023-08-13T08:25:39.271+0000] {dagbag.py:541} INFO - Filling up the DagBag from /home/airflow/.local/lib/python3.10/site-packages/airflow/example_dags/tutorial_taskflow_api.py
[2023-08-13T08:25:39.274+0000] {processor.py:836} INFO - DAG(s) dict_keys(['tutorial_taskflow_api']) retrieved from /home/airflow/.local/lib/python3.10/site-packages/airflow/example_dags/tutorial_taskflow_api.py
[2023-08-13T08:25:39.285+0000] {logging_mixin.py:149} INFO - [2023-08-13T08:25:39.285+0000] {dag.py:2726} INFO - Sync 1 DAGs
[2023-08-13T08:25:39.295+0000] {logging_mixin.py:149} INFO - [2023-08-13T08:25:39.295+0000] {dag.py:3486} INFO - Setting next_dagrun for tutorial_taskflow_api to None, run_after=None
[2023-08-13T08:25:39.302+0000] {processor.py:179} INFO - Processing /home/airflow/.local/lib/python3.10/site-packages/airflow/example_dags/tutorial_taskflow_api.py took 0.038 seconds
[2023-08-13T08:26:09.704+0000] {processor.py:157} INFO - Started process (PID=178) to work on /home/airflow/.local/lib/python3.10/site-packages/airflow/example_dags/tutorial_taskflow_api.py
[2023-08-13T08:26:09.709+0000] {processor.py:826} INFO - Processing file /home/airflow/.local/lib/python3.10/site-packages/airflow/example_dags/tutorial_taskflow_api.py for tasks to queue
[2023-08-13T08:26:09.709+0000] {logging_mixin.py:149} INFO - [2023-08-13T08:26:09.709+0000] {dagbag.py:541} INFO - Filling up the DagBag from /home/airflow/.local/lib/python3.10/site-packages/airflow/example_dags/tutorial_taskflow_api.py
[2023-08-13T08:26:09.712+0000] {processor.py:836} INFO - DAG(s) dict_keys(['tutorial_taskflow_api']) retrieved from /home/airflow/.local/lib/python3.10/site-packages/airflow/example_dags/tutorial_taskflow_api.py
[2023-08-13T08:26:09.722+0000] {logging_mixin.py:149} INFO - [2023-08-13T08:26:09.722+0000] {dag.py:2726} INFO - Sync 1 DAGs
[2023-08-13T08:26:09.731+0000] {logging_mixin.py:149} INFO - [2023-08-13T08:26:09.731+0000] {dag.py:3486} INFO - Setting next_dagrun for tutorial_taskflow_api to None, run_after=None
[2023-08-13T08:26:09.739+0000] {processor.py:179} INFO - Processing /home/airflow/.local/lib/python3.10/site-packages/airflow/example_dags/tutorial_taskflow_api.py took 0.036 seconds
[2023-08-13T08:26:40.209+0000] {processor.py:157} INFO - Started process (PID=254) to work on /home/airflow/.local/lib/python3.10/site-packages/airflow/example_dags/tutorial_taskflow_api.py
[2023-08-13T08:26:40.213+0000] {processor.py:826} INFO - Processing file /home/airflow/.local/lib/python3.10/site-packages/airflow/example_dags/tutorial_taskflow_api.py for tasks to queue
[2023-08-13T08:26:40.213+0000] {logging_mixin.py:149} INFO - [2023-08-13T08:26:40.213+0000] {dagbag.py:541} INFO - Filling up the DagBag from /home/airflow/.local/lib/python3.10/site-packages/airflow/example_dags/tutorial_taskflow_api.py
[2023-08-13T08:26:40.219+0000] {processor.py:836} INFO - DAG(s) dict_keys(['tutorial_taskflow_api']) retrieved from /home/airflow/.local/lib/python3.10/site-packages/airflow/example_dags/tutorial_taskflow_api.py
[2023-08-13T08:26:40.233+0000] {logging_mixin.py:149} INFO - [2023-08-13T08:26:40.233+0000] {dag.py:2726} INFO - Sync 1 DAGs
[2023-08-13T08:26:40.242+0000] {logging_mixin.py:149} INFO - [2023-08-13T08:26:40.242+0000] {dag.py:3486} INFO - Setting next_dagrun for tutorial_taskflow_api to None, run_after=None
[2023-08-13T08:26:40.249+0000] {processor.py:179} INFO - Processing /home/airflow/.local/lib/python3.10/site-packages/airflow/example_dags/tutorial_taskflow_api.py took 0.042 seconds
[2023-08-13T08:27:10.577+0000] {processor.py:157} INFO - Started process (PID=331) to work on /home/airflow/.local/lib/python3.10/site-packages/airflow/example_dags/tutorial_taskflow_api.py
[2023-08-13T08:27:10.583+0000] {processor.py:826} INFO - Processing file /home/airflow/.local/lib/python3.10/site-packages/airflow/example_dags/tutorial_taskflow_api.py for tasks to queue
[2023-08-13T08:27:10.583+0000] {logging_mixin.py:149} INFO - [2023-08-13T08:27:10.583+0000] {dagbag.py:541} INFO - Filling up the DagBag from /home/airflow/.local/lib/python3.10/site-packages/airflow/example_dags/tutorial_taskflow_api.py
[2023-08-13T08:27:10.587+0000] {processor.py:836} INFO - DAG(s) dict_keys(['tutorial_taskflow_api']) retrieved from /home/airflow/.local/lib/python3.10/site-packages/airflow/example_dags/tutorial_taskflow_api.py
[2023-08-13T08:27:10.599+0000] {logging_mixin.py:149} INFO - [2023-08-13T08:27:10.599+0000] {dag.py:2726} INFO - Sync 1 DAGs
[2023-08-13T08:27:10.609+0000] {logging_mixin.py:149} INFO - [2023-08-13T08:27:10.609+0000] {dag.py:3486} INFO - Setting next_dagrun for tutorial_taskflow_api to None, run_after=None
[2023-08-13T08:27:10.616+0000] {processor.py:179} INFO - Processing /home/airflow/.local/lib/python3.10/site-packages/airflow/example_dags/tutorial_taskflow_api.py took 0.040 seconds
[2023-08-13T08:27:41.082+0000] {processor.py:157} INFO - Started process (PID=408) to work on /home/airflow/.local/lib/python3.10/site-packages/airflow/example_dags/tutorial_taskflow_api.py
[2023-08-13T08:27:41.087+0000] {processor.py:826} INFO - Processing file /home/airflow/.local/lib/python3.10/site-packages/airflow/example_dags/tutorial_taskflow_api.py for tasks to queue
[2023-08-13T08:27:41.088+0000] {logging_mixin.py:149} INFO - [2023-08-13T08:27:41.087+0000] {dagbag.py:541} INFO - Filling up the DagBag from /home/airflow/.local/lib/python3.10/site-packages/airflow/example_dags/tutorial_taskflow_api.py
[2023-08-13T08:27:41.090+0000] {processor.py:836} INFO - DAG(s) dict_keys(['tutorial_taskflow_api']) retrieved from /home/airflow/.local/lib/python3.10/site-packages/airflow/example_dags/tutorial_taskflow_api.py
[2023-08-13T08:27:41.101+0000] {logging_mixin.py:149} INFO - [2023-08-13T08:27:41.101+0000] {dag.py:2726} INFO - Sync 1 DAGs
[2023-08-13T08:27:41.111+0000] {logging_mixin.py:149} INFO - [2023-08-13T08:27:41.111+0000] {dag.py:3486} INFO - Setting next_dagrun for tutorial_taskflow_api to None, run_after=None
[2023-08-13T08:27:41.118+0000] {processor.py:179} INFO - Processing /home/airflow/.local/lib/python3.10/site-packages/airflow/example_dags/tutorial_taskflow_api.py took 0.037 seconds
[2023-08-13T08:28:11.421+0000] {processor.py:157} INFO - Started process (PID=484) to work on /home/airflow/.local/lib/python3.10/site-packages/airflow/example_dags/tutorial_taskflow_api.py
[2023-08-13T08:28:11.425+0000] {processor.py:826} INFO - Processing file /home/airflow/.local/lib/python3.10/site-packages/airflow/example_dags/tutorial_taskflow_api.py for tasks to queue
[2023-08-13T08:28:11.425+0000] {logging_mixin.py:149} INFO - [2023-08-13T08:28:11.425+0000] {dagbag.py:541} INFO - Filling up the DagBag from /home/airflow/.local/lib/python3.10/site-packages/airflow/example_dags/tutorial_taskflow_api.py
[2023-08-13T08:28:11.428+0000] {processor.py:836} INFO - DAG(s) dict_keys(['tutorial_taskflow_api']) retrieved from /home/airflow/.local/lib/python3.10/site-packages/airflow/example_dags/tutorial_taskflow_api.py
[2023-08-13T08:28:11.438+0000] {logging_mixin.py:149} INFO - [2023-08-13T08:28:11.438+0000] {dag.py:2726} INFO - Sync 1 DAGs
[2023-08-13T08:28:11.448+0000] {logging_mixin.py:149} INFO - [2023-08-13T08:28:11.448+0000] {dag.py:3486} INFO - Setting next_dagrun for tutorial_taskflow_api to None, run_after=None
[2023-08-13T08:28:11.455+0000] {processor.py:179} INFO - Processing /home/airflow/.local/lib/python3.10/site-packages/airflow/example_dags/tutorial_taskflow_api.py took 0.035 seconds
[2023-08-13T08:28:41.775+0000] {processor.py:157} INFO - Started process (PID=561) to work on /home/airflow/.local/lib/python3.10/site-packages/airflow/example_dags/tutorial_taskflow_api.py
[2023-08-13T08:28:41.780+0000] {processor.py:826} INFO - Processing file /home/airflow/.local/lib/python3.10/site-packages/airflow/example_dags/tutorial_taskflow_api.py for tasks to queue
[2023-08-13T08:28:41.780+0000] {logging_mixin.py:149} INFO - [2023-08-13T08:28:41.780+0000] {dagbag.py:541} INFO - Filling up the DagBag from /home/airflow/.local/lib/python3.10/site-packages/airflow/example_dags/tutorial_taskflow_api.py
[2023-08-13T08:28:41.782+0000] {processor.py:836} INFO - DAG(s) dict_keys(['tutorial_taskflow_api']) retrieved from /home/airflow/.local/lib/python3.10/site-packages/airflow/example_dags/tutorial_taskflow_api.py
[2023-08-13T08:28:41.793+0000] {logging_mixin.py:149} INFO - [2023-08-13T08:28:41.793+0000] {dag.py:2726} INFO - Sync 1 DAGs
[2023-08-13T08:28:41.803+0000] {logging_mixin.py:149} INFO - [2023-08-13T08:28:41.803+0000] {dag.py:3486} INFO - Setting next_dagrun for tutorial_taskflow_api to None, run_after=None
[2023-08-13T08:28:41.810+0000] {processor.py:179} INFO - Processing /home/airflow/.local/lib/python3.10/site-packages/airflow/example_dags/tutorial_taskflow_api.py took 0.037 seconds
[2023-08-13T08:29:12.049+0000] {processor.py:157} INFO - Started process (PID=638) to work on /home/airflow/.local/lib/python3.10/site-packages/airflow/example_dags/tutorial_taskflow_api.py
[2023-08-13T08:29:12.054+0000] {processor.py:826} INFO - Processing file /home/airflow/.local/lib/python3.10/site-packages/airflow/example_dags/tutorial_taskflow_api.py for tasks to queue
[2023-08-13T08:29:12.054+0000] {logging_mixin.py:149} INFO - [2023-08-13T08:29:12.054+0000] {dagbag.py:541} INFO - Filling up the DagBag from /home/airflow/.local/lib/python3.10/site-packages/airflow/example_dags/tutorial_taskflow_api.py
[2023-08-13T08:29:12.056+0000] {processor.py:836} INFO - DAG(s) dict_keys(['tutorial_taskflow_api']) retrieved from /home/airflow/.local/lib/python3.10/site-packages/airflow/example_dags/tutorial_taskflow_api.py
[2023-08-13T08:29:12.067+0000] {logging_mixin.py:149} INFO - [2023-08-13T08:29:12.067+0000] {dag.py:2726} INFO - Sync 1 DAGs
[2023-08-13T08:29:12.076+0000] {logging_mixin.py:149} INFO - [2023-08-13T08:29:12.076+0000] {dag.py:3486} INFO - Setting next_dagrun for tutorial_taskflow_api to None, run_after=None
[2023-08-13T08:29:12.084+0000] {processor.py:179} INFO - Processing /home/airflow/.local/lib/python3.10/site-packages/airflow/example_dags/tutorial_taskflow_api.py took 0.037 seconds
[2023-08-13T08:29:42.450+0000] {processor.py:157} INFO - Started process (PID=715) to work on /home/airflow/.local/lib/python3.10/site-packages/airflow/example_dags/tutorial_taskflow_api.py
[2023-08-13T08:29:42.450+0000] {processor.py:826} INFO - Processing file /home/airflow/.local/lib/python3.10/site-packages/airflow/example_dags/tutorial_taskflow_api.py for tasks to queue
[2023-08-13T08:29:42.450+0000] {logging_mixin.py:149} INFO - [2023-08-13T08:29:42.450+0000] {dagbag.py:541} INFO - Filling up the DagBag from /home/airflow/.local/lib/python3.10/site-packages/airflow/example_dags/tutorial_taskflow_api.py
[2023-08-13T08:29:42.453+0000] {processor.py:836} INFO - DAG(s) dict_keys(['tutorial_taskflow_api']) retrieved from /home/airflow/.local/lib/python3.10/site-packages/airflow/example_dags/tutorial_taskflow_api.py
[2023-08-13T08:29:42.463+0000] {logging_mixin.py:149} INFO - [2023-08-13T08:29:42.463+0000] {dag.py:2726} INFO - Sync 1 DAGs
[2023-08-13T08:29:42.472+0000] {logging_mixin.py:149} INFO - [2023-08-13T08:29:42.472+0000] {dag.py:3486} INFO - Setting next_dagrun for tutorial_taskflow_api to None, run_after=None
[2023-08-13T08:29:42.479+0000] {processor.py:179} INFO - Processing /home/airflow/.local/lib/python3.10/site-packages/airflow/example_dags/tutorial_taskflow_api.py took 0.031 seconds
[2023-08-13T08:30:12.848+0000] {processor.py:157} INFO - Started process (PID=792) to work on /home/airflow/.local/lib/python3.10/site-packages/airflow/example_dags/tutorial_taskflow_api.py
[2023-08-13T08:30:12.848+0000] {processor.py:826} INFO - Processing file /home/airflow/.local/lib/python3.10/site-packages/airflow/example_dags/tutorial_taskflow_api.py for tasks to queue
[2023-08-13T08:30:12.848+0000] {logging_mixin.py:149} INFO - [2023-08-13T08:30:12.848+0000] {dagbag.py:541} INFO - Filling up the DagBag from /home/airflow/.local/lib/python3.10/site-packages/airflow/example_dags/tutorial_taskflow_api.py
[2023-08-13T08:30:12.851+0000] {processor.py:836} INFO - DAG(s) dict_keys(['tutorial_taskflow_api']) retrieved from /home/airflow/.local/lib/python3.10/site-packages/airflow/example_dags/tutorial_taskflow_api.py
[2023-08-13T08:30:12.861+0000] {logging_mixin.py:149} INFO - [2023-08-13T08:30:12.861+0000] {dag.py:2726} INFO - Sync 1 DAGs
[2023-08-13T08:30:12.871+0000] {logging_mixin.py:149} INFO - [2023-08-13T08:30:12.871+0000] {dag.py:3486} INFO - Setting next_dagrun for tutorial_taskflow_api to None, run_after=None
[2023-08-13T08:30:12.879+0000] {processor.py:179} INFO - Processing /home/airflow/.local/lib/python3.10/site-packages/airflow/example_dags/tutorial_taskflow_api.py took 0.033 seconds
[2023-08-13T08:30:43.230+0000] {processor.py:157} INFO - Started process (PID=869) to work on /home/airflow/.local/lib/python3.10/site-packages/airflow/example_dags/tutorial_taskflow_api.py
[2023-08-13T08:30:43.234+0000] {processor.py:826} INFO - Processing file /home/airflow/.local/lib/python3.10/site-packages/airflow/example_dags/tutorial_taskflow_api.py for tasks to queue
[2023-08-13T08:30:43.234+0000] {logging_mixin.py:149} INFO - [2023-08-13T08:30:43.234+0000] {dagbag.py:541} INFO - Filling up the DagBag from /home/airflow/.local/lib/python3.10/site-packages/airflow/example_dags/tutorial_taskflow_api.py
[2023-08-13T08:30:43.237+0000] {processor.py:836} INFO - DAG(s) dict_keys(['tutorial_taskflow_api']) retrieved from /home/airflow/.local/lib/python3.10/site-packages/airflow/example_dags/tutorial_taskflow_api.py
[2023-08-13T08:30:43.251+0000] {logging_mixin.py:149} INFO - [2023-08-13T08:30:43.250+0000] {dag.py:2726} INFO - Sync 1 DAGs
[2023-08-13T08:30:43.260+0000] {logging_mixin.py:149} INFO - [2023-08-13T08:30:43.260+0000] {dag.py:3486} INFO - Setting next_dagrun for tutorial_taskflow_api to None, run_after=None
[2023-08-13T08:30:43.268+0000] {processor.py:179} INFO - Processing /home/airflow/.local/lib/python3.10/site-packages/airflow/example_dags/tutorial_taskflow_api.py took 0.040 seconds
[2023-08-13T08:31:13.620+0000] {processor.py:157} INFO - Started process (PID=946) to work on /home/airflow/.local/lib/python3.10/site-packages/airflow/example_dags/tutorial_taskflow_api.py
[2023-08-13T08:31:13.620+0000] {processor.py:826} INFO - Processing file /home/airflow/.local/lib/python3.10/site-packages/airflow/example_dags/tutorial_taskflow_api.py for tasks to queue
[2023-08-13T08:31:13.620+0000] {logging_mixin.py:149} INFO - [2023-08-13T08:31:13.620+0000] {dagbag.py:541} INFO - Filling up the DagBag from /home/airflow/.local/lib/python3.10/site-packages/airflow/example_dags/tutorial_taskflow_api.py
[2023-08-13T08:31:13.623+0000] {processor.py:836} INFO - DAG(s) dict_keys(['tutorial_taskflow_api']) retrieved from /home/airflow/.local/lib/python3.10/site-packages/airflow/example_dags/tutorial_taskflow_api.py
[2023-08-13T08:31:13.633+0000] {logging_mixin.py:149} INFO - [2023-08-13T08:31:13.633+0000] {dag.py:2726} INFO - Sync 1 DAGs
[2023-08-13T08:31:13.643+0000] {logging_mixin.py:149} INFO - [2023-08-13T08:31:13.643+0000] {dag.py:3486} INFO - Setting next_dagrun for tutorial_taskflow_api to None, run_after=None
[2023-08-13T08:31:13.650+0000] {processor.py:179} INFO - Processing /home/airflow/.local/lib/python3.10/site-packages/airflow/example_dags/tutorial_taskflow_api.py took 0.032 seconds
[2023-08-13T08:31:44.042+0000] {processor.py:157} INFO - Started process (PID=1023) to work on /home/airflow/.local/lib/python3.10/site-packages/airflow/example_dags/tutorial_taskflow_api.py
[2023-08-13T08:31:44.047+0000] {processor.py:826} INFO - Processing file /home/airflow/.local/lib/python3.10/site-packages/airflow/example_dags/tutorial_taskflow_api.py for tasks to queue
[2023-08-13T08:31:44.048+0000] {logging_mixin.py:149} INFO - [2023-08-13T08:31:44.048+0000] {dagbag.py:541} INFO - Filling up the DagBag from /home/airflow/.local/lib/python3.10/site-packages/airflow/example_dags/tutorial_taskflow_api.py
[2023-08-13T08:31:44.050+0000] {processor.py:836} INFO - DAG(s) dict_keys(['tutorial_taskflow_api']) retrieved from /home/airflow/.local/lib/python3.10/site-packages/airflow/example_dags/tutorial_taskflow_api.py
[2023-08-13T08:31:44.061+0000] {logging_mixin.py:149} INFO - [2023-08-13T08:31:44.061+0000] {dag.py:2726} INFO - Sync 1 DAGs
[2023-08-13T08:31:44.070+0000] {logging_mixin.py:149} INFO - [2023-08-13T08:31:44.070+0000] {dag.py:3486} INFO - Setting next_dagrun for tutorial_taskflow_api to None, run_after=None
[2023-08-13T08:31:44.078+0000] {processor.py:179} INFO - Processing /home/airflow/.local/lib/python3.10/site-packages/airflow/example_dags/tutorial_taskflow_api.py took 0.037 seconds
[2023-08-13T08:32:14.514+0000] {processor.py:157} INFO - Started process (PID=1100) to work on /home/airflow/.local/lib/python3.10/site-packages/airflow/example_dags/tutorial_taskflow_api.py
[2023-08-13T08:32:14.514+0000] {processor.py:826} INFO - Processing file /home/airflow/.local/lib/python3.10/site-packages/airflow/example_dags/tutorial_taskflow_api.py for tasks to queue
[2023-08-13T08:32:14.514+0000] {logging_mixin.py:149} INFO - [2023-08-13T08:32:14.514+0000] {dagbag.py:541} INFO - Filling up the DagBag from /home/airflow/.local/lib/python3.10/site-packages/airflow/example_dags/tutorial_taskflow_api.py
[2023-08-13T08:32:14.517+0000] {processor.py:836} INFO - DAG(s) dict_keys(['tutorial_taskflow_api']) retrieved from /home/airflow/.local/lib/python3.10/site-packages/airflow/example_dags/tutorial_taskflow_api.py
[2023-08-13T08:32:14.528+0000] {logging_mixin.py:149} INFO - [2023-08-13T08:32:14.527+0000] {dag.py:2726} INFO - Sync 1 DAGs
[2023-08-13T08:32:14.537+0000] {logging_mixin.py:149} INFO - [2023-08-13T08:32:14.537+0000] {dag.py:3486} INFO - Setting next_dagrun for tutorial_taskflow_api to None, run_after=None
[2023-08-13T08:32:14.545+0000] {processor.py:179} INFO - Processing /home/airflow/.local/lib/python3.10/site-packages/airflow/example_dags/tutorial_taskflow_api.py took 0.033 seconds
[2023-08-13T08:32:44.821+0000] {processor.py:157} INFO - Started process (PID=1177) to work on /home/airflow/.local/lib/python3.10/site-packages/airflow/example_dags/tutorial_taskflow_api.py
[2023-08-13T08:32:44.825+0000] {processor.py:826} INFO - Processing file /home/airflow/.local/lib/python3.10/site-packages/airflow/example_dags/tutorial_taskflow_api.py for tasks to queue
[2023-08-13T08:32:44.826+0000] {logging_mixin.py:149} INFO - [2023-08-13T08:32:44.826+0000] {dagbag.py:541} INFO - Filling up the DagBag from /home/airflow/.local/lib/python3.10/site-packages/airflow/example_dags/tutorial_taskflow_api.py
[2023-08-13T08:32:44.833+0000] {processor.py:836} INFO - DAG(s) dict_keys(['tutorial_taskflow_api']) retrieved from /home/airflow/.local/lib/python3.10/site-packages/airflow/example_dags/tutorial_taskflow_api.py
[2023-08-13T08:32:44.845+0000] {logging_mixin.py:149} INFO - [2023-08-13T08:32:44.845+0000] {dag.py:2726} INFO - Sync 1 DAGs
[2023-08-13T08:32:44.855+0000] {logging_mixin.py:149} INFO - [2023-08-13T08:32:44.855+0000] {dag.py:3486} INFO - Setting next_dagrun for tutorial_taskflow_api to None, run_after=None
[2023-08-13T08:32:44.862+0000] {processor.py:179} INFO - Processing /home/airflow/.local/lib/python3.10/site-packages/airflow/example_dags/tutorial_taskflow_api.py took 0.043 seconds
[2023-08-13T08:33:15.112+0000] {processor.py:157} INFO - Started process (PID=1254) to work on /home/airflow/.local/lib/python3.10/site-packages/airflow/example_dags/tutorial_taskflow_api.py
[2023-08-13T08:33:15.112+0000] {processor.py:826} INFO - Processing file /home/airflow/.local/lib/python3.10/site-packages/airflow/example_dags/tutorial_taskflow_api.py for tasks to queue
[2023-08-13T08:33:15.113+0000] {logging_mixin.py:149} INFO - [2023-08-13T08:33:15.112+0000] {dagbag.py:541} INFO - Filling up the DagBag from /home/airflow/.local/lib/python3.10/site-packages/airflow/example_dags/tutorial_taskflow_api.py
[2023-08-13T08:33:15.115+0000] {processor.py:836} INFO - DAG(s) dict_keys(['tutorial_taskflow_api']) retrieved from /home/airflow/.local/lib/python3.10/site-packages/airflow/example_dags/tutorial_taskflow_api.py
[2023-08-13T08:33:15.126+0000] {logging_mixin.py:149} INFO - [2023-08-13T08:33:15.126+0000] {dag.py:2726} INFO - Sync 1 DAGs
[2023-08-13T08:33:15.135+0000] {logging_mixin.py:149} INFO - [2023-08-13T08:33:15.135+0000] {dag.py:3486} INFO - Setting next_dagrun for tutorial_taskflow_api to None, run_after=None
[2023-08-13T08:33:15.142+0000] {processor.py:179} INFO - Processing /home/airflow/.local/lib/python3.10/site-packages/airflow/example_dags/tutorial_taskflow_api.py took 0.031 seconds
[2023-08-13T08:33:45.385+0000] {processor.py:157} INFO - Started process (PID=1331) to work on /home/airflow/.local/lib/python3.10/site-packages/airflow/example_dags/tutorial_taskflow_api.py
[2023-08-13T08:33:45.385+0000] {processor.py:826} INFO - Processing file /home/airflow/.local/lib/python3.10/site-packages/airflow/example_dags/tutorial_taskflow_api.py for tasks to queue
[2023-08-13T08:33:45.386+0000] {logging_mixin.py:149} INFO - [2023-08-13T08:33:45.385+0000] {dagbag.py:541} INFO - Filling up the DagBag from /home/airflow/.local/lib/python3.10/site-packages/airflow/example_dags/tutorial_taskflow_api.py
[2023-08-13T08:33:45.388+0000] {processor.py:836} INFO - DAG(s) dict_keys(['tutorial_taskflow_api']) retrieved from /home/airflow/.local/lib/python3.10/site-packages/airflow/example_dags/tutorial_taskflow_api.py
[2023-08-13T08:33:45.399+0000] {logging_mixin.py:149} INFO - [2023-08-13T08:33:45.399+0000] {dag.py:2726} INFO - Sync 1 DAGs
[2023-08-13T08:33:45.409+0000] {logging_mixin.py:149} INFO - [2023-08-13T08:33:45.409+0000] {dag.py:3486} INFO - Setting next_dagrun for tutorial_taskflow_api to None, run_after=None
[2023-08-13T08:33:45.416+0000] {processor.py:179} INFO - Processing /home/airflow/.local/lib/python3.10/site-packages/airflow/example_dags/tutorial_taskflow_api.py took 0.032 seconds
[2023-08-13T08:34:15.708+0000] {processor.py:157} INFO - Started process (PID=1408) to work on /home/airflow/.local/lib/python3.10/site-packages/airflow/example_dags/tutorial_taskflow_api.py
[2023-08-13T08:34:15.713+0000] {processor.py:826} INFO - Processing file /home/airflow/.local/lib/python3.10/site-packages/airflow/example_dags/tutorial_taskflow_api.py for tasks to queue
[2023-08-13T08:34:15.713+0000] {logging_mixin.py:149} INFO - [2023-08-13T08:34:15.713+0000] {dagbag.py:541} INFO - Filling up the DagBag from /home/airflow/.local/lib/python3.10/site-packages/airflow/example_dags/tutorial_taskflow_api.py
[2023-08-13T08:34:15.716+0000] {processor.py:836} INFO - DAG(s) dict_keys(['tutorial_taskflow_api']) retrieved from /home/airflow/.local/lib/python3.10/site-packages/airflow/example_dags/tutorial_taskflow_api.py
[2023-08-13T08:34:15.727+0000] {logging_mixin.py:149} INFO - [2023-08-13T08:34:15.727+0000] {dag.py:2726} INFO - Sync 1 DAGs
[2023-08-13T08:34:15.736+0000] {logging_mixin.py:149} INFO - [2023-08-13T08:34:15.736+0000] {dag.py:3486} INFO - Setting next_dagrun for tutorial_taskflow_api to None, run_after=None
[2023-08-13T08:34:15.743+0000] {processor.py:179} INFO - Processing /home/airflow/.local/lib/python3.10/site-packages/airflow/example_dags/tutorial_taskflow_api.py took 0.036 seconds
[2023-08-13T08:34:46.129+0000] {processor.py:157} INFO - Started process (PID=1485) to work on /home/airflow/.local/lib/python3.10/site-packages/airflow/example_dags/tutorial_taskflow_api.py
[2023-08-13T08:34:46.133+0000] {processor.py:826} INFO - Processing file /home/airflow/.local/lib/python3.10/site-packages/airflow/example_dags/tutorial_taskflow_api.py for tasks to queue
[2023-08-13T08:34:46.133+0000] {logging_mixin.py:149} INFO - [2023-08-13T08:34:46.133+0000] {dagbag.py:541} INFO - Filling up the DagBag from /home/airflow/.local/lib/python3.10/site-packages/airflow/example_dags/tutorial_taskflow_api.py
[2023-08-13T08:34:46.136+0000] {processor.py:836} INFO - DAG(s) dict_keys(['tutorial_taskflow_api']) retrieved from /home/airflow/.local/lib/python3.10/site-packages/airflow/example_dags/tutorial_taskflow_api.py
[2023-08-13T08:34:46.147+0000] {logging_mixin.py:149} INFO - [2023-08-13T08:34:46.147+0000] {dag.py:2726} INFO - Sync 1 DAGs
[2023-08-13T08:34:46.156+0000] {logging_mixin.py:149} INFO - [2023-08-13T08:34:46.156+0000] {dag.py:3486} INFO - Setting next_dagrun for tutorial_taskflow_api to None, run_after=None
[2023-08-13T08:34:46.163+0000] {processor.py:179} INFO - Processing /home/airflow/.local/lib/python3.10/site-packages/airflow/example_dags/tutorial_taskflow_api.py took 0.036 seconds
[2023-08-13T08:35:16.449+0000] {processor.py:157} INFO - Started process (PID=1561) to work on /home/airflow/.local/lib/python3.10/site-packages/airflow/example_dags/tutorial_taskflow_api.py
[2023-08-13T08:35:16.455+0000] {processor.py:826} INFO - Processing file /home/airflow/.local/lib/python3.10/site-packages/airflow/example_dags/tutorial_taskflow_api.py for tasks to queue
[2023-08-13T08:35:16.455+0000] {logging_mixin.py:149} INFO - [2023-08-13T08:35:16.455+0000] {dagbag.py:541} INFO - Filling up the DagBag from /home/airflow/.local/lib/python3.10/site-packages/airflow/example_dags/tutorial_taskflow_api.py
[2023-08-13T08:35:16.457+0000] {processor.py:836} INFO - DAG(s) dict_keys(['tutorial_taskflow_api']) retrieved from /home/airflow/.local/lib/python3.10/site-packages/airflow/example_dags/tutorial_taskflow_api.py
[2023-08-13T08:35:16.468+0000] {logging_mixin.py:149} INFO - [2023-08-13T08:35:16.468+0000] {dag.py:2726} INFO - Sync 1 DAGs
[2023-08-13T08:35:16.477+0000] {logging_mixin.py:149} INFO - [2023-08-13T08:35:16.477+0000] {dag.py:3486} INFO - Setting next_dagrun for tutorial_taskflow_api to None, run_after=None
[2023-08-13T08:35:16.485+0000] {processor.py:179} INFO - Processing /home/airflow/.local/lib/python3.10/site-packages/airflow/example_dags/tutorial_taskflow_api.py took 0.037 seconds
[2023-08-13T08:35:46.834+0000] {processor.py:157} INFO - Started process (PID=1638) to work on /home/airflow/.local/lib/python3.10/site-packages/airflow/example_dags/tutorial_taskflow_api.py
[2023-08-13T08:35:46.839+0000] {processor.py:826} INFO - Processing file /home/airflow/.local/lib/python3.10/site-packages/airflow/example_dags/tutorial_taskflow_api.py for tasks to queue
[2023-08-13T08:35:46.839+0000] {logging_mixin.py:149} INFO - [2023-08-13T08:35:46.839+0000] {dagbag.py:541} INFO - Filling up the DagBag from /home/airflow/.local/lib/python3.10/site-packages/airflow/example_dags/tutorial_taskflow_api.py
[2023-08-13T08:35:46.842+0000] {processor.py:836} INFO - DAG(s) dict_keys(['tutorial_taskflow_api']) retrieved from /home/airflow/.local/lib/python3.10/site-packages/airflow/example_dags/tutorial_taskflow_api.py
[2023-08-13T08:35:46.852+0000] {logging_mixin.py:149} INFO - [2023-08-13T08:35:46.852+0000] {dag.py:2726} INFO - Sync 1 DAGs
[2023-08-13T08:35:46.862+0000] {logging_mixin.py:149} INFO - [2023-08-13T08:35:46.862+0000] {dag.py:3486} INFO - Setting next_dagrun for tutorial_taskflow_api to None, run_after=None
[2023-08-13T08:35:46.869+0000] {processor.py:179} INFO - Processing /home/airflow/.local/lib/python3.10/site-packages/airflow/example_dags/tutorial_taskflow_api.py took 0.037 seconds
[2023-08-13T08:36:17.180+0000] {processor.py:157} INFO - Started process (PID=1715) to work on /home/airflow/.local/lib/python3.10/site-packages/airflow/example_dags/tutorial_taskflow_api.py
[2023-08-13T08:36:17.185+0000] {processor.py:826} INFO - Processing file /home/airflow/.local/lib/python3.10/site-packages/airflow/example_dags/tutorial_taskflow_api.py for tasks to queue
[2023-08-13T08:36:17.186+0000] {logging_mixin.py:149} INFO - [2023-08-13T08:36:17.185+0000] {dagbag.py:541} INFO - Filling up the DagBag from /home/airflow/.local/lib/python3.10/site-packages/airflow/example_dags/tutorial_taskflow_api.py
[2023-08-13T08:36:17.188+0000] {processor.py:836} INFO - DAG(s) dict_keys(['tutorial_taskflow_api']) retrieved from /home/airflow/.local/lib/python3.10/site-packages/airflow/example_dags/tutorial_taskflow_api.py
[2023-08-13T08:36:17.198+0000] {logging_mixin.py:149} INFO - [2023-08-13T08:36:17.198+0000] {dag.py:2726} INFO - Sync 1 DAGs
[2023-08-13T08:36:17.208+0000] {logging_mixin.py:149} INFO - [2023-08-13T08:36:17.208+0000] {dag.py:3486} INFO - Setting next_dagrun for tutorial_taskflow_api to None, run_after=None
[2023-08-13T08:36:17.215+0000] {processor.py:179} INFO - Processing /home/airflow/.local/lib/python3.10/site-packages/airflow/example_dags/tutorial_taskflow_api.py took 0.036 seconds
[2023-08-13T08:36:47.567+0000] {processor.py:157} INFO - Started process (PID=1793) to work on /home/airflow/.local/lib/python3.10/site-packages/airflow/example_dags/tutorial_taskflow_api.py
[2023-08-13T08:36:47.573+0000] {processor.py:826} INFO - Processing file /home/airflow/.local/lib/python3.10/site-packages/airflow/example_dags/tutorial_taskflow_api.py for tasks to queue
[2023-08-13T08:36:47.573+0000] {logging_mixin.py:149} INFO - [2023-08-13T08:36:47.573+0000] {dagbag.py:541} INFO - Filling up the DagBag from /home/airflow/.local/lib/python3.10/site-packages/airflow/example_dags/tutorial_taskflow_api.py
[2023-08-13T08:36:47.575+0000] {processor.py:836} INFO - DAG(s) dict_keys(['tutorial_taskflow_api']) retrieved from /home/airflow/.local/lib/python3.10/site-packages/airflow/example_dags/tutorial_taskflow_api.py
[2023-08-13T08:36:47.587+0000] {logging_mixin.py:149} INFO - [2023-08-13T08:36:47.586+0000] {dag.py:2726} INFO - Sync 1 DAGs
[2023-08-13T08:36:47.596+0000] {logging_mixin.py:149} INFO - [2023-08-13T08:36:47.596+0000] {dag.py:3486} INFO - Setting next_dagrun for tutorial_taskflow_api to None, run_after=None
[2023-08-13T08:36:47.603+0000] {processor.py:179} INFO - Processing /home/airflow/.local/lib/python3.10/site-packages/airflow/example_dags/tutorial_taskflow_api.py took 0.037 seconds
[2023-08-13T08:37:17.809+0000] {processor.py:157} INFO - Started process (PID=1870) to work on /home/airflow/.local/lib/python3.10/site-packages/airflow/example_dags/tutorial_taskflow_api.py
[2023-08-13T08:37:17.810+0000] {processor.py:826} INFO - Processing file /home/airflow/.local/lib/python3.10/site-packages/airflow/example_dags/tutorial_taskflow_api.py for tasks to queue
[2023-08-13T08:37:17.810+0000] {logging_mixin.py:149} INFO - [2023-08-13T08:37:17.810+0000] {dagbag.py:541} INFO - Filling up the DagBag from /home/airflow/.local/lib/python3.10/site-packages/airflow/example_dags/tutorial_taskflow_api.py
[2023-08-13T08:37:17.812+0000] {processor.py:836} INFO - DAG(s) dict_keys(['tutorial_taskflow_api']) retrieved from /home/airflow/.local/lib/python3.10/site-packages/airflow/example_dags/tutorial_taskflow_api.py
[2023-08-13T08:37:17.823+0000] {logging_mixin.py:149} INFO - [2023-08-13T08:37:17.823+0000] {dag.py:2726} INFO - Sync 1 DAGs
[2023-08-13T08:37:17.833+0000] {logging_mixin.py:149} INFO - [2023-08-13T08:37:17.833+0000] {dag.py:3486} INFO - Setting next_dagrun for tutorial_taskflow_api to None, run_after=None
[2023-08-13T08:37:17.840+0000] {processor.py:179} INFO - Processing /home/airflow/.local/lib/python3.10/site-packages/airflow/example_dags/tutorial_taskflow_api.py took 0.032 seconds
[2023-08-13T08:37:48.186+0000] {processor.py:157} INFO - Started process (PID=1948) to work on /home/airflow/.local/lib/python3.10/site-packages/airflow/example_dags/tutorial_taskflow_api.py
[2023-08-13T08:37:48.186+0000] {processor.py:826} INFO - Processing file /home/airflow/.local/lib/python3.10/site-packages/airflow/example_dags/tutorial_taskflow_api.py for tasks to queue
[2023-08-13T08:37:48.186+0000] {logging_mixin.py:149} INFO - [2023-08-13T08:37:48.186+0000] {dagbag.py:541} INFO - Filling up the DagBag from /home/airflow/.local/lib/python3.10/site-packages/airflow/example_dags/tutorial_taskflow_api.py
[2023-08-13T08:37:48.189+0000] {processor.py:836} INFO - DAG(s) dict_keys(['tutorial_taskflow_api']) retrieved from /home/airflow/.local/lib/python3.10/site-packages/airflow/example_dags/tutorial_taskflow_api.py
[2023-08-13T08:37:48.199+0000] {logging_mixin.py:149} INFO - [2023-08-13T08:37:48.199+0000] {dag.py:2726} INFO - Sync 1 DAGs
[2023-08-13T08:37:48.208+0000] {logging_mixin.py:149} INFO - [2023-08-13T08:37:48.208+0000] {dag.py:3486} INFO - Setting next_dagrun for tutorial_taskflow_api to None, run_after=None
[2023-08-13T08:37:48.215+0000] {processor.py:179} INFO - Processing /home/airflow/.local/lib/python3.10/site-packages/airflow/example_dags/tutorial_taskflow_api.py took 0.031 seconds
[2023-08-13T08:38:18.611+0000] {processor.py:157} INFO - Started process (PID=2025) to work on /home/airflow/.local/lib/python3.10/site-packages/airflow/example_dags/tutorial_taskflow_api.py
[2023-08-13T08:38:18.616+0000] {processor.py:826} INFO - Processing file /home/airflow/.local/lib/python3.10/site-packages/airflow/example_dags/tutorial_taskflow_api.py for tasks to queue
[2023-08-13T08:38:18.617+0000] {logging_mixin.py:149} INFO - [2023-08-13T08:38:18.617+0000] {dagbag.py:541} INFO - Filling up the DagBag from /home/airflow/.local/lib/python3.10/site-packages/airflow/example_dags/tutorial_taskflow_api.py
[2023-08-13T08:38:18.619+0000] {processor.py:836} INFO - DAG(s) dict_keys(['tutorial_taskflow_api']) retrieved from /home/airflow/.local/lib/python3.10/site-packages/airflow/example_dags/tutorial_taskflow_api.py
[2023-08-13T08:38:18.631+0000] {logging_mixin.py:149} INFO - [2023-08-13T08:38:18.631+0000] {dag.py:2726} INFO - Sync 1 DAGs
[2023-08-13T08:38:18.640+0000] {logging_mixin.py:149} INFO - [2023-08-13T08:38:18.640+0000] {dag.py:3486} INFO - Setting next_dagrun for tutorial_taskflow_api to None, run_after=None
[2023-08-13T08:38:18.647+0000] {processor.py:179} INFO - Processing /home/airflow/.local/lib/python3.10/site-packages/airflow/example_dags/tutorial_taskflow_api.py took 0.037 seconds
[2023-08-13T08:38:48.930+0000] {processor.py:157} INFO - Started process (PID=2102) to work on /home/airflow/.local/lib/python3.10/site-packages/airflow/example_dags/tutorial_taskflow_api.py
[2023-08-13T08:38:48.930+0000] {processor.py:826} INFO - Processing file /home/airflow/.local/lib/python3.10/site-packages/airflow/example_dags/tutorial_taskflow_api.py for tasks to queue
[2023-08-13T08:38:48.930+0000] {logging_mixin.py:149} INFO - [2023-08-13T08:38:48.930+0000] {dagbag.py:541} INFO - Filling up the DagBag from /home/airflow/.local/lib/python3.10/site-packages/airflow/example_dags/tutorial_taskflow_api.py
[2023-08-13T08:38:48.933+0000] {processor.py:836} INFO - DAG(s) dict_keys(['tutorial_taskflow_api']) retrieved from /home/airflow/.local/lib/python3.10/site-packages/airflow/example_dags/tutorial_taskflow_api.py
[2023-08-13T08:38:48.944+0000] {logging_mixin.py:149} INFO - [2023-08-13T08:38:48.944+0000] {dag.py:2726} INFO - Sync 1 DAGs
[2023-08-13T08:38:48.954+0000] {logging_mixin.py:149} INFO - [2023-08-13T08:38:48.954+0000] {dag.py:3486} INFO - Setting next_dagrun for tutorial_taskflow_api to None, run_after=None
[2023-08-13T08:38:48.961+0000] {processor.py:179} INFO - Processing /home/airflow/.local/lib/python3.10/site-packages/airflow/example_dags/tutorial_taskflow_api.py took 0.033 seconds
[2023-08-13T08:39:19.520+0000] {processor.py:157} INFO - Started process (PID=2179) to work on /home/airflow/.local/lib/python3.10/site-packages/airflow/example_dags/tutorial_taskflow_api.py
[2023-08-13T08:39:19.525+0000] {processor.py:826} INFO - Processing file /home/airflow/.local/lib/python3.10/site-packages/airflow/example_dags/tutorial_taskflow_api.py for tasks to queue
[2023-08-13T08:39:19.525+0000] {logging_mixin.py:149} INFO - [2023-08-13T08:39:19.525+0000] {dagbag.py:541} INFO - Filling up the DagBag from /home/airflow/.local/lib/python3.10/site-packages/airflow/example_dags/tutorial_taskflow_api.py
[2023-08-13T08:39:19.528+0000] {processor.py:836} INFO - DAG(s) dict_keys(['tutorial_taskflow_api']) retrieved from /home/airflow/.local/lib/python3.10/site-packages/airflow/example_dags/tutorial_taskflow_api.py
[2023-08-13T08:39:19.539+0000] {logging_mixin.py:149} INFO - [2023-08-13T08:39:19.539+0000] {dag.py:2726} INFO - Sync 1 DAGs
[2023-08-13T08:39:19.549+0000] {logging_mixin.py:149} INFO - [2023-08-13T08:39:19.549+0000] {dag.py:3486} INFO - Setting next_dagrun for tutorial_taskflow_api to None, run_after=None
[2023-08-13T08:39:19.556+0000] {processor.py:179} INFO - Processing /home/airflow/.local/lib/python3.10/site-packages/airflow/example_dags/tutorial_taskflow_api.py took 0.038 seconds
[2023-08-13T08:39:49.961+0000] {processor.py:157} INFO - Started process (PID=2256) to work on /home/airflow/.local/lib/python3.10/site-packages/airflow/example_dags/tutorial_taskflow_api.py
[2023-08-13T08:39:49.965+0000] {processor.py:826} INFO - Processing file /home/airflow/.local/lib/python3.10/site-packages/airflow/example_dags/tutorial_taskflow_api.py for tasks to queue
[2023-08-13T08:39:49.966+0000] {logging_mixin.py:149} INFO - [2023-08-13T08:39:49.965+0000] {dagbag.py:541} INFO - Filling up the DagBag from /home/airflow/.local/lib/python3.10/site-packages/airflow/example_dags/tutorial_taskflow_api.py
[2023-08-13T08:39:49.968+0000] {processor.py:836} INFO - DAG(s) dict_keys(['tutorial_taskflow_api']) retrieved from /home/airflow/.local/lib/python3.10/site-packages/airflow/example_dags/tutorial_taskflow_api.py
[2023-08-13T08:39:49.980+0000] {logging_mixin.py:149} INFO - [2023-08-13T08:39:49.980+0000] {dag.py:2726} INFO - Sync 1 DAGs
[2023-08-13T08:39:49.990+0000] {logging_mixin.py:149} INFO - [2023-08-13T08:39:49.990+0000] {dag.py:3486} INFO - Setting next_dagrun for tutorial_taskflow_api to None, run_after=None
[2023-08-13T08:39:49.997+0000] {processor.py:179} INFO - Processing /home/airflow/.local/lib/python3.10/site-packages/airflow/example_dags/tutorial_taskflow_api.py took 0.039 seconds
[2023-08-13T08:40:20.262+0000] {processor.py:157} INFO - Started process (PID=2333) to work on /home/airflow/.local/lib/python3.10/site-packages/airflow/example_dags/tutorial_taskflow_api.py
[2023-08-13T08:40:20.262+0000] {processor.py:826} INFO - Processing file /home/airflow/.local/lib/python3.10/site-packages/airflow/example_dags/tutorial_taskflow_api.py for tasks to queue
[2023-08-13T08:40:20.263+0000] {logging_mixin.py:149} INFO - [2023-08-13T08:40:20.263+0000] {dagbag.py:541} INFO - Filling up the DagBag from /home/airflow/.local/lib/python3.10/site-packages/airflow/example_dags/tutorial_taskflow_api.py
[2023-08-13T08:40:20.265+0000] {processor.py:836} INFO - DAG(s) dict_keys(['tutorial_taskflow_api']) retrieved from /home/airflow/.local/lib/python3.10/site-packages/airflow/example_dags/tutorial_taskflow_api.py
[2023-08-13T08:40:20.275+0000] {logging_mixin.py:149} INFO - [2023-08-13T08:40:20.275+0000] {dag.py:2726} INFO - Sync 1 DAGs
[2023-08-13T08:40:20.285+0000] {logging_mixin.py:149} INFO - [2023-08-13T08:40:20.285+0000] {dag.py:3486} INFO - Setting next_dagrun for tutorial_taskflow_api to None, run_after=None
[2023-08-13T08:40:20.292+0000] {processor.py:179} INFO - Processing /home/airflow/.local/lib/python3.10/site-packages/airflow/example_dags/tutorial_taskflow_api.py took 0.031 seconds
[2023-08-13T08:40:50.652+0000] {processor.py:157} INFO - Started process (PID=2410) to work on /home/airflow/.local/lib/python3.10/site-packages/airflow/example_dags/tutorial_taskflow_api.py
[2023-08-13T08:40:50.657+0000] {processor.py:826} INFO - Processing file /home/airflow/.local/lib/python3.10/site-packages/airflow/example_dags/tutorial_taskflow_api.py for tasks to queue
[2023-08-13T08:40:50.657+0000] {logging_mixin.py:149} INFO - [2023-08-13T08:40:50.657+0000] {dagbag.py:541} INFO - Filling up the DagBag from /home/airflow/.local/lib/python3.10/site-packages/airflow/example_dags/tutorial_taskflow_api.py
[2023-08-13T08:40:50.660+0000] {processor.py:836} INFO - DAG(s) dict_keys(['tutorial_taskflow_api']) retrieved from /home/airflow/.local/lib/python3.10/site-packages/airflow/example_dags/tutorial_taskflow_api.py
[2023-08-13T08:40:50.674+0000] {logging_mixin.py:149} INFO - [2023-08-13T08:40:50.674+0000] {dag.py:2726} INFO - Sync 1 DAGs
[2023-08-13T08:40:50.684+0000] {logging_mixin.py:149} INFO - [2023-08-13T08:40:50.684+0000] {dag.py:3486} INFO - Setting next_dagrun for tutorial_taskflow_api to None, run_after=None
[2023-08-13T08:40:50.691+0000] {processor.py:179} INFO - Processing /home/airflow/.local/lib/python3.10/site-packages/airflow/example_dags/tutorial_taskflow_api.py took 0.041 seconds
[2023-08-13T08:41:21.232+0000] {processor.py:157} INFO - Started process (PID=2487) to work on /home/airflow/.local/lib/python3.10/site-packages/airflow/example_dags/tutorial_taskflow_api.py
[2023-08-13T08:41:21.238+0000] {processor.py:826} INFO - Processing file /home/airflow/.local/lib/python3.10/site-packages/airflow/example_dags/tutorial_taskflow_api.py for tasks to queue
[2023-08-13T08:41:21.238+0000] {logging_mixin.py:149} INFO - [2023-08-13T08:41:21.238+0000] {dagbag.py:541} INFO - Filling up the DagBag from /home/airflow/.local/lib/python3.10/site-packages/airflow/example_dags/tutorial_taskflow_api.py
[2023-08-13T08:41:21.242+0000] {processor.py:836} INFO - DAG(s) dict_keys(['tutorial_taskflow_api']) retrieved from /home/airflow/.local/lib/python3.10/site-packages/airflow/example_dags/tutorial_taskflow_api.py
[2023-08-13T08:41:21.256+0000] {logging_mixin.py:149} INFO - [2023-08-13T08:41:21.256+0000] {dag.py:2726} INFO - Sync 1 DAGs
[2023-08-13T08:41:21.265+0000] {logging_mixin.py:149} INFO - [2023-08-13T08:41:21.265+0000] {dag.py:3486} INFO - Setting next_dagrun for tutorial_taskflow_api to None, run_after=None
[2023-08-13T08:41:21.272+0000] {processor.py:179} INFO - Processing /home/airflow/.local/lib/python3.10/site-packages/airflow/example_dags/tutorial_taskflow_api.py took 0.041 seconds
[2023-08-13T08:41:51.549+0000] {processor.py:157} INFO - Started process (PID=2564) to work on /home/airflow/.local/lib/python3.10/site-packages/airflow/example_dags/tutorial_taskflow_api.py
[2023-08-13T08:41:51.554+0000] {processor.py:826} INFO - Processing file /home/airflow/.local/lib/python3.10/site-packages/airflow/example_dags/tutorial_taskflow_api.py for tasks to queue
[2023-08-13T08:41:51.554+0000] {logging_mixin.py:149} INFO - [2023-08-13T08:41:51.554+0000] {dagbag.py:541} INFO - Filling up the DagBag from /home/airflow/.local/lib/python3.10/site-packages/airflow/example_dags/tutorial_taskflow_api.py
[2023-08-13T08:41:51.557+0000] {processor.py:836} INFO - DAG(s) dict_keys(['tutorial_taskflow_api']) retrieved from /home/airflow/.local/lib/python3.10/site-packages/airflow/example_dags/tutorial_taskflow_api.py
[2023-08-13T08:41:51.571+0000] {logging_mixin.py:149} INFO - [2023-08-13T08:41:51.570+0000] {dag.py:2726} INFO - Sync 1 DAGs
[2023-08-13T08:41:51.580+0000] {logging_mixin.py:149} INFO - [2023-08-13T08:41:51.580+0000] {dag.py:3486} INFO - Setting next_dagrun for tutorial_taskflow_api to None, run_after=None
[2023-08-13T08:41:51.587+0000] {processor.py:179} INFO - Processing /home/airflow/.local/lib/python3.10/site-packages/airflow/example_dags/tutorial_taskflow_api.py took 0.039 seconds
[2023-08-13T08:42:21.958+0000] {processor.py:157} INFO - Started process (PID=2641) to work on /home/airflow/.local/lib/python3.10/site-packages/airflow/example_dags/tutorial_taskflow_api.py
[2023-08-13T08:42:21.959+0000] {processor.py:826} INFO - Processing file /home/airflow/.local/lib/python3.10/site-packages/airflow/example_dags/tutorial_taskflow_api.py for tasks to queue
[2023-08-13T08:42:21.960+0000] {logging_mixin.py:149} INFO - [2023-08-13T08:42:21.960+0000] {dagbag.py:541} INFO - Filling up the DagBag from /home/airflow/.local/lib/python3.10/site-packages/airflow/example_dags/tutorial_taskflow_api.py
[2023-08-13T08:42:21.967+0000] {processor.py:836} INFO - DAG(s) dict_keys(['tutorial_taskflow_api']) retrieved from /home/airflow/.local/lib/python3.10/site-packages/airflow/example_dags/tutorial_taskflow_api.py
[2023-08-13T08:42:21.979+0000] {logging_mixin.py:149} INFO - [2023-08-13T08:42:21.979+0000] {dag.py:2726} INFO - Sync 1 DAGs
[2023-08-13T08:42:21.989+0000] {logging_mixin.py:149} INFO - [2023-08-13T08:42:21.988+0000] {dag.py:3486} INFO - Setting next_dagrun for tutorial_taskflow_api to None, run_after=None
[2023-08-13T08:42:21.995+0000] {processor.py:179} INFO - Processing /home/airflow/.local/lib/python3.10/site-packages/airflow/example_dags/tutorial_taskflow_api.py took 0.043 seconds
[2023-08-13T08:42:52.350+0000] {processor.py:157} INFO - Started process (PID=2718) to work on /home/airflow/.local/lib/python3.10/site-packages/airflow/example_dags/tutorial_taskflow_api.py
[2023-08-13T08:42:52.355+0000] {processor.py:826} INFO - Processing file /home/airflow/.local/lib/python3.10/site-packages/airflow/example_dags/tutorial_taskflow_api.py for tasks to queue
[2023-08-13T08:42:52.356+0000] {logging_mixin.py:149} INFO - [2023-08-13T08:42:52.356+0000] {dagbag.py:541} INFO - Filling up the DagBag from /home/airflow/.local/lib/python3.10/site-packages/airflow/example_dags/tutorial_taskflow_api.py
[2023-08-13T08:42:52.358+0000] {processor.py:836} INFO - DAG(s) dict_keys(['tutorial_taskflow_api']) retrieved from /home/airflow/.local/lib/python3.10/site-packages/airflow/example_dags/tutorial_taskflow_api.py
[2023-08-13T08:42:52.372+0000] {logging_mixin.py:149} INFO - [2023-08-13T08:42:52.372+0000] {dag.py:2726} INFO - Sync 1 DAGs
[2023-08-13T08:42:52.381+0000] {logging_mixin.py:149} INFO - [2023-08-13T08:42:52.381+0000] {dag.py:3486} INFO - Setting next_dagrun for tutorial_taskflow_api to None, run_after=None
[2023-08-13T08:42:52.388+0000] {processor.py:179} INFO - Processing /home/airflow/.local/lib/python3.10/site-packages/airflow/example_dags/tutorial_taskflow_api.py took 0.039 seconds
[2023-08-13T08:43:22.863+0000] {processor.py:157} INFO - Started process (PID=2796) to work on /home/airflow/.local/lib/python3.10/site-packages/airflow/example_dags/tutorial_taskflow_api.py
[2023-08-13T08:43:22.868+0000] {processor.py:826} INFO - Processing file /home/airflow/.local/lib/python3.10/site-packages/airflow/example_dags/tutorial_taskflow_api.py for tasks to queue
[2023-08-13T08:43:22.868+0000] {logging_mixin.py:149} INFO - [2023-08-13T08:43:22.868+0000] {dagbag.py:541} INFO - Filling up the DagBag from /home/airflow/.local/lib/python3.10/site-packages/airflow/example_dags/tutorial_taskflow_api.py
[2023-08-13T08:43:22.871+0000] {processor.py:836} INFO - DAG(s) dict_keys(['tutorial_taskflow_api']) retrieved from /home/airflow/.local/lib/python3.10/site-packages/airflow/example_dags/tutorial_taskflow_api.py
[2023-08-13T08:43:22.882+0000] {logging_mixin.py:149} INFO - [2023-08-13T08:43:22.882+0000] {dag.py:2726} INFO - Sync 1 DAGs
[2023-08-13T08:43:22.891+0000] {logging_mixin.py:149} INFO - [2023-08-13T08:43:22.891+0000] {dag.py:3486} INFO - Setting next_dagrun for tutorial_taskflow_api to None, run_after=None
[2023-08-13T08:43:22.898+0000] {processor.py:179} INFO - Processing /home/airflow/.local/lib/python3.10/site-packages/airflow/example_dags/tutorial_taskflow_api.py took 0.037 seconds
[2023-08-13T08:43:53.289+0000] {processor.py:157} INFO - Started process (PID=2873) to work on /home/airflow/.local/lib/python3.10/site-packages/airflow/example_dags/tutorial_taskflow_api.py
[2023-08-13T08:43:53.295+0000] {processor.py:826} INFO - Processing file /home/airflow/.local/lib/python3.10/site-packages/airflow/example_dags/tutorial_taskflow_api.py for tasks to queue
[2023-08-13T08:43:53.295+0000] {logging_mixin.py:149} INFO - [2023-08-13T08:43:53.295+0000] {dagbag.py:541} INFO - Filling up the DagBag from /home/airflow/.local/lib/python3.10/site-packages/airflow/example_dags/tutorial_taskflow_api.py
[2023-08-13T08:43:53.298+0000] {processor.py:836} INFO - DAG(s) dict_keys(['tutorial_taskflow_api']) retrieved from /home/airflow/.local/lib/python3.10/site-packages/airflow/example_dags/tutorial_taskflow_api.py
[2023-08-13T08:43:53.311+0000] {logging_mixin.py:149} INFO - [2023-08-13T08:43:53.311+0000] {dag.py:2726} INFO - Sync 1 DAGs
[2023-08-13T08:43:53.320+0000] {logging_mixin.py:149} INFO - [2023-08-13T08:43:53.320+0000] {dag.py:3486} INFO - Setting next_dagrun for tutorial_taskflow_api to None, run_after=None
[2023-08-13T08:43:53.327+0000] {processor.py:179} INFO - Processing /home/airflow/.local/lib/python3.10/site-packages/airflow/example_dags/tutorial_taskflow_api.py took 0.040 seconds
[2023-08-13T08:44:23.522+0000] {processor.py:157} INFO - Started process (PID=2950) to work on /home/airflow/.local/lib/python3.10/site-packages/airflow/example_dags/tutorial_taskflow_api.py
[2023-08-13T08:44:23.527+0000] {processor.py:826} INFO - Processing file /home/airflow/.local/lib/python3.10/site-packages/airflow/example_dags/tutorial_taskflow_api.py for tasks to queue
[2023-08-13T08:44:23.527+0000] {logging_mixin.py:149} INFO - [2023-08-13T08:44:23.527+0000] {dagbag.py:541} INFO - Filling up the DagBag from /home/airflow/.local/lib/python3.10/site-packages/airflow/example_dags/tutorial_taskflow_api.py
[2023-08-13T08:44:23.529+0000] {processor.py:836} INFO - DAG(s) dict_keys(['tutorial_taskflow_api']) retrieved from /home/airflow/.local/lib/python3.10/site-packages/airflow/example_dags/tutorial_taskflow_api.py
[2023-08-13T08:44:23.541+0000] {logging_mixin.py:149} INFO - [2023-08-13T08:44:23.540+0000] {dag.py:2726} INFO - Sync 1 DAGs
[2023-08-13T08:44:23.551+0000] {logging_mixin.py:149} INFO - [2023-08-13T08:44:23.551+0000] {dag.py:3486} INFO - Setting next_dagrun for tutorial_taskflow_api to None, run_after=None
[2023-08-13T08:44:23.565+0000] {processor.py:179} INFO - Processing /home/airflow/.local/lib/python3.10/site-packages/airflow/example_dags/tutorial_taskflow_api.py took 0.044 seconds
[2023-08-13T08:44:53.922+0000] {processor.py:157} INFO - Started process (PID=3027) to work on /home/airflow/.local/lib/python3.10/site-packages/airflow/example_dags/tutorial_taskflow_api.py
[2023-08-13T08:44:53.922+0000] {processor.py:826} INFO - Processing file /home/airflow/.local/lib/python3.10/site-packages/airflow/example_dags/tutorial_taskflow_api.py for tasks to queue
[2023-08-13T08:44:53.922+0000] {logging_mixin.py:149} INFO - [2023-08-13T08:44:53.922+0000] {dagbag.py:541} INFO - Filling up the DagBag from /home/airflow/.local/lib/python3.10/site-packages/airflow/example_dags/tutorial_taskflow_api.py
[2023-08-13T08:44:53.925+0000] {processor.py:836} INFO - DAG(s) dict_keys(['tutorial_taskflow_api']) retrieved from /home/airflow/.local/lib/python3.10/site-packages/airflow/example_dags/tutorial_taskflow_api.py
[2023-08-13T08:44:53.935+0000] {logging_mixin.py:149} INFO - [2023-08-13T08:44:53.935+0000] {dag.py:2726} INFO - Sync 1 DAGs
[2023-08-13T08:44:53.944+0000] {logging_mixin.py:149} INFO - [2023-08-13T08:44:53.944+0000] {dag.py:3486} INFO - Setting next_dagrun for tutorial_taskflow_api to None, run_after=None
[2023-08-13T08:44:53.952+0000] {processor.py:179} INFO - Processing /home/airflow/.local/lib/python3.10/site-packages/airflow/example_dags/tutorial_taskflow_api.py took 0.031 seconds
[2023-08-13T08:45:24.373+0000] {processor.py:157} INFO - Started process (PID=3103) to work on /home/airflow/.local/lib/python3.10/site-packages/airflow/example_dags/tutorial_taskflow_api.py
[2023-08-13T08:45:24.374+0000] {processor.py:826} INFO - Processing file /home/airflow/.local/lib/python3.10/site-packages/airflow/example_dags/tutorial_taskflow_api.py for tasks to queue
[2023-08-13T08:45:24.374+0000] {logging_mixin.py:149} INFO - [2023-08-13T08:45:24.374+0000] {dagbag.py:541} INFO - Filling up the DagBag from /home/airflow/.local/lib/python3.10/site-packages/airflow/example_dags/tutorial_taskflow_api.py
[2023-08-13T08:45:24.377+0000] {processor.py:836} INFO - DAG(s) dict_keys(['tutorial_taskflow_api']) retrieved from /home/airflow/.local/lib/python3.10/site-packages/airflow/example_dags/tutorial_taskflow_api.py
[2023-08-13T08:45:24.387+0000] {logging_mixin.py:149} INFO - [2023-08-13T08:45:24.387+0000] {dag.py:2726} INFO - Sync 1 DAGs
[2023-08-13T08:45:24.396+0000] {logging_mixin.py:149} INFO - [2023-08-13T08:45:24.396+0000] {dag.py:3486} INFO - Setting next_dagrun for tutorial_taskflow_api to None, run_after=None
[2023-08-13T08:45:24.404+0000] {processor.py:179} INFO - Processing /home/airflow/.local/lib/python3.10/site-packages/airflow/example_dags/tutorial_taskflow_api.py took 0.032 seconds
[2023-08-13T08:45:54.849+0000] {processor.py:157} INFO - Started process (PID=3180) to work on /home/airflow/.local/lib/python3.10/site-packages/airflow/example_dags/tutorial_taskflow_api.py
[2023-08-13T08:45:54.850+0000] {processor.py:826} INFO - Processing file /home/airflow/.local/lib/python3.10/site-packages/airflow/example_dags/tutorial_taskflow_api.py for tasks to queue
[2023-08-13T08:45:54.850+0000] {logging_mixin.py:149} INFO - [2023-08-13T08:45:54.850+0000] {dagbag.py:541} INFO - Filling up the DagBag from /home/airflow/.local/lib/python3.10/site-packages/airflow/example_dags/tutorial_taskflow_api.py
[2023-08-13T08:45:54.852+0000] {processor.py:836} INFO - DAG(s) dict_keys(['tutorial_taskflow_api']) retrieved from /home/airflow/.local/lib/python3.10/site-packages/airflow/example_dags/tutorial_taskflow_api.py
[2023-08-13T08:45:54.863+0000] {logging_mixin.py:149} INFO - [2023-08-13T08:45:54.863+0000] {dag.py:2726} INFO - Sync 1 DAGs
[2023-08-13T08:45:54.873+0000] {logging_mixin.py:149} INFO - [2023-08-13T08:45:54.872+0000] {dag.py:3486} INFO - Setting next_dagrun for tutorial_taskflow_api to None, run_after=None
[2023-08-13T08:45:54.880+0000] {processor.py:179} INFO - Processing /home/airflow/.local/lib/python3.10/site-packages/airflow/example_dags/tutorial_taskflow_api.py took 0.032 seconds
[2023-08-13T08:46:25.303+0000] {processor.py:157} INFO - Started process (PID=3258) to work on /home/airflow/.local/lib/python3.10/site-packages/airflow/example_dags/tutorial_taskflow_api.py
[2023-08-13T08:46:25.308+0000] {processor.py:826} INFO - Processing file /home/airflow/.local/lib/python3.10/site-packages/airflow/example_dags/tutorial_taskflow_api.py for tasks to queue
[2023-08-13T08:46:25.309+0000] {logging_mixin.py:149} INFO - [2023-08-13T08:46:25.309+0000] {dagbag.py:541} INFO - Filling up the DagBag from /home/airflow/.local/lib/python3.10/site-packages/airflow/example_dags/tutorial_taskflow_api.py
[2023-08-13T08:46:25.313+0000] {processor.py:836} INFO - DAG(s) dict_keys(['tutorial_taskflow_api']) retrieved from /home/airflow/.local/lib/python3.10/site-packages/airflow/example_dags/tutorial_taskflow_api.py
[2023-08-13T08:46:25.328+0000] {logging_mixin.py:149} INFO - [2023-08-13T08:46:25.327+0000] {dag.py:2726} INFO - Sync 1 DAGs
[2023-08-13T08:46:25.337+0000] {logging_mixin.py:149} INFO - [2023-08-13T08:46:25.337+0000] {dag.py:3486} INFO - Setting next_dagrun for tutorial_taskflow_api to None, run_after=None
[2023-08-13T08:46:25.344+0000] {processor.py:179} INFO - Processing /home/airflow/.local/lib/python3.10/site-packages/airflow/example_dags/tutorial_taskflow_api.py took 0.042 seconds
[2023-08-13T08:46:55.707+0000] {processor.py:157} INFO - Started process (PID=3334) to work on /home/airflow/.local/lib/python3.10/site-packages/airflow/example_dags/tutorial_taskflow_api.py
[2023-08-13T08:46:55.708+0000] {processor.py:826} INFO - Processing file /home/airflow/.local/lib/python3.10/site-packages/airflow/example_dags/tutorial_taskflow_api.py for tasks to queue
[2023-08-13T08:46:55.708+0000] {logging_mixin.py:149} INFO - [2023-08-13T08:46:55.708+0000] {dagbag.py:541} INFO - Filling up the DagBag from /home/airflow/.local/lib/python3.10/site-packages/airflow/example_dags/tutorial_taskflow_api.py
[2023-08-13T08:46:55.711+0000] {processor.py:836} INFO - DAG(s) dict_keys(['tutorial_taskflow_api']) retrieved from /home/airflow/.local/lib/python3.10/site-packages/airflow/example_dags/tutorial_taskflow_api.py
[2023-08-13T08:46:55.722+0000] {logging_mixin.py:149} INFO - [2023-08-13T08:46:55.722+0000] {dag.py:2726} INFO - Sync 1 DAGs
[2023-08-13T08:46:55.731+0000] {logging_mixin.py:149} INFO - [2023-08-13T08:46:55.731+0000] {dag.py:3486} INFO - Setting next_dagrun for tutorial_taskflow_api to None, run_after=None
[2023-08-13T08:46:55.738+0000] {processor.py:179} INFO - Processing /home/airflow/.local/lib/python3.10/site-packages/airflow/example_dags/tutorial_taskflow_api.py took 0.033 seconds
[2023-08-13T08:47:26.288+0000] {processor.py:157} INFO - Started process (PID=3411) to work on /home/airflow/.local/lib/python3.10/site-packages/airflow/example_dags/tutorial_taskflow_api.py
[2023-08-13T08:47:26.294+0000] {processor.py:826} INFO - Processing file /home/airflow/.local/lib/python3.10/site-packages/airflow/example_dags/tutorial_taskflow_api.py for tasks to queue
[2023-08-13T08:47:26.294+0000] {logging_mixin.py:149} INFO - [2023-08-13T08:47:26.294+0000] {dagbag.py:541} INFO - Filling up the DagBag from /home/airflow/.local/lib/python3.10/site-packages/airflow/example_dags/tutorial_taskflow_api.py
[2023-08-13T08:47:26.297+0000] {processor.py:836} INFO - DAG(s) dict_keys(['tutorial_taskflow_api']) retrieved from /home/airflow/.local/lib/python3.10/site-packages/airflow/example_dags/tutorial_taskflow_api.py
[2023-08-13T08:47:26.311+0000] {logging_mixin.py:149} INFO - [2023-08-13T08:47:26.311+0000] {dag.py:2726} INFO - Sync 1 DAGs
[2023-08-13T08:47:26.321+0000] {logging_mixin.py:149} INFO - [2023-08-13T08:47:26.321+0000] {dag.py:3486} INFO - Setting next_dagrun for tutorial_taskflow_api to None, run_after=None
[2023-08-13T08:47:26.328+0000] {processor.py:179} INFO - Processing /home/airflow/.local/lib/python3.10/site-packages/airflow/example_dags/tutorial_taskflow_api.py took 0.042 seconds
[2023-08-13T08:47:56.623+0000] {processor.py:157} INFO - Started process (PID=3488) to work on /home/airflow/.local/lib/python3.10/site-packages/airflow/example_dags/tutorial_taskflow_api.py
[2023-08-13T08:47:56.623+0000] {processor.py:826} INFO - Processing file /home/airflow/.local/lib/python3.10/site-packages/airflow/example_dags/tutorial_taskflow_api.py for tasks to queue
[2023-08-13T08:47:56.624+0000] {logging_mixin.py:149} INFO - [2023-08-13T08:47:56.624+0000] {dagbag.py:541} INFO - Filling up the DagBag from /home/airflow/.local/lib/python3.10/site-packages/airflow/example_dags/tutorial_taskflow_api.py
[2023-08-13T08:47:56.626+0000] {processor.py:836} INFO - DAG(s) dict_keys(['tutorial_taskflow_api']) retrieved from /home/airflow/.local/lib/python3.10/site-packages/airflow/example_dags/tutorial_taskflow_api.py
[2023-08-13T08:47:56.636+0000] {logging_mixin.py:149} INFO - [2023-08-13T08:47:56.636+0000] {dag.py:2726} INFO - Sync 1 DAGs
[2023-08-13T08:47:56.646+0000] {logging_mixin.py:149} INFO - [2023-08-13T08:47:56.646+0000] {dag.py:3486} INFO - Setting next_dagrun for tutorial_taskflow_api to None, run_after=None
[2023-08-13T08:47:56.654+0000] {processor.py:179} INFO - Processing /home/airflow/.local/lib/python3.10/site-packages/airflow/example_dags/tutorial_taskflow_api.py took 0.032 seconds
[2023-08-13T08:48:26.686+0000] {processor.py:157} INFO - Started process (PID=3564) to work on /home/airflow/.local/lib/python3.10/site-packages/airflow/example_dags/tutorial_taskflow_api.py
[2023-08-13T08:48:26.687+0000] {processor.py:826} INFO - Processing file /home/airflow/.local/lib/python3.10/site-packages/airflow/example_dags/tutorial_taskflow_api.py for tasks to queue
[2023-08-13T08:48:26.687+0000] {logging_mixin.py:149} INFO - [2023-08-13T08:48:26.687+0000] {dagbag.py:541} INFO - Filling up the DagBag from /home/airflow/.local/lib/python3.10/site-packages/airflow/example_dags/tutorial_taskflow_api.py
[2023-08-13T08:48:26.689+0000] {processor.py:836} INFO - DAG(s) dict_keys(['tutorial_taskflow_api']) retrieved from /home/airflow/.local/lib/python3.10/site-packages/airflow/example_dags/tutorial_taskflow_api.py
[2023-08-13T08:48:26.700+0000] {logging_mixin.py:149} INFO - [2023-08-13T08:48:26.700+0000] {dag.py:2726} INFO - Sync 1 DAGs
[2023-08-13T08:48:26.709+0000] {logging_mixin.py:149} INFO - [2023-08-13T08:48:26.709+0000] {dag.py:3486} INFO - Setting next_dagrun for tutorial_taskflow_api to None, run_after=None
[2023-08-13T08:48:26.717+0000] {processor.py:179} INFO - Processing /home/airflow/.local/lib/python3.10/site-packages/airflow/example_dags/tutorial_taskflow_api.py took 0.032 seconds
[2023-08-13T08:48:56.896+0000] {processor.py:157} INFO - Started process (PID=3641) to work on /home/airflow/.local/lib/python3.10/site-packages/airflow/example_dags/tutorial_taskflow_api.py
[2023-08-13T08:48:56.897+0000] {processor.py:826} INFO - Processing file /home/airflow/.local/lib/python3.10/site-packages/airflow/example_dags/tutorial_taskflow_api.py for tasks to queue
[2023-08-13T08:48:56.897+0000] {logging_mixin.py:149} INFO - [2023-08-13T08:48:56.897+0000] {dagbag.py:541} INFO - Filling up the DagBag from /home/airflow/.local/lib/python3.10/site-packages/airflow/example_dags/tutorial_taskflow_api.py
[2023-08-13T08:48:56.899+0000] {processor.py:836} INFO - DAG(s) dict_keys(['tutorial_taskflow_api']) retrieved from /home/airflow/.local/lib/python3.10/site-packages/airflow/example_dags/tutorial_taskflow_api.py
[2023-08-13T08:48:56.910+0000] {logging_mixin.py:149} INFO - [2023-08-13T08:48:56.910+0000] {dag.py:2726} INFO - Sync 1 DAGs
[2023-08-13T08:48:56.920+0000] {logging_mixin.py:149} INFO - [2023-08-13T08:48:56.920+0000] {dag.py:3486} INFO - Setting next_dagrun for tutorial_taskflow_api to None, run_after=None
[2023-08-13T08:48:56.927+0000] {processor.py:179} INFO - Processing /home/airflow/.local/lib/python3.10/site-packages/airflow/example_dags/tutorial_taskflow_api.py took 0.032 seconds
[2023-08-13T08:49:27.321+0000] {processor.py:157} INFO - Started process (PID=3718) to work on /home/airflow/.local/lib/python3.10/site-packages/airflow/example_dags/tutorial_taskflow_api.py
[2023-08-13T08:49:27.321+0000] {processor.py:826} INFO - Processing file /home/airflow/.local/lib/python3.10/site-packages/airflow/example_dags/tutorial_taskflow_api.py for tasks to queue
[2023-08-13T08:49:27.321+0000] {logging_mixin.py:149} INFO - [2023-08-13T08:49:27.321+0000] {dagbag.py:541} INFO - Filling up the DagBag from /home/airflow/.local/lib/python3.10/site-packages/airflow/example_dags/tutorial_taskflow_api.py
[2023-08-13T08:49:27.323+0000] {processor.py:836} INFO - DAG(s) dict_keys(['tutorial_taskflow_api']) retrieved from /home/airflow/.local/lib/python3.10/site-packages/airflow/example_dags/tutorial_taskflow_api.py
[2023-08-13T08:49:27.334+0000] {logging_mixin.py:149} INFO - [2023-08-13T08:49:27.334+0000] {dag.py:2726} INFO - Sync 1 DAGs
[2023-08-13T08:49:27.344+0000] {logging_mixin.py:149} INFO - [2023-08-13T08:49:27.344+0000] {dag.py:3486} INFO - Setting next_dagrun for tutorial_taskflow_api to None, run_after=None
[2023-08-13T08:49:27.352+0000] {processor.py:179} INFO - Processing /home/airflow/.local/lib/python3.10/site-packages/airflow/example_dags/tutorial_taskflow_api.py took 0.032 seconds
[2023-08-13T08:49:57.708+0000] {processor.py:157} INFO - Started process (PID=3795) to work on /home/airflow/.local/lib/python3.10/site-packages/airflow/example_dags/tutorial_taskflow_api.py
[2023-08-13T08:49:57.714+0000] {processor.py:826} INFO - Processing file /home/airflow/.local/lib/python3.10/site-packages/airflow/example_dags/tutorial_taskflow_api.py for tasks to queue
[2023-08-13T08:49:57.714+0000] {logging_mixin.py:149} INFO - [2023-08-13T08:49:57.714+0000] {dagbag.py:541} INFO - Filling up the DagBag from /home/airflow/.local/lib/python3.10/site-packages/airflow/example_dags/tutorial_taskflow_api.py
[2023-08-13T08:49:57.717+0000] {processor.py:836} INFO - DAG(s) dict_keys(['tutorial_taskflow_api']) retrieved from /home/airflow/.local/lib/python3.10/site-packages/airflow/example_dags/tutorial_taskflow_api.py
[2023-08-13T08:49:57.727+0000] {logging_mixin.py:149} INFO - [2023-08-13T08:49:57.727+0000] {dag.py:2726} INFO - Sync 1 DAGs
[2023-08-13T08:49:57.737+0000] {logging_mixin.py:149} INFO - [2023-08-13T08:49:57.737+0000] {dag.py:3486} INFO - Setting next_dagrun for tutorial_taskflow_api to None, run_after=None
[2023-08-13T08:49:57.804+0000] {processor.py:179} INFO - Processing /home/airflow/.local/lib/python3.10/site-packages/airflow/example_dags/tutorial_taskflow_api.py took 0.097 seconds
[2023-08-13T08:50:28.123+0000] {processor.py:157} INFO - Started process (PID=3872) to work on /home/airflow/.local/lib/python3.10/site-packages/airflow/example_dags/tutorial_taskflow_api.py
[2023-08-13T08:50:28.128+0000] {processor.py:826} INFO - Processing file /home/airflow/.local/lib/python3.10/site-packages/airflow/example_dags/tutorial_taskflow_api.py for tasks to queue
[2023-08-13T08:50:28.128+0000] {logging_mixin.py:149} INFO - [2023-08-13T08:50:28.128+0000] {dagbag.py:541} INFO - Filling up the DagBag from /home/airflow/.local/lib/python3.10/site-packages/airflow/example_dags/tutorial_taskflow_api.py
[2023-08-13T08:50:28.131+0000] {processor.py:836} INFO - DAG(s) dict_keys(['tutorial_taskflow_api']) retrieved from /home/airflow/.local/lib/python3.10/site-packages/airflow/example_dags/tutorial_taskflow_api.py
[2023-08-13T08:50:28.143+0000] {logging_mixin.py:149} INFO - [2023-08-13T08:50:28.143+0000] {dag.py:2726} INFO - Sync 1 DAGs
[2023-08-13T08:50:28.152+0000] {logging_mixin.py:149} INFO - [2023-08-13T08:50:28.152+0000] {dag.py:3486} INFO - Setting next_dagrun for tutorial_taskflow_api to None, run_after=None
[2023-08-13T08:50:28.160+0000] {processor.py:179} INFO - Processing /home/airflow/.local/lib/python3.10/site-packages/airflow/example_dags/tutorial_taskflow_api.py took 0.038 seconds
[2023-08-13T08:50:58.647+0000] {processor.py:157} INFO - Started process (PID=3949) to work on /home/airflow/.local/lib/python3.10/site-packages/airflow/example_dags/tutorial_taskflow_api.py
[2023-08-13T08:50:58.647+0000] {processor.py:826} INFO - Processing file /home/airflow/.local/lib/python3.10/site-packages/airflow/example_dags/tutorial_taskflow_api.py for tasks to queue
[2023-08-13T08:50:58.648+0000] {logging_mixin.py:149} INFO - [2023-08-13T08:50:58.648+0000] {dagbag.py:541} INFO - Filling up the DagBag from /home/airflow/.local/lib/python3.10/site-packages/airflow/example_dags/tutorial_taskflow_api.py
[2023-08-13T08:50:58.650+0000] {processor.py:836} INFO - DAG(s) dict_keys(['tutorial_taskflow_api']) retrieved from /home/airflow/.local/lib/python3.10/site-packages/airflow/example_dags/tutorial_taskflow_api.py
[2023-08-13T08:50:58.661+0000] {logging_mixin.py:149} INFO - [2023-08-13T08:50:58.661+0000] {dag.py:2726} INFO - Sync 1 DAGs
[2023-08-13T08:50:58.670+0000] {logging_mixin.py:149} INFO - [2023-08-13T08:50:58.670+0000] {dag.py:3486} INFO - Setting next_dagrun for tutorial_taskflow_api to None, run_after=None
[2023-08-13T08:50:58.678+0000] {processor.py:179} INFO - Processing /home/airflow/.local/lib/python3.10/site-packages/airflow/example_dags/tutorial_taskflow_api.py took 0.033 seconds
[2023-08-13T08:51:28.774+0000] {processor.py:157} INFO - Started process (PID=4025) to work on /home/airflow/.local/lib/python3.10/site-packages/airflow/example_dags/tutorial_taskflow_api.py
[2023-08-13T08:51:28.783+0000] {processor.py:826} INFO - Processing file /home/airflow/.local/lib/python3.10/site-packages/airflow/example_dags/tutorial_taskflow_api.py for tasks to queue
[2023-08-13T08:51:28.783+0000] {logging_mixin.py:149} INFO - [2023-08-13T08:51:28.783+0000] {dagbag.py:541} INFO - Filling up the DagBag from /home/airflow/.local/lib/python3.10/site-packages/airflow/example_dags/tutorial_taskflow_api.py
[2023-08-13T08:51:28.786+0000] {processor.py:836} INFO - DAG(s) dict_keys(['tutorial_taskflow_api']) retrieved from /home/airflow/.local/lib/python3.10/site-packages/airflow/example_dags/tutorial_taskflow_api.py
[2023-08-13T08:51:28.805+0000] {logging_mixin.py:149} INFO - [2023-08-13T08:51:28.805+0000] {dag.py:2726} INFO - Sync 1 DAGs
[2023-08-13T08:51:28.871+0000] {logging_mixin.py:149} INFO - [2023-08-13T08:51:28.871+0000] {dag.py:3486} INFO - Setting next_dagrun for tutorial_taskflow_api to None, run_after=None
[2023-08-13T08:51:28.879+0000] {processor.py:179} INFO - Processing /home/airflow/.local/lib/python3.10/site-packages/airflow/example_dags/tutorial_taskflow_api.py took 0.107 seconds
[2023-08-13T08:51:59.676+0000] {processor.py:157} INFO - Started process (PID=4103) to work on /home/airflow/.local/lib/python3.10/site-packages/airflow/example_dags/tutorial_taskflow_api.py
[2023-08-13T08:51:59.676+0000] {processor.py:826} INFO - Processing file /home/airflow/.local/lib/python3.10/site-packages/airflow/example_dags/tutorial_taskflow_api.py for tasks to queue
[2023-08-13T08:51:59.677+0000] {logging_mixin.py:149} INFO - [2023-08-13T08:51:59.677+0000] {dagbag.py:541} INFO - Filling up the DagBag from /home/airflow/.local/lib/python3.10/site-packages/airflow/example_dags/tutorial_taskflow_api.py
[2023-08-13T08:51:59.679+0000] {processor.py:836} INFO - DAG(s) dict_keys(['tutorial_taskflow_api']) retrieved from /home/airflow/.local/lib/python3.10/site-packages/airflow/example_dags/tutorial_taskflow_api.py
[2023-08-13T08:51:59.690+0000] {logging_mixin.py:149} INFO - [2023-08-13T08:51:59.690+0000] {dag.py:2726} INFO - Sync 1 DAGs
[2023-08-13T08:51:59.699+0000] {logging_mixin.py:149} INFO - [2023-08-13T08:51:59.699+0000] {dag.py:3486} INFO - Setting next_dagrun for tutorial_taskflow_api to None, run_after=None
[2023-08-13T08:51:59.761+0000] {processor.py:179} INFO - Processing /home/airflow/.local/lib/python3.10/site-packages/airflow/example_dags/tutorial_taskflow_api.py took 0.087 seconds
[2023-08-13T08:52:30.376+0000] {processor.py:157} INFO - Started process (PID=4180) to work on /home/airflow/.local/lib/python3.10/site-packages/airflow/example_dags/tutorial_taskflow_api.py
[2023-08-13T08:52:30.379+0000] {processor.py:826} INFO - Processing file /home/airflow/.local/lib/python3.10/site-packages/airflow/example_dags/tutorial_taskflow_api.py for tasks to queue
[2023-08-13T08:52:30.380+0000] {logging_mixin.py:149} INFO - [2023-08-13T08:52:30.380+0000] {dagbag.py:541} INFO - Filling up the DagBag from /home/airflow/.local/lib/python3.10/site-packages/airflow/example_dags/tutorial_taskflow_api.py
[2023-08-13T08:52:30.387+0000] {processor.py:836} INFO - DAG(s) dict_keys(['tutorial_taskflow_api']) retrieved from /home/airflow/.local/lib/python3.10/site-packages/airflow/example_dags/tutorial_taskflow_api.py
[2023-08-13T08:52:30.401+0000] {logging_mixin.py:149} INFO - [2023-08-13T08:52:30.401+0000] {dag.py:2726} INFO - Sync 1 DAGs
[2023-08-13T08:52:30.411+0000] {logging_mixin.py:149} INFO - [2023-08-13T08:52:30.410+0000] {dag.py:3486} INFO - Setting next_dagrun for tutorial_taskflow_api to None, run_after=None
[2023-08-13T08:52:30.427+0000] {processor.py:179} INFO - Processing /home/airflow/.local/lib/python3.10/site-packages/airflow/example_dags/tutorial_taskflow_api.py took 0.052 seconds
[2023-08-13T08:53:00.482+0000] {processor.py:157} INFO - Started process (PID=4256) to work on /home/airflow/.local/lib/python3.10/site-packages/airflow/example_dags/tutorial_taskflow_api.py
[2023-08-13T08:53:00.483+0000] {processor.py:826} INFO - Processing file /home/airflow/.local/lib/python3.10/site-packages/airflow/example_dags/tutorial_taskflow_api.py for tasks to queue
[2023-08-13T08:53:00.483+0000] {logging_mixin.py:149} INFO - [2023-08-13T08:53:00.483+0000] {dagbag.py:541} INFO - Filling up the DagBag from /home/airflow/.local/lib/python3.10/site-packages/airflow/example_dags/tutorial_taskflow_api.py
[2023-08-13T08:53:00.486+0000] {processor.py:836} INFO - DAG(s) dict_keys(['tutorial_taskflow_api']) retrieved from /home/airflow/.local/lib/python3.10/site-packages/airflow/example_dags/tutorial_taskflow_api.py
[2023-08-13T08:53:00.496+0000] {logging_mixin.py:149} INFO - [2023-08-13T08:53:00.496+0000] {dag.py:2726} INFO - Sync 1 DAGs
[2023-08-13T08:53:00.563+0000] {logging_mixin.py:149} INFO - [2023-08-13T08:53:00.563+0000] {dag.py:3486} INFO - Setting next_dagrun for tutorial_taskflow_api to None, run_after=None
[2023-08-13T08:53:00.571+0000] {processor.py:179} INFO - Processing /home/airflow/.local/lib/python3.10/site-packages/airflow/example_dags/tutorial_taskflow_api.py took 0.090 seconds
[2023-08-13T08:53:30.591+0000] {processor.py:157} INFO - Started process (PID=4332) to work on /home/airflow/.local/lib/python3.10/site-packages/airflow/example_dags/tutorial_taskflow_api.py
[2023-08-13T08:53:30.598+0000] {processor.py:826} INFO - Processing file /home/airflow/.local/lib/python3.10/site-packages/airflow/example_dags/tutorial_taskflow_api.py for tasks to queue
[2023-08-13T08:53:30.598+0000] {logging_mixin.py:149} INFO - [2023-08-13T08:53:30.598+0000] {dagbag.py:541} INFO - Filling up the DagBag from /home/airflow/.local/lib/python3.10/site-packages/airflow/example_dags/tutorial_taskflow_api.py
[2023-08-13T08:53:30.600+0000] {processor.py:836} INFO - DAG(s) dict_keys(['tutorial_taskflow_api']) retrieved from /home/airflow/.local/lib/python3.10/site-packages/airflow/example_dags/tutorial_taskflow_api.py
[2023-08-13T08:53:30.611+0000] {logging_mixin.py:149} INFO - [2023-08-13T08:53:30.611+0000] {dag.py:2726} INFO - Sync 1 DAGs
[2023-08-13T08:53:30.621+0000] {logging_mixin.py:149} INFO - [2023-08-13T08:53:30.621+0000] {dag.py:3486} INFO - Setting next_dagrun for tutorial_taskflow_api to None, run_after=None
[2023-08-13T08:53:30.685+0000] {processor.py:179} INFO - Processing /home/airflow/.local/lib/python3.10/site-packages/airflow/example_dags/tutorial_taskflow_api.py took 0.096 seconds
[2023-08-13T08:54:01.051+0000] {processor.py:157} INFO - Started process (PID=4408) to work on /home/airflow/.local/lib/python3.10/site-packages/airflow/example_dags/tutorial_taskflow_api.py
[2023-08-13T08:54:01.060+0000] {processor.py:826} INFO - Processing file /home/airflow/.local/lib/python3.10/site-packages/airflow/example_dags/tutorial_taskflow_api.py for tasks to queue
[2023-08-13T08:54:01.060+0000] {logging_mixin.py:149} INFO - [2023-08-13T08:54:01.060+0000] {dagbag.py:541} INFO - Filling up the DagBag from /home/airflow/.local/lib/python3.10/site-packages/airflow/example_dags/tutorial_taskflow_api.py
[2023-08-13T08:54:01.121+0000] {processor.py:836} INFO - DAG(s) dict_keys(['tutorial_taskflow_api']) retrieved from /home/airflow/.local/lib/python3.10/site-packages/airflow/example_dags/tutorial_taskflow_api.py
[2023-08-13T08:54:01.130+0000] {logging_mixin.py:149} INFO - [2023-08-13T08:54:01.130+0000] {dag.py:2726} INFO - Sync 1 DAGs
[2023-08-13T08:54:01.138+0000] {logging_mixin.py:149} INFO - [2023-08-13T08:54:01.138+0000] {dag.py:3486} INFO - Setting next_dagrun for tutorial_taskflow_api to None, run_after=None
[2023-08-13T08:54:01.145+0000] {processor.py:179} INFO - Processing /home/airflow/.local/lib/python3.10/site-packages/airflow/example_dags/tutorial_taskflow_api.py took 0.095 seconds
[2023-08-13T08:54:31.490+0000] {processor.py:157} INFO - Started process (PID=4485) to work on /home/airflow/.local/lib/python3.10/site-packages/airflow/example_dags/tutorial_taskflow_api.py
[2023-08-13T08:54:31.499+0000] {processor.py:826} INFO - Processing file /home/airflow/.local/lib/python3.10/site-packages/airflow/example_dags/tutorial_taskflow_api.py for tasks to queue
[2023-08-13T08:54:31.499+0000] {logging_mixin.py:149} INFO - [2023-08-13T08:54:31.499+0000] {dagbag.py:541} INFO - Filling up the DagBag from /home/airflow/.local/lib/python3.10/site-packages/airflow/example_dags/tutorial_taskflow_api.py
[2023-08-13T08:54:31.506+0000] {processor.py:836} INFO - DAG(s) dict_keys(['tutorial_taskflow_api']) retrieved from /home/airflow/.local/lib/python3.10/site-packages/airflow/example_dags/tutorial_taskflow_api.py
[2023-08-13T08:54:31.520+0000] {logging_mixin.py:149} INFO - [2023-08-13T08:54:31.520+0000] {dag.py:2726} INFO - Sync 1 DAGs
[2023-08-13T08:54:31.529+0000] {logging_mixin.py:149} INFO - [2023-08-13T08:54:31.529+0000] {dag.py:3486} INFO - Setting next_dagrun for tutorial_taskflow_api to None, run_after=None
[2023-08-13T08:54:31.544+0000] {processor.py:179} INFO - Processing /home/airflow/.local/lib/python3.10/site-packages/airflow/example_dags/tutorial_taskflow_api.py took 0.056 seconds
[2023-08-13T08:55:01.710+0000] {processor.py:157} INFO - Started process (PID=4562) to work on /home/airflow/.local/lib/python3.10/site-packages/airflow/example_dags/tutorial_taskflow_api.py
[2023-08-13T08:55:01.718+0000] {processor.py:826} INFO - Processing file /home/airflow/.local/lib/python3.10/site-packages/airflow/example_dags/tutorial_taskflow_api.py for tasks to queue
[2023-08-13T08:55:01.718+0000] {logging_mixin.py:149} INFO - [2023-08-13T08:55:01.718+0000] {dagbag.py:541} INFO - Filling up the DagBag from /home/airflow/.local/lib/python3.10/site-packages/airflow/example_dags/tutorial_taskflow_api.py
[2023-08-13T08:55:01.721+0000] {processor.py:836} INFO - DAG(s) dict_keys(['tutorial_taskflow_api']) retrieved from /home/airflow/.local/lib/python3.10/site-packages/airflow/example_dags/tutorial_taskflow_api.py
[2023-08-13T08:55:01.731+0000] {logging_mixin.py:149} INFO - [2023-08-13T08:55:01.731+0000] {dag.py:2726} INFO - Sync 1 DAGs
[2023-08-13T08:55:01.741+0000] {logging_mixin.py:149} INFO - [2023-08-13T08:55:01.741+0000] {dag.py:3486} INFO - Setting next_dagrun for tutorial_taskflow_api to None, run_after=None
[2023-08-13T08:55:01.752+0000] {processor.py:179} INFO - Processing /home/airflow/.local/lib/python3.10/site-packages/airflow/example_dags/tutorial_taskflow_api.py took 0.043 seconds
