[2023-08-13T08:25:09.848+0000] {processor.py:157} INFO - Started process (PID=49) to work on /home/airflow/.local/lib/python3.10/site-packages/airflow/example_dags/tutorial_dag.py
[2023-08-13T08:25:09.848+0000] {processor.py:826} INFO - Processing file /home/airflow/.local/lib/python3.10/site-packages/airflow/example_dags/tutorial_dag.py for tasks to queue
[2023-08-13T08:25:09.848+0000] {logging_mixin.py:149} INFO - [2023-08-13T08:25:09.848+0000] {dagbag.py:541} INFO - Filling up the DagBag from /home/airflow/.local/lib/python3.10/site-packages/airflow/example_dags/tutorial_dag.py
[2023-08-13T08:25:09.852+0000] {processor.py:836} INFO - DAG(s) dict_keys(['tutorial_dag']) retrieved from /home/airflow/.local/lib/python3.10/site-packages/airflow/example_dags/tutorial_dag.py
[2023-08-13T08:25:09.857+0000] {logging_mixin.py:149} INFO - [2023-08-13T08:25:09.857+0000] {dag.py:2726} INFO - Sync 1 DAGs
[2023-08-13T08:25:09.867+0000] {logging_mixin.py:149} INFO - [2023-08-13T08:25:09.867+0000] {dag.py:3486} INFO - Setting next_dagrun for tutorial_dag to None, run_after=None
[2023-08-13T08:25:09.874+0000] {processor.py:179} INFO - Processing /home/airflow/.local/lib/python3.10/site-packages/airflow/example_dags/tutorial_dag.py took 0.028 seconds
[2023-08-13T08:25:40.004+0000] {processor.py:157} INFO - Started process (PID=126) to work on /home/airflow/.local/lib/python3.10/site-packages/airflow/example_dags/tutorial_dag.py
[2023-08-13T08:25:40.004+0000] {processor.py:826} INFO - Processing file /home/airflow/.local/lib/python3.10/site-packages/airflow/example_dags/tutorial_dag.py for tasks to queue
[2023-08-13T08:25:40.004+0000] {logging_mixin.py:149} INFO - [2023-08-13T08:25:40.004+0000] {dagbag.py:541} INFO - Filling up the DagBag from /home/airflow/.local/lib/python3.10/site-packages/airflow/example_dags/tutorial_dag.py
[2023-08-13T08:25:40.006+0000] {processor.py:836} INFO - DAG(s) dict_keys(['tutorial_dag']) retrieved from /home/airflow/.local/lib/python3.10/site-packages/airflow/example_dags/tutorial_dag.py
[2023-08-13T08:25:40.016+0000] {logging_mixin.py:149} INFO - [2023-08-13T08:25:40.016+0000] {dag.py:2726} INFO - Sync 1 DAGs
[2023-08-13T08:25:40.025+0000] {logging_mixin.py:149} INFO - [2023-08-13T08:25:40.025+0000] {dag.py:3486} INFO - Setting next_dagrun for tutorial_dag to None, run_after=None
[2023-08-13T08:25:40.032+0000] {processor.py:179} INFO - Processing /home/airflow/.local/lib/python3.10/site-packages/airflow/example_dags/tutorial_dag.py took 0.029 seconds
[2023-08-13T08:26:10.467+0000] {processor.py:157} INFO - Started process (PID=203) to work on /home/airflow/.local/lib/python3.10/site-packages/airflow/example_dags/tutorial_dag.py
[2023-08-13T08:26:10.467+0000] {processor.py:826} INFO - Processing file /home/airflow/.local/lib/python3.10/site-packages/airflow/example_dags/tutorial_dag.py for tasks to queue
[2023-08-13T08:26:10.467+0000] {logging_mixin.py:149} INFO - [2023-08-13T08:26:10.467+0000] {dagbag.py:541} INFO - Filling up the DagBag from /home/airflow/.local/lib/python3.10/site-packages/airflow/example_dags/tutorial_dag.py
[2023-08-13T08:26:10.469+0000] {processor.py:836} INFO - DAG(s) dict_keys(['tutorial_dag']) retrieved from /home/airflow/.local/lib/python3.10/site-packages/airflow/example_dags/tutorial_dag.py
[2023-08-13T08:26:10.480+0000] {logging_mixin.py:149} INFO - [2023-08-13T08:26:10.479+0000] {dag.py:2726} INFO - Sync 1 DAGs
[2023-08-13T08:26:10.489+0000] {logging_mixin.py:149} INFO - [2023-08-13T08:26:10.489+0000] {dag.py:3486} INFO - Setting next_dagrun for tutorial_dag to None, run_after=None
[2023-08-13T08:26:10.496+0000] {processor.py:179} INFO - Processing /home/airflow/.local/lib/python3.10/site-packages/airflow/example_dags/tutorial_dag.py took 0.030 seconds
[2023-08-13T08:26:40.889+0000] {processor.py:157} INFO - Started process (PID=279) to work on /home/airflow/.local/lib/python3.10/site-packages/airflow/example_dags/tutorial_dag.py
[2023-08-13T08:26:40.890+0000] {processor.py:826} INFO - Processing file /home/airflow/.local/lib/python3.10/site-packages/airflow/example_dags/tutorial_dag.py for tasks to queue
[2023-08-13T08:26:40.890+0000] {logging_mixin.py:149} INFO - [2023-08-13T08:26:40.890+0000] {dagbag.py:541} INFO - Filling up the DagBag from /home/airflow/.local/lib/python3.10/site-packages/airflow/example_dags/tutorial_dag.py
[2023-08-13T08:26:40.892+0000] {processor.py:836} INFO - DAG(s) dict_keys(['tutorial_dag']) retrieved from /home/airflow/.local/lib/python3.10/site-packages/airflow/example_dags/tutorial_dag.py
[2023-08-13T08:26:40.901+0000] {logging_mixin.py:149} INFO - [2023-08-13T08:26:40.901+0000] {dag.py:2726} INFO - Sync 1 DAGs
[2023-08-13T08:26:40.911+0000] {logging_mixin.py:149} INFO - [2023-08-13T08:26:40.911+0000] {dag.py:3486} INFO - Setting next_dagrun for tutorial_dag to None, run_after=None
[2023-08-13T08:26:40.917+0000] {processor.py:179} INFO - Processing /home/airflow/.local/lib/python3.10/site-packages/airflow/example_dags/tutorial_dag.py took 0.029 seconds
[2023-08-13T08:27:11.456+0000] {processor.py:157} INFO - Started process (PID=356) to work on /home/airflow/.local/lib/python3.10/site-packages/airflow/example_dags/tutorial_dag.py
[2023-08-13T08:27:11.456+0000] {processor.py:826} INFO - Processing file /home/airflow/.local/lib/python3.10/site-packages/airflow/example_dags/tutorial_dag.py for tasks to queue
[2023-08-13T08:27:11.456+0000] {logging_mixin.py:149} INFO - [2023-08-13T08:27:11.456+0000] {dagbag.py:541} INFO - Filling up the DagBag from /home/airflow/.local/lib/python3.10/site-packages/airflow/example_dags/tutorial_dag.py
[2023-08-13T08:27:11.458+0000] {processor.py:836} INFO - DAG(s) dict_keys(['tutorial_dag']) retrieved from /home/airflow/.local/lib/python3.10/site-packages/airflow/example_dags/tutorial_dag.py
[2023-08-13T08:27:11.468+0000] {logging_mixin.py:149} INFO - [2023-08-13T08:27:11.468+0000] {dag.py:2726} INFO - Sync 1 DAGs
[2023-08-13T08:27:11.478+0000] {logging_mixin.py:149} INFO - [2023-08-13T08:27:11.478+0000] {dag.py:3486} INFO - Setting next_dagrun for tutorial_dag to None, run_after=None
[2023-08-13T08:27:11.485+0000] {processor.py:179} INFO - Processing /home/airflow/.local/lib/python3.10/site-packages/airflow/example_dags/tutorial_dag.py took 0.030 seconds
[2023-08-13T08:27:41.751+0000] {processor.py:157} INFO - Started process (PID=433) to work on /home/airflow/.local/lib/python3.10/site-packages/airflow/example_dags/tutorial_dag.py
[2023-08-13T08:27:41.752+0000] {processor.py:826} INFO - Processing file /home/airflow/.local/lib/python3.10/site-packages/airflow/example_dags/tutorial_dag.py for tasks to queue
[2023-08-13T08:27:41.752+0000] {logging_mixin.py:149} INFO - [2023-08-13T08:27:41.752+0000] {dagbag.py:541} INFO - Filling up the DagBag from /home/airflow/.local/lib/python3.10/site-packages/airflow/example_dags/tutorial_dag.py
[2023-08-13T08:27:41.754+0000] {processor.py:836} INFO - DAG(s) dict_keys(['tutorial_dag']) retrieved from /home/airflow/.local/lib/python3.10/site-packages/airflow/example_dags/tutorial_dag.py
[2023-08-13T08:27:41.764+0000] {logging_mixin.py:149} INFO - [2023-08-13T08:27:41.764+0000] {dag.py:2726} INFO - Sync 1 DAGs
[2023-08-13T08:27:41.774+0000] {logging_mixin.py:149} INFO - [2023-08-13T08:27:41.774+0000] {dag.py:3486} INFO - Setting next_dagrun for tutorial_dag to None, run_after=None
[2023-08-13T08:27:41.781+0000] {processor.py:179} INFO - Processing /home/airflow/.local/lib/python3.10/site-packages/airflow/example_dags/tutorial_dag.py took 0.031 seconds
[2023-08-13T08:28:12.082+0000] {processor.py:157} INFO - Started process (PID=509) to work on /home/airflow/.local/lib/python3.10/site-packages/airflow/example_dags/tutorial_dag.py
[2023-08-13T08:28:12.082+0000] {processor.py:826} INFO - Processing file /home/airflow/.local/lib/python3.10/site-packages/airflow/example_dags/tutorial_dag.py for tasks to queue
[2023-08-13T08:28:12.083+0000] {logging_mixin.py:149} INFO - [2023-08-13T08:28:12.083+0000] {dagbag.py:541} INFO - Filling up the DagBag from /home/airflow/.local/lib/python3.10/site-packages/airflow/example_dags/tutorial_dag.py
[2023-08-13T08:28:12.085+0000] {processor.py:836} INFO - DAG(s) dict_keys(['tutorial_dag']) retrieved from /home/airflow/.local/lib/python3.10/site-packages/airflow/example_dags/tutorial_dag.py
[2023-08-13T08:28:12.095+0000] {logging_mixin.py:149} INFO - [2023-08-13T08:28:12.095+0000] {dag.py:2726} INFO - Sync 1 DAGs
[2023-08-13T08:28:12.104+0000] {logging_mixin.py:149} INFO - [2023-08-13T08:28:12.104+0000] {dag.py:3486} INFO - Setting next_dagrun for tutorial_dag to None, run_after=None
[2023-08-13T08:28:12.111+0000] {processor.py:179} INFO - Processing /home/airflow/.local/lib/python3.10/site-packages/airflow/example_dags/tutorial_dag.py took 0.030 seconds
[2023-08-13T08:28:42.459+0000] {processor.py:157} INFO - Started process (PID=586) to work on /home/airflow/.local/lib/python3.10/site-packages/airflow/example_dags/tutorial_dag.py
[2023-08-13T08:28:42.460+0000] {processor.py:826} INFO - Processing file /home/airflow/.local/lib/python3.10/site-packages/airflow/example_dags/tutorial_dag.py for tasks to queue
[2023-08-13T08:28:42.460+0000] {logging_mixin.py:149} INFO - [2023-08-13T08:28:42.460+0000] {dagbag.py:541} INFO - Filling up the DagBag from /home/airflow/.local/lib/python3.10/site-packages/airflow/example_dags/tutorial_dag.py
[2023-08-13T08:28:42.462+0000] {processor.py:836} INFO - DAG(s) dict_keys(['tutorial_dag']) retrieved from /home/airflow/.local/lib/python3.10/site-packages/airflow/example_dags/tutorial_dag.py
[2023-08-13T08:28:42.472+0000] {logging_mixin.py:149} INFO - [2023-08-13T08:28:42.472+0000] {dag.py:2726} INFO - Sync 1 DAGs
[2023-08-13T08:28:42.481+0000] {logging_mixin.py:149} INFO - [2023-08-13T08:28:42.481+0000] {dag.py:3486} INFO - Setting next_dagrun for tutorial_dag to None, run_after=None
[2023-08-13T08:28:42.489+0000] {processor.py:179} INFO - Processing /home/airflow/.local/lib/python3.10/site-packages/airflow/example_dags/tutorial_dag.py took 0.031 seconds
[2023-08-13T08:29:12.784+0000] {processor.py:157} INFO - Started process (PID=663) to work on /home/airflow/.local/lib/python3.10/site-packages/airflow/example_dags/tutorial_dag.py
[2023-08-13T08:29:12.784+0000] {processor.py:826} INFO - Processing file /home/airflow/.local/lib/python3.10/site-packages/airflow/example_dags/tutorial_dag.py for tasks to queue
[2023-08-13T08:29:12.785+0000] {logging_mixin.py:149} INFO - [2023-08-13T08:29:12.784+0000] {dagbag.py:541} INFO - Filling up the DagBag from /home/airflow/.local/lib/python3.10/site-packages/airflow/example_dags/tutorial_dag.py
[2023-08-13T08:29:12.786+0000] {processor.py:836} INFO - DAG(s) dict_keys(['tutorial_dag']) retrieved from /home/airflow/.local/lib/python3.10/site-packages/airflow/example_dags/tutorial_dag.py
[2023-08-13T08:29:12.796+0000] {logging_mixin.py:149} INFO - [2023-08-13T08:29:12.796+0000] {dag.py:2726} INFO - Sync 1 DAGs
[2023-08-13T08:29:12.806+0000] {logging_mixin.py:149} INFO - [2023-08-13T08:29:12.806+0000] {dag.py:3486} INFO - Setting next_dagrun for tutorial_dag to None, run_after=None
[2023-08-13T08:29:12.813+0000] {processor.py:179} INFO - Processing /home/airflow/.local/lib/python3.10/site-packages/airflow/example_dags/tutorial_dag.py took 0.030 seconds
[2023-08-13T08:29:43.104+0000] {processor.py:157} INFO - Started process (PID=740) to work on /home/airflow/.local/lib/python3.10/site-packages/airflow/example_dags/tutorial_dag.py
[2023-08-13T08:29:43.105+0000] {processor.py:826} INFO - Processing file /home/airflow/.local/lib/python3.10/site-packages/airflow/example_dags/tutorial_dag.py for tasks to queue
[2023-08-13T08:29:43.105+0000] {logging_mixin.py:149} INFO - [2023-08-13T08:29:43.105+0000] {dagbag.py:541} INFO - Filling up the DagBag from /home/airflow/.local/lib/python3.10/site-packages/airflow/example_dags/tutorial_dag.py
[2023-08-13T08:29:43.107+0000] {processor.py:836} INFO - DAG(s) dict_keys(['tutorial_dag']) retrieved from /home/airflow/.local/lib/python3.10/site-packages/airflow/example_dags/tutorial_dag.py
[2023-08-13T08:29:43.117+0000] {logging_mixin.py:149} INFO - [2023-08-13T08:29:43.117+0000] {dag.py:2726} INFO - Sync 1 DAGs
[2023-08-13T08:29:43.126+0000] {logging_mixin.py:149} INFO - [2023-08-13T08:29:43.126+0000] {dag.py:3486} INFO - Setting next_dagrun for tutorial_dag to None, run_after=None
[2023-08-13T08:29:43.133+0000] {processor.py:179} INFO - Processing /home/airflow/.local/lib/python3.10/site-packages/airflow/example_dags/tutorial_dag.py took 0.030 seconds
[2023-08-13T08:30:13.498+0000] {processor.py:157} INFO - Started process (PID=817) to work on /home/airflow/.local/lib/python3.10/site-packages/airflow/example_dags/tutorial_dag.py
[2023-08-13T08:30:13.499+0000] {processor.py:826} INFO - Processing file /home/airflow/.local/lib/python3.10/site-packages/airflow/example_dags/tutorial_dag.py for tasks to queue
[2023-08-13T08:30:13.499+0000] {logging_mixin.py:149} INFO - [2023-08-13T08:30:13.499+0000] {dagbag.py:541} INFO - Filling up the DagBag from /home/airflow/.local/lib/python3.10/site-packages/airflow/example_dags/tutorial_dag.py
[2023-08-13T08:30:13.501+0000] {processor.py:836} INFO - DAG(s) dict_keys(['tutorial_dag']) retrieved from /home/airflow/.local/lib/python3.10/site-packages/airflow/example_dags/tutorial_dag.py
[2023-08-13T08:30:13.511+0000] {logging_mixin.py:149} INFO - [2023-08-13T08:30:13.511+0000] {dag.py:2726} INFO - Sync 1 DAGs
[2023-08-13T08:30:13.521+0000] {logging_mixin.py:149} INFO - [2023-08-13T08:30:13.521+0000] {dag.py:3486} INFO - Setting next_dagrun for tutorial_dag to None, run_after=None
[2023-08-13T08:30:13.528+0000] {processor.py:179} INFO - Processing /home/airflow/.local/lib/python3.10/site-packages/airflow/example_dags/tutorial_dag.py took 0.031 seconds
[2023-08-13T08:30:43.980+0000] {processor.py:157} INFO - Started process (PID=894) to work on /home/airflow/.local/lib/python3.10/site-packages/airflow/example_dags/tutorial_dag.py
[2023-08-13T08:30:43.980+0000] {processor.py:826} INFO - Processing file /home/airflow/.local/lib/python3.10/site-packages/airflow/example_dags/tutorial_dag.py for tasks to queue
[2023-08-13T08:30:43.980+0000] {logging_mixin.py:149} INFO - [2023-08-13T08:30:43.980+0000] {dagbag.py:541} INFO - Filling up the DagBag from /home/airflow/.local/lib/python3.10/site-packages/airflow/example_dags/tutorial_dag.py
[2023-08-13T08:30:43.982+0000] {processor.py:836} INFO - DAG(s) dict_keys(['tutorial_dag']) retrieved from /home/airflow/.local/lib/python3.10/site-packages/airflow/example_dags/tutorial_dag.py
[2023-08-13T08:30:43.992+0000] {logging_mixin.py:149} INFO - [2023-08-13T08:30:43.992+0000] {dag.py:2726} INFO - Sync 1 DAGs
[2023-08-13T08:30:44.002+0000] {logging_mixin.py:149} INFO - [2023-08-13T08:30:44.002+0000] {dag.py:3486} INFO - Setting next_dagrun for tutorial_dag to None, run_after=None
[2023-08-13T08:30:44.009+0000] {processor.py:179} INFO - Processing /home/airflow/.local/lib/python3.10/site-packages/airflow/example_dags/tutorial_dag.py took 0.031 seconds
[2023-08-13T08:31:14.340+0000] {processor.py:157} INFO - Started process (PID=971) to work on /home/airflow/.local/lib/python3.10/site-packages/airflow/example_dags/tutorial_dag.py
[2023-08-13T08:31:14.341+0000] {processor.py:826} INFO - Processing file /home/airflow/.local/lib/python3.10/site-packages/airflow/example_dags/tutorial_dag.py for tasks to queue
[2023-08-13T08:31:14.341+0000] {logging_mixin.py:149} INFO - [2023-08-13T08:31:14.341+0000] {dagbag.py:541} INFO - Filling up the DagBag from /home/airflow/.local/lib/python3.10/site-packages/airflow/example_dags/tutorial_dag.py
[2023-08-13T08:31:14.343+0000] {processor.py:836} INFO - DAG(s) dict_keys(['tutorial_dag']) retrieved from /home/airflow/.local/lib/python3.10/site-packages/airflow/example_dags/tutorial_dag.py
[2023-08-13T08:31:14.353+0000] {logging_mixin.py:149} INFO - [2023-08-13T08:31:14.353+0000] {dag.py:2726} INFO - Sync 1 DAGs
[2023-08-13T08:31:14.363+0000] {logging_mixin.py:149} INFO - [2023-08-13T08:31:14.363+0000] {dag.py:3486} INFO - Setting next_dagrun for tutorial_dag to None, run_after=None
[2023-08-13T08:31:14.370+0000] {processor.py:179} INFO - Processing /home/airflow/.local/lib/python3.10/site-packages/airflow/example_dags/tutorial_dag.py took 0.031 seconds
[2023-08-13T08:31:44.847+0000] {processor.py:157} INFO - Started process (PID=1048) to work on /home/airflow/.local/lib/python3.10/site-packages/airflow/example_dags/tutorial_dag.py
[2023-08-13T08:31:44.847+0000] {processor.py:826} INFO - Processing file /home/airflow/.local/lib/python3.10/site-packages/airflow/example_dags/tutorial_dag.py for tasks to queue
[2023-08-13T08:31:44.847+0000] {logging_mixin.py:149} INFO - [2023-08-13T08:31:44.847+0000] {dagbag.py:541} INFO - Filling up the DagBag from /home/airflow/.local/lib/python3.10/site-packages/airflow/example_dags/tutorial_dag.py
[2023-08-13T08:31:44.849+0000] {processor.py:836} INFO - DAG(s) dict_keys(['tutorial_dag']) retrieved from /home/airflow/.local/lib/python3.10/site-packages/airflow/example_dags/tutorial_dag.py
[2023-08-13T08:31:44.860+0000] {logging_mixin.py:149} INFO - [2023-08-13T08:31:44.860+0000] {dag.py:2726} INFO - Sync 1 DAGs
[2023-08-13T08:31:44.869+0000] {logging_mixin.py:149} INFO - [2023-08-13T08:31:44.869+0000] {dag.py:3486} INFO - Setting next_dagrun for tutorial_dag to None, run_after=None
[2023-08-13T08:31:44.876+0000] {processor.py:179} INFO - Processing /home/airflow/.local/lib/python3.10/site-packages/airflow/example_dags/tutorial_dag.py took 0.031 seconds
[2023-08-13T08:32:15.163+0000] {processor.py:157} INFO - Started process (PID=1125) to work on /home/airflow/.local/lib/python3.10/site-packages/airflow/example_dags/tutorial_dag.py
[2023-08-13T08:32:15.163+0000] {processor.py:826} INFO - Processing file /home/airflow/.local/lib/python3.10/site-packages/airflow/example_dags/tutorial_dag.py for tasks to queue
[2023-08-13T08:32:15.163+0000] {logging_mixin.py:149} INFO - [2023-08-13T08:32:15.163+0000] {dagbag.py:541} INFO - Filling up the DagBag from /home/airflow/.local/lib/python3.10/site-packages/airflow/example_dags/tutorial_dag.py
[2023-08-13T08:32:15.165+0000] {processor.py:836} INFO - DAG(s) dict_keys(['tutorial_dag']) retrieved from /home/airflow/.local/lib/python3.10/site-packages/airflow/example_dags/tutorial_dag.py
[2023-08-13T08:32:15.174+0000] {logging_mixin.py:149} INFO - [2023-08-13T08:32:15.174+0000] {dag.py:2726} INFO - Sync 1 DAGs
[2023-08-13T08:32:15.184+0000] {logging_mixin.py:149} INFO - [2023-08-13T08:32:15.184+0000] {dag.py:3486} INFO - Setting next_dagrun for tutorial_dag to None, run_after=None
[2023-08-13T08:32:15.190+0000] {processor.py:179} INFO - Processing /home/airflow/.local/lib/python3.10/site-packages/airflow/example_dags/tutorial_dag.py took 0.029 seconds
[2023-08-13T08:32:45.486+0000] {processor.py:157} INFO - Started process (PID=1202) to work on /home/airflow/.local/lib/python3.10/site-packages/airflow/example_dags/tutorial_dag.py
[2023-08-13T08:32:45.487+0000] {processor.py:826} INFO - Processing file /home/airflow/.local/lib/python3.10/site-packages/airflow/example_dags/tutorial_dag.py for tasks to queue
[2023-08-13T08:32:45.487+0000] {logging_mixin.py:149} INFO - [2023-08-13T08:32:45.487+0000] {dagbag.py:541} INFO - Filling up the DagBag from /home/airflow/.local/lib/python3.10/site-packages/airflow/example_dags/tutorial_dag.py
[2023-08-13T08:32:45.489+0000] {processor.py:836} INFO - DAG(s) dict_keys(['tutorial_dag']) retrieved from /home/airflow/.local/lib/python3.10/site-packages/airflow/example_dags/tutorial_dag.py
[2023-08-13T08:32:45.499+0000] {logging_mixin.py:149} INFO - [2023-08-13T08:32:45.499+0000] {dag.py:2726} INFO - Sync 1 DAGs
[2023-08-13T08:32:45.508+0000] {logging_mixin.py:149} INFO - [2023-08-13T08:32:45.508+0000] {dag.py:3486} INFO - Setting next_dagrun for tutorial_dag to None, run_after=None
[2023-08-13T08:32:45.515+0000] {processor.py:179} INFO - Processing /home/airflow/.local/lib/python3.10/site-packages/airflow/example_dags/tutorial_dag.py took 0.030 seconds
[2023-08-13T08:33:15.768+0000] {processor.py:157} INFO - Started process (PID=1279) to work on /home/airflow/.local/lib/python3.10/site-packages/airflow/example_dags/tutorial_dag.py
[2023-08-13T08:33:15.769+0000] {processor.py:826} INFO - Processing file /home/airflow/.local/lib/python3.10/site-packages/airflow/example_dags/tutorial_dag.py for tasks to queue
[2023-08-13T08:33:15.769+0000] {logging_mixin.py:149} INFO - [2023-08-13T08:33:15.769+0000] {dagbag.py:541} INFO - Filling up the DagBag from /home/airflow/.local/lib/python3.10/site-packages/airflow/example_dags/tutorial_dag.py
[2023-08-13T08:33:15.771+0000] {processor.py:836} INFO - DAG(s) dict_keys(['tutorial_dag']) retrieved from /home/airflow/.local/lib/python3.10/site-packages/airflow/example_dags/tutorial_dag.py
[2023-08-13T08:33:15.781+0000] {logging_mixin.py:149} INFO - [2023-08-13T08:33:15.780+0000] {dag.py:2726} INFO - Sync 1 DAGs
[2023-08-13T08:33:15.790+0000] {logging_mixin.py:149} INFO - [2023-08-13T08:33:15.790+0000] {dag.py:3486} INFO - Setting next_dagrun for tutorial_dag to None, run_after=None
[2023-08-13T08:33:15.797+0000] {processor.py:179} INFO - Processing /home/airflow/.local/lib/python3.10/site-packages/airflow/example_dags/tutorial_dag.py took 0.030 seconds
[2023-08-13T08:33:46.046+0000] {processor.py:157} INFO - Started process (PID=1356) to work on /home/airflow/.local/lib/python3.10/site-packages/airflow/example_dags/tutorial_dag.py
[2023-08-13T08:33:46.047+0000] {processor.py:826} INFO - Processing file /home/airflow/.local/lib/python3.10/site-packages/airflow/example_dags/tutorial_dag.py for tasks to queue
[2023-08-13T08:33:46.047+0000] {logging_mixin.py:149} INFO - [2023-08-13T08:33:46.047+0000] {dagbag.py:541} INFO - Filling up the DagBag from /home/airflow/.local/lib/python3.10/site-packages/airflow/example_dags/tutorial_dag.py
[2023-08-13T08:33:46.049+0000] {processor.py:836} INFO - DAG(s) dict_keys(['tutorial_dag']) retrieved from /home/airflow/.local/lib/python3.10/site-packages/airflow/example_dags/tutorial_dag.py
[2023-08-13T08:33:46.058+0000] {logging_mixin.py:149} INFO - [2023-08-13T08:33:46.058+0000] {dag.py:2726} INFO - Sync 1 DAGs
[2023-08-13T08:33:46.068+0000] {logging_mixin.py:149} INFO - [2023-08-13T08:33:46.068+0000] {dag.py:3486} INFO - Setting next_dagrun for tutorial_dag to None, run_after=None
[2023-08-13T08:33:46.075+0000] {processor.py:179} INFO - Processing /home/airflow/.local/lib/python3.10/site-packages/airflow/example_dags/tutorial_dag.py took 0.031 seconds
[2023-08-13T08:34:16.500+0000] {processor.py:157} INFO - Started process (PID=1433) to work on /home/airflow/.local/lib/python3.10/site-packages/airflow/example_dags/tutorial_dag.py
[2023-08-13T08:34:16.500+0000] {processor.py:826} INFO - Processing file /home/airflow/.local/lib/python3.10/site-packages/airflow/example_dags/tutorial_dag.py for tasks to queue
[2023-08-13T08:34:16.500+0000] {logging_mixin.py:149} INFO - [2023-08-13T08:34:16.500+0000] {dagbag.py:541} INFO - Filling up the DagBag from /home/airflow/.local/lib/python3.10/site-packages/airflow/example_dags/tutorial_dag.py
[2023-08-13T08:34:16.502+0000] {processor.py:836} INFO - DAG(s) dict_keys(['tutorial_dag']) retrieved from /home/airflow/.local/lib/python3.10/site-packages/airflow/example_dags/tutorial_dag.py
[2023-08-13T08:34:16.513+0000] {logging_mixin.py:149} INFO - [2023-08-13T08:34:16.513+0000] {dag.py:2726} INFO - Sync 1 DAGs
[2023-08-13T08:34:16.523+0000] {logging_mixin.py:149} INFO - [2023-08-13T08:34:16.523+0000] {dag.py:3486} INFO - Setting next_dagrun for tutorial_dag to None, run_after=None
[2023-08-13T08:34:16.530+0000] {processor.py:179} INFO - Processing /home/airflow/.local/lib/python3.10/site-packages/airflow/example_dags/tutorial_dag.py took 0.032 seconds
[2023-08-13T08:34:46.798+0000] {processor.py:157} INFO - Started process (PID=1510) to work on /home/airflow/.local/lib/python3.10/site-packages/airflow/example_dags/tutorial_dag.py
[2023-08-13T08:34:46.798+0000] {processor.py:826} INFO - Processing file /home/airflow/.local/lib/python3.10/site-packages/airflow/example_dags/tutorial_dag.py for tasks to queue
[2023-08-13T08:34:46.798+0000] {logging_mixin.py:149} INFO - [2023-08-13T08:34:46.798+0000] {dagbag.py:541} INFO - Filling up the DagBag from /home/airflow/.local/lib/python3.10/site-packages/airflow/example_dags/tutorial_dag.py
[2023-08-13T08:34:46.800+0000] {processor.py:836} INFO - DAG(s) dict_keys(['tutorial_dag']) retrieved from /home/airflow/.local/lib/python3.10/site-packages/airflow/example_dags/tutorial_dag.py
[2023-08-13T08:34:46.810+0000] {logging_mixin.py:149} INFO - [2023-08-13T08:34:46.810+0000] {dag.py:2726} INFO - Sync 1 DAGs
[2023-08-13T08:34:46.820+0000] {logging_mixin.py:149} INFO - [2023-08-13T08:34:46.820+0000] {dag.py:3486} INFO - Setting next_dagrun for tutorial_dag to None, run_after=None
[2023-08-13T08:34:46.827+0000] {processor.py:179} INFO - Processing /home/airflow/.local/lib/python3.10/site-packages/airflow/example_dags/tutorial_dag.py took 0.030 seconds
[2023-08-13T08:35:17.236+0000] {processor.py:157} INFO - Started process (PID=1586) to work on /home/airflow/.local/lib/python3.10/site-packages/airflow/example_dags/tutorial_dag.py
[2023-08-13T08:35:17.237+0000] {processor.py:826} INFO - Processing file /home/airflow/.local/lib/python3.10/site-packages/airflow/example_dags/tutorial_dag.py for tasks to queue
[2023-08-13T08:35:17.237+0000] {logging_mixin.py:149} INFO - [2023-08-13T08:35:17.237+0000] {dagbag.py:541} INFO - Filling up the DagBag from /home/airflow/.local/lib/python3.10/site-packages/airflow/example_dags/tutorial_dag.py
[2023-08-13T08:35:17.239+0000] {processor.py:836} INFO - DAG(s) dict_keys(['tutorial_dag']) retrieved from /home/airflow/.local/lib/python3.10/site-packages/airflow/example_dags/tutorial_dag.py
[2023-08-13T08:35:17.249+0000] {logging_mixin.py:149} INFO - [2023-08-13T08:35:17.249+0000] {dag.py:2726} INFO - Sync 1 DAGs
[2023-08-13T08:35:17.259+0000] {logging_mixin.py:149} INFO - [2023-08-13T08:35:17.259+0000] {dag.py:3486} INFO - Setting next_dagrun for tutorial_dag to None, run_after=None
[2023-08-13T08:35:17.266+0000] {processor.py:179} INFO - Processing /home/airflow/.local/lib/python3.10/site-packages/airflow/example_dags/tutorial_dag.py took 0.031 seconds
[2023-08-13T08:35:47.509+0000] {processor.py:157} INFO - Started process (PID=1663) to work on /home/airflow/.local/lib/python3.10/site-packages/airflow/example_dags/tutorial_dag.py
[2023-08-13T08:35:47.510+0000] {processor.py:826} INFO - Processing file /home/airflow/.local/lib/python3.10/site-packages/airflow/example_dags/tutorial_dag.py for tasks to queue
[2023-08-13T08:35:47.510+0000] {logging_mixin.py:149} INFO - [2023-08-13T08:35:47.510+0000] {dagbag.py:541} INFO - Filling up the DagBag from /home/airflow/.local/lib/python3.10/site-packages/airflow/example_dags/tutorial_dag.py
[2023-08-13T08:35:47.512+0000] {processor.py:836} INFO - DAG(s) dict_keys(['tutorial_dag']) retrieved from /home/airflow/.local/lib/python3.10/site-packages/airflow/example_dags/tutorial_dag.py
[2023-08-13T08:35:47.522+0000] {logging_mixin.py:149} INFO - [2023-08-13T08:35:47.522+0000] {dag.py:2726} INFO - Sync 1 DAGs
[2023-08-13T08:35:47.532+0000] {logging_mixin.py:149} INFO - [2023-08-13T08:35:47.532+0000] {dag.py:3486} INFO - Setting next_dagrun for tutorial_dag to None, run_after=None
[2023-08-13T08:35:47.539+0000] {processor.py:179} INFO - Processing /home/airflow/.local/lib/python3.10/site-packages/airflow/example_dags/tutorial_dag.py took 0.031 seconds
[2023-08-13T08:36:17.925+0000] {processor.py:157} INFO - Started process (PID=1740) to work on /home/airflow/.local/lib/python3.10/site-packages/airflow/example_dags/tutorial_dag.py
[2023-08-13T08:36:17.926+0000] {processor.py:826} INFO - Processing file /home/airflow/.local/lib/python3.10/site-packages/airflow/example_dags/tutorial_dag.py for tasks to queue
[2023-08-13T08:36:17.926+0000] {logging_mixin.py:149} INFO - [2023-08-13T08:36:17.926+0000] {dagbag.py:541} INFO - Filling up the DagBag from /home/airflow/.local/lib/python3.10/site-packages/airflow/example_dags/tutorial_dag.py
[2023-08-13T08:36:17.928+0000] {processor.py:836} INFO - DAG(s) dict_keys(['tutorial_dag']) retrieved from /home/airflow/.local/lib/python3.10/site-packages/airflow/example_dags/tutorial_dag.py
[2023-08-13T08:36:17.938+0000] {logging_mixin.py:149} INFO - [2023-08-13T08:36:17.938+0000] {dag.py:2726} INFO - Sync 1 DAGs
[2023-08-13T08:36:17.947+0000] {logging_mixin.py:149} INFO - [2023-08-13T08:36:17.947+0000] {dag.py:3486} INFO - Setting next_dagrun for tutorial_dag to None, run_after=None
[2023-08-13T08:36:17.954+0000] {processor.py:179} INFO - Processing /home/airflow/.local/lib/python3.10/site-packages/airflow/example_dags/tutorial_dag.py took 0.030 seconds
[2023-08-13T08:36:48.226+0000] {processor.py:157} INFO - Started process (PID=1818) to work on /home/airflow/.local/lib/python3.10/site-packages/airflow/example_dags/tutorial_dag.py
[2023-08-13T08:36:48.227+0000] {processor.py:826} INFO - Processing file /home/airflow/.local/lib/python3.10/site-packages/airflow/example_dags/tutorial_dag.py for tasks to queue
[2023-08-13T08:36:48.227+0000] {logging_mixin.py:149} INFO - [2023-08-13T08:36:48.227+0000] {dagbag.py:541} INFO - Filling up the DagBag from /home/airflow/.local/lib/python3.10/site-packages/airflow/example_dags/tutorial_dag.py
[2023-08-13T08:36:48.229+0000] {processor.py:836} INFO - DAG(s) dict_keys(['tutorial_dag']) retrieved from /home/airflow/.local/lib/python3.10/site-packages/airflow/example_dags/tutorial_dag.py
[2023-08-13T08:36:48.239+0000] {logging_mixin.py:149} INFO - [2023-08-13T08:36:48.239+0000] {dag.py:2726} INFO - Sync 1 DAGs
[2023-08-13T08:36:48.249+0000] {logging_mixin.py:149} INFO - [2023-08-13T08:36:48.249+0000] {dag.py:3486} INFO - Setting next_dagrun for tutorial_dag to None, run_after=None
[2023-08-13T08:36:48.256+0000] {processor.py:179} INFO - Processing /home/airflow/.local/lib/python3.10/site-packages/airflow/example_dags/tutorial_dag.py took 0.031 seconds
[2023-08-13T08:37:18.544+0000] {processor.py:157} INFO - Started process (PID=1895) to work on /home/airflow/.local/lib/python3.10/site-packages/airflow/example_dags/tutorial_dag.py
[2023-08-13T08:37:18.545+0000] {processor.py:826} INFO - Processing file /home/airflow/.local/lib/python3.10/site-packages/airflow/example_dags/tutorial_dag.py for tasks to queue
[2023-08-13T08:37:18.545+0000] {logging_mixin.py:149} INFO - [2023-08-13T08:37:18.545+0000] {dagbag.py:541} INFO - Filling up the DagBag from /home/airflow/.local/lib/python3.10/site-packages/airflow/example_dags/tutorial_dag.py
[2023-08-13T08:37:18.547+0000] {processor.py:836} INFO - DAG(s) dict_keys(['tutorial_dag']) retrieved from /home/airflow/.local/lib/python3.10/site-packages/airflow/example_dags/tutorial_dag.py
[2023-08-13T08:37:18.557+0000] {logging_mixin.py:149} INFO - [2023-08-13T08:37:18.557+0000] {dag.py:2726} INFO - Sync 1 DAGs
[2023-08-13T08:37:18.567+0000] {logging_mixin.py:149} INFO - [2023-08-13T08:37:18.567+0000] {dag.py:3486} INFO - Setting next_dagrun for tutorial_dag to None, run_after=None
[2023-08-13T08:37:18.574+0000] {processor.py:179} INFO - Processing /home/airflow/.local/lib/python3.10/site-packages/airflow/example_dags/tutorial_dag.py took 0.031 seconds
[2023-08-13T08:37:48.983+0000] {processor.py:157} INFO - Started process (PID=1973) to work on /home/airflow/.local/lib/python3.10/site-packages/airflow/example_dags/tutorial_dag.py
[2023-08-13T08:37:48.983+0000] {processor.py:826} INFO - Processing file /home/airflow/.local/lib/python3.10/site-packages/airflow/example_dags/tutorial_dag.py for tasks to queue
[2023-08-13T08:37:48.984+0000] {logging_mixin.py:149} INFO - [2023-08-13T08:37:48.984+0000] {dagbag.py:541} INFO - Filling up the DagBag from /home/airflow/.local/lib/python3.10/site-packages/airflow/example_dags/tutorial_dag.py
[2023-08-13T08:37:48.986+0000] {processor.py:836} INFO - DAG(s) dict_keys(['tutorial_dag']) retrieved from /home/airflow/.local/lib/python3.10/site-packages/airflow/example_dags/tutorial_dag.py
[2023-08-13T08:37:48.995+0000] {logging_mixin.py:149} INFO - [2023-08-13T08:37:48.995+0000] {dag.py:2726} INFO - Sync 1 DAGs
[2023-08-13T08:37:49.005+0000] {logging_mixin.py:149} INFO - [2023-08-13T08:37:49.004+0000] {dag.py:3486} INFO - Setting next_dagrun for tutorial_dag to None, run_after=None
[2023-08-13T08:37:49.012+0000] {processor.py:179} INFO - Processing /home/airflow/.local/lib/python3.10/site-packages/airflow/example_dags/tutorial_dag.py took 0.030 seconds
[2023-08-13T08:38:19.271+0000] {processor.py:157} INFO - Started process (PID=2050) to work on /home/airflow/.local/lib/python3.10/site-packages/airflow/example_dags/tutorial_dag.py
[2023-08-13T08:38:19.271+0000] {processor.py:826} INFO - Processing file /home/airflow/.local/lib/python3.10/site-packages/airflow/example_dags/tutorial_dag.py for tasks to queue
[2023-08-13T08:38:19.271+0000] {logging_mixin.py:149} INFO - [2023-08-13T08:38:19.271+0000] {dagbag.py:541} INFO - Filling up the DagBag from /home/airflow/.local/lib/python3.10/site-packages/airflow/example_dags/tutorial_dag.py
[2023-08-13T08:38:19.273+0000] {processor.py:836} INFO - DAG(s) dict_keys(['tutorial_dag']) retrieved from /home/airflow/.local/lib/python3.10/site-packages/airflow/example_dags/tutorial_dag.py
[2023-08-13T08:38:19.283+0000] {logging_mixin.py:149} INFO - [2023-08-13T08:38:19.283+0000] {dag.py:2726} INFO - Sync 1 DAGs
[2023-08-13T08:38:19.293+0000] {logging_mixin.py:149} INFO - [2023-08-13T08:38:19.293+0000] {dag.py:3486} INFO - Setting next_dagrun for tutorial_dag to None, run_after=None
[2023-08-13T08:38:19.300+0000] {processor.py:179} INFO - Processing /home/airflow/.local/lib/python3.10/site-packages/airflow/example_dags/tutorial_dag.py took 0.030 seconds
[2023-08-13T08:38:49.758+0000] {processor.py:157} INFO - Started process (PID=2127) to work on /home/airflow/.local/lib/python3.10/site-packages/airflow/example_dags/tutorial_dag.py
[2023-08-13T08:38:49.758+0000] {processor.py:826} INFO - Processing file /home/airflow/.local/lib/python3.10/site-packages/airflow/example_dags/tutorial_dag.py for tasks to queue
[2023-08-13T08:38:49.759+0000] {logging_mixin.py:149} INFO - [2023-08-13T08:38:49.758+0000] {dagbag.py:541} INFO - Filling up the DagBag from /home/airflow/.local/lib/python3.10/site-packages/airflow/example_dags/tutorial_dag.py
[2023-08-13T08:38:49.760+0000] {processor.py:836} INFO - DAG(s) dict_keys(['tutorial_dag']) retrieved from /home/airflow/.local/lib/python3.10/site-packages/airflow/example_dags/tutorial_dag.py
[2023-08-13T08:38:49.771+0000] {logging_mixin.py:149} INFO - [2023-08-13T08:38:49.771+0000] {dag.py:2726} INFO - Sync 1 DAGs
[2023-08-13T08:38:49.781+0000] {logging_mixin.py:149} INFO - [2023-08-13T08:38:49.780+0000] {dag.py:3486} INFO - Setting next_dagrun for tutorial_dag to None, run_after=None
[2023-08-13T08:38:49.787+0000] {processor.py:179} INFO - Processing /home/airflow/.local/lib/python3.10/site-packages/airflow/example_dags/tutorial_dag.py took 0.031 seconds
[2023-08-13T08:39:20.316+0000] {processor.py:157} INFO - Started process (PID=2204) to work on /home/airflow/.local/lib/python3.10/site-packages/airflow/example_dags/tutorial_dag.py
[2023-08-13T08:39:20.316+0000] {processor.py:826} INFO - Processing file /home/airflow/.local/lib/python3.10/site-packages/airflow/example_dags/tutorial_dag.py for tasks to queue
[2023-08-13T08:39:20.316+0000] {logging_mixin.py:149} INFO - [2023-08-13T08:39:20.316+0000] {dagbag.py:541} INFO - Filling up the DagBag from /home/airflow/.local/lib/python3.10/site-packages/airflow/example_dags/tutorial_dag.py
[2023-08-13T08:39:20.318+0000] {processor.py:836} INFO - DAG(s) dict_keys(['tutorial_dag']) retrieved from /home/airflow/.local/lib/python3.10/site-packages/airflow/example_dags/tutorial_dag.py
[2023-08-13T08:39:20.328+0000] {logging_mixin.py:149} INFO - [2023-08-13T08:39:20.328+0000] {dag.py:2726} INFO - Sync 1 DAGs
[2023-08-13T08:39:20.338+0000] {logging_mixin.py:149} INFO - [2023-08-13T08:39:20.338+0000] {dag.py:3486} INFO - Setting next_dagrun for tutorial_dag to None, run_after=None
[2023-08-13T08:39:20.346+0000] {processor.py:179} INFO - Processing /home/airflow/.local/lib/python3.10/site-packages/airflow/example_dags/tutorial_dag.py took 0.032 seconds
[2023-08-13T08:39:50.635+0000] {processor.py:157} INFO - Started process (PID=2281) to work on /home/airflow/.local/lib/python3.10/site-packages/airflow/example_dags/tutorial_dag.py
[2023-08-13T08:39:50.635+0000] {processor.py:826} INFO - Processing file /home/airflow/.local/lib/python3.10/site-packages/airflow/example_dags/tutorial_dag.py for tasks to queue
[2023-08-13T08:39:50.636+0000] {logging_mixin.py:149} INFO - [2023-08-13T08:39:50.636+0000] {dagbag.py:541} INFO - Filling up the DagBag from /home/airflow/.local/lib/python3.10/site-packages/airflow/example_dags/tutorial_dag.py
[2023-08-13T08:39:50.638+0000] {processor.py:836} INFO - DAG(s) dict_keys(['tutorial_dag']) retrieved from /home/airflow/.local/lib/python3.10/site-packages/airflow/example_dags/tutorial_dag.py
[2023-08-13T08:39:50.647+0000] {logging_mixin.py:149} INFO - [2023-08-13T08:39:50.647+0000] {dag.py:2726} INFO - Sync 1 DAGs
[2023-08-13T08:39:50.657+0000] {logging_mixin.py:149} INFO - [2023-08-13T08:39:50.657+0000] {dag.py:3486} INFO - Setting next_dagrun for tutorial_dag to None, run_after=None
[2023-08-13T08:39:50.664+0000] {processor.py:179} INFO - Processing /home/airflow/.local/lib/python3.10/site-packages/airflow/example_dags/tutorial_dag.py took 0.031 seconds
[2023-08-13T08:40:20.984+0000] {processor.py:157} INFO - Started process (PID=2358) to work on /home/airflow/.local/lib/python3.10/site-packages/airflow/example_dags/tutorial_dag.py
[2023-08-13T08:40:20.984+0000] {processor.py:826} INFO - Processing file /home/airflow/.local/lib/python3.10/site-packages/airflow/example_dags/tutorial_dag.py for tasks to queue
[2023-08-13T08:40:20.984+0000] {logging_mixin.py:149} INFO - [2023-08-13T08:40:20.984+0000] {dagbag.py:541} INFO - Filling up the DagBag from /home/airflow/.local/lib/python3.10/site-packages/airflow/example_dags/tutorial_dag.py
[2023-08-13T08:40:20.986+0000] {processor.py:836} INFO - DAG(s) dict_keys(['tutorial_dag']) retrieved from /home/airflow/.local/lib/python3.10/site-packages/airflow/example_dags/tutorial_dag.py
[2023-08-13T08:40:20.997+0000] {logging_mixin.py:149} INFO - [2023-08-13T08:40:20.997+0000] {dag.py:2726} INFO - Sync 1 DAGs
[2023-08-13T08:40:21.006+0000] {logging_mixin.py:149} INFO - [2023-08-13T08:40:21.006+0000] {dag.py:3486} INFO - Setting next_dagrun for tutorial_dag to None, run_after=None
[2023-08-13T08:40:21.013+0000] {processor.py:179} INFO - Processing /home/airflow/.local/lib/python3.10/site-packages/airflow/example_dags/tutorial_dag.py took 0.031 seconds
[2023-08-13T08:40:51.445+0000] {processor.py:157} INFO - Started process (PID=2435) to work on /home/airflow/.local/lib/python3.10/site-packages/airflow/example_dags/tutorial_dag.py
[2023-08-13T08:40:51.445+0000] {processor.py:826} INFO - Processing file /home/airflow/.local/lib/python3.10/site-packages/airflow/example_dags/tutorial_dag.py for tasks to queue
[2023-08-13T08:40:51.445+0000] {logging_mixin.py:149} INFO - [2023-08-13T08:40:51.445+0000] {dagbag.py:541} INFO - Filling up the DagBag from /home/airflow/.local/lib/python3.10/site-packages/airflow/example_dags/tutorial_dag.py
[2023-08-13T08:40:51.447+0000] {processor.py:836} INFO - DAG(s) dict_keys(['tutorial_dag']) retrieved from /home/airflow/.local/lib/python3.10/site-packages/airflow/example_dags/tutorial_dag.py
[2023-08-13T08:40:51.459+0000] {logging_mixin.py:149} INFO - [2023-08-13T08:40:51.458+0000] {dag.py:2726} INFO - Sync 1 DAGs
[2023-08-13T08:40:51.469+0000] {logging_mixin.py:149} INFO - [2023-08-13T08:40:51.469+0000] {dag.py:3486} INFO - Setting next_dagrun for tutorial_dag to None, run_after=None
[2023-08-13T08:40:51.478+0000] {processor.py:179} INFO - Processing /home/airflow/.local/lib/python3.10/site-packages/airflow/example_dags/tutorial_dag.py took 0.034 seconds
[2023-08-13T08:41:21.925+0000] {processor.py:157} INFO - Started process (PID=2512) to work on /home/airflow/.local/lib/python3.10/site-packages/airflow/example_dags/tutorial_dag.py
[2023-08-13T08:41:21.926+0000] {processor.py:826} INFO - Processing file /home/airflow/.local/lib/python3.10/site-packages/airflow/example_dags/tutorial_dag.py for tasks to queue
[2023-08-13T08:41:21.926+0000] {logging_mixin.py:149} INFO - [2023-08-13T08:41:21.926+0000] {dagbag.py:541} INFO - Filling up the DagBag from /home/airflow/.local/lib/python3.10/site-packages/airflow/example_dags/tutorial_dag.py
[2023-08-13T08:41:21.928+0000] {processor.py:836} INFO - DAG(s) dict_keys(['tutorial_dag']) retrieved from /home/airflow/.local/lib/python3.10/site-packages/airflow/example_dags/tutorial_dag.py
[2023-08-13T08:41:21.937+0000] {logging_mixin.py:149} INFO - [2023-08-13T08:41:21.937+0000] {dag.py:2726} INFO - Sync 1 DAGs
[2023-08-13T08:41:21.947+0000] {logging_mixin.py:149} INFO - [2023-08-13T08:41:21.947+0000] {dag.py:3486} INFO - Setting next_dagrun for tutorial_dag to None, run_after=None
[2023-08-13T08:41:21.954+0000] {processor.py:179} INFO - Processing /home/airflow/.local/lib/python3.10/site-packages/airflow/example_dags/tutorial_dag.py took 0.030 seconds
[2023-08-13T08:41:52.239+0000] {processor.py:157} INFO - Started process (PID=2589) to work on /home/airflow/.local/lib/python3.10/site-packages/airflow/example_dags/tutorial_dag.py
[2023-08-13T08:41:52.239+0000] {processor.py:826} INFO - Processing file /home/airflow/.local/lib/python3.10/site-packages/airflow/example_dags/tutorial_dag.py for tasks to queue
[2023-08-13T08:41:52.239+0000] {logging_mixin.py:149} INFO - [2023-08-13T08:41:52.239+0000] {dagbag.py:541} INFO - Filling up the DagBag from /home/airflow/.local/lib/python3.10/site-packages/airflow/example_dags/tutorial_dag.py
[2023-08-13T08:41:52.241+0000] {processor.py:836} INFO - DAG(s) dict_keys(['tutorial_dag']) retrieved from /home/airflow/.local/lib/python3.10/site-packages/airflow/example_dags/tutorial_dag.py
[2023-08-13T08:41:52.251+0000] {logging_mixin.py:149} INFO - [2023-08-13T08:41:52.251+0000] {dag.py:2726} INFO - Sync 1 DAGs
[2023-08-13T08:41:52.260+0000] {logging_mixin.py:149} INFO - [2023-08-13T08:41:52.260+0000] {dag.py:3486} INFO - Setting next_dagrun for tutorial_dag to None, run_after=None
[2023-08-13T08:41:52.267+0000] {processor.py:179} INFO - Processing /home/airflow/.local/lib/python3.10/site-packages/airflow/example_dags/tutorial_dag.py took 0.030 seconds
[2023-08-13T08:42:22.650+0000] {processor.py:157} INFO - Started process (PID=2666) to work on /home/airflow/.local/lib/python3.10/site-packages/airflow/example_dags/tutorial_dag.py
[2023-08-13T08:42:22.650+0000] {processor.py:826} INFO - Processing file /home/airflow/.local/lib/python3.10/site-packages/airflow/example_dags/tutorial_dag.py for tasks to queue
[2023-08-13T08:42:22.650+0000] {logging_mixin.py:149} INFO - [2023-08-13T08:42:22.650+0000] {dagbag.py:541} INFO - Filling up the DagBag from /home/airflow/.local/lib/python3.10/site-packages/airflow/example_dags/tutorial_dag.py
[2023-08-13T08:42:22.652+0000] {processor.py:836} INFO - DAG(s) dict_keys(['tutorial_dag']) retrieved from /home/airflow/.local/lib/python3.10/site-packages/airflow/example_dags/tutorial_dag.py
[2023-08-13T08:42:22.662+0000] {logging_mixin.py:149} INFO - [2023-08-13T08:42:22.662+0000] {dag.py:2726} INFO - Sync 1 DAGs
[2023-08-13T08:42:22.671+0000] {logging_mixin.py:149} INFO - [2023-08-13T08:42:22.671+0000] {dag.py:3486} INFO - Setting next_dagrun for tutorial_dag to None, run_after=None
[2023-08-13T08:42:22.679+0000] {processor.py:179} INFO - Processing /home/airflow/.local/lib/python3.10/site-packages/airflow/example_dags/tutorial_dag.py took 0.031 seconds
[2023-08-13T08:42:53.145+0000] {processor.py:157} INFO - Started process (PID=2743) to work on /home/airflow/.local/lib/python3.10/site-packages/airflow/example_dags/tutorial_dag.py
[2023-08-13T08:42:53.145+0000] {processor.py:826} INFO - Processing file /home/airflow/.local/lib/python3.10/site-packages/airflow/example_dags/tutorial_dag.py for tasks to queue
[2023-08-13T08:42:53.145+0000] {logging_mixin.py:149} INFO - [2023-08-13T08:42:53.145+0000] {dagbag.py:541} INFO - Filling up the DagBag from /home/airflow/.local/lib/python3.10/site-packages/airflow/example_dags/tutorial_dag.py
[2023-08-13T08:42:53.147+0000] {processor.py:836} INFO - DAG(s) dict_keys(['tutorial_dag']) retrieved from /home/airflow/.local/lib/python3.10/site-packages/airflow/example_dags/tutorial_dag.py
[2023-08-13T08:42:53.158+0000] {logging_mixin.py:149} INFO - [2023-08-13T08:42:53.158+0000] {dag.py:2726} INFO - Sync 1 DAGs
[2023-08-13T08:42:53.167+0000] {logging_mixin.py:149} INFO - [2023-08-13T08:42:53.167+0000] {dag.py:3486} INFO - Setting next_dagrun for tutorial_dag to None, run_after=None
[2023-08-13T08:42:53.174+0000] {processor.py:179} INFO - Processing /home/airflow/.local/lib/python3.10/site-packages/airflow/example_dags/tutorial_dag.py took 0.031 seconds
[2023-08-13T08:43:23.660+0000] {processor.py:157} INFO - Started process (PID=2821) to work on /home/airflow/.local/lib/python3.10/site-packages/airflow/example_dags/tutorial_dag.py
[2023-08-13T08:43:23.660+0000] {processor.py:826} INFO - Processing file /home/airflow/.local/lib/python3.10/site-packages/airflow/example_dags/tutorial_dag.py for tasks to queue
[2023-08-13T08:43:23.660+0000] {logging_mixin.py:149} INFO - [2023-08-13T08:43:23.660+0000] {dagbag.py:541} INFO - Filling up the DagBag from /home/airflow/.local/lib/python3.10/site-packages/airflow/example_dags/tutorial_dag.py
[2023-08-13T08:43:23.662+0000] {processor.py:836} INFO - DAG(s) dict_keys(['tutorial_dag']) retrieved from /home/airflow/.local/lib/python3.10/site-packages/airflow/example_dags/tutorial_dag.py
[2023-08-13T08:43:23.672+0000] {logging_mixin.py:149} INFO - [2023-08-13T08:43:23.672+0000] {dag.py:2726} INFO - Sync 1 DAGs
[2023-08-13T08:43:23.682+0000] {logging_mixin.py:149} INFO - [2023-08-13T08:43:23.682+0000] {dag.py:3486} INFO - Setting next_dagrun for tutorial_dag to None, run_after=None
[2023-08-13T08:43:23.688+0000] {processor.py:179} INFO - Processing /home/airflow/.local/lib/python3.10/site-packages/airflow/example_dags/tutorial_dag.py took 0.030 seconds
[2023-08-13T08:43:53.981+0000] {processor.py:157} INFO - Started process (PID=2898) to work on /home/airflow/.local/lib/python3.10/site-packages/airflow/example_dags/tutorial_dag.py
[2023-08-13T08:43:53.982+0000] {processor.py:826} INFO - Processing file /home/airflow/.local/lib/python3.10/site-packages/airflow/example_dags/tutorial_dag.py for tasks to queue
[2023-08-13T08:43:53.982+0000] {logging_mixin.py:149} INFO - [2023-08-13T08:43:53.982+0000] {dagbag.py:541} INFO - Filling up the DagBag from /home/airflow/.local/lib/python3.10/site-packages/airflow/example_dags/tutorial_dag.py
[2023-08-13T08:43:53.984+0000] {processor.py:836} INFO - DAG(s) dict_keys(['tutorial_dag']) retrieved from /home/airflow/.local/lib/python3.10/site-packages/airflow/example_dags/tutorial_dag.py
[2023-08-13T08:43:53.993+0000] {logging_mixin.py:149} INFO - [2023-08-13T08:43:53.993+0000] {dag.py:2726} INFO - Sync 1 DAGs
[2023-08-13T08:43:54.002+0000] {logging_mixin.py:149} INFO - [2023-08-13T08:43:54.002+0000] {dag.py:3486} INFO - Setting next_dagrun for tutorial_dag to None, run_after=None
[2023-08-13T08:43:54.009+0000] {processor.py:179} INFO - Processing /home/airflow/.local/lib/python3.10/site-packages/airflow/example_dags/tutorial_dag.py took 0.029 seconds
[2023-08-13T08:44:24.301+0000] {processor.py:157} INFO - Started process (PID=2975) to work on /home/airflow/.local/lib/python3.10/site-packages/airflow/example_dags/tutorial_dag.py
[2023-08-13T08:44:24.301+0000] {processor.py:826} INFO - Processing file /home/airflow/.local/lib/python3.10/site-packages/airflow/example_dags/tutorial_dag.py for tasks to queue
[2023-08-13T08:44:24.301+0000] {logging_mixin.py:149} INFO - [2023-08-13T08:44:24.301+0000] {dagbag.py:541} INFO - Filling up the DagBag from /home/airflow/.local/lib/python3.10/site-packages/airflow/example_dags/tutorial_dag.py
[2023-08-13T08:44:24.303+0000] {processor.py:836} INFO - DAG(s) dict_keys(['tutorial_dag']) retrieved from /home/airflow/.local/lib/python3.10/site-packages/airflow/example_dags/tutorial_dag.py
[2023-08-13T08:44:24.314+0000] {logging_mixin.py:149} INFO - [2023-08-13T08:44:24.314+0000] {dag.py:2726} INFO - Sync 1 DAGs
[2023-08-13T08:44:24.324+0000] {logging_mixin.py:149} INFO - [2023-08-13T08:44:24.323+0000] {dag.py:3486} INFO - Setting next_dagrun for tutorial_dag to None, run_after=None
[2023-08-13T08:44:24.331+0000] {processor.py:179} INFO - Processing /home/airflow/.local/lib/python3.10/site-packages/airflow/example_dags/tutorial_dag.py took 0.031 seconds
[2023-08-13T08:44:54.724+0000] {processor.py:157} INFO - Started process (PID=3052) to work on /home/airflow/.local/lib/python3.10/site-packages/airflow/example_dags/tutorial_dag.py
[2023-08-13T08:44:54.725+0000] {processor.py:826} INFO - Processing file /home/airflow/.local/lib/python3.10/site-packages/airflow/example_dags/tutorial_dag.py for tasks to queue
[2023-08-13T08:44:54.725+0000] {logging_mixin.py:149} INFO - [2023-08-13T08:44:54.725+0000] {dagbag.py:541} INFO - Filling up the DagBag from /home/airflow/.local/lib/python3.10/site-packages/airflow/example_dags/tutorial_dag.py
[2023-08-13T08:44:54.727+0000] {processor.py:836} INFO - DAG(s) dict_keys(['tutorial_dag']) retrieved from /home/airflow/.local/lib/python3.10/site-packages/airflow/example_dags/tutorial_dag.py
[2023-08-13T08:44:54.738+0000] {logging_mixin.py:149} INFO - [2023-08-13T08:44:54.738+0000] {dag.py:2726} INFO - Sync 1 DAGs
[2023-08-13T08:44:54.748+0000] {logging_mixin.py:149} INFO - [2023-08-13T08:44:54.748+0000] {dag.py:3486} INFO - Setting next_dagrun for tutorial_dag to None, run_after=None
[2023-08-13T08:44:54.755+0000] {processor.py:179} INFO - Processing /home/airflow/.local/lib/python3.10/site-packages/airflow/example_dags/tutorial_dag.py took 0.032 seconds
[2023-08-13T08:45:25.150+0000] {processor.py:157} INFO - Started process (PID=3128) to work on /home/airflow/.local/lib/python3.10/site-packages/airflow/example_dags/tutorial_dag.py
[2023-08-13T08:45:25.151+0000] {processor.py:826} INFO - Processing file /home/airflow/.local/lib/python3.10/site-packages/airflow/example_dags/tutorial_dag.py for tasks to queue
[2023-08-13T08:45:25.151+0000] {logging_mixin.py:149} INFO - [2023-08-13T08:45:25.151+0000] {dagbag.py:541} INFO - Filling up the DagBag from /home/airflow/.local/lib/python3.10/site-packages/airflow/example_dags/tutorial_dag.py
[2023-08-13T08:45:25.153+0000] {processor.py:836} INFO - DAG(s) dict_keys(['tutorial_dag']) retrieved from /home/airflow/.local/lib/python3.10/site-packages/airflow/example_dags/tutorial_dag.py
[2023-08-13T08:45:25.162+0000] {logging_mixin.py:149} INFO - [2023-08-13T08:45:25.162+0000] {dag.py:2726} INFO - Sync 1 DAGs
[2023-08-13T08:45:25.172+0000] {logging_mixin.py:149} INFO - [2023-08-13T08:45:25.172+0000] {dag.py:3486} INFO - Setting next_dagrun for tutorial_dag to None, run_after=None
[2023-08-13T08:45:25.178+0000] {processor.py:179} INFO - Processing /home/airflow/.local/lib/python3.10/site-packages/airflow/example_dags/tutorial_dag.py took 0.029 seconds
[2023-08-13T08:45:55.647+0000] {processor.py:157} INFO - Started process (PID=3205) to work on /home/airflow/.local/lib/python3.10/site-packages/airflow/example_dags/tutorial_dag.py
[2023-08-13T08:45:55.647+0000] {processor.py:826} INFO - Processing file /home/airflow/.local/lib/python3.10/site-packages/airflow/example_dags/tutorial_dag.py for tasks to queue
[2023-08-13T08:45:55.647+0000] {logging_mixin.py:149} INFO - [2023-08-13T08:45:55.647+0000] {dagbag.py:541} INFO - Filling up the DagBag from /home/airflow/.local/lib/python3.10/site-packages/airflow/example_dags/tutorial_dag.py
[2023-08-13T08:45:55.649+0000] {processor.py:836} INFO - DAG(s) dict_keys(['tutorial_dag']) retrieved from /home/airflow/.local/lib/python3.10/site-packages/airflow/example_dags/tutorial_dag.py
[2023-08-13T08:45:55.659+0000] {logging_mixin.py:149} INFO - [2023-08-13T08:45:55.659+0000] {dag.py:2726} INFO - Sync 1 DAGs
[2023-08-13T08:45:55.668+0000] {logging_mixin.py:149} INFO - [2023-08-13T08:45:55.668+0000] {dag.py:3486} INFO - Setting next_dagrun for tutorial_dag to None, run_after=None
[2023-08-13T08:45:55.675+0000] {processor.py:179} INFO - Processing /home/airflow/.local/lib/python3.10/site-packages/airflow/example_dags/tutorial_dag.py took 0.030 seconds
[2023-08-13T08:46:26.053+0000] {processor.py:157} INFO - Started process (PID=3283) to work on /home/airflow/.local/lib/python3.10/site-packages/airflow/example_dags/tutorial_dag.py
[2023-08-13T08:46:26.053+0000] {processor.py:826} INFO - Processing file /home/airflow/.local/lib/python3.10/site-packages/airflow/example_dags/tutorial_dag.py for tasks to queue
[2023-08-13T08:46:26.054+0000] {logging_mixin.py:149} INFO - [2023-08-13T08:46:26.054+0000] {dagbag.py:541} INFO - Filling up the DagBag from /home/airflow/.local/lib/python3.10/site-packages/airflow/example_dags/tutorial_dag.py
[2023-08-13T08:46:26.056+0000] {processor.py:836} INFO - DAG(s) dict_keys(['tutorial_dag']) retrieved from /home/airflow/.local/lib/python3.10/site-packages/airflow/example_dags/tutorial_dag.py
[2023-08-13T08:46:26.066+0000] {logging_mixin.py:149} INFO - [2023-08-13T08:46:26.066+0000] {dag.py:2726} INFO - Sync 1 DAGs
[2023-08-13T08:46:26.076+0000] {logging_mixin.py:149} INFO - [2023-08-13T08:46:26.076+0000] {dag.py:3486} INFO - Setting next_dagrun for tutorial_dag to None, run_after=None
[2023-08-13T08:46:26.083+0000] {processor.py:179} INFO - Processing /home/airflow/.local/lib/python3.10/site-packages/airflow/example_dags/tutorial_dag.py took 0.031 seconds
[2023-08-13T08:46:56.391+0000] {processor.py:157} INFO - Started process (PID=3359) to work on /home/airflow/.local/lib/python3.10/site-packages/airflow/example_dags/tutorial_dag.py
[2023-08-13T08:46:56.391+0000] {processor.py:826} INFO - Processing file /home/airflow/.local/lib/python3.10/site-packages/airflow/example_dags/tutorial_dag.py for tasks to queue
[2023-08-13T08:46:56.391+0000] {logging_mixin.py:149} INFO - [2023-08-13T08:46:56.391+0000] {dagbag.py:541} INFO - Filling up the DagBag from /home/airflow/.local/lib/python3.10/site-packages/airflow/example_dags/tutorial_dag.py
[2023-08-13T08:46:56.393+0000] {processor.py:836} INFO - DAG(s) dict_keys(['tutorial_dag']) retrieved from /home/airflow/.local/lib/python3.10/site-packages/airflow/example_dags/tutorial_dag.py
[2023-08-13T08:46:56.403+0000] {logging_mixin.py:149} INFO - [2023-08-13T08:46:56.403+0000] {dag.py:2726} INFO - Sync 1 DAGs
[2023-08-13T08:46:56.413+0000] {logging_mixin.py:149} INFO - [2023-08-13T08:46:56.413+0000] {dag.py:3486} INFO - Setting next_dagrun for tutorial_dag to None, run_after=None
[2023-08-13T08:46:56.420+0000] {processor.py:179} INFO - Processing /home/airflow/.local/lib/python3.10/site-packages/airflow/example_dags/tutorial_dag.py took 0.030 seconds
[2023-08-13T08:47:27.017+0000] {processor.py:157} INFO - Started process (PID=3436) to work on /home/airflow/.local/lib/python3.10/site-packages/airflow/example_dags/tutorial_dag.py
[2023-08-13T08:47:27.017+0000] {processor.py:826} INFO - Processing file /home/airflow/.local/lib/python3.10/site-packages/airflow/example_dags/tutorial_dag.py for tasks to queue
[2023-08-13T08:47:27.017+0000] {logging_mixin.py:149} INFO - [2023-08-13T08:47:27.017+0000] {dagbag.py:541} INFO - Filling up the DagBag from /home/airflow/.local/lib/python3.10/site-packages/airflow/example_dags/tutorial_dag.py
[2023-08-13T08:47:27.019+0000] {processor.py:836} INFO - DAG(s) dict_keys(['tutorial_dag']) retrieved from /home/airflow/.local/lib/python3.10/site-packages/airflow/example_dags/tutorial_dag.py
[2023-08-13T08:47:27.029+0000] {logging_mixin.py:149} INFO - [2023-08-13T08:47:27.029+0000] {dag.py:2726} INFO - Sync 1 DAGs
[2023-08-13T08:47:27.038+0000] {logging_mixin.py:149} INFO - [2023-08-13T08:47:27.038+0000] {dag.py:3486} INFO - Setting next_dagrun for tutorial_dag to None, run_after=None
[2023-08-13T08:47:27.045+0000] {processor.py:179} INFO - Processing /home/airflow/.local/lib/python3.10/site-packages/airflow/example_dags/tutorial_dag.py took 0.030 seconds
[2023-08-13T08:47:58.107+0000] {processor.py:157} INFO - Started process (PID=3513) to work on /home/airflow/.local/lib/python3.10/site-packages/airflow/example_dags/tutorial_dag.py
[2023-08-13T08:47:58.108+0000] {processor.py:826} INFO - Processing file /home/airflow/.local/lib/python3.10/site-packages/airflow/example_dags/tutorial_dag.py for tasks to queue
[2023-08-13T08:47:58.108+0000] {logging_mixin.py:149} INFO - [2023-08-13T08:47:58.108+0000] {dagbag.py:541} INFO - Filling up the DagBag from /home/airflow/.local/lib/python3.10/site-packages/airflow/example_dags/tutorial_dag.py
[2023-08-13T08:47:58.112+0000] {processor.py:836} INFO - DAG(s) dict_keys(['tutorial_dag']) retrieved from /home/airflow/.local/lib/python3.10/site-packages/airflow/example_dags/tutorial_dag.py
[2023-08-13T08:47:58.125+0000] {logging_mixin.py:149} INFO - [2023-08-13T08:47:58.125+0000] {dag.py:2726} INFO - Sync 1 DAGs
[2023-08-13T08:47:58.135+0000] {logging_mixin.py:149} INFO - [2023-08-13T08:47:58.135+0000] {dag.py:3486} INFO - Setting next_dagrun for tutorial_dag to None, run_after=None
[2023-08-13T08:47:58.141+0000] {processor.py:179} INFO - Processing /home/airflow/.local/lib/python3.10/site-packages/airflow/example_dags/tutorial_dag.py took 0.037 seconds
[2023-08-13T08:48:28.714+0000] {processor.py:157} INFO - Started process (PID=3590) to work on /home/airflow/.local/lib/python3.10/site-packages/airflow/example_dags/tutorial_dag.py
[2023-08-13T08:48:28.715+0000] {processor.py:826} INFO - Processing file /home/airflow/.local/lib/python3.10/site-packages/airflow/example_dags/tutorial_dag.py for tasks to queue
[2023-08-13T08:48:28.715+0000] {logging_mixin.py:149} INFO - [2023-08-13T08:48:28.715+0000] {dagbag.py:541} INFO - Filling up the DagBag from /home/airflow/.local/lib/python3.10/site-packages/airflow/example_dags/tutorial_dag.py
[2023-08-13T08:48:28.717+0000] {processor.py:836} INFO - DAG(s) dict_keys(['tutorial_dag']) retrieved from /home/airflow/.local/lib/python3.10/site-packages/airflow/example_dags/tutorial_dag.py
[2023-08-13T08:48:28.727+0000] {logging_mixin.py:149} INFO - [2023-08-13T08:48:28.727+0000] {dag.py:2726} INFO - Sync 1 DAGs
[2023-08-13T08:48:28.736+0000] {logging_mixin.py:149} INFO - [2023-08-13T08:48:28.736+0000] {dag.py:3486} INFO - Setting next_dagrun for tutorial_dag to None, run_after=None
[2023-08-13T08:48:28.744+0000] {processor.py:179} INFO - Processing /home/airflow/.local/lib/python3.10/site-packages/airflow/example_dags/tutorial_dag.py took 0.031 seconds
[2023-08-13T08:48:59.633+0000] {processor.py:157} INFO - Started process (PID=3666) to work on /home/airflow/.local/lib/python3.10/site-packages/airflow/example_dags/tutorial_dag.py
[2023-08-13T08:48:59.633+0000] {processor.py:826} INFO - Processing file /home/airflow/.local/lib/python3.10/site-packages/airflow/example_dags/tutorial_dag.py for tasks to queue
[2023-08-13T08:48:59.633+0000] {logging_mixin.py:149} INFO - [2023-08-13T08:48:59.633+0000] {dagbag.py:541} INFO - Filling up the DagBag from /home/airflow/.local/lib/python3.10/site-packages/airflow/example_dags/tutorial_dag.py
[2023-08-13T08:48:59.635+0000] {processor.py:836} INFO - DAG(s) dict_keys(['tutorial_dag']) retrieved from /home/airflow/.local/lib/python3.10/site-packages/airflow/example_dags/tutorial_dag.py
[2023-08-13T08:48:59.645+0000] {logging_mixin.py:149} INFO - [2023-08-13T08:48:59.645+0000] {dag.py:2726} INFO - Sync 1 DAGs
[2023-08-13T08:48:59.654+0000] {logging_mixin.py:149} INFO - [2023-08-13T08:48:59.654+0000] {dag.py:3486} INFO - Setting next_dagrun for tutorial_dag to None, run_after=None
[2023-08-13T08:48:59.661+0000] {processor.py:179} INFO - Processing /home/airflow/.local/lib/python3.10/site-packages/airflow/example_dags/tutorial_dag.py took 0.030 seconds
[2023-08-13T08:49:30.054+0000] {processor.py:157} INFO - Started process (PID=3743) to work on /home/airflow/.local/lib/python3.10/site-packages/airflow/example_dags/tutorial_dag.py
[2023-08-13T08:49:30.055+0000] {processor.py:826} INFO - Processing file /home/airflow/.local/lib/python3.10/site-packages/airflow/example_dags/tutorial_dag.py for tasks to queue
[2023-08-13T08:49:30.055+0000] {logging_mixin.py:149} INFO - [2023-08-13T08:49:30.055+0000] {dagbag.py:541} INFO - Filling up the DagBag from /home/airflow/.local/lib/python3.10/site-packages/airflow/example_dags/tutorial_dag.py
[2023-08-13T08:49:30.057+0000] {processor.py:836} INFO - DAG(s) dict_keys(['tutorial_dag']) retrieved from /home/airflow/.local/lib/python3.10/site-packages/airflow/example_dags/tutorial_dag.py
[2023-08-13T08:49:30.067+0000] {logging_mixin.py:149} INFO - [2023-08-13T08:49:30.067+0000] {dag.py:2726} INFO - Sync 1 DAGs
[2023-08-13T08:49:30.077+0000] {logging_mixin.py:149} INFO - [2023-08-13T08:49:30.077+0000] {dag.py:3486} INFO - Setting next_dagrun for tutorial_dag to None, run_after=None
[2023-08-13T08:49:30.083+0000] {processor.py:179} INFO - Processing /home/airflow/.local/lib/python3.10/site-packages/airflow/example_dags/tutorial_dag.py took 0.030 seconds
[2023-08-13T08:50:01.301+0000] {processor.py:157} INFO - Started process (PID=3820) to work on /home/airflow/.local/lib/python3.10/site-packages/airflow/example_dags/tutorial_dag.py
[2023-08-13T08:50:01.301+0000] {processor.py:826} INFO - Processing file /home/airflow/.local/lib/python3.10/site-packages/airflow/example_dags/tutorial_dag.py for tasks to queue
[2023-08-13T08:50:01.302+0000] {logging_mixin.py:149} INFO - [2023-08-13T08:50:01.302+0000] {dagbag.py:541} INFO - Filling up the DagBag from /home/airflow/.local/lib/python3.10/site-packages/airflow/example_dags/tutorial_dag.py
[2023-08-13T08:50:01.303+0000] {processor.py:836} INFO - DAG(s) dict_keys(['tutorial_dag']) retrieved from /home/airflow/.local/lib/python3.10/site-packages/airflow/example_dags/tutorial_dag.py
[2023-08-13T08:50:01.314+0000] {logging_mixin.py:149} INFO - [2023-08-13T08:50:01.314+0000] {dag.py:2726} INFO - Sync 1 DAGs
[2023-08-13T08:50:01.378+0000] {logging_mixin.py:149} INFO - [2023-08-13T08:50:01.377+0000] {dag.py:3486} INFO - Setting next_dagrun for tutorial_dag to None, run_after=None
[2023-08-13T08:50:01.385+0000] {processor.py:179} INFO - Processing /home/airflow/.local/lib/python3.10/site-packages/airflow/example_dags/tutorial_dag.py took 0.085 seconds
[2023-08-13T08:50:31.510+0000] {processor.py:157} INFO - Started process (PID=3897) to work on /home/airflow/.local/lib/python3.10/site-packages/airflow/example_dags/tutorial_dag.py
[2023-08-13T08:50:31.510+0000] {processor.py:826} INFO - Processing file /home/airflow/.local/lib/python3.10/site-packages/airflow/example_dags/tutorial_dag.py for tasks to queue
[2023-08-13T08:50:31.510+0000] {logging_mixin.py:149} INFO - [2023-08-13T08:50:31.510+0000] {dagbag.py:541} INFO - Filling up the DagBag from /home/airflow/.local/lib/python3.10/site-packages/airflow/example_dags/tutorial_dag.py
[2023-08-13T08:50:31.512+0000] {processor.py:836} INFO - DAG(s) dict_keys(['tutorial_dag']) retrieved from /home/airflow/.local/lib/python3.10/site-packages/airflow/example_dags/tutorial_dag.py
[2023-08-13T08:50:31.523+0000] {logging_mixin.py:149} INFO - [2023-08-13T08:50:31.523+0000] {dag.py:2726} INFO - Sync 1 DAGs
[2023-08-13T08:50:31.589+0000] {logging_mixin.py:149} INFO - [2023-08-13T08:50:31.589+0000] {dag.py:3486} INFO - Setting next_dagrun for tutorial_dag to None, run_after=None
[2023-08-13T08:50:31.596+0000] {processor.py:179} INFO - Processing /home/airflow/.local/lib/python3.10/site-packages/airflow/example_dags/tutorial_dag.py took 0.088 seconds
[2023-08-13T08:51:02.516+0000] {processor.py:157} INFO - Started process (PID=3974) to work on /home/airflow/.local/lib/python3.10/site-packages/airflow/example_dags/tutorial_dag.py
[2023-08-13T08:51:02.521+0000] {processor.py:826} INFO - Processing file /home/airflow/.local/lib/python3.10/site-packages/airflow/example_dags/tutorial_dag.py for tasks to queue
[2023-08-13T08:51:02.521+0000] {logging_mixin.py:149} INFO - [2023-08-13T08:51:02.521+0000] {dagbag.py:541} INFO - Filling up the DagBag from /home/airflow/.local/lib/python3.10/site-packages/airflow/example_dags/tutorial_dag.py
[2023-08-13T08:51:02.523+0000] {processor.py:836} INFO - DAG(s) dict_keys(['tutorial_dag']) retrieved from /home/airflow/.local/lib/python3.10/site-packages/airflow/example_dags/tutorial_dag.py
[2023-08-13T08:51:02.533+0000] {logging_mixin.py:149} INFO - [2023-08-13T08:51:02.533+0000] {dag.py:2726} INFO - Sync 1 DAGs
[2023-08-13T08:51:02.543+0000] {logging_mixin.py:149} INFO - [2023-08-13T08:51:02.543+0000] {dag.py:3486} INFO - Setting next_dagrun for tutorial_dag to None, run_after=None
[2023-08-13T08:51:02.550+0000] {processor.py:179} INFO - Processing /home/airflow/.local/lib/python3.10/site-packages/airflow/example_dags/tutorial_dag.py took 0.036 seconds
[2023-08-13T08:51:32.939+0000] {processor.py:157} INFO - Started process (PID=4051) to work on /home/airflow/.local/lib/python3.10/site-packages/airflow/example_dags/tutorial_dag.py
[2023-08-13T08:51:32.945+0000] {processor.py:826} INFO - Processing file /home/airflow/.local/lib/python3.10/site-packages/airflow/example_dags/tutorial_dag.py for tasks to queue
[2023-08-13T08:51:32.945+0000] {logging_mixin.py:149} INFO - [2023-08-13T08:51:32.945+0000] {dagbag.py:541} INFO - Filling up the DagBag from /home/airflow/.local/lib/python3.10/site-packages/airflow/example_dags/tutorial_dag.py
[2023-08-13T08:51:32.953+0000] {processor.py:836} INFO - DAG(s) dict_keys(['tutorial_dag']) retrieved from /home/airflow/.local/lib/python3.10/site-packages/airflow/example_dags/tutorial_dag.py
[2023-08-13T08:51:32.969+0000] {logging_mixin.py:149} INFO - [2023-08-13T08:51:32.969+0000] {dag.py:2726} INFO - Sync 1 DAGs
[2023-08-13T08:51:32.979+0000] {logging_mixin.py:149} INFO - [2023-08-13T08:51:32.979+0000] {dag.py:3486} INFO - Setting next_dagrun for tutorial_dag to None, run_after=None
[2023-08-13T08:51:32.986+0000] {processor.py:179} INFO - Processing /home/airflow/.local/lib/python3.10/site-packages/airflow/example_dags/tutorial_dag.py took 0.049 seconds
[2023-08-13T08:52:03.285+0000] {processor.py:157} INFO - Started process (PID=4128) to work on /home/airflow/.local/lib/python3.10/site-packages/airflow/example_dags/tutorial_dag.py
[2023-08-13T08:52:03.285+0000] {processor.py:826} INFO - Processing file /home/airflow/.local/lib/python3.10/site-packages/airflow/example_dags/tutorial_dag.py for tasks to queue
[2023-08-13T08:52:03.285+0000] {logging_mixin.py:149} INFO - [2023-08-13T08:52:03.285+0000] {dagbag.py:541} INFO - Filling up the DagBag from /home/airflow/.local/lib/python3.10/site-packages/airflow/example_dags/tutorial_dag.py
[2023-08-13T08:52:03.287+0000] {processor.py:836} INFO - DAG(s) dict_keys(['tutorial_dag']) retrieved from /home/airflow/.local/lib/python3.10/site-packages/airflow/example_dags/tutorial_dag.py
[2023-08-13T08:52:03.298+0000] {logging_mixin.py:149} INFO - [2023-08-13T08:52:03.297+0000] {dag.py:2726} INFO - Sync 1 DAGs
[2023-08-13T08:52:03.363+0000] {logging_mixin.py:149} INFO - [2023-08-13T08:52:03.363+0000] {dag.py:3486} INFO - Setting next_dagrun for tutorial_dag to None, run_after=None
[2023-08-13T08:52:03.371+0000] {processor.py:179} INFO - Processing /home/airflow/.local/lib/python3.10/site-packages/airflow/example_dags/tutorial_dag.py took 0.087 seconds
[2023-08-13T08:52:34.225+0000] {processor.py:157} INFO - Started process (PID=4205) to work on /home/airflow/.local/lib/python3.10/site-packages/airflow/example_dags/tutorial_dag.py
[2023-08-13T08:52:34.225+0000] {processor.py:826} INFO - Processing file /home/airflow/.local/lib/python3.10/site-packages/airflow/example_dags/tutorial_dag.py for tasks to queue
[2023-08-13T08:52:34.226+0000] {logging_mixin.py:149} INFO - [2023-08-13T08:52:34.226+0000] {dagbag.py:541} INFO - Filling up the DagBag from /home/airflow/.local/lib/python3.10/site-packages/airflow/example_dags/tutorial_dag.py
[2023-08-13T08:52:34.228+0000] {processor.py:836} INFO - DAG(s) dict_keys(['tutorial_dag']) retrieved from /home/airflow/.local/lib/python3.10/site-packages/airflow/example_dags/tutorial_dag.py
[2023-08-13T08:52:34.240+0000] {logging_mixin.py:149} INFO - [2023-08-13T08:52:34.240+0000] {dag.py:2726} INFO - Sync 1 DAGs
[2023-08-13T08:52:34.250+0000] {logging_mixin.py:149} INFO - [2023-08-13T08:52:34.250+0000] {dag.py:3486} INFO - Setting next_dagrun for tutorial_dag to None, run_after=None
[2023-08-13T08:52:34.257+0000] {processor.py:179} INFO - Processing /home/airflow/.local/lib/python3.10/site-packages/airflow/example_dags/tutorial_dag.py took 0.033 seconds
[2023-08-13T08:53:04.925+0000] {processor.py:157} INFO - Started process (PID=4282) to work on /home/airflow/.local/lib/python3.10/site-packages/airflow/example_dags/tutorial_dag.py
[2023-08-13T08:53:04.926+0000] {processor.py:826} INFO - Processing file /home/airflow/.local/lib/python3.10/site-packages/airflow/example_dags/tutorial_dag.py for tasks to queue
[2023-08-13T08:53:04.926+0000] {logging_mixin.py:149} INFO - [2023-08-13T08:53:04.926+0000] {dagbag.py:541} INFO - Filling up the DagBag from /home/airflow/.local/lib/python3.10/site-packages/airflow/example_dags/tutorial_dag.py
[2023-08-13T08:53:04.928+0000] {processor.py:836} INFO - DAG(s) dict_keys(['tutorial_dag']) retrieved from /home/airflow/.local/lib/python3.10/site-packages/airflow/example_dags/tutorial_dag.py
[2023-08-13T08:53:04.939+0000] {logging_mixin.py:149} INFO - [2023-08-13T08:53:04.939+0000] {dag.py:2726} INFO - Sync 1 DAGs
[2023-08-13T08:53:04.949+0000] {logging_mixin.py:149} INFO - [2023-08-13T08:53:04.949+0000] {dag.py:3486} INFO - Setting next_dagrun for tutorial_dag to None, run_after=None
[2023-08-13T08:53:04.959+0000] {processor.py:179} INFO - Processing /home/airflow/.local/lib/python3.10/site-packages/airflow/example_dags/tutorial_dag.py took 0.035 seconds
[2023-08-13T08:53:35.944+0000] {processor.py:157} INFO - Started process (PID=4358) to work on /home/airflow/.local/lib/python3.10/site-packages/airflow/example_dags/tutorial_dag.py
[2023-08-13T08:53:35.945+0000] {processor.py:826} INFO - Processing file /home/airflow/.local/lib/python3.10/site-packages/airflow/example_dags/tutorial_dag.py for tasks to queue
[2023-08-13T08:53:35.945+0000] {logging_mixin.py:149} INFO - [2023-08-13T08:53:35.945+0000] {dagbag.py:541} INFO - Filling up the DagBag from /home/airflow/.local/lib/python3.10/site-packages/airflow/example_dags/tutorial_dag.py
[2023-08-13T08:53:35.947+0000] {processor.py:836} INFO - DAG(s) dict_keys(['tutorial_dag']) retrieved from /home/airflow/.local/lib/python3.10/site-packages/airflow/example_dags/tutorial_dag.py
[2023-08-13T08:53:35.957+0000] {logging_mixin.py:149} INFO - [2023-08-13T08:53:35.957+0000] {dag.py:2726} INFO - Sync 1 DAGs
[2023-08-13T08:53:36.023+0000] {logging_mixin.py:149} INFO - [2023-08-13T08:53:36.023+0000] {dag.py:3486} INFO - Setting next_dagrun for tutorial_dag to None, run_after=None
[2023-08-13T08:53:36.031+0000] {processor.py:179} INFO - Processing /home/airflow/.local/lib/python3.10/site-packages/airflow/example_dags/tutorial_dag.py took 0.088 seconds
[2023-08-13T08:54:06.950+0000] {processor.py:157} INFO - Started process (PID=4434) to work on /home/airflow/.local/lib/python3.10/site-packages/airflow/example_dags/tutorial_dag.py
[2023-08-13T08:54:06.950+0000] {processor.py:826} INFO - Processing file /home/airflow/.local/lib/python3.10/site-packages/airflow/example_dags/tutorial_dag.py for tasks to queue
[2023-08-13T08:54:06.950+0000] {logging_mixin.py:149} INFO - [2023-08-13T08:54:06.950+0000] {dagbag.py:541} INFO - Filling up the DagBag from /home/airflow/.local/lib/python3.10/site-packages/airflow/example_dags/tutorial_dag.py
[2023-08-13T08:54:06.952+0000] {processor.py:836} INFO - DAG(s) dict_keys(['tutorial_dag']) retrieved from /home/airflow/.local/lib/python3.10/site-packages/airflow/example_dags/tutorial_dag.py
[2023-08-13T08:54:06.963+0000] {logging_mixin.py:149} INFO - [2023-08-13T08:54:06.962+0000] {dag.py:2726} INFO - Sync 1 DAGs
[2023-08-13T08:54:06.972+0000] {logging_mixin.py:149} INFO - [2023-08-13T08:54:06.972+0000] {dag.py:3486} INFO - Setting next_dagrun for tutorial_dag to None, run_after=None
[2023-08-13T08:54:06.979+0000] {processor.py:179} INFO - Processing /home/airflow/.local/lib/python3.10/site-packages/airflow/example_dags/tutorial_dag.py took 0.031 seconds
[2023-08-13T08:54:37.162+0000] {processor.py:157} INFO - Started process (PID=4511) to work on /home/airflow/.local/lib/python3.10/site-packages/airflow/example_dags/tutorial_dag.py
[2023-08-13T08:54:37.162+0000] {processor.py:826} INFO - Processing file /home/airflow/.local/lib/python3.10/site-packages/airflow/example_dags/tutorial_dag.py for tasks to queue
[2023-08-13T08:54:37.162+0000] {logging_mixin.py:149} INFO - [2023-08-13T08:54:37.162+0000] {dagbag.py:541} INFO - Filling up the DagBag from /home/airflow/.local/lib/python3.10/site-packages/airflow/example_dags/tutorial_dag.py
[2023-08-13T08:54:37.164+0000] {processor.py:836} INFO - DAG(s) dict_keys(['tutorial_dag']) retrieved from /home/airflow/.local/lib/python3.10/site-packages/airflow/example_dags/tutorial_dag.py
[2023-08-13T08:54:37.175+0000] {logging_mixin.py:149} INFO - [2023-08-13T08:54:37.175+0000] {dag.py:2726} INFO - Sync 1 DAGs
[2023-08-13T08:54:37.184+0000] {logging_mixin.py:149} INFO - [2023-08-13T08:54:37.184+0000] {dag.py:3486} INFO - Setting next_dagrun for tutorial_dag to None, run_after=None
[2023-08-13T08:54:37.191+0000] {processor.py:179} INFO - Processing /home/airflow/.local/lib/python3.10/site-packages/airflow/example_dags/tutorial_dag.py took 0.031 seconds
[2023-08-13T08:55:07.464+0000] {processor.py:157} INFO - Started process (PID=4588) to work on /home/airflow/.local/lib/python3.10/site-packages/airflow/example_dags/tutorial_dag.py
[2023-08-13T08:55:07.464+0000] {processor.py:826} INFO - Processing file /home/airflow/.local/lib/python3.10/site-packages/airflow/example_dags/tutorial_dag.py for tasks to queue
[2023-08-13T08:55:07.464+0000] {logging_mixin.py:149} INFO - [2023-08-13T08:55:07.464+0000] {dagbag.py:541} INFO - Filling up the DagBag from /home/airflow/.local/lib/python3.10/site-packages/airflow/example_dags/tutorial_dag.py
[2023-08-13T08:55:07.466+0000] {processor.py:836} INFO - DAG(s) dict_keys(['tutorial_dag']) retrieved from /home/airflow/.local/lib/python3.10/site-packages/airflow/example_dags/tutorial_dag.py
[2023-08-13T08:55:07.477+0000] {logging_mixin.py:149} INFO - [2023-08-13T08:55:07.477+0000] {dag.py:2726} INFO - Sync 1 DAGs
[2023-08-13T08:55:07.487+0000] {logging_mixin.py:149} INFO - [2023-08-13T08:55:07.487+0000] {dag.py:3486} INFO - Setting next_dagrun for tutorial_dag to None, run_after=None
[2023-08-13T08:55:07.494+0000] {processor.py:179} INFO - Processing /home/airflow/.local/lib/python3.10/site-packages/airflow/example_dags/tutorial_dag.py took 0.032 seconds
