[2023-08-13T14:54:33.226+0000] {processor.py:157} INFO - Started process (PID=24) to work on /opt/airflow/dags/scripts/tune_ml.py
[2023-08-13T14:54:33.227+0000] {processor.py:826} INFO - Processing file /opt/airflow/dags/scripts/tune_ml.py for tasks to queue
[2023-08-13T14:54:33.227+0000] {logging_mixin.py:149} INFO - [2023-08-13T14:54:33.227+0000] {dagbag.py:541} INFO - Filling up the DagBag from /opt/airflow/dags/scripts/tune_ml.py
[2023-08-13T14:54:33.379+0000] {processor.py:836} INFO - DAG(s) dict_keys(['tune_dag']) retrieved from /opt/airflow/dags/scripts/tune_ml.py
[2023-08-13T14:54:33.415+0000] {logging_mixin.py:149} INFO - [2023-08-13T14:54:33.415+0000] {dag.py:2726} INFO - Sync 1 DAGs
[2023-08-13T14:54:33.424+0000] {logging_mixin.py:149} INFO - [2023-08-13T14:54:33.424+0000] {dag.py:3486} INFO - Setting next_dagrun for tune_dag to None, run_after=None
[2023-08-13T14:54:33.433+0000] {processor.py:179} INFO - Processing /opt/airflow/dags/scripts/tune_ml.py took 0.208 seconds
[2023-08-13T14:55:03.543+0000] {processor.py:157} INFO - Started process (PID=100) to work on /opt/airflow/dags/scripts/tune_ml.py
[2023-08-13T14:55:03.543+0000] {processor.py:826} INFO - Processing file /opt/airflow/dags/scripts/tune_ml.py for tasks to queue
[2023-08-13T14:55:03.543+0000] {logging_mixin.py:149} INFO - [2023-08-13T14:55:03.543+0000] {dagbag.py:541} INFO - Filling up the DagBag from /opt/airflow/dags/scripts/tune_ml.py
[2023-08-13T14:55:03.575+0000] {processor.py:836} INFO - DAG(s) dict_keys(['tune_dag']) retrieved from /opt/airflow/dags/scripts/tune_ml.py
[2023-08-13T14:55:03.586+0000] {logging_mixin.py:149} INFO - [2023-08-13T14:55:03.586+0000] {dag.py:2726} INFO - Sync 1 DAGs
[2023-08-13T14:55:03.595+0000] {logging_mixin.py:149} INFO - [2023-08-13T14:55:03.595+0000] {dag.py:3486} INFO - Setting next_dagrun for tune_dag to None, run_after=None
[2023-08-13T14:55:03.603+0000] {processor.py:179} INFO - Processing /opt/airflow/dags/scripts/tune_ml.py took 0.063 seconds
[2023-08-13T14:55:34.018+0000] {processor.py:157} INFO - Started process (PID=177) to work on /opt/airflow/dags/scripts/tune_ml.py
[2023-08-13T14:55:34.026+0000] {processor.py:826} INFO - Processing file /opt/airflow/dags/scripts/tune_ml.py for tasks to queue
[2023-08-13T14:55:34.027+0000] {logging_mixin.py:149} INFO - [2023-08-13T14:55:34.027+0000] {dagbag.py:541} INFO - Filling up the DagBag from /opt/airflow/dags/scripts/tune_ml.py
[2023-08-13T14:55:34.060+0000] {processor.py:836} INFO - DAG(s) dict_keys(['tune_dag']) retrieved from /opt/airflow/dags/scripts/tune_ml.py
[2023-08-13T14:55:34.070+0000] {logging_mixin.py:149} INFO - [2023-08-13T14:55:34.070+0000] {dag.py:2726} INFO - Sync 1 DAGs
[2023-08-13T14:55:34.079+0000] {logging_mixin.py:149} INFO - [2023-08-13T14:55:34.079+0000] {dag.py:3486} INFO - Setting next_dagrun for tune_dag to None, run_after=None
[2023-08-13T14:55:34.086+0000] {processor.py:179} INFO - Processing /opt/airflow/dags/scripts/tune_ml.py took 0.072 seconds
[2023-08-13T14:56:04.358+0000] {processor.py:157} INFO - Started process (PID=254) to work on /opt/airflow/dags/scripts/tune_ml.py
[2023-08-13T14:56:04.366+0000] {processor.py:826} INFO - Processing file /opt/airflow/dags/scripts/tune_ml.py for tasks to queue
[2023-08-13T14:56:04.367+0000] {logging_mixin.py:149} INFO - [2023-08-13T14:56:04.367+0000] {dagbag.py:541} INFO - Filling up the DagBag from /opt/airflow/dags/scripts/tune_ml.py
[2023-08-13T14:56:04.399+0000] {processor.py:836} INFO - DAG(s) dict_keys(['tune_dag']) retrieved from /opt/airflow/dags/scripts/tune_ml.py
[2023-08-13T14:56:04.408+0000] {logging_mixin.py:149} INFO - [2023-08-13T14:56:04.408+0000] {dag.py:2726} INFO - Sync 1 DAGs
[2023-08-13T14:56:04.417+0000] {logging_mixin.py:149} INFO - [2023-08-13T14:56:04.417+0000] {dag.py:3486} INFO - Setting next_dagrun for tune_dag to None, run_after=None
[2023-08-13T14:56:04.424+0000] {processor.py:179} INFO - Processing /opt/airflow/dags/scripts/tune_ml.py took 0.068 seconds
[2023-08-13T14:56:34.728+0000] {processor.py:157} INFO - Started process (PID=335) to work on /opt/airflow/dags/scripts/tune_ml.py
[2023-08-13T14:56:34.728+0000] {processor.py:826} INFO - Processing file /opt/airflow/dags/scripts/tune_ml.py for tasks to queue
[2023-08-13T14:56:34.729+0000] {logging_mixin.py:149} INFO - [2023-08-13T14:56:34.729+0000] {dagbag.py:541} INFO - Filling up the DagBag from /opt/airflow/dags/scripts/tune_ml.py
[2023-08-13T14:56:34.760+0000] {processor.py:836} INFO - DAG(s) dict_keys(['tune_dag']) retrieved from /opt/airflow/dags/scripts/tune_ml.py
[2023-08-13T14:56:34.770+0000] {logging_mixin.py:149} INFO - [2023-08-13T14:56:34.770+0000] {dag.py:2726} INFO - Sync 1 DAGs
[2023-08-13T14:56:34.787+0000] {processor.py:179} INFO - Processing /opt/airflow/dags/scripts/tune_ml.py took 0.061 seconds
[2023-08-13T14:57:05.070+0000] {processor.py:157} INFO - Started process (PID=412) to work on /opt/airflow/dags/scripts/tune_ml.py
[2023-08-13T14:57:05.070+0000] {processor.py:826} INFO - Processing file /opt/airflow/dags/scripts/tune_ml.py for tasks to queue
[2023-08-13T14:57:05.070+0000] {logging_mixin.py:149} INFO - [2023-08-13T14:57:05.070+0000] {dagbag.py:541} INFO - Filling up the DagBag from /opt/airflow/dags/scripts/tune_ml.py
[2023-08-13T14:57:05.102+0000] {processor.py:836} INFO - DAG(s) dict_keys(['tune_dag']) retrieved from /opt/airflow/dags/scripts/tune_ml.py
[2023-08-13T14:57:05.112+0000] {logging_mixin.py:149} INFO - [2023-08-13T14:57:05.112+0000] {dag.py:2726} INFO - Sync 1 DAGs
[2023-08-13T14:57:05.130+0000] {processor.py:179} INFO - Processing /opt/airflow/dags/scripts/tune_ml.py took 0.063 seconds
[2023-08-13T14:57:35.477+0000] {processor.py:157} INFO - Started process (PID=489) to work on /opt/airflow/dags/scripts/tune_ml.py
[2023-08-13T14:57:35.485+0000] {processor.py:826} INFO - Processing file /opt/airflow/dags/scripts/tune_ml.py for tasks to queue
[2023-08-13T14:57:35.486+0000] {logging_mixin.py:149} INFO - [2023-08-13T14:57:35.486+0000] {dagbag.py:541} INFO - Filling up the DagBag from /opt/airflow/dags/scripts/tune_ml.py
[2023-08-13T14:57:35.520+0000] {processor.py:836} INFO - DAG(s) dict_keys(['tune_dag']) retrieved from /opt/airflow/dags/scripts/tune_ml.py
[2023-08-13T14:57:35.529+0000] {logging_mixin.py:149} INFO - [2023-08-13T14:57:35.529+0000] {dag.py:2726} INFO - Sync 1 DAGs
[2023-08-13T14:57:35.546+0000] {processor.py:179} INFO - Processing /opt/airflow/dags/scripts/tune_ml.py took 0.070 seconds
[2023-08-13T14:58:05.760+0000] {processor.py:157} INFO - Started process (PID=566) to work on /opt/airflow/dags/scripts/tune_ml.py
[2023-08-13T14:58:05.761+0000] {processor.py:826} INFO - Processing file /opt/airflow/dags/scripts/tune_ml.py for tasks to queue
[2023-08-13T14:58:05.761+0000] {logging_mixin.py:149} INFO - [2023-08-13T14:58:05.761+0000] {dagbag.py:541} INFO - Filling up the DagBag from /opt/airflow/dags/scripts/tune_ml.py
[2023-08-13T14:58:05.799+0000] {processor.py:836} INFO - DAG(s) dict_keys(['tune_dag']) retrieved from /opt/airflow/dags/scripts/tune_ml.py
[2023-08-13T14:58:05.836+0000] {logging_mixin.py:149} INFO - [2023-08-13T14:58:05.836+0000] {dag.py:2726} INFO - Sync 1 DAGs
[2023-08-13T14:58:05.852+0000] {processor.py:179} INFO - Processing /opt/airflow/dags/scripts/tune_ml.py took 0.095 seconds
[2023-08-13T14:58:36.059+0000] {processor.py:157} INFO - Started process (PID=643) to work on /opt/airflow/dags/scripts/tune_ml.py
[2023-08-13T14:58:36.059+0000] {processor.py:826} INFO - Processing file /opt/airflow/dags/scripts/tune_ml.py for tasks to queue
[2023-08-13T14:58:36.059+0000] {logging_mixin.py:149} INFO - [2023-08-13T14:58:36.059+0000] {dagbag.py:541} INFO - Filling up the DagBag from /opt/airflow/dags/scripts/tune_ml.py
[2023-08-13T14:58:36.093+0000] {processor.py:836} INFO - DAG(s) dict_keys(['tune_dag']) retrieved from /opt/airflow/dags/scripts/tune_ml.py
[2023-08-13T14:58:36.103+0000] {logging_mixin.py:149} INFO - [2023-08-13T14:58:36.103+0000] {dag.py:2726} INFO - Sync 1 DAGs
[2023-08-13T14:58:36.119+0000] {processor.py:179} INFO - Processing /opt/airflow/dags/scripts/tune_ml.py took 0.062 seconds
[2023-08-13T14:59:06.381+0000] {processor.py:157} INFO - Started process (PID=720) to work on /opt/airflow/dags/scripts/tune_ml.py
[2023-08-13T14:59:06.381+0000] {processor.py:826} INFO - Processing file /opt/airflow/dags/scripts/tune_ml.py for tasks to queue
[2023-08-13T14:59:06.382+0000] {logging_mixin.py:149} INFO - [2023-08-13T14:59:06.382+0000] {dagbag.py:541} INFO - Filling up the DagBag from /opt/airflow/dags/scripts/tune_ml.py
[2023-08-13T14:59:06.413+0000] {processor.py:836} INFO - DAG(s) dict_keys(['tune_dag']) retrieved from /opt/airflow/dags/scripts/tune_ml.py
[2023-08-13T14:59:06.423+0000] {logging_mixin.py:149} INFO - [2023-08-13T14:59:06.423+0000] {dag.py:2726} INFO - Sync 1 DAGs
[2023-08-13T14:59:06.440+0000] {processor.py:179} INFO - Processing /opt/airflow/dags/scripts/tune_ml.py took 0.060 seconds
[2023-08-13T14:59:36.686+0000] {processor.py:157} INFO - Started process (PID=796) to work on /opt/airflow/dags/scripts/tune_ml.py
[2023-08-13T14:59:36.694+0000] {processor.py:826} INFO - Processing file /opt/airflow/dags/scripts/tune_ml.py for tasks to queue
[2023-08-13T14:59:36.694+0000] {logging_mixin.py:149} INFO - [2023-08-13T14:59:36.694+0000] {dagbag.py:541} INFO - Filling up the DagBag from /opt/airflow/dags/scripts/tune_ml.py
[2023-08-13T14:59:36.727+0000] {processor.py:836} INFO - DAG(s) dict_keys(['tune_dag']) retrieved from /opt/airflow/dags/scripts/tune_ml.py
[2023-08-13T14:59:36.737+0000] {logging_mixin.py:149} INFO - [2023-08-13T14:59:36.737+0000] {dag.py:2726} INFO - Sync 1 DAGs
[2023-08-13T14:59:36.754+0000] {processor.py:179} INFO - Processing /opt/airflow/dags/scripts/tune_ml.py took 0.070 seconds
[2023-08-13T15:00:06.977+0000] {processor.py:157} INFO - Started process (PID=873) to work on /opt/airflow/dags/scripts/tune_ml.py
[2023-08-13T15:00:06.977+0000] {processor.py:826} INFO - Processing file /opt/airflow/dags/scripts/tune_ml.py for tasks to queue
[2023-08-13T15:00:06.977+0000] {logging_mixin.py:149} INFO - [2023-08-13T15:00:06.977+0000] {dagbag.py:541} INFO - Filling up the DagBag from /opt/airflow/dags/scripts/tune_ml.py
[2023-08-13T15:00:07.009+0000] {processor.py:836} INFO - DAG(s) dict_keys(['tune_dag']) retrieved from /opt/airflow/dags/scripts/tune_ml.py
[2023-08-13T15:00:07.019+0000] {logging_mixin.py:149} INFO - [2023-08-13T15:00:07.019+0000] {dag.py:2726} INFO - Sync 1 DAGs
[2023-08-13T15:00:07.036+0000] {processor.py:179} INFO - Processing /opt/airflow/dags/scripts/tune_ml.py took 0.060 seconds
[2023-08-13T15:00:37.440+0000] {processor.py:157} INFO - Started process (PID=949) to work on /opt/airflow/dags/scripts/tune_ml.py
[2023-08-13T15:00:37.449+0000] {processor.py:826} INFO - Processing file /opt/airflow/dags/scripts/tune_ml.py for tasks to queue
[2023-08-13T15:00:37.449+0000] {logging_mixin.py:149} INFO - [2023-08-13T15:00:37.449+0000] {dagbag.py:541} INFO - Filling up the DagBag from /opt/airflow/dags/scripts/tune_ml.py
[2023-08-13T15:00:37.481+0000] {processor.py:836} INFO - DAG(s) dict_keys(['tune_dag']) retrieved from /opt/airflow/dags/scripts/tune_ml.py
[2023-08-13T15:00:37.490+0000] {logging_mixin.py:149} INFO - [2023-08-13T15:00:37.490+0000] {dag.py:2726} INFO - Sync 1 DAGs
[2023-08-13T15:00:37.506+0000] {processor.py:179} INFO - Processing /opt/airflow/dags/scripts/tune_ml.py took 0.067 seconds
[2023-08-13T15:01:07.810+0000] {processor.py:157} INFO - Started process (PID=1026) to work on /opt/airflow/dags/scripts/tune_ml.py
[2023-08-13T15:01:07.811+0000] {processor.py:826} INFO - Processing file /opt/airflow/dags/scripts/tune_ml.py for tasks to queue
[2023-08-13T15:01:07.811+0000] {logging_mixin.py:149} INFO - [2023-08-13T15:01:07.811+0000] {dagbag.py:541} INFO - Filling up the DagBag from /opt/airflow/dags/scripts/tune_ml.py
[2023-08-13T15:01:07.844+0000] {processor.py:836} INFO - DAG(s) dict_keys(['tune_dag']) retrieved from /opt/airflow/dags/scripts/tune_ml.py
[2023-08-13T15:01:07.853+0000] {logging_mixin.py:149} INFO - [2023-08-13T15:01:07.853+0000] {dag.py:2726} INFO - Sync 1 DAGs
[2023-08-13T15:01:07.870+0000] {processor.py:179} INFO - Processing /opt/airflow/dags/scripts/tune_ml.py took 0.061 seconds
[2023-08-13T15:01:38.092+0000] {processor.py:157} INFO - Started process (PID=1103) to work on /opt/airflow/dags/scripts/tune_ml.py
[2023-08-13T15:01:38.100+0000] {processor.py:826} INFO - Processing file /opt/airflow/dags/scripts/tune_ml.py for tasks to queue
[2023-08-13T15:01:38.100+0000] {logging_mixin.py:149} INFO - [2023-08-13T15:01:38.100+0000] {dagbag.py:541} INFO - Filling up the DagBag from /opt/airflow/dags/scripts/tune_ml.py
[2023-08-13T15:01:38.132+0000] {processor.py:836} INFO - DAG(s) dict_keys(['tune_dag']) retrieved from /opt/airflow/dags/scripts/tune_ml.py
[2023-08-13T15:01:38.142+0000] {logging_mixin.py:149} INFO - [2023-08-13T15:01:38.142+0000] {dag.py:2726} INFO - Sync 1 DAGs
[2023-08-13T15:01:38.157+0000] {processor.py:179} INFO - Processing /opt/airflow/dags/scripts/tune_ml.py took 0.067 seconds
[2023-08-13T15:02:08.409+0000] {processor.py:157} INFO - Started process (PID=1180) to work on /opt/airflow/dags/scripts/tune_ml.py
[2023-08-13T15:02:08.410+0000] {processor.py:826} INFO - Processing file /opt/airflow/dags/scripts/tune_ml.py for tasks to queue
[2023-08-13T15:02:08.410+0000] {logging_mixin.py:149} INFO - [2023-08-13T15:02:08.410+0000] {dagbag.py:541} INFO - Filling up the DagBag from /opt/airflow/dags/scripts/tune_ml.py
[2023-08-13T15:02:08.441+0000] {processor.py:836} INFO - DAG(s) dict_keys(['tune_dag']) retrieved from /opt/airflow/dags/scripts/tune_ml.py
[2023-08-13T15:02:08.451+0000] {logging_mixin.py:149} INFO - [2023-08-13T15:02:08.451+0000] {dag.py:2726} INFO - Sync 1 DAGs
[2023-08-13T15:02:08.468+0000] {processor.py:179} INFO - Processing /opt/airflow/dags/scripts/tune_ml.py took 0.060 seconds
[2023-08-13T15:02:38.703+0000] {processor.py:157} INFO - Started process (PID=1257) to work on /opt/airflow/dags/scripts/tune_ml.py
[2023-08-13T15:02:38.712+0000] {processor.py:826} INFO - Processing file /opt/airflow/dags/scripts/tune_ml.py for tasks to queue
[2023-08-13T15:02:38.712+0000] {logging_mixin.py:149} INFO - [2023-08-13T15:02:38.712+0000] {dagbag.py:541} INFO - Filling up the DagBag from /opt/airflow/dags/scripts/tune_ml.py
[2023-08-13T15:02:38.743+0000] {processor.py:836} INFO - DAG(s) dict_keys(['tune_dag']) retrieved from /opt/airflow/dags/scripts/tune_ml.py
[2023-08-13T15:02:38.752+0000] {logging_mixin.py:149} INFO - [2023-08-13T15:02:38.752+0000] {dag.py:2726} INFO - Sync 1 DAGs
[2023-08-13T15:02:38.769+0000] {processor.py:179} INFO - Processing /opt/airflow/dags/scripts/tune_ml.py took 0.067 seconds
[2023-08-13T15:03:09.025+0000] {processor.py:157} INFO - Started process (PID=1334) to work on /opt/airflow/dags/scripts/tune_ml.py
[2023-08-13T15:03:09.028+0000] {processor.py:826} INFO - Processing file /opt/airflow/dags/scripts/tune_ml.py for tasks to queue
[2023-08-13T15:03:09.028+0000] {logging_mixin.py:149} INFO - [2023-08-13T15:03:09.028+0000] {dagbag.py:541} INFO - Filling up the DagBag from /opt/airflow/dags/scripts/tune_ml.py
[2023-08-13T15:03:09.062+0000] {processor.py:836} INFO - DAG(s) dict_keys(['tune_dag']) retrieved from /opt/airflow/dags/scripts/tune_ml.py
[2023-08-13T15:03:09.071+0000] {logging_mixin.py:149} INFO - [2023-08-13T15:03:09.071+0000] {dag.py:2726} INFO - Sync 1 DAGs
[2023-08-13T15:03:09.089+0000] {processor.py:179} INFO - Processing /opt/airflow/dags/scripts/tune_ml.py took 0.066 seconds
[2023-08-13T15:03:39.312+0000] {processor.py:157} INFO - Started process (PID=1411) to work on /opt/airflow/dags/scripts/tune_ml.py
[2023-08-13T15:03:39.313+0000] {processor.py:826} INFO - Processing file /opt/airflow/dags/scripts/tune_ml.py for tasks to queue
[2023-08-13T15:03:39.313+0000] {logging_mixin.py:149} INFO - [2023-08-13T15:03:39.313+0000] {dagbag.py:541} INFO - Filling up the DagBag from /opt/airflow/dags/scripts/tune_ml.py
[2023-08-13T15:03:39.345+0000] {processor.py:836} INFO - DAG(s) dict_keys(['tune_dag']) retrieved from /opt/airflow/dags/scripts/tune_ml.py
[2023-08-13T15:03:39.355+0000] {logging_mixin.py:149} INFO - [2023-08-13T15:03:39.355+0000] {dag.py:2726} INFO - Sync 1 DAGs
[2023-08-13T15:03:39.376+0000] {processor.py:179} INFO - Processing /opt/airflow/dags/scripts/tune_ml.py took 0.065 seconds
[2023-08-13T15:04:09.602+0000] {processor.py:157} INFO - Started process (PID=1488) to work on /opt/airflow/dags/scripts/tune_ml.py
[2023-08-13T15:04:09.610+0000] {processor.py:826} INFO - Processing file /opt/airflow/dags/scripts/tune_ml.py for tasks to queue
[2023-08-13T15:04:09.611+0000] {logging_mixin.py:149} INFO - [2023-08-13T15:04:09.611+0000] {dagbag.py:541} INFO - Filling up the DagBag from /opt/airflow/dags/scripts/tune_ml.py
[2023-08-13T15:04:09.642+0000] {processor.py:836} INFO - DAG(s) dict_keys(['tune_dag']) retrieved from /opt/airflow/dags/scripts/tune_ml.py
[2023-08-13T15:04:09.651+0000] {logging_mixin.py:149} INFO - [2023-08-13T15:04:09.651+0000] {dag.py:2726} INFO - Sync 1 DAGs
[2023-08-13T15:04:09.668+0000] {processor.py:179} INFO - Processing /opt/airflow/dags/scripts/tune_ml.py took 0.067 seconds
[2023-08-13T15:04:39.889+0000] {processor.py:157} INFO - Started process (PID=1565) to work on /opt/airflow/dags/scripts/tune_ml.py
[2023-08-13T15:04:39.890+0000] {processor.py:826} INFO - Processing file /opt/airflow/dags/scripts/tune_ml.py for tasks to queue
[2023-08-13T15:04:39.890+0000] {logging_mixin.py:149} INFO - [2023-08-13T15:04:39.890+0000] {dagbag.py:541} INFO - Filling up the DagBag from /opt/airflow/dags/scripts/tune_ml.py
[2023-08-13T15:04:39.923+0000] {processor.py:836} INFO - DAG(s) dict_keys(['tune_dag']) retrieved from /opt/airflow/dags/scripts/tune_ml.py
[2023-08-13T15:04:39.932+0000] {logging_mixin.py:149} INFO - [2023-08-13T15:04:39.932+0000] {dag.py:2726} INFO - Sync 1 DAGs
[2023-08-13T15:04:39.948+0000] {processor.py:179} INFO - Processing /opt/airflow/dags/scripts/tune_ml.py took 0.060 seconds
[2023-08-13T15:05:10.146+0000] {processor.py:157} INFO - Started process (PID=1642) to work on /opt/airflow/dags/scripts/tune_ml.py
[2023-08-13T15:05:10.146+0000] {processor.py:826} INFO - Processing file /opt/airflow/dags/scripts/tune_ml.py for tasks to queue
[2023-08-13T15:05:10.146+0000] {logging_mixin.py:149} INFO - [2023-08-13T15:05:10.146+0000] {dagbag.py:541} INFO - Filling up the DagBag from /opt/airflow/dags/scripts/tune_ml.py
[2023-08-13T15:05:10.179+0000] {processor.py:836} INFO - DAG(s) dict_keys(['tune_dag']) retrieved from /opt/airflow/dags/scripts/tune_ml.py
[2023-08-13T15:05:10.189+0000] {logging_mixin.py:149} INFO - [2023-08-13T15:05:10.189+0000] {dag.py:2726} INFO - Sync 1 DAGs
[2023-08-13T15:05:10.205+0000] {processor.py:179} INFO - Processing /opt/airflow/dags/scripts/tune_ml.py took 0.060 seconds
[2023-08-13T15:05:40.419+0000] {processor.py:157} INFO - Started process (PID=1719) to work on /opt/airflow/dags/scripts/tune_ml.py
[2023-08-13T15:05:40.420+0000] {processor.py:826} INFO - Processing file /opt/airflow/dags/scripts/tune_ml.py for tasks to queue
[2023-08-13T15:05:40.420+0000] {logging_mixin.py:149} INFO - [2023-08-13T15:05:40.420+0000] {dagbag.py:541} INFO - Filling up the DagBag from /opt/airflow/dags/scripts/tune_ml.py
[2023-08-13T15:05:40.454+0000] {processor.py:836} INFO - DAG(s) dict_keys(['tune_dag']) retrieved from /opt/airflow/dags/scripts/tune_ml.py
[2023-08-13T15:05:40.464+0000] {logging_mixin.py:149} INFO - [2023-08-13T15:05:40.464+0000] {dag.py:2726} INFO - Sync 1 DAGs
[2023-08-13T15:05:40.480+0000] {processor.py:179} INFO - Processing /opt/airflow/dags/scripts/tune_ml.py took 0.062 seconds
[2023-08-13T15:06:10.772+0000] {processor.py:157} INFO - Started process (PID=1796) to work on /opt/airflow/dags/scripts/tune_ml.py
[2023-08-13T15:06:10.806+0000] {processor.py:826} INFO - Processing file /opt/airflow/dags/scripts/tune_ml.py for tasks to queue
[2023-08-13T15:06:10.807+0000] {logging_mixin.py:149} INFO - [2023-08-13T15:06:10.807+0000] {dagbag.py:541} INFO - Filling up the DagBag from /opt/airflow/dags/scripts/tune_ml.py
[2023-08-13T15:06:10.842+0000] {processor.py:836} INFO - DAG(s) dict_keys(['tune_dag']) retrieved from /opt/airflow/dags/scripts/tune_ml.py
[2023-08-13T15:06:10.852+0000] {logging_mixin.py:149} INFO - [2023-08-13T15:06:10.852+0000] {dag.py:2726} INFO - Sync 1 DAGs
[2023-08-13T15:06:10.873+0000] {processor.py:179} INFO - Processing /opt/airflow/dags/scripts/tune_ml.py took 0.102 seconds
[2023-08-13T15:06:41.180+0000] {processor.py:157} INFO - Started process (PID=1873) to work on /opt/airflow/dags/scripts/tune_ml.py
[2023-08-13T15:06:41.180+0000] {processor.py:826} INFO - Processing file /opt/airflow/dags/scripts/tune_ml.py for tasks to queue
[2023-08-13T15:06:41.180+0000] {logging_mixin.py:149} INFO - [2023-08-13T15:06:41.180+0000] {dagbag.py:541} INFO - Filling up the DagBag from /opt/airflow/dags/scripts/tune_ml.py
[2023-08-13T15:06:41.214+0000] {processor.py:836} INFO - DAG(s) dict_keys(['tune_dag']) retrieved from /opt/airflow/dags/scripts/tune_ml.py
[2023-08-13T15:06:41.223+0000] {logging_mixin.py:149} INFO - [2023-08-13T15:06:41.223+0000] {dag.py:2726} INFO - Sync 1 DAGs
[2023-08-13T15:06:41.241+0000] {processor.py:179} INFO - Processing /opt/airflow/dags/scripts/tune_ml.py took 0.062 seconds
[2023-08-13T15:07:11.580+0000] {processor.py:157} INFO - Started process (PID=1949) to work on /opt/airflow/dags/scripts/tune_ml.py
[2023-08-13T15:07:11.580+0000] {processor.py:826} INFO - Processing file /opt/airflow/dags/scripts/tune_ml.py for tasks to queue
[2023-08-13T15:07:11.580+0000] {logging_mixin.py:149} INFO - [2023-08-13T15:07:11.580+0000] {dagbag.py:541} INFO - Filling up the DagBag from /opt/airflow/dags/scripts/tune_ml.py
[2023-08-13T15:07:11.614+0000] {processor.py:836} INFO - DAG(s) dict_keys(['tune_dag']) retrieved from /opt/airflow/dags/scripts/tune_ml.py
[2023-08-13T15:07:11.625+0000] {logging_mixin.py:149} INFO - [2023-08-13T15:07:11.625+0000] {dag.py:2726} INFO - Sync 1 DAGs
[2023-08-13T15:07:11.642+0000] {processor.py:179} INFO - Processing /opt/airflow/dags/scripts/tune_ml.py took 0.064 seconds
[2023-08-13T15:07:42.068+0000] {processor.py:157} INFO - Started process (PID=2026) to work on /opt/airflow/dags/scripts/tune_ml.py
[2023-08-13T15:07:42.068+0000] {processor.py:826} INFO - Processing file /opt/airflow/dags/scripts/tune_ml.py for tasks to queue
[2023-08-13T15:07:42.069+0000] {logging_mixin.py:149} INFO - [2023-08-13T15:07:42.068+0000] {dagbag.py:541} INFO - Filling up the DagBag from /opt/airflow/dags/scripts/tune_ml.py
[2023-08-13T15:07:42.103+0000] {processor.py:836} INFO - DAG(s) dict_keys(['tune_dag']) retrieved from /opt/airflow/dags/scripts/tune_ml.py
[2023-08-13T15:07:42.113+0000] {logging_mixin.py:149} INFO - [2023-08-13T15:07:42.113+0000] {dag.py:2726} INFO - Sync 1 DAGs
[2023-08-13T15:07:42.123+0000] {logging_mixin.py:149} INFO - [2023-08-13T15:07:42.123+0000] {dag.py:3486} INFO - Setting next_dagrun for tune_dag to None, run_after=None
[2023-08-13T15:07:42.129+0000] {processor.py:179} INFO - Processing /opt/airflow/dags/scripts/tune_ml.py took 0.064 seconds
[2023-08-13T15:08:12.526+0000] {processor.py:157} INFO - Started process (PID=2103) to work on /opt/airflow/dags/scripts/tune_ml.py
[2023-08-13T15:08:12.535+0000] {processor.py:826} INFO - Processing file /opt/airflow/dags/scripts/tune_ml.py for tasks to queue
[2023-08-13T15:08:12.535+0000] {logging_mixin.py:149} INFO - [2023-08-13T15:08:12.535+0000] {dagbag.py:541} INFO - Filling up the DagBag from /opt/airflow/dags/scripts/tune_ml.py
[2023-08-13T15:08:12.571+0000] {processor.py:836} INFO - DAG(s) dict_keys(['tune_dag']) retrieved from /opt/airflow/dags/scripts/tune_ml.py
[2023-08-13T15:08:12.581+0000] {logging_mixin.py:149} INFO - [2023-08-13T15:08:12.581+0000] {dag.py:2726} INFO - Sync 1 DAGs
[2023-08-13T15:08:12.590+0000] {logging_mixin.py:149} INFO - [2023-08-13T15:08:12.590+0000] {dag.py:3486} INFO - Setting next_dagrun for tune_dag to None, run_after=None
[2023-08-13T15:08:12.598+0000] {processor.py:179} INFO - Processing /opt/airflow/dags/scripts/tune_ml.py took 0.075 seconds
[2023-08-13T15:08:42.962+0000] {processor.py:157} INFO - Started process (PID=2180) to work on /opt/airflow/dags/scripts/tune_ml.py
[2023-08-13T15:08:42.970+0000] {processor.py:826} INFO - Processing file /opt/airflow/dags/scripts/tune_ml.py for tasks to queue
[2023-08-13T15:08:42.971+0000] {logging_mixin.py:149} INFO - [2023-08-13T15:08:42.971+0000] {dagbag.py:541} INFO - Filling up the DagBag from /opt/airflow/dags/scripts/tune_ml.py
[2023-08-13T15:08:43.009+0000] {processor.py:836} INFO - DAG(s) dict_keys(['tune_dag']) retrieved from /opt/airflow/dags/scripts/tune_ml.py
[2023-08-13T15:08:43.018+0000] {logging_mixin.py:149} INFO - [2023-08-13T15:08:43.018+0000] {dag.py:2726} INFO - Sync 1 DAGs
[2023-08-13T15:08:43.027+0000] {logging_mixin.py:149} INFO - [2023-08-13T15:08:43.027+0000] {dag.py:3486} INFO - Setting next_dagrun for tune_dag to None, run_after=None
[2023-08-13T15:08:43.034+0000] {processor.py:179} INFO - Processing /opt/airflow/dags/scripts/tune_ml.py took 0.075 seconds
[2023-08-13T15:08:48.175+0000] {processor.py:157} INFO - Started process (PID=2225) to work on /opt/airflow/dags/scripts/tune_ml.py
[2023-08-13T15:08:48.183+0000] {processor.py:826} INFO - Processing file /opt/airflow/dags/scripts/tune_ml.py for tasks to queue
[2023-08-13T15:08:48.184+0000] {logging_mixin.py:149} INFO - [2023-08-13T15:08:48.184+0000] {dagbag.py:541} INFO - Filling up the DagBag from /opt/airflow/dags/scripts/tune_ml.py
[2023-08-13T15:08:48.235+0000] {processor.py:836} INFO - DAG(s) dict_keys(['tune_dag']) retrieved from /opt/airflow/dags/scripts/tune_ml.py
[2023-08-13T15:08:48.245+0000] {logging_mixin.py:149} INFO - [2023-08-13T15:08:48.245+0000] {dag.py:2726} INFO - Sync 1 DAGs
[2023-08-13T15:08:48.254+0000] {logging_mixin.py:149} INFO - [2023-08-13T15:08:48.254+0000] {dag.py:3486} INFO - Setting next_dagrun for tune_dag to None, run_after=None
[2023-08-13T15:08:48.262+0000] {processor.py:179} INFO - Processing /opt/airflow/dags/scripts/tune_ml.py took 0.088 seconds
[2023-08-13T15:08:49.196+0000] {processor.py:157} INFO - Started process (PID=2226) to work on /opt/airflow/dags/scripts/tune_ml.py
[2023-08-13T15:08:49.196+0000] {processor.py:826} INFO - Processing file /opt/airflow/dags/scripts/tune_ml.py for tasks to queue
[2023-08-13T15:08:49.197+0000] {logging_mixin.py:149} INFO - [2023-08-13T15:08:49.197+0000] {dagbag.py:541} INFO - Filling up the DagBag from /opt/airflow/dags/scripts/tune_ml.py
[2023-08-13T15:08:49.234+0000] {processor.py:836} INFO - DAG(s) dict_keys(['tune_dag']) retrieved from /opt/airflow/dags/scripts/tune_ml.py
[2023-08-13T15:08:49.246+0000] {logging_mixin.py:149} INFO - [2023-08-13T15:08:49.246+0000] {dag.py:2726} INFO - Sync 1 DAGs
[2023-08-13T15:08:49.258+0000] {logging_mixin.py:149} INFO - [2023-08-13T15:08:49.258+0000] {dag.py:3486} INFO - Setting next_dagrun for tune_dag to None, run_after=None
[2023-08-13T15:08:49.268+0000] {processor.py:179} INFO - Processing /opt/airflow/dags/scripts/tune_ml.py took 0.075 seconds
[2023-08-13T15:12:52.875+0000] {processor.py:157} INFO - Started process (PID=24) to work on /opt/airflow/dags/scripts/tune_ml.py
[2023-08-13T15:12:52.876+0000] {processor.py:826} INFO - Processing file /opt/airflow/dags/scripts/tune_ml.py for tasks to queue
[2023-08-13T15:12:52.876+0000] {logging_mixin.py:149} INFO - [2023-08-13T15:12:52.876+0000] {dagbag.py:541} INFO - Filling up the DagBag from /opt/airflow/dags/scripts/tune_ml.py
[2023-08-13T15:12:52.994+0000] {processor.py:836} INFO - DAG(s) dict_keys(['tune_dag']) retrieved from /opt/airflow/dags/scripts/tune_ml.py
[2023-08-13T15:12:53.029+0000] {logging_mixin.py:149} INFO - [2023-08-13T15:12:53.029+0000] {dag.py:2726} INFO - Sync 1 DAGs
[2023-08-13T15:12:53.037+0000] {logging_mixin.py:149} INFO - [2023-08-13T15:12:53.037+0000] {dag.py:3486} INFO - Setting next_dagrun for tune_dag to None, run_after=None
[2023-08-13T15:12:53.048+0000] {processor.py:179} INFO - Processing /opt/airflow/dags/scripts/tune_ml.py took 0.174 seconds
[2023-08-13T15:13:23.244+0000] {processor.py:157} INFO - Started process (PID=101) to work on /opt/airflow/dags/scripts/tune_ml.py
[2023-08-13T15:13:23.253+0000] {processor.py:826} INFO - Processing file /opt/airflow/dags/scripts/tune_ml.py for tasks to queue
[2023-08-13T15:13:23.253+0000] {logging_mixin.py:149} INFO - [2023-08-13T15:13:23.253+0000] {dagbag.py:541} INFO - Filling up the DagBag from /opt/airflow/dags/scripts/tune_ml.py
[2023-08-13T15:13:23.289+0000] {processor.py:836} INFO - DAG(s) dict_keys(['tune_dag']) retrieved from /opt/airflow/dags/scripts/tune_ml.py
[2023-08-13T15:13:23.299+0000] {logging_mixin.py:149} INFO - [2023-08-13T15:13:23.299+0000] {dag.py:2726} INFO - Sync 1 DAGs
[2023-08-13T15:13:23.309+0000] {logging_mixin.py:149} INFO - [2023-08-13T15:13:23.309+0000] {dag.py:3486} INFO - Setting next_dagrun for tune_dag to None, run_after=None
[2023-08-13T15:13:23.316+0000] {processor.py:179} INFO - Processing /opt/airflow/dags/scripts/tune_ml.py took 0.075 seconds
[2023-08-13T15:13:53.616+0000] {processor.py:157} INFO - Started process (PID=178) to work on /opt/airflow/dags/scripts/tune_ml.py
[2023-08-13T15:13:53.625+0000] {processor.py:826} INFO - Processing file /opt/airflow/dags/scripts/tune_ml.py for tasks to queue
[2023-08-13T15:13:53.625+0000] {logging_mixin.py:149} INFO - [2023-08-13T15:13:53.625+0000] {dagbag.py:541} INFO - Filling up the DagBag from /opt/airflow/dags/scripts/tune_ml.py
[2023-08-13T15:13:53.662+0000] {processor.py:836} INFO - DAG(s) dict_keys(['tune_dag']) retrieved from /opt/airflow/dags/scripts/tune_ml.py
[2023-08-13T15:13:53.672+0000] {logging_mixin.py:149} INFO - [2023-08-13T15:13:53.671+0000] {dag.py:2726} INFO - Sync 1 DAGs
[2023-08-13T15:13:53.681+0000] {logging_mixin.py:149} INFO - [2023-08-13T15:13:53.681+0000] {dag.py:3486} INFO - Setting next_dagrun for tune_dag to None, run_after=None
[2023-08-13T15:13:53.688+0000] {processor.py:179} INFO - Processing /opt/airflow/dags/scripts/tune_ml.py took 0.074 seconds
[2023-08-13T15:14:24.044+0000] {processor.py:157} INFO - Started process (PID=255) to work on /opt/airflow/dags/scripts/tune_ml.py
[2023-08-13T15:14:24.053+0000] {processor.py:826} INFO - Processing file /opt/airflow/dags/scripts/tune_ml.py for tasks to queue
[2023-08-13T15:14:24.053+0000] {logging_mixin.py:149} INFO - [2023-08-13T15:14:24.053+0000] {dagbag.py:541} INFO - Filling up the DagBag from /opt/airflow/dags/scripts/tune_ml.py
[2023-08-13T15:14:24.086+0000] {processor.py:836} INFO - DAG(s) dict_keys(['tune_dag']) retrieved from /opt/airflow/dags/scripts/tune_ml.py
[2023-08-13T15:14:24.095+0000] {logging_mixin.py:149} INFO - [2023-08-13T15:14:24.095+0000] {dag.py:2726} INFO - Sync 1 DAGs
[2023-08-13T15:14:24.104+0000] {logging_mixin.py:149} INFO - [2023-08-13T15:14:24.104+0000] {dag.py:3486} INFO - Setting next_dagrun for tune_dag to None, run_after=None
[2023-08-13T15:14:24.115+0000] {processor.py:179} INFO - Processing /opt/airflow/dags/scripts/tune_ml.py took 0.074 seconds
[2023-08-13T15:14:54.463+0000] {processor.py:157} INFO - Started process (PID=336) to work on /opt/airflow/dags/scripts/tune_ml.py
[2023-08-13T15:14:54.464+0000] {processor.py:826} INFO - Processing file /opt/airflow/dags/scripts/tune_ml.py for tasks to queue
[2023-08-13T15:14:54.464+0000] {logging_mixin.py:149} INFO - [2023-08-13T15:14:54.464+0000] {dagbag.py:541} INFO - Filling up the DagBag from /opt/airflow/dags/scripts/tune_ml.py
[2023-08-13T15:14:54.497+0000] {processor.py:836} INFO - DAG(s) dict_keys(['tune_dag']) retrieved from /opt/airflow/dags/scripts/tune_ml.py
[2023-08-13T15:14:54.507+0000] {logging_mixin.py:149} INFO - [2023-08-13T15:14:54.507+0000] {dag.py:2726} INFO - Sync 1 DAGs
[2023-08-13T15:14:54.527+0000] {processor.py:179} INFO - Processing /opt/airflow/dags/scripts/tune_ml.py took 0.066 seconds
[2023-08-13T15:15:24.849+0000] {processor.py:157} INFO - Started process (PID=413) to work on /opt/airflow/dags/scripts/tune_ml.py
[2023-08-13T15:15:24.858+0000] {processor.py:826} INFO - Processing file /opt/airflow/dags/scripts/tune_ml.py for tasks to queue
[2023-08-13T15:15:24.858+0000] {logging_mixin.py:149} INFO - [2023-08-13T15:15:24.858+0000] {dagbag.py:541} INFO - Filling up the DagBag from /opt/airflow/dags/scripts/tune_ml.py
[2023-08-13T15:15:24.894+0000] {processor.py:836} INFO - DAG(s) dict_keys(['tune_dag']) retrieved from /opt/airflow/dags/scripts/tune_ml.py
[2023-08-13T15:15:24.903+0000] {logging_mixin.py:149} INFO - [2023-08-13T15:15:24.903+0000] {dag.py:2726} INFO - Sync 1 DAGs
[2023-08-13T15:15:24.920+0000] {processor.py:179} INFO - Processing /opt/airflow/dags/scripts/tune_ml.py took 0.072 seconds
[2023-08-13T15:15:55.300+0000] {processor.py:157} INFO - Started process (PID=490) to work on /opt/airflow/dags/scripts/tune_ml.py
[2023-08-13T15:15:55.309+0000] {processor.py:826} INFO - Processing file /opt/airflow/dags/scripts/tune_ml.py for tasks to queue
[2023-08-13T15:15:55.309+0000] {logging_mixin.py:149} INFO - [2023-08-13T15:15:55.309+0000] {dagbag.py:541} INFO - Filling up the DagBag from /opt/airflow/dags/scripts/tune_ml.py
[2023-08-13T15:15:55.343+0000] {processor.py:836} INFO - DAG(s) dict_keys(['tune_dag']) retrieved from /opt/airflow/dags/scripts/tune_ml.py
[2023-08-13T15:15:55.352+0000] {logging_mixin.py:149} INFO - [2023-08-13T15:15:55.352+0000] {dag.py:2726} INFO - Sync 1 DAGs
[2023-08-13T15:15:55.368+0000] {processor.py:179} INFO - Processing /opt/airflow/dags/scripts/tune_ml.py took 0.070 seconds
[2023-08-13T15:16:25.639+0000] {processor.py:157} INFO - Started process (PID=567) to work on /opt/airflow/dags/scripts/tune_ml.py
[2023-08-13T15:16:25.639+0000] {processor.py:826} INFO - Processing file /opt/airflow/dags/scripts/tune_ml.py for tasks to queue
[2023-08-13T15:16:25.639+0000] {logging_mixin.py:149} INFO - [2023-08-13T15:16:25.639+0000] {dagbag.py:541} INFO - Filling up the DagBag from /opt/airflow/dags/scripts/tune_ml.py
[2023-08-13T15:16:25.671+0000] {processor.py:836} INFO - DAG(s) dict_keys(['tune_dag']) retrieved from /opt/airflow/dags/scripts/tune_ml.py
[2023-08-13T15:16:25.681+0000] {logging_mixin.py:149} INFO - [2023-08-13T15:16:25.681+0000] {dag.py:2726} INFO - Sync 1 DAGs
[2023-08-13T15:16:25.698+0000] {processor.py:179} INFO - Processing /opt/airflow/dags/scripts/tune_ml.py took 0.060 seconds
[2023-08-13T15:16:55.966+0000] {processor.py:157} INFO - Started process (PID=643) to work on /opt/airflow/dags/scripts/tune_ml.py
[2023-08-13T15:16:55.967+0000] {processor.py:826} INFO - Processing file /opt/airflow/dags/scripts/tune_ml.py for tasks to queue
[2023-08-13T15:16:55.967+0000] {logging_mixin.py:149} INFO - [2023-08-13T15:16:55.967+0000] {dagbag.py:541} INFO - Filling up the DagBag from /opt/airflow/dags/scripts/tune_ml.py
[2023-08-13T15:16:56.001+0000] {processor.py:836} INFO - DAG(s) dict_keys(['tune_dag']) retrieved from /opt/airflow/dags/scripts/tune_ml.py
[2023-08-13T15:16:56.011+0000] {logging_mixin.py:149} INFO - [2023-08-13T15:16:56.011+0000] {dag.py:2726} INFO - Sync 1 DAGs
[2023-08-13T15:16:56.028+0000] {processor.py:179} INFO - Processing /opt/airflow/dags/scripts/tune_ml.py took 0.064 seconds
[2023-08-13T15:17:26.291+0000] {processor.py:157} INFO - Started process (PID=720) to work on /opt/airflow/dags/scripts/tune_ml.py
[2023-08-13T15:17:26.300+0000] {processor.py:826} INFO - Processing file /opt/airflow/dags/scripts/tune_ml.py for tasks to queue
[2023-08-13T15:17:26.300+0000] {logging_mixin.py:149} INFO - [2023-08-13T15:17:26.300+0000] {dagbag.py:541} INFO - Filling up the DagBag from /opt/airflow/dags/scripts/tune_ml.py
[2023-08-13T15:17:26.332+0000] {processor.py:836} INFO - DAG(s) dict_keys(['tune_dag']) retrieved from /opt/airflow/dags/scripts/tune_ml.py
[2023-08-13T15:17:26.341+0000] {logging_mixin.py:149} INFO - [2023-08-13T15:17:26.341+0000] {dag.py:2726} INFO - Sync 1 DAGs
[2023-08-13T15:17:26.357+0000] {processor.py:179} INFO - Processing /opt/airflow/dags/scripts/tune_ml.py took 0.067 seconds
[2023-08-13T15:17:56.576+0000] {processor.py:157} INFO - Started process (PID=797) to work on /opt/airflow/dags/scripts/tune_ml.py
[2023-08-13T15:17:56.584+0000] {processor.py:826} INFO - Processing file /opt/airflow/dags/scripts/tune_ml.py for tasks to queue
[2023-08-13T15:17:56.585+0000] {logging_mixin.py:149} INFO - [2023-08-13T15:17:56.585+0000] {dagbag.py:541} INFO - Filling up the DagBag from /opt/airflow/dags/scripts/tune_ml.py
[2023-08-13T15:17:56.618+0000] {processor.py:836} INFO - DAG(s) dict_keys(['tune_dag']) retrieved from /opt/airflow/dags/scripts/tune_ml.py
[2023-08-13T15:17:56.627+0000] {logging_mixin.py:149} INFO - [2023-08-13T15:17:56.627+0000] {dag.py:2726} INFO - Sync 1 DAGs
[2023-08-13T15:17:56.643+0000] {processor.py:179} INFO - Processing /opt/airflow/dags/scripts/tune_ml.py took 0.069 seconds
[2023-08-13T15:18:26.876+0000] {processor.py:157} INFO - Started process (PID=874) to work on /opt/airflow/dags/scripts/tune_ml.py
[2023-08-13T15:18:26.885+0000] {processor.py:826} INFO - Processing file /opt/airflow/dags/scripts/tune_ml.py for tasks to queue
[2023-08-13T15:18:26.885+0000] {logging_mixin.py:149} INFO - [2023-08-13T15:18:26.885+0000] {dagbag.py:541} INFO - Filling up the DagBag from /opt/airflow/dags/scripts/tune_ml.py
[2023-08-13T15:18:26.919+0000] {processor.py:836} INFO - DAG(s) dict_keys(['tune_dag']) retrieved from /opt/airflow/dags/scripts/tune_ml.py
[2023-08-13T15:18:26.929+0000] {logging_mixin.py:149} INFO - [2023-08-13T15:18:26.929+0000] {dag.py:2726} INFO - Sync 1 DAGs
[2023-08-13T15:18:26.945+0000] {processor.py:179} INFO - Processing /opt/airflow/dags/scripts/tune_ml.py took 0.070 seconds
[2023-08-13T15:18:57.176+0000] {processor.py:157} INFO - Started process (PID=951) to work on /opt/airflow/dags/scripts/tune_ml.py
[2023-08-13T15:18:57.184+0000] {processor.py:826} INFO - Processing file /opt/airflow/dags/scripts/tune_ml.py for tasks to queue
[2023-08-13T15:18:57.185+0000] {logging_mixin.py:149} INFO - [2023-08-13T15:18:57.185+0000] {dagbag.py:541} INFO - Filling up the DagBag from /opt/airflow/dags/scripts/tune_ml.py
[2023-08-13T15:18:57.216+0000] {processor.py:836} INFO - DAG(s) dict_keys(['tune_dag']) retrieved from /opt/airflow/dags/scripts/tune_ml.py
[2023-08-13T15:18:57.225+0000] {logging_mixin.py:149} INFO - [2023-08-13T15:18:57.225+0000] {dag.py:2726} INFO - Sync 1 DAGs
[2023-08-13T15:18:57.241+0000] {processor.py:179} INFO - Processing /opt/airflow/dags/scripts/tune_ml.py took 0.066 seconds
[2023-08-13T15:19:27.607+0000] {processor.py:157} INFO - Started process (PID=1028) to work on /opt/airflow/dags/scripts/tune_ml.py
[2023-08-13T15:19:27.607+0000] {processor.py:826} INFO - Processing file /opt/airflow/dags/scripts/tune_ml.py for tasks to queue
[2023-08-13T15:19:27.607+0000] {logging_mixin.py:149} INFO - [2023-08-13T15:19:27.607+0000] {dagbag.py:541} INFO - Filling up the DagBag from /opt/airflow/dags/scripts/tune_ml.py
[2023-08-13T15:19:27.639+0000] {processor.py:836} INFO - DAG(s) dict_keys(['tune_dag']) retrieved from /opt/airflow/dags/scripts/tune_ml.py
[2023-08-13T15:19:27.648+0000] {logging_mixin.py:149} INFO - [2023-08-13T15:19:27.648+0000] {dag.py:2726} INFO - Sync 1 DAGs
[2023-08-13T15:19:27.664+0000] {processor.py:179} INFO - Processing /opt/airflow/dags/scripts/tune_ml.py took 0.058 seconds
[2023-08-13T15:19:57.926+0000] {processor.py:157} INFO - Started process (PID=1105) to work on /opt/airflow/dags/scripts/tune_ml.py
[2023-08-13T15:19:57.934+0000] {processor.py:826} INFO - Processing file /opt/airflow/dags/scripts/tune_ml.py for tasks to queue
[2023-08-13T15:19:57.934+0000] {logging_mixin.py:149} INFO - [2023-08-13T15:19:57.934+0000] {dagbag.py:541} INFO - Filling up the DagBag from /opt/airflow/dags/scripts/tune_ml.py
[2023-08-13T15:19:57.966+0000] {processor.py:836} INFO - DAG(s) dict_keys(['tune_dag']) retrieved from /opt/airflow/dags/scripts/tune_ml.py
[2023-08-13T15:19:57.975+0000] {logging_mixin.py:149} INFO - [2023-08-13T15:19:57.975+0000] {dag.py:2726} INFO - Sync 1 DAGs
[2023-08-13T15:19:57.991+0000] {processor.py:179} INFO - Processing /opt/airflow/dags/scripts/tune_ml.py took 0.067 seconds
[2023-08-13T15:20:28.192+0000] {processor.py:157} INFO - Started process (PID=1182) to work on /opt/airflow/dags/scripts/tune_ml.py
[2023-08-13T15:20:28.192+0000] {processor.py:826} INFO - Processing file /opt/airflow/dags/scripts/tune_ml.py for tasks to queue
[2023-08-13T15:20:28.193+0000] {logging_mixin.py:149} INFO - [2023-08-13T15:20:28.193+0000] {dagbag.py:541} INFO - Filling up the DagBag from /opt/airflow/dags/scripts/tune_ml.py
[2023-08-13T15:20:28.225+0000] {processor.py:836} INFO - DAG(s) dict_keys(['tune_dag']) retrieved from /opt/airflow/dags/scripts/tune_ml.py
[2023-08-13T15:20:28.235+0000] {logging_mixin.py:149} INFO - [2023-08-13T15:20:28.234+0000] {dag.py:2726} INFO - Sync 1 DAGs
[2023-08-13T15:20:28.252+0000] {processor.py:179} INFO - Processing /opt/airflow/dags/scripts/tune_ml.py took 0.061 seconds
[2023-08-13T15:20:58.558+0000] {processor.py:157} INFO - Started process (PID=1259) to work on /opt/airflow/dags/scripts/tune_ml.py
[2023-08-13T15:20:58.558+0000] {processor.py:826} INFO - Processing file /opt/airflow/dags/scripts/tune_ml.py for tasks to queue
[2023-08-13T15:20:58.558+0000] {logging_mixin.py:149} INFO - [2023-08-13T15:20:58.558+0000] {dagbag.py:541} INFO - Filling up the DagBag from /opt/airflow/dags/scripts/tune_ml.py
[2023-08-13T15:20:58.592+0000] {processor.py:836} INFO - DAG(s) dict_keys(['tune_dag']) retrieved from /opt/airflow/dags/scripts/tune_ml.py
[2023-08-13T15:20:58.602+0000] {logging_mixin.py:149} INFO - [2023-08-13T15:20:58.602+0000] {dag.py:2726} INFO - Sync 1 DAGs
[2023-08-13T15:20:58.619+0000] {processor.py:179} INFO - Processing /opt/airflow/dags/scripts/tune_ml.py took 0.062 seconds
[2023-08-13T15:21:28.818+0000] {processor.py:157} INFO - Started process (PID=1336) to work on /opt/airflow/dags/scripts/tune_ml.py
[2023-08-13T15:21:28.818+0000] {processor.py:826} INFO - Processing file /opt/airflow/dags/scripts/tune_ml.py for tasks to queue
[2023-08-13T15:21:28.818+0000] {logging_mixin.py:149} INFO - [2023-08-13T15:21:28.818+0000] {dagbag.py:541} INFO - Filling up the DagBag from /opt/airflow/dags/scripts/tune_ml.py
[2023-08-13T15:21:28.850+0000] {processor.py:836} INFO - DAG(s) dict_keys(['tune_dag']) retrieved from /opt/airflow/dags/scripts/tune_ml.py
[2023-08-13T15:21:28.860+0000] {logging_mixin.py:149} INFO - [2023-08-13T15:21:28.860+0000] {dag.py:2726} INFO - Sync 1 DAGs
[2023-08-13T15:21:28.876+0000] {processor.py:179} INFO - Processing /opt/airflow/dags/scripts/tune_ml.py took 0.059 seconds
[2023-08-13T15:21:59.092+0000] {processor.py:157} INFO - Started process (PID=1414) to work on /opt/airflow/dags/scripts/tune_ml.py
[2023-08-13T15:21:59.092+0000] {processor.py:826} INFO - Processing file /opt/airflow/dags/scripts/tune_ml.py for tasks to queue
[2023-08-13T15:21:59.093+0000] {logging_mixin.py:149} INFO - [2023-08-13T15:21:59.092+0000] {dagbag.py:541} INFO - Filling up the DagBag from /opt/airflow/dags/scripts/tune_ml.py
[2023-08-13T15:21:59.124+0000] {processor.py:836} INFO - DAG(s) dict_keys(['tune_dag']) retrieved from /opt/airflow/dags/scripts/tune_ml.py
[2023-08-13T15:21:59.134+0000] {logging_mixin.py:149} INFO - [2023-08-13T15:21:59.134+0000] {dag.py:2726} INFO - Sync 1 DAGs
[2023-08-13T15:21:59.150+0000] {processor.py:179} INFO - Processing /opt/airflow/dags/scripts/tune_ml.py took 0.059 seconds
[2023-08-13T15:22:29.347+0000] {processor.py:157} INFO - Started process (PID=1491) to work on /opt/airflow/dags/scripts/tune_ml.py
[2023-08-13T15:22:29.348+0000] {processor.py:826} INFO - Processing file /opt/airflow/dags/scripts/tune_ml.py for tasks to queue
[2023-08-13T15:22:29.348+0000] {logging_mixin.py:149} INFO - [2023-08-13T15:22:29.348+0000] {dagbag.py:541} INFO - Filling up the DagBag from /opt/airflow/dags/scripts/tune_ml.py
[2023-08-13T15:22:29.379+0000] {processor.py:836} INFO - DAG(s) dict_keys(['tune_dag']) retrieved from /opt/airflow/dags/scripts/tune_ml.py
[2023-08-13T15:22:29.389+0000] {logging_mixin.py:149} INFO - [2023-08-13T15:22:29.389+0000] {dag.py:2726} INFO - Sync 1 DAGs
[2023-08-13T15:22:29.405+0000] {processor.py:179} INFO - Processing /opt/airflow/dags/scripts/tune_ml.py took 0.059 seconds
[2023-08-13T15:22:59.676+0000] {processor.py:157} INFO - Started process (PID=1568) to work on /opt/airflow/dags/scripts/tune_ml.py
[2023-08-13T15:22:59.676+0000] {processor.py:826} INFO - Processing file /opt/airflow/dags/scripts/tune_ml.py for tasks to queue
[2023-08-13T15:22:59.677+0000] {logging_mixin.py:149} INFO - [2023-08-13T15:22:59.677+0000] {dagbag.py:541} INFO - Filling up the DagBag from /opt/airflow/dags/scripts/tune_ml.py
[2023-08-13T15:22:59.708+0000] {processor.py:836} INFO - DAG(s) dict_keys(['tune_dag']) retrieved from /opt/airflow/dags/scripts/tune_ml.py
[2023-08-13T15:22:59.719+0000] {logging_mixin.py:149} INFO - [2023-08-13T15:22:59.719+0000] {dag.py:2726} INFO - Sync 1 DAGs
[2023-08-13T15:22:59.735+0000] {processor.py:179} INFO - Processing /opt/airflow/dags/scripts/tune_ml.py took 0.061 seconds
[2023-08-13T15:23:30.003+0000] {processor.py:157} INFO - Started process (PID=1645) to work on /opt/airflow/dags/scripts/tune_ml.py
[2023-08-13T15:23:30.003+0000] {processor.py:826} INFO - Processing file /opt/airflow/dags/scripts/tune_ml.py for tasks to queue
[2023-08-13T15:23:30.003+0000] {logging_mixin.py:149} INFO - [2023-08-13T15:23:30.003+0000] {dagbag.py:541} INFO - Filling up the DagBag from /opt/airflow/dags/scripts/tune_ml.py
[2023-08-13T15:23:30.037+0000] {processor.py:836} INFO - DAG(s) dict_keys(['tune_dag']) retrieved from /opt/airflow/dags/scripts/tune_ml.py
[2023-08-13T15:23:30.046+0000] {logging_mixin.py:149} INFO - [2023-08-13T15:23:30.046+0000] {dag.py:2726} INFO - Sync 1 DAGs
[2023-08-13T15:23:30.063+0000] {processor.py:179} INFO - Processing /opt/airflow/dags/scripts/tune_ml.py took 0.061 seconds
[2023-08-13T15:24:00.282+0000] {processor.py:157} INFO - Started process (PID=1722) to work on /opt/airflow/dags/scripts/tune_ml.py
[2023-08-13T15:24:00.291+0000] {processor.py:826} INFO - Processing file /opt/airflow/dags/scripts/tune_ml.py for tasks to queue
[2023-08-13T15:24:00.291+0000] {logging_mixin.py:149} INFO - [2023-08-13T15:24:00.291+0000] {dagbag.py:541} INFO - Filling up the DagBag from /opt/airflow/dags/scripts/tune_ml.py
[2023-08-13T15:24:00.325+0000] {processor.py:836} INFO - DAG(s) dict_keys(['tune_dag']) retrieved from /opt/airflow/dags/scripts/tune_ml.py
[2023-08-13T15:24:00.334+0000] {logging_mixin.py:149} INFO - [2023-08-13T15:24:00.334+0000] {dag.py:2726} INFO - Sync 1 DAGs
[2023-08-13T15:24:00.350+0000] {processor.py:179} INFO - Processing /opt/airflow/dags/scripts/tune_ml.py took 0.070 seconds
[2023-08-13T15:24:30.722+0000] {processor.py:157} INFO - Started process (PID=1799) to work on /opt/airflow/dags/scripts/tune_ml.py
[2023-08-13T15:24:30.723+0000] {processor.py:826} INFO - Processing file /opt/airflow/dags/scripts/tune_ml.py for tasks to queue
[2023-08-13T15:24:30.723+0000] {logging_mixin.py:149} INFO - [2023-08-13T15:24:30.723+0000] {dagbag.py:541} INFO - Filling up the DagBag from /opt/airflow/dags/scripts/tune_ml.py
[2023-08-13T15:24:30.757+0000] {processor.py:836} INFO - DAG(s) dict_keys(['tune_dag']) retrieved from /opt/airflow/dags/scripts/tune_ml.py
[2023-08-13T15:24:30.766+0000] {logging_mixin.py:149} INFO - [2023-08-13T15:24:30.766+0000] {dag.py:2726} INFO - Sync 1 DAGs
[2023-08-13T15:24:30.782+0000] {processor.py:179} INFO - Processing /opt/airflow/dags/scripts/tune_ml.py took 0.060 seconds
[2023-08-13T15:25:01.015+0000] {processor.py:157} INFO - Started process (PID=1876) to work on /opt/airflow/dags/scripts/tune_ml.py
[2023-08-13T15:25:01.022+0000] {processor.py:826} INFO - Processing file /opt/airflow/dags/scripts/tune_ml.py for tasks to queue
[2023-08-13T15:25:01.022+0000] {logging_mixin.py:149} INFO - [2023-08-13T15:25:01.022+0000] {dagbag.py:541} INFO - Filling up the DagBag from /opt/airflow/dags/scripts/tune_ml.py
[2023-08-13T15:25:01.055+0000] {processor.py:836} INFO - DAG(s) dict_keys(['tune_dag']) retrieved from /opt/airflow/dags/scripts/tune_ml.py
[2023-08-13T15:25:01.065+0000] {logging_mixin.py:149} INFO - [2023-08-13T15:25:01.065+0000] {dag.py:2726} INFO - Sync 1 DAGs
[2023-08-13T15:25:01.081+0000] {processor.py:179} INFO - Processing /opt/airflow/dags/scripts/tune_ml.py took 0.067 seconds
[2023-08-13T15:25:31.414+0000] {processor.py:157} INFO - Started process (PID=1953) to work on /opt/airflow/dags/scripts/tune_ml.py
[2023-08-13T15:25:31.416+0000] {processor.py:826} INFO - Processing file /opt/airflow/dags/scripts/tune_ml.py for tasks to queue
[2023-08-13T15:25:31.417+0000] {logging_mixin.py:149} INFO - [2023-08-13T15:25:31.416+0000] {dagbag.py:541} INFO - Filling up the DagBag from /opt/airflow/dags/scripts/tune_ml.py
[2023-08-13T15:25:31.464+0000] {processor.py:836} INFO - DAG(s) dict_keys(['tune_dag']) retrieved from /opt/airflow/dags/scripts/tune_ml.py
[2023-08-13T15:25:31.475+0000] {logging_mixin.py:149} INFO - [2023-08-13T15:25:31.475+0000] {dag.py:2726} INFO - Sync 1 DAGs
[2023-08-13T15:25:31.494+0000] {processor.py:179} INFO - Processing /opt/airflow/dags/scripts/tune_ml.py took 0.081 seconds
[2023-08-13T15:26:01.829+0000] {processor.py:157} INFO - Started process (PID=2030) to work on /opt/airflow/dags/scripts/tune_ml.py
[2023-08-13T15:26:01.829+0000] {processor.py:826} INFO - Processing file /opt/airflow/dags/scripts/tune_ml.py for tasks to queue
[2023-08-13T15:26:01.830+0000] {logging_mixin.py:149} INFO - [2023-08-13T15:26:01.830+0000] {dagbag.py:541} INFO - Filling up the DagBag from /opt/airflow/dags/scripts/tune_ml.py
[2023-08-13T15:26:01.864+0000] {processor.py:836} INFO - DAG(s) dict_keys(['tune_dag']) retrieved from /opt/airflow/dags/scripts/tune_ml.py
[2023-08-13T15:26:01.874+0000] {logging_mixin.py:149} INFO - [2023-08-13T15:26:01.874+0000] {dag.py:2726} INFO - Sync 1 DAGs
[2023-08-13T15:26:01.883+0000] {logging_mixin.py:149} INFO - [2023-08-13T15:26:01.883+0000] {dag.py:3486} INFO - Setting next_dagrun for tune_dag to None, run_after=None
[2023-08-13T15:26:01.890+0000] {processor.py:179} INFO - Processing /opt/airflow/dags/scripts/tune_ml.py took 0.064 seconds
[2023-08-13T15:26:30.180+0000] {processor.py:157} INFO - Started process (PID=2107) to work on /opt/airflow/dags/scripts/tune_ml.py
[2023-08-13T15:26:30.181+0000] {processor.py:826} INFO - Processing file /opt/airflow/dags/scripts/tune_ml.py for tasks to queue
[2023-08-13T15:26:30.182+0000] {logging_mixin.py:149} INFO - [2023-08-13T15:26:30.181+0000] {dagbag.py:541} INFO - Filling up the DagBag from /opt/airflow/dags/scripts/tune_ml.py
[2023-08-13T15:26:30.216+0000] {processor.py:836} INFO - DAG(s) dict_keys(['tune_dag']) retrieved from /opt/airflow/dags/scripts/tune_ml.py
[2023-08-13T15:26:30.227+0000] {logging_mixin.py:149} INFO - [2023-08-13T15:26:30.227+0000] {dag.py:2726} INFO - Sync 1 DAGs
[2023-08-13T15:26:30.236+0000] {logging_mixin.py:149} INFO - [2023-08-13T15:26:30.236+0000] {dag.py:3486} INFO - Setting next_dagrun for tune_dag to None, run_after=None
[2023-08-13T15:26:30.243+0000] {processor.py:179} INFO - Processing /opt/airflow/dags/scripts/tune_ml.py took 0.067 seconds
[2023-08-13T15:26:31.182+0000] {processor.py:157} INFO - Started process (PID=2108) to work on /opt/airflow/dags/scripts/tune_ml.py
[2023-08-13T15:26:31.182+0000] {processor.py:826} INFO - Processing file /opt/airflow/dags/scripts/tune_ml.py for tasks to queue
[2023-08-13T15:26:31.183+0000] {logging_mixin.py:149} INFO - [2023-08-13T15:26:31.183+0000] {dagbag.py:541} INFO - Filling up the DagBag from /opt/airflow/dags/scripts/tune_ml.py
[2023-08-13T15:26:31.216+0000] {processor.py:836} INFO - DAG(s) dict_keys(['tune_dag']) retrieved from /opt/airflow/dags/scripts/tune_ml.py
[2023-08-13T15:26:31.226+0000] {logging_mixin.py:149} INFO - [2023-08-13T15:26:31.226+0000] {dag.py:2726} INFO - Sync 1 DAGs
[2023-08-13T15:26:31.235+0000] {logging_mixin.py:149} INFO - [2023-08-13T15:26:31.235+0000] {dag.py:3486} INFO - Setting next_dagrun for tune_dag to None, run_after=None
[2023-08-13T15:26:31.242+0000] {processor.py:179} INFO - Processing /opt/airflow/dags/scripts/tune_ml.py took 0.061 seconds
[2023-08-13T15:27:01.629+0000] {processor.py:157} INFO - Started process (PID=2185) to work on /opt/airflow/dags/scripts/tune_ml.py
[2023-08-13T15:27:01.638+0000] {processor.py:826} INFO - Processing file /opt/airflow/dags/scripts/tune_ml.py for tasks to queue
[2023-08-13T15:27:01.639+0000] {logging_mixin.py:149} INFO - [2023-08-13T15:27:01.639+0000] {dagbag.py:541} INFO - Filling up the DagBag from /opt/airflow/dags/scripts/tune_ml.py
[2023-08-13T15:27:01.682+0000] {processor.py:836} INFO - DAG(s) dict_keys(['tune_dag']) retrieved from /opt/airflow/dags/scripts/tune_ml.py
[2023-08-13T15:27:01.692+0000] {logging_mixin.py:149} INFO - [2023-08-13T15:27:01.692+0000] {dag.py:2726} INFO - Sync 1 DAGs
[2023-08-13T15:27:01.702+0000] {logging_mixin.py:149} INFO - [2023-08-13T15:27:01.702+0000] {dag.py:3486} INFO - Setting next_dagrun for tune_dag to None, run_after=None
[2023-08-13T15:27:01.709+0000] {processor.py:179} INFO - Processing /opt/airflow/dags/scripts/tune_ml.py took 0.082 seconds
[2023-08-13T15:27:32.150+0000] {processor.py:157} INFO - Started process (PID=2261) to work on /opt/airflow/dags/scripts/tune_ml.py
[2023-08-13T15:27:32.159+0000] {processor.py:826} INFO - Processing file /opt/airflow/dags/scripts/tune_ml.py for tasks to queue
[2023-08-13T15:27:32.160+0000] {logging_mixin.py:149} INFO - [2023-08-13T15:27:32.160+0000] {dagbag.py:541} INFO - Filling up the DagBag from /opt/airflow/dags/scripts/tune_ml.py
[2023-08-13T15:27:32.207+0000] {processor.py:836} INFO - DAG(s) dict_keys(['tune_dag']) retrieved from /opt/airflow/dags/scripts/tune_ml.py
[2023-08-13T15:27:32.218+0000] {logging_mixin.py:149} INFO - [2023-08-13T15:27:32.218+0000] {dag.py:2726} INFO - Sync 1 DAGs
[2023-08-13T15:27:32.227+0000] {logging_mixin.py:149} INFO - [2023-08-13T15:27:32.227+0000] {dag.py:3486} INFO - Setting next_dagrun for tune_dag to None, run_after=None
[2023-08-13T15:27:32.235+0000] {processor.py:179} INFO - Processing /opt/airflow/dags/scripts/tune_ml.py took 0.088 seconds
[2023-08-13T15:28:02.647+0000] {processor.py:157} INFO - Started process (PID=2338) to work on /opt/airflow/dags/scripts/tune_ml.py
[2023-08-13T15:28:02.657+0000] {processor.py:826} INFO - Processing file /opt/airflow/dags/scripts/tune_ml.py for tasks to queue
[2023-08-13T15:28:02.658+0000] {logging_mixin.py:149} INFO - [2023-08-13T15:28:02.658+0000] {dagbag.py:541} INFO - Filling up the DagBag from /opt/airflow/dags/scripts/tune_ml.py
[2023-08-13T15:28:02.699+0000] {processor.py:836} INFO - DAG(s) dict_keys(['tune_dag']) retrieved from /opt/airflow/dags/scripts/tune_ml.py
[2023-08-13T15:28:02.709+0000] {logging_mixin.py:149} INFO - [2023-08-13T15:28:02.709+0000] {dag.py:2726} INFO - Sync 1 DAGs
[2023-08-13T15:28:02.718+0000] {logging_mixin.py:149} INFO - [2023-08-13T15:28:02.718+0000] {dag.py:3486} INFO - Setting next_dagrun for tune_dag to None, run_after=None
[2023-08-13T15:28:02.725+0000] {processor.py:179} INFO - Processing /opt/airflow/dags/scripts/tune_ml.py took 0.083 seconds
[2023-08-13T15:28:32.978+0000] {processor.py:157} INFO - Started process (PID=2415) to work on /opt/airflow/dags/scripts/tune_ml.py
[2023-08-13T15:28:32.987+0000] {processor.py:826} INFO - Processing file /opt/airflow/dags/scripts/tune_ml.py for tasks to queue
[2023-08-13T15:28:32.988+0000] {logging_mixin.py:149} INFO - [2023-08-13T15:28:32.988+0000] {dagbag.py:541} INFO - Filling up the DagBag from /opt/airflow/dags/scripts/tune_ml.py
[2023-08-13T15:28:33.030+0000] {processor.py:836} INFO - DAG(s) dict_keys(['tune_dag']) retrieved from /opt/airflow/dags/scripts/tune_ml.py
[2023-08-13T15:28:33.041+0000] {logging_mixin.py:149} INFO - [2023-08-13T15:28:33.041+0000] {dag.py:2726} INFO - Sync 1 DAGs
[2023-08-13T15:28:33.051+0000] {logging_mixin.py:149} INFO - [2023-08-13T15:28:33.050+0000] {dag.py:3486} INFO - Setting next_dagrun for tune_dag to None, run_after=None
[2023-08-13T15:28:33.057+0000] {processor.py:179} INFO - Processing /opt/airflow/dags/scripts/tune_ml.py took 0.085 seconds
[2023-08-13T15:29:03.336+0000] {processor.py:157} INFO - Started process (PID=2492) to work on /opt/airflow/dags/scripts/tune_ml.py
[2023-08-13T15:29:03.345+0000] {processor.py:826} INFO - Processing file /opt/airflow/dags/scripts/tune_ml.py for tasks to queue
[2023-08-13T15:29:03.345+0000] {logging_mixin.py:149} INFO - [2023-08-13T15:29:03.345+0000] {dagbag.py:541} INFO - Filling up the DagBag from /opt/airflow/dags/scripts/tune_ml.py
[2023-08-13T15:29:03.377+0000] {processor.py:836} INFO - DAG(s) dict_keys(['tune_dag']) retrieved from /opt/airflow/dags/scripts/tune_ml.py
[2023-08-13T15:29:03.387+0000] {logging_mixin.py:149} INFO - [2023-08-13T15:29:03.387+0000] {dag.py:2726} INFO - Sync 1 DAGs
[2023-08-13T15:29:03.396+0000] {logging_mixin.py:149} INFO - [2023-08-13T15:29:03.396+0000] {dag.py:3486} INFO - Setting next_dagrun for tune_dag to None, run_after=None
[2023-08-13T15:29:03.403+0000] {processor.py:179} INFO - Processing /opt/airflow/dags/scripts/tune_ml.py took 0.073 seconds
[2023-08-13T15:29:16.577+0000] {processor.py:157} INFO - Started process (PID=2562) to work on /opt/airflow/dags/scripts/tune_ml.py
[2023-08-13T15:29:16.586+0000] {processor.py:826} INFO - Processing file /opt/airflow/dags/scripts/tune_ml.py for tasks to queue
[2023-08-13T15:29:16.587+0000] {logging_mixin.py:149} INFO - [2023-08-13T15:29:16.586+0000] {dagbag.py:541} INFO - Filling up the DagBag from /opt/airflow/dags/scripts/tune_ml.py
[2023-08-13T15:29:16.590+0000] {logging_mixin.py:149} INFO - [2023-08-13T15:29:16.589+0000] {dagbag.py:350} ERROR - Failed to import: /opt/airflow/dags/scripts/tune_ml.py
Traceback (most recent call last):
  File "/home/airflow/.local/lib/python3.10/site-packages/airflow/models/dagbag.py", line 346, in parse
    loader.exec_module(new_module)
  File "<frozen importlib._bootstrap_external>", line 879, in exec_module
  File "<frozen importlib._bootstrap_external>", line 1017, in get_code
  File "<frozen importlib._bootstrap_external>", line 947, in source_to_code
  File "<frozen importlib._bootstrap>", line 241, in _call_with_frames_removed
  File "/opt/airflow/dags/scripts/tune_ml.py", line 61
    response = client.containers.run response = client.containers.run(
                                     ^^^^^^^^
SyntaxError: invalid syntax
[2023-08-13T15:29:16.590+0000] {processor.py:838} WARNING - No viable dags retrieved from /opt/airflow/dags/scripts/tune_ml.py
[2023-08-13T15:29:16.611+0000] {processor.py:179} INFO - Processing /opt/airflow/dags/scripts/tune_ml.py took 0.036 seconds
[2023-08-13T15:29:17.580+0000] {processor.py:157} INFO - Started process (PID=2563) to work on /opt/airflow/dags/scripts/tune_ml.py
[2023-08-13T15:29:17.580+0000] {processor.py:826} INFO - Processing file /opt/airflow/dags/scripts/tune_ml.py for tasks to queue
[2023-08-13T15:29:17.580+0000] {logging_mixin.py:149} INFO - [2023-08-13T15:29:17.580+0000] {dagbag.py:541} INFO - Filling up the DagBag from /opt/airflow/dags/scripts/tune_ml.py
[2023-08-13T15:29:17.582+0000] {logging_mixin.py:149} INFO - [2023-08-13T15:29:17.581+0000] {dagbag.py:350} ERROR - Failed to import: /opt/airflow/dags/scripts/tune_ml.py
Traceback (most recent call last):
  File "/home/airflow/.local/lib/python3.10/site-packages/airflow/models/dagbag.py", line 346, in parse
    loader.exec_module(new_module)
  File "<frozen importlib._bootstrap_external>", line 879, in exec_module
  File "<frozen importlib._bootstrap_external>", line 1017, in get_code
  File "<frozen importlib._bootstrap_external>", line 947, in source_to_code
  File "<frozen importlib._bootstrap>", line 241, in _call_with_frames_removed
  File "/opt/airflow/dags/scripts/tune_ml.py", line 61
    response = client.containers.run response = client.containers.run(
                                     ^^^^^^^^
SyntaxError: invalid syntax
[2023-08-13T15:29:17.582+0000] {processor.py:838} WARNING - No viable dags retrieved from /opt/airflow/dags/scripts/tune_ml.py
[2023-08-13T15:29:17.590+0000] {processor.py:179} INFO - Processing /opt/airflow/dags/scripts/tune_ml.py took 0.011 seconds
[2023-08-13T15:29:23.609+0000] {processor.py:157} INFO - Started process (PID=2571) to work on /opt/airflow/dags/scripts/tune_ml.py
[2023-08-13T15:29:23.609+0000] {processor.py:826} INFO - Processing file /opt/airflow/dags/scripts/tune_ml.py for tasks to queue
[2023-08-13T15:29:23.609+0000] {logging_mixin.py:149} INFO - [2023-08-13T15:29:23.609+0000] {dagbag.py:541} INFO - Filling up the DagBag from /opt/airflow/dags/scripts/tune_ml.py
[2023-08-13T15:29:23.641+0000] {processor.py:836} INFO - DAG(s) dict_keys(['tune_dag']) retrieved from /opt/airflow/dags/scripts/tune_ml.py
[2023-08-13T15:29:23.651+0000] {logging_mixin.py:149} INFO - [2023-08-13T15:29:23.651+0000] {dag.py:2726} INFO - Sync 1 DAGs
[2023-08-13T15:29:23.660+0000] {logging_mixin.py:149} INFO - [2023-08-13T15:29:23.660+0000] {dag.py:3486} INFO - Setting next_dagrun for tune_dag to None, run_after=None
[2023-08-13T15:29:23.668+0000] {processor.py:179} INFO - Processing /opt/airflow/dags/scripts/tune_ml.py took 0.060 seconds
[2023-08-13T15:29:24.619+0000] {processor.py:157} INFO - Started process (PID=2572) to work on /opt/airflow/dags/scripts/tune_ml.py
[2023-08-13T15:29:24.620+0000] {processor.py:826} INFO - Processing file /opt/airflow/dags/scripts/tune_ml.py for tasks to queue
[2023-08-13T15:29:24.620+0000] {logging_mixin.py:149} INFO - [2023-08-13T15:29:24.620+0000] {dagbag.py:541} INFO - Filling up the DagBag from /opt/airflow/dags/scripts/tune_ml.py
[2023-08-13T15:29:24.652+0000] {processor.py:836} INFO - DAG(s) dict_keys(['tune_dag']) retrieved from /opt/airflow/dags/scripts/tune_ml.py
[2023-08-13T15:29:24.662+0000] {logging_mixin.py:149} INFO - [2023-08-13T15:29:24.662+0000] {dag.py:2726} INFO - Sync 1 DAGs
[2023-08-13T15:29:24.671+0000] {logging_mixin.py:149} INFO - [2023-08-13T15:29:24.671+0000] {dag.py:3486} INFO - Setting next_dagrun for tune_dag to None, run_after=None
[2023-08-13T15:29:24.680+0000] {processor.py:179} INFO - Processing /opt/airflow/dags/scripts/tune_ml.py took 0.062 seconds
[2023-08-13T15:29:25.696+0000] {processor.py:157} INFO - Started process (PID=2573) to work on /opt/airflow/dags/scripts/tune_ml.py
[2023-08-13T15:29:25.696+0000] {processor.py:826} INFO - Processing file /opt/airflow/dags/scripts/tune_ml.py for tasks to queue
[2023-08-13T15:29:25.696+0000] {logging_mixin.py:149} INFO - [2023-08-13T15:29:25.696+0000] {dagbag.py:541} INFO - Filling up the DagBag from /opt/airflow/dags/scripts/tune_ml.py
[2023-08-13T15:29:25.728+0000] {processor.py:836} INFO - DAG(s) dict_keys(['tune_dag']) retrieved from /opt/airflow/dags/scripts/tune_ml.py
[2023-08-13T15:29:25.738+0000] {logging_mixin.py:149} INFO - [2023-08-13T15:29:25.738+0000] {dag.py:2726} INFO - Sync 1 DAGs
[2023-08-13T15:29:25.747+0000] {logging_mixin.py:149} INFO - [2023-08-13T15:29:25.747+0000] {dag.py:3486} INFO - Setting next_dagrun for tune_dag to None, run_after=None
[2023-08-13T15:29:25.755+0000] {processor.py:179} INFO - Processing /opt/airflow/dags/scripts/tune_ml.py took 0.060 seconds
