[2023-08-12T15:30:49.822+0000] {manager.py:487} INFO - Processing files using up to 2 processes at a time 
[2023-08-12T15:30:49.822+0000] {manager.py:488} INFO - Process each file at most once every 30 seconds
[2023-08-12T15:30:49.822+0000] {manager.py:489} INFO - Checking for new files in /opt/airflow/dags every 300 seconds
[2023-08-12T15:30:49.822+0000] {manager.py:758} INFO - Searching for files in /opt/airflow/dags
[2023-08-12T15:30:49.827+0000] {manager.py:761} INFO - There are 46 files in /opt/airflow/dags
[2023-08-12T15:30:49.877+0000] {manager.py:889} INFO - 
================================================================================
DAG File Processing Stats

File Path                                                                                                            PID  Runtime      # DAGs    # Errors  Last Runtime    Last Run
-----------------------------------------------------------------------------------------------------------------  -----  ---------  --------  ----------  --------------  ----------
/opt/airflow/dags/scripts/tune_ml.py                                                                                  24  0.02s             0           0
/home/airflow/.local/lib/python3.10/site-packages/airflow/example_dags/tutorial_taskflow_api.py                       25  0.01s             0           0
/home/airflow/.local/lib/python3.10/site-packages/airflow/example_dags/example_time_delta_sensor_async.py                                   0           0
/home/airflow/.local/lib/python3.10/site-packages/airflow/example_dags/example_branch_operator_decorator.py                                 0           0
/home/airflow/.local/lib/python3.10/site-packages/airflow/example_dags/example_trigger_target_dag.py                                        0           0
/home/airflow/.local/lib/python3.10/site-packages/airflow/example_dags/tutorial.py                                                          0           0
/home/airflow/.local/lib/python3.10/site-packages/airflow/example_dags/example_xcomargs.py                                                  0           0
/home/airflow/.local/lib/python3.10/site-packages/airflow/example_dags/example_branch_python_dop_operator_3.py                              0           0
/home/airflow/.local/lib/python3.10/site-packages/airflow/example_dags/example_local_kubernetes_executor.py                                 0           0
/home/airflow/.local/lib/python3.10/site-packages/airflow/example_dags/example_branch_datetime_operator.py                                  0           0
/home/airflow/.local/lib/python3.10/site-packages/airflow/example_dags/example_task_group.py                                                0           0
/home/airflow/.local/lib/python3.10/site-packages/airflow/example_dags/example_dag_decorator.py                                             0           0
/home/airflow/.local/lib/python3.10/site-packages/airflow/example_dags/example_task_group_decorator.py                                      0           0
/home/airflow/.local/lib/python3.10/site-packages/airflow/example_dags/example_datasets.py                                                  0           0
/home/airflow/.local/lib/python3.10/site-packages/airflow/example_dags/example_dynamic_task_mapping.py                                      0           0
/home/airflow/.local/lib/python3.10/site-packages/airflow/example_dags/example_params_trigger_ui.py                                         0           0
/home/airflow/.local/lib/python3.10/site-packages/airflow/example_dags/example_branch_labels.py                                             0           0
/home/airflow/.local/lib/python3.10/site-packages/airflow/example_dags/example_branch_day_of_week_operator.py                               0           0
/home/airflow/.local/lib/python3.10/site-packages/airflow/example_dags/example_branch_operator.py                                           0           0
/home/airflow/.local/lib/python3.10/site-packages/airflow/example_dags/example_external_task_marker_dag.py                                  0           0
/home/airflow/.local/lib/python3.10/site-packages/airflow/example_dags/example_short_circuit_decorator.py                                   0           0
/home/airflow/.local/lib/python3.10/site-packages/airflow/example_dags/example_xcom.py                                                      0           0
/home/airflow/.local/lib/python3.10/site-packages/airflow/example_dags/example_skip_dag.py                                                  0           0
/home/airflow/.local/lib/python3.10/site-packages/airflow/example_dags/example_sla_dag.py                                                   0           0
/home/airflow/.local/lib/python3.10/site-packages/airflow/example_dags/example_short_circuit_operator.py                                    0           0
/home/airflow/.local/lib/python3.10/site-packages/airflow/example_dags/example_python_operator.py                                           0           0
/home/airflow/.local/lib/python3.10/site-packages/airflow/example_dags/tutorial_dag.py                                                      0           0
/home/airflow/.local/lib/python3.10/site-packages/airflow/example_dags/example_sensors.py                                                   0           0
/home/airflow/.local/lib/python3.10/site-packages/airflow/example_dags/example_subdag_operator.py                                           0           0
/home/airflow/.local/lib/python3.10/site-packages/airflow/example_dags/example_sensor_decorator.py                                          0           0
/home/airflow/.local/lib/python3.10/site-packages/airflow/example_dags/example_setup_teardown_taskflow.py                                   0           0
/home/airflow/.local/lib/python3.10/site-packages/airflow/example_dags/example_complex.py                                                   0           0
/home/airflow/.local/lib/python3.10/site-packages/airflow/example_dags/tutorial_taskflow_api_virtualenv.py                                  0           0
/home/airflow/.local/lib/python3.10/site-packages/airflow/example_dags/example_latest_only.py                                               0           0
/home/airflow/.local/lib/python3.10/site-packages/airflow/example_dags/example_bash_operator.py                                             0           0
/home/airflow/.local/lib/python3.10/site-packages/airflow/example_dags/example_latest_only_with_trigger.py                                  0           0
/home/airflow/.local/lib/python3.10/site-packages/airflow/example_dags/example_setup_teardown.py                                            0           0
/home/airflow/.local/lib/python3.10/site-packages/airflow/example_dags/example_params_ui_tutorial.py                                        0           0
/home/airflow/.local/lib/python3.10/site-packages/airflow/example_dags/example_passing_params_via_test_command.py                           0           0
/home/airflow/.local/lib/python3.10/site-packages/airflow/example_dags/example_kubernetes_executor.py                                       0           0
/home/airflow/.local/lib/python3.10/site-packages/airflow/example_dags/example_nested_branch_dag.py                                         0           0
/home/airflow/.local/lib/python3.10/site-packages/airflow/example_dags/example_trigger_controller_dag.py                                    0           0
/home/airflow/.local/lib/python3.10/site-packages/airflow/example_dags/subdags/subdag.py                                                    0           0
/home/airflow/.local/lib/python3.10/site-packages/airflow/example_dags/plugins/event_listener.py                                            0           0
/home/airflow/.local/lib/python3.10/site-packages/airflow/example_dags/plugins/workday.py                                                   0           0
/home/airflow/.local/lib/python3.10/site-packages/airflow/example_dags/plugins/listener_plugin.py                                           0           0
================================================================================
[2023-08-12T15:31:20.166+0000] {manager.py:889} INFO - 
================================================================================
DAG File Processing Stats

File Path                                                                                                            PID  Runtime      # DAGs    # Errors  Last Runtime    Last Run
-----------------------------------------------------------------------------------------------------------------  -----  ---------  --------  ----------  --------------  -------------------
/home/airflow/.local/lib/python3.10/site-packages/airflow/example_dags/example_setup_teardown_taskflow.py                                   0           0  0.02s           2023-08-12T15:30:50
/home/airflow/.local/lib/python3.10/site-packages/airflow/example_dags/example_setup_teardown.py                                            0           0  0.01s           2023-08-12T15:30:51
/home/airflow/.local/lib/python3.10/site-packages/airflow/example_dags/subdags/subdag.py                                                    0           0  0.01s           2023-08-12T15:30:51
/home/airflow/.local/lib/python3.10/site-packages/airflow/example_dags/plugins/event_listener.py                                            0           0  0.02s           2023-08-12T15:30:51
/home/airflow/.local/lib/python3.10/site-packages/airflow/example_dags/plugins/workday.py                                                   0           0  0.77s           2023-08-12T15:30:52
/home/airflow/.local/lib/python3.10/site-packages/airflow/example_dags/plugins/listener_plugin.py                                           0           0  0.02s           2023-08-12T15:30:51
/opt/airflow/dags/scripts/tune_ml.py                                                                                 101  0.01s             1           0  0.18s           2023-08-12T15:30:50
/home/airflow/.local/lib/python3.10/site-packages/airflow/example_dags/tutorial_taskflow_api.py                      102  0.00s             1           0  0.04s           2023-08-12T15:30:49
/home/airflow/.local/lib/python3.10/site-packages/airflow/example_dags/example_time_delta_sensor_async.py                                   1           0  0.04s           2023-08-12T15:30:49
/home/airflow/.local/lib/python3.10/site-packages/airflow/example_dags/example_branch_operator_decorator.py                                 1           0  0.04s           2023-08-12T15:30:49
/home/airflow/.local/lib/python3.10/site-packages/airflow/example_dags/example_trigger_target_dag.py                                        1           0  0.04s           2023-08-12T15:30:50
/home/airflow/.local/lib/python3.10/site-packages/airflow/example_dags/tutorial.py                                                          1           0  0.04s           2023-08-12T15:30:50
/home/airflow/.local/lib/python3.10/site-packages/airflow/example_dags/example_branch_python_dop_operator_3.py                              1           0  0.04s           2023-08-12T15:30:50
/home/airflow/.local/lib/python3.10/site-packages/airflow/example_dags/example_local_kubernetes_executor.py                                 1           0  0.69s           2023-08-12T15:30:50
/home/airflow/.local/lib/python3.10/site-packages/airflow/example_dags/example_task_group.py                                                1           0  0.04s           2023-08-12T15:30:50
/home/airflow/.local/lib/python3.10/site-packages/airflow/example_dags/example_dag_decorator.py                                             1           0  0.04s           2023-08-12T15:30:50
/home/airflow/.local/lib/python3.10/site-packages/airflow/example_dags/example_task_group_decorator.py                                      1           0  0.05s           2023-08-12T15:30:50
/home/airflow/.local/lib/python3.10/site-packages/airflow/example_dags/example_dynamic_task_mapping.py                                      1           0  0.04s           2023-08-12T15:30:50
/home/airflow/.local/lib/python3.10/site-packages/airflow/example_dags/example_params_trigger_ui.py                                         1           0  0.04s           2023-08-12T15:30:50
/home/airflow/.local/lib/python3.10/site-packages/airflow/example_dags/example_branch_labels.py                                             1           0  0.04s           2023-08-12T15:30:50
/home/airflow/.local/lib/python3.10/site-packages/airflow/example_dags/example_branch_day_of_week_operator.py                               1           0  0.04s           2023-08-12T15:30:50
/home/airflow/.local/lib/python3.10/site-packages/airflow/example_dags/example_branch_operator.py                                           1           0  0.04s           2023-08-12T15:30:50
/home/airflow/.local/lib/python3.10/site-packages/airflow/example_dags/example_short_circuit_decorator.py                                   1           0  0.04s           2023-08-12T15:30:50
/home/airflow/.local/lib/python3.10/site-packages/airflow/example_dags/example_xcom.py                                                      1           0  0.04s           2023-08-12T15:30:50
/home/airflow/.local/lib/python3.10/site-packages/airflow/example_dags/example_skip_dag.py                                                  1           0  0.04s           2023-08-12T15:30:50
/home/airflow/.local/lib/python3.10/site-packages/airflow/example_dags/example_sla_dag.py                                                   1           0  0.04s           2023-08-12T15:30:50
/home/airflow/.local/lib/python3.10/site-packages/airflow/example_dags/example_short_circuit_operator.py                                    1           0  0.04s           2023-08-12T15:30:50
/home/airflow/.local/lib/python3.10/site-packages/airflow/example_dags/example_python_operator.py                                           1           0  0.04s           2023-08-12T15:30:50
/home/airflow/.local/lib/python3.10/site-packages/airflow/example_dags/tutorial_dag.py                                                      1           0  0.04s           2023-08-12T15:30:50
/home/airflow/.local/lib/python3.10/site-packages/airflow/example_dags/example_sensors.py                                                   1           0  0.04s           2023-08-12T15:30:50
/home/airflow/.local/lib/python3.10/site-packages/airflow/example_dags/example_sensor_decorator.py                                          1           0  0.03s           2023-08-12T15:30:50
/home/airflow/.local/lib/python3.10/site-packages/airflow/example_dags/example_complex.py                                                   1           0  0.03s           2023-08-12T15:30:50
/home/airflow/.local/lib/python3.10/site-packages/airflow/example_dags/tutorial_taskflow_api_virtualenv.py                                  1           0  0.03s           2023-08-12T15:30:50
/home/airflow/.local/lib/python3.10/site-packages/airflow/example_dags/example_latest_only.py                                               1           0  0.03s           2023-08-12T15:30:50
/home/airflow/.local/lib/python3.10/site-packages/airflow/example_dags/example_bash_operator.py                                             1           0  0.04s           2023-08-12T15:30:50
/home/airflow/.local/lib/python3.10/site-packages/airflow/example_dags/example_latest_only_with_trigger.py                                  1           0  0.03s           2023-08-12T15:30:51
/home/airflow/.local/lib/python3.10/site-packages/airflow/example_dags/example_params_ui_tutorial.py                                        1           0  0.05s           2023-08-12T15:30:51
/home/airflow/.local/lib/python3.10/site-packages/airflow/example_dags/example_passing_params_via_test_command.py                           1           0  0.04s           2023-08-12T15:30:51
/home/airflow/.local/lib/python3.10/site-packages/airflow/example_dags/example_kubernetes_executor.py                                       1           0  0.14s           2023-08-12T15:30:51
/home/airflow/.local/lib/python3.10/site-packages/airflow/example_dags/example_nested_branch_dag.py                                         1           0  0.05s           2023-08-12T15:30:51
/home/airflow/.local/lib/python3.10/site-packages/airflow/example_dags/example_trigger_controller_dag.py                                    1           0  0.04s           2023-08-12T15:30:51
/home/airflow/.local/lib/python3.10/site-packages/airflow/example_dags/example_xcomargs.py                                                  2           0  0.04s           2023-08-12T15:30:50
/home/airflow/.local/lib/python3.10/site-packages/airflow/example_dags/example_external_task_marker_dag.py                                  2           0  0.04s           2023-08-12T15:30:50
/home/airflow/.local/lib/python3.10/site-packages/airflow/example_dags/example_branch_datetime_operator.py                                  3           0  0.04s           2023-08-12T15:30:50
/home/airflow/.local/lib/python3.10/site-packages/airflow/example_dags/example_subdag_operator.py                                           3           0  0.04s           2023-08-12T15:30:50
/home/airflow/.local/lib/python3.10/site-packages/airflow/example_dags/example_datasets.py                                                  6           0  0.06s           2023-08-12T15:30:50
================================================================================
[2023-08-12T15:31:50.602+0000] {manager.py:889} INFO - 
================================================================================
DAG File Processing Stats

File Path                                                                                                            PID  Runtime      # DAGs    # Errors  Last Runtime    Last Run
-----------------------------------------------------------------------------------------------------------------  -----  ---------  --------  ----------  --------------  -------------------
/home/airflow/.local/lib/python3.10/site-packages/airflow/example_dags/example_setup_teardown_taskflow.py                                   0           0  0.01s           2023-08-12T15:31:21
/home/airflow/.local/lib/python3.10/site-packages/airflow/example_dags/example_setup_teardown.py                                            0           0  0.01s           2023-08-12T15:31:21
/home/airflow/.local/lib/python3.10/site-packages/airflow/example_dags/subdags/subdag.py                                                    0           0  0.01s           2023-08-12T15:31:21
/home/airflow/.local/lib/python3.10/site-packages/airflow/example_dags/plugins/event_listener.py                                            0           0  0.01s           2023-08-12T15:31:21
/home/airflow/.local/lib/python3.10/site-packages/airflow/example_dags/plugins/workday.py                                                   0           0  0.29s           2023-08-12T15:31:22
/home/airflow/.local/lib/python3.10/site-packages/airflow/example_dags/plugins/listener_plugin.py                                           0           0  0.01s           2023-08-12T15:31:21
/opt/airflow/dags/scripts/tune_ml.py                                                                                 177  0.01s             1           0  0.07s           2023-08-12T15:31:20
/home/airflow/.local/lib/python3.10/site-packages/airflow/example_dags/tutorial_taskflow_api.py                      178  0.00s             1           0  0.04s           2023-08-12T15:31:20
/home/airflow/.local/lib/python3.10/site-packages/airflow/example_dags/example_time_delta_sensor_async.py                                   1           0  0.04s           2023-08-12T15:31:20
/home/airflow/.local/lib/python3.10/site-packages/airflow/example_dags/example_branch_operator_decorator.py                                 1           0  0.04s           2023-08-12T15:31:20
/home/airflow/.local/lib/python3.10/site-packages/airflow/example_dags/example_trigger_target_dag.py                                        1           0  0.04s           2023-08-12T15:31:20
/home/airflow/.local/lib/python3.10/site-packages/airflow/example_dags/tutorial.py                                                          1           0  0.04s           2023-08-12T15:31:20
/home/airflow/.local/lib/python3.10/site-packages/airflow/example_dags/example_branch_python_dop_operator_3.py                              1           0  0.04s           2023-08-12T15:31:20
/home/airflow/.local/lib/python3.10/site-packages/airflow/example_dags/example_local_kubernetes_executor.py                                 1           0  0.20s           2023-08-12T15:31:20
/home/airflow/.local/lib/python3.10/site-packages/airflow/example_dags/example_task_group.py                                                1           0  0.04s           2023-08-12T15:31:20
/home/airflow/.local/lib/python3.10/site-packages/airflow/example_dags/example_dag_decorator.py                                             1           0  0.06s           2023-08-12T15:31:20
/home/airflow/.local/lib/python3.10/site-packages/airflow/example_dags/example_task_group_decorator.py                                      1           0  0.04s           2023-08-12T15:31:20
/home/airflow/.local/lib/python3.10/site-packages/airflow/example_dags/example_dynamic_task_mapping.py                                      1           0  0.04s           2023-08-12T15:31:20
/home/airflow/.local/lib/python3.10/site-packages/airflow/example_dags/example_params_trigger_ui.py                                         1           0  0.08s           2023-08-12T15:31:20
/home/airflow/.local/lib/python3.10/site-packages/airflow/example_dags/example_branch_labels.py                                             1           0  0.04s           2023-08-12T15:31:20
/home/airflow/.local/lib/python3.10/site-packages/airflow/example_dags/example_branch_day_of_week_operator.py                               1           0  0.04s           2023-08-12T15:31:20
/home/airflow/.local/lib/python3.10/site-packages/airflow/example_dags/example_branch_operator.py                                           1           0  0.04s           2023-08-12T15:31:20
/home/airflow/.local/lib/python3.10/site-packages/airflow/example_dags/example_short_circuit_decorator.py                                   1           0  0.04s           2023-08-12T15:31:20
/home/airflow/.local/lib/python3.10/site-packages/airflow/example_dags/example_xcom.py                                                      1           0  0.04s           2023-08-12T15:31:20
/home/airflow/.local/lib/python3.10/site-packages/airflow/example_dags/example_skip_dag.py                                                  1           0  0.04s           2023-08-12T15:31:20
/home/airflow/.local/lib/python3.10/site-packages/airflow/example_dags/example_sla_dag.py                                                   1           0  0.04s           2023-08-12T15:31:20
/home/airflow/.local/lib/python3.10/site-packages/airflow/example_dags/example_short_circuit_operator.py                                    1           0  0.04s           2023-08-12T15:31:20
/home/airflow/.local/lib/python3.10/site-packages/airflow/example_dags/example_python_operator.py                                           1           0  0.06s           2023-08-12T15:31:20
/home/airflow/.local/lib/python3.10/site-packages/airflow/example_dags/tutorial_dag.py                                                      1           0  0.04s           2023-08-12T15:31:20
/home/airflow/.local/lib/python3.10/site-packages/airflow/example_dags/example_sensors.py                                                   1           0  0.04s           2023-08-12T15:31:20
/home/airflow/.local/lib/python3.10/site-packages/airflow/example_dags/example_sensor_decorator.py                                          1           0  0.04s           2023-08-12T15:31:21
/home/airflow/.local/lib/python3.10/site-packages/airflow/example_dags/example_complex.py                                                   1           0  0.05s           2023-08-12T15:31:21
/home/airflow/.local/lib/python3.10/site-packages/airflow/example_dags/tutorial_taskflow_api_virtualenv.py                                  1           0  0.04s           2023-08-12T15:31:21
/home/airflow/.local/lib/python3.10/site-packages/airflow/example_dags/example_latest_only.py                                               1           0  0.04s           2023-08-12T15:31:21
/home/airflow/.local/lib/python3.10/site-packages/airflow/example_dags/example_bash_operator.py                                             1           0  0.05s           2023-08-12T15:31:21
/home/airflow/.local/lib/python3.10/site-packages/airflow/example_dags/example_latest_only_with_trigger.py                                  1           0  0.04s           2023-08-12T15:31:21
/home/airflow/.local/lib/python3.10/site-packages/airflow/example_dags/example_params_ui_tutorial.py                                        1           0  0.07s           2023-08-12T15:31:21
/home/airflow/.local/lib/python3.10/site-packages/airflow/example_dags/example_passing_params_via_test_command.py                           1           0  0.04s           2023-08-12T15:31:21
/home/airflow/.local/lib/python3.10/site-packages/airflow/example_dags/example_kubernetes_executor.py                                       1           0  0.21s           2023-08-12T15:31:21
/home/airflow/.local/lib/python3.10/site-packages/airflow/example_dags/example_nested_branch_dag.py                                         1           0  0.04s           2023-08-12T15:31:21
/home/airflow/.local/lib/python3.10/site-packages/airflow/example_dags/example_trigger_controller_dag.py                                    1           0  0.04s           2023-08-12T15:31:21
/home/airflow/.local/lib/python3.10/site-packages/airflow/example_dags/example_xcomargs.py                                                  2           0  0.04s           2023-08-12T15:31:20
/home/airflow/.local/lib/python3.10/site-packages/airflow/example_dags/example_external_task_marker_dag.py                                  2           0  0.05s           2023-08-12T15:31:20
/home/airflow/.local/lib/python3.10/site-packages/airflow/example_dags/example_branch_datetime_operator.py                                  3           0  0.05s           2023-08-12T15:31:20
/home/airflow/.local/lib/python3.10/site-packages/airflow/example_dags/example_subdag_operator.py                                           3           0  0.05s           2023-08-12T15:31:21
/home/airflow/.local/lib/python3.10/site-packages/airflow/example_dags/example_datasets.py                                                  6           0  0.08s           2023-08-12T15:31:20
================================================================================
[2023-08-12T15:32:20.895+0000] {manager.py:889} INFO - 
================================================================================
DAG File Processing Stats

File Path                                                                                                            PID  Runtime      # DAGs    # Errors  Last Runtime    Last Run
-----------------------------------------------------------------------------------------------------------------  -----  ---------  --------  ----------  --------------  -------------------
/home/airflow/.local/lib/python3.10/site-packages/airflow/example_dags/example_setup_teardown_taskflow.py                                   0           0  0.02s           2023-08-12T15:31:51
/home/airflow/.local/lib/python3.10/site-packages/airflow/example_dags/example_setup_teardown.py                                            0           0  0.01s           2023-08-12T15:31:51
/home/airflow/.local/lib/python3.10/site-packages/airflow/example_dags/subdags/subdag.py                                                    0           0  0.01s           2023-08-12T15:31:51
/home/airflow/.local/lib/python3.10/site-packages/airflow/example_dags/plugins/event_listener.py                                            0           0  0.01s           2023-08-12T15:31:51
/home/airflow/.local/lib/python3.10/site-packages/airflow/example_dags/plugins/workday.py                                                   0           0  0.29s           2023-08-12T15:31:54
/home/airflow/.local/lib/python3.10/site-packages/airflow/example_dags/plugins/listener_plugin.py                                           0           0  0.01s           2023-08-12T15:31:51
/opt/airflow/dags/scripts/tune_ml.py                                                                                 254  0.01s             1           0  0.07s           2023-08-12T15:31:50
/home/airflow/.local/lib/python3.10/site-packages/airflow/example_dags/tutorial_taskflow_api.py                      255  0.00s             1           0  0.04s           2023-08-12T15:31:50
/home/airflow/.local/lib/python3.10/site-packages/airflow/example_dags/example_time_delta_sensor_async.py                                   1           0  0.04s           2023-08-12T15:31:50
/home/airflow/.local/lib/python3.10/site-packages/airflow/example_dags/example_branch_operator_decorator.py                                 1           0  0.04s           2023-08-12T15:31:50
/home/airflow/.local/lib/python3.10/site-packages/airflow/example_dags/example_trigger_target_dag.py                                        1           0  0.04s           2023-08-12T15:31:50
/home/airflow/.local/lib/python3.10/site-packages/airflow/example_dags/tutorial.py                                                          1           0  0.04s           2023-08-12T15:31:50
/home/airflow/.local/lib/python3.10/site-packages/airflow/example_dags/example_branch_python_dop_operator_3.py                              1           0  0.04s           2023-08-12T15:31:50
/home/airflow/.local/lib/python3.10/site-packages/airflow/example_dags/example_local_kubernetes_executor.py                                 1           0  0.20s           2023-08-12T15:31:51
/home/airflow/.local/lib/python3.10/site-packages/airflow/example_dags/example_task_group.py                                                1           0  0.04s           2023-08-12T15:31:50
/home/airflow/.local/lib/python3.10/site-packages/airflow/example_dags/example_dag_decorator.py                                             1           0  0.06s           2023-08-12T15:31:50
/home/airflow/.local/lib/python3.10/site-packages/airflow/example_dags/example_task_group_decorator.py                                      1           0  0.04s           2023-08-12T15:31:50
/home/airflow/.local/lib/python3.10/site-packages/airflow/example_dags/example_dynamic_task_mapping.py                                      1           0  0.04s           2023-08-12T15:31:50
/home/airflow/.local/lib/python3.10/site-packages/airflow/example_dags/example_params_trigger_ui.py                                         1           0  0.08s           2023-08-12T15:31:50
/home/airflow/.local/lib/python3.10/site-packages/airflow/example_dags/example_branch_labels.py                                             1           0  0.04s           2023-08-12T15:31:50
/home/airflow/.local/lib/python3.10/site-packages/airflow/example_dags/example_branch_day_of_week_operator.py                               1           0  0.04s           2023-08-12T15:31:51
/home/airflow/.local/lib/python3.10/site-packages/airflow/example_dags/example_branch_operator.py                                           1           0  0.04s           2023-08-12T15:31:51
/home/airflow/.local/lib/python3.10/site-packages/airflow/example_dags/example_short_circuit_decorator.py                                   1           0  0.04s           2023-08-12T15:31:51
/home/airflow/.local/lib/python3.10/site-packages/airflow/example_dags/example_xcom.py                                                      1           0  0.04s           2023-08-12T15:31:51
/home/airflow/.local/lib/python3.10/site-packages/airflow/example_dags/example_skip_dag.py                                                  1           0  0.04s           2023-08-12T15:31:51
/home/airflow/.local/lib/python3.10/site-packages/airflow/example_dags/example_sla_dag.py                                                   1           0  0.04s           2023-08-12T15:31:51
/home/airflow/.local/lib/python3.10/site-packages/airflow/example_dags/example_short_circuit_operator.py                                    1           0  0.04s           2023-08-12T15:31:51
/home/airflow/.local/lib/python3.10/site-packages/airflow/example_dags/example_python_operator.py                                           1           0  0.04s           2023-08-12T15:31:51
/home/airflow/.local/lib/python3.10/site-packages/airflow/example_dags/tutorial_dag.py                                                      1           0  0.04s           2023-08-12T15:31:51
/home/airflow/.local/lib/python3.10/site-packages/airflow/example_dags/example_sensors.py                                                   1           0  0.04s           2023-08-12T15:31:51
/home/airflow/.local/lib/python3.10/site-packages/airflow/example_dags/example_sensor_decorator.py                                          1           0  0.04s           2023-08-12T15:31:51
/home/airflow/.local/lib/python3.10/site-packages/airflow/example_dags/example_complex.py                                                   1           0  0.04s           2023-08-12T15:31:51
/home/airflow/.local/lib/python3.10/site-packages/airflow/example_dags/tutorial_taskflow_api_virtualenv.py                                  1           0  0.04s           2023-08-12T15:31:51
/home/airflow/.local/lib/python3.10/site-packages/airflow/example_dags/example_latest_only.py                                               1           0  0.04s           2023-08-12T15:31:51
/home/airflow/.local/lib/python3.10/site-packages/airflow/example_dags/example_bash_operator.py                                             1           0  0.05s           2023-08-12T15:31:51
/home/airflow/.local/lib/python3.10/site-packages/airflow/example_dags/example_latest_only_with_trigger.py                                  1           0  0.04s           2023-08-12T15:31:51
/home/airflow/.local/lib/python3.10/site-packages/airflow/example_dags/example_params_ui_tutorial.py                                        1           0  0.07s           2023-08-12T15:31:51
/home/airflow/.local/lib/python3.10/site-packages/airflow/example_dags/example_passing_params_via_test_command.py                           1           0  0.04s           2023-08-12T15:31:51
/home/airflow/.local/lib/python3.10/site-packages/airflow/example_dags/example_kubernetes_executor.py                                       1           0  0.20s           2023-08-12T15:31:51
/home/airflow/.local/lib/python3.10/site-packages/airflow/example_dags/example_nested_branch_dag.py                                         1           0  0.04s           2023-08-12T15:31:51
/home/airflow/.local/lib/python3.10/site-packages/airflow/example_dags/example_trigger_controller_dag.py                                    1           0  0.04s           2023-08-12T15:31:51
/home/airflow/.local/lib/python3.10/site-packages/airflow/example_dags/example_xcomargs.py                                                  2           0  0.04s           2023-08-12T15:31:50
/home/airflow/.local/lib/python3.10/site-packages/airflow/example_dags/example_external_task_marker_dag.py                                  2           0  0.04s           2023-08-12T15:31:51
/home/airflow/.local/lib/python3.10/site-packages/airflow/example_dags/example_branch_datetime_operator.py                                  3           0  0.05s           2023-08-12T15:31:50
/home/airflow/.local/lib/python3.10/site-packages/airflow/example_dags/example_subdag_operator.py                                           3           0  0.05s           2023-08-12T15:31:51
/home/airflow/.local/lib/python3.10/site-packages/airflow/example_dags/example_datasets.py                                                  6           0  0.06s           2023-08-12T15:31:50
================================================================================
[2023-08-12T15:32:51.193+0000] {manager.py:889} INFO - 
================================================================================
DAG File Processing Stats

File Path                                                                                                            PID  Runtime      # DAGs    # Errors  Last Runtime    Last Run
-----------------------------------------------------------------------------------------------------------------  -----  ---------  --------  ----------  --------------  -------------------
/home/airflow/.local/lib/python3.10/site-packages/airflow/example_dags/example_setup_teardown_taskflow.py                                   0           0  0.01s           2023-08-12T15:32:21
/home/airflow/.local/lib/python3.10/site-packages/airflow/example_dags/example_setup_teardown.py                                            0           0  0.01s           2023-08-12T15:32:21
/home/airflow/.local/lib/python3.10/site-packages/airflow/example_dags/subdags/subdag.py                                                    0           0  0.02s           2023-08-12T15:32:21
/home/airflow/.local/lib/python3.10/site-packages/airflow/example_dags/plugins/event_listener.py                                            0           0  0.02s           2023-08-12T15:32:22
/home/airflow/.local/lib/python3.10/site-packages/airflow/example_dags/plugins/workday.py                                                   0           0  0.29s           2023-08-12T15:32:24
/home/airflow/.local/lib/python3.10/site-packages/airflow/example_dags/plugins/listener_plugin.py                                           0           0  0.01s           2023-08-12T15:32:22
/opt/airflow/dags/scripts/tune_ml.py                                                                                 331  0.01s             1           0  0.08s           2023-08-12T15:32:20
/home/airflow/.local/lib/python3.10/site-packages/airflow/example_dags/tutorial_taskflow_api.py                      332  0.00s             1           0  0.05s           2023-08-12T15:32:20
/home/airflow/.local/lib/python3.10/site-packages/airflow/example_dags/example_time_delta_sensor_async.py                                   1           0  0.04s           2023-08-12T15:32:20
/home/airflow/.local/lib/python3.10/site-packages/airflow/example_dags/example_branch_operator_decorator.py                                 1           0  0.04s           2023-08-12T15:32:21
/home/airflow/.local/lib/python3.10/site-packages/airflow/example_dags/example_trigger_target_dag.py                                        1           0  0.04s           2023-08-12T15:32:21
/home/airflow/.local/lib/python3.10/site-packages/airflow/example_dags/tutorial.py                                                          1           0  0.04s           2023-08-12T15:32:21
/home/airflow/.local/lib/python3.10/site-packages/airflow/example_dags/example_branch_python_dop_operator_3.py                              1           0  0.04s           2023-08-12T15:32:21
/home/airflow/.local/lib/python3.10/site-packages/airflow/example_dags/example_local_kubernetes_executor.py                                 1           0  0.20s           2023-08-12T15:32:21
/home/airflow/.local/lib/python3.10/site-packages/airflow/example_dags/example_task_group.py                                                1           0  0.04s           2023-08-12T15:32:21
/home/airflow/.local/lib/python3.10/site-packages/airflow/example_dags/example_dag_decorator.py                                             1           0  0.06s           2023-08-12T15:32:21
/home/airflow/.local/lib/python3.10/site-packages/airflow/example_dags/example_task_group_decorator.py                                      1           0  0.04s           2023-08-12T15:32:21
/home/airflow/.local/lib/python3.10/site-packages/airflow/example_dags/example_dynamic_task_mapping.py                                      1           0  0.04s           2023-08-12T15:32:21
/home/airflow/.local/lib/python3.10/site-packages/airflow/example_dags/example_params_trigger_ui.py                                         1           0  0.08s           2023-08-12T15:32:21
/home/airflow/.local/lib/python3.10/site-packages/airflow/example_dags/example_branch_labels.py                                             1           0  0.04s           2023-08-12T15:32:21
/home/airflow/.local/lib/python3.10/site-packages/airflow/example_dags/example_branch_day_of_week_operator.py                               1           0  0.04s           2023-08-12T15:32:21
/home/airflow/.local/lib/python3.10/site-packages/airflow/example_dags/example_branch_operator.py                                           1           0  0.04s           2023-08-12T15:32:21
/home/airflow/.local/lib/python3.10/site-packages/airflow/example_dags/example_short_circuit_decorator.py                                   1           0  0.04s           2023-08-12T15:32:21
/home/airflow/.local/lib/python3.10/site-packages/airflow/example_dags/example_xcom.py                                                      1           0  0.04s           2023-08-12T15:32:21
/home/airflow/.local/lib/python3.10/site-packages/airflow/example_dags/example_skip_dag.py                                                  1           0  0.04s           2023-08-12T15:32:21
/home/airflow/.local/lib/python3.10/site-packages/airflow/example_dags/example_sla_dag.py                                                   1           0  0.04s           2023-08-12T15:32:21
/home/airflow/.local/lib/python3.10/site-packages/airflow/example_dags/example_short_circuit_operator.py                                    1           0  0.04s           2023-08-12T15:32:21
/home/airflow/.local/lib/python3.10/site-packages/airflow/example_dags/example_python_operator.py                                           1           0  0.04s           2023-08-12T15:32:21
/home/airflow/.local/lib/python3.10/site-packages/airflow/example_dags/tutorial_dag.py                                                      1           0  0.04s           2023-08-12T15:32:21
/home/airflow/.local/lib/python3.10/site-packages/airflow/example_dags/example_sensors.py                                                   1           0  0.04s           2023-08-12T15:32:21
/home/airflow/.local/lib/python3.10/site-packages/airflow/example_dags/example_sensor_decorator.py                                          1           0  0.04s           2023-08-12T15:32:21
/home/airflow/.local/lib/python3.10/site-packages/airflow/example_dags/example_complex.py                                                   1           0  0.05s           2023-08-12T15:32:21
/home/airflow/.local/lib/python3.10/site-packages/airflow/example_dags/tutorial_taskflow_api_virtualenv.py                                  1           0  0.04s           2023-08-12T15:32:21
/home/airflow/.local/lib/python3.10/site-packages/airflow/example_dags/example_latest_only.py                                               1           0  0.04s           2023-08-12T15:32:21
/home/airflow/.local/lib/python3.10/site-packages/airflow/example_dags/example_bash_operator.py                                             1           0  0.05s           2023-08-12T15:32:21
/home/airflow/.local/lib/python3.10/site-packages/airflow/example_dags/example_latest_only_with_trigger.py                                  1           0  0.04s           2023-08-12T15:32:21
/home/airflow/.local/lib/python3.10/site-packages/airflow/example_dags/example_params_ui_tutorial.py                                        1           0  0.07s           2023-08-12T15:32:21
/home/airflow/.local/lib/python3.10/site-packages/airflow/example_dags/example_passing_params_via_test_command.py                           1           0  0.04s           2023-08-12T15:32:21
/home/airflow/.local/lib/python3.10/site-packages/airflow/example_dags/example_kubernetes_executor.py                                       1           0  0.20s           2023-08-12T15:32:22
/home/airflow/.local/lib/python3.10/site-packages/airflow/example_dags/example_nested_branch_dag.py                                         1           0  0.04s           2023-08-12T15:32:21
/home/airflow/.local/lib/python3.10/site-packages/airflow/example_dags/example_trigger_controller_dag.py                                    1           0  0.04s           2023-08-12T15:32:21
/home/airflow/.local/lib/python3.10/site-packages/airflow/example_dags/example_xcomargs.py                                                  2           0  0.04s           2023-08-12T15:32:21
/home/airflow/.local/lib/python3.10/site-packages/airflow/example_dags/example_external_task_marker_dag.py                                  2           0  0.04s           2023-08-12T15:32:21
/home/airflow/.local/lib/python3.10/site-packages/airflow/example_dags/example_branch_datetime_operator.py                                  3           0  0.05s           2023-08-12T15:32:21
/home/airflow/.local/lib/python3.10/site-packages/airflow/example_dags/example_subdag_operator.py                                           3           0  0.05s           2023-08-12T15:32:21
/home/airflow/.local/lib/python3.10/site-packages/airflow/example_dags/example_datasets.py                                                  6           0  0.05s           2023-08-12T15:32:21
================================================================================
[2023-08-12T15:33:21.631+0000] {manager.py:889} INFO - 
================================================================================
DAG File Processing Stats

File Path                                                                                                            PID  Runtime      # DAGs    # Errors  Last Runtime    Last Run
-----------------------------------------------------------------------------------------------------------------  -----  ---------  --------  ----------  --------------  -------------------
/home/airflow/.local/lib/python3.10/site-packages/airflow/example_dags/example_setup_teardown_taskflow.py                                   0           0  0.01s           2023-08-12T15:32:52
/home/airflow/.local/lib/python3.10/site-packages/airflow/example_dags/example_setup_teardown.py                                            0           0  0.01s           2023-08-12T15:32:52
/home/airflow/.local/lib/python3.10/site-packages/airflow/example_dags/subdags/subdag.py                                                    0           0  0.01s           2023-08-12T15:32:52
/home/airflow/.local/lib/python3.10/site-packages/airflow/example_dags/plugins/event_listener.py                                            0           0  0.01s           2023-08-12T15:32:52
/home/airflow/.local/lib/python3.10/site-packages/airflow/example_dags/plugins/workday.py                                                   0           0  0.35s           2023-08-12T15:32:54
/home/airflow/.local/lib/python3.10/site-packages/airflow/example_dags/plugins/listener_plugin.py                                           0           0  0.01s           2023-08-12T15:32:52
/opt/airflow/dags/scripts/tune_ml.py                                                                                 407  0.01s             1           0  0.07s           2023-08-12T15:32:51
/home/airflow/.local/lib/python3.10/site-packages/airflow/example_dags/tutorial_taskflow_api.py                      408  0.00s             1           0  0.04s           2023-08-12T15:32:51
/home/airflow/.local/lib/python3.10/site-packages/airflow/example_dags/example_time_delta_sensor_async.py                                   1           0  0.04s           2023-08-12T15:32:51
/home/airflow/.local/lib/python3.10/site-packages/airflow/example_dags/example_branch_operator_decorator.py                                 1           0  0.04s           2023-08-12T15:32:51
/home/airflow/.local/lib/python3.10/site-packages/airflow/example_dags/example_trigger_target_dag.py                                        1           0  0.04s           2023-08-12T15:32:51
/home/airflow/.local/lib/python3.10/site-packages/airflow/example_dags/tutorial.py                                                          1           0  0.04s           2023-08-12T15:32:51
/home/airflow/.local/lib/python3.10/site-packages/airflow/example_dags/example_branch_python_dop_operator_3.py                              1           0  0.04s           2023-08-12T15:32:51
/home/airflow/.local/lib/python3.10/site-packages/airflow/example_dags/example_local_kubernetes_executor.py                                 1           0  0.20s           2023-08-12T15:32:51
/home/airflow/.local/lib/python3.10/site-packages/airflow/example_dags/example_task_group.py                                                1           0  0.04s           2023-08-12T15:32:51
/home/airflow/.local/lib/python3.10/site-packages/airflow/example_dags/example_dag_decorator.py                                             1           0  0.06s           2023-08-12T15:32:51
/home/airflow/.local/lib/python3.10/site-packages/airflow/example_dags/example_task_group_decorator.py                                      1           0  0.04s           2023-08-12T15:32:51
/home/airflow/.local/lib/python3.10/site-packages/airflow/example_dags/example_dynamic_task_mapping.py                                      1           0  0.04s           2023-08-12T15:32:51
/home/airflow/.local/lib/python3.10/site-packages/airflow/example_dags/example_params_trigger_ui.py                                         1           0  0.08s           2023-08-12T15:32:51
/home/airflow/.local/lib/python3.10/site-packages/airflow/example_dags/example_branch_labels.py                                             1           0  0.04s           2023-08-12T15:32:51
/home/airflow/.local/lib/python3.10/site-packages/airflow/example_dags/example_branch_day_of_week_operator.py                               1           0  0.04s           2023-08-12T15:32:51
/home/airflow/.local/lib/python3.10/site-packages/airflow/example_dags/example_branch_operator.py                                           1           0  0.04s           2023-08-12T15:32:51
/home/airflow/.local/lib/python3.10/site-packages/airflow/example_dags/example_short_circuit_decorator.py                                   1           0  0.05s           2023-08-12T15:32:51
/home/airflow/.local/lib/python3.10/site-packages/airflow/example_dags/example_xcom.py                                                      1           0  0.04s           2023-08-12T15:32:51
/home/airflow/.local/lib/python3.10/site-packages/airflow/example_dags/example_skip_dag.py                                                  1           0  0.04s           2023-08-12T15:32:51
/home/airflow/.local/lib/python3.10/site-packages/airflow/example_dags/example_sla_dag.py                                                   1           0  0.04s           2023-08-12T15:32:51
/home/airflow/.local/lib/python3.10/site-packages/airflow/example_dags/example_short_circuit_operator.py                                    1           0  0.04s           2023-08-12T15:32:51
/home/airflow/.local/lib/python3.10/site-packages/airflow/example_dags/example_python_operator.py                                           1           0  0.04s           2023-08-12T15:32:52
/home/airflow/.local/lib/python3.10/site-packages/airflow/example_dags/tutorial_dag.py                                                      1           0  0.04s           2023-08-12T15:32:52
/home/airflow/.local/lib/python3.10/site-packages/airflow/example_dags/example_sensors.py                                                   1           0  0.04s           2023-08-12T15:32:52
/home/airflow/.local/lib/python3.10/site-packages/airflow/example_dags/example_sensor_decorator.py                                          1           0  0.04s           2023-08-12T15:32:52
/home/airflow/.local/lib/python3.10/site-packages/airflow/example_dags/example_complex.py                                                   1           0  0.04s           2023-08-12T15:32:52
/home/airflow/.local/lib/python3.10/site-packages/airflow/example_dags/tutorial_taskflow_api_virtualenv.py                                  1           0  0.04s           2023-08-12T15:32:52
/home/airflow/.local/lib/python3.10/site-packages/airflow/example_dags/example_latest_only.py                                               1           0  0.04s           2023-08-12T15:32:52
/home/airflow/.local/lib/python3.10/site-packages/airflow/example_dags/example_bash_operator.py                                             1           0  0.05s           2023-08-12T15:32:52
/home/airflow/.local/lib/python3.10/site-packages/airflow/example_dags/example_latest_only_with_trigger.py                                  1           0  0.04s           2023-08-12T15:32:52
/home/airflow/.local/lib/python3.10/site-packages/airflow/example_dags/example_params_ui_tutorial.py                                        1           0  0.07s           2023-08-12T15:32:52
/home/airflow/.local/lib/python3.10/site-packages/airflow/example_dags/example_passing_params_via_test_command.py                           1           0  0.04s           2023-08-12T15:32:52
/home/airflow/.local/lib/python3.10/site-packages/airflow/example_dags/example_kubernetes_executor.py                                       1           0  0.20s           2023-08-12T15:32:52
/home/airflow/.local/lib/python3.10/site-packages/airflow/example_dags/example_nested_branch_dag.py                                         1           0  0.04s           2023-08-12T15:32:52
/home/airflow/.local/lib/python3.10/site-packages/airflow/example_dags/example_trigger_controller_dag.py                                    1           0  0.04s           2023-08-12T15:32:52
/home/airflow/.local/lib/python3.10/site-packages/airflow/example_dags/example_xcomargs.py                                                  2           0  0.04s           2023-08-12T15:32:51
/home/airflow/.local/lib/python3.10/site-packages/airflow/example_dags/example_external_task_marker_dag.py                                  2           0  0.04s           2023-08-12T15:32:51
/home/airflow/.local/lib/python3.10/site-packages/airflow/example_dags/example_branch_datetime_operator.py                                  3           0  0.05s           2023-08-12T15:32:51
/home/airflow/.local/lib/python3.10/site-packages/airflow/example_dags/example_subdag_operator.py                                           3           0  0.05s           2023-08-12T15:32:52
/home/airflow/.local/lib/python3.10/site-packages/airflow/example_dags/example_datasets.py                                                  6           0  0.05s           2023-08-12T15:32:51
================================================================================
[2023-08-12T15:33:52.149+0000] {manager.py:889} INFO - 
================================================================================
DAG File Processing Stats

File Path                                                                                                            PID  Runtime      # DAGs    # Errors  Last Runtime    Last Run
-----------------------------------------------------------------------------------------------------------------  -----  ---------  --------  ----------  --------------  -------------------
/home/airflow/.local/lib/python3.10/site-packages/airflow/example_dags/example_setup_teardown_taskflow.py                                   0           0  0.01s           2023-08-12T15:33:22
/home/airflow/.local/lib/python3.10/site-packages/airflow/example_dags/example_setup_teardown.py                                            0           0  0.01s           2023-08-12T15:33:22
/home/airflow/.local/lib/python3.10/site-packages/airflow/example_dags/subdags/subdag.py                                                    0           0  0.02s           2023-08-12T15:33:22
/home/airflow/.local/lib/python3.10/site-packages/airflow/example_dags/plugins/event_listener.py                                            0           0  0.01s           2023-08-12T15:33:22
/home/airflow/.local/lib/python3.10/site-packages/airflow/example_dags/plugins/workday.py                                                   0           0  0.33s           2023-08-12T15:33:25
/home/airflow/.local/lib/python3.10/site-packages/airflow/example_dags/plugins/listener_plugin.py                                           0           0  0.02s           2023-08-12T15:33:22
/opt/airflow/dags/scripts/tune_ml.py                                                                                 484  0.01s             1           0  0.08s           2023-08-12T15:33:21
/home/airflow/.local/lib/python3.10/site-packages/airflow/example_dags/tutorial_taskflow_api.py                      485  0.00s             1           0  0.04s           2023-08-12T15:33:21
/home/airflow/.local/lib/python3.10/site-packages/airflow/example_dags/example_time_delta_sensor_async.py                                   1           0  0.04s           2023-08-12T15:33:21
/home/airflow/.local/lib/python3.10/site-packages/airflow/example_dags/example_branch_operator_decorator.py                                 1           0  0.04s           2023-08-12T15:33:21
/home/airflow/.local/lib/python3.10/site-packages/airflow/example_dags/example_trigger_target_dag.py                                        1           0  0.04s           2023-08-12T15:33:21
/home/airflow/.local/lib/python3.10/site-packages/airflow/example_dags/tutorial.py                                                          1           0  0.04s           2023-08-12T15:33:21
/home/airflow/.local/lib/python3.10/site-packages/airflow/example_dags/example_branch_python_dop_operator_3.py                              1           0  0.04s           2023-08-12T15:33:21
/home/airflow/.local/lib/python3.10/site-packages/airflow/example_dags/example_local_kubernetes_executor.py                                 1           0  0.19s           2023-08-12T15:33:22
/home/airflow/.local/lib/python3.10/site-packages/airflow/example_dags/example_task_group.py                                                1           0  0.04s           2023-08-12T15:33:21
/home/airflow/.local/lib/python3.10/site-packages/airflow/example_dags/example_dag_decorator.py                                             1           0  0.06s           2023-08-12T15:33:21
/home/airflow/.local/lib/python3.10/site-packages/airflow/example_dags/example_task_group_decorator.py                                      1           0  0.04s           2023-08-12T15:33:21
/home/airflow/.local/lib/python3.10/site-packages/airflow/example_dags/example_dynamic_task_mapping.py                                      1           0  0.04s           2023-08-12T15:33:21
/home/airflow/.local/lib/python3.10/site-packages/airflow/example_dags/example_params_trigger_ui.py                                         1           0  0.08s           2023-08-12T15:33:22
/home/airflow/.local/lib/python3.10/site-packages/airflow/example_dags/example_branch_labels.py                                             1           0  0.04s           2023-08-12T15:33:22
/home/airflow/.local/lib/python3.10/site-packages/airflow/example_dags/example_branch_day_of_week_operator.py                               1           0  0.04s           2023-08-12T15:33:22
/home/airflow/.local/lib/python3.10/site-packages/airflow/example_dags/example_branch_operator.py                                           1           0  0.05s           2023-08-12T15:33:22
/home/airflow/.local/lib/python3.10/site-packages/airflow/example_dags/example_short_circuit_decorator.py                                   1           0  0.04s           2023-08-12T15:33:22
/home/airflow/.local/lib/python3.10/site-packages/airflow/example_dags/example_xcom.py                                                      1           0  0.04s           2023-08-12T15:33:22
/home/airflow/.local/lib/python3.10/site-packages/airflow/example_dags/example_skip_dag.py                                                  1           0  0.04s           2023-08-12T15:33:22
/home/airflow/.local/lib/python3.10/site-packages/airflow/example_dags/example_sla_dag.py                                                   1           0  0.04s           2023-08-12T15:33:22
/home/airflow/.local/lib/python3.10/site-packages/airflow/example_dags/example_short_circuit_operator.py                                    1           0  0.04s           2023-08-12T15:33:22
/home/airflow/.local/lib/python3.10/site-packages/airflow/example_dags/example_python_operator.py                                           1           0  0.04s           2023-08-12T15:33:22
/home/airflow/.local/lib/python3.10/site-packages/airflow/example_dags/tutorial_dag.py                                                      1           0  0.04s           2023-08-12T15:33:22
/home/airflow/.local/lib/python3.10/site-packages/airflow/example_dags/example_sensors.py                                                   1           0  0.04s           2023-08-12T15:33:22
/home/airflow/.local/lib/python3.10/site-packages/airflow/example_dags/example_sensor_decorator.py                                          1           0  0.04s           2023-08-12T15:33:22
/home/airflow/.local/lib/python3.10/site-packages/airflow/example_dags/example_complex.py                                                   1           0  0.05s           2023-08-12T15:33:22
/home/airflow/.local/lib/python3.10/site-packages/airflow/example_dags/tutorial_taskflow_api_virtualenv.py                                  1           0  0.04s           2023-08-12T15:33:22
/home/airflow/.local/lib/python3.10/site-packages/airflow/example_dags/example_latest_only.py                                               1           0  0.04s           2023-08-12T15:33:22
/home/airflow/.local/lib/python3.10/site-packages/airflow/example_dags/example_bash_operator.py                                             1           0  0.05s           2023-08-12T15:33:22
/home/airflow/.local/lib/python3.10/site-packages/airflow/example_dags/example_latest_only_with_trigger.py                                  1           0  0.04s           2023-08-12T15:33:22
/home/airflow/.local/lib/python3.10/site-packages/airflow/example_dags/example_params_ui_tutorial.py                                        1           0  0.08s           2023-08-12T15:33:22
/home/airflow/.local/lib/python3.10/site-packages/airflow/example_dags/example_passing_params_via_test_command.py                           1           0  0.04s           2023-08-12T15:33:22
/home/airflow/.local/lib/python3.10/site-packages/airflow/example_dags/example_kubernetes_executor.py                                       1           0  0.20s           2023-08-12T15:33:22
/home/airflow/.local/lib/python3.10/site-packages/airflow/example_dags/example_nested_branch_dag.py                                         1           0  0.04s           2023-08-12T15:33:22
/home/airflow/.local/lib/python3.10/site-packages/airflow/example_dags/example_trigger_controller_dag.py                                    1           0  0.04s           2023-08-12T15:33:22
/home/airflow/.local/lib/python3.10/site-packages/airflow/example_dags/example_xcomargs.py                                                  2           0  0.05s           2023-08-12T15:33:21
/home/airflow/.local/lib/python3.10/site-packages/airflow/example_dags/example_external_task_marker_dag.py                                  2           0  0.04s           2023-08-12T15:33:22
/home/airflow/.local/lib/python3.10/site-packages/airflow/example_dags/example_branch_datetime_operator.py                                  3           0  0.05s           2023-08-12T15:33:21
/home/airflow/.local/lib/python3.10/site-packages/airflow/example_dags/example_subdag_operator.py                                           3           0  0.05s           2023-08-12T15:33:22
/home/airflow/.local/lib/python3.10/site-packages/airflow/example_dags/example_datasets.py                                                  6           0  0.06s           2023-08-12T15:33:21
================================================================================
