[2023-08-12T03:29:38.674+0000] {processor.py:157} INFO - Started process (PID=66) to work on /home/airflow/.local/lib/python3.10/site-packages/airflow/example_dags/subdags/subdag.py
[2023-08-12T03:29:38.675+0000] {processor.py:826} INFO - Processing file /home/airflow/.local/lib/python3.10/site-packages/airflow/example_dags/subdags/subdag.py for tasks to queue
[2023-08-12T03:29:38.675+0000] {logging_mixin.py:149} INFO - [2023-08-12T03:29:38.675+0000] {dagbag.py:541} INFO - Filling up the DagBag from /home/airflow/.local/lib/python3.10/site-packages/airflow/example_dags/subdags/subdag.py
[2023-08-12T03:29:38.675+0000] {processor.py:838} WARNING - No viable dags retrieved from /home/airflow/.local/lib/python3.10/site-packages/airflow/example_dags/subdags/subdag.py
[2023-08-12T03:29:38.680+0000] {processor.py:179} INFO - Processing /home/airflow/.local/lib/python3.10/site-packages/airflow/example_dags/subdags/subdag.py took 0.007 seconds
[2023-08-12T03:30:08.859+0000] {processor.py:157} INFO - Started process (PID=143) to work on /home/airflow/.local/lib/python3.10/site-packages/airflow/example_dags/subdags/subdag.py
[2023-08-12T03:30:08.859+0000] {processor.py:826} INFO - Processing file /home/airflow/.local/lib/python3.10/site-packages/airflow/example_dags/subdags/subdag.py for tasks to queue
[2023-08-12T03:30:08.860+0000] {logging_mixin.py:149} INFO - [2023-08-12T03:30:08.859+0000] {dagbag.py:541} INFO - Filling up the DagBag from /home/airflow/.local/lib/python3.10/site-packages/airflow/example_dags/subdags/subdag.py
[2023-08-12T03:30:08.860+0000] {processor.py:838} WARNING - No viable dags retrieved from /home/airflow/.local/lib/python3.10/site-packages/airflow/example_dags/subdags/subdag.py
[2023-08-12T03:30:08.865+0000] {processor.py:179} INFO - Processing /home/airflow/.local/lib/python3.10/site-packages/airflow/example_dags/subdags/subdag.py took 0.008 seconds
[2023-08-12T03:30:39.180+0000] {processor.py:157} INFO - Started process (PID=220) to work on /home/airflow/.local/lib/python3.10/site-packages/airflow/example_dags/subdags/subdag.py
[2023-08-12T03:30:39.181+0000] {processor.py:826} INFO - Processing file /home/airflow/.local/lib/python3.10/site-packages/airflow/example_dags/subdags/subdag.py for tasks to queue
[2023-08-12T03:30:39.181+0000] {logging_mixin.py:149} INFO - [2023-08-12T03:30:39.181+0000] {dagbag.py:541} INFO - Filling up the DagBag from /home/airflow/.local/lib/python3.10/site-packages/airflow/example_dags/subdags/subdag.py
[2023-08-12T03:30:39.182+0000] {processor.py:838} WARNING - No viable dags retrieved from /home/airflow/.local/lib/python3.10/site-packages/airflow/example_dags/subdags/subdag.py
[2023-08-12T03:30:39.187+0000] {processor.py:179} INFO - Processing /home/airflow/.local/lib/python3.10/site-packages/airflow/example_dags/subdags/subdag.py took 0.008 seconds
[2023-08-12T03:31:09.561+0000] {processor.py:157} INFO - Started process (PID=296) to work on /home/airflow/.local/lib/python3.10/site-packages/airflow/example_dags/subdags/subdag.py
[2023-08-12T03:31:09.561+0000] {processor.py:826} INFO - Processing file /home/airflow/.local/lib/python3.10/site-packages/airflow/example_dags/subdags/subdag.py for tasks to queue
[2023-08-12T03:31:09.562+0000] {logging_mixin.py:149} INFO - [2023-08-12T03:31:09.562+0000] {dagbag.py:541} INFO - Filling up the DagBag from /home/airflow/.local/lib/python3.10/site-packages/airflow/example_dags/subdags/subdag.py
[2023-08-12T03:31:09.562+0000] {processor.py:838} WARNING - No viable dags retrieved from /home/airflow/.local/lib/python3.10/site-packages/airflow/example_dags/subdags/subdag.py
[2023-08-12T03:31:09.568+0000] {processor.py:179} INFO - Processing /home/airflow/.local/lib/python3.10/site-packages/airflow/example_dags/subdags/subdag.py took 0.008 seconds
[2023-08-12T03:31:39.896+0000] {processor.py:157} INFO - Started process (PID=373) to work on /home/airflow/.local/lib/python3.10/site-packages/airflow/example_dags/subdags/subdag.py
[2023-08-12T03:31:39.897+0000] {processor.py:826} INFO - Processing file /home/airflow/.local/lib/python3.10/site-packages/airflow/example_dags/subdags/subdag.py for tasks to queue
[2023-08-12T03:31:39.897+0000] {logging_mixin.py:149} INFO - [2023-08-12T03:31:39.897+0000] {dagbag.py:541} INFO - Filling up the DagBag from /home/airflow/.local/lib/python3.10/site-packages/airflow/example_dags/subdags/subdag.py
[2023-08-12T03:31:39.898+0000] {processor.py:838} WARNING - No viable dags retrieved from /home/airflow/.local/lib/python3.10/site-packages/airflow/example_dags/subdags/subdag.py
[2023-08-12T03:31:39.903+0000] {processor.py:179} INFO - Processing /home/airflow/.local/lib/python3.10/site-packages/airflow/example_dags/subdags/subdag.py took 0.008 seconds
[2023-08-12T03:32:10.225+0000] {processor.py:157} INFO - Started process (PID=450) to work on /home/airflow/.local/lib/python3.10/site-packages/airflow/example_dags/subdags/subdag.py
[2023-08-12T03:32:10.226+0000] {processor.py:826} INFO - Processing file /home/airflow/.local/lib/python3.10/site-packages/airflow/example_dags/subdags/subdag.py for tasks to queue
[2023-08-12T03:32:10.226+0000] {logging_mixin.py:149} INFO - [2023-08-12T03:32:10.226+0000] {dagbag.py:541} INFO - Filling up the DagBag from /home/airflow/.local/lib/python3.10/site-packages/airflow/example_dags/subdags/subdag.py
[2023-08-12T03:32:10.227+0000] {processor.py:838} WARNING - No viable dags retrieved from /home/airflow/.local/lib/python3.10/site-packages/airflow/example_dags/subdags/subdag.py
[2023-08-12T03:32:10.232+0000] {processor.py:179} INFO - Processing /home/airflow/.local/lib/python3.10/site-packages/airflow/example_dags/subdags/subdag.py took 0.007 seconds
[2023-08-12T03:32:40.574+0000] {processor.py:157} INFO - Started process (PID=527) to work on /home/airflow/.local/lib/python3.10/site-packages/airflow/example_dags/subdags/subdag.py
[2023-08-12T03:32:40.574+0000] {processor.py:826} INFO - Processing file /home/airflow/.local/lib/python3.10/site-packages/airflow/example_dags/subdags/subdag.py for tasks to queue
[2023-08-12T03:32:40.574+0000] {logging_mixin.py:149} INFO - [2023-08-12T03:32:40.574+0000] {dagbag.py:541} INFO - Filling up the DagBag from /home/airflow/.local/lib/python3.10/site-packages/airflow/example_dags/subdags/subdag.py
[2023-08-12T03:32:40.575+0000] {processor.py:838} WARNING - No viable dags retrieved from /home/airflow/.local/lib/python3.10/site-packages/airflow/example_dags/subdags/subdag.py
[2023-08-12T03:32:40.581+0000] {processor.py:179} INFO - Processing /home/airflow/.local/lib/python3.10/site-packages/airflow/example_dags/subdags/subdag.py took 0.008 seconds
[2023-08-12T03:33:11.138+0000] {processor.py:157} INFO - Started process (PID=604) to work on /home/airflow/.local/lib/python3.10/site-packages/airflow/example_dags/subdags/subdag.py
[2023-08-12T03:33:11.139+0000] {processor.py:826} INFO - Processing file /home/airflow/.local/lib/python3.10/site-packages/airflow/example_dags/subdags/subdag.py for tasks to queue
[2023-08-12T03:33:11.139+0000] {logging_mixin.py:149} INFO - [2023-08-12T03:33:11.139+0000] {dagbag.py:541} INFO - Filling up the DagBag from /home/airflow/.local/lib/python3.10/site-packages/airflow/example_dags/subdags/subdag.py
[2023-08-12T03:33:11.140+0000] {processor.py:838} WARNING - No viable dags retrieved from /home/airflow/.local/lib/python3.10/site-packages/airflow/example_dags/subdags/subdag.py
[2023-08-12T03:33:11.144+0000] {processor.py:179} INFO - Processing /home/airflow/.local/lib/python3.10/site-packages/airflow/example_dags/subdags/subdag.py took 0.007 seconds
[2023-08-12T03:33:41.500+0000] {processor.py:157} INFO - Started process (PID=681) to work on /home/airflow/.local/lib/python3.10/site-packages/airflow/example_dags/subdags/subdag.py
[2023-08-12T03:33:41.501+0000] {processor.py:826} INFO - Processing file /home/airflow/.local/lib/python3.10/site-packages/airflow/example_dags/subdags/subdag.py for tasks to queue
[2023-08-12T03:33:41.501+0000] {logging_mixin.py:149} INFO - [2023-08-12T03:33:41.501+0000] {dagbag.py:541} INFO - Filling up the DagBag from /home/airflow/.local/lib/python3.10/site-packages/airflow/example_dags/subdags/subdag.py
[2023-08-12T03:33:41.501+0000] {processor.py:838} WARNING - No viable dags retrieved from /home/airflow/.local/lib/python3.10/site-packages/airflow/example_dags/subdags/subdag.py
[2023-08-12T03:33:41.507+0000] {processor.py:179} INFO - Processing /home/airflow/.local/lib/python3.10/site-packages/airflow/example_dags/subdags/subdag.py took 0.008 seconds
[2023-08-12T03:34:11.801+0000] {processor.py:157} INFO - Started process (PID=757) to work on /home/airflow/.local/lib/python3.10/site-packages/airflow/example_dags/subdags/subdag.py
[2023-08-12T03:34:11.802+0000] {processor.py:826} INFO - Processing file /home/airflow/.local/lib/python3.10/site-packages/airflow/example_dags/subdags/subdag.py for tasks to queue
[2023-08-12T03:34:11.802+0000] {logging_mixin.py:149} INFO - [2023-08-12T03:34:11.802+0000] {dagbag.py:541} INFO - Filling up the DagBag from /home/airflow/.local/lib/python3.10/site-packages/airflow/example_dags/subdags/subdag.py
[2023-08-12T03:34:11.803+0000] {processor.py:838} WARNING - No viable dags retrieved from /home/airflow/.local/lib/python3.10/site-packages/airflow/example_dags/subdags/subdag.py
[2023-08-12T03:34:11.808+0000] {processor.py:179} INFO - Processing /home/airflow/.local/lib/python3.10/site-packages/airflow/example_dags/subdags/subdag.py took 0.008 seconds
[2023-08-12T03:34:42.194+0000] {processor.py:157} INFO - Started process (PID=834) to work on /home/airflow/.local/lib/python3.10/site-packages/airflow/example_dags/subdags/subdag.py
[2023-08-12T03:34:42.194+0000] {processor.py:826} INFO - Processing file /home/airflow/.local/lib/python3.10/site-packages/airflow/example_dags/subdags/subdag.py for tasks to queue
[2023-08-12T03:34:42.194+0000] {logging_mixin.py:149} INFO - [2023-08-12T03:34:42.194+0000] {dagbag.py:541} INFO - Filling up the DagBag from /home/airflow/.local/lib/python3.10/site-packages/airflow/example_dags/subdags/subdag.py
[2023-08-12T03:34:42.195+0000] {processor.py:838} WARNING - No viable dags retrieved from /home/airflow/.local/lib/python3.10/site-packages/airflow/example_dags/subdags/subdag.py
[2023-08-12T03:34:42.201+0000] {processor.py:179} INFO - Processing /home/airflow/.local/lib/python3.10/site-packages/airflow/example_dags/subdags/subdag.py took 0.009 seconds
[2023-08-12T03:35:12.576+0000] {processor.py:157} INFO - Started process (PID=911) to work on /home/airflow/.local/lib/python3.10/site-packages/airflow/example_dags/subdags/subdag.py
[2023-08-12T03:35:12.577+0000] {processor.py:826} INFO - Processing file /home/airflow/.local/lib/python3.10/site-packages/airflow/example_dags/subdags/subdag.py for tasks to queue
[2023-08-12T03:35:12.577+0000] {logging_mixin.py:149} INFO - [2023-08-12T03:35:12.577+0000] {dagbag.py:541} INFO - Filling up the DagBag from /home/airflow/.local/lib/python3.10/site-packages/airflow/example_dags/subdags/subdag.py
[2023-08-12T03:35:12.578+0000] {processor.py:838} WARNING - No viable dags retrieved from /home/airflow/.local/lib/python3.10/site-packages/airflow/example_dags/subdags/subdag.py
[2023-08-12T03:35:12.583+0000] {processor.py:179} INFO - Processing /home/airflow/.local/lib/python3.10/site-packages/airflow/example_dags/subdags/subdag.py took 0.008 seconds
[2023-08-12T03:35:42.956+0000] {processor.py:157} INFO - Started process (PID=988) to work on /home/airflow/.local/lib/python3.10/site-packages/airflow/example_dags/subdags/subdag.py
[2023-08-12T03:35:42.957+0000] {processor.py:826} INFO - Processing file /home/airflow/.local/lib/python3.10/site-packages/airflow/example_dags/subdags/subdag.py for tasks to queue
[2023-08-12T03:35:42.957+0000] {logging_mixin.py:149} INFO - [2023-08-12T03:35:42.957+0000] {dagbag.py:541} INFO - Filling up the DagBag from /home/airflow/.local/lib/python3.10/site-packages/airflow/example_dags/subdags/subdag.py
[2023-08-12T03:35:42.957+0000] {processor.py:838} WARNING - No viable dags retrieved from /home/airflow/.local/lib/python3.10/site-packages/airflow/example_dags/subdags/subdag.py
[2023-08-12T03:35:42.963+0000] {processor.py:179} INFO - Processing /home/airflow/.local/lib/python3.10/site-packages/airflow/example_dags/subdags/subdag.py took 0.008 seconds
[2023-08-12T03:40:13.565+0000] {processor.py:157} INFO - Started process (PID=66) to work on /home/airflow/.local/lib/python3.10/site-packages/airflow/example_dags/subdags/subdag.py
[2023-08-12T03:40:13.566+0000] {processor.py:826} INFO - Processing file /home/airflow/.local/lib/python3.10/site-packages/airflow/example_dags/subdags/subdag.py for tasks to queue
[2023-08-12T03:40:13.566+0000] {logging_mixin.py:149} INFO - [2023-08-12T03:40:13.566+0000] {dagbag.py:541} INFO - Filling up the DagBag from /home/airflow/.local/lib/python3.10/site-packages/airflow/example_dags/subdags/subdag.py
[2023-08-12T03:40:13.567+0000] {processor.py:838} WARNING - No viable dags retrieved from /home/airflow/.local/lib/python3.10/site-packages/airflow/example_dags/subdags/subdag.py
[2023-08-12T03:40:13.572+0000] {processor.py:179} INFO - Processing /home/airflow/.local/lib/python3.10/site-packages/airflow/example_dags/subdags/subdag.py took 0.008 seconds
[2023-08-12T03:40:43.692+0000] {processor.py:157} INFO - Started process (PID=142) to work on /home/airflow/.local/lib/python3.10/site-packages/airflow/example_dags/subdags/subdag.py
[2023-08-12T03:40:43.693+0000] {processor.py:826} INFO - Processing file /home/airflow/.local/lib/python3.10/site-packages/airflow/example_dags/subdags/subdag.py for tasks to queue
[2023-08-12T03:40:43.693+0000] {logging_mixin.py:149} INFO - [2023-08-12T03:40:43.693+0000] {dagbag.py:541} INFO - Filling up the DagBag from /home/airflow/.local/lib/python3.10/site-packages/airflow/example_dags/subdags/subdag.py
[2023-08-12T03:40:43.693+0000] {processor.py:838} WARNING - No viable dags retrieved from /home/airflow/.local/lib/python3.10/site-packages/airflow/example_dags/subdags/subdag.py
[2023-08-12T03:40:43.698+0000] {processor.py:179} INFO - Processing /home/airflow/.local/lib/python3.10/site-packages/airflow/example_dags/subdags/subdag.py took 0.007 seconds
[2023-08-12T03:41:14.268+0000] {processor.py:157} INFO - Started process (PID=220) to work on /home/airflow/.local/lib/python3.10/site-packages/airflow/example_dags/subdags/subdag.py
[2023-08-12T03:41:14.269+0000] {processor.py:826} INFO - Processing file /home/airflow/.local/lib/python3.10/site-packages/airflow/example_dags/subdags/subdag.py for tasks to queue
[2023-08-12T03:41:14.269+0000] {logging_mixin.py:149} INFO - [2023-08-12T03:41:14.269+0000] {dagbag.py:541} INFO - Filling up the DagBag from /home/airflow/.local/lib/python3.10/site-packages/airflow/example_dags/subdags/subdag.py
[2023-08-12T03:41:14.269+0000] {processor.py:838} WARNING - No viable dags retrieved from /home/airflow/.local/lib/python3.10/site-packages/airflow/example_dags/subdags/subdag.py
[2023-08-12T03:41:14.275+0000] {processor.py:179} INFO - Processing /home/airflow/.local/lib/python3.10/site-packages/airflow/example_dags/subdags/subdag.py took 0.008 seconds
[2023-08-12T03:41:44.555+0000] {processor.py:157} INFO - Started process (PID=297) to work on /home/airflow/.local/lib/python3.10/site-packages/airflow/example_dags/subdags/subdag.py
[2023-08-12T03:41:44.555+0000] {processor.py:826} INFO - Processing file /home/airflow/.local/lib/python3.10/site-packages/airflow/example_dags/subdags/subdag.py for tasks to queue
[2023-08-12T03:41:44.556+0000] {logging_mixin.py:149} INFO - [2023-08-12T03:41:44.555+0000] {dagbag.py:541} INFO - Filling up the DagBag from /home/airflow/.local/lib/python3.10/site-packages/airflow/example_dags/subdags/subdag.py
[2023-08-12T03:41:44.556+0000] {processor.py:838} WARNING - No viable dags retrieved from /home/airflow/.local/lib/python3.10/site-packages/airflow/example_dags/subdags/subdag.py
[2023-08-12T03:41:44.562+0000] {processor.py:179} INFO - Processing /home/airflow/.local/lib/python3.10/site-packages/airflow/example_dags/subdags/subdag.py took 0.008 seconds
[2023-08-12T03:42:14.855+0000] {processor.py:157} INFO - Started process (PID=375) to work on /home/airflow/.local/lib/python3.10/site-packages/airflow/example_dags/subdags/subdag.py
[2023-08-12T03:42:14.856+0000] {processor.py:826} INFO - Processing file /home/airflow/.local/lib/python3.10/site-packages/airflow/example_dags/subdags/subdag.py for tasks to queue
[2023-08-12T03:42:14.856+0000] {logging_mixin.py:149} INFO - [2023-08-12T03:42:14.856+0000] {dagbag.py:541} INFO - Filling up the DagBag from /home/airflow/.local/lib/python3.10/site-packages/airflow/example_dags/subdags/subdag.py
[2023-08-12T03:42:14.857+0000] {processor.py:838} WARNING - No viable dags retrieved from /home/airflow/.local/lib/python3.10/site-packages/airflow/example_dags/subdags/subdag.py
[2023-08-12T03:42:14.861+0000] {processor.py:179} INFO - Processing /home/airflow/.local/lib/python3.10/site-packages/airflow/example_dags/subdags/subdag.py took 0.007 seconds
[2023-08-12T03:42:45.292+0000] {processor.py:157} INFO - Started process (PID=451) to work on /home/airflow/.local/lib/python3.10/site-packages/airflow/example_dags/subdags/subdag.py
[2023-08-12T03:42:45.293+0000] {processor.py:826} INFO - Processing file /home/airflow/.local/lib/python3.10/site-packages/airflow/example_dags/subdags/subdag.py for tasks to queue
[2023-08-12T03:42:45.293+0000] {logging_mixin.py:149} INFO - [2023-08-12T03:42:45.293+0000] {dagbag.py:541} INFO - Filling up the DagBag from /home/airflow/.local/lib/python3.10/site-packages/airflow/example_dags/subdags/subdag.py
[2023-08-12T03:42:45.293+0000] {processor.py:838} WARNING - No viable dags retrieved from /home/airflow/.local/lib/python3.10/site-packages/airflow/example_dags/subdags/subdag.py
[2023-08-12T03:42:45.299+0000] {processor.py:179} INFO - Processing /home/airflow/.local/lib/python3.10/site-packages/airflow/example_dags/subdags/subdag.py took 0.008 seconds
[2023-08-12T03:43:15.639+0000] {processor.py:157} INFO - Started process (PID=528) to work on /home/airflow/.local/lib/python3.10/site-packages/airflow/example_dags/subdags/subdag.py
[2023-08-12T03:43:15.639+0000] {processor.py:826} INFO - Processing file /home/airflow/.local/lib/python3.10/site-packages/airflow/example_dags/subdags/subdag.py for tasks to queue
[2023-08-12T03:43:15.640+0000] {logging_mixin.py:149} INFO - [2023-08-12T03:43:15.640+0000] {dagbag.py:541} INFO - Filling up the DagBag from /home/airflow/.local/lib/python3.10/site-packages/airflow/example_dags/subdags/subdag.py
[2023-08-12T03:43:15.640+0000] {processor.py:838} WARNING - No viable dags retrieved from /home/airflow/.local/lib/python3.10/site-packages/airflow/example_dags/subdags/subdag.py
[2023-08-12T03:43:15.647+0000] {processor.py:179} INFO - Processing /home/airflow/.local/lib/python3.10/site-packages/airflow/example_dags/subdags/subdag.py took 0.009 seconds
[2023-08-12T03:43:46.095+0000] {processor.py:157} INFO - Started process (PID=605) to work on /home/airflow/.local/lib/python3.10/site-packages/airflow/example_dags/subdags/subdag.py
[2023-08-12T03:43:46.095+0000] {processor.py:826} INFO - Processing file /home/airflow/.local/lib/python3.10/site-packages/airflow/example_dags/subdags/subdag.py for tasks to queue
[2023-08-12T03:43:46.095+0000] {logging_mixin.py:149} INFO - [2023-08-12T03:43:46.095+0000] {dagbag.py:541} INFO - Filling up the DagBag from /home/airflow/.local/lib/python3.10/site-packages/airflow/example_dags/subdags/subdag.py
[2023-08-12T03:43:46.096+0000] {processor.py:838} WARNING - No viable dags retrieved from /home/airflow/.local/lib/python3.10/site-packages/airflow/example_dags/subdags/subdag.py
[2023-08-12T03:43:46.102+0000] {processor.py:179} INFO - Processing /home/airflow/.local/lib/python3.10/site-packages/airflow/example_dags/subdags/subdag.py took 0.008 seconds
[2023-08-12T03:44:16.446+0000] {processor.py:157} INFO - Started process (PID=682) to work on /home/airflow/.local/lib/python3.10/site-packages/airflow/example_dags/subdags/subdag.py
[2023-08-12T03:44:16.446+0000] {processor.py:826} INFO - Processing file /home/airflow/.local/lib/python3.10/site-packages/airflow/example_dags/subdags/subdag.py for tasks to queue
[2023-08-12T03:44:16.446+0000] {logging_mixin.py:149} INFO - [2023-08-12T03:44:16.446+0000] {dagbag.py:541} INFO - Filling up the DagBag from /home/airflow/.local/lib/python3.10/site-packages/airflow/example_dags/subdags/subdag.py
[2023-08-12T03:44:16.447+0000] {processor.py:838} WARNING - No viable dags retrieved from /home/airflow/.local/lib/python3.10/site-packages/airflow/example_dags/subdags/subdag.py
[2023-08-12T03:44:16.452+0000] {processor.py:179} INFO - Processing /home/airflow/.local/lib/python3.10/site-packages/airflow/example_dags/subdags/subdag.py took 0.008 seconds
[2023-08-12T03:44:46.831+0000] {processor.py:157} INFO - Started process (PID=758) to work on /home/airflow/.local/lib/python3.10/site-packages/airflow/example_dags/subdags/subdag.py
[2023-08-12T03:44:46.832+0000] {processor.py:826} INFO - Processing file /home/airflow/.local/lib/python3.10/site-packages/airflow/example_dags/subdags/subdag.py for tasks to queue
[2023-08-12T03:44:46.832+0000] {logging_mixin.py:149} INFO - [2023-08-12T03:44:46.832+0000] {dagbag.py:541} INFO - Filling up the DagBag from /home/airflow/.local/lib/python3.10/site-packages/airflow/example_dags/subdags/subdag.py
[2023-08-12T03:44:46.833+0000] {processor.py:838} WARNING - No viable dags retrieved from /home/airflow/.local/lib/python3.10/site-packages/airflow/example_dags/subdags/subdag.py
[2023-08-12T03:44:46.838+0000] {processor.py:179} INFO - Processing /home/airflow/.local/lib/python3.10/site-packages/airflow/example_dags/subdags/subdag.py took 0.008 seconds
[2023-08-12T03:45:17.298+0000] {processor.py:157} INFO - Started process (PID=835) to work on /home/airflow/.local/lib/python3.10/site-packages/airflow/example_dags/subdags/subdag.py
[2023-08-12T03:45:17.298+0000] {processor.py:826} INFO - Processing file /home/airflow/.local/lib/python3.10/site-packages/airflow/example_dags/subdags/subdag.py for tasks to queue
[2023-08-12T03:45:17.299+0000] {logging_mixin.py:149} INFO - [2023-08-12T03:45:17.299+0000] {dagbag.py:541} INFO - Filling up the DagBag from /home/airflow/.local/lib/python3.10/site-packages/airflow/example_dags/subdags/subdag.py
[2023-08-12T03:45:17.299+0000] {processor.py:838} WARNING - No viable dags retrieved from /home/airflow/.local/lib/python3.10/site-packages/airflow/example_dags/subdags/subdag.py
[2023-08-12T03:45:17.304+0000] {processor.py:179} INFO - Processing /home/airflow/.local/lib/python3.10/site-packages/airflow/example_dags/subdags/subdag.py took 0.007 seconds
[2023-08-12T03:45:47.768+0000] {processor.py:157} INFO - Started process (PID=912) to work on /home/airflow/.local/lib/python3.10/site-packages/airflow/example_dags/subdags/subdag.py
[2023-08-12T03:45:47.768+0000] {processor.py:826} INFO - Processing file /home/airflow/.local/lib/python3.10/site-packages/airflow/example_dags/subdags/subdag.py for tasks to queue
[2023-08-12T03:45:47.768+0000] {logging_mixin.py:149} INFO - [2023-08-12T03:45:47.768+0000] {dagbag.py:541} INFO - Filling up the DagBag from /home/airflow/.local/lib/python3.10/site-packages/airflow/example_dags/subdags/subdag.py
[2023-08-12T03:45:47.769+0000] {processor.py:838} WARNING - No viable dags retrieved from /home/airflow/.local/lib/python3.10/site-packages/airflow/example_dags/subdags/subdag.py
[2023-08-12T03:45:47.774+0000] {processor.py:179} INFO - Processing /home/airflow/.local/lib/python3.10/site-packages/airflow/example_dags/subdags/subdag.py took 0.008 seconds
[2023-08-12T03:46:18.212+0000] {processor.py:157} INFO - Started process (PID=989) to work on /home/airflow/.local/lib/python3.10/site-packages/airflow/example_dags/subdags/subdag.py
[2023-08-12T03:46:18.213+0000] {processor.py:826} INFO - Processing file /home/airflow/.local/lib/python3.10/site-packages/airflow/example_dags/subdags/subdag.py for tasks to queue
[2023-08-12T03:46:18.213+0000] {logging_mixin.py:149} INFO - [2023-08-12T03:46:18.213+0000] {dagbag.py:541} INFO - Filling up the DagBag from /home/airflow/.local/lib/python3.10/site-packages/airflow/example_dags/subdags/subdag.py
[2023-08-12T03:46:18.214+0000] {processor.py:838} WARNING - No viable dags retrieved from /home/airflow/.local/lib/python3.10/site-packages/airflow/example_dags/subdags/subdag.py
[2023-08-12T03:46:18.219+0000] {processor.py:179} INFO - Processing /home/airflow/.local/lib/python3.10/site-packages/airflow/example_dags/subdags/subdag.py took 0.008 seconds
[2023-08-12T03:46:48.739+0000] {processor.py:157} INFO - Started process (PID=1067) to work on /home/airflow/.local/lib/python3.10/site-packages/airflow/example_dags/subdags/subdag.py
[2023-08-12T03:46:48.739+0000] {processor.py:826} INFO - Processing file /home/airflow/.local/lib/python3.10/site-packages/airflow/example_dags/subdags/subdag.py for tasks to queue
[2023-08-12T03:46:48.739+0000] {logging_mixin.py:149} INFO - [2023-08-12T03:46:48.739+0000] {dagbag.py:541} INFO - Filling up the DagBag from /home/airflow/.local/lib/python3.10/site-packages/airflow/example_dags/subdags/subdag.py
[2023-08-12T03:46:48.740+0000] {processor.py:838} WARNING - No viable dags retrieved from /home/airflow/.local/lib/python3.10/site-packages/airflow/example_dags/subdags/subdag.py
[2023-08-12T03:46:48.745+0000] {processor.py:179} INFO - Processing /home/airflow/.local/lib/python3.10/site-packages/airflow/example_dags/subdags/subdag.py took 0.008 seconds
[2023-08-12T03:47:19.093+0000] {processor.py:157} INFO - Started process (PID=1143) to work on /home/airflow/.local/lib/python3.10/site-packages/airflow/example_dags/subdags/subdag.py
[2023-08-12T03:47:19.094+0000] {processor.py:826} INFO - Processing file /home/airflow/.local/lib/python3.10/site-packages/airflow/example_dags/subdags/subdag.py for tasks to queue
[2023-08-12T03:47:19.094+0000] {logging_mixin.py:149} INFO - [2023-08-12T03:47:19.094+0000] {dagbag.py:541} INFO - Filling up the DagBag from /home/airflow/.local/lib/python3.10/site-packages/airflow/example_dags/subdags/subdag.py
[2023-08-12T03:47:19.094+0000] {processor.py:838} WARNING - No viable dags retrieved from /home/airflow/.local/lib/python3.10/site-packages/airflow/example_dags/subdags/subdag.py
[2023-08-12T03:47:19.100+0000] {processor.py:179} INFO - Processing /home/airflow/.local/lib/python3.10/site-packages/airflow/example_dags/subdags/subdag.py took 0.008 seconds
[2023-08-12T03:47:49.532+0000] {processor.py:157} INFO - Started process (PID=1220) to work on /home/airflow/.local/lib/python3.10/site-packages/airflow/example_dags/subdags/subdag.py
[2023-08-12T03:47:49.532+0000] {processor.py:826} INFO - Processing file /home/airflow/.local/lib/python3.10/site-packages/airflow/example_dags/subdags/subdag.py for tasks to queue
[2023-08-12T03:47:49.532+0000] {logging_mixin.py:149} INFO - [2023-08-12T03:47:49.532+0000] {dagbag.py:541} INFO - Filling up the DagBag from /home/airflow/.local/lib/python3.10/site-packages/airflow/example_dags/subdags/subdag.py
[2023-08-12T03:47:49.533+0000] {processor.py:838} WARNING - No viable dags retrieved from /home/airflow/.local/lib/python3.10/site-packages/airflow/example_dags/subdags/subdag.py
[2023-08-12T03:47:49.538+0000] {processor.py:179} INFO - Processing /home/airflow/.local/lib/python3.10/site-packages/airflow/example_dags/subdags/subdag.py took 0.008 seconds
[2023-08-12T03:48:19.789+0000] {processor.py:157} INFO - Started process (PID=1297) to work on /home/airflow/.local/lib/python3.10/site-packages/airflow/example_dags/subdags/subdag.py
[2023-08-12T03:48:19.790+0000] {processor.py:826} INFO - Processing file /home/airflow/.local/lib/python3.10/site-packages/airflow/example_dags/subdags/subdag.py for tasks to queue
[2023-08-12T03:48:19.790+0000] {logging_mixin.py:149} INFO - [2023-08-12T03:48:19.790+0000] {dagbag.py:541} INFO - Filling up the DagBag from /home/airflow/.local/lib/python3.10/site-packages/airflow/example_dags/subdags/subdag.py
[2023-08-12T03:48:19.791+0000] {processor.py:838} WARNING - No viable dags retrieved from /home/airflow/.local/lib/python3.10/site-packages/airflow/example_dags/subdags/subdag.py
[2023-08-12T03:48:19.796+0000] {processor.py:179} INFO - Processing /home/airflow/.local/lib/python3.10/site-packages/airflow/example_dags/subdags/subdag.py took 0.008 seconds
[2023-08-12T03:48:50.237+0000] {processor.py:157} INFO - Started process (PID=1374) to work on /home/airflow/.local/lib/python3.10/site-packages/airflow/example_dags/subdags/subdag.py
[2023-08-12T03:48:50.237+0000] {processor.py:826} INFO - Processing file /home/airflow/.local/lib/python3.10/site-packages/airflow/example_dags/subdags/subdag.py for tasks to queue
[2023-08-12T03:48:50.237+0000] {logging_mixin.py:149} INFO - [2023-08-12T03:48:50.237+0000] {dagbag.py:541} INFO - Filling up the DagBag from /home/airflow/.local/lib/python3.10/site-packages/airflow/example_dags/subdags/subdag.py
[2023-08-12T03:48:50.238+0000] {processor.py:838} WARNING - No viable dags retrieved from /home/airflow/.local/lib/python3.10/site-packages/airflow/example_dags/subdags/subdag.py
[2023-08-12T03:48:50.243+0000] {processor.py:179} INFO - Processing /home/airflow/.local/lib/python3.10/site-packages/airflow/example_dags/subdags/subdag.py took 0.008 seconds
[2023-08-12T03:49:20.577+0000] {processor.py:157} INFO - Started process (PID=1451) to work on /home/airflow/.local/lib/python3.10/site-packages/airflow/example_dags/subdags/subdag.py
[2023-08-12T03:49:20.578+0000] {processor.py:826} INFO - Processing file /home/airflow/.local/lib/python3.10/site-packages/airflow/example_dags/subdags/subdag.py for tasks to queue
[2023-08-12T03:49:20.578+0000] {logging_mixin.py:149} INFO - [2023-08-12T03:49:20.578+0000] {dagbag.py:541} INFO - Filling up the DagBag from /home/airflow/.local/lib/python3.10/site-packages/airflow/example_dags/subdags/subdag.py
[2023-08-12T03:49:20.579+0000] {processor.py:838} WARNING - No viable dags retrieved from /home/airflow/.local/lib/python3.10/site-packages/airflow/example_dags/subdags/subdag.py
[2023-08-12T03:49:20.585+0000] {processor.py:179} INFO - Processing /home/airflow/.local/lib/python3.10/site-packages/airflow/example_dags/subdags/subdag.py took 0.009 seconds
[2023-08-12T03:49:50.920+0000] {processor.py:157} INFO - Started process (PID=1528) to work on /home/airflow/.local/lib/python3.10/site-packages/airflow/example_dags/subdags/subdag.py
[2023-08-12T03:49:50.920+0000] {processor.py:826} INFO - Processing file /home/airflow/.local/lib/python3.10/site-packages/airflow/example_dags/subdags/subdag.py for tasks to queue
[2023-08-12T03:49:50.920+0000] {logging_mixin.py:149} INFO - [2023-08-12T03:49:50.920+0000] {dagbag.py:541} INFO - Filling up the DagBag from /home/airflow/.local/lib/python3.10/site-packages/airflow/example_dags/subdags/subdag.py
[2023-08-12T03:49:50.921+0000] {processor.py:838} WARNING - No viable dags retrieved from /home/airflow/.local/lib/python3.10/site-packages/airflow/example_dags/subdags/subdag.py
[2023-08-12T03:49:50.926+0000] {processor.py:179} INFO - Processing /home/airflow/.local/lib/python3.10/site-packages/airflow/example_dags/subdags/subdag.py took 0.008 seconds
[2023-08-12T03:50:21.149+0000] {processor.py:157} INFO - Started process (PID=1604) to work on /home/airflow/.local/lib/python3.10/site-packages/airflow/example_dags/subdags/subdag.py
[2023-08-12T03:50:21.150+0000] {processor.py:826} INFO - Processing file /home/airflow/.local/lib/python3.10/site-packages/airflow/example_dags/subdags/subdag.py for tasks to queue
[2023-08-12T03:50:21.150+0000] {logging_mixin.py:149} INFO - [2023-08-12T03:50:21.150+0000] {dagbag.py:541} INFO - Filling up the DagBag from /home/airflow/.local/lib/python3.10/site-packages/airflow/example_dags/subdags/subdag.py
[2023-08-12T03:50:21.151+0000] {processor.py:838} WARNING - No viable dags retrieved from /home/airflow/.local/lib/python3.10/site-packages/airflow/example_dags/subdags/subdag.py
[2023-08-12T03:50:21.156+0000] {processor.py:179} INFO - Processing /home/airflow/.local/lib/python3.10/site-packages/airflow/example_dags/subdags/subdag.py took 0.007 seconds
[2023-08-12T03:50:51.578+0000] {processor.py:157} INFO - Started process (PID=1681) to work on /home/airflow/.local/lib/python3.10/site-packages/airflow/example_dags/subdags/subdag.py
[2023-08-12T03:50:51.578+0000] {processor.py:826} INFO - Processing file /home/airflow/.local/lib/python3.10/site-packages/airflow/example_dags/subdags/subdag.py for tasks to queue
[2023-08-12T03:50:51.578+0000] {logging_mixin.py:149} INFO - [2023-08-12T03:50:51.578+0000] {dagbag.py:541} INFO - Filling up the DagBag from /home/airflow/.local/lib/python3.10/site-packages/airflow/example_dags/subdags/subdag.py
[2023-08-12T03:50:51.579+0000] {processor.py:838} WARNING - No viable dags retrieved from /home/airflow/.local/lib/python3.10/site-packages/airflow/example_dags/subdags/subdag.py
[2023-08-12T03:50:51.584+0000] {processor.py:179} INFO - Processing /home/airflow/.local/lib/python3.10/site-packages/airflow/example_dags/subdags/subdag.py took 0.007 seconds
[2023-08-12T03:51:22.046+0000] {processor.py:157} INFO - Started process (PID=1758) to work on /home/airflow/.local/lib/python3.10/site-packages/airflow/example_dags/subdags/subdag.py
[2023-08-12T03:51:22.046+0000] {processor.py:826} INFO - Processing file /home/airflow/.local/lib/python3.10/site-packages/airflow/example_dags/subdags/subdag.py for tasks to queue
[2023-08-12T03:51:22.047+0000] {logging_mixin.py:149} INFO - [2023-08-12T03:51:22.047+0000] {dagbag.py:541} INFO - Filling up the DagBag from /home/airflow/.local/lib/python3.10/site-packages/airflow/example_dags/subdags/subdag.py
[2023-08-12T03:51:22.047+0000] {processor.py:838} WARNING - No viable dags retrieved from /home/airflow/.local/lib/python3.10/site-packages/airflow/example_dags/subdags/subdag.py
[2023-08-12T03:51:22.052+0000] {processor.py:179} INFO - Processing /home/airflow/.local/lib/python3.10/site-packages/airflow/example_dags/subdags/subdag.py took 0.007 seconds
[2023-08-12T03:51:52.524+0000] {processor.py:157} INFO - Started process (PID=1835) to work on /home/airflow/.local/lib/python3.10/site-packages/airflow/example_dags/subdags/subdag.py
[2023-08-12T03:51:52.524+0000] {processor.py:826} INFO - Processing file /home/airflow/.local/lib/python3.10/site-packages/airflow/example_dags/subdags/subdag.py for tasks to queue
[2023-08-12T03:51:52.524+0000] {logging_mixin.py:149} INFO - [2023-08-12T03:51:52.524+0000] {dagbag.py:541} INFO - Filling up the DagBag from /home/airflow/.local/lib/python3.10/site-packages/airflow/example_dags/subdags/subdag.py
[2023-08-12T03:51:52.525+0000] {processor.py:838} WARNING - No viable dags retrieved from /home/airflow/.local/lib/python3.10/site-packages/airflow/example_dags/subdags/subdag.py
[2023-08-12T03:51:52.530+0000] {processor.py:179} INFO - Processing /home/airflow/.local/lib/python3.10/site-packages/airflow/example_dags/subdags/subdag.py took 0.007 seconds
[2023-08-12T03:52:22.986+0000] {processor.py:157} INFO - Started process (PID=1912) to work on /home/airflow/.local/lib/python3.10/site-packages/airflow/example_dags/subdags/subdag.py
[2023-08-12T03:52:22.986+0000] {processor.py:826} INFO - Processing file /home/airflow/.local/lib/python3.10/site-packages/airflow/example_dags/subdags/subdag.py for tasks to queue
[2023-08-12T03:52:22.986+0000] {logging_mixin.py:149} INFO - [2023-08-12T03:52:22.986+0000] {dagbag.py:541} INFO - Filling up the DagBag from /home/airflow/.local/lib/python3.10/site-packages/airflow/example_dags/subdags/subdag.py
[2023-08-12T03:52:22.987+0000] {processor.py:838} WARNING - No viable dags retrieved from /home/airflow/.local/lib/python3.10/site-packages/airflow/example_dags/subdags/subdag.py
[2023-08-12T03:52:22.992+0000] {processor.py:179} INFO - Processing /home/airflow/.local/lib/python3.10/site-packages/airflow/example_dags/subdags/subdag.py took 0.007 seconds
[2023-08-12T03:52:53.436+0000] {processor.py:157} INFO - Started process (PID=1989) to work on /home/airflow/.local/lib/python3.10/site-packages/airflow/example_dags/subdags/subdag.py
[2023-08-12T03:52:53.437+0000] {processor.py:826} INFO - Processing file /home/airflow/.local/lib/python3.10/site-packages/airflow/example_dags/subdags/subdag.py for tasks to queue
[2023-08-12T03:52:53.437+0000] {logging_mixin.py:149} INFO - [2023-08-12T03:52:53.437+0000] {dagbag.py:541} INFO - Filling up the DagBag from /home/airflow/.local/lib/python3.10/site-packages/airflow/example_dags/subdags/subdag.py
[2023-08-12T03:52:53.438+0000] {processor.py:838} WARNING - No viable dags retrieved from /home/airflow/.local/lib/python3.10/site-packages/airflow/example_dags/subdags/subdag.py
[2023-08-12T03:52:53.443+0000] {processor.py:179} INFO - Processing /home/airflow/.local/lib/python3.10/site-packages/airflow/example_dags/subdags/subdag.py took 0.007 seconds
[2023-08-12T03:53:24.012+0000] {processor.py:157} INFO - Started process (PID=2067) to work on /home/airflow/.local/lib/python3.10/site-packages/airflow/example_dags/subdags/subdag.py
[2023-08-12T03:53:24.012+0000] {processor.py:826} INFO - Processing file /home/airflow/.local/lib/python3.10/site-packages/airflow/example_dags/subdags/subdag.py for tasks to queue
[2023-08-12T03:53:24.012+0000] {logging_mixin.py:149} INFO - [2023-08-12T03:53:24.012+0000] {dagbag.py:541} INFO - Filling up the DagBag from /home/airflow/.local/lib/python3.10/site-packages/airflow/example_dags/subdags/subdag.py
[2023-08-12T03:53:24.013+0000] {processor.py:838} WARNING - No viable dags retrieved from /home/airflow/.local/lib/python3.10/site-packages/airflow/example_dags/subdags/subdag.py
[2023-08-12T03:53:24.018+0000] {processor.py:179} INFO - Processing /home/airflow/.local/lib/python3.10/site-packages/airflow/example_dags/subdags/subdag.py took 0.008 seconds
[2023-08-12T03:53:54.366+0000] {processor.py:157} INFO - Started process (PID=2144) to work on /home/airflow/.local/lib/python3.10/site-packages/airflow/example_dags/subdags/subdag.py
[2023-08-12T03:53:54.367+0000] {processor.py:826} INFO - Processing file /home/airflow/.local/lib/python3.10/site-packages/airflow/example_dags/subdags/subdag.py for tasks to queue
[2023-08-12T03:53:54.367+0000] {logging_mixin.py:149} INFO - [2023-08-12T03:53:54.367+0000] {dagbag.py:541} INFO - Filling up the DagBag from /home/airflow/.local/lib/python3.10/site-packages/airflow/example_dags/subdags/subdag.py
[2023-08-12T03:53:54.368+0000] {processor.py:838} WARNING - No viable dags retrieved from /home/airflow/.local/lib/python3.10/site-packages/airflow/example_dags/subdags/subdag.py
[2023-08-12T03:53:54.373+0000] {processor.py:179} INFO - Processing /home/airflow/.local/lib/python3.10/site-packages/airflow/example_dags/subdags/subdag.py took 0.007 seconds
[2023-08-12T03:54:24.688+0000] {processor.py:157} INFO - Started process (PID=2221) to work on /home/airflow/.local/lib/python3.10/site-packages/airflow/example_dags/subdags/subdag.py
[2023-08-12T03:54:24.688+0000] {processor.py:826} INFO - Processing file /home/airflow/.local/lib/python3.10/site-packages/airflow/example_dags/subdags/subdag.py for tasks to queue
[2023-08-12T03:54:24.689+0000] {logging_mixin.py:149} INFO - [2023-08-12T03:54:24.689+0000] {dagbag.py:541} INFO - Filling up the DagBag from /home/airflow/.local/lib/python3.10/site-packages/airflow/example_dags/subdags/subdag.py
[2023-08-12T03:54:24.689+0000] {processor.py:838} WARNING - No viable dags retrieved from /home/airflow/.local/lib/python3.10/site-packages/airflow/example_dags/subdags/subdag.py
[2023-08-12T03:54:24.695+0000] {processor.py:179} INFO - Processing /home/airflow/.local/lib/python3.10/site-packages/airflow/example_dags/subdags/subdag.py took 0.008 seconds
[2023-08-12T03:54:55.070+0000] {processor.py:157} INFO - Started process (PID=2299) to work on /home/airflow/.local/lib/python3.10/site-packages/airflow/example_dags/subdags/subdag.py
[2023-08-12T03:54:55.071+0000] {processor.py:826} INFO - Processing file /home/airflow/.local/lib/python3.10/site-packages/airflow/example_dags/subdags/subdag.py for tasks to queue
[2023-08-12T03:54:55.071+0000] {logging_mixin.py:149} INFO - [2023-08-12T03:54:55.071+0000] {dagbag.py:541} INFO - Filling up the DagBag from /home/airflow/.local/lib/python3.10/site-packages/airflow/example_dags/subdags/subdag.py
[2023-08-12T03:54:55.072+0000] {processor.py:838} WARNING - No viable dags retrieved from /home/airflow/.local/lib/python3.10/site-packages/airflow/example_dags/subdags/subdag.py
[2023-08-12T03:54:55.077+0000] {processor.py:179} INFO - Processing /home/airflow/.local/lib/python3.10/site-packages/airflow/example_dags/subdags/subdag.py took 0.008 seconds
[2023-08-12T03:55:25.458+0000] {processor.py:157} INFO - Started process (PID=2376) to work on /home/airflow/.local/lib/python3.10/site-packages/airflow/example_dags/subdags/subdag.py
[2023-08-12T03:55:25.459+0000] {processor.py:826} INFO - Processing file /home/airflow/.local/lib/python3.10/site-packages/airflow/example_dags/subdags/subdag.py for tasks to queue
[2023-08-12T03:55:25.459+0000] {logging_mixin.py:149} INFO - [2023-08-12T03:55:25.459+0000] {dagbag.py:541} INFO - Filling up the DagBag from /home/airflow/.local/lib/python3.10/site-packages/airflow/example_dags/subdags/subdag.py
[2023-08-12T03:55:25.460+0000] {processor.py:838} WARNING - No viable dags retrieved from /home/airflow/.local/lib/python3.10/site-packages/airflow/example_dags/subdags/subdag.py
[2023-08-12T03:55:25.465+0000] {processor.py:179} INFO - Processing /home/airflow/.local/lib/python3.10/site-packages/airflow/example_dags/subdags/subdag.py took 0.008 seconds
[2023-08-12T03:56:30.873+0000] {processor.py:157} INFO - Started process (PID=66) to work on /home/airflow/.local/lib/python3.10/site-packages/airflow/example_dags/subdags/subdag.py
[2023-08-12T03:56:30.873+0000] {processor.py:826} INFO - Processing file /home/airflow/.local/lib/python3.10/site-packages/airflow/example_dags/subdags/subdag.py for tasks to queue
[2023-08-12T03:56:30.874+0000] {logging_mixin.py:149} INFO - [2023-08-12T03:56:30.873+0000] {dagbag.py:541} INFO - Filling up the DagBag from /home/airflow/.local/lib/python3.10/site-packages/airflow/example_dags/subdags/subdag.py
[2023-08-12T03:56:30.874+0000] {processor.py:838} WARNING - No viable dags retrieved from /home/airflow/.local/lib/python3.10/site-packages/airflow/example_dags/subdags/subdag.py
[2023-08-12T03:56:30.882+0000] {processor.py:179} INFO - Processing /home/airflow/.local/lib/python3.10/site-packages/airflow/example_dags/subdags/subdag.py took 0.010 seconds
[2023-08-12T03:57:01.031+0000] {processor.py:157} INFO - Started process (PID=143) to work on /home/airflow/.local/lib/python3.10/site-packages/airflow/example_dags/subdags/subdag.py
[2023-08-12T03:57:01.032+0000] {processor.py:826} INFO - Processing file /home/airflow/.local/lib/python3.10/site-packages/airflow/example_dags/subdags/subdag.py for tasks to queue
[2023-08-12T03:57:01.032+0000] {logging_mixin.py:149} INFO - [2023-08-12T03:57:01.032+0000] {dagbag.py:541} INFO - Filling up the DagBag from /home/airflow/.local/lib/python3.10/site-packages/airflow/example_dags/subdags/subdag.py
[2023-08-12T03:57:01.033+0000] {processor.py:838} WARNING - No viable dags retrieved from /home/airflow/.local/lib/python3.10/site-packages/airflow/example_dags/subdags/subdag.py
[2023-08-12T03:57:01.038+0000] {processor.py:179} INFO - Processing /home/airflow/.local/lib/python3.10/site-packages/airflow/example_dags/subdags/subdag.py took 0.008 seconds
[2023-08-12T03:57:31.395+0000] {processor.py:157} INFO - Started process (PID=220) to work on /home/airflow/.local/lib/python3.10/site-packages/airflow/example_dags/subdags/subdag.py
[2023-08-12T03:57:31.396+0000] {processor.py:826} INFO - Processing file /home/airflow/.local/lib/python3.10/site-packages/airflow/example_dags/subdags/subdag.py for tasks to queue
[2023-08-12T03:57:31.396+0000] {logging_mixin.py:149} INFO - [2023-08-12T03:57:31.396+0000] {dagbag.py:541} INFO - Filling up the DagBag from /home/airflow/.local/lib/python3.10/site-packages/airflow/example_dags/subdags/subdag.py
[2023-08-12T03:57:31.397+0000] {processor.py:838} WARNING - No viable dags retrieved from /home/airflow/.local/lib/python3.10/site-packages/airflow/example_dags/subdags/subdag.py
[2023-08-12T03:57:31.402+0000] {processor.py:179} INFO - Processing /home/airflow/.local/lib/python3.10/site-packages/airflow/example_dags/subdags/subdag.py took 0.008 seconds
[2023-08-12T03:58:01.795+0000] {processor.py:157} INFO - Started process (PID=297) to work on /home/airflow/.local/lib/python3.10/site-packages/airflow/example_dags/subdags/subdag.py
[2023-08-12T03:58:01.795+0000] {processor.py:826} INFO - Processing file /home/airflow/.local/lib/python3.10/site-packages/airflow/example_dags/subdags/subdag.py for tasks to queue
[2023-08-12T03:58:01.795+0000] {logging_mixin.py:149} INFO - [2023-08-12T03:58:01.795+0000] {dagbag.py:541} INFO - Filling up the DagBag from /home/airflow/.local/lib/python3.10/site-packages/airflow/example_dags/subdags/subdag.py
[2023-08-12T03:58:01.796+0000] {processor.py:838} WARNING - No viable dags retrieved from /home/airflow/.local/lib/python3.10/site-packages/airflow/example_dags/subdags/subdag.py
[2023-08-12T03:58:01.802+0000] {processor.py:179} INFO - Processing /home/airflow/.local/lib/python3.10/site-packages/airflow/example_dags/subdags/subdag.py took 0.009 seconds
[2023-08-12T03:58:32.126+0000] {processor.py:157} INFO - Started process (PID=374) to work on /home/airflow/.local/lib/python3.10/site-packages/airflow/example_dags/subdags/subdag.py
[2023-08-12T03:58:32.127+0000] {processor.py:826} INFO - Processing file /home/airflow/.local/lib/python3.10/site-packages/airflow/example_dags/subdags/subdag.py for tasks to queue
[2023-08-12T03:58:32.127+0000] {logging_mixin.py:149} INFO - [2023-08-12T03:58:32.127+0000] {dagbag.py:541} INFO - Filling up the DagBag from /home/airflow/.local/lib/python3.10/site-packages/airflow/example_dags/subdags/subdag.py
[2023-08-12T03:58:32.127+0000] {processor.py:838} WARNING - No viable dags retrieved from /home/airflow/.local/lib/python3.10/site-packages/airflow/example_dags/subdags/subdag.py
[2023-08-12T03:58:32.133+0000] {processor.py:179} INFO - Processing /home/airflow/.local/lib/python3.10/site-packages/airflow/example_dags/subdags/subdag.py took 0.008 seconds
[2023-08-12T03:59:02.570+0000] {processor.py:157} INFO - Started process (PID=450) to work on /home/airflow/.local/lib/python3.10/site-packages/airflow/example_dags/subdags/subdag.py
[2023-08-12T03:59:02.570+0000] {processor.py:826} INFO - Processing file /home/airflow/.local/lib/python3.10/site-packages/airflow/example_dags/subdags/subdag.py for tasks to queue
[2023-08-12T03:59:02.570+0000] {logging_mixin.py:149} INFO - [2023-08-12T03:59:02.570+0000] {dagbag.py:541} INFO - Filling up the DagBag from /home/airflow/.local/lib/python3.10/site-packages/airflow/example_dags/subdags/subdag.py
[2023-08-12T03:59:02.571+0000] {processor.py:838} WARNING - No viable dags retrieved from /home/airflow/.local/lib/python3.10/site-packages/airflow/example_dags/subdags/subdag.py
[2023-08-12T03:59:02.576+0000] {processor.py:179} INFO - Processing /home/airflow/.local/lib/python3.10/site-packages/airflow/example_dags/subdags/subdag.py took 0.009 seconds
[2023-08-12T03:59:32.989+0000] {processor.py:157} INFO - Started process (PID=526) to work on /home/airflow/.local/lib/python3.10/site-packages/airflow/example_dags/subdags/subdag.py
[2023-08-12T03:59:32.990+0000] {processor.py:826} INFO - Processing file /home/airflow/.local/lib/python3.10/site-packages/airflow/example_dags/subdags/subdag.py for tasks to queue
[2023-08-12T03:59:32.990+0000] {logging_mixin.py:149} INFO - [2023-08-12T03:59:32.990+0000] {dagbag.py:541} INFO - Filling up the DagBag from /home/airflow/.local/lib/python3.10/site-packages/airflow/example_dags/subdags/subdag.py
[2023-08-12T03:59:32.991+0000] {processor.py:838} WARNING - No viable dags retrieved from /home/airflow/.local/lib/python3.10/site-packages/airflow/example_dags/subdags/subdag.py
[2023-08-12T03:59:32.997+0000] {processor.py:179} INFO - Processing /home/airflow/.local/lib/python3.10/site-packages/airflow/example_dags/subdags/subdag.py took 0.008 seconds
[2023-08-12T04:00:03.521+0000] {processor.py:157} INFO - Started process (PID=604) to work on /home/airflow/.local/lib/python3.10/site-packages/airflow/example_dags/subdags/subdag.py
[2023-08-12T04:00:03.521+0000] {processor.py:826} INFO - Processing file /home/airflow/.local/lib/python3.10/site-packages/airflow/example_dags/subdags/subdag.py for tasks to queue
[2023-08-12T04:00:03.522+0000] {logging_mixin.py:149} INFO - [2023-08-12T04:00:03.521+0000] {dagbag.py:541} INFO - Filling up the DagBag from /home/airflow/.local/lib/python3.10/site-packages/airflow/example_dags/subdags/subdag.py
[2023-08-12T04:00:03.522+0000] {processor.py:838} WARNING - No viable dags retrieved from /home/airflow/.local/lib/python3.10/site-packages/airflow/example_dags/subdags/subdag.py
[2023-08-12T04:00:03.527+0000] {processor.py:179} INFO - Processing /home/airflow/.local/lib/python3.10/site-packages/airflow/example_dags/subdags/subdag.py took 0.008 seconds
[2023-08-12T04:00:33.864+0000] {processor.py:157} INFO - Started process (PID=681) to work on /home/airflow/.local/lib/python3.10/site-packages/airflow/example_dags/subdags/subdag.py
[2023-08-12T04:00:33.864+0000] {processor.py:826} INFO - Processing file /home/airflow/.local/lib/python3.10/site-packages/airflow/example_dags/subdags/subdag.py for tasks to queue
[2023-08-12T04:00:33.865+0000] {logging_mixin.py:149} INFO - [2023-08-12T04:00:33.865+0000] {dagbag.py:541} INFO - Filling up the DagBag from /home/airflow/.local/lib/python3.10/site-packages/airflow/example_dags/subdags/subdag.py
[2023-08-12T04:00:33.865+0000] {processor.py:838} WARNING - No viable dags retrieved from /home/airflow/.local/lib/python3.10/site-packages/airflow/example_dags/subdags/subdag.py
[2023-08-12T04:00:33.871+0000] {processor.py:179} INFO - Processing /home/airflow/.local/lib/python3.10/site-packages/airflow/example_dags/subdags/subdag.py took 0.008 seconds
