[2023-08-12T15:30:49.861+0000] {processor.py:157} INFO - Started process (PID=24) to work on /opt/airflow/dags/scripts/tune_ml.py
[2023-08-12T15:30:49.861+0000] {processor.py:826} INFO - Processing file /opt/airflow/dags/scripts/tune_ml.py for tasks to queue
[2023-08-12T15:30:49.861+0000] {logging_mixin.py:149} INFO - [2023-08-12T15:30:49.861+0000] {dagbag.py:541} INFO - Filling up the DagBag from /opt/airflow/dags/scripts/tune_ml.py
[2023-08-12T15:30:49.978+0000] {processor.py:836} INFO - DAG(s) dict_keys(['tune_dag']) retrieved from /opt/airflow/dags/scripts/tune_ml.py
[2023-08-12T15:30:50.015+0000] {logging_mixin.py:149} INFO - [2023-08-12T15:30:50.015+0000] {dag.py:2726} INFO - Sync 1 DAGs
[2023-08-12T15:30:50.023+0000] {logging_mixin.py:149} INFO - [2023-08-12T15:30:50.023+0000] {dag.py:3486} INFO - Setting next_dagrun for tune_dag to None, run_after=None
[2023-08-12T15:30:50.032+0000] {processor.py:179} INFO - Processing /opt/airflow/dags/scripts/tune_ml.py took 0.173 seconds
[2023-08-12T15:31:20.161+0000] {processor.py:157} INFO - Started process (PID=101) to work on /opt/airflow/dags/scripts/tune_ml.py
[2023-08-12T15:31:20.162+0000] {processor.py:826} INFO - Processing file /opt/airflow/dags/scripts/tune_ml.py for tasks to queue
[2023-08-12T15:31:20.162+0000] {logging_mixin.py:149} INFO - [2023-08-12T15:31:20.162+0000] {dagbag.py:541} INFO - Filling up the DagBag from /opt/airflow/dags/scripts/tune_ml.py
[2023-08-12T15:31:20.194+0000] {processor.py:836} INFO - DAG(s) dict_keys(['tune_dag']) retrieved from /opt/airflow/dags/scripts/tune_ml.py
[2023-08-12T15:31:20.204+0000] {logging_mixin.py:149} INFO - [2023-08-12T15:31:20.204+0000] {dag.py:2726} INFO - Sync 1 DAGs
[2023-08-12T15:31:20.220+0000] {processor.py:179} INFO - Processing /opt/airflow/dags/scripts/tune_ml.py took 0.060 seconds
[2023-08-12T15:31:50.598+0000] {processor.py:157} INFO - Started process (PID=177) to work on /opt/airflow/dags/scripts/tune_ml.py
[2023-08-12T15:31:50.598+0000] {processor.py:826} INFO - Processing file /opt/airflow/dags/scripts/tune_ml.py for tasks to queue
[2023-08-12T15:31:50.598+0000] {logging_mixin.py:149} INFO - [2023-08-12T15:31:50.598+0000] {dagbag.py:541} INFO - Filling up the DagBag from /opt/airflow/dags/scripts/tune_ml.py
[2023-08-12T15:31:50.630+0000] {processor.py:836} INFO - DAG(s) dict_keys(['tune_dag']) retrieved from /opt/airflow/dags/scripts/tune_ml.py
[2023-08-12T15:31:50.640+0000] {logging_mixin.py:149} INFO - [2023-08-12T15:31:50.639+0000] {dag.py:2726} INFO - Sync 1 DAGs
[2023-08-12T15:31:50.656+0000] {processor.py:179} INFO - Processing /opt/airflow/dags/scripts/tune_ml.py took 0.060 seconds
[2023-08-12T15:32:20.890+0000] {processor.py:157} INFO - Started process (PID=254) to work on /opt/airflow/dags/scripts/tune_ml.py
[2023-08-12T15:32:20.898+0000] {processor.py:826} INFO - Processing file /opt/airflow/dags/scripts/tune_ml.py for tasks to queue
[2023-08-12T15:32:20.899+0000] {logging_mixin.py:149} INFO - [2023-08-12T15:32:20.899+0000] {dagbag.py:541} INFO - Filling up the DagBag from /opt/airflow/dags/scripts/tune_ml.py
[2023-08-12T15:32:20.933+0000] {processor.py:836} INFO - DAG(s) dict_keys(['tune_dag']) retrieved from /opt/airflow/dags/scripts/tune_ml.py
[2023-08-12T15:32:20.943+0000] {logging_mixin.py:149} INFO - [2023-08-12T15:32:20.943+0000] {dag.py:2726} INFO - Sync 1 DAGs
[2023-08-12T15:32:20.959+0000] {processor.py:179} INFO - Processing /opt/airflow/dags/scripts/tune_ml.py took 0.071 seconds
[2023-08-12T15:32:51.189+0000] {processor.py:157} INFO - Started process (PID=331) to work on /opt/airflow/dags/scripts/tune_ml.py
[2023-08-12T15:32:51.197+0000] {processor.py:826} INFO - Processing file /opt/airflow/dags/scripts/tune_ml.py for tasks to queue
[2023-08-12T15:32:51.197+0000] {logging_mixin.py:149} INFO - [2023-08-12T15:32:51.197+0000] {dagbag.py:541} INFO - Filling up the DagBag from /opt/airflow/dags/scripts/tune_ml.py
[2023-08-12T15:32:51.229+0000] {processor.py:836} INFO - DAG(s) dict_keys(['tune_dag']) retrieved from /opt/airflow/dags/scripts/tune_ml.py
[2023-08-12T15:32:51.239+0000] {logging_mixin.py:149} INFO - [2023-08-12T15:32:51.239+0000] {dag.py:2726} INFO - Sync 1 DAGs
[2023-08-12T15:32:51.255+0000] {processor.py:179} INFO - Processing /opt/airflow/dags/scripts/tune_ml.py took 0.067 seconds
[2023-08-12T15:33:21.626+0000] {processor.py:157} INFO - Started process (PID=407) to work on /opt/airflow/dags/scripts/tune_ml.py
[2023-08-12T15:33:21.635+0000] {processor.py:826} INFO - Processing file /opt/airflow/dags/scripts/tune_ml.py for tasks to queue
[2023-08-12T15:33:21.635+0000] {logging_mixin.py:149} INFO - [2023-08-12T15:33:21.635+0000] {dagbag.py:541} INFO - Filling up the DagBag from /opt/airflow/dags/scripts/tune_ml.py
[2023-08-12T15:33:21.667+0000] {processor.py:836} INFO - DAG(s) dict_keys(['tune_dag']) retrieved from /opt/airflow/dags/scripts/tune_ml.py
[2023-08-12T15:33:21.677+0000] {logging_mixin.py:149} INFO - [2023-08-12T15:33:21.677+0000] {dag.py:2726} INFO - Sync 1 DAGs
[2023-08-12T15:33:21.695+0000] {processor.py:179} INFO - Processing /opt/airflow/dags/scripts/tune_ml.py took 0.070 seconds
[2023-08-12T15:33:52.144+0000] {processor.py:157} INFO - Started process (PID=484) to work on /opt/airflow/dags/scripts/tune_ml.py
[2023-08-12T15:33:52.153+0000] {processor.py:826} INFO - Processing file /opt/airflow/dags/scripts/tune_ml.py for tasks to queue
[2023-08-12T15:33:52.153+0000] {logging_mixin.py:149} INFO - [2023-08-12T15:33:52.153+0000] {dagbag.py:541} INFO - Filling up the DagBag from /opt/airflow/dags/scripts/tune_ml.py
[2023-08-12T15:33:52.185+0000] {processor.py:836} INFO - DAG(s) dict_keys(['tune_dag']) retrieved from /opt/airflow/dags/scripts/tune_ml.py
[2023-08-12T15:33:52.194+0000] {logging_mixin.py:149} INFO - [2023-08-12T15:33:52.194+0000] {dag.py:2726} INFO - Sync 1 DAGs
[2023-08-12T15:33:52.203+0000] {logging_mixin.py:149} INFO - [2023-08-12T15:33:52.203+0000] {dag.py:3486} INFO - Setting next_dagrun for tune_dag to None, run_after=None
[2023-08-12T15:33:52.210+0000] {processor.py:179} INFO - Processing /opt/airflow/dags/scripts/tune_ml.py took 0.067 seconds
