[2023-08-12T04:24:25.657+0000] {processor.py:157} INFO - Started process (PID=67) to work on /home/airflow/.local/lib/python3.10/site-packages/airflow/example_dags/plugins/event_listener.py
[2023-08-12T04:24:25.657+0000] {processor.py:826} INFO - Processing file /home/airflow/.local/lib/python3.10/site-packages/airflow/example_dags/plugins/event_listener.py for tasks to queue
[2023-08-12T04:24:25.657+0000] {logging_mixin.py:149} INFO - [2023-08-12T04:24:25.657+0000] {dagbag.py:541} INFO - Filling up the DagBag from /home/airflow/.local/lib/python3.10/site-packages/airflow/example_dags/plugins/event_listener.py
[2023-08-12T04:24:25.659+0000] {processor.py:838} WARNING - No viable dags retrieved from /home/airflow/.local/lib/python3.10/site-packages/airflow/example_dags/plugins/event_listener.py
[2023-08-12T04:24:25.665+0000] {processor.py:179} INFO - Processing /home/airflow/.local/lib/python3.10/site-packages/airflow/example_dags/plugins/event_listener.py took 0.009 seconds
[2023-08-12T04:24:55.802+0000] {processor.py:157} INFO - Started process (PID=144) to work on /home/airflow/.local/lib/python3.10/site-packages/airflow/example_dags/plugins/event_listener.py
[2023-08-12T04:24:55.802+0000] {processor.py:826} INFO - Processing file /home/airflow/.local/lib/python3.10/site-packages/airflow/example_dags/plugins/event_listener.py for tasks to queue
[2023-08-12T04:24:55.803+0000] {logging_mixin.py:149} INFO - [2023-08-12T04:24:55.803+0000] {dagbag.py:541} INFO - Filling up the DagBag from /home/airflow/.local/lib/python3.10/site-packages/airflow/example_dags/plugins/event_listener.py
[2023-08-12T04:24:55.803+0000] {processor.py:838} WARNING - No viable dags retrieved from /home/airflow/.local/lib/python3.10/site-packages/airflow/example_dags/plugins/event_listener.py
[2023-08-12T04:24:55.810+0000] {processor.py:179} INFO - Processing /home/airflow/.local/lib/python3.10/site-packages/airflow/example_dags/plugins/event_listener.py took 0.009 seconds
[2023-08-12T04:25:26.129+0000] {processor.py:157} INFO - Started process (PID=221) to work on /home/airflow/.local/lib/python3.10/site-packages/airflow/example_dags/plugins/event_listener.py
[2023-08-12T04:25:26.129+0000] {processor.py:826} INFO - Processing file /home/airflow/.local/lib/python3.10/site-packages/airflow/example_dags/plugins/event_listener.py for tasks to queue
[2023-08-12T04:25:26.130+0000] {logging_mixin.py:149} INFO - [2023-08-12T04:25:26.130+0000] {dagbag.py:541} INFO - Filling up the DagBag from /home/airflow/.local/lib/python3.10/site-packages/airflow/example_dags/plugins/event_listener.py
[2023-08-12T04:25:26.130+0000] {processor.py:838} WARNING - No viable dags retrieved from /home/airflow/.local/lib/python3.10/site-packages/airflow/example_dags/plugins/event_listener.py
[2023-08-12T04:25:26.135+0000] {processor.py:179} INFO - Processing /home/airflow/.local/lib/python3.10/site-packages/airflow/example_dags/plugins/event_listener.py took 0.007 seconds
[2023-08-12T04:25:56.630+0000] {processor.py:157} INFO - Started process (PID=298) to work on /home/airflow/.local/lib/python3.10/site-packages/airflow/example_dags/plugins/event_listener.py
[2023-08-12T04:25:56.631+0000] {processor.py:826} INFO - Processing file /home/airflow/.local/lib/python3.10/site-packages/airflow/example_dags/plugins/event_listener.py for tasks to queue
[2023-08-12T04:25:56.631+0000] {logging_mixin.py:149} INFO - [2023-08-12T04:25:56.631+0000] {dagbag.py:541} INFO - Filling up the DagBag from /home/airflow/.local/lib/python3.10/site-packages/airflow/example_dags/plugins/event_listener.py
[2023-08-12T04:25:56.632+0000] {processor.py:838} WARNING - No viable dags retrieved from /home/airflow/.local/lib/python3.10/site-packages/airflow/example_dags/plugins/event_listener.py
[2023-08-12T04:25:56.637+0000] {processor.py:179} INFO - Processing /home/airflow/.local/lib/python3.10/site-packages/airflow/example_dags/plugins/event_listener.py took 0.008 seconds
[2023-08-12T04:26:27.225+0000] {processor.py:157} INFO - Started process (PID=374) to work on /home/airflow/.local/lib/python3.10/site-packages/airflow/example_dags/plugins/event_listener.py
[2023-08-12T04:26:27.225+0000] {processor.py:826} INFO - Processing file /home/airflow/.local/lib/python3.10/site-packages/airflow/example_dags/plugins/event_listener.py for tasks to queue
[2023-08-12T04:26:27.225+0000] {logging_mixin.py:149} INFO - [2023-08-12T04:26:27.225+0000] {dagbag.py:541} INFO - Filling up the DagBag from /home/airflow/.local/lib/python3.10/site-packages/airflow/example_dags/plugins/event_listener.py
[2023-08-12T04:26:27.226+0000] {processor.py:838} WARNING - No viable dags retrieved from /home/airflow/.local/lib/python3.10/site-packages/airflow/example_dags/plugins/event_listener.py
[2023-08-12T04:26:27.231+0000] {processor.py:179} INFO - Processing /home/airflow/.local/lib/python3.10/site-packages/airflow/example_dags/plugins/event_listener.py took 0.008 seconds
[2023-08-12T04:26:57.689+0000] {processor.py:157} INFO - Started process (PID=451) to work on /home/airflow/.local/lib/python3.10/site-packages/airflow/example_dags/plugins/event_listener.py
[2023-08-12T04:26:57.689+0000] {processor.py:826} INFO - Processing file /home/airflow/.local/lib/python3.10/site-packages/airflow/example_dags/plugins/event_listener.py for tasks to queue
[2023-08-12T04:26:57.690+0000] {logging_mixin.py:149} INFO - [2023-08-12T04:26:57.690+0000] {dagbag.py:541} INFO - Filling up the DagBag from /home/airflow/.local/lib/python3.10/site-packages/airflow/example_dags/plugins/event_listener.py
[2023-08-12T04:26:57.690+0000] {processor.py:838} WARNING - No viable dags retrieved from /home/airflow/.local/lib/python3.10/site-packages/airflow/example_dags/plugins/event_listener.py
[2023-08-12T04:26:57.695+0000] {processor.py:179} INFO - Processing /home/airflow/.local/lib/python3.10/site-packages/airflow/example_dags/plugins/event_listener.py took 0.008 seconds
[2023-08-12T04:27:28.179+0000] {processor.py:157} INFO - Started process (PID=528) to work on /home/airflow/.local/lib/python3.10/site-packages/airflow/example_dags/plugins/event_listener.py
[2023-08-12T04:27:28.179+0000] {processor.py:826} INFO - Processing file /home/airflow/.local/lib/python3.10/site-packages/airflow/example_dags/plugins/event_listener.py for tasks to queue
[2023-08-12T04:27:28.180+0000] {logging_mixin.py:149} INFO - [2023-08-12T04:27:28.180+0000] {dagbag.py:541} INFO - Filling up the DagBag from /home/airflow/.local/lib/python3.10/site-packages/airflow/example_dags/plugins/event_listener.py
[2023-08-12T04:27:28.181+0000] {processor.py:838} WARNING - No viable dags retrieved from /home/airflow/.local/lib/python3.10/site-packages/airflow/example_dags/plugins/event_listener.py
[2023-08-12T04:27:28.186+0000] {processor.py:179} INFO - Processing /home/airflow/.local/lib/python3.10/site-packages/airflow/example_dags/plugins/event_listener.py took 0.008 seconds
[2023-08-12T04:27:58.511+0000] {processor.py:157} INFO - Started process (PID=604) to work on /home/airflow/.local/lib/python3.10/site-packages/airflow/example_dags/plugins/event_listener.py
[2023-08-12T04:27:58.512+0000] {processor.py:826} INFO - Processing file /home/airflow/.local/lib/python3.10/site-packages/airflow/example_dags/plugins/event_listener.py for tasks to queue
[2023-08-12T04:27:58.512+0000] {logging_mixin.py:149} INFO - [2023-08-12T04:27:58.512+0000] {dagbag.py:541} INFO - Filling up the DagBag from /home/airflow/.local/lib/python3.10/site-packages/airflow/example_dags/plugins/event_listener.py
[2023-08-12T04:27:58.513+0000] {processor.py:838} WARNING - No viable dags retrieved from /home/airflow/.local/lib/python3.10/site-packages/airflow/example_dags/plugins/event_listener.py
[2023-08-12T04:27:58.518+0000] {processor.py:179} INFO - Processing /home/airflow/.local/lib/python3.10/site-packages/airflow/example_dags/plugins/event_listener.py took 0.008 seconds
[2023-08-12T04:28:28.978+0000] {processor.py:157} INFO - Started process (PID=682) to work on /home/airflow/.local/lib/python3.10/site-packages/airflow/example_dags/plugins/event_listener.py
[2023-08-12T04:28:28.978+0000] {processor.py:826} INFO - Processing file /home/airflow/.local/lib/python3.10/site-packages/airflow/example_dags/plugins/event_listener.py for tasks to queue
[2023-08-12T04:28:28.978+0000] {logging_mixin.py:149} INFO - [2023-08-12T04:28:28.978+0000] {dagbag.py:541} INFO - Filling up the DagBag from /home/airflow/.local/lib/python3.10/site-packages/airflow/example_dags/plugins/event_listener.py
[2023-08-12T04:28:28.979+0000] {processor.py:838} WARNING - No viable dags retrieved from /home/airflow/.local/lib/python3.10/site-packages/airflow/example_dags/plugins/event_listener.py
[2023-08-12T04:28:28.984+0000] {processor.py:179} INFO - Processing /home/airflow/.local/lib/python3.10/site-packages/airflow/example_dags/plugins/event_listener.py took 0.008 seconds
[2023-08-12T04:28:59.369+0000] {processor.py:157} INFO - Started process (PID=759) to work on /home/airflow/.local/lib/python3.10/site-packages/airflow/example_dags/plugins/event_listener.py
[2023-08-12T04:28:59.369+0000] {processor.py:826} INFO - Processing file /home/airflow/.local/lib/python3.10/site-packages/airflow/example_dags/plugins/event_listener.py for tasks to queue
[2023-08-12T04:28:59.369+0000] {logging_mixin.py:149} INFO - [2023-08-12T04:28:59.369+0000] {dagbag.py:541} INFO - Filling up the DagBag from /home/airflow/.local/lib/python3.10/site-packages/airflow/example_dags/plugins/event_listener.py
[2023-08-12T04:28:59.370+0000] {processor.py:838} WARNING - No viable dags retrieved from /home/airflow/.local/lib/python3.10/site-packages/airflow/example_dags/plugins/event_listener.py
[2023-08-12T04:28:59.375+0000] {processor.py:179} INFO - Processing /home/airflow/.local/lib/python3.10/site-packages/airflow/example_dags/plugins/event_listener.py took 0.008 seconds
[2023-08-12T04:29:29.756+0000] {processor.py:157} INFO - Started process (PID=834) to work on /home/airflow/.local/lib/python3.10/site-packages/airflow/example_dags/plugins/event_listener.py
[2023-08-12T04:29:29.756+0000] {processor.py:826} INFO - Processing file /home/airflow/.local/lib/python3.10/site-packages/airflow/example_dags/plugins/event_listener.py for tasks to queue
[2023-08-12T04:29:29.756+0000] {logging_mixin.py:149} INFO - [2023-08-12T04:29:29.756+0000] {dagbag.py:541} INFO - Filling up the DagBag from /home/airflow/.local/lib/python3.10/site-packages/airflow/example_dags/plugins/event_listener.py
[2023-08-12T04:29:29.757+0000] {processor.py:838} WARNING - No viable dags retrieved from /home/airflow/.local/lib/python3.10/site-packages/airflow/example_dags/plugins/event_listener.py
[2023-08-12T04:29:29.761+0000] {processor.py:179} INFO - Processing /home/airflow/.local/lib/python3.10/site-packages/airflow/example_dags/plugins/event_listener.py took 0.007 seconds
[2023-08-12T04:30:00.242+0000] {processor.py:157} INFO - Started process (PID=911) to work on /home/airflow/.local/lib/python3.10/site-packages/airflow/example_dags/plugins/event_listener.py
[2023-08-12T04:30:00.242+0000] {processor.py:826} INFO - Processing file /home/airflow/.local/lib/python3.10/site-packages/airflow/example_dags/plugins/event_listener.py for tasks to queue
[2023-08-12T04:30:00.242+0000] {logging_mixin.py:149} INFO - [2023-08-12T04:30:00.242+0000] {dagbag.py:541} INFO - Filling up the DagBag from /home/airflow/.local/lib/python3.10/site-packages/airflow/example_dags/plugins/event_listener.py
[2023-08-12T04:30:00.243+0000] {processor.py:838} WARNING - No viable dags retrieved from /home/airflow/.local/lib/python3.10/site-packages/airflow/example_dags/plugins/event_listener.py
[2023-08-12T04:30:00.248+0000] {processor.py:179} INFO - Processing /home/airflow/.local/lib/python3.10/site-packages/airflow/example_dags/plugins/event_listener.py took 0.007 seconds
[2023-08-12T04:30:30.686+0000] {processor.py:157} INFO - Started process (PID=988) to work on /home/airflow/.local/lib/python3.10/site-packages/airflow/example_dags/plugins/event_listener.py
[2023-08-12T04:30:30.686+0000] {processor.py:826} INFO - Processing file /home/airflow/.local/lib/python3.10/site-packages/airflow/example_dags/plugins/event_listener.py for tasks to queue
[2023-08-12T04:30:30.687+0000] {logging_mixin.py:149} INFO - [2023-08-12T04:30:30.687+0000] {dagbag.py:541} INFO - Filling up the DagBag from /home/airflow/.local/lib/python3.10/site-packages/airflow/example_dags/plugins/event_listener.py
[2023-08-12T04:30:30.687+0000] {processor.py:838} WARNING - No viable dags retrieved from /home/airflow/.local/lib/python3.10/site-packages/airflow/example_dags/plugins/event_listener.py
[2023-08-12T04:30:30.692+0000] {processor.py:179} INFO - Processing /home/airflow/.local/lib/python3.10/site-packages/airflow/example_dags/plugins/event_listener.py took 0.007 seconds
[2023-08-12T04:31:29.455+0000] {processor.py:157} INFO - Started process (PID=67) to work on /home/airflow/.local/lib/python3.10/site-packages/airflow/example_dags/plugins/event_listener.py
[2023-08-12T04:31:29.456+0000] {processor.py:826} INFO - Processing file /home/airflow/.local/lib/python3.10/site-packages/airflow/example_dags/plugins/event_listener.py for tasks to queue
[2023-08-12T04:31:29.456+0000] {logging_mixin.py:149} INFO - [2023-08-12T04:31:29.456+0000] {dagbag.py:541} INFO - Filling up the DagBag from /home/airflow/.local/lib/python3.10/site-packages/airflow/example_dags/plugins/event_listener.py
[2023-08-12T04:31:29.457+0000] {processor.py:838} WARNING - No viable dags retrieved from /home/airflow/.local/lib/python3.10/site-packages/airflow/example_dags/plugins/event_listener.py
[2023-08-12T04:31:29.463+0000] {processor.py:179} INFO - Processing /home/airflow/.local/lib/python3.10/site-packages/airflow/example_dags/plugins/event_listener.py took 0.009 seconds
[2023-08-12T04:31:59.578+0000] {processor.py:157} INFO - Started process (PID=143) to work on /home/airflow/.local/lib/python3.10/site-packages/airflow/example_dags/plugins/event_listener.py
[2023-08-12T04:31:59.578+0000] {processor.py:826} INFO - Processing file /home/airflow/.local/lib/python3.10/site-packages/airflow/example_dags/plugins/event_listener.py for tasks to queue
[2023-08-12T04:31:59.579+0000] {logging_mixin.py:149} INFO - [2023-08-12T04:31:59.579+0000] {dagbag.py:541} INFO - Filling up the DagBag from /home/airflow/.local/lib/python3.10/site-packages/airflow/example_dags/plugins/event_listener.py
[2023-08-12T04:31:59.579+0000] {processor.py:838} WARNING - No viable dags retrieved from /home/airflow/.local/lib/python3.10/site-packages/airflow/example_dags/plugins/event_listener.py
[2023-08-12T04:31:59.584+0000] {processor.py:179} INFO - Processing /home/airflow/.local/lib/python3.10/site-packages/airflow/example_dags/plugins/event_listener.py took 0.008 seconds
[2023-08-12T04:32:30.068+0000] {processor.py:157} INFO - Started process (PID=220) to work on /home/airflow/.local/lib/python3.10/site-packages/airflow/example_dags/plugins/event_listener.py
[2023-08-12T04:32:30.069+0000] {processor.py:826} INFO - Processing file /home/airflow/.local/lib/python3.10/site-packages/airflow/example_dags/plugins/event_listener.py for tasks to queue
[2023-08-12T04:32:30.069+0000] {logging_mixin.py:149} INFO - [2023-08-12T04:32:30.069+0000] {dagbag.py:541} INFO - Filling up the DagBag from /home/airflow/.local/lib/python3.10/site-packages/airflow/example_dags/plugins/event_listener.py
[2023-08-12T04:32:30.070+0000] {processor.py:838} WARNING - No viable dags retrieved from /home/airflow/.local/lib/python3.10/site-packages/airflow/example_dags/plugins/event_listener.py
[2023-08-12T04:32:30.075+0000] {processor.py:179} INFO - Processing /home/airflow/.local/lib/python3.10/site-packages/airflow/example_dags/plugins/event_listener.py took 0.008 seconds
[2023-08-12T04:33:00.263+0000] {processor.py:157} INFO - Started process (PID=296) to work on /home/airflow/.local/lib/python3.10/site-packages/airflow/example_dags/plugins/event_listener.py
[2023-08-12T04:33:00.264+0000] {processor.py:826} INFO - Processing file /home/airflow/.local/lib/python3.10/site-packages/airflow/example_dags/plugins/event_listener.py for tasks to queue
[2023-08-12T04:33:00.264+0000] {logging_mixin.py:149} INFO - [2023-08-12T04:33:00.264+0000] {dagbag.py:541} INFO - Filling up the DagBag from /home/airflow/.local/lib/python3.10/site-packages/airflow/example_dags/plugins/event_listener.py
[2023-08-12T04:33:00.264+0000] {processor.py:838} WARNING - No viable dags retrieved from /home/airflow/.local/lib/python3.10/site-packages/airflow/example_dags/plugins/event_listener.py
[2023-08-12T04:33:00.269+0000] {processor.py:179} INFO - Processing /home/airflow/.local/lib/python3.10/site-packages/airflow/example_dags/plugins/event_listener.py took 0.007 seconds
[2023-08-12T04:33:30.644+0000] {processor.py:157} INFO - Started process (PID=372) to work on /home/airflow/.local/lib/python3.10/site-packages/airflow/example_dags/plugins/event_listener.py
[2023-08-12T04:33:30.644+0000] {processor.py:826} INFO - Processing file /home/airflow/.local/lib/python3.10/site-packages/airflow/example_dags/plugins/event_listener.py for tasks to queue
[2023-08-12T04:33:30.644+0000] {logging_mixin.py:149} INFO - [2023-08-12T04:33:30.644+0000] {dagbag.py:541} INFO - Filling up the DagBag from /home/airflow/.local/lib/python3.10/site-packages/airflow/example_dags/plugins/event_listener.py
[2023-08-12T04:33:30.645+0000] {processor.py:838} WARNING - No viable dags retrieved from /home/airflow/.local/lib/python3.10/site-packages/airflow/example_dags/plugins/event_listener.py
[2023-08-12T04:33:30.650+0000] {processor.py:179} INFO - Processing /home/airflow/.local/lib/python3.10/site-packages/airflow/example_dags/plugins/event_listener.py took 0.008 seconds
[2023-08-12T04:34:01.222+0000] {processor.py:157} INFO - Started process (PID=450) to work on /home/airflow/.local/lib/python3.10/site-packages/airflow/example_dags/plugins/event_listener.py
[2023-08-12T04:34:01.222+0000] {processor.py:826} INFO - Processing file /home/airflow/.local/lib/python3.10/site-packages/airflow/example_dags/plugins/event_listener.py for tasks to queue
[2023-08-12T04:34:01.222+0000] {logging_mixin.py:149} INFO - [2023-08-12T04:34:01.222+0000] {dagbag.py:541} INFO - Filling up the DagBag from /home/airflow/.local/lib/python3.10/site-packages/airflow/example_dags/plugins/event_listener.py
[2023-08-12T04:34:01.223+0000] {processor.py:838} WARNING - No viable dags retrieved from /home/airflow/.local/lib/python3.10/site-packages/airflow/example_dags/plugins/event_listener.py
[2023-08-12T04:34:01.228+0000] {processor.py:179} INFO - Processing /home/airflow/.local/lib/python3.10/site-packages/airflow/example_dags/plugins/event_listener.py took 0.008 seconds
[2023-08-12T04:34:31.629+0000] {processor.py:157} INFO - Started process (PID=526) to work on /home/airflow/.local/lib/python3.10/site-packages/airflow/example_dags/plugins/event_listener.py
[2023-08-12T04:34:31.629+0000] {processor.py:826} INFO - Processing file /home/airflow/.local/lib/python3.10/site-packages/airflow/example_dags/plugins/event_listener.py for tasks to queue
[2023-08-12T04:34:31.629+0000] {logging_mixin.py:149} INFO - [2023-08-12T04:34:31.629+0000] {dagbag.py:541} INFO - Filling up the DagBag from /home/airflow/.local/lib/python3.10/site-packages/airflow/example_dags/plugins/event_listener.py
[2023-08-12T04:34:31.630+0000] {processor.py:838} WARNING - No viable dags retrieved from /home/airflow/.local/lib/python3.10/site-packages/airflow/example_dags/plugins/event_listener.py
[2023-08-12T04:34:31.635+0000] {processor.py:179} INFO - Processing /home/airflow/.local/lib/python3.10/site-packages/airflow/example_dags/plugins/event_listener.py took 0.007 seconds
[2023-08-12T04:35:02.274+0000] {processor.py:157} INFO - Started process (PID=604) to work on /home/airflow/.local/lib/python3.10/site-packages/airflow/example_dags/plugins/event_listener.py
[2023-08-12T04:35:02.274+0000] {processor.py:826} INFO - Processing file /home/airflow/.local/lib/python3.10/site-packages/airflow/example_dags/plugins/event_listener.py for tasks to queue
[2023-08-12T04:35:02.275+0000] {logging_mixin.py:149} INFO - [2023-08-12T04:35:02.275+0000] {dagbag.py:541} INFO - Filling up the DagBag from /home/airflow/.local/lib/python3.10/site-packages/airflow/example_dags/plugins/event_listener.py
[2023-08-12T04:35:02.276+0000] {processor.py:838} WARNING - No viable dags retrieved from /home/airflow/.local/lib/python3.10/site-packages/airflow/example_dags/plugins/event_listener.py
[2023-08-12T04:35:02.281+0000] {processor.py:179} INFO - Processing /home/airflow/.local/lib/python3.10/site-packages/airflow/example_dags/plugins/event_listener.py took 0.008 seconds
[2023-08-12T04:35:32.623+0000] {processor.py:157} INFO - Started process (PID=681) to work on /home/airflow/.local/lib/python3.10/site-packages/airflow/example_dags/plugins/event_listener.py
[2023-08-12T04:35:32.623+0000] {processor.py:826} INFO - Processing file /home/airflow/.local/lib/python3.10/site-packages/airflow/example_dags/plugins/event_listener.py for tasks to queue
[2023-08-12T04:35:32.624+0000] {logging_mixin.py:149} INFO - [2023-08-12T04:35:32.624+0000] {dagbag.py:541} INFO - Filling up the DagBag from /home/airflow/.local/lib/python3.10/site-packages/airflow/example_dags/plugins/event_listener.py
[2023-08-12T04:35:32.624+0000] {processor.py:838} WARNING - No viable dags retrieved from /home/airflow/.local/lib/python3.10/site-packages/airflow/example_dags/plugins/event_listener.py
[2023-08-12T04:35:32.630+0000] {processor.py:179} INFO - Processing /home/airflow/.local/lib/python3.10/site-packages/airflow/example_dags/plugins/event_listener.py took 0.008 seconds
[2023-08-12T04:36:02.977+0000] {processor.py:157} INFO - Started process (PID=758) to work on /home/airflow/.local/lib/python3.10/site-packages/airflow/example_dags/plugins/event_listener.py
[2023-08-12T04:36:02.977+0000] {processor.py:826} INFO - Processing file /home/airflow/.local/lib/python3.10/site-packages/airflow/example_dags/plugins/event_listener.py for tasks to queue
[2023-08-12T04:36:02.978+0000] {logging_mixin.py:149} INFO - [2023-08-12T04:36:02.978+0000] {dagbag.py:541} INFO - Filling up the DagBag from /home/airflow/.local/lib/python3.10/site-packages/airflow/example_dags/plugins/event_listener.py
[2023-08-12T04:36:02.978+0000] {processor.py:838} WARNING - No viable dags retrieved from /home/airflow/.local/lib/python3.10/site-packages/airflow/example_dags/plugins/event_listener.py
[2023-08-12T04:36:02.984+0000] {processor.py:179} INFO - Processing /home/airflow/.local/lib/python3.10/site-packages/airflow/example_dags/plugins/event_listener.py took 0.008 seconds
[2023-08-12T04:36:33.436+0000] {processor.py:157} INFO - Started process (PID=835) to work on /home/airflow/.local/lib/python3.10/site-packages/airflow/example_dags/plugins/event_listener.py
[2023-08-12T04:36:33.437+0000] {processor.py:826} INFO - Processing file /home/airflow/.local/lib/python3.10/site-packages/airflow/example_dags/plugins/event_listener.py for tasks to queue
[2023-08-12T04:36:33.437+0000] {logging_mixin.py:149} INFO - [2023-08-12T04:36:33.437+0000] {dagbag.py:541} INFO - Filling up the DagBag from /home/airflow/.local/lib/python3.10/site-packages/airflow/example_dags/plugins/event_listener.py
[2023-08-12T04:36:33.438+0000] {processor.py:838} WARNING - No viable dags retrieved from /home/airflow/.local/lib/python3.10/site-packages/airflow/example_dags/plugins/event_listener.py
[2023-08-12T04:36:33.443+0000] {processor.py:179} INFO - Processing /home/airflow/.local/lib/python3.10/site-packages/airflow/example_dags/plugins/event_listener.py took 0.008 seconds
[2023-08-12T04:37:03.827+0000] {processor.py:157} INFO - Started process (PID=912) to work on /home/airflow/.local/lib/python3.10/site-packages/airflow/example_dags/plugins/event_listener.py
[2023-08-12T04:37:03.828+0000] {processor.py:826} INFO - Processing file /home/airflow/.local/lib/python3.10/site-packages/airflow/example_dags/plugins/event_listener.py for tasks to queue
[2023-08-12T04:37:03.828+0000] {logging_mixin.py:149} INFO - [2023-08-12T04:37:03.828+0000] {dagbag.py:541} INFO - Filling up the DagBag from /home/airflow/.local/lib/python3.10/site-packages/airflow/example_dags/plugins/event_listener.py
[2023-08-12T04:37:03.829+0000] {processor.py:838} WARNING - No viable dags retrieved from /home/airflow/.local/lib/python3.10/site-packages/airflow/example_dags/plugins/event_listener.py
[2023-08-12T04:37:03.834+0000] {processor.py:179} INFO - Processing /home/airflow/.local/lib/python3.10/site-packages/airflow/example_dags/plugins/event_listener.py took 0.009 seconds
[2023-08-12T04:37:34.318+0000] {processor.py:157} INFO - Started process (PID=989) to work on /home/airflow/.local/lib/python3.10/site-packages/airflow/example_dags/plugins/event_listener.py
[2023-08-12T04:37:34.319+0000] {processor.py:826} INFO - Processing file /home/airflow/.local/lib/python3.10/site-packages/airflow/example_dags/plugins/event_listener.py for tasks to queue
[2023-08-12T04:37:34.319+0000] {logging_mixin.py:149} INFO - [2023-08-12T04:37:34.319+0000] {dagbag.py:541} INFO - Filling up the DagBag from /home/airflow/.local/lib/python3.10/site-packages/airflow/example_dags/plugins/event_listener.py
[2023-08-12T04:37:34.320+0000] {processor.py:838} WARNING - No viable dags retrieved from /home/airflow/.local/lib/python3.10/site-packages/airflow/example_dags/plugins/event_listener.py
[2023-08-12T04:37:34.325+0000] {processor.py:179} INFO - Processing /home/airflow/.local/lib/python3.10/site-packages/airflow/example_dags/plugins/event_listener.py took 0.008 seconds
[2023-08-12T04:38:04.909+0000] {processor.py:157} INFO - Started process (PID=1066) to work on /home/airflow/.local/lib/python3.10/site-packages/airflow/example_dags/plugins/event_listener.py
[2023-08-12T04:38:04.909+0000] {processor.py:826} INFO - Processing file /home/airflow/.local/lib/python3.10/site-packages/airflow/example_dags/plugins/event_listener.py for tasks to queue
[2023-08-12T04:38:04.909+0000] {logging_mixin.py:149} INFO - [2023-08-12T04:38:04.909+0000] {dagbag.py:541} INFO - Filling up the DagBag from /home/airflow/.local/lib/python3.10/site-packages/airflow/example_dags/plugins/event_listener.py
[2023-08-12T04:38:04.910+0000] {processor.py:838} WARNING - No viable dags retrieved from /home/airflow/.local/lib/python3.10/site-packages/airflow/example_dags/plugins/event_listener.py
[2023-08-12T04:38:04.917+0000] {processor.py:179} INFO - Processing /home/airflow/.local/lib/python3.10/site-packages/airflow/example_dags/plugins/event_listener.py took 0.009 seconds
[2023-08-12T04:38:35.335+0000] {processor.py:157} INFO - Started process (PID=1142) to work on /home/airflow/.local/lib/python3.10/site-packages/airflow/example_dags/plugins/event_listener.py
[2023-08-12T04:38:35.335+0000] {processor.py:826} INFO - Processing file /home/airflow/.local/lib/python3.10/site-packages/airflow/example_dags/plugins/event_listener.py for tasks to queue
[2023-08-12T04:38:35.336+0000] {logging_mixin.py:149} INFO - [2023-08-12T04:38:35.336+0000] {dagbag.py:541} INFO - Filling up the DagBag from /home/airflow/.local/lib/python3.10/site-packages/airflow/example_dags/plugins/event_listener.py
[2023-08-12T04:38:35.336+0000] {processor.py:838} WARNING - No viable dags retrieved from /home/airflow/.local/lib/python3.10/site-packages/airflow/example_dags/plugins/event_listener.py
[2023-08-12T04:38:35.342+0000] {processor.py:179} INFO - Processing /home/airflow/.local/lib/python3.10/site-packages/airflow/example_dags/plugins/event_listener.py took 0.009 seconds
[2023-08-12T04:39:05.638+0000] {processor.py:157} INFO - Started process (PID=1219) to work on /home/airflow/.local/lib/python3.10/site-packages/airflow/example_dags/plugins/event_listener.py
[2023-08-12T04:39:05.638+0000] {processor.py:826} INFO - Processing file /home/airflow/.local/lib/python3.10/site-packages/airflow/example_dags/plugins/event_listener.py for tasks to queue
[2023-08-12T04:39:05.638+0000] {logging_mixin.py:149} INFO - [2023-08-12T04:39:05.638+0000] {dagbag.py:541} INFO - Filling up the DagBag from /home/airflow/.local/lib/python3.10/site-packages/airflow/example_dags/plugins/event_listener.py
[2023-08-12T04:39:05.639+0000] {processor.py:838} WARNING - No viable dags retrieved from /home/airflow/.local/lib/python3.10/site-packages/airflow/example_dags/plugins/event_listener.py
[2023-08-12T04:39:05.644+0000] {processor.py:179} INFO - Processing /home/airflow/.local/lib/python3.10/site-packages/airflow/example_dags/plugins/event_listener.py took 0.008 seconds
[2023-08-12T04:39:36.048+0000] {processor.py:157} INFO - Started process (PID=1296) to work on /home/airflow/.local/lib/python3.10/site-packages/airflow/example_dags/plugins/event_listener.py
[2023-08-12T04:39:36.049+0000] {processor.py:826} INFO - Processing file /home/airflow/.local/lib/python3.10/site-packages/airflow/example_dags/plugins/event_listener.py for tasks to queue
[2023-08-12T04:39:36.049+0000] {logging_mixin.py:149} INFO - [2023-08-12T04:39:36.049+0000] {dagbag.py:541} INFO - Filling up the DagBag from /home/airflow/.local/lib/python3.10/site-packages/airflow/example_dags/plugins/event_listener.py
[2023-08-12T04:39:36.050+0000] {processor.py:838} WARNING - No viable dags retrieved from /home/airflow/.local/lib/python3.10/site-packages/airflow/example_dags/plugins/event_listener.py
[2023-08-12T04:39:36.055+0000] {processor.py:179} INFO - Processing /home/airflow/.local/lib/python3.10/site-packages/airflow/example_dags/plugins/event_listener.py took 0.009 seconds
[2023-08-12T04:40:06.374+0000] {processor.py:157} INFO - Started process (PID=1373) to work on /home/airflow/.local/lib/python3.10/site-packages/airflow/example_dags/plugins/event_listener.py
[2023-08-12T04:40:06.374+0000] {processor.py:826} INFO - Processing file /home/airflow/.local/lib/python3.10/site-packages/airflow/example_dags/plugins/event_listener.py for tasks to queue
[2023-08-12T04:40:06.374+0000] {logging_mixin.py:149} INFO - [2023-08-12T04:40:06.374+0000] {dagbag.py:541} INFO - Filling up the DagBag from /home/airflow/.local/lib/python3.10/site-packages/airflow/example_dags/plugins/event_listener.py
[2023-08-12T04:40:06.375+0000] {processor.py:838} WARNING - No viable dags retrieved from /home/airflow/.local/lib/python3.10/site-packages/airflow/example_dags/plugins/event_listener.py
[2023-08-12T04:40:06.380+0000] {processor.py:179} INFO - Processing /home/airflow/.local/lib/python3.10/site-packages/airflow/example_dags/plugins/event_listener.py took 0.008 seconds
[2023-08-12T04:40:36.771+0000] {processor.py:157} INFO - Started process (PID=1450) to work on /home/airflow/.local/lib/python3.10/site-packages/airflow/example_dags/plugins/event_listener.py
[2023-08-12T04:40:36.771+0000] {processor.py:826} INFO - Processing file /home/airflow/.local/lib/python3.10/site-packages/airflow/example_dags/plugins/event_listener.py for tasks to queue
[2023-08-12T04:40:36.772+0000] {logging_mixin.py:149} INFO - [2023-08-12T04:40:36.772+0000] {dagbag.py:541} INFO - Filling up the DagBag from /home/airflow/.local/lib/python3.10/site-packages/airflow/example_dags/plugins/event_listener.py
[2023-08-12T04:40:36.772+0000] {processor.py:838} WARNING - No viable dags retrieved from /home/airflow/.local/lib/python3.10/site-packages/airflow/example_dags/plugins/event_listener.py
[2023-08-12T04:40:36.777+0000] {processor.py:179} INFO - Processing /home/airflow/.local/lib/python3.10/site-packages/airflow/example_dags/plugins/event_listener.py took 0.008 seconds
[2023-08-12T04:41:07.177+0000] {processor.py:157} INFO - Started process (PID=1526) to work on /home/airflow/.local/lib/python3.10/site-packages/airflow/example_dags/plugins/event_listener.py
[2023-08-12T04:41:07.177+0000] {processor.py:826} INFO - Processing file /home/airflow/.local/lib/python3.10/site-packages/airflow/example_dags/plugins/event_listener.py for tasks to queue
[2023-08-12T04:41:07.178+0000] {logging_mixin.py:149} INFO - [2023-08-12T04:41:07.178+0000] {dagbag.py:541} INFO - Filling up the DagBag from /home/airflow/.local/lib/python3.10/site-packages/airflow/example_dags/plugins/event_listener.py
[2023-08-12T04:41:07.178+0000] {processor.py:838} WARNING - No viable dags retrieved from /home/airflow/.local/lib/python3.10/site-packages/airflow/example_dags/plugins/event_listener.py
[2023-08-12T04:41:07.183+0000] {processor.py:179} INFO - Processing /home/airflow/.local/lib/python3.10/site-packages/airflow/example_dags/plugins/event_listener.py took 0.007 seconds
[2023-08-12T04:41:37.767+0000] {processor.py:157} INFO - Started process (PID=1605) to work on /home/airflow/.local/lib/python3.10/site-packages/airflow/example_dags/plugins/event_listener.py
[2023-08-12T04:41:37.768+0000] {processor.py:826} INFO - Processing file /home/airflow/.local/lib/python3.10/site-packages/airflow/example_dags/plugins/event_listener.py for tasks to queue
[2023-08-12T04:41:37.768+0000] {logging_mixin.py:149} INFO - [2023-08-12T04:41:37.768+0000] {dagbag.py:541} INFO - Filling up the DagBag from /home/airflow/.local/lib/python3.10/site-packages/airflow/example_dags/plugins/event_listener.py
[2023-08-12T04:41:37.769+0000] {processor.py:838} WARNING - No viable dags retrieved from /home/airflow/.local/lib/python3.10/site-packages/airflow/example_dags/plugins/event_listener.py
[2023-08-12T04:41:37.774+0000] {processor.py:179} INFO - Processing /home/airflow/.local/lib/python3.10/site-packages/airflow/example_dags/plugins/event_listener.py took 0.008 seconds
[2023-08-12T04:42:08.173+0000] {processor.py:157} INFO - Started process (PID=1681) to work on /home/airflow/.local/lib/python3.10/site-packages/airflow/example_dags/plugins/event_listener.py
[2023-08-12T04:42:08.174+0000] {processor.py:826} INFO - Processing file /home/airflow/.local/lib/python3.10/site-packages/airflow/example_dags/plugins/event_listener.py for tasks to queue
[2023-08-12T04:42:08.174+0000] {logging_mixin.py:149} INFO - [2023-08-12T04:42:08.174+0000] {dagbag.py:541} INFO - Filling up the DagBag from /home/airflow/.local/lib/python3.10/site-packages/airflow/example_dags/plugins/event_listener.py
[2023-08-12T04:42:08.175+0000] {processor.py:838} WARNING - No viable dags retrieved from /home/airflow/.local/lib/python3.10/site-packages/airflow/example_dags/plugins/event_listener.py
[2023-08-12T04:42:08.180+0000] {processor.py:179} INFO - Processing /home/airflow/.local/lib/python3.10/site-packages/airflow/example_dags/plugins/event_listener.py took 0.008 seconds
[2023-08-12T04:42:38.691+0000] {processor.py:157} INFO - Started process (PID=1759) to work on /home/airflow/.local/lib/python3.10/site-packages/airflow/example_dags/plugins/event_listener.py
[2023-08-12T04:42:38.691+0000] {processor.py:826} INFO - Processing file /home/airflow/.local/lib/python3.10/site-packages/airflow/example_dags/plugins/event_listener.py for tasks to queue
[2023-08-12T04:42:38.691+0000] {logging_mixin.py:149} INFO - [2023-08-12T04:42:38.691+0000] {dagbag.py:541} INFO - Filling up the DagBag from /home/airflow/.local/lib/python3.10/site-packages/airflow/example_dags/plugins/event_listener.py
[2023-08-12T04:42:38.692+0000] {processor.py:838} WARNING - No viable dags retrieved from /home/airflow/.local/lib/python3.10/site-packages/airflow/example_dags/plugins/event_listener.py
[2023-08-12T04:42:38.697+0000] {processor.py:179} INFO - Processing /home/airflow/.local/lib/python3.10/site-packages/airflow/example_dags/plugins/event_listener.py took 0.008 seconds
[2023-08-12T04:43:09.076+0000] {processor.py:157} INFO - Started process (PID=1836) to work on /home/airflow/.local/lib/python3.10/site-packages/airflow/example_dags/plugins/event_listener.py
[2023-08-12T04:43:09.077+0000] {processor.py:826} INFO - Processing file /home/airflow/.local/lib/python3.10/site-packages/airflow/example_dags/plugins/event_listener.py for tasks to queue
[2023-08-12T04:43:09.077+0000] {logging_mixin.py:149} INFO - [2023-08-12T04:43:09.077+0000] {dagbag.py:541} INFO - Filling up the DagBag from /home/airflow/.local/lib/python3.10/site-packages/airflow/example_dags/plugins/event_listener.py
[2023-08-12T04:43:09.078+0000] {processor.py:838} WARNING - No viable dags retrieved from /home/airflow/.local/lib/python3.10/site-packages/airflow/example_dags/plugins/event_listener.py
[2023-08-12T04:43:09.083+0000] {processor.py:179} INFO - Processing /home/airflow/.local/lib/python3.10/site-packages/airflow/example_dags/plugins/event_listener.py took 0.008 seconds
[2023-08-12T04:43:39.421+0000] {processor.py:157} INFO - Started process (PID=1912) to work on /home/airflow/.local/lib/python3.10/site-packages/airflow/example_dags/plugins/event_listener.py
[2023-08-12T04:43:39.421+0000] {processor.py:826} INFO - Processing file /home/airflow/.local/lib/python3.10/site-packages/airflow/example_dags/plugins/event_listener.py for tasks to queue
[2023-08-12T04:43:39.422+0000] {logging_mixin.py:149} INFO - [2023-08-12T04:43:39.422+0000] {dagbag.py:541} INFO - Filling up the DagBag from /home/airflow/.local/lib/python3.10/site-packages/airflow/example_dags/plugins/event_listener.py
[2023-08-12T04:43:39.422+0000] {processor.py:838} WARNING - No viable dags retrieved from /home/airflow/.local/lib/python3.10/site-packages/airflow/example_dags/plugins/event_listener.py
[2023-08-12T04:43:39.427+0000] {processor.py:179} INFO - Processing /home/airflow/.local/lib/python3.10/site-packages/airflow/example_dags/plugins/event_listener.py took 0.007 seconds
[2023-08-12T04:44:09.771+0000] {processor.py:157} INFO - Started process (PID=1989) to work on /home/airflow/.local/lib/python3.10/site-packages/airflow/example_dags/plugins/event_listener.py
[2023-08-12T04:44:09.771+0000] {processor.py:826} INFO - Processing file /home/airflow/.local/lib/python3.10/site-packages/airflow/example_dags/plugins/event_listener.py for tasks to queue
[2023-08-12T04:44:09.771+0000] {logging_mixin.py:149} INFO - [2023-08-12T04:44:09.771+0000] {dagbag.py:541} INFO - Filling up the DagBag from /home/airflow/.local/lib/python3.10/site-packages/airflow/example_dags/plugins/event_listener.py
[2023-08-12T04:44:09.772+0000] {processor.py:838} WARNING - No viable dags retrieved from /home/airflow/.local/lib/python3.10/site-packages/airflow/example_dags/plugins/event_listener.py
[2023-08-12T04:44:09.777+0000] {processor.py:179} INFO - Processing /home/airflow/.local/lib/python3.10/site-packages/airflow/example_dags/plugins/event_listener.py took 0.008 seconds
[2023-08-12T04:44:40.217+0000] {processor.py:157} INFO - Started process (PID=2065) to work on /home/airflow/.local/lib/python3.10/site-packages/airflow/example_dags/plugins/event_listener.py
[2023-08-12T04:44:40.217+0000] {processor.py:826} INFO - Processing file /home/airflow/.local/lib/python3.10/site-packages/airflow/example_dags/plugins/event_listener.py for tasks to queue
[2023-08-12T04:44:40.218+0000] {logging_mixin.py:149} INFO - [2023-08-12T04:44:40.218+0000] {dagbag.py:541} INFO - Filling up the DagBag from /home/airflow/.local/lib/python3.10/site-packages/airflow/example_dags/plugins/event_listener.py
[2023-08-12T04:44:40.218+0000] {processor.py:838} WARNING - No viable dags retrieved from /home/airflow/.local/lib/python3.10/site-packages/airflow/example_dags/plugins/event_listener.py
[2023-08-12T04:44:40.223+0000] {processor.py:179} INFO - Processing /home/airflow/.local/lib/python3.10/site-packages/airflow/example_dags/plugins/event_listener.py took 0.007 seconds
[2023-08-12T04:45:10.600+0000] {processor.py:157} INFO - Started process (PID=2142) to work on /home/airflow/.local/lib/python3.10/site-packages/airflow/example_dags/plugins/event_listener.py
[2023-08-12T04:45:10.600+0000] {processor.py:826} INFO - Processing file /home/airflow/.local/lib/python3.10/site-packages/airflow/example_dags/plugins/event_listener.py for tasks to queue
[2023-08-12T04:45:10.600+0000] {logging_mixin.py:149} INFO - [2023-08-12T04:45:10.600+0000] {dagbag.py:541} INFO - Filling up the DagBag from /home/airflow/.local/lib/python3.10/site-packages/airflow/example_dags/plugins/event_listener.py
[2023-08-12T04:45:10.601+0000] {processor.py:838} WARNING - No viable dags retrieved from /home/airflow/.local/lib/python3.10/site-packages/airflow/example_dags/plugins/event_listener.py
[2023-08-12T04:45:10.606+0000] {processor.py:179} INFO - Processing /home/airflow/.local/lib/python3.10/site-packages/airflow/example_dags/plugins/event_listener.py took 0.008 seconds
[2023-08-12T04:45:40.977+0000] {processor.py:157} INFO - Started process (PID=2219) to work on /home/airflow/.local/lib/python3.10/site-packages/airflow/example_dags/plugins/event_listener.py
[2023-08-12T04:45:40.977+0000] {processor.py:826} INFO - Processing file /home/airflow/.local/lib/python3.10/site-packages/airflow/example_dags/plugins/event_listener.py for tasks to queue
[2023-08-12T04:45:40.977+0000] {logging_mixin.py:149} INFO - [2023-08-12T04:45:40.977+0000] {dagbag.py:541} INFO - Filling up the DagBag from /home/airflow/.local/lib/python3.10/site-packages/airflow/example_dags/plugins/event_listener.py
[2023-08-12T04:45:40.978+0000] {processor.py:838} WARNING - No viable dags retrieved from /home/airflow/.local/lib/python3.10/site-packages/airflow/example_dags/plugins/event_listener.py
[2023-08-12T04:45:40.983+0000] {processor.py:179} INFO - Processing /home/airflow/.local/lib/python3.10/site-packages/airflow/example_dags/plugins/event_listener.py took 0.008 seconds
[2023-08-12T04:46:11.336+0000] {processor.py:157} INFO - Started process (PID=2295) to work on /home/airflow/.local/lib/python3.10/site-packages/airflow/example_dags/plugins/event_listener.py
[2023-08-12T04:46:11.337+0000] {processor.py:826} INFO - Processing file /home/airflow/.local/lib/python3.10/site-packages/airflow/example_dags/plugins/event_listener.py for tasks to queue
[2023-08-12T04:46:11.337+0000] {logging_mixin.py:149} INFO - [2023-08-12T04:46:11.337+0000] {dagbag.py:541} INFO - Filling up the DagBag from /home/airflow/.local/lib/python3.10/site-packages/airflow/example_dags/plugins/event_listener.py
[2023-08-12T04:46:11.338+0000] {processor.py:838} WARNING - No viable dags retrieved from /home/airflow/.local/lib/python3.10/site-packages/airflow/example_dags/plugins/event_listener.py
[2023-08-12T04:46:11.342+0000] {processor.py:179} INFO - Processing /home/airflow/.local/lib/python3.10/site-packages/airflow/example_dags/plugins/event_listener.py took 0.007 seconds
[2023-08-12T04:46:41.868+0000] {processor.py:157} INFO - Started process (PID=2373) to work on /home/airflow/.local/lib/python3.10/site-packages/airflow/example_dags/plugins/event_listener.py
[2023-08-12T04:46:41.868+0000] {processor.py:826} INFO - Processing file /home/airflow/.local/lib/python3.10/site-packages/airflow/example_dags/plugins/event_listener.py for tasks to queue
[2023-08-12T04:46:41.868+0000] {logging_mixin.py:149} INFO - [2023-08-12T04:46:41.868+0000] {dagbag.py:541} INFO - Filling up the DagBag from /home/airflow/.local/lib/python3.10/site-packages/airflow/example_dags/plugins/event_listener.py
[2023-08-12T04:46:41.869+0000] {processor.py:838} WARNING - No viable dags retrieved from /home/airflow/.local/lib/python3.10/site-packages/airflow/example_dags/plugins/event_listener.py
[2023-08-12T04:46:41.874+0000] {processor.py:179} INFO - Processing /home/airflow/.local/lib/python3.10/site-packages/airflow/example_dags/plugins/event_listener.py took 0.007 seconds
[2023-08-12T04:47:36.050+0000] {processor.py:157} INFO - Started process (PID=67) to work on /home/airflow/.local/lib/python3.10/site-packages/airflow/example_dags/plugins/event_listener.py
[2023-08-12T04:47:36.050+0000] {processor.py:826} INFO - Processing file /home/airflow/.local/lib/python3.10/site-packages/airflow/example_dags/plugins/event_listener.py for tasks to queue
[2023-08-12T04:47:36.051+0000] {logging_mixin.py:149} INFO - [2023-08-12T04:47:36.051+0000] {dagbag.py:541} INFO - Filling up the DagBag from /home/airflow/.local/lib/python3.10/site-packages/airflow/example_dags/plugins/event_listener.py
[2023-08-12T04:47:36.052+0000] {processor.py:838} WARNING - No viable dags retrieved from /home/airflow/.local/lib/python3.10/site-packages/airflow/example_dags/plugins/event_listener.py
[2023-08-12T04:47:36.057+0000] {processor.py:179} INFO - Processing /home/airflow/.local/lib/python3.10/site-packages/airflow/example_dags/plugins/event_listener.py took 0.009 seconds
[2023-08-12T04:48:06.167+0000] {processor.py:157} INFO - Started process (PID=144) to work on /home/airflow/.local/lib/python3.10/site-packages/airflow/example_dags/plugins/event_listener.py
[2023-08-12T04:48:06.167+0000] {processor.py:826} INFO - Processing file /home/airflow/.local/lib/python3.10/site-packages/airflow/example_dags/plugins/event_listener.py for tasks to queue
[2023-08-12T04:48:06.167+0000] {logging_mixin.py:149} INFO - [2023-08-12T04:48:06.167+0000] {dagbag.py:541} INFO - Filling up the DagBag from /home/airflow/.local/lib/python3.10/site-packages/airflow/example_dags/plugins/event_listener.py
[2023-08-12T04:48:06.168+0000] {processor.py:838} WARNING - No viable dags retrieved from /home/airflow/.local/lib/python3.10/site-packages/airflow/example_dags/plugins/event_listener.py
[2023-08-12T04:48:06.173+0000] {processor.py:179} INFO - Processing /home/airflow/.local/lib/python3.10/site-packages/airflow/example_dags/plugins/event_listener.py took 0.008 seconds
[2023-08-12T04:48:36.483+0000] {processor.py:157} INFO - Started process (PID=221) to work on /home/airflow/.local/lib/python3.10/site-packages/airflow/example_dags/plugins/event_listener.py
[2023-08-12T04:48:36.483+0000] {processor.py:826} INFO - Processing file /home/airflow/.local/lib/python3.10/site-packages/airflow/example_dags/plugins/event_listener.py for tasks to queue
[2023-08-12T04:48:36.484+0000] {logging_mixin.py:149} INFO - [2023-08-12T04:48:36.484+0000] {dagbag.py:541} INFO - Filling up the DagBag from /home/airflow/.local/lib/python3.10/site-packages/airflow/example_dags/plugins/event_listener.py
[2023-08-12T04:48:36.484+0000] {processor.py:838} WARNING - No viable dags retrieved from /home/airflow/.local/lib/python3.10/site-packages/airflow/example_dags/plugins/event_listener.py
[2023-08-12T04:48:36.490+0000] {processor.py:179} INFO - Processing /home/airflow/.local/lib/python3.10/site-packages/airflow/example_dags/plugins/event_listener.py took 0.008 seconds
[2023-08-12T04:49:06.851+0000] {processor.py:157} INFO - Started process (PID=298) to work on /home/airflow/.local/lib/python3.10/site-packages/airflow/example_dags/plugins/event_listener.py
[2023-08-12T04:49:06.851+0000] {processor.py:826} INFO - Processing file /home/airflow/.local/lib/python3.10/site-packages/airflow/example_dags/plugins/event_listener.py for tasks to queue
[2023-08-12T04:49:06.851+0000] {logging_mixin.py:149} INFO - [2023-08-12T04:49:06.851+0000] {dagbag.py:541} INFO - Filling up the DagBag from /home/airflow/.local/lib/python3.10/site-packages/airflow/example_dags/plugins/event_listener.py
[2023-08-12T04:49:06.852+0000] {processor.py:838} WARNING - No viable dags retrieved from /home/airflow/.local/lib/python3.10/site-packages/airflow/example_dags/plugins/event_listener.py
[2023-08-12T04:49:06.857+0000] {processor.py:179} INFO - Processing /home/airflow/.local/lib/python3.10/site-packages/airflow/example_dags/plugins/event_listener.py took 0.008 seconds
[2023-08-12T04:49:37.062+0000] {processor.py:157} INFO - Started process (PID=376) to work on /home/airflow/.local/lib/python3.10/site-packages/airflow/example_dags/plugins/event_listener.py
[2023-08-12T04:49:37.063+0000] {processor.py:826} INFO - Processing file /home/airflow/.local/lib/python3.10/site-packages/airflow/example_dags/plugins/event_listener.py for tasks to queue
[2023-08-12T04:49:37.063+0000] {logging_mixin.py:149} INFO - [2023-08-12T04:49:37.063+0000] {dagbag.py:541} INFO - Filling up the DagBag from /home/airflow/.local/lib/python3.10/site-packages/airflow/example_dags/plugins/event_listener.py
[2023-08-12T04:49:37.064+0000] {processor.py:838} WARNING - No viable dags retrieved from /home/airflow/.local/lib/python3.10/site-packages/airflow/example_dags/plugins/event_listener.py
[2023-08-12T04:49:37.069+0000] {processor.py:179} INFO - Processing /home/airflow/.local/lib/python3.10/site-packages/airflow/example_dags/plugins/event_listener.py took 0.008 seconds
[2023-08-12T04:50:07.666+0000] {processor.py:157} INFO - Started process (PID=453) to work on /home/airflow/.local/lib/python3.10/site-packages/airflow/example_dags/plugins/event_listener.py
[2023-08-12T04:50:07.666+0000] {processor.py:826} INFO - Processing file /home/airflow/.local/lib/python3.10/site-packages/airflow/example_dags/plugins/event_listener.py for tasks to queue
[2023-08-12T04:50:07.666+0000] {logging_mixin.py:149} INFO - [2023-08-12T04:50:07.666+0000] {dagbag.py:541} INFO - Filling up the DagBag from /home/airflow/.local/lib/python3.10/site-packages/airflow/example_dags/plugins/event_listener.py
[2023-08-12T04:50:07.667+0000] {processor.py:838} WARNING - No viable dags retrieved from /home/airflow/.local/lib/python3.10/site-packages/airflow/example_dags/plugins/event_listener.py
[2023-08-12T04:50:07.673+0000] {processor.py:179} INFO - Processing /home/airflow/.local/lib/python3.10/site-packages/airflow/example_dags/plugins/event_listener.py took 0.009 seconds
[2023-08-12T04:50:37.918+0000] {processor.py:157} INFO - Started process (PID=530) to work on /home/airflow/.local/lib/python3.10/site-packages/airflow/example_dags/plugins/event_listener.py
[2023-08-12T04:50:37.919+0000] {processor.py:826} INFO - Processing file /home/airflow/.local/lib/python3.10/site-packages/airflow/example_dags/plugins/event_listener.py for tasks to queue
[2023-08-12T04:50:37.919+0000] {logging_mixin.py:149} INFO - [2023-08-12T04:50:37.919+0000] {dagbag.py:541} INFO - Filling up the DagBag from /home/airflow/.local/lib/python3.10/site-packages/airflow/example_dags/plugins/event_listener.py
[2023-08-12T04:50:37.920+0000] {processor.py:838} WARNING - No viable dags retrieved from /home/airflow/.local/lib/python3.10/site-packages/airflow/example_dags/plugins/event_listener.py
[2023-08-12T04:50:37.925+0000] {processor.py:179} INFO - Processing /home/airflow/.local/lib/python3.10/site-packages/airflow/example_dags/plugins/event_listener.py took 0.008 seconds
[2023-08-12T04:51:08.290+0000] {processor.py:157} INFO - Started process (PID=606) to work on /home/airflow/.local/lib/python3.10/site-packages/airflow/example_dags/plugins/event_listener.py
[2023-08-12T04:51:08.291+0000] {processor.py:826} INFO - Processing file /home/airflow/.local/lib/python3.10/site-packages/airflow/example_dags/plugins/event_listener.py for tasks to queue
[2023-08-12T04:51:08.291+0000] {logging_mixin.py:149} INFO - [2023-08-12T04:51:08.291+0000] {dagbag.py:541} INFO - Filling up the DagBag from /home/airflow/.local/lib/python3.10/site-packages/airflow/example_dags/plugins/event_listener.py
[2023-08-12T04:51:08.292+0000] {processor.py:838} WARNING - No viable dags retrieved from /home/airflow/.local/lib/python3.10/site-packages/airflow/example_dags/plugins/event_listener.py
[2023-08-12T04:51:08.297+0000] {processor.py:179} INFO - Processing /home/airflow/.local/lib/python3.10/site-packages/airflow/example_dags/plugins/event_listener.py took 0.008 seconds
[2023-08-12T04:51:38.699+0000] {processor.py:157} INFO - Started process (PID=683) to work on /home/airflow/.local/lib/python3.10/site-packages/airflow/example_dags/plugins/event_listener.py
[2023-08-12T04:51:38.699+0000] {processor.py:826} INFO - Processing file /home/airflow/.local/lib/python3.10/site-packages/airflow/example_dags/plugins/event_listener.py for tasks to queue
[2023-08-12T04:51:38.699+0000] {logging_mixin.py:149} INFO - [2023-08-12T04:51:38.699+0000] {dagbag.py:541} INFO - Filling up the DagBag from /home/airflow/.local/lib/python3.10/site-packages/airflow/example_dags/plugins/event_listener.py
[2023-08-12T04:51:38.700+0000] {processor.py:838} WARNING - No viable dags retrieved from /home/airflow/.local/lib/python3.10/site-packages/airflow/example_dags/plugins/event_listener.py
[2023-08-12T04:51:38.704+0000] {processor.py:179} INFO - Processing /home/airflow/.local/lib/python3.10/site-packages/airflow/example_dags/plugins/event_listener.py took 0.007 seconds
[2023-08-12T04:52:09.122+0000] {processor.py:157} INFO - Started process (PID=760) to work on /home/airflow/.local/lib/python3.10/site-packages/airflow/example_dags/plugins/event_listener.py
[2023-08-12T04:52:09.123+0000] {processor.py:826} INFO - Processing file /home/airflow/.local/lib/python3.10/site-packages/airflow/example_dags/plugins/event_listener.py for tasks to queue
[2023-08-12T04:52:09.123+0000] {logging_mixin.py:149} INFO - [2023-08-12T04:52:09.123+0000] {dagbag.py:541} INFO - Filling up the DagBag from /home/airflow/.local/lib/python3.10/site-packages/airflow/example_dags/plugins/event_listener.py
[2023-08-12T04:52:09.124+0000] {processor.py:838} WARNING - No viable dags retrieved from /home/airflow/.local/lib/python3.10/site-packages/airflow/example_dags/plugins/event_listener.py
[2023-08-12T04:52:09.129+0000] {processor.py:179} INFO - Processing /home/airflow/.local/lib/python3.10/site-packages/airflow/example_dags/plugins/event_listener.py took 0.008 seconds
[2023-08-12T04:52:39.635+0000] {processor.py:157} INFO - Started process (PID=837) to work on /home/airflow/.local/lib/python3.10/site-packages/airflow/example_dags/plugins/event_listener.py
[2023-08-12T04:52:39.635+0000] {processor.py:826} INFO - Processing file /home/airflow/.local/lib/python3.10/site-packages/airflow/example_dags/plugins/event_listener.py for tasks to queue
[2023-08-12T04:52:39.635+0000] {logging_mixin.py:149} INFO - [2023-08-12T04:52:39.635+0000] {dagbag.py:541} INFO - Filling up the DagBag from /home/airflow/.local/lib/python3.10/site-packages/airflow/example_dags/plugins/event_listener.py
[2023-08-12T04:52:39.636+0000] {processor.py:838} WARNING - No viable dags retrieved from /home/airflow/.local/lib/python3.10/site-packages/airflow/example_dags/plugins/event_listener.py
[2023-08-12T04:52:39.640+0000] {processor.py:179} INFO - Processing /home/airflow/.local/lib/python3.10/site-packages/airflow/example_dags/plugins/event_listener.py took 0.007 seconds
[2023-08-12T04:53:26.156+0000] {processor.py:157} INFO - Started process (PID=67) to work on /home/airflow/.local/lib/python3.10/site-packages/airflow/example_dags/plugins/event_listener.py
[2023-08-12T04:53:26.156+0000] {processor.py:826} INFO - Processing file /home/airflow/.local/lib/python3.10/site-packages/airflow/example_dags/plugins/event_listener.py for tasks to queue
[2023-08-12T04:53:26.156+0000] {logging_mixin.py:149} INFO - [2023-08-12T04:53:26.156+0000] {dagbag.py:541} INFO - Filling up the DagBag from /home/airflow/.local/lib/python3.10/site-packages/airflow/example_dags/plugins/event_listener.py
[2023-08-12T04:53:26.158+0000] {processor.py:838} WARNING - No viable dags retrieved from /home/airflow/.local/lib/python3.10/site-packages/airflow/example_dags/plugins/event_listener.py
[2023-08-12T04:53:26.163+0000] {processor.py:179} INFO - Processing /home/airflow/.local/lib/python3.10/site-packages/airflow/example_dags/plugins/event_listener.py took 0.009 seconds
[2023-08-12T04:53:56.287+0000] {processor.py:157} INFO - Started process (PID=145) to work on /home/airflow/.local/lib/python3.10/site-packages/airflow/example_dags/plugins/event_listener.py
[2023-08-12T04:53:56.287+0000] {processor.py:826} INFO - Processing file /home/airflow/.local/lib/python3.10/site-packages/airflow/example_dags/plugins/event_listener.py for tasks to queue
[2023-08-12T04:53:56.287+0000] {logging_mixin.py:149} INFO - [2023-08-12T04:53:56.287+0000] {dagbag.py:541} INFO - Filling up the DagBag from /home/airflow/.local/lib/python3.10/site-packages/airflow/example_dags/plugins/event_listener.py
[2023-08-12T04:53:56.288+0000] {processor.py:838} WARNING - No viable dags retrieved from /home/airflow/.local/lib/python3.10/site-packages/airflow/example_dags/plugins/event_listener.py
[2023-08-12T04:53:56.293+0000] {processor.py:179} INFO - Processing /home/airflow/.local/lib/python3.10/site-packages/airflow/example_dags/plugins/event_listener.py took 0.008 seconds
[2023-08-12T04:54:26.634+0000] {processor.py:157} INFO - Started process (PID=221) to work on /home/airflow/.local/lib/python3.10/site-packages/airflow/example_dags/plugins/event_listener.py
[2023-08-12T04:54:26.634+0000] {processor.py:826} INFO - Processing file /home/airflow/.local/lib/python3.10/site-packages/airflow/example_dags/plugins/event_listener.py for tasks to queue
[2023-08-12T04:54:26.634+0000] {logging_mixin.py:149} INFO - [2023-08-12T04:54:26.634+0000] {dagbag.py:541} INFO - Filling up the DagBag from /home/airflow/.local/lib/python3.10/site-packages/airflow/example_dags/plugins/event_listener.py
[2023-08-12T04:54:26.635+0000] {processor.py:838} WARNING - No viable dags retrieved from /home/airflow/.local/lib/python3.10/site-packages/airflow/example_dags/plugins/event_listener.py
[2023-08-12T04:54:26.640+0000] {processor.py:179} INFO - Processing /home/airflow/.local/lib/python3.10/site-packages/airflow/example_dags/plugins/event_listener.py took 0.007 seconds
[2023-08-12T04:54:57.013+0000] {processor.py:157} INFO - Started process (PID=298) to work on /home/airflow/.local/lib/python3.10/site-packages/airflow/example_dags/plugins/event_listener.py
[2023-08-12T04:54:57.013+0000] {processor.py:826} INFO - Processing file /home/airflow/.local/lib/python3.10/site-packages/airflow/example_dags/plugins/event_listener.py for tasks to queue
[2023-08-12T04:54:57.013+0000] {logging_mixin.py:149} INFO - [2023-08-12T04:54:57.013+0000] {dagbag.py:541} INFO - Filling up the DagBag from /home/airflow/.local/lib/python3.10/site-packages/airflow/example_dags/plugins/event_listener.py
[2023-08-12T04:54:57.014+0000] {processor.py:838} WARNING - No viable dags retrieved from /home/airflow/.local/lib/python3.10/site-packages/airflow/example_dags/plugins/event_listener.py
[2023-08-12T04:54:57.019+0000] {processor.py:179} INFO - Processing /home/airflow/.local/lib/python3.10/site-packages/airflow/example_dags/plugins/event_listener.py took 0.008 seconds
[2023-08-12T04:55:27.431+0000] {processor.py:157} INFO - Started process (PID=376) to work on /home/airflow/.local/lib/python3.10/site-packages/airflow/example_dags/plugins/event_listener.py
[2023-08-12T04:55:27.431+0000] {processor.py:826} INFO - Processing file /home/airflow/.local/lib/python3.10/site-packages/airflow/example_dags/plugins/event_listener.py for tasks to queue
[2023-08-12T04:55:27.431+0000] {logging_mixin.py:149} INFO - [2023-08-12T04:55:27.431+0000] {dagbag.py:541} INFO - Filling up the DagBag from /home/airflow/.local/lib/python3.10/site-packages/airflow/example_dags/plugins/event_listener.py
[2023-08-12T04:55:27.432+0000] {processor.py:838} WARNING - No viable dags retrieved from /home/airflow/.local/lib/python3.10/site-packages/airflow/example_dags/plugins/event_listener.py
[2023-08-12T04:55:27.438+0000] {processor.py:179} INFO - Processing /home/airflow/.local/lib/python3.10/site-packages/airflow/example_dags/plugins/event_listener.py took 0.008 seconds
[2023-08-12T04:55:57.742+0000] {processor.py:157} INFO - Started process (PID=453) to work on /home/airflow/.local/lib/python3.10/site-packages/airflow/example_dags/plugins/event_listener.py
[2023-08-12T04:55:57.743+0000] {processor.py:826} INFO - Processing file /home/airflow/.local/lib/python3.10/site-packages/airflow/example_dags/plugins/event_listener.py for tasks to queue
[2023-08-12T04:55:57.743+0000] {logging_mixin.py:149} INFO - [2023-08-12T04:55:57.743+0000] {dagbag.py:541} INFO - Filling up the DagBag from /home/airflow/.local/lib/python3.10/site-packages/airflow/example_dags/plugins/event_listener.py
[2023-08-12T04:55:57.744+0000] {processor.py:838} WARNING - No viable dags retrieved from /home/airflow/.local/lib/python3.10/site-packages/airflow/example_dags/plugins/event_listener.py
[2023-08-12T04:55:57.749+0000] {processor.py:179} INFO - Processing /home/airflow/.local/lib/python3.10/site-packages/airflow/example_dags/plugins/event_listener.py took 0.008 seconds
[2023-08-12T04:56:28.093+0000] {processor.py:157} INFO - Started process (PID=530) to work on /home/airflow/.local/lib/python3.10/site-packages/airflow/example_dags/plugins/event_listener.py
[2023-08-12T04:56:28.093+0000] {processor.py:826} INFO - Processing file /home/airflow/.local/lib/python3.10/site-packages/airflow/example_dags/plugins/event_listener.py for tasks to queue
[2023-08-12T04:56:28.093+0000] {logging_mixin.py:149} INFO - [2023-08-12T04:56:28.093+0000] {dagbag.py:541} INFO - Filling up the DagBag from /home/airflow/.local/lib/python3.10/site-packages/airflow/example_dags/plugins/event_listener.py
[2023-08-12T04:56:28.094+0000] {processor.py:838} WARNING - No viable dags retrieved from /home/airflow/.local/lib/python3.10/site-packages/airflow/example_dags/plugins/event_listener.py
[2023-08-12T04:56:28.100+0000] {processor.py:179} INFO - Processing /home/airflow/.local/lib/python3.10/site-packages/airflow/example_dags/plugins/event_listener.py took 0.009 seconds
[2023-08-12T04:56:58.461+0000] {processor.py:157} INFO - Started process (PID=606) to work on /home/airflow/.local/lib/python3.10/site-packages/airflow/example_dags/plugins/event_listener.py
[2023-08-12T04:56:58.462+0000] {processor.py:826} INFO - Processing file /home/airflow/.local/lib/python3.10/site-packages/airflow/example_dags/plugins/event_listener.py for tasks to queue
[2023-08-12T04:56:58.462+0000] {logging_mixin.py:149} INFO - [2023-08-12T04:56:58.462+0000] {dagbag.py:541} INFO - Filling up the DagBag from /home/airflow/.local/lib/python3.10/site-packages/airflow/example_dags/plugins/event_listener.py
[2023-08-12T04:56:58.462+0000] {processor.py:838} WARNING - No viable dags retrieved from /home/airflow/.local/lib/python3.10/site-packages/airflow/example_dags/plugins/event_listener.py
[2023-08-12T04:56:58.468+0000] {processor.py:179} INFO - Processing /home/airflow/.local/lib/python3.10/site-packages/airflow/example_dags/plugins/event_listener.py took 0.008 seconds
[2023-08-12T04:57:28.879+0000] {processor.py:157} INFO - Started process (PID=682) to work on /home/airflow/.local/lib/python3.10/site-packages/airflow/example_dags/plugins/event_listener.py
[2023-08-12T04:57:28.879+0000] {processor.py:826} INFO - Processing file /home/airflow/.local/lib/python3.10/site-packages/airflow/example_dags/plugins/event_listener.py for tasks to queue
[2023-08-12T04:57:28.879+0000] {logging_mixin.py:149} INFO - [2023-08-12T04:57:28.879+0000] {dagbag.py:541} INFO - Filling up the DagBag from /home/airflow/.local/lib/python3.10/site-packages/airflow/example_dags/plugins/event_listener.py
[2023-08-12T04:57:28.880+0000] {processor.py:838} WARNING - No viable dags retrieved from /home/airflow/.local/lib/python3.10/site-packages/airflow/example_dags/plugins/event_listener.py
[2023-08-12T04:57:28.885+0000] {processor.py:179} INFO - Processing /home/airflow/.local/lib/python3.10/site-packages/airflow/example_dags/plugins/event_listener.py took 0.008 seconds
[2023-08-12T04:57:59.288+0000] {processor.py:157} INFO - Started process (PID=759) to work on /home/airflow/.local/lib/python3.10/site-packages/airflow/example_dags/plugins/event_listener.py
[2023-08-12T04:57:59.288+0000] {processor.py:826} INFO - Processing file /home/airflow/.local/lib/python3.10/site-packages/airflow/example_dags/plugins/event_listener.py for tasks to queue
[2023-08-12T04:57:59.288+0000] {logging_mixin.py:149} INFO - [2023-08-12T04:57:59.288+0000] {dagbag.py:541} INFO - Filling up the DagBag from /home/airflow/.local/lib/python3.10/site-packages/airflow/example_dags/plugins/event_listener.py
[2023-08-12T04:57:59.289+0000] {processor.py:838} WARNING - No viable dags retrieved from /home/airflow/.local/lib/python3.10/site-packages/airflow/example_dags/plugins/event_listener.py
[2023-08-12T04:57:59.294+0000] {processor.py:179} INFO - Processing /home/airflow/.local/lib/python3.10/site-packages/airflow/example_dags/plugins/event_listener.py took 0.008 seconds
[2023-08-12T04:58:55.132+0000] {processor.py:157} INFO - Started process (PID=67) to work on /home/airflow/.local/lib/python3.10/site-packages/airflow/example_dags/plugins/event_listener.py
[2023-08-12T04:58:55.132+0000] {processor.py:826} INFO - Processing file /home/airflow/.local/lib/python3.10/site-packages/airflow/example_dags/plugins/event_listener.py for tasks to queue
[2023-08-12T04:58:55.132+0000] {logging_mixin.py:149} INFO - [2023-08-12T04:58:55.132+0000] {dagbag.py:541} INFO - Filling up the DagBag from /home/airflow/.local/lib/python3.10/site-packages/airflow/example_dags/plugins/event_listener.py
[2023-08-12T04:58:55.134+0000] {processor.py:838} WARNING - No viable dags retrieved from /home/airflow/.local/lib/python3.10/site-packages/airflow/example_dags/plugins/event_listener.py
[2023-08-12T04:58:55.139+0000] {processor.py:179} INFO - Processing /home/airflow/.local/lib/python3.10/site-packages/airflow/example_dags/plugins/event_listener.py took 0.008 seconds
[2023-08-12T04:59:25.309+0000] {processor.py:157} INFO - Started process (PID=144) to work on /home/airflow/.local/lib/python3.10/site-packages/airflow/example_dags/plugins/event_listener.py
[2023-08-12T04:59:25.309+0000] {processor.py:826} INFO - Processing file /home/airflow/.local/lib/python3.10/site-packages/airflow/example_dags/plugins/event_listener.py for tasks to queue
[2023-08-12T04:59:25.310+0000] {logging_mixin.py:149} INFO - [2023-08-12T04:59:25.309+0000] {dagbag.py:541} INFO - Filling up the DagBag from /home/airflow/.local/lib/python3.10/site-packages/airflow/example_dags/plugins/event_listener.py
[2023-08-12T04:59:25.310+0000] {processor.py:838} WARNING - No viable dags retrieved from /home/airflow/.local/lib/python3.10/site-packages/airflow/example_dags/plugins/event_listener.py
[2023-08-12T04:59:25.316+0000] {processor.py:179} INFO - Processing /home/airflow/.local/lib/python3.10/site-packages/airflow/example_dags/plugins/event_listener.py took 0.008 seconds
[2023-08-12T04:59:55.562+0000] {processor.py:157} INFO - Started process (PID=220) to work on /home/airflow/.local/lib/python3.10/site-packages/airflow/example_dags/plugins/event_listener.py
[2023-08-12T04:59:55.563+0000] {processor.py:826} INFO - Processing file /home/airflow/.local/lib/python3.10/site-packages/airflow/example_dags/plugins/event_listener.py for tasks to queue
[2023-08-12T04:59:55.563+0000] {logging_mixin.py:149} INFO - [2023-08-12T04:59:55.563+0000] {dagbag.py:541} INFO - Filling up the DagBag from /home/airflow/.local/lib/python3.10/site-packages/airflow/example_dags/plugins/event_listener.py
[2023-08-12T04:59:55.563+0000] {processor.py:838} WARNING - No viable dags retrieved from /home/airflow/.local/lib/python3.10/site-packages/airflow/example_dags/plugins/event_listener.py
[2023-08-12T04:59:55.568+0000] {processor.py:179} INFO - Processing /home/airflow/.local/lib/python3.10/site-packages/airflow/example_dags/plugins/event_listener.py took 0.008 seconds
[2023-08-12T05:00:25.993+0000] {processor.py:157} INFO - Started process (PID=297) to work on /home/airflow/.local/lib/python3.10/site-packages/airflow/example_dags/plugins/event_listener.py
[2023-08-12T05:00:25.994+0000] {processor.py:826} INFO - Processing file /home/airflow/.local/lib/python3.10/site-packages/airflow/example_dags/plugins/event_listener.py for tasks to queue
[2023-08-12T05:00:25.994+0000] {logging_mixin.py:149} INFO - [2023-08-12T05:00:25.994+0000] {dagbag.py:541} INFO - Filling up the DagBag from /home/airflow/.local/lib/python3.10/site-packages/airflow/example_dags/plugins/event_listener.py
[2023-08-12T05:00:25.994+0000] {processor.py:838} WARNING - No viable dags retrieved from /home/airflow/.local/lib/python3.10/site-packages/airflow/example_dags/plugins/event_listener.py
[2023-08-12T05:00:25.999+0000] {processor.py:179} INFO - Processing /home/airflow/.local/lib/python3.10/site-packages/airflow/example_dags/plugins/event_listener.py took 0.008 seconds
[2023-08-12T05:00:56.429+0000] {processor.py:157} INFO - Started process (PID=374) to work on /home/airflow/.local/lib/python3.10/site-packages/airflow/example_dags/plugins/event_listener.py
[2023-08-12T05:00:56.429+0000] {processor.py:826} INFO - Processing file /home/airflow/.local/lib/python3.10/site-packages/airflow/example_dags/plugins/event_listener.py for tasks to queue
[2023-08-12T05:00:56.429+0000] {logging_mixin.py:149} INFO - [2023-08-12T05:00:56.429+0000] {dagbag.py:541} INFO - Filling up the DagBag from /home/airflow/.local/lib/python3.10/site-packages/airflow/example_dags/plugins/event_listener.py
[2023-08-12T05:00:56.430+0000] {processor.py:838} WARNING - No viable dags retrieved from /home/airflow/.local/lib/python3.10/site-packages/airflow/example_dags/plugins/event_listener.py
[2023-08-12T05:00:56.435+0000] {processor.py:179} INFO - Processing /home/airflow/.local/lib/python3.10/site-packages/airflow/example_dags/plugins/event_listener.py took 0.007 seconds
[2023-08-12T05:01:26.924+0000] {processor.py:157} INFO - Started process (PID=451) to work on /home/airflow/.local/lib/python3.10/site-packages/airflow/example_dags/plugins/event_listener.py
[2023-08-12T05:01:26.924+0000] {processor.py:826} INFO - Processing file /home/airflow/.local/lib/python3.10/site-packages/airflow/example_dags/plugins/event_listener.py for tasks to queue
[2023-08-12T05:01:26.925+0000] {logging_mixin.py:149} INFO - [2023-08-12T05:01:26.925+0000] {dagbag.py:541} INFO - Filling up the DagBag from /home/airflow/.local/lib/python3.10/site-packages/airflow/example_dags/plugins/event_listener.py
[2023-08-12T05:01:26.926+0000] {processor.py:838} WARNING - No viable dags retrieved from /home/airflow/.local/lib/python3.10/site-packages/airflow/example_dags/plugins/event_listener.py
[2023-08-12T05:01:26.932+0000] {processor.py:179} INFO - Processing /home/airflow/.local/lib/python3.10/site-packages/airflow/example_dags/plugins/event_listener.py took 0.010 seconds
[2023-08-12T05:01:57.548+0000] {processor.py:157} INFO - Started process (PID=528) to work on /home/airflow/.local/lib/python3.10/site-packages/airflow/example_dags/plugins/event_listener.py
[2023-08-12T05:01:57.548+0000] {processor.py:826} INFO - Processing file /home/airflow/.local/lib/python3.10/site-packages/airflow/example_dags/plugins/event_listener.py for tasks to queue
[2023-08-12T05:01:57.549+0000] {logging_mixin.py:149} INFO - [2023-08-12T05:01:57.549+0000] {dagbag.py:541} INFO - Filling up the DagBag from /home/airflow/.local/lib/python3.10/site-packages/airflow/example_dags/plugins/event_listener.py
[2023-08-12T05:01:57.549+0000] {processor.py:838} WARNING - No viable dags retrieved from /home/airflow/.local/lib/python3.10/site-packages/airflow/example_dags/plugins/event_listener.py
[2023-08-12T05:01:57.555+0000] {processor.py:179} INFO - Processing /home/airflow/.local/lib/python3.10/site-packages/airflow/example_dags/plugins/event_listener.py took 0.009 seconds
[2023-08-12T05:02:27.912+0000] {processor.py:157} INFO - Started process (PID=605) to work on /home/airflow/.local/lib/python3.10/site-packages/airflow/example_dags/plugins/event_listener.py
[2023-08-12T05:02:27.912+0000] {processor.py:826} INFO - Processing file /home/airflow/.local/lib/python3.10/site-packages/airflow/example_dags/plugins/event_listener.py for tasks to queue
[2023-08-12T05:02:27.912+0000] {logging_mixin.py:149} INFO - [2023-08-12T05:02:27.912+0000] {dagbag.py:541} INFO - Filling up the DagBag from /home/airflow/.local/lib/python3.10/site-packages/airflow/example_dags/plugins/event_listener.py
[2023-08-12T05:02:27.913+0000] {processor.py:838} WARNING - No viable dags retrieved from /home/airflow/.local/lib/python3.10/site-packages/airflow/example_dags/plugins/event_listener.py
[2023-08-12T05:02:27.918+0000] {processor.py:179} INFO - Processing /home/airflow/.local/lib/python3.10/site-packages/airflow/example_dags/plugins/event_listener.py took 0.007 seconds
[2023-08-12T05:02:58.340+0000] {processor.py:157} INFO - Started process (PID=681) to work on /home/airflow/.local/lib/python3.10/site-packages/airflow/example_dags/plugins/event_listener.py
[2023-08-12T05:02:58.341+0000] {processor.py:826} INFO - Processing file /home/airflow/.local/lib/python3.10/site-packages/airflow/example_dags/plugins/event_listener.py for tasks to queue
[2023-08-12T05:02:58.341+0000] {logging_mixin.py:149} INFO - [2023-08-12T05:02:58.341+0000] {dagbag.py:541} INFO - Filling up the DagBag from /home/airflow/.local/lib/python3.10/site-packages/airflow/example_dags/plugins/event_listener.py
[2023-08-12T05:02:58.342+0000] {processor.py:838} WARNING - No viable dags retrieved from /home/airflow/.local/lib/python3.10/site-packages/airflow/example_dags/plugins/event_listener.py
[2023-08-12T05:02:58.346+0000] {processor.py:179} INFO - Processing /home/airflow/.local/lib/python3.10/site-packages/airflow/example_dags/plugins/event_listener.py took 0.007 seconds
[2023-08-12T05:03:28.817+0000] {processor.py:157} INFO - Started process (PID=758) to work on /home/airflow/.local/lib/python3.10/site-packages/airflow/example_dags/plugins/event_listener.py
[2023-08-12T05:03:28.817+0000] {processor.py:826} INFO - Processing file /home/airflow/.local/lib/python3.10/site-packages/airflow/example_dags/plugins/event_listener.py for tasks to queue
[2023-08-12T05:03:28.817+0000] {logging_mixin.py:149} INFO - [2023-08-12T05:03:28.817+0000] {dagbag.py:541} INFO - Filling up the DagBag from /home/airflow/.local/lib/python3.10/site-packages/airflow/example_dags/plugins/event_listener.py
[2023-08-12T05:03:28.818+0000] {processor.py:838} WARNING - No viable dags retrieved from /home/airflow/.local/lib/python3.10/site-packages/airflow/example_dags/plugins/event_listener.py
[2023-08-12T05:03:28.823+0000] {processor.py:179} INFO - Processing /home/airflow/.local/lib/python3.10/site-packages/airflow/example_dags/plugins/event_listener.py took 0.008 seconds
[2023-08-12T05:03:59.381+0000] {processor.py:157} INFO - Started process (PID=836) to work on /home/airflow/.local/lib/python3.10/site-packages/airflow/example_dags/plugins/event_listener.py
[2023-08-12T05:03:59.382+0000] {processor.py:826} INFO - Processing file /home/airflow/.local/lib/python3.10/site-packages/airflow/example_dags/plugins/event_listener.py for tasks to queue
[2023-08-12T05:03:59.382+0000] {logging_mixin.py:149} INFO - [2023-08-12T05:03:59.382+0000] {dagbag.py:541} INFO - Filling up the DagBag from /home/airflow/.local/lib/python3.10/site-packages/airflow/example_dags/plugins/event_listener.py
[2023-08-12T05:03:59.383+0000] {processor.py:838} WARNING - No viable dags retrieved from /home/airflow/.local/lib/python3.10/site-packages/airflow/example_dags/plugins/event_listener.py
[2023-08-12T05:03:59.389+0000] {processor.py:179} INFO - Processing /home/airflow/.local/lib/python3.10/site-packages/airflow/example_dags/plugins/event_listener.py took 0.009 seconds
[2023-08-12T05:04:29.931+0000] {processor.py:157} INFO - Started process (PID=913) to work on /home/airflow/.local/lib/python3.10/site-packages/airflow/example_dags/plugins/event_listener.py
[2023-08-12T05:04:29.931+0000] {processor.py:826} INFO - Processing file /home/airflow/.local/lib/python3.10/site-packages/airflow/example_dags/plugins/event_listener.py for tasks to queue
[2023-08-12T05:04:29.931+0000] {logging_mixin.py:149} INFO - [2023-08-12T05:04:29.931+0000] {dagbag.py:541} INFO - Filling up the DagBag from /home/airflow/.local/lib/python3.10/site-packages/airflow/example_dags/plugins/event_listener.py
[2023-08-12T05:04:29.932+0000] {processor.py:838} WARNING - No viable dags retrieved from /home/airflow/.local/lib/python3.10/site-packages/airflow/example_dags/plugins/event_listener.py
[2023-08-12T05:04:29.937+0000] {processor.py:179} INFO - Processing /home/airflow/.local/lib/python3.10/site-packages/airflow/example_dags/plugins/event_listener.py took 0.008 seconds
[2023-08-12T05:05:00.115+0000] {processor.py:157} INFO - Started process (PID=990) to work on /home/airflow/.local/lib/python3.10/site-packages/airflow/example_dags/plugins/event_listener.py
[2023-08-12T05:05:00.116+0000] {processor.py:826} INFO - Processing file /home/airflow/.local/lib/python3.10/site-packages/airflow/example_dags/plugins/event_listener.py for tasks to queue
[2023-08-12T05:05:00.116+0000] {logging_mixin.py:149} INFO - [2023-08-12T05:05:00.116+0000] {dagbag.py:541} INFO - Filling up the DagBag from /home/airflow/.local/lib/python3.10/site-packages/airflow/example_dags/plugins/event_listener.py
[2023-08-12T05:05:00.117+0000] {processor.py:838} WARNING - No viable dags retrieved from /home/airflow/.local/lib/python3.10/site-packages/airflow/example_dags/plugins/event_listener.py
[2023-08-12T05:05:00.122+0000] {processor.py:179} INFO - Processing /home/airflow/.local/lib/python3.10/site-packages/airflow/example_dags/plugins/event_listener.py took 0.008 seconds
[2023-08-12T05:05:30.663+0000] {processor.py:157} INFO - Started process (PID=1067) to work on /home/airflow/.local/lib/python3.10/site-packages/airflow/example_dags/plugins/event_listener.py
[2023-08-12T05:05:30.663+0000] {processor.py:826} INFO - Processing file /home/airflow/.local/lib/python3.10/site-packages/airflow/example_dags/plugins/event_listener.py for tasks to queue
[2023-08-12T05:05:30.664+0000] {logging_mixin.py:149} INFO - [2023-08-12T05:05:30.664+0000] {dagbag.py:541} INFO - Filling up the DagBag from /home/airflow/.local/lib/python3.10/site-packages/airflow/example_dags/plugins/event_listener.py
[2023-08-12T05:05:30.664+0000] {processor.py:838} WARNING - No viable dags retrieved from /home/airflow/.local/lib/python3.10/site-packages/airflow/example_dags/plugins/event_listener.py
[2023-08-12T05:05:30.670+0000] {processor.py:179} INFO - Processing /home/airflow/.local/lib/python3.10/site-packages/airflow/example_dags/plugins/event_listener.py took 0.008 seconds
[2023-08-12T05:06:01.072+0000] {processor.py:157} INFO - Started process (PID=1143) to work on /home/airflow/.local/lib/python3.10/site-packages/airflow/example_dags/plugins/event_listener.py
[2023-08-12T05:06:01.072+0000] {processor.py:826} INFO - Processing file /home/airflow/.local/lib/python3.10/site-packages/airflow/example_dags/plugins/event_listener.py for tasks to queue
[2023-08-12T05:06:01.072+0000] {logging_mixin.py:149} INFO - [2023-08-12T05:06:01.072+0000] {dagbag.py:541} INFO - Filling up the DagBag from /home/airflow/.local/lib/python3.10/site-packages/airflow/example_dags/plugins/event_listener.py
[2023-08-12T05:06:01.073+0000] {processor.py:838} WARNING - No viable dags retrieved from /home/airflow/.local/lib/python3.10/site-packages/airflow/example_dags/plugins/event_listener.py
[2023-08-12T05:06:01.078+0000] {processor.py:179} INFO - Processing /home/airflow/.local/lib/python3.10/site-packages/airflow/example_dags/plugins/event_listener.py took 0.008 seconds
