[2023-08-13T09:19:47.158+0000] {taskinstance.py:1103} INFO - Dependencies all met for dep_context=non-requeueable deps ti=<TaskInstance: tune_dag.check_gpu manual__2023-08-13T09:19:40.434533+00:00 [queued]>
[2023-08-13T09:19:47.162+0000] {taskinstance.py:1103} INFO - Dependencies all met for dep_context=requeueable deps ti=<TaskInstance: tune_dag.check_gpu manual__2023-08-13T09:19:40.434533+00:00 [queued]>
[2023-08-13T09:19:47.162+0000] {taskinstance.py:1308} INFO - Starting attempt 1 of 2
[2023-08-13T09:19:47.167+0000] {taskinstance.py:1327} INFO - Executing <Task(_PythonDecoratedOperator): check_gpu> on 2023-08-13 09:19:40.434533+00:00
[2023-08-13T09:19:47.171+0000] {standard_task_runner.py:57} INFO - Started process 1718 to run task
[2023-08-13T09:19:47.173+0000] {standard_task_runner.py:84} INFO - Running: ['***', 'tasks', 'run', 'tune_dag', 'check_gpu', 'manual__2023-08-13T09:19:40.434533+00:00', '--job-id', '130', '--raw', '--subdir', 'DAGS_FOLDER/scripts/tune_ml.py', '--cfg-path', '/tmp/tmpdg5_dm8g']
[2023-08-13T09:19:47.174+0000] {standard_task_runner.py:85} INFO - Job 130: Subtask check_gpu
[2023-08-13T09:19:47.192+0000] {task_command.py:410} INFO - Running <TaskInstance: tune_dag.check_gpu manual__2023-08-13T09:19:40.434533+00:00 [running]> on host 30ba972171bc
[2023-08-13T09:19:47.220+0000] {taskinstance.py:1545} INFO - Exporting env vars: AIRFLOW_CTX_DAG_EMAIL='thanhdong18891@gmail.com' AIRFLOW_CTX_DAG_OWNER='DongNT17' AIRFLOW_CTX_DAG_ID='tune_dag' AIRFLOW_CTX_TASK_ID='check_gpu' AIRFLOW_CTX_EXECUTION_DATE='2023-08-13T09:19:40.434533+00:00' AIRFLOW_CTX_TRY_NUMBER='1' AIRFLOW_CTX_DAG_RUN_ID='manual__2023-08-13T09:19:40.434533+00:00'
[2023-08-13T09:27:55.195+0000] {taskinstance.py:1824} ERROR - Task failed with exception
Traceback (most recent call last):
  File "/home/airflow/.local/lib/python3.10/site-packages/docker/api/client.py", line 268, in _raise_for_status
    response.raise_for_status()
  File "/home/airflow/.local/lib/python3.10/site-packages/requests/models.py", line 1021, in raise_for_status
    raise HTTPError(http_error_msg, response=self)
requests.exceptions.HTTPError: 500 Server Error: Internal Server Error for url: http+docker://localhost/v1.43/containers/13f1a040728a2b879447c97e8472d806766848e65456392340627df659ede195/start

The above exception was the direct cause of the following exception:

Traceback (most recent call last):
  File "/home/airflow/.local/lib/python3.10/site-packages/airflow/decorators/base.py", line 220, in execute
    return_value = super().execute(context)
  File "/home/airflow/.local/lib/python3.10/site-packages/airflow/operators/python.py", line 181, in execute
    return_value = self.execute_callable()
  File "/home/airflow/.local/lib/python3.10/site-packages/airflow/operators/python.py", line 198, in execute_callable
    return self.python_callable(*self.op_args, **self.op_kwargs)
  File "/opt/airflow/dags/scripts/tune_ml.py", line 71, in start_gpu_container
    response = client.containers.run(
  File "/home/airflow/.local/lib/python3.10/site-packages/docker/models/containers.py", line 865, in run
    container.start()
  File "/home/airflow/.local/lib/python3.10/site-packages/docker/models/containers.py", line 406, in start
    return self.client.api.start(self.id, **kwargs)
  File "/home/airflow/.local/lib/python3.10/site-packages/docker/utils/decorators.py", line 19, in wrapped
    return f(self, resource_id, *args, **kwargs)
  File "/home/airflow/.local/lib/python3.10/site-packages/docker/api/container.py", line 1127, in start
    self._raise_for_status(res)
  File "/home/airflow/.local/lib/python3.10/site-packages/docker/api/client.py", line 270, in _raise_for_status
    raise create_api_error_from_http_exception(e) from e
  File "/home/airflow/.local/lib/python3.10/site-packages/docker/errors.py", line 39, in create_api_error_from_http_exception
    raise cls(e, response=response, explanation=explanation) from e
docker.errors.APIError: 500 Server Error for http+docker://localhost/v1.43/containers/13f1a040728a2b879447c97e8472d806766848e65456392340627df659ede195/start: Internal Server Error ("could not select device driver "" with capabilities: [[gpu]]")
[2023-08-13T09:27:55.201+0000] {taskinstance.py:1345} INFO - Marking task as UP_FOR_RETRY. dag_id=tune_dag, task_id=check_gpu, execution_date=20230813T091940, start_date=20230813T091947, end_date=20230813T092755
[2023-08-13T09:27:55.207+0000] {standard_task_runner.py:104} ERROR - Failed to execute job 130 for task check_gpu (500 Server Error for http+docker://localhost/v1.43/containers/13f1a040728a2b879447c97e8472d806766848e65456392340627df659ede195/start: Internal Server Error ("could not select device driver "" with capabilities: [[gpu]]"); 1718)
[2023-08-13T09:27:55.233+0000] {local_task_job_runner.py:225} INFO - Task exited with return code 1
[2023-08-13T09:27:55.247+0000] {taskinstance.py:2651} INFO - 0 downstream tasks scheduled from follow-on schedule check
