[2023-08-12T15:30:50.932+0000] {processor.py:157} INFO - Started process (PID=57) to work on /home/airflow/.local/lib/python3.10/site-packages/airflow/example_dags/example_latest_only.py
[2023-08-12T15:30:50.932+0000] {processor.py:826} INFO - Processing file /home/airflow/.local/lib/python3.10/site-packages/airflow/example_dags/example_latest_only.py for tasks to queue
[2023-08-12T15:30:50.932+0000] {logging_mixin.py:149} INFO - [2023-08-12T15:30:50.932+0000] {dagbag.py:541} INFO - Filling up the DagBag from /home/airflow/.local/lib/python3.10/site-packages/airflow/example_dags/example_latest_only.py
[2023-08-12T15:30:50.935+0000] {processor.py:836} INFO - DAG(s) dict_keys(['latest_only']) retrieved from /home/airflow/.local/lib/python3.10/site-packages/airflow/example_dags/example_latest_only.py
[2023-08-12T15:30:50.939+0000] {logging_mixin.py:149} INFO - [2023-08-12T15:30:50.939+0000] {dag.py:2726} INFO - Sync 1 DAGs
[2023-08-12T15:30:50.949+0000] {logging_mixin.py:149} INFO - [2023-08-12T15:30:50.949+0000] {dag.py:3486} INFO - Setting next_dagrun for latest_only to 2023-08-12T11:30:50.949390+00:00, run_after=2023-08-12T15:30:50.949390+00:00
[2023-08-12T15:30:50.956+0000] {processor.py:179} INFO - Processing /home/airflow/.local/lib/python3.10/site-packages/airflow/example_dags/example_latest_only.py took 0.026 seconds
[2023-08-12T15:31:21.084+0000] {processor.py:157} INFO - Started process (PID=134) to work on /home/airflow/.local/lib/python3.10/site-packages/airflow/example_dags/example_latest_only.py
[2023-08-12T15:31:21.084+0000] {processor.py:826} INFO - Processing file /home/airflow/.local/lib/python3.10/site-packages/airflow/example_dags/example_latest_only.py for tasks to queue
[2023-08-12T15:31:21.085+0000] {logging_mixin.py:149} INFO - [2023-08-12T15:31:21.085+0000] {dagbag.py:541} INFO - Filling up the DagBag from /home/airflow/.local/lib/python3.10/site-packages/airflow/example_dags/example_latest_only.py
[2023-08-12T15:31:21.087+0000] {processor.py:836} INFO - DAG(s) dict_keys(['latest_only']) retrieved from /home/airflow/.local/lib/python3.10/site-packages/airflow/example_dags/example_latest_only.py
[2023-08-12T15:31:21.096+0000] {logging_mixin.py:149} INFO - [2023-08-12T15:31:21.096+0000] {dag.py:2726} INFO - Sync 1 DAGs
[2023-08-12T15:31:21.106+0000] {logging_mixin.py:149} INFO - [2023-08-12T15:31:21.106+0000] {dag.py:3486} INFO - Setting next_dagrun for latest_only to 2023-08-12T11:31:21.106347+00:00, run_after=2023-08-12T15:31:21.106347+00:00
[2023-08-12T15:31:21.113+0000] {processor.py:179} INFO - Processing /home/airflow/.local/lib/python3.10/site-packages/airflow/example_dags/example_latest_only.py took 0.030 seconds
[2023-08-12T15:31:51.417+0000] {processor.py:157} INFO - Started process (PID=210) to work on /home/airflow/.local/lib/python3.10/site-packages/airflow/example_dags/example_latest_only.py
[2023-08-12T15:31:51.418+0000] {processor.py:826} INFO - Processing file /home/airflow/.local/lib/python3.10/site-packages/airflow/example_dags/example_latest_only.py for tasks to queue
[2023-08-12T15:31:51.418+0000] {logging_mixin.py:149} INFO - [2023-08-12T15:31:51.418+0000] {dagbag.py:541} INFO - Filling up the DagBag from /home/airflow/.local/lib/python3.10/site-packages/airflow/example_dags/example_latest_only.py
[2023-08-12T15:31:51.420+0000] {processor.py:836} INFO - DAG(s) dict_keys(['latest_only']) retrieved from /home/airflow/.local/lib/python3.10/site-packages/airflow/example_dags/example_latest_only.py
[2023-08-12T15:31:51.429+0000] {logging_mixin.py:149} INFO - [2023-08-12T15:31:51.429+0000] {dag.py:2726} INFO - Sync 1 DAGs
[2023-08-12T15:31:51.439+0000] {logging_mixin.py:149} INFO - [2023-08-12T15:31:51.439+0000] {dag.py:3486} INFO - Setting next_dagrun for latest_only to 2023-08-12T11:31:51.439084+00:00, run_after=2023-08-12T15:31:51.439084+00:00
[2023-08-12T15:31:51.446+0000] {processor.py:179} INFO - Processing /home/airflow/.local/lib/python3.10/site-packages/airflow/example_dags/example_latest_only.py took 0.029 seconds
[2023-08-12T15:32:21.732+0000] {processor.py:157} INFO - Started process (PID=287) to work on /home/airflow/.local/lib/python3.10/site-packages/airflow/example_dags/example_latest_only.py
[2023-08-12T15:32:21.733+0000] {processor.py:826} INFO - Processing file /home/airflow/.local/lib/python3.10/site-packages/airflow/example_dags/example_latest_only.py for tasks to queue
[2023-08-12T15:32:21.733+0000] {logging_mixin.py:149} INFO - [2023-08-12T15:32:21.733+0000] {dagbag.py:541} INFO - Filling up the DagBag from /home/airflow/.local/lib/python3.10/site-packages/airflow/example_dags/example_latest_only.py
[2023-08-12T15:32:21.735+0000] {processor.py:836} INFO - DAG(s) dict_keys(['latest_only']) retrieved from /home/airflow/.local/lib/python3.10/site-packages/airflow/example_dags/example_latest_only.py
[2023-08-12T15:32:21.745+0000] {logging_mixin.py:149} INFO - [2023-08-12T15:32:21.745+0000] {dag.py:2726} INFO - Sync 1 DAGs
[2023-08-12T15:32:21.755+0000] {logging_mixin.py:149} INFO - [2023-08-12T15:32:21.755+0000] {dag.py:3486} INFO - Setting next_dagrun for latest_only to 2023-08-12T11:32:21.755164+00:00, run_after=2023-08-12T15:32:21.755164+00:00
[2023-08-12T15:32:21.762+0000] {processor.py:179} INFO - Processing /home/airflow/.local/lib/python3.10/site-packages/airflow/example_dags/example_latest_only.py took 0.031 seconds
[2023-08-12T15:32:52.126+0000] {processor.py:157} INFO - Started process (PID=364) to work on /home/airflow/.local/lib/python3.10/site-packages/airflow/example_dags/example_latest_only.py
[2023-08-12T15:32:52.127+0000] {processor.py:826} INFO - Processing file /home/airflow/.local/lib/python3.10/site-packages/airflow/example_dags/example_latest_only.py for tasks to queue
[2023-08-12T15:32:52.127+0000] {logging_mixin.py:149} INFO - [2023-08-12T15:32:52.127+0000] {dagbag.py:541} INFO - Filling up the DagBag from /home/airflow/.local/lib/python3.10/site-packages/airflow/example_dags/example_latest_only.py
[2023-08-12T15:32:52.129+0000] {processor.py:836} INFO - DAG(s) dict_keys(['latest_only']) retrieved from /home/airflow/.local/lib/python3.10/site-packages/airflow/example_dags/example_latest_only.py
[2023-08-12T15:32:52.139+0000] {logging_mixin.py:149} INFO - [2023-08-12T15:32:52.139+0000] {dag.py:2726} INFO - Sync 1 DAGs
[2023-08-12T15:32:52.149+0000] {logging_mixin.py:149} INFO - [2023-08-12T15:32:52.149+0000] {dag.py:3486} INFO - Setting next_dagrun for latest_only to 2023-08-12T11:32:52.148916+00:00, run_after=2023-08-12T15:32:52.148916+00:00
[2023-08-12T15:32:52.156+0000] {processor.py:179} INFO - Processing /home/airflow/.local/lib/python3.10/site-packages/airflow/example_dags/example_latest_only.py took 0.031 seconds
[2023-08-12T15:33:22.666+0000] {processor.py:157} INFO - Started process (PID=440) to work on /home/airflow/.local/lib/python3.10/site-packages/airflow/example_dags/example_latest_only.py
[2023-08-12T15:33:22.667+0000] {processor.py:826} INFO - Processing file /home/airflow/.local/lib/python3.10/site-packages/airflow/example_dags/example_latest_only.py for tasks to queue
[2023-08-12T15:33:22.667+0000] {logging_mixin.py:149} INFO - [2023-08-12T15:33:22.667+0000] {dagbag.py:541} INFO - Filling up the DagBag from /home/airflow/.local/lib/python3.10/site-packages/airflow/example_dags/example_latest_only.py
[2023-08-12T15:33:22.669+0000] {processor.py:836} INFO - DAG(s) dict_keys(['latest_only']) retrieved from /home/airflow/.local/lib/python3.10/site-packages/airflow/example_dags/example_latest_only.py
[2023-08-12T15:33:22.679+0000] {logging_mixin.py:149} INFO - [2023-08-12T15:33:22.679+0000] {dag.py:2726} INFO - Sync 1 DAGs
[2023-08-12T15:33:22.689+0000] {logging_mixin.py:149} INFO - [2023-08-12T15:33:22.689+0000] {dag.py:3486} INFO - Setting next_dagrun for latest_only to 2023-08-12T11:33:22.689146+00:00, run_after=2023-08-12T15:33:22.689146+00:00
[2023-08-12T15:33:22.696+0000] {processor.py:179} INFO - Processing /home/airflow/.local/lib/python3.10/site-packages/airflow/example_dags/example_latest_only.py took 0.031 seconds
[2023-08-12T15:33:53.155+0000] {processor.py:157} INFO - Started process (PID=517) to work on /home/airflow/.local/lib/python3.10/site-packages/airflow/example_dags/example_latest_only.py
[2023-08-12T15:33:53.155+0000] {processor.py:826} INFO - Processing file /home/airflow/.local/lib/python3.10/site-packages/airflow/example_dags/example_latest_only.py for tasks to queue
[2023-08-12T15:33:53.156+0000] {logging_mixin.py:149} INFO - [2023-08-12T15:33:53.156+0000] {dagbag.py:541} INFO - Filling up the DagBag from /home/airflow/.local/lib/python3.10/site-packages/airflow/example_dags/example_latest_only.py
[2023-08-12T15:33:53.158+0000] {processor.py:836} INFO - DAG(s) dict_keys(['latest_only']) retrieved from /home/airflow/.local/lib/python3.10/site-packages/airflow/example_dags/example_latest_only.py
[2023-08-12T15:33:53.167+0000] {logging_mixin.py:149} INFO - [2023-08-12T15:33:53.167+0000] {dag.py:2726} INFO - Sync 1 DAGs
[2023-08-12T15:33:53.177+0000] {logging_mixin.py:149} INFO - [2023-08-12T15:33:53.177+0000] {dag.py:3486} INFO - Setting next_dagrun for latest_only to 2023-08-12T11:33:53.177511+00:00, run_after=2023-08-12T15:33:53.177511+00:00
[2023-08-12T15:33:53.185+0000] {processor.py:179} INFO - Processing /home/airflow/.local/lib/python3.10/site-packages/airflow/example_dags/example_latest_only.py took 0.031 seconds
