[2023-08-12T03:29:37.456+0000] {processor.py:157} INFO - Started process (PID=28) to work on /home/airflow/.local/lib/python3.10/site-packages/airflow/example_dags/example_trigger_target_dag.py
[2023-08-12T03:29:37.456+0000] {processor.py:826} INFO - Processing file /home/airflow/.local/lib/python3.10/site-packages/airflow/example_dags/example_trigger_target_dag.py for tasks to queue
[2023-08-12T03:29:37.456+0000] {logging_mixin.py:149} INFO - [2023-08-12T03:29:37.456+0000] {dagbag.py:541} INFO - Filling up the DagBag from /home/airflow/.local/lib/python3.10/site-packages/airflow/example_dags/example_trigger_target_dag.py
[2023-08-12T03:29:37.460+0000] {processor.py:836} INFO - DAG(s) dict_keys(['example_trigger_target_dag']) retrieved from /home/airflow/.local/lib/python3.10/site-packages/airflow/example_dags/example_trigger_target_dag.py
[2023-08-12T03:29:37.465+0000] {logging_mixin.py:149} INFO - [2023-08-12T03:29:37.464+0000] {dag.py:2726} INFO - Sync 1 DAGs
[2023-08-12T03:29:37.474+0000] {logging_mixin.py:149} INFO - [2023-08-12T03:29:37.474+0000] {dag.py:3486} INFO - Setting next_dagrun for example_trigger_target_dag to None, run_after=None
[2023-08-12T03:29:37.482+0000] {processor.py:179} INFO - Processing /home/airflow/.local/lib/python3.10/site-packages/airflow/example_dags/example_trigger_target_dag.py took 0.027 seconds
[2023-08-12T03:30:07.785+0000] {processor.py:157} INFO - Started process (PID=105) to work on /home/airflow/.local/lib/python3.10/site-packages/airflow/example_dags/example_trigger_target_dag.py
[2023-08-12T03:30:07.786+0000] {processor.py:826} INFO - Processing file /home/airflow/.local/lib/python3.10/site-packages/airflow/example_dags/example_trigger_target_dag.py for tasks to queue
[2023-08-12T03:30:07.786+0000] {logging_mixin.py:149} INFO - [2023-08-12T03:30:07.786+0000] {dagbag.py:541} INFO - Filling up the DagBag from /home/airflow/.local/lib/python3.10/site-packages/airflow/example_dags/example_trigger_target_dag.py
[2023-08-12T03:30:07.788+0000] {processor.py:836} INFO - DAG(s) dict_keys(['example_trigger_target_dag']) retrieved from /home/airflow/.local/lib/python3.10/site-packages/airflow/example_dags/example_trigger_target_dag.py
[2023-08-12T03:30:07.799+0000] {logging_mixin.py:149} INFO - [2023-08-12T03:30:07.799+0000] {dag.py:2726} INFO - Sync 1 DAGs
[2023-08-12T03:30:07.809+0000] {logging_mixin.py:149} INFO - [2023-08-12T03:30:07.809+0000] {dag.py:3486} INFO - Setting next_dagrun for example_trigger_target_dag to None, run_after=None
[2023-08-12T03:30:07.815+0000] {processor.py:179} INFO - Processing /home/airflow/.local/lib/python3.10/site-packages/airflow/example_dags/example_trigger_target_dag.py took 0.031 seconds
[2023-08-12T03:30:38.192+0000] {processor.py:157} INFO - Started process (PID=182) to work on /home/airflow/.local/lib/python3.10/site-packages/airflow/example_dags/example_trigger_target_dag.py
[2023-08-12T03:30:38.193+0000] {processor.py:826} INFO - Processing file /home/airflow/.local/lib/python3.10/site-packages/airflow/example_dags/example_trigger_target_dag.py for tasks to queue
[2023-08-12T03:30:38.193+0000] {logging_mixin.py:149} INFO - [2023-08-12T03:30:38.193+0000] {dagbag.py:541} INFO - Filling up the DagBag from /home/airflow/.local/lib/python3.10/site-packages/airflow/example_dags/example_trigger_target_dag.py
[2023-08-12T03:30:38.195+0000] {processor.py:836} INFO - DAG(s) dict_keys(['example_trigger_target_dag']) retrieved from /home/airflow/.local/lib/python3.10/site-packages/airflow/example_dags/example_trigger_target_dag.py
[2023-08-12T03:30:38.204+0000] {logging_mixin.py:149} INFO - [2023-08-12T03:30:38.204+0000] {dag.py:2726} INFO - Sync 1 DAGs
[2023-08-12T03:30:38.214+0000] {logging_mixin.py:149} INFO - [2023-08-12T03:30:38.214+0000] {dag.py:3486} INFO - Setting next_dagrun for example_trigger_target_dag to None, run_after=None
[2023-08-12T03:30:38.220+0000] {processor.py:179} INFO - Processing /home/airflow/.local/lib/python3.10/site-packages/airflow/example_dags/example_trigger_target_dag.py took 0.029 seconds
[2023-08-12T03:31:08.541+0000] {processor.py:157} INFO - Started process (PID=258) to work on /home/airflow/.local/lib/python3.10/site-packages/airflow/example_dags/example_trigger_target_dag.py
[2023-08-12T03:31:08.541+0000] {processor.py:826} INFO - Processing file /home/airflow/.local/lib/python3.10/site-packages/airflow/example_dags/example_trigger_target_dag.py for tasks to queue
[2023-08-12T03:31:08.541+0000] {logging_mixin.py:149} INFO - [2023-08-12T03:31:08.541+0000] {dagbag.py:541} INFO - Filling up the DagBag from /home/airflow/.local/lib/python3.10/site-packages/airflow/example_dags/example_trigger_target_dag.py
[2023-08-12T03:31:08.543+0000] {processor.py:836} INFO - DAG(s) dict_keys(['example_trigger_target_dag']) retrieved from /home/airflow/.local/lib/python3.10/site-packages/airflow/example_dags/example_trigger_target_dag.py
[2023-08-12T03:31:08.552+0000] {logging_mixin.py:149} INFO - [2023-08-12T03:31:08.552+0000] {dag.py:2726} INFO - Sync 1 DAGs
[2023-08-12T03:31:08.562+0000] {logging_mixin.py:149} INFO - [2023-08-12T03:31:08.561+0000] {dag.py:3486} INFO - Setting next_dagrun for example_trigger_target_dag to None, run_after=None
[2023-08-12T03:31:08.568+0000] {processor.py:179} INFO - Processing /home/airflow/.local/lib/python3.10/site-packages/airflow/example_dags/example_trigger_target_dag.py took 0.029 seconds
[2023-08-12T03:31:38.882+0000] {processor.py:157} INFO - Started process (PID=335) to work on /home/airflow/.local/lib/python3.10/site-packages/airflow/example_dags/example_trigger_target_dag.py
[2023-08-12T03:31:38.882+0000] {processor.py:826} INFO - Processing file /home/airflow/.local/lib/python3.10/site-packages/airflow/example_dags/example_trigger_target_dag.py for tasks to queue
[2023-08-12T03:31:38.883+0000] {logging_mixin.py:149} INFO - [2023-08-12T03:31:38.882+0000] {dagbag.py:541} INFO - Filling up the DagBag from /home/airflow/.local/lib/python3.10/site-packages/airflow/example_dags/example_trigger_target_dag.py
[2023-08-12T03:31:38.885+0000] {processor.py:836} INFO - DAG(s) dict_keys(['example_trigger_target_dag']) retrieved from /home/airflow/.local/lib/python3.10/site-packages/airflow/example_dags/example_trigger_target_dag.py
[2023-08-12T03:31:38.895+0000] {logging_mixin.py:149} INFO - [2023-08-12T03:31:38.895+0000] {dag.py:2726} INFO - Sync 1 DAGs
[2023-08-12T03:31:38.904+0000] {logging_mixin.py:149} INFO - [2023-08-12T03:31:38.904+0000] {dag.py:3486} INFO - Setting next_dagrun for example_trigger_target_dag to None, run_after=None
[2023-08-12T03:31:38.911+0000] {processor.py:179} INFO - Processing /home/airflow/.local/lib/python3.10/site-packages/airflow/example_dags/example_trigger_target_dag.py took 0.032 seconds
[2023-08-12T03:32:09.262+0000] {processor.py:157} INFO - Started process (PID=412) to work on /home/airflow/.local/lib/python3.10/site-packages/airflow/example_dags/example_trigger_target_dag.py
[2023-08-12T03:32:09.262+0000] {processor.py:826} INFO - Processing file /home/airflow/.local/lib/python3.10/site-packages/airflow/example_dags/example_trigger_target_dag.py for tasks to queue
[2023-08-12T03:32:09.262+0000] {logging_mixin.py:149} INFO - [2023-08-12T03:32:09.262+0000] {dagbag.py:541} INFO - Filling up the DagBag from /home/airflow/.local/lib/python3.10/site-packages/airflow/example_dags/example_trigger_target_dag.py
[2023-08-12T03:32:09.264+0000] {processor.py:836} INFO - DAG(s) dict_keys(['example_trigger_target_dag']) retrieved from /home/airflow/.local/lib/python3.10/site-packages/airflow/example_dags/example_trigger_target_dag.py
[2023-08-12T03:32:09.274+0000] {logging_mixin.py:149} INFO - [2023-08-12T03:32:09.274+0000] {dag.py:2726} INFO - Sync 1 DAGs
[2023-08-12T03:32:09.283+0000] {logging_mixin.py:149} INFO - [2023-08-12T03:32:09.283+0000] {dag.py:3486} INFO - Setting next_dagrun for example_trigger_target_dag to None, run_after=None
[2023-08-12T03:32:09.290+0000] {processor.py:179} INFO - Processing /home/airflow/.local/lib/python3.10/site-packages/airflow/example_dags/example_trigger_target_dag.py took 0.029 seconds
[2023-08-12T03:32:39.571+0000] {processor.py:157} INFO - Started process (PID=489) to work on /home/airflow/.local/lib/python3.10/site-packages/airflow/example_dags/example_trigger_target_dag.py
[2023-08-12T03:32:39.571+0000] {processor.py:826} INFO - Processing file /home/airflow/.local/lib/python3.10/site-packages/airflow/example_dags/example_trigger_target_dag.py for tasks to queue
[2023-08-12T03:32:39.571+0000] {logging_mixin.py:149} INFO - [2023-08-12T03:32:39.571+0000] {dagbag.py:541} INFO - Filling up the DagBag from /home/airflow/.local/lib/python3.10/site-packages/airflow/example_dags/example_trigger_target_dag.py
[2023-08-12T03:32:39.574+0000] {processor.py:836} INFO - DAG(s) dict_keys(['example_trigger_target_dag']) retrieved from /home/airflow/.local/lib/python3.10/site-packages/airflow/example_dags/example_trigger_target_dag.py
[2023-08-12T03:32:39.583+0000] {logging_mixin.py:149} INFO - [2023-08-12T03:32:39.583+0000] {dag.py:2726} INFO - Sync 1 DAGs
[2023-08-12T03:32:39.592+0000] {logging_mixin.py:149} INFO - [2023-08-12T03:32:39.592+0000] {dag.py:3486} INFO - Setting next_dagrun for example_trigger_target_dag to None, run_after=None
[2023-08-12T03:32:39.599+0000] {processor.py:179} INFO - Processing /home/airflow/.local/lib/python3.10/site-packages/airflow/example_dags/example_trigger_target_dag.py took 0.030 seconds
[2023-08-12T03:33:09.885+0000] {processor.py:157} INFO - Started process (PID=566) to work on /home/airflow/.local/lib/python3.10/site-packages/airflow/example_dags/example_trigger_target_dag.py
[2023-08-12T03:33:09.886+0000] {processor.py:826} INFO - Processing file /home/airflow/.local/lib/python3.10/site-packages/airflow/example_dags/example_trigger_target_dag.py for tasks to queue
[2023-08-12T03:33:09.886+0000] {logging_mixin.py:149} INFO - [2023-08-12T03:33:09.886+0000] {dagbag.py:541} INFO - Filling up the DagBag from /home/airflow/.local/lib/python3.10/site-packages/airflow/example_dags/example_trigger_target_dag.py
[2023-08-12T03:33:09.888+0000] {processor.py:836} INFO - DAG(s) dict_keys(['example_trigger_target_dag']) retrieved from /home/airflow/.local/lib/python3.10/site-packages/airflow/example_dags/example_trigger_target_dag.py
[2023-08-12T03:33:09.897+0000] {logging_mixin.py:149} INFO - [2023-08-12T03:33:09.897+0000] {dag.py:2726} INFO - Sync 1 DAGs
[2023-08-12T03:33:09.907+0000] {logging_mixin.py:149} INFO - [2023-08-12T03:33:09.907+0000] {dag.py:3486} INFO - Setting next_dagrun for example_trigger_target_dag to None, run_after=None
[2023-08-12T03:33:09.913+0000] {processor.py:179} INFO - Processing /home/airflow/.local/lib/python3.10/site-packages/airflow/example_dags/example_trigger_target_dag.py took 0.029 seconds
[2023-08-12T03:33:40.446+0000] {processor.py:157} INFO - Started process (PID=643) to work on /home/airflow/.local/lib/python3.10/site-packages/airflow/example_dags/example_trigger_target_dag.py
[2023-08-12T03:33:40.447+0000] {processor.py:826} INFO - Processing file /home/airflow/.local/lib/python3.10/site-packages/airflow/example_dags/example_trigger_target_dag.py for tasks to queue
[2023-08-12T03:33:40.447+0000] {logging_mixin.py:149} INFO - [2023-08-12T03:33:40.447+0000] {dagbag.py:541} INFO - Filling up the DagBag from /home/airflow/.local/lib/python3.10/site-packages/airflow/example_dags/example_trigger_target_dag.py
[2023-08-12T03:33:40.449+0000] {processor.py:836} INFO - DAG(s) dict_keys(['example_trigger_target_dag']) retrieved from /home/airflow/.local/lib/python3.10/site-packages/airflow/example_dags/example_trigger_target_dag.py
[2023-08-12T03:33:40.459+0000] {logging_mixin.py:149} INFO - [2023-08-12T03:33:40.459+0000] {dag.py:2726} INFO - Sync 1 DAGs
[2023-08-12T03:33:40.468+0000] {logging_mixin.py:149} INFO - [2023-08-12T03:33:40.468+0000] {dag.py:3486} INFO - Setting next_dagrun for example_trigger_target_dag to None, run_after=None
[2023-08-12T03:33:40.476+0000] {processor.py:179} INFO - Processing /home/airflow/.local/lib/python3.10/site-packages/airflow/example_dags/example_trigger_target_dag.py took 0.031 seconds
[2023-08-12T03:34:10.805+0000] {processor.py:157} INFO - Started process (PID=719) to work on /home/airflow/.local/lib/python3.10/site-packages/airflow/example_dags/example_trigger_target_dag.py
[2023-08-12T03:34:10.805+0000] {processor.py:826} INFO - Processing file /home/airflow/.local/lib/python3.10/site-packages/airflow/example_dags/example_trigger_target_dag.py for tasks to queue
[2023-08-12T03:34:10.805+0000] {logging_mixin.py:149} INFO - [2023-08-12T03:34:10.805+0000] {dagbag.py:541} INFO - Filling up the DagBag from /home/airflow/.local/lib/python3.10/site-packages/airflow/example_dags/example_trigger_target_dag.py
[2023-08-12T03:34:10.807+0000] {processor.py:836} INFO - DAG(s) dict_keys(['example_trigger_target_dag']) retrieved from /home/airflow/.local/lib/python3.10/site-packages/airflow/example_dags/example_trigger_target_dag.py
[2023-08-12T03:34:10.816+0000] {logging_mixin.py:149} INFO - [2023-08-12T03:34:10.816+0000] {dag.py:2726} INFO - Sync 1 DAGs
[2023-08-12T03:34:10.825+0000] {logging_mixin.py:149} INFO - [2023-08-12T03:34:10.825+0000] {dag.py:3486} INFO - Setting next_dagrun for example_trigger_target_dag to None, run_after=None
[2023-08-12T03:34:10.832+0000] {processor.py:179} INFO - Processing /home/airflow/.local/lib/python3.10/site-packages/airflow/example_dags/example_trigger_target_dag.py took 0.029 seconds
[2023-08-12T03:34:41.149+0000] {processor.py:157} INFO - Started process (PID=796) to work on /home/airflow/.local/lib/python3.10/site-packages/airflow/example_dags/example_trigger_target_dag.py
[2023-08-12T03:34:41.149+0000] {processor.py:826} INFO - Processing file /home/airflow/.local/lib/python3.10/site-packages/airflow/example_dags/example_trigger_target_dag.py for tasks to queue
[2023-08-12T03:34:41.149+0000] {logging_mixin.py:149} INFO - [2023-08-12T03:34:41.149+0000] {dagbag.py:541} INFO - Filling up the DagBag from /home/airflow/.local/lib/python3.10/site-packages/airflow/example_dags/example_trigger_target_dag.py
[2023-08-12T03:34:41.151+0000] {processor.py:836} INFO - DAG(s) dict_keys(['example_trigger_target_dag']) retrieved from /home/airflow/.local/lib/python3.10/site-packages/airflow/example_dags/example_trigger_target_dag.py
[2023-08-12T03:34:41.161+0000] {logging_mixin.py:149} INFO - [2023-08-12T03:34:41.161+0000] {dag.py:2726} INFO - Sync 1 DAGs
[2023-08-12T03:34:41.170+0000] {logging_mixin.py:149} INFO - [2023-08-12T03:34:41.170+0000] {dag.py:3486} INFO - Setting next_dagrun for example_trigger_target_dag to None, run_after=None
[2023-08-12T03:34:41.177+0000] {processor.py:179} INFO - Processing /home/airflow/.local/lib/python3.10/site-packages/airflow/example_dags/example_trigger_target_dag.py took 0.030 seconds
[2023-08-12T03:35:11.530+0000] {processor.py:157} INFO - Started process (PID=873) to work on /home/airflow/.local/lib/python3.10/site-packages/airflow/example_dags/example_trigger_target_dag.py
[2023-08-12T03:35:11.530+0000] {processor.py:826} INFO - Processing file /home/airflow/.local/lib/python3.10/site-packages/airflow/example_dags/example_trigger_target_dag.py for tasks to queue
[2023-08-12T03:35:11.531+0000] {logging_mixin.py:149} INFO - [2023-08-12T03:35:11.531+0000] {dagbag.py:541} INFO - Filling up the DagBag from /home/airflow/.local/lib/python3.10/site-packages/airflow/example_dags/example_trigger_target_dag.py
[2023-08-12T03:35:11.533+0000] {processor.py:836} INFO - DAG(s) dict_keys(['example_trigger_target_dag']) retrieved from /home/airflow/.local/lib/python3.10/site-packages/airflow/example_dags/example_trigger_target_dag.py
[2023-08-12T03:35:11.542+0000] {logging_mixin.py:149} INFO - [2023-08-12T03:35:11.542+0000] {dag.py:2726} INFO - Sync 1 DAGs
[2023-08-12T03:35:11.551+0000] {logging_mixin.py:149} INFO - [2023-08-12T03:35:11.551+0000] {dag.py:3486} INFO - Setting next_dagrun for example_trigger_target_dag to None, run_after=None
[2023-08-12T03:35:11.558+0000] {processor.py:179} INFO - Processing /home/airflow/.local/lib/python3.10/site-packages/airflow/example_dags/example_trigger_target_dag.py took 0.030 seconds
[2023-08-12T03:35:41.906+0000] {processor.py:157} INFO - Started process (PID=950) to work on /home/airflow/.local/lib/python3.10/site-packages/airflow/example_dags/example_trigger_target_dag.py
[2023-08-12T03:35:41.906+0000] {processor.py:826} INFO - Processing file /home/airflow/.local/lib/python3.10/site-packages/airflow/example_dags/example_trigger_target_dag.py for tasks to queue
[2023-08-12T03:35:41.906+0000] {logging_mixin.py:149} INFO - [2023-08-12T03:35:41.906+0000] {dagbag.py:541} INFO - Filling up the DagBag from /home/airflow/.local/lib/python3.10/site-packages/airflow/example_dags/example_trigger_target_dag.py
[2023-08-12T03:35:41.908+0000] {processor.py:836} INFO - DAG(s) dict_keys(['example_trigger_target_dag']) retrieved from /home/airflow/.local/lib/python3.10/site-packages/airflow/example_dags/example_trigger_target_dag.py
[2023-08-12T03:35:41.918+0000] {logging_mixin.py:149} INFO - [2023-08-12T03:35:41.918+0000] {dag.py:2726} INFO - Sync 1 DAGs
[2023-08-12T03:35:41.927+0000] {logging_mixin.py:149} INFO - [2023-08-12T03:35:41.927+0000] {dag.py:3486} INFO - Setting next_dagrun for example_trigger_target_dag to None, run_after=None
[2023-08-12T03:35:41.934+0000] {processor.py:179} INFO - Processing /home/airflow/.local/lib/python3.10/site-packages/airflow/example_dags/example_trigger_target_dag.py took 0.030 seconds
[2023-08-12T03:40:12.405+0000] {processor.py:157} INFO - Started process (PID=28) to work on /home/airflow/.local/lib/python3.10/site-packages/airflow/example_dags/example_trigger_target_dag.py
[2023-08-12T03:40:12.406+0000] {processor.py:826} INFO - Processing file /home/airflow/.local/lib/python3.10/site-packages/airflow/example_dags/example_trigger_target_dag.py for tasks to queue
[2023-08-12T03:40:12.406+0000] {logging_mixin.py:149} INFO - [2023-08-12T03:40:12.406+0000] {dagbag.py:541} INFO - Filling up the DagBag from /home/airflow/.local/lib/python3.10/site-packages/airflow/example_dags/example_trigger_target_dag.py
[2023-08-12T03:40:12.409+0000] {processor.py:836} INFO - DAG(s) dict_keys(['example_trigger_target_dag']) retrieved from /home/airflow/.local/lib/python3.10/site-packages/airflow/example_dags/example_trigger_target_dag.py
[2023-08-12T03:40:12.415+0000] {logging_mixin.py:149} INFO - [2023-08-12T03:40:12.415+0000] {dag.py:2726} INFO - Sync 1 DAGs
[2023-08-12T03:40:12.425+0000] {logging_mixin.py:149} INFO - [2023-08-12T03:40:12.424+0000] {dag.py:3486} INFO - Setting next_dagrun for example_trigger_target_dag to None, run_after=None
[2023-08-12T03:40:12.432+0000] {processor.py:179} INFO - Processing /home/airflow/.local/lib/python3.10/site-packages/airflow/example_dags/example_trigger_target_dag.py took 0.028 seconds
[2023-08-12T03:40:42.643+0000] {processor.py:157} INFO - Started process (PID=105) to work on /home/airflow/.local/lib/python3.10/site-packages/airflow/example_dags/example_trigger_target_dag.py
[2023-08-12T03:40:42.643+0000] {processor.py:826} INFO - Processing file /home/airflow/.local/lib/python3.10/site-packages/airflow/example_dags/example_trigger_target_dag.py for tasks to queue
[2023-08-12T03:40:42.643+0000] {logging_mixin.py:149} INFO - [2023-08-12T03:40:42.643+0000] {dagbag.py:541} INFO - Filling up the DagBag from /home/airflow/.local/lib/python3.10/site-packages/airflow/example_dags/example_trigger_target_dag.py
[2023-08-12T03:40:42.645+0000] {processor.py:836} INFO - DAG(s) dict_keys(['example_trigger_target_dag']) retrieved from /home/airflow/.local/lib/python3.10/site-packages/airflow/example_dags/example_trigger_target_dag.py
[2023-08-12T03:40:42.655+0000] {logging_mixin.py:149} INFO - [2023-08-12T03:40:42.655+0000] {dag.py:2726} INFO - Sync 1 DAGs
[2023-08-12T03:40:42.665+0000] {logging_mixin.py:149} INFO - [2023-08-12T03:40:42.665+0000] {dag.py:3486} INFO - Setting next_dagrun for example_trigger_target_dag to None, run_after=None
[2023-08-12T03:40:42.672+0000] {processor.py:179} INFO - Processing /home/airflow/.local/lib/python3.10/site-packages/airflow/example_dags/example_trigger_target_dag.py took 0.031 seconds
[2023-08-12T03:41:13.136+0000] {processor.py:157} INFO - Started process (PID=182) to work on /home/airflow/.local/lib/python3.10/site-packages/airflow/example_dags/example_trigger_target_dag.py
[2023-08-12T03:41:13.136+0000] {processor.py:826} INFO - Processing file /home/airflow/.local/lib/python3.10/site-packages/airflow/example_dags/example_trigger_target_dag.py for tasks to queue
[2023-08-12T03:41:13.136+0000] {logging_mixin.py:149} INFO - [2023-08-12T03:41:13.136+0000] {dagbag.py:541} INFO - Filling up the DagBag from /home/airflow/.local/lib/python3.10/site-packages/airflow/example_dags/example_trigger_target_dag.py
[2023-08-12T03:41:13.138+0000] {processor.py:836} INFO - DAG(s) dict_keys(['example_trigger_target_dag']) retrieved from /home/airflow/.local/lib/python3.10/site-packages/airflow/example_dags/example_trigger_target_dag.py
[2023-08-12T03:41:13.148+0000] {logging_mixin.py:149} INFO - [2023-08-12T03:41:13.148+0000] {dag.py:2726} INFO - Sync 1 DAGs
[2023-08-12T03:41:13.157+0000] {logging_mixin.py:149} INFO - [2023-08-12T03:41:13.157+0000] {dag.py:3486} INFO - Setting next_dagrun for example_trigger_target_dag to None, run_after=None
[2023-08-12T03:41:13.164+0000] {processor.py:179} INFO - Processing /home/airflow/.local/lib/python3.10/site-packages/airflow/example_dags/example_trigger_target_dag.py took 0.030 seconds
[2023-08-12T03:41:43.591+0000] {processor.py:157} INFO - Started process (PID=259) to work on /home/airflow/.local/lib/python3.10/site-packages/airflow/example_dags/example_trigger_target_dag.py
[2023-08-12T03:41:43.592+0000] {processor.py:826} INFO - Processing file /home/airflow/.local/lib/python3.10/site-packages/airflow/example_dags/example_trigger_target_dag.py for tasks to queue
[2023-08-12T03:41:43.592+0000] {logging_mixin.py:149} INFO - [2023-08-12T03:41:43.592+0000] {dagbag.py:541} INFO - Filling up the DagBag from /home/airflow/.local/lib/python3.10/site-packages/airflow/example_dags/example_trigger_target_dag.py
[2023-08-12T03:41:43.594+0000] {processor.py:836} INFO - DAG(s) dict_keys(['example_trigger_target_dag']) retrieved from /home/airflow/.local/lib/python3.10/site-packages/airflow/example_dags/example_trigger_target_dag.py
[2023-08-12T03:41:43.604+0000] {logging_mixin.py:149} INFO - [2023-08-12T03:41:43.604+0000] {dag.py:2726} INFO - Sync 1 DAGs
[2023-08-12T03:41:43.613+0000] {logging_mixin.py:149} INFO - [2023-08-12T03:41:43.613+0000] {dag.py:3486} INFO - Setting next_dagrun for example_trigger_target_dag to None, run_after=None
[2023-08-12T03:41:43.620+0000] {processor.py:179} INFO - Processing /home/airflow/.local/lib/python3.10/site-packages/airflow/example_dags/example_trigger_target_dag.py took 0.031 seconds
[2023-08-12T03:42:13.838+0000] {processor.py:157} INFO - Started process (PID=337) to work on /home/airflow/.local/lib/python3.10/site-packages/airflow/example_dags/example_trigger_target_dag.py
[2023-08-12T03:42:13.838+0000] {processor.py:826} INFO - Processing file /home/airflow/.local/lib/python3.10/site-packages/airflow/example_dags/example_trigger_target_dag.py for tasks to queue
[2023-08-12T03:42:13.839+0000] {logging_mixin.py:149} INFO - [2023-08-12T03:42:13.838+0000] {dagbag.py:541} INFO - Filling up the DagBag from /home/airflow/.local/lib/python3.10/site-packages/airflow/example_dags/example_trigger_target_dag.py
[2023-08-12T03:42:13.841+0000] {processor.py:836} INFO - DAG(s) dict_keys(['example_trigger_target_dag']) retrieved from /home/airflow/.local/lib/python3.10/site-packages/airflow/example_dags/example_trigger_target_dag.py
[2023-08-12T03:42:13.850+0000] {logging_mixin.py:149} INFO - [2023-08-12T03:42:13.850+0000] {dag.py:2726} INFO - Sync 1 DAGs
[2023-08-12T03:42:13.861+0000] {logging_mixin.py:149} INFO - [2023-08-12T03:42:13.861+0000] {dag.py:3486} INFO - Setting next_dagrun for example_trigger_target_dag to None, run_after=None
[2023-08-12T03:42:13.870+0000] {processor.py:179} INFO - Processing /home/airflow/.local/lib/python3.10/site-packages/airflow/example_dags/example_trigger_target_dag.py took 0.033 seconds
[2023-08-12T03:42:44.243+0000] {processor.py:157} INFO - Started process (PID=413) to work on /home/airflow/.local/lib/python3.10/site-packages/airflow/example_dags/example_trigger_target_dag.py
[2023-08-12T03:42:44.244+0000] {processor.py:826} INFO - Processing file /home/airflow/.local/lib/python3.10/site-packages/airflow/example_dags/example_trigger_target_dag.py for tasks to queue
[2023-08-12T03:42:44.244+0000] {logging_mixin.py:149} INFO - [2023-08-12T03:42:44.244+0000] {dagbag.py:541} INFO - Filling up the DagBag from /home/airflow/.local/lib/python3.10/site-packages/airflow/example_dags/example_trigger_target_dag.py
[2023-08-12T03:42:44.246+0000] {processor.py:836} INFO - DAG(s) dict_keys(['example_trigger_target_dag']) retrieved from /home/airflow/.local/lib/python3.10/site-packages/airflow/example_dags/example_trigger_target_dag.py
[2023-08-12T03:42:44.255+0000] {logging_mixin.py:149} INFO - [2023-08-12T03:42:44.255+0000] {dag.py:2726} INFO - Sync 1 DAGs
[2023-08-12T03:42:44.265+0000] {logging_mixin.py:149} INFO - [2023-08-12T03:42:44.264+0000] {dag.py:3486} INFO - Setting next_dagrun for example_trigger_target_dag to None, run_after=None
[2023-08-12T03:42:44.271+0000] {processor.py:179} INFO - Processing /home/airflow/.local/lib/python3.10/site-packages/airflow/example_dags/example_trigger_target_dag.py took 0.030 seconds
[2023-08-12T03:43:14.662+0000] {processor.py:157} INFO - Started process (PID=490) to work on /home/airflow/.local/lib/python3.10/site-packages/airflow/example_dags/example_trigger_target_dag.py
[2023-08-12T03:43:14.662+0000] {processor.py:826} INFO - Processing file /home/airflow/.local/lib/python3.10/site-packages/airflow/example_dags/example_trigger_target_dag.py for tasks to queue
[2023-08-12T03:43:14.663+0000] {logging_mixin.py:149} INFO - [2023-08-12T03:43:14.663+0000] {dagbag.py:541} INFO - Filling up the DagBag from /home/airflow/.local/lib/python3.10/site-packages/airflow/example_dags/example_trigger_target_dag.py
[2023-08-12T03:43:14.665+0000] {processor.py:836} INFO - DAG(s) dict_keys(['example_trigger_target_dag']) retrieved from /home/airflow/.local/lib/python3.10/site-packages/airflow/example_dags/example_trigger_target_dag.py
[2023-08-12T03:43:14.675+0000] {logging_mixin.py:149} INFO - [2023-08-12T03:43:14.674+0000] {dag.py:2726} INFO - Sync 1 DAGs
[2023-08-12T03:43:14.684+0000] {logging_mixin.py:149} INFO - [2023-08-12T03:43:14.684+0000] {dag.py:3486} INFO - Setting next_dagrun for example_trigger_target_dag to None, run_after=None
[2023-08-12T03:43:14.691+0000] {processor.py:179} INFO - Processing /home/airflow/.local/lib/python3.10/site-packages/airflow/example_dags/example_trigger_target_dag.py took 0.030 seconds
[2023-08-12T03:43:44.998+0000] {processor.py:157} INFO - Started process (PID=567) to work on /home/airflow/.local/lib/python3.10/site-packages/airflow/example_dags/example_trigger_target_dag.py
[2023-08-12T03:43:44.999+0000] {processor.py:826} INFO - Processing file /home/airflow/.local/lib/python3.10/site-packages/airflow/example_dags/example_trigger_target_dag.py for tasks to queue
[2023-08-12T03:43:44.999+0000] {logging_mixin.py:149} INFO - [2023-08-12T03:43:44.999+0000] {dagbag.py:541} INFO - Filling up the DagBag from /home/airflow/.local/lib/python3.10/site-packages/airflow/example_dags/example_trigger_target_dag.py
[2023-08-12T03:43:45.001+0000] {processor.py:836} INFO - DAG(s) dict_keys(['example_trigger_target_dag']) retrieved from /home/airflow/.local/lib/python3.10/site-packages/airflow/example_dags/example_trigger_target_dag.py
[2023-08-12T03:43:45.010+0000] {logging_mixin.py:149} INFO - [2023-08-12T03:43:45.010+0000] {dag.py:2726} INFO - Sync 1 DAGs
[2023-08-12T03:43:45.020+0000] {logging_mixin.py:149} INFO - [2023-08-12T03:43:45.020+0000] {dag.py:3486} INFO - Setting next_dagrun for example_trigger_target_dag to None, run_after=None
[2023-08-12T03:43:45.026+0000] {processor.py:179} INFO - Processing /home/airflow/.local/lib/python3.10/site-packages/airflow/example_dags/example_trigger_target_dag.py took 0.029 seconds
[2023-08-12T03:44:15.455+0000] {processor.py:157} INFO - Started process (PID=644) to work on /home/airflow/.local/lib/python3.10/site-packages/airflow/example_dags/example_trigger_target_dag.py
[2023-08-12T03:44:15.456+0000] {processor.py:826} INFO - Processing file /home/airflow/.local/lib/python3.10/site-packages/airflow/example_dags/example_trigger_target_dag.py for tasks to queue
[2023-08-12T03:44:15.456+0000] {logging_mixin.py:149} INFO - [2023-08-12T03:44:15.456+0000] {dagbag.py:541} INFO - Filling up the DagBag from /home/airflow/.local/lib/python3.10/site-packages/airflow/example_dags/example_trigger_target_dag.py
[2023-08-12T03:44:15.458+0000] {processor.py:836} INFO - DAG(s) dict_keys(['example_trigger_target_dag']) retrieved from /home/airflow/.local/lib/python3.10/site-packages/airflow/example_dags/example_trigger_target_dag.py
[2023-08-12T03:44:15.467+0000] {logging_mixin.py:149} INFO - [2023-08-12T03:44:15.467+0000] {dag.py:2726} INFO - Sync 1 DAGs
[2023-08-12T03:44:15.476+0000] {logging_mixin.py:149} INFO - [2023-08-12T03:44:15.476+0000] {dag.py:3486} INFO - Setting next_dagrun for example_trigger_target_dag to None, run_after=None
[2023-08-12T03:44:15.483+0000] {processor.py:179} INFO - Processing /home/airflow/.local/lib/python3.10/site-packages/airflow/example_dags/example_trigger_target_dag.py took 0.030 seconds
[2023-08-12T03:44:45.892+0000] {processor.py:157} INFO - Started process (PID=721) to work on /home/airflow/.local/lib/python3.10/site-packages/airflow/example_dags/example_trigger_target_dag.py
[2023-08-12T03:44:45.892+0000] {processor.py:826} INFO - Processing file /home/airflow/.local/lib/python3.10/site-packages/airflow/example_dags/example_trigger_target_dag.py for tasks to queue
[2023-08-12T03:44:45.892+0000] {logging_mixin.py:149} INFO - [2023-08-12T03:44:45.892+0000] {dagbag.py:541} INFO - Filling up the DagBag from /home/airflow/.local/lib/python3.10/site-packages/airflow/example_dags/example_trigger_target_dag.py
[2023-08-12T03:44:45.895+0000] {processor.py:836} INFO - DAG(s) dict_keys(['example_trigger_target_dag']) retrieved from /home/airflow/.local/lib/python3.10/site-packages/airflow/example_dags/example_trigger_target_dag.py
[2023-08-12T03:44:45.904+0000] {logging_mixin.py:149} INFO - [2023-08-12T03:44:45.904+0000] {dag.py:2726} INFO - Sync 1 DAGs
[2023-08-12T03:44:45.914+0000] {logging_mixin.py:149} INFO - [2023-08-12T03:44:45.914+0000] {dag.py:3486} INFO - Setting next_dagrun for example_trigger_target_dag to None, run_after=None
[2023-08-12T03:44:45.920+0000] {processor.py:179} INFO - Processing /home/airflow/.local/lib/python3.10/site-packages/airflow/example_dags/example_trigger_target_dag.py took 0.030 seconds
[2023-08-12T03:45:16.331+0000] {processor.py:157} INFO - Started process (PID=798) to work on /home/airflow/.local/lib/python3.10/site-packages/airflow/example_dags/example_trigger_target_dag.py
[2023-08-12T03:45:16.331+0000] {processor.py:826} INFO - Processing file /home/airflow/.local/lib/python3.10/site-packages/airflow/example_dags/example_trigger_target_dag.py for tasks to queue
[2023-08-12T03:45:16.332+0000] {logging_mixin.py:149} INFO - [2023-08-12T03:45:16.332+0000] {dagbag.py:541} INFO - Filling up the DagBag from /home/airflow/.local/lib/python3.10/site-packages/airflow/example_dags/example_trigger_target_dag.py
[2023-08-12T03:45:16.334+0000] {processor.py:836} INFO - DAG(s) dict_keys(['example_trigger_target_dag']) retrieved from /home/airflow/.local/lib/python3.10/site-packages/airflow/example_dags/example_trigger_target_dag.py
[2023-08-12T03:45:16.344+0000] {logging_mixin.py:149} INFO - [2023-08-12T03:45:16.344+0000] {dag.py:2726} INFO - Sync 1 DAGs
[2023-08-12T03:45:16.354+0000] {logging_mixin.py:149} INFO - [2023-08-12T03:45:16.354+0000] {dag.py:3486} INFO - Setting next_dagrun for example_trigger_target_dag to None, run_after=None
[2023-08-12T03:45:16.361+0000] {processor.py:179} INFO - Processing /home/airflow/.local/lib/python3.10/site-packages/airflow/example_dags/example_trigger_target_dag.py took 0.032 seconds
[2023-08-12T03:45:46.755+0000] {processor.py:157} INFO - Started process (PID=875) to work on /home/airflow/.local/lib/python3.10/site-packages/airflow/example_dags/example_trigger_target_dag.py
[2023-08-12T03:45:46.755+0000] {processor.py:826} INFO - Processing file /home/airflow/.local/lib/python3.10/site-packages/airflow/example_dags/example_trigger_target_dag.py for tasks to queue
[2023-08-12T03:45:46.756+0000] {logging_mixin.py:149} INFO - [2023-08-12T03:45:46.756+0000] {dagbag.py:541} INFO - Filling up the DagBag from /home/airflow/.local/lib/python3.10/site-packages/airflow/example_dags/example_trigger_target_dag.py
[2023-08-12T03:45:46.758+0000] {processor.py:836} INFO - DAG(s) dict_keys(['example_trigger_target_dag']) retrieved from /home/airflow/.local/lib/python3.10/site-packages/airflow/example_dags/example_trigger_target_dag.py
[2023-08-12T03:45:46.767+0000] {logging_mixin.py:149} INFO - [2023-08-12T03:45:46.767+0000] {dag.py:2726} INFO - Sync 1 DAGs
[2023-08-12T03:45:46.777+0000] {logging_mixin.py:149} INFO - [2023-08-12T03:45:46.777+0000] {dag.py:3486} INFO - Setting next_dagrun for example_trigger_target_dag to None, run_after=None
[2023-08-12T03:45:46.784+0000] {processor.py:179} INFO - Processing /home/airflow/.local/lib/python3.10/site-packages/airflow/example_dags/example_trigger_target_dag.py took 0.030 seconds
[2023-08-12T03:46:17.248+0000] {processor.py:157} INFO - Started process (PID=952) to work on /home/airflow/.local/lib/python3.10/site-packages/airflow/example_dags/example_trigger_target_dag.py
[2023-08-12T03:46:17.249+0000] {processor.py:826} INFO - Processing file /home/airflow/.local/lib/python3.10/site-packages/airflow/example_dags/example_trigger_target_dag.py for tasks to queue
[2023-08-12T03:46:17.249+0000] {logging_mixin.py:149} INFO - [2023-08-12T03:46:17.249+0000] {dagbag.py:541} INFO - Filling up the DagBag from /home/airflow/.local/lib/python3.10/site-packages/airflow/example_dags/example_trigger_target_dag.py
[2023-08-12T03:46:17.251+0000] {processor.py:836} INFO - DAG(s) dict_keys(['example_trigger_target_dag']) retrieved from /home/airflow/.local/lib/python3.10/site-packages/airflow/example_dags/example_trigger_target_dag.py
[2023-08-12T03:46:17.261+0000] {logging_mixin.py:149} INFO - [2023-08-12T03:46:17.261+0000] {dag.py:2726} INFO - Sync 1 DAGs
[2023-08-12T03:46:17.270+0000] {logging_mixin.py:149} INFO - [2023-08-12T03:46:17.270+0000] {dag.py:3486} INFO - Setting next_dagrun for example_trigger_target_dag to None, run_after=None
[2023-08-12T03:46:17.277+0000] {processor.py:179} INFO - Processing /home/airflow/.local/lib/python3.10/site-packages/airflow/example_dags/example_trigger_target_dag.py took 0.030 seconds
[2023-08-12T03:46:47.707+0000] {processor.py:157} INFO - Started process (PID=1029) to work on /home/airflow/.local/lib/python3.10/site-packages/airflow/example_dags/example_trigger_target_dag.py
[2023-08-12T03:46:47.707+0000] {processor.py:826} INFO - Processing file /home/airflow/.local/lib/python3.10/site-packages/airflow/example_dags/example_trigger_target_dag.py for tasks to queue
[2023-08-12T03:46:47.707+0000] {logging_mixin.py:149} INFO - [2023-08-12T03:46:47.707+0000] {dagbag.py:541} INFO - Filling up the DagBag from /home/airflow/.local/lib/python3.10/site-packages/airflow/example_dags/example_trigger_target_dag.py
[2023-08-12T03:46:47.710+0000] {processor.py:836} INFO - DAG(s) dict_keys(['example_trigger_target_dag']) retrieved from /home/airflow/.local/lib/python3.10/site-packages/airflow/example_dags/example_trigger_target_dag.py
[2023-08-12T03:46:47.719+0000] {logging_mixin.py:149} INFO - [2023-08-12T03:46:47.719+0000] {dag.py:2726} INFO - Sync 1 DAGs
[2023-08-12T03:46:47.728+0000] {logging_mixin.py:149} INFO - [2023-08-12T03:46:47.728+0000] {dag.py:3486} INFO - Setting next_dagrun for example_trigger_target_dag to None, run_after=None
[2023-08-12T03:46:47.735+0000] {processor.py:179} INFO - Processing /home/airflow/.local/lib/python3.10/site-packages/airflow/example_dags/example_trigger_target_dag.py took 0.030 seconds
[2023-08-12T03:47:18.101+0000] {processor.py:157} INFO - Started process (PID=1105) to work on /home/airflow/.local/lib/python3.10/site-packages/airflow/example_dags/example_trigger_target_dag.py
[2023-08-12T03:47:18.101+0000] {processor.py:826} INFO - Processing file /home/airflow/.local/lib/python3.10/site-packages/airflow/example_dags/example_trigger_target_dag.py for tasks to queue
[2023-08-12T03:47:18.101+0000] {logging_mixin.py:149} INFO - [2023-08-12T03:47:18.101+0000] {dagbag.py:541} INFO - Filling up the DagBag from /home/airflow/.local/lib/python3.10/site-packages/airflow/example_dags/example_trigger_target_dag.py
[2023-08-12T03:47:18.104+0000] {processor.py:836} INFO - DAG(s) dict_keys(['example_trigger_target_dag']) retrieved from /home/airflow/.local/lib/python3.10/site-packages/airflow/example_dags/example_trigger_target_dag.py
[2023-08-12T03:47:18.113+0000] {logging_mixin.py:149} INFO - [2023-08-12T03:47:18.113+0000] {dag.py:2726} INFO - Sync 1 DAGs
[2023-08-12T03:47:18.123+0000] {logging_mixin.py:149} INFO - [2023-08-12T03:47:18.123+0000] {dag.py:3486} INFO - Setting next_dagrun for example_trigger_target_dag to None, run_after=None
[2023-08-12T03:47:18.130+0000] {processor.py:179} INFO - Processing /home/airflow/.local/lib/python3.10/site-packages/airflow/example_dags/example_trigger_target_dag.py took 0.030 seconds
[2023-08-12T03:47:48.424+0000] {processor.py:157} INFO - Started process (PID=1182) to work on /home/airflow/.local/lib/python3.10/site-packages/airflow/example_dags/example_trigger_target_dag.py
[2023-08-12T03:47:48.425+0000] {processor.py:826} INFO - Processing file /home/airflow/.local/lib/python3.10/site-packages/airflow/example_dags/example_trigger_target_dag.py for tasks to queue
[2023-08-12T03:47:48.425+0000] {logging_mixin.py:149} INFO - [2023-08-12T03:47:48.425+0000] {dagbag.py:541} INFO - Filling up the DagBag from /home/airflow/.local/lib/python3.10/site-packages/airflow/example_dags/example_trigger_target_dag.py
[2023-08-12T03:47:48.427+0000] {processor.py:836} INFO - DAG(s) dict_keys(['example_trigger_target_dag']) retrieved from /home/airflow/.local/lib/python3.10/site-packages/airflow/example_dags/example_trigger_target_dag.py
[2023-08-12T03:47:48.436+0000] {logging_mixin.py:149} INFO - [2023-08-12T03:47:48.436+0000] {dag.py:2726} INFO - Sync 1 DAGs
[2023-08-12T03:47:48.446+0000] {logging_mixin.py:149} INFO - [2023-08-12T03:47:48.446+0000] {dag.py:3486} INFO - Setting next_dagrun for example_trigger_target_dag to None, run_after=None
[2023-08-12T03:47:48.453+0000] {processor.py:179} INFO - Processing /home/airflow/.local/lib/python3.10/site-packages/airflow/example_dags/example_trigger_target_dag.py took 0.030 seconds
[2023-08-12T03:48:18.848+0000] {processor.py:157} INFO - Started process (PID=1259) to work on /home/airflow/.local/lib/python3.10/site-packages/airflow/example_dags/example_trigger_target_dag.py
[2023-08-12T03:48:18.849+0000] {processor.py:826} INFO - Processing file /home/airflow/.local/lib/python3.10/site-packages/airflow/example_dags/example_trigger_target_dag.py for tasks to queue
[2023-08-12T03:48:18.849+0000] {logging_mixin.py:149} INFO - [2023-08-12T03:48:18.849+0000] {dagbag.py:541} INFO - Filling up the DagBag from /home/airflow/.local/lib/python3.10/site-packages/airflow/example_dags/example_trigger_target_dag.py
[2023-08-12T03:48:18.851+0000] {processor.py:836} INFO - DAG(s) dict_keys(['example_trigger_target_dag']) retrieved from /home/airflow/.local/lib/python3.10/site-packages/airflow/example_dags/example_trigger_target_dag.py
[2023-08-12T03:48:18.861+0000] {logging_mixin.py:149} INFO - [2023-08-12T03:48:18.861+0000] {dag.py:2726} INFO - Sync 1 DAGs
[2023-08-12T03:48:18.870+0000] {logging_mixin.py:149} INFO - [2023-08-12T03:48:18.870+0000] {dag.py:3486} INFO - Setting next_dagrun for example_trigger_target_dag to None, run_after=None
[2023-08-12T03:48:18.878+0000] {processor.py:179} INFO - Processing /home/airflow/.local/lib/python3.10/site-packages/airflow/example_dags/example_trigger_target_dag.py took 0.031 seconds
[2023-08-12T03:48:49.133+0000] {processor.py:157} INFO - Started process (PID=1336) to work on /home/airflow/.local/lib/python3.10/site-packages/airflow/example_dags/example_trigger_target_dag.py
[2023-08-12T03:48:49.133+0000] {processor.py:826} INFO - Processing file /home/airflow/.local/lib/python3.10/site-packages/airflow/example_dags/example_trigger_target_dag.py for tasks to queue
[2023-08-12T03:48:49.133+0000] {logging_mixin.py:149} INFO - [2023-08-12T03:48:49.133+0000] {dagbag.py:541} INFO - Filling up the DagBag from /home/airflow/.local/lib/python3.10/site-packages/airflow/example_dags/example_trigger_target_dag.py
[2023-08-12T03:48:49.135+0000] {processor.py:836} INFO - DAG(s) dict_keys(['example_trigger_target_dag']) retrieved from /home/airflow/.local/lib/python3.10/site-packages/airflow/example_dags/example_trigger_target_dag.py
[2023-08-12T03:48:49.145+0000] {logging_mixin.py:149} INFO - [2023-08-12T03:48:49.145+0000] {dag.py:2726} INFO - Sync 1 DAGs
[2023-08-12T03:48:49.154+0000] {logging_mixin.py:149} INFO - [2023-08-12T03:48:49.154+0000] {dag.py:3486} INFO - Setting next_dagrun for example_trigger_target_dag to None, run_after=None
[2023-08-12T03:48:49.161+0000] {processor.py:179} INFO - Processing /home/airflow/.local/lib/python3.10/site-packages/airflow/example_dags/example_trigger_target_dag.py took 0.029 seconds
[2023-08-12T03:49:19.558+0000] {processor.py:157} INFO - Started process (PID=1413) to work on /home/airflow/.local/lib/python3.10/site-packages/airflow/example_dags/example_trigger_target_dag.py
[2023-08-12T03:49:19.559+0000] {processor.py:826} INFO - Processing file /home/airflow/.local/lib/python3.10/site-packages/airflow/example_dags/example_trigger_target_dag.py for tasks to queue
[2023-08-12T03:49:19.559+0000] {logging_mixin.py:149} INFO - [2023-08-12T03:49:19.559+0000] {dagbag.py:541} INFO - Filling up the DagBag from /home/airflow/.local/lib/python3.10/site-packages/airflow/example_dags/example_trigger_target_dag.py
[2023-08-12T03:49:19.561+0000] {processor.py:836} INFO - DAG(s) dict_keys(['example_trigger_target_dag']) retrieved from /home/airflow/.local/lib/python3.10/site-packages/airflow/example_dags/example_trigger_target_dag.py
[2023-08-12T03:49:19.571+0000] {logging_mixin.py:149} INFO - [2023-08-12T03:49:19.570+0000] {dag.py:2726} INFO - Sync 1 DAGs
[2023-08-12T03:49:19.580+0000] {logging_mixin.py:149} INFO - [2023-08-12T03:49:19.580+0000] {dag.py:3486} INFO - Setting next_dagrun for example_trigger_target_dag to None, run_after=None
[2023-08-12T03:49:19.586+0000] {processor.py:179} INFO - Processing /home/airflow/.local/lib/python3.10/site-packages/airflow/example_dags/example_trigger_target_dag.py took 0.030 seconds
[2023-08-12T03:49:49.927+0000] {processor.py:157} INFO - Started process (PID=1490) to work on /home/airflow/.local/lib/python3.10/site-packages/airflow/example_dags/example_trigger_target_dag.py
[2023-08-12T03:49:49.927+0000] {processor.py:826} INFO - Processing file /home/airflow/.local/lib/python3.10/site-packages/airflow/example_dags/example_trigger_target_dag.py for tasks to queue
[2023-08-12T03:49:49.928+0000] {logging_mixin.py:149} INFO - [2023-08-12T03:49:49.928+0000] {dagbag.py:541} INFO - Filling up the DagBag from /home/airflow/.local/lib/python3.10/site-packages/airflow/example_dags/example_trigger_target_dag.py
[2023-08-12T03:49:49.930+0000] {processor.py:836} INFO - DAG(s) dict_keys(['example_trigger_target_dag']) retrieved from /home/airflow/.local/lib/python3.10/site-packages/airflow/example_dags/example_trigger_target_dag.py
[2023-08-12T03:49:49.939+0000] {logging_mixin.py:149} INFO - [2023-08-12T03:49:49.939+0000] {dag.py:2726} INFO - Sync 1 DAGs
[2023-08-12T03:49:49.949+0000] {logging_mixin.py:149} INFO - [2023-08-12T03:49:49.949+0000] {dag.py:3486} INFO - Setting next_dagrun for example_trigger_target_dag to None, run_after=None
[2023-08-12T03:49:49.956+0000] {processor.py:179} INFO - Processing /home/airflow/.local/lib/python3.10/site-packages/airflow/example_dags/example_trigger_target_dag.py took 0.030 seconds
[2023-08-12T03:50:20.255+0000] {processor.py:157} INFO - Started process (PID=1567) to work on /home/airflow/.local/lib/python3.10/site-packages/airflow/example_dags/example_trigger_target_dag.py
[2023-08-12T03:50:20.255+0000] {processor.py:826} INFO - Processing file /home/airflow/.local/lib/python3.10/site-packages/airflow/example_dags/example_trigger_target_dag.py for tasks to queue
[2023-08-12T03:50:20.255+0000] {logging_mixin.py:149} INFO - [2023-08-12T03:50:20.255+0000] {dagbag.py:541} INFO - Filling up the DagBag from /home/airflow/.local/lib/python3.10/site-packages/airflow/example_dags/example_trigger_target_dag.py
[2023-08-12T03:50:20.258+0000] {processor.py:836} INFO - DAG(s) dict_keys(['example_trigger_target_dag']) retrieved from /home/airflow/.local/lib/python3.10/site-packages/airflow/example_dags/example_trigger_target_dag.py
[2023-08-12T03:50:20.268+0000] {logging_mixin.py:149} INFO - [2023-08-12T03:50:20.267+0000] {dag.py:2726} INFO - Sync 1 DAGs
[2023-08-12T03:50:20.277+0000] {logging_mixin.py:149} INFO - [2023-08-12T03:50:20.277+0000] {dag.py:3486} INFO - Setting next_dagrun for example_trigger_target_dag to None, run_after=None
[2023-08-12T03:50:20.284+0000] {processor.py:179} INFO - Processing /home/airflow/.local/lib/python3.10/site-packages/airflow/example_dags/example_trigger_target_dag.py took 0.031 seconds
[2023-08-12T03:50:50.650+0000] {processor.py:157} INFO - Started process (PID=1644) to work on /home/airflow/.local/lib/python3.10/site-packages/airflow/example_dags/example_trigger_target_dag.py
[2023-08-12T03:50:50.650+0000] {processor.py:826} INFO - Processing file /home/airflow/.local/lib/python3.10/site-packages/airflow/example_dags/example_trigger_target_dag.py for tasks to queue
[2023-08-12T03:50:50.650+0000] {logging_mixin.py:149} INFO - [2023-08-12T03:50:50.650+0000] {dagbag.py:541} INFO - Filling up the DagBag from /home/airflow/.local/lib/python3.10/site-packages/airflow/example_dags/example_trigger_target_dag.py
[2023-08-12T03:50:50.653+0000] {processor.py:836} INFO - DAG(s) dict_keys(['example_trigger_target_dag']) retrieved from /home/airflow/.local/lib/python3.10/site-packages/airflow/example_dags/example_trigger_target_dag.py
[2023-08-12T03:50:50.662+0000] {logging_mixin.py:149} INFO - [2023-08-12T03:50:50.662+0000] {dag.py:2726} INFO - Sync 1 DAGs
[2023-08-12T03:50:50.671+0000] {logging_mixin.py:149} INFO - [2023-08-12T03:50:50.671+0000] {dag.py:3486} INFO - Setting next_dagrun for example_trigger_target_dag to None, run_after=None
[2023-08-12T03:50:50.678+0000] {processor.py:179} INFO - Processing /home/airflow/.local/lib/python3.10/site-packages/airflow/example_dags/example_trigger_target_dag.py took 0.029 seconds
[2023-08-12T03:51:21.050+0000] {processor.py:157} INFO - Started process (PID=1721) to work on /home/airflow/.local/lib/python3.10/site-packages/airflow/example_dags/example_trigger_target_dag.py
[2023-08-12T03:51:21.051+0000] {processor.py:826} INFO - Processing file /home/airflow/.local/lib/python3.10/site-packages/airflow/example_dags/example_trigger_target_dag.py for tasks to queue
[2023-08-12T03:51:21.051+0000] {logging_mixin.py:149} INFO - [2023-08-12T03:51:21.051+0000] {dagbag.py:541} INFO - Filling up the DagBag from /home/airflow/.local/lib/python3.10/site-packages/airflow/example_dags/example_trigger_target_dag.py
[2023-08-12T03:51:21.053+0000] {processor.py:836} INFO - DAG(s) dict_keys(['example_trigger_target_dag']) retrieved from /home/airflow/.local/lib/python3.10/site-packages/airflow/example_dags/example_trigger_target_dag.py
[2023-08-12T03:51:21.065+0000] {logging_mixin.py:149} INFO - [2023-08-12T03:51:21.065+0000] {dag.py:2726} INFO - Sync 1 DAGs
[2023-08-12T03:51:21.074+0000] {logging_mixin.py:149} INFO - [2023-08-12T03:51:21.074+0000] {dag.py:3486} INFO - Setting next_dagrun for example_trigger_target_dag to None, run_after=None
[2023-08-12T03:51:21.081+0000] {processor.py:179} INFO - Processing /home/airflow/.local/lib/python3.10/site-packages/airflow/example_dags/example_trigger_target_dag.py took 0.032 seconds
[2023-08-12T03:51:51.540+0000] {processor.py:157} INFO - Started process (PID=1798) to work on /home/airflow/.local/lib/python3.10/site-packages/airflow/example_dags/example_trigger_target_dag.py
[2023-08-12T03:51:51.541+0000] {processor.py:826} INFO - Processing file /home/airflow/.local/lib/python3.10/site-packages/airflow/example_dags/example_trigger_target_dag.py for tasks to queue
[2023-08-12T03:51:51.541+0000] {logging_mixin.py:149} INFO - [2023-08-12T03:51:51.541+0000] {dagbag.py:541} INFO - Filling up the DagBag from /home/airflow/.local/lib/python3.10/site-packages/airflow/example_dags/example_trigger_target_dag.py
[2023-08-12T03:51:51.543+0000] {processor.py:836} INFO - DAG(s) dict_keys(['example_trigger_target_dag']) retrieved from /home/airflow/.local/lib/python3.10/site-packages/airflow/example_dags/example_trigger_target_dag.py
[2023-08-12T03:51:51.553+0000] {logging_mixin.py:149} INFO - [2023-08-12T03:51:51.553+0000] {dag.py:2726} INFO - Sync 1 DAGs
[2023-08-12T03:51:51.562+0000] {logging_mixin.py:149} INFO - [2023-08-12T03:51:51.562+0000] {dag.py:3486} INFO - Setting next_dagrun for example_trigger_target_dag to None, run_after=None
[2023-08-12T03:51:51.569+0000] {processor.py:179} INFO - Processing /home/airflow/.local/lib/python3.10/site-packages/airflow/example_dags/example_trigger_target_dag.py took 0.030 seconds
[2023-08-12T03:52:22.000+0000] {processor.py:157} INFO - Started process (PID=1875) to work on /home/airflow/.local/lib/python3.10/site-packages/airflow/example_dags/example_trigger_target_dag.py
[2023-08-12T03:52:22.000+0000] {processor.py:826} INFO - Processing file /home/airflow/.local/lib/python3.10/site-packages/airflow/example_dags/example_trigger_target_dag.py for tasks to queue
[2023-08-12T03:52:22.000+0000] {logging_mixin.py:149} INFO - [2023-08-12T03:52:22.000+0000] {dagbag.py:541} INFO - Filling up the DagBag from /home/airflow/.local/lib/python3.10/site-packages/airflow/example_dags/example_trigger_target_dag.py
[2023-08-12T03:52:22.002+0000] {processor.py:836} INFO - DAG(s) dict_keys(['example_trigger_target_dag']) retrieved from /home/airflow/.local/lib/python3.10/site-packages/airflow/example_dags/example_trigger_target_dag.py
[2023-08-12T03:52:22.012+0000] {logging_mixin.py:149} INFO - [2023-08-12T03:52:22.012+0000] {dag.py:2726} INFO - Sync 1 DAGs
[2023-08-12T03:52:22.021+0000] {logging_mixin.py:149} INFO - [2023-08-12T03:52:22.021+0000] {dag.py:3486} INFO - Setting next_dagrun for example_trigger_target_dag to None, run_after=None
[2023-08-12T03:52:22.029+0000] {processor.py:179} INFO - Processing /home/airflow/.local/lib/python3.10/site-packages/airflow/example_dags/example_trigger_target_dag.py took 0.031 seconds
[2023-08-12T03:52:52.458+0000] {processor.py:157} INFO - Started process (PID=1952) to work on /home/airflow/.local/lib/python3.10/site-packages/airflow/example_dags/example_trigger_target_dag.py
[2023-08-12T03:52:52.458+0000] {processor.py:826} INFO - Processing file /home/airflow/.local/lib/python3.10/site-packages/airflow/example_dags/example_trigger_target_dag.py for tasks to queue
[2023-08-12T03:52:52.458+0000] {logging_mixin.py:149} INFO - [2023-08-12T03:52:52.458+0000] {dagbag.py:541} INFO - Filling up the DagBag from /home/airflow/.local/lib/python3.10/site-packages/airflow/example_dags/example_trigger_target_dag.py
[2023-08-12T03:52:52.460+0000] {processor.py:836} INFO - DAG(s) dict_keys(['example_trigger_target_dag']) retrieved from /home/airflow/.local/lib/python3.10/site-packages/airflow/example_dags/example_trigger_target_dag.py
[2023-08-12T03:52:52.469+0000] {logging_mixin.py:149} INFO - [2023-08-12T03:52:52.469+0000] {dag.py:2726} INFO - Sync 1 DAGs
[2023-08-12T03:52:52.479+0000] {logging_mixin.py:149} INFO - [2023-08-12T03:52:52.479+0000] {dag.py:3486} INFO - Setting next_dagrun for example_trigger_target_dag to None, run_after=None
[2023-08-12T03:52:52.485+0000] {processor.py:179} INFO - Processing /home/airflow/.local/lib/python3.10/site-packages/airflow/example_dags/example_trigger_target_dag.py took 0.029 seconds
[2023-08-12T03:53:22.916+0000] {processor.py:157} INFO - Started process (PID=2029) to work on /home/airflow/.local/lib/python3.10/site-packages/airflow/example_dags/example_trigger_target_dag.py
[2023-08-12T03:53:22.916+0000] {processor.py:826} INFO - Processing file /home/airflow/.local/lib/python3.10/site-packages/airflow/example_dags/example_trigger_target_dag.py for tasks to queue
[2023-08-12T03:53:22.916+0000] {logging_mixin.py:149} INFO - [2023-08-12T03:53:22.916+0000] {dagbag.py:541} INFO - Filling up the DagBag from /home/airflow/.local/lib/python3.10/site-packages/airflow/example_dags/example_trigger_target_dag.py
[2023-08-12T03:53:22.919+0000] {processor.py:836} INFO - DAG(s) dict_keys(['example_trigger_target_dag']) retrieved from /home/airflow/.local/lib/python3.10/site-packages/airflow/example_dags/example_trigger_target_dag.py
[2023-08-12T03:53:22.928+0000] {logging_mixin.py:149} INFO - [2023-08-12T03:53:22.928+0000] {dag.py:2726} INFO - Sync 1 DAGs
[2023-08-12T03:53:22.937+0000] {logging_mixin.py:149} INFO - [2023-08-12T03:53:22.937+0000] {dag.py:3486} INFO - Setting next_dagrun for example_trigger_target_dag to None, run_after=None
[2023-08-12T03:53:22.944+0000] {processor.py:179} INFO - Processing /home/airflow/.local/lib/python3.10/site-packages/airflow/example_dags/example_trigger_target_dag.py took 0.030 seconds
[2023-08-12T03:53:53.333+0000] {processor.py:157} INFO - Started process (PID=2106) to work on /home/airflow/.local/lib/python3.10/site-packages/airflow/example_dags/example_trigger_target_dag.py
[2023-08-12T03:53:53.333+0000] {processor.py:826} INFO - Processing file /home/airflow/.local/lib/python3.10/site-packages/airflow/example_dags/example_trigger_target_dag.py for tasks to queue
[2023-08-12T03:53:53.333+0000] {logging_mixin.py:149} INFO - [2023-08-12T03:53:53.333+0000] {dagbag.py:541} INFO - Filling up the DagBag from /home/airflow/.local/lib/python3.10/site-packages/airflow/example_dags/example_trigger_target_dag.py
[2023-08-12T03:53:53.336+0000] {processor.py:836} INFO - DAG(s) dict_keys(['example_trigger_target_dag']) retrieved from /home/airflow/.local/lib/python3.10/site-packages/airflow/example_dags/example_trigger_target_dag.py
[2023-08-12T03:53:53.345+0000] {logging_mixin.py:149} INFO - [2023-08-12T03:53:53.345+0000] {dag.py:2726} INFO - Sync 1 DAGs
[2023-08-12T03:53:53.355+0000] {logging_mixin.py:149} INFO - [2023-08-12T03:53:53.355+0000] {dag.py:3486} INFO - Setting next_dagrun for example_trigger_target_dag to None, run_after=None
[2023-08-12T03:53:53.362+0000] {processor.py:179} INFO - Processing /home/airflow/.local/lib/python3.10/site-packages/airflow/example_dags/example_trigger_target_dag.py took 0.030 seconds
[2023-08-12T03:54:23.684+0000] {processor.py:157} INFO - Started process (PID=2183) to work on /home/airflow/.local/lib/python3.10/site-packages/airflow/example_dags/example_trigger_target_dag.py
[2023-08-12T03:54:23.684+0000] {processor.py:826} INFO - Processing file /home/airflow/.local/lib/python3.10/site-packages/airflow/example_dags/example_trigger_target_dag.py for tasks to queue
[2023-08-12T03:54:23.684+0000] {logging_mixin.py:149} INFO - [2023-08-12T03:54:23.684+0000] {dagbag.py:541} INFO - Filling up the DagBag from /home/airflow/.local/lib/python3.10/site-packages/airflow/example_dags/example_trigger_target_dag.py
[2023-08-12T03:54:23.687+0000] {processor.py:836} INFO - DAG(s) dict_keys(['example_trigger_target_dag']) retrieved from /home/airflow/.local/lib/python3.10/site-packages/airflow/example_dags/example_trigger_target_dag.py
[2023-08-12T03:54:23.696+0000] {logging_mixin.py:149} INFO - [2023-08-12T03:54:23.696+0000] {dag.py:2726} INFO - Sync 1 DAGs
[2023-08-12T03:54:23.706+0000] {logging_mixin.py:149} INFO - [2023-08-12T03:54:23.706+0000] {dag.py:3486} INFO - Setting next_dagrun for example_trigger_target_dag to None, run_after=None
[2023-08-12T03:54:23.713+0000] {processor.py:179} INFO - Processing /home/airflow/.local/lib/python3.10/site-packages/airflow/example_dags/example_trigger_target_dag.py took 0.031 seconds
[2023-08-12T03:54:54.035+0000] {processor.py:157} INFO - Started process (PID=2261) to work on /home/airflow/.local/lib/python3.10/site-packages/airflow/example_dags/example_trigger_target_dag.py
[2023-08-12T03:54:54.035+0000] {processor.py:826} INFO - Processing file /home/airflow/.local/lib/python3.10/site-packages/airflow/example_dags/example_trigger_target_dag.py for tasks to queue
[2023-08-12T03:54:54.035+0000] {logging_mixin.py:149} INFO - [2023-08-12T03:54:54.035+0000] {dagbag.py:541} INFO - Filling up the DagBag from /home/airflow/.local/lib/python3.10/site-packages/airflow/example_dags/example_trigger_target_dag.py
[2023-08-12T03:54:54.037+0000] {processor.py:836} INFO - DAG(s) dict_keys(['example_trigger_target_dag']) retrieved from /home/airflow/.local/lib/python3.10/site-packages/airflow/example_dags/example_trigger_target_dag.py
[2023-08-12T03:54:54.047+0000] {logging_mixin.py:149} INFO - [2023-08-12T03:54:54.047+0000] {dag.py:2726} INFO - Sync 1 DAGs
[2023-08-12T03:54:54.057+0000] {logging_mixin.py:149} INFO - [2023-08-12T03:54:54.057+0000] {dag.py:3486} INFO - Setting next_dagrun for example_trigger_target_dag to None, run_after=None
[2023-08-12T03:54:54.065+0000] {processor.py:179} INFO - Processing /home/airflow/.local/lib/python3.10/site-packages/airflow/example_dags/example_trigger_target_dag.py took 0.031 seconds
[2023-08-12T03:55:24.422+0000] {processor.py:157} INFO - Started process (PID=2338) to work on /home/airflow/.local/lib/python3.10/site-packages/airflow/example_dags/example_trigger_target_dag.py
[2023-08-12T03:55:24.422+0000] {processor.py:826} INFO - Processing file /home/airflow/.local/lib/python3.10/site-packages/airflow/example_dags/example_trigger_target_dag.py for tasks to queue
[2023-08-12T03:55:24.422+0000] {logging_mixin.py:149} INFO - [2023-08-12T03:55:24.422+0000] {dagbag.py:541} INFO - Filling up the DagBag from /home/airflow/.local/lib/python3.10/site-packages/airflow/example_dags/example_trigger_target_dag.py
[2023-08-12T03:55:24.424+0000] {processor.py:836} INFO - DAG(s) dict_keys(['example_trigger_target_dag']) retrieved from /home/airflow/.local/lib/python3.10/site-packages/airflow/example_dags/example_trigger_target_dag.py
[2023-08-12T03:55:24.434+0000] {logging_mixin.py:149} INFO - [2023-08-12T03:55:24.434+0000] {dag.py:2726} INFO - Sync 1 DAGs
[2023-08-12T03:55:24.443+0000] {logging_mixin.py:149} INFO - [2023-08-12T03:55:24.443+0000] {dag.py:3486} INFO - Setting next_dagrun for example_trigger_target_dag to None, run_after=None
[2023-08-12T03:55:24.450+0000] {processor.py:179} INFO - Processing /home/airflow/.local/lib/python3.10/site-packages/airflow/example_dags/example_trigger_target_dag.py took 0.030 seconds
[2023-08-12T03:56:29.718+0000] {processor.py:157} INFO - Started process (PID=28) to work on /home/airflow/.local/lib/python3.10/site-packages/airflow/example_dags/example_trigger_target_dag.py
[2023-08-12T03:56:29.718+0000] {processor.py:826} INFO - Processing file /home/airflow/.local/lib/python3.10/site-packages/airflow/example_dags/example_trigger_target_dag.py for tasks to queue
[2023-08-12T03:56:29.718+0000] {logging_mixin.py:149} INFO - [2023-08-12T03:56:29.718+0000] {dagbag.py:541} INFO - Filling up the DagBag from /home/airflow/.local/lib/python3.10/site-packages/airflow/example_dags/example_trigger_target_dag.py
[2023-08-12T03:56:29.722+0000] {processor.py:836} INFO - DAG(s) dict_keys(['example_trigger_target_dag']) retrieved from /home/airflow/.local/lib/python3.10/site-packages/airflow/example_dags/example_trigger_target_dag.py
[2023-08-12T03:56:29.728+0000] {logging_mixin.py:149} INFO - [2023-08-12T03:56:29.728+0000] {dag.py:2726} INFO - Sync 1 DAGs
[2023-08-12T03:56:29.738+0000] {logging_mixin.py:149} INFO - [2023-08-12T03:56:29.738+0000] {dag.py:3486} INFO - Setting next_dagrun for example_trigger_target_dag to None, run_after=None
[2023-08-12T03:56:29.746+0000] {processor.py:179} INFO - Processing /home/airflow/.local/lib/python3.10/site-packages/airflow/example_dags/example_trigger_target_dag.py took 0.030 seconds
[2023-08-12T03:56:59.960+0000] {processor.py:157} INFO - Started process (PID=105) to work on /home/airflow/.local/lib/python3.10/site-packages/airflow/example_dags/example_trigger_target_dag.py
[2023-08-12T03:56:59.961+0000] {processor.py:826} INFO - Processing file /home/airflow/.local/lib/python3.10/site-packages/airflow/example_dags/example_trigger_target_dag.py for tasks to queue
[2023-08-12T03:56:59.961+0000] {logging_mixin.py:149} INFO - [2023-08-12T03:56:59.961+0000] {dagbag.py:541} INFO - Filling up the DagBag from /home/airflow/.local/lib/python3.10/site-packages/airflow/example_dags/example_trigger_target_dag.py
[2023-08-12T03:56:59.963+0000] {processor.py:836} INFO - DAG(s) dict_keys(['example_trigger_target_dag']) retrieved from /home/airflow/.local/lib/python3.10/site-packages/airflow/example_dags/example_trigger_target_dag.py
[2023-08-12T03:56:59.972+0000] {logging_mixin.py:149} INFO - [2023-08-12T03:56:59.972+0000] {dag.py:2726} INFO - Sync 1 DAGs
[2023-08-12T03:56:59.982+0000] {logging_mixin.py:149} INFO - [2023-08-12T03:56:59.982+0000] {dag.py:3486} INFO - Setting next_dagrun for example_trigger_target_dag to None, run_after=None
[2023-08-12T03:56:59.989+0000] {processor.py:179} INFO - Processing /home/airflow/.local/lib/python3.10/site-packages/airflow/example_dags/example_trigger_target_dag.py took 0.030 seconds
[2023-08-12T03:57:30.376+0000] {processor.py:157} INFO - Started process (PID=182) to work on /home/airflow/.local/lib/python3.10/site-packages/airflow/example_dags/example_trigger_target_dag.py
[2023-08-12T03:57:30.377+0000] {processor.py:826} INFO - Processing file /home/airflow/.local/lib/python3.10/site-packages/airflow/example_dags/example_trigger_target_dag.py for tasks to queue
[2023-08-12T03:57:30.377+0000] {logging_mixin.py:149} INFO - [2023-08-12T03:57:30.377+0000] {dagbag.py:541} INFO - Filling up the DagBag from /home/airflow/.local/lib/python3.10/site-packages/airflow/example_dags/example_trigger_target_dag.py
[2023-08-12T03:57:30.380+0000] {processor.py:836} INFO - DAG(s) dict_keys(['example_trigger_target_dag']) retrieved from /home/airflow/.local/lib/python3.10/site-packages/airflow/example_dags/example_trigger_target_dag.py
[2023-08-12T03:57:30.389+0000] {logging_mixin.py:149} INFO - [2023-08-12T03:57:30.389+0000] {dag.py:2726} INFO - Sync 1 DAGs
[2023-08-12T03:57:30.399+0000] {logging_mixin.py:149} INFO - [2023-08-12T03:57:30.399+0000] {dag.py:3486} INFO - Setting next_dagrun for example_trigger_target_dag to None, run_after=None
[2023-08-12T03:57:30.406+0000] {processor.py:179} INFO - Processing /home/airflow/.local/lib/python3.10/site-packages/airflow/example_dags/example_trigger_target_dag.py took 0.032 seconds
[2023-08-12T03:58:00.728+0000] {processor.py:157} INFO - Started process (PID=259) to work on /home/airflow/.local/lib/python3.10/site-packages/airflow/example_dags/example_trigger_target_dag.py
[2023-08-12T03:58:00.729+0000] {processor.py:826} INFO - Processing file /home/airflow/.local/lib/python3.10/site-packages/airflow/example_dags/example_trigger_target_dag.py for tasks to queue
[2023-08-12T03:58:00.729+0000] {logging_mixin.py:149} INFO - [2023-08-12T03:58:00.729+0000] {dagbag.py:541} INFO - Filling up the DagBag from /home/airflow/.local/lib/python3.10/site-packages/airflow/example_dags/example_trigger_target_dag.py
[2023-08-12T03:58:00.731+0000] {processor.py:836} INFO - DAG(s) dict_keys(['example_trigger_target_dag']) retrieved from /home/airflow/.local/lib/python3.10/site-packages/airflow/example_dags/example_trigger_target_dag.py
[2023-08-12T03:58:00.741+0000] {logging_mixin.py:149} INFO - [2023-08-12T03:58:00.741+0000] {dag.py:2726} INFO - Sync 1 DAGs
[2023-08-12T03:58:00.751+0000] {logging_mixin.py:149} INFO - [2023-08-12T03:58:00.751+0000] {dag.py:3486} INFO - Setting next_dagrun for example_trigger_target_dag to None, run_after=None
[2023-08-12T03:58:00.758+0000] {processor.py:179} INFO - Processing /home/airflow/.local/lib/python3.10/site-packages/airflow/example_dags/example_trigger_target_dag.py took 0.031 seconds
[2023-08-12T03:58:31.069+0000] {processor.py:157} INFO - Started process (PID=336) to work on /home/airflow/.local/lib/python3.10/site-packages/airflow/example_dags/example_trigger_target_dag.py
[2023-08-12T03:58:31.069+0000] {processor.py:826} INFO - Processing file /home/airflow/.local/lib/python3.10/site-packages/airflow/example_dags/example_trigger_target_dag.py for tasks to queue
[2023-08-12T03:58:31.070+0000] {logging_mixin.py:149} INFO - [2023-08-12T03:58:31.070+0000] {dagbag.py:541} INFO - Filling up the DagBag from /home/airflow/.local/lib/python3.10/site-packages/airflow/example_dags/example_trigger_target_dag.py
[2023-08-12T03:58:31.072+0000] {processor.py:836} INFO - DAG(s) dict_keys(['example_trigger_target_dag']) retrieved from /home/airflow/.local/lib/python3.10/site-packages/airflow/example_dags/example_trigger_target_dag.py
[2023-08-12T03:58:31.081+0000] {logging_mixin.py:149} INFO - [2023-08-12T03:58:31.081+0000] {dag.py:2726} INFO - Sync 1 DAGs
[2023-08-12T03:58:31.091+0000] {logging_mixin.py:149} INFO - [2023-08-12T03:58:31.091+0000] {dag.py:3486} INFO - Setting next_dagrun for example_trigger_target_dag to None, run_after=None
[2023-08-12T03:58:31.099+0000] {processor.py:179} INFO - Processing /home/airflow/.local/lib/python3.10/site-packages/airflow/example_dags/example_trigger_target_dag.py took 0.031 seconds
[2023-08-12T03:59:01.487+0000] {processor.py:157} INFO - Started process (PID=412) to work on /home/airflow/.local/lib/python3.10/site-packages/airflow/example_dags/example_trigger_target_dag.py
[2023-08-12T03:59:01.488+0000] {processor.py:826} INFO - Processing file /home/airflow/.local/lib/python3.10/site-packages/airflow/example_dags/example_trigger_target_dag.py for tasks to queue
[2023-08-12T03:59:01.488+0000] {logging_mixin.py:149} INFO - [2023-08-12T03:59:01.488+0000] {dagbag.py:541} INFO - Filling up the DagBag from /home/airflow/.local/lib/python3.10/site-packages/airflow/example_dags/example_trigger_target_dag.py
[2023-08-12T03:59:01.490+0000] {processor.py:836} INFO - DAG(s) dict_keys(['example_trigger_target_dag']) retrieved from /home/airflow/.local/lib/python3.10/site-packages/airflow/example_dags/example_trigger_target_dag.py
[2023-08-12T03:59:01.500+0000] {logging_mixin.py:149} INFO - [2023-08-12T03:59:01.500+0000] {dag.py:2726} INFO - Sync 1 DAGs
[2023-08-12T03:59:01.509+0000] {logging_mixin.py:149} INFO - [2023-08-12T03:59:01.509+0000] {dag.py:3486} INFO - Setting next_dagrun for example_trigger_target_dag to None, run_after=None
[2023-08-12T03:59:01.516+0000] {processor.py:179} INFO - Processing /home/airflow/.local/lib/python3.10/site-packages/airflow/example_dags/example_trigger_target_dag.py took 0.030 seconds
[2023-08-12T03:59:31.992+0000] {processor.py:157} INFO - Started process (PID=489) to work on /home/airflow/.local/lib/python3.10/site-packages/airflow/example_dags/example_trigger_target_dag.py
[2023-08-12T03:59:31.992+0000] {processor.py:826} INFO - Processing file /home/airflow/.local/lib/python3.10/site-packages/airflow/example_dags/example_trigger_target_dag.py for tasks to queue
[2023-08-12T03:59:31.992+0000] {logging_mixin.py:149} INFO - [2023-08-12T03:59:31.992+0000] {dagbag.py:541} INFO - Filling up the DagBag from /home/airflow/.local/lib/python3.10/site-packages/airflow/example_dags/example_trigger_target_dag.py
[2023-08-12T03:59:31.994+0000] {processor.py:836} INFO - DAG(s) dict_keys(['example_trigger_target_dag']) retrieved from /home/airflow/.local/lib/python3.10/site-packages/airflow/example_dags/example_trigger_target_dag.py
[2023-08-12T03:59:32.004+0000] {logging_mixin.py:149} INFO - [2023-08-12T03:59:32.004+0000] {dag.py:2726} INFO - Sync 1 DAGs
[2023-08-12T03:59:32.013+0000] {logging_mixin.py:149} INFO - [2023-08-12T03:59:32.013+0000] {dag.py:3486} INFO - Setting next_dagrun for example_trigger_target_dag to None, run_after=None
[2023-08-12T03:59:32.020+0000] {processor.py:179} INFO - Processing /home/airflow/.local/lib/python3.10/site-packages/airflow/example_dags/example_trigger_target_dag.py took 0.030 seconds
[2023-08-12T04:00:02.460+0000] {processor.py:157} INFO - Started process (PID=566) to work on /home/airflow/.local/lib/python3.10/site-packages/airflow/example_dags/example_trigger_target_dag.py
[2023-08-12T04:00:02.460+0000] {processor.py:826} INFO - Processing file /home/airflow/.local/lib/python3.10/site-packages/airflow/example_dags/example_trigger_target_dag.py for tasks to queue
[2023-08-12T04:00:02.461+0000] {logging_mixin.py:149} INFO - [2023-08-12T04:00:02.461+0000] {dagbag.py:541} INFO - Filling up the DagBag from /home/airflow/.local/lib/python3.10/site-packages/airflow/example_dags/example_trigger_target_dag.py
[2023-08-12T04:00:02.463+0000] {processor.py:836} INFO - DAG(s) dict_keys(['example_trigger_target_dag']) retrieved from /home/airflow/.local/lib/python3.10/site-packages/airflow/example_dags/example_trigger_target_dag.py
[2023-08-12T04:00:02.472+0000] {logging_mixin.py:149} INFO - [2023-08-12T04:00:02.472+0000] {dag.py:2726} INFO - Sync 1 DAGs
[2023-08-12T04:00:02.482+0000] {logging_mixin.py:149} INFO - [2023-08-12T04:00:02.482+0000] {dag.py:3486} INFO - Setting next_dagrun for example_trigger_target_dag to None, run_after=None
[2023-08-12T04:00:02.489+0000] {processor.py:179} INFO - Processing /home/airflow/.local/lib/python3.10/site-packages/airflow/example_dags/example_trigger_target_dag.py took 0.030 seconds
[2023-08-12T04:00:32.853+0000] {processor.py:157} INFO - Started process (PID=643) to work on /home/airflow/.local/lib/python3.10/site-packages/airflow/example_dags/example_trigger_target_dag.py
[2023-08-12T04:00:32.853+0000] {processor.py:826} INFO - Processing file /home/airflow/.local/lib/python3.10/site-packages/airflow/example_dags/example_trigger_target_dag.py for tasks to queue
[2023-08-12T04:00:32.854+0000] {logging_mixin.py:149} INFO - [2023-08-12T04:00:32.854+0000] {dagbag.py:541} INFO - Filling up the DagBag from /home/airflow/.local/lib/python3.10/site-packages/airflow/example_dags/example_trigger_target_dag.py
[2023-08-12T04:00:32.856+0000] {processor.py:836} INFO - DAG(s) dict_keys(['example_trigger_target_dag']) retrieved from /home/airflow/.local/lib/python3.10/site-packages/airflow/example_dags/example_trigger_target_dag.py
[2023-08-12T04:00:32.866+0000] {logging_mixin.py:149} INFO - [2023-08-12T04:00:32.866+0000] {dag.py:2726} INFO - Sync 1 DAGs
[2023-08-12T04:00:32.875+0000] {logging_mixin.py:149} INFO - [2023-08-12T04:00:32.875+0000] {dag.py:3486} INFO - Setting next_dagrun for example_trigger_target_dag to None, run_after=None
[2023-08-12T04:00:32.882+0000] {processor.py:179} INFO - Processing /home/airflow/.local/lib/python3.10/site-packages/airflow/example_dags/example_trigger_target_dag.py took 0.030 seconds
