[2023-08-12T03:29:37.934+0000] {processor.py:157} INFO - Started process (PID=41) to work on /home/airflow/.local/lib/python3.10/site-packages/airflow/example_dags/example_branch_day_of_week_operator.py
[2023-08-12T03:29:37.935+0000] {processor.py:826} INFO - Processing file /home/airflow/.local/lib/python3.10/site-packages/airflow/example_dags/example_branch_day_of_week_operator.py for tasks to queue
[2023-08-12T03:29:37.935+0000] {logging_mixin.py:149} INFO - [2023-08-12T03:29:37.935+0000] {dagbag.py:541} INFO - Filling up the DagBag from /home/airflow/.local/lib/python3.10/site-packages/airflow/example_dags/example_branch_day_of_week_operator.py
[2023-08-12T03:29:37.939+0000] {processor.py:836} INFO - DAG(s) dict_keys(['example_weekday_branch_operator']) retrieved from /home/airflow/.local/lib/python3.10/site-packages/airflow/example_dags/example_branch_day_of_week_operator.py
[2023-08-12T03:29:37.944+0000] {logging_mixin.py:149} INFO - [2023-08-12T03:29:37.944+0000] {dag.py:2726} INFO - Sync 1 DAGs
[2023-08-12T03:29:37.956+0000] {logging_mixin.py:149} INFO - [2023-08-12T03:29:37.956+0000] {dag.py:3486} INFO - Setting next_dagrun for example_weekday_branch_operator to 2023-08-11T00:00:00+00:00, run_after=2023-08-12T00:00:00+00:00
[2023-08-12T03:29:37.963+0000] {processor.py:179} INFO - Processing /home/airflow/.local/lib/python3.10/site-packages/airflow/example_dags/example_branch_day_of_week_operator.py took 0.030 seconds
[2023-08-12T03:30:08.154+0000] {processor.py:157} INFO - Started process (PID=117) to work on /home/airflow/.local/lib/python3.10/site-packages/airflow/example_dags/example_branch_day_of_week_operator.py
[2023-08-12T03:30:08.155+0000] {processor.py:826} INFO - Processing file /home/airflow/.local/lib/python3.10/site-packages/airflow/example_dags/example_branch_day_of_week_operator.py for tasks to queue
[2023-08-12T03:30:08.155+0000] {logging_mixin.py:149} INFO - [2023-08-12T03:30:08.155+0000] {dagbag.py:541} INFO - Filling up the DagBag from /home/airflow/.local/lib/python3.10/site-packages/airflow/example_dags/example_branch_day_of_week_operator.py
[2023-08-12T03:30:08.158+0000] {processor.py:836} INFO - DAG(s) dict_keys(['example_weekday_branch_operator']) retrieved from /home/airflow/.local/lib/python3.10/site-packages/airflow/example_dags/example_branch_day_of_week_operator.py
[2023-08-12T03:30:08.168+0000] {logging_mixin.py:149} INFO - [2023-08-12T03:30:08.168+0000] {dag.py:2726} INFO - Sync 1 DAGs
[2023-08-12T03:30:08.179+0000] {logging_mixin.py:149} INFO - [2023-08-12T03:30:08.179+0000] {dag.py:3486} INFO - Setting next_dagrun for example_weekday_branch_operator to 2023-08-11T00:00:00+00:00, run_after=2023-08-12T00:00:00+00:00
[2023-08-12T03:30:08.186+0000] {processor.py:179} INFO - Processing /home/airflow/.local/lib/python3.10/site-packages/airflow/example_dags/example_branch_day_of_week_operator.py took 0.033 seconds
[2023-08-12T03:30:38.530+0000] {processor.py:157} INFO - Started process (PID=194) to work on /home/airflow/.local/lib/python3.10/site-packages/airflow/example_dags/example_branch_day_of_week_operator.py
[2023-08-12T03:30:38.530+0000] {processor.py:826} INFO - Processing file /home/airflow/.local/lib/python3.10/site-packages/airflow/example_dags/example_branch_day_of_week_operator.py for tasks to queue
[2023-08-12T03:30:38.531+0000] {logging_mixin.py:149} INFO - [2023-08-12T03:30:38.531+0000] {dagbag.py:541} INFO - Filling up the DagBag from /home/airflow/.local/lib/python3.10/site-packages/airflow/example_dags/example_branch_day_of_week_operator.py
[2023-08-12T03:30:38.534+0000] {processor.py:836} INFO - DAG(s) dict_keys(['example_weekday_branch_operator']) retrieved from /home/airflow/.local/lib/python3.10/site-packages/airflow/example_dags/example_branch_day_of_week_operator.py
[2023-08-12T03:30:38.544+0000] {logging_mixin.py:149} INFO - [2023-08-12T03:30:38.544+0000] {dag.py:2726} INFO - Sync 1 DAGs
[2023-08-12T03:30:38.554+0000] {logging_mixin.py:149} INFO - [2023-08-12T03:30:38.554+0000] {dag.py:3486} INFO - Setting next_dagrun for example_weekday_branch_operator to 2023-08-11T00:00:00+00:00, run_after=2023-08-12T00:00:00+00:00
[2023-08-12T03:30:38.561+0000] {processor.py:179} INFO - Processing /home/airflow/.local/lib/python3.10/site-packages/airflow/example_dags/example_branch_day_of_week_operator.py took 0.032 seconds
[2023-08-12T03:31:08.864+0000] {processor.py:157} INFO - Started process (PID=270) to work on /home/airflow/.local/lib/python3.10/site-packages/airflow/example_dags/example_branch_day_of_week_operator.py
[2023-08-12T03:31:08.864+0000] {processor.py:826} INFO - Processing file /home/airflow/.local/lib/python3.10/site-packages/airflow/example_dags/example_branch_day_of_week_operator.py for tasks to queue
[2023-08-12T03:31:08.864+0000] {logging_mixin.py:149} INFO - [2023-08-12T03:31:08.864+0000] {dagbag.py:541} INFO - Filling up the DagBag from /home/airflow/.local/lib/python3.10/site-packages/airflow/example_dags/example_branch_day_of_week_operator.py
[2023-08-12T03:31:08.868+0000] {processor.py:836} INFO - DAG(s) dict_keys(['example_weekday_branch_operator']) retrieved from /home/airflow/.local/lib/python3.10/site-packages/airflow/example_dags/example_branch_day_of_week_operator.py
[2023-08-12T03:31:08.878+0000] {logging_mixin.py:149} INFO - [2023-08-12T03:31:08.878+0000] {dag.py:2726} INFO - Sync 1 DAGs
[2023-08-12T03:31:08.888+0000] {logging_mixin.py:149} INFO - [2023-08-12T03:31:08.888+0000] {dag.py:3486} INFO - Setting next_dagrun for example_weekday_branch_operator to 2023-08-11T00:00:00+00:00, run_after=2023-08-12T00:00:00+00:00
[2023-08-12T03:31:08.895+0000] {processor.py:179} INFO - Processing /home/airflow/.local/lib/python3.10/site-packages/airflow/example_dags/example_branch_day_of_week_operator.py took 0.032 seconds
[2023-08-12T03:31:39.215+0000] {processor.py:157} INFO - Started process (PID=347) to work on /home/airflow/.local/lib/python3.10/site-packages/airflow/example_dags/example_branch_day_of_week_operator.py
[2023-08-12T03:31:39.216+0000] {processor.py:826} INFO - Processing file /home/airflow/.local/lib/python3.10/site-packages/airflow/example_dags/example_branch_day_of_week_operator.py for tasks to queue
[2023-08-12T03:31:39.216+0000] {logging_mixin.py:149} INFO - [2023-08-12T03:31:39.216+0000] {dagbag.py:541} INFO - Filling up the DagBag from /home/airflow/.local/lib/python3.10/site-packages/airflow/example_dags/example_branch_day_of_week_operator.py
[2023-08-12T03:31:39.219+0000] {processor.py:836} INFO - DAG(s) dict_keys(['example_weekday_branch_operator']) retrieved from /home/airflow/.local/lib/python3.10/site-packages/airflow/example_dags/example_branch_day_of_week_operator.py
[2023-08-12T03:31:39.229+0000] {logging_mixin.py:149} INFO - [2023-08-12T03:31:39.229+0000] {dag.py:2726} INFO - Sync 1 DAGs
[2023-08-12T03:31:39.240+0000] {logging_mixin.py:149} INFO - [2023-08-12T03:31:39.240+0000] {dag.py:3486} INFO - Setting next_dagrun for example_weekday_branch_operator to 2023-08-11T00:00:00+00:00, run_after=2023-08-12T00:00:00+00:00
[2023-08-12T03:31:39.247+0000] {processor.py:179} INFO - Processing /home/airflow/.local/lib/python3.10/site-packages/airflow/example_dags/example_branch_day_of_week_operator.py took 0.033 seconds
[2023-08-12T03:32:09.597+0000] {processor.py:157} INFO - Started process (PID=424) to work on /home/airflow/.local/lib/python3.10/site-packages/airflow/example_dags/example_branch_day_of_week_operator.py
[2023-08-12T03:32:09.597+0000] {processor.py:826} INFO - Processing file /home/airflow/.local/lib/python3.10/site-packages/airflow/example_dags/example_branch_day_of_week_operator.py for tasks to queue
[2023-08-12T03:32:09.597+0000] {logging_mixin.py:149} INFO - [2023-08-12T03:32:09.597+0000] {dagbag.py:541} INFO - Filling up the DagBag from /home/airflow/.local/lib/python3.10/site-packages/airflow/example_dags/example_branch_day_of_week_operator.py
[2023-08-12T03:32:09.600+0000] {processor.py:836} INFO - DAG(s) dict_keys(['example_weekday_branch_operator']) retrieved from /home/airflow/.local/lib/python3.10/site-packages/airflow/example_dags/example_branch_day_of_week_operator.py
[2023-08-12T03:32:09.611+0000] {logging_mixin.py:149} INFO - [2023-08-12T03:32:09.611+0000] {dag.py:2726} INFO - Sync 1 DAGs
[2023-08-12T03:32:09.621+0000] {logging_mixin.py:149} INFO - [2023-08-12T03:32:09.621+0000] {dag.py:3486} INFO - Setting next_dagrun for example_weekday_branch_operator to 2023-08-11T00:00:00+00:00, run_after=2023-08-12T00:00:00+00:00
[2023-08-12T03:32:09.628+0000] {processor.py:179} INFO - Processing /home/airflow/.local/lib/python3.10/site-packages/airflow/example_dags/example_branch_day_of_week_operator.py took 0.033 seconds
[2023-08-12T03:32:39.898+0000] {processor.py:157} INFO - Started process (PID=501) to work on /home/airflow/.local/lib/python3.10/site-packages/airflow/example_dags/example_branch_day_of_week_operator.py
[2023-08-12T03:32:39.899+0000] {processor.py:826} INFO - Processing file /home/airflow/.local/lib/python3.10/site-packages/airflow/example_dags/example_branch_day_of_week_operator.py for tasks to queue
[2023-08-12T03:32:39.899+0000] {logging_mixin.py:149} INFO - [2023-08-12T03:32:39.899+0000] {dagbag.py:541} INFO - Filling up the DagBag from /home/airflow/.local/lib/python3.10/site-packages/airflow/example_dags/example_branch_day_of_week_operator.py
[2023-08-12T03:32:39.902+0000] {processor.py:836} INFO - DAG(s) dict_keys(['example_weekday_branch_operator']) retrieved from /home/airflow/.local/lib/python3.10/site-packages/airflow/example_dags/example_branch_day_of_week_operator.py
[2023-08-12T03:32:39.913+0000] {logging_mixin.py:149} INFO - [2023-08-12T03:32:39.913+0000] {dag.py:2726} INFO - Sync 1 DAGs
[2023-08-12T03:32:39.923+0000] {logging_mixin.py:149} INFO - [2023-08-12T03:32:39.923+0000] {dag.py:3486} INFO - Setting next_dagrun for example_weekday_branch_operator to 2023-08-11T00:00:00+00:00, run_after=2023-08-12T00:00:00+00:00
[2023-08-12T03:32:39.930+0000] {processor.py:179} INFO - Processing /home/airflow/.local/lib/python3.10/site-packages/airflow/example_dags/example_branch_day_of_week_operator.py took 0.033 seconds
[2023-08-12T03:33:10.193+0000] {processor.py:157} INFO - Started process (PID=578) to work on /home/airflow/.local/lib/python3.10/site-packages/airflow/example_dags/example_branch_day_of_week_operator.py
[2023-08-12T03:33:10.193+0000] {processor.py:826} INFO - Processing file /home/airflow/.local/lib/python3.10/site-packages/airflow/example_dags/example_branch_day_of_week_operator.py for tasks to queue
[2023-08-12T03:33:10.193+0000] {logging_mixin.py:149} INFO - [2023-08-12T03:33:10.193+0000] {dagbag.py:541} INFO - Filling up the DagBag from /home/airflow/.local/lib/python3.10/site-packages/airflow/example_dags/example_branch_day_of_week_operator.py
[2023-08-12T03:33:10.196+0000] {processor.py:836} INFO - DAG(s) dict_keys(['example_weekday_branch_operator']) retrieved from /home/airflow/.local/lib/python3.10/site-packages/airflow/example_dags/example_branch_day_of_week_operator.py
[2023-08-12T03:33:10.206+0000] {logging_mixin.py:149} INFO - [2023-08-12T03:33:10.206+0000] {dag.py:2726} INFO - Sync 1 DAGs
[2023-08-12T03:33:10.216+0000] {logging_mixin.py:149} INFO - [2023-08-12T03:33:10.216+0000] {dag.py:3486} INFO - Setting next_dagrun for example_weekday_branch_operator to 2023-08-11T00:00:00+00:00, run_after=2023-08-12T00:00:00+00:00
[2023-08-12T03:33:10.223+0000] {processor.py:179} INFO - Processing /home/airflow/.local/lib/python3.10/site-packages/airflow/example_dags/example_branch_day_of_week_operator.py took 0.032 seconds
[2023-08-12T03:33:40.781+0000] {processor.py:157} INFO - Started process (PID=655) to work on /home/airflow/.local/lib/python3.10/site-packages/airflow/example_dags/example_branch_day_of_week_operator.py
[2023-08-12T03:33:40.781+0000] {processor.py:826} INFO - Processing file /home/airflow/.local/lib/python3.10/site-packages/airflow/example_dags/example_branch_day_of_week_operator.py for tasks to queue
[2023-08-12T03:33:40.781+0000] {logging_mixin.py:149} INFO - [2023-08-12T03:33:40.781+0000] {dagbag.py:541} INFO - Filling up the DagBag from /home/airflow/.local/lib/python3.10/site-packages/airflow/example_dags/example_branch_day_of_week_operator.py
[2023-08-12T03:33:40.784+0000] {processor.py:836} INFO - DAG(s) dict_keys(['example_weekday_branch_operator']) retrieved from /home/airflow/.local/lib/python3.10/site-packages/airflow/example_dags/example_branch_day_of_week_operator.py
[2023-08-12T03:33:40.795+0000] {logging_mixin.py:149} INFO - [2023-08-12T03:33:40.795+0000] {dag.py:2726} INFO - Sync 1 DAGs
[2023-08-12T03:33:40.805+0000] {logging_mixin.py:149} INFO - [2023-08-12T03:33:40.805+0000] {dag.py:3486} INFO - Setting next_dagrun for example_weekday_branch_operator to 2023-08-11T00:00:00+00:00, run_after=2023-08-12T00:00:00+00:00
[2023-08-12T03:33:40.812+0000] {processor.py:179} INFO - Processing /home/airflow/.local/lib/python3.10/site-packages/airflow/example_dags/example_branch_day_of_week_operator.py took 0.033 seconds
[2023-08-12T03:34:11.128+0000] {processor.py:157} INFO - Started process (PID=731) to work on /home/airflow/.local/lib/python3.10/site-packages/airflow/example_dags/example_branch_day_of_week_operator.py
[2023-08-12T03:34:11.128+0000] {processor.py:826} INFO - Processing file /home/airflow/.local/lib/python3.10/site-packages/airflow/example_dags/example_branch_day_of_week_operator.py for tasks to queue
[2023-08-12T03:34:11.129+0000] {logging_mixin.py:149} INFO - [2023-08-12T03:34:11.129+0000] {dagbag.py:541} INFO - Filling up the DagBag from /home/airflow/.local/lib/python3.10/site-packages/airflow/example_dags/example_branch_day_of_week_operator.py
[2023-08-12T03:34:11.132+0000] {processor.py:836} INFO - DAG(s) dict_keys(['example_weekday_branch_operator']) retrieved from /home/airflow/.local/lib/python3.10/site-packages/airflow/example_dags/example_branch_day_of_week_operator.py
[2023-08-12T03:34:11.142+0000] {logging_mixin.py:149} INFO - [2023-08-12T03:34:11.142+0000] {dag.py:2726} INFO - Sync 1 DAGs
[2023-08-12T03:34:11.152+0000] {logging_mixin.py:149} INFO - [2023-08-12T03:34:11.152+0000] {dag.py:3486} INFO - Setting next_dagrun for example_weekday_branch_operator to 2023-08-11T00:00:00+00:00, run_after=2023-08-12T00:00:00+00:00
[2023-08-12T03:34:11.160+0000] {processor.py:179} INFO - Processing /home/airflow/.local/lib/python3.10/site-packages/airflow/example_dags/example_branch_day_of_week_operator.py took 0.033 seconds
[2023-08-12T03:34:41.481+0000] {processor.py:157} INFO - Started process (PID=808) to work on /home/airflow/.local/lib/python3.10/site-packages/airflow/example_dags/example_branch_day_of_week_operator.py
[2023-08-12T03:34:41.482+0000] {processor.py:826} INFO - Processing file /home/airflow/.local/lib/python3.10/site-packages/airflow/example_dags/example_branch_day_of_week_operator.py for tasks to queue
[2023-08-12T03:34:41.482+0000] {logging_mixin.py:149} INFO - [2023-08-12T03:34:41.482+0000] {dagbag.py:541} INFO - Filling up the DagBag from /home/airflow/.local/lib/python3.10/site-packages/airflow/example_dags/example_branch_day_of_week_operator.py
[2023-08-12T03:34:41.485+0000] {processor.py:836} INFO - DAG(s) dict_keys(['example_weekday_branch_operator']) retrieved from /home/airflow/.local/lib/python3.10/site-packages/airflow/example_dags/example_branch_day_of_week_operator.py
[2023-08-12T03:34:41.495+0000] {logging_mixin.py:149} INFO - [2023-08-12T03:34:41.495+0000] {dag.py:2726} INFO - Sync 1 DAGs
[2023-08-12T03:34:41.505+0000] {logging_mixin.py:149} INFO - [2023-08-12T03:34:41.505+0000] {dag.py:3486} INFO - Setting next_dagrun for example_weekday_branch_operator to 2023-08-11T00:00:00+00:00, run_after=2023-08-12T00:00:00+00:00
[2023-08-12T03:34:41.512+0000] {processor.py:179} INFO - Processing /home/airflow/.local/lib/python3.10/site-packages/airflow/example_dags/example_branch_day_of_week_operator.py took 0.032 seconds
[2023-08-12T03:35:11.859+0000] {processor.py:157} INFO - Started process (PID=885) to work on /home/airflow/.local/lib/python3.10/site-packages/airflow/example_dags/example_branch_day_of_week_operator.py
[2023-08-12T03:35:11.859+0000] {processor.py:826} INFO - Processing file /home/airflow/.local/lib/python3.10/site-packages/airflow/example_dags/example_branch_day_of_week_operator.py for tasks to queue
[2023-08-12T03:35:11.860+0000] {logging_mixin.py:149} INFO - [2023-08-12T03:35:11.860+0000] {dagbag.py:541} INFO - Filling up the DagBag from /home/airflow/.local/lib/python3.10/site-packages/airflow/example_dags/example_branch_day_of_week_operator.py
[2023-08-12T03:35:11.863+0000] {processor.py:836} INFO - DAG(s) dict_keys(['example_weekday_branch_operator']) retrieved from /home/airflow/.local/lib/python3.10/site-packages/airflow/example_dags/example_branch_day_of_week_operator.py
[2023-08-12T03:35:11.873+0000] {logging_mixin.py:149} INFO - [2023-08-12T03:35:11.873+0000] {dag.py:2726} INFO - Sync 1 DAGs
[2023-08-12T03:35:11.884+0000] {logging_mixin.py:149} INFO - [2023-08-12T03:35:11.884+0000] {dag.py:3486} INFO - Setting next_dagrun for example_weekday_branch_operator to 2023-08-11T00:00:00+00:00, run_after=2023-08-12T00:00:00+00:00
[2023-08-12T03:35:11.890+0000] {processor.py:179} INFO - Processing /home/airflow/.local/lib/python3.10/site-packages/airflow/example_dags/example_branch_day_of_week_operator.py took 0.032 seconds
[2023-08-12T03:35:42.194+0000] {processor.py:157} INFO - Started process (PID=962) to work on /home/airflow/.local/lib/python3.10/site-packages/airflow/example_dags/example_branch_day_of_week_operator.py
[2023-08-12T03:35:42.194+0000] {processor.py:826} INFO - Processing file /home/airflow/.local/lib/python3.10/site-packages/airflow/example_dags/example_branch_day_of_week_operator.py for tasks to queue
[2023-08-12T03:35:42.194+0000] {logging_mixin.py:149} INFO - [2023-08-12T03:35:42.194+0000] {dagbag.py:541} INFO - Filling up the DagBag from /home/airflow/.local/lib/python3.10/site-packages/airflow/example_dags/example_branch_day_of_week_operator.py
[2023-08-12T03:35:42.197+0000] {processor.py:836} INFO - DAG(s) dict_keys(['example_weekday_branch_operator']) retrieved from /home/airflow/.local/lib/python3.10/site-packages/airflow/example_dags/example_branch_day_of_week_operator.py
[2023-08-12T03:35:42.207+0000] {logging_mixin.py:149} INFO - [2023-08-12T03:35:42.207+0000] {dag.py:2726} INFO - Sync 1 DAGs
[2023-08-12T03:35:42.217+0000] {logging_mixin.py:149} INFO - [2023-08-12T03:35:42.217+0000] {dag.py:3486} INFO - Setting next_dagrun for example_weekday_branch_operator to 2023-08-11T00:00:00+00:00, run_after=2023-08-12T00:00:00+00:00
[2023-08-12T03:35:42.223+0000] {processor.py:179} INFO - Processing /home/airflow/.local/lib/python3.10/site-packages/airflow/example_dags/example_branch_day_of_week_operator.py took 0.031 seconds
[2023-08-12T03:40:12.881+0000] {processor.py:157} INFO - Started process (PID=41) to work on /home/airflow/.local/lib/python3.10/site-packages/airflow/example_dags/example_branch_day_of_week_operator.py
[2023-08-12T03:40:12.881+0000] {processor.py:826} INFO - Processing file /home/airflow/.local/lib/python3.10/site-packages/airflow/example_dags/example_branch_day_of_week_operator.py for tasks to queue
[2023-08-12T03:40:12.882+0000] {logging_mixin.py:149} INFO - [2023-08-12T03:40:12.882+0000] {dagbag.py:541} INFO - Filling up the DagBag from /home/airflow/.local/lib/python3.10/site-packages/airflow/example_dags/example_branch_day_of_week_operator.py
[2023-08-12T03:40:12.886+0000] {processor.py:836} INFO - DAG(s) dict_keys(['example_weekday_branch_operator']) retrieved from /home/airflow/.local/lib/python3.10/site-packages/airflow/example_dags/example_branch_day_of_week_operator.py
[2023-08-12T03:40:12.891+0000] {logging_mixin.py:149} INFO - [2023-08-12T03:40:12.891+0000] {dag.py:2726} INFO - Sync 1 DAGs
[2023-08-12T03:40:12.903+0000] {logging_mixin.py:149} INFO - [2023-08-12T03:40:12.903+0000] {dag.py:3486} INFO - Setting next_dagrun for example_weekday_branch_operator to 2023-08-11T00:00:00+00:00, run_after=2023-08-12T00:00:00+00:00
[2023-08-12T03:40:12.910+0000] {processor.py:179} INFO - Processing /home/airflow/.local/lib/python3.10/site-packages/airflow/example_dags/example_branch_day_of_week_operator.py took 0.030 seconds
[2023-08-12T03:40:42.990+0000] {processor.py:157} INFO - Started process (PID=117) to work on /home/airflow/.local/lib/python3.10/site-packages/airflow/example_dags/example_branch_day_of_week_operator.py
[2023-08-12T03:40:42.991+0000] {processor.py:826} INFO - Processing file /home/airflow/.local/lib/python3.10/site-packages/airflow/example_dags/example_branch_day_of_week_operator.py for tasks to queue
[2023-08-12T03:40:42.991+0000] {logging_mixin.py:149} INFO - [2023-08-12T03:40:42.991+0000] {dagbag.py:541} INFO - Filling up the DagBag from /home/airflow/.local/lib/python3.10/site-packages/airflow/example_dags/example_branch_day_of_week_operator.py
[2023-08-12T03:40:42.994+0000] {processor.py:836} INFO - DAG(s) dict_keys(['example_weekday_branch_operator']) retrieved from /home/airflow/.local/lib/python3.10/site-packages/airflow/example_dags/example_branch_day_of_week_operator.py
[2023-08-12T03:40:43.005+0000] {logging_mixin.py:149} INFO - [2023-08-12T03:40:43.005+0000] {dag.py:2726} INFO - Sync 1 DAGs
[2023-08-12T03:40:43.015+0000] {logging_mixin.py:149} INFO - [2023-08-12T03:40:43.015+0000] {dag.py:3486} INFO - Setting next_dagrun for example_weekday_branch_operator to 2023-08-11T00:00:00+00:00, run_after=2023-08-12T00:00:00+00:00
[2023-08-12T03:40:43.022+0000] {processor.py:179} INFO - Processing /home/airflow/.local/lib/python3.10/site-packages/airflow/example_dags/example_branch_day_of_week_operator.py took 0.033 seconds
[2023-08-12T03:41:13.497+0000] {processor.py:157} INFO - Started process (PID=194) to work on /home/airflow/.local/lib/python3.10/site-packages/airflow/example_dags/example_branch_day_of_week_operator.py
[2023-08-12T03:41:13.498+0000] {processor.py:826} INFO - Processing file /home/airflow/.local/lib/python3.10/site-packages/airflow/example_dags/example_branch_day_of_week_operator.py for tasks to queue
[2023-08-12T03:41:13.498+0000] {logging_mixin.py:149} INFO - [2023-08-12T03:41:13.498+0000] {dagbag.py:541} INFO - Filling up the DagBag from /home/airflow/.local/lib/python3.10/site-packages/airflow/example_dags/example_branch_day_of_week_operator.py
[2023-08-12T03:41:13.501+0000] {processor.py:836} INFO - DAG(s) dict_keys(['example_weekday_branch_operator']) retrieved from /home/airflow/.local/lib/python3.10/site-packages/airflow/example_dags/example_branch_day_of_week_operator.py
[2023-08-12T03:41:13.511+0000] {logging_mixin.py:149} INFO - [2023-08-12T03:41:13.511+0000] {dag.py:2726} INFO - Sync 1 DAGs
[2023-08-12T03:41:13.520+0000] {logging_mixin.py:149} INFO - [2023-08-12T03:41:13.520+0000] {dag.py:3486} INFO - Setting next_dagrun for example_weekday_branch_operator to 2023-08-11T00:00:00+00:00, run_after=2023-08-12T00:00:00+00:00
[2023-08-12T03:41:13.527+0000] {processor.py:179} INFO - Processing /home/airflow/.local/lib/python3.10/site-packages/airflow/example_dags/example_branch_day_of_week_operator.py took 0.032 seconds
[2023-08-12T03:41:43.953+0000] {processor.py:157} INFO - Started process (PID=272) to work on /home/airflow/.local/lib/python3.10/site-packages/airflow/example_dags/example_branch_day_of_week_operator.py
[2023-08-12T03:41:43.953+0000] {processor.py:826} INFO - Processing file /home/airflow/.local/lib/python3.10/site-packages/airflow/example_dags/example_branch_day_of_week_operator.py for tasks to queue
[2023-08-12T03:41:43.953+0000] {logging_mixin.py:149} INFO - [2023-08-12T03:41:43.953+0000] {dagbag.py:541} INFO - Filling up the DagBag from /home/airflow/.local/lib/python3.10/site-packages/airflow/example_dags/example_branch_day_of_week_operator.py
[2023-08-12T03:41:43.957+0000] {processor.py:836} INFO - DAG(s) dict_keys(['example_weekday_branch_operator']) retrieved from /home/airflow/.local/lib/python3.10/site-packages/airflow/example_dags/example_branch_day_of_week_operator.py
[2023-08-12T03:41:43.967+0000] {logging_mixin.py:149} INFO - [2023-08-12T03:41:43.967+0000] {dag.py:2726} INFO - Sync 1 DAGs
[2023-08-12T03:41:43.977+0000] {logging_mixin.py:149} INFO - [2023-08-12T03:41:43.977+0000] {dag.py:3486} INFO - Setting next_dagrun for example_weekday_branch_operator to 2023-08-11T00:00:00+00:00, run_after=2023-08-12T00:00:00+00:00
[2023-08-12T03:41:43.984+0000] {processor.py:179} INFO - Processing /home/airflow/.local/lib/python3.10/site-packages/airflow/example_dags/example_branch_day_of_week_operator.py took 0.033 seconds
[2023-08-12T03:42:14.193+0000] {processor.py:157} INFO - Started process (PID=349) to work on /home/airflow/.local/lib/python3.10/site-packages/airflow/example_dags/example_branch_day_of_week_operator.py
[2023-08-12T03:42:14.193+0000] {processor.py:826} INFO - Processing file /home/airflow/.local/lib/python3.10/site-packages/airflow/example_dags/example_branch_day_of_week_operator.py for tasks to queue
[2023-08-12T03:42:14.193+0000] {logging_mixin.py:149} INFO - [2023-08-12T03:42:14.193+0000] {dagbag.py:541} INFO - Filling up the DagBag from /home/airflow/.local/lib/python3.10/site-packages/airflow/example_dags/example_branch_day_of_week_operator.py
[2023-08-12T03:42:14.196+0000] {processor.py:836} INFO - DAG(s) dict_keys(['example_weekday_branch_operator']) retrieved from /home/airflow/.local/lib/python3.10/site-packages/airflow/example_dags/example_branch_day_of_week_operator.py
[2023-08-12T03:42:14.207+0000] {logging_mixin.py:149} INFO - [2023-08-12T03:42:14.207+0000] {dag.py:2726} INFO - Sync 1 DAGs
[2023-08-12T03:42:14.217+0000] {logging_mixin.py:149} INFO - [2023-08-12T03:42:14.217+0000] {dag.py:3486} INFO - Setting next_dagrun for example_weekday_branch_operator to 2023-08-11T00:00:00+00:00, run_after=2023-08-12T00:00:00+00:00
[2023-08-12T03:42:14.224+0000] {processor.py:179} INFO - Processing /home/airflow/.local/lib/python3.10/site-packages/airflow/example_dags/example_branch_day_of_week_operator.py took 0.032 seconds
[2023-08-12T03:42:44.684+0000] {processor.py:157} INFO - Started process (PID=426) to work on /home/airflow/.local/lib/python3.10/site-packages/airflow/example_dags/example_branch_day_of_week_operator.py
[2023-08-12T03:42:44.685+0000] {processor.py:826} INFO - Processing file /home/airflow/.local/lib/python3.10/site-packages/airflow/example_dags/example_branch_day_of_week_operator.py for tasks to queue
[2023-08-12T03:42:44.685+0000] {logging_mixin.py:149} INFO - [2023-08-12T03:42:44.685+0000] {dagbag.py:541} INFO - Filling up the DagBag from /home/airflow/.local/lib/python3.10/site-packages/airflow/example_dags/example_branch_day_of_week_operator.py
[2023-08-12T03:42:44.688+0000] {processor.py:836} INFO - DAG(s) dict_keys(['example_weekday_branch_operator']) retrieved from /home/airflow/.local/lib/python3.10/site-packages/airflow/example_dags/example_branch_day_of_week_operator.py
[2023-08-12T03:42:44.699+0000] {logging_mixin.py:149} INFO - [2023-08-12T03:42:44.699+0000] {dag.py:2726} INFO - Sync 1 DAGs
[2023-08-12T03:42:44.709+0000] {logging_mixin.py:149} INFO - [2023-08-12T03:42:44.709+0000] {dag.py:3486} INFO - Setting next_dagrun for example_weekday_branch_operator to 2023-08-11T00:00:00+00:00, run_after=2023-08-12T00:00:00+00:00
[2023-08-12T03:42:44.716+0000] {processor.py:179} INFO - Processing /home/airflow/.local/lib/python3.10/site-packages/airflow/example_dags/example_branch_day_of_week_operator.py took 0.033 seconds
[2023-08-12T03:43:15.059+0000] {processor.py:157} INFO - Started process (PID=503) to work on /home/airflow/.local/lib/python3.10/site-packages/airflow/example_dags/example_branch_day_of_week_operator.py
[2023-08-12T03:43:15.060+0000] {processor.py:826} INFO - Processing file /home/airflow/.local/lib/python3.10/site-packages/airflow/example_dags/example_branch_day_of_week_operator.py for tasks to queue
[2023-08-12T03:43:15.060+0000] {logging_mixin.py:149} INFO - [2023-08-12T03:43:15.060+0000] {dagbag.py:541} INFO - Filling up the DagBag from /home/airflow/.local/lib/python3.10/site-packages/airflow/example_dags/example_branch_day_of_week_operator.py
[2023-08-12T03:43:15.063+0000] {processor.py:836} INFO - DAG(s) dict_keys(['example_weekday_branch_operator']) retrieved from /home/airflow/.local/lib/python3.10/site-packages/airflow/example_dags/example_branch_day_of_week_operator.py
[2023-08-12T03:43:15.075+0000] {logging_mixin.py:149} INFO - [2023-08-12T03:43:15.075+0000] {dag.py:2726} INFO - Sync 1 DAGs
[2023-08-12T03:43:15.086+0000] {logging_mixin.py:149} INFO - [2023-08-12T03:43:15.086+0000] {dag.py:3486} INFO - Setting next_dagrun for example_weekday_branch_operator to 2023-08-11T00:00:00+00:00, run_after=2023-08-12T00:00:00+00:00
[2023-08-12T03:43:15.093+0000] {processor.py:179} INFO - Processing /home/airflow/.local/lib/python3.10/site-packages/airflow/example_dags/example_branch_day_of_week_operator.py took 0.036 seconds
[2023-08-12T03:43:45.424+0000] {processor.py:157} INFO - Started process (PID=580) to work on /home/airflow/.local/lib/python3.10/site-packages/airflow/example_dags/example_branch_day_of_week_operator.py
[2023-08-12T03:43:45.425+0000] {processor.py:826} INFO - Processing file /home/airflow/.local/lib/python3.10/site-packages/airflow/example_dags/example_branch_day_of_week_operator.py for tasks to queue
[2023-08-12T03:43:45.425+0000] {logging_mixin.py:149} INFO - [2023-08-12T03:43:45.425+0000] {dagbag.py:541} INFO - Filling up the DagBag from /home/airflow/.local/lib/python3.10/site-packages/airflow/example_dags/example_branch_day_of_week_operator.py
[2023-08-12T03:43:45.428+0000] {processor.py:836} INFO - DAG(s) dict_keys(['example_weekday_branch_operator']) retrieved from /home/airflow/.local/lib/python3.10/site-packages/airflow/example_dags/example_branch_day_of_week_operator.py
[2023-08-12T03:43:45.438+0000] {logging_mixin.py:149} INFO - [2023-08-12T03:43:45.438+0000] {dag.py:2726} INFO - Sync 1 DAGs
[2023-08-12T03:43:45.448+0000] {logging_mixin.py:149} INFO - [2023-08-12T03:43:45.448+0000] {dag.py:3486} INFO - Setting next_dagrun for example_weekday_branch_operator to 2023-08-11T00:00:00+00:00, run_after=2023-08-12T00:00:00+00:00
[2023-08-12T03:43:45.454+0000] {processor.py:179} INFO - Processing /home/airflow/.local/lib/python3.10/site-packages/airflow/example_dags/example_branch_day_of_week_operator.py took 0.032 seconds
[2023-08-12T03:44:15.863+0000] {processor.py:157} INFO - Started process (PID=657) to work on /home/airflow/.local/lib/python3.10/site-packages/airflow/example_dags/example_branch_day_of_week_operator.py
[2023-08-12T03:44:15.864+0000] {processor.py:826} INFO - Processing file /home/airflow/.local/lib/python3.10/site-packages/airflow/example_dags/example_branch_day_of_week_operator.py for tasks to queue
[2023-08-12T03:44:15.864+0000] {logging_mixin.py:149} INFO - [2023-08-12T03:44:15.864+0000] {dagbag.py:541} INFO - Filling up the DagBag from /home/airflow/.local/lib/python3.10/site-packages/airflow/example_dags/example_branch_day_of_week_operator.py
[2023-08-12T03:44:15.867+0000] {processor.py:836} INFO - DAG(s) dict_keys(['example_weekday_branch_operator']) retrieved from /home/airflow/.local/lib/python3.10/site-packages/airflow/example_dags/example_branch_day_of_week_operator.py
[2023-08-12T03:44:15.878+0000] {logging_mixin.py:149} INFO - [2023-08-12T03:44:15.878+0000] {dag.py:2726} INFO - Sync 1 DAGs
[2023-08-12T03:44:15.889+0000] {logging_mixin.py:149} INFO - [2023-08-12T03:44:15.888+0000] {dag.py:3486} INFO - Setting next_dagrun for example_weekday_branch_operator to 2023-08-11T00:00:00+00:00, run_after=2023-08-12T00:00:00+00:00
[2023-08-12T03:44:15.895+0000] {processor.py:179} INFO - Processing /home/airflow/.local/lib/python3.10/site-packages/airflow/example_dags/example_branch_day_of_week_operator.py took 0.034 seconds
[2023-08-12T03:44:46.303+0000] {processor.py:157} INFO - Started process (PID=734) to work on /home/airflow/.local/lib/python3.10/site-packages/airflow/example_dags/example_branch_day_of_week_operator.py
[2023-08-12T03:44:46.303+0000] {processor.py:826} INFO - Processing file /home/airflow/.local/lib/python3.10/site-packages/airflow/example_dags/example_branch_day_of_week_operator.py for tasks to queue
[2023-08-12T03:44:46.303+0000] {logging_mixin.py:149} INFO - [2023-08-12T03:44:46.303+0000] {dagbag.py:541} INFO - Filling up the DagBag from /home/airflow/.local/lib/python3.10/site-packages/airflow/example_dags/example_branch_day_of_week_operator.py
[2023-08-12T03:44:46.307+0000] {processor.py:836} INFO - DAG(s) dict_keys(['example_weekday_branch_operator']) retrieved from /home/airflow/.local/lib/python3.10/site-packages/airflow/example_dags/example_branch_day_of_week_operator.py
[2023-08-12T03:44:46.317+0000] {logging_mixin.py:149} INFO - [2023-08-12T03:44:46.317+0000] {dag.py:2726} INFO - Sync 1 DAGs
[2023-08-12T03:44:46.327+0000] {logging_mixin.py:149} INFO - [2023-08-12T03:44:46.327+0000] {dag.py:3486} INFO - Setting next_dagrun for example_weekday_branch_operator to 2023-08-11T00:00:00+00:00, run_after=2023-08-12T00:00:00+00:00
[2023-08-12T03:44:46.334+0000] {processor.py:179} INFO - Processing /home/airflow/.local/lib/python3.10/site-packages/airflow/example_dags/example_branch_day_of_week_operator.py took 0.033 seconds
[2023-08-12T03:45:16.723+0000] {processor.py:157} INFO - Started process (PID=811) to work on /home/airflow/.local/lib/python3.10/site-packages/airflow/example_dags/example_branch_day_of_week_operator.py
[2023-08-12T03:45:16.724+0000] {processor.py:826} INFO - Processing file /home/airflow/.local/lib/python3.10/site-packages/airflow/example_dags/example_branch_day_of_week_operator.py for tasks to queue
[2023-08-12T03:45:16.724+0000] {logging_mixin.py:149} INFO - [2023-08-12T03:45:16.724+0000] {dagbag.py:541} INFO - Filling up the DagBag from /home/airflow/.local/lib/python3.10/site-packages/airflow/example_dags/example_branch_day_of_week_operator.py
[2023-08-12T03:45:16.727+0000] {processor.py:836} INFO - DAG(s) dict_keys(['example_weekday_branch_operator']) retrieved from /home/airflow/.local/lib/python3.10/site-packages/airflow/example_dags/example_branch_day_of_week_operator.py
[2023-08-12T03:45:16.737+0000] {logging_mixin.py:149} INFO - [2023-08-12T03:45:16.737+0000] {dag.py:2726} INFO - Sync 1 DAGs
[2023-08-12T03:45:16.747+0000] {logging_mixin.py:149} INFO - [2023-08-12T03:45:16.747+0000] {dag.py:3486} INFO - Setting next_dagrun for example_weekday_branch_operator to 2023-08-11T00:00:00+00:00, run_after=2023-08-12T00:00:00+00:00
[2023-08-12T03:45:16.754+0000] {processor.py:179} INFO - Processing /home/airflow/.local/lib/python3.10/site-packages/airflow/example_dags/example_branch_day_of_week_operator.py took 0.032 seconds
[2023-08-12T03:45:47.153+0000] {processor.py:157} INFO - Started process (PID=888) to work on /home/airflow/.local/lib/python3.10/site-packages/airflow/example_dags/example_branch_day_of_week_operator.py
[2023-08-12T03:45:47.153+0000] {processor.py:826} INFO - Processing file /home/airflow/.local/lib/python3.10/site-packages/airflow/example_dags/example_branch_day_of_week_operator.py for tasks to queue
[2023-08-12T03:45:47.153+0000] {logging_mixin.py:149} INFO - [2023-08-12T03:45:47.153+0000] {dagbag.py:541} INFO - Filling up the DagBag from /home/airflow/.local/lib/python3.10/site-packages/airflow/example_dags/example_branch_day_of_week_operator.py
[2023-08-12T03:45:47.157+0000] {processor.py:836} INFO - DAG(s) dict_keys(['example_weekday_branch_operator']) retrieved from /home/airflow/.local/lib/python3.10/site-packages/airflow/example_dags/example_branch_day_of_week_operator.py
[2023-08-12T03:45:47.168+0000] {logging_mixin.py:149} INFO - [2023-08-12T03:45:47.168+0000] {dag.py:2726} INFO - Sync 1 DAGs
[2023-08-12T03:45:47.179+0000] {logging_mixin.py:149} INFO - [2023-08-12T03:45:47.179+0000] {dag.py:3486} INFO - Setting next_dagrun for example_weekday_branch_operator to 2023-08-11T00:00:00+00:00, run_after=2023-08-12T00:00:00+00:00
[2023-08-12T03:45:47.187+0000] {processor.py:179} INFO - Processing /home/airflow/.local/lib/python3.10/site-packages/airflow/example_dags/example_branch_day_of_week_operator.py took 0.036 seconds
[2023-08-12T03:46:17.568+0000] {processor.py:157} INFO - Started process (PID=965) to work on /home/airflow/.local/lib/python3.10/site-packages/airflow/example_dags/example_branch_day_of_week_operator.py
[2023-08-12T03:46:17.569+0000] {processor.py:826} INFO - Processing file /home/airflow/.local/lib/python3.10/site-packages/airflow/example_dags/example_branch_day_of_week_operator.py for tasks to queue
[2023-08-12T03:46:17.569+0000] {logging_mixin.py:149} INFO - [2023-08-12T03:46:17.569+0000] {dagbag.py:541} INFO - Filling up the DagBag from /home/airflow/.local/lib/python3.10/site-packages/airflow/example_dags/example_branch_day_of_week_operator.py
[2023-08-12T03:46:17.572+0000] {processor.py:836} INFO - DAG(s) dict_keys(['example_weekday_branch_operator']) retrieved from /home/airflow/.local/lib/python3.10/site-packages/airflow/example_dags/example_branch_day_of_week_operator.py
[2023-08-12T03:46:17.583+0000] {logging_mixin.py:149} INFO - [2023-08-12T03:46:17.583+0000] {dag.py:2726} INFO - Sync 1 DAGs
[2023-08-12T03:46:17.593+0000] {logging_mixin.py:149} INFO - [2023-08-12T03:46:17.593+0000] {dag.py:3486} INFO - Setting next_dagrun for example_weekday_branch_operator to 2023-08-11T00:00:00+00:00, run_after=2023-08-12T00:00:00+00:00
[2023-08-12T03:46:17.600+0000] {processor.py:179} INFO - Processing /home/airflow/.local/lib/python3.10/site-packages/airflow/example_dags/example_branch_day_of_week_operator.py took 0.033 seconds
[2023-08-12T03:46:48.093+0000] {processor.py:157} INFO - Started process (PID=1042) to work on /home/airflow/.local/lib/python3.10/site-packages/airflow/example_dags/example_branch_day_of_week_operator.py
[2023-08-12T03:46:48.093+0000] {processor.py:826} INFO - Processing file /home/airflow/.local/lib/python3.10/site-packages/airflow/example_dags/example_branch_day_of_week_operator.py for tasks to queue
[2023-08-12T03:46:48.093+0000] {logging_mixin.py:149} INFO - [2023-08-12T03:46:48.093+0000] {dagbag.py:541} INFO - Filling up the DagBag from /home/airflow/.local/lib/python3.10/site-packages/airflow/example_dags/example_branch_day_of_week_operator.py
[2023-08-12T03:46:48.097+0000] {processor.py:836} INFO - DAG(s) dict_keys(['example_weekday_branch_operator']) retrieved from /home/airflow/.local/lib/python3.10/site-packages/airflow/example_dags/example_branch_day_of_week_operator.py
[2023-08-12T03:46:48.107+0000] {logging_mixin.py:149} INFO - [2023-08-12T03:46:48.107+0000] {dag.py:2726} INFO - Sync 1 DAGs
[2023-08-12T03:46:48.118+0000] {logging_mixin.py:149} INFO - [2023-08-12T03:46:48.118+0000] {dag.py:3486} INFO - Setting next_dagrun for example_weekday_branch_operator to 2023-08-11T00:00:00+00:00, run_after=2023-08-12T00:00:00+00:00
[2023-08-12T03:46:48.125+0000] {processor.py:179} INFO - Processing /home/airflow/.local/lib/python3.10/site-packages/airflow/example_dags/example_branch_day_of_week_operator.py took 0.034 seconds
[2023-08-12T03:47:18.471+0000] {processor.py:157} INFO - Started process (PID=1118) to work on /home/airflow/.local/lib/python3.10/site-packages/airflow/example_dags/example_branch_day_of_week_operator.py
[2023-08-12T03:47:18.471+0000] {processor.py:826} INFO - Processing file /home/airflow/.local/lib/python3.10/site-packages/airflow/example_dags/example_branch_day_of_week_operator.py for tasks to queue
[2023-08-12T03:47:18.471+0000] {logging_mixin.py:149} INFO - [2023-08-12T03:47:18.471+0000] {dagbag.py:541} INFO - Filling up the DagBag from /home/airflow/.local/lib/python3.10/site-packages/airflow/example_dags/example_branch_day_of_week_operator.py
[2023-08-12T03:47:18.475+0000] {processor.py:836} INFO - DAG(s) dict_keys(['example_weekday_branch_operator']) retrieved from /home/airflow/.local/lib/python3.10/site-packages/airflow/example_dags/example_branch_day_of_week_operator.py
[2023-08-12T03:47:18.485+0000] {logging_mixin.py:149} INFO - [2023-08-12T03:47:18.485+0000] {dag.py:2726} INFO - Sync 1 DAGs
[2023-08-12T03:47:18.496+0000] {logging_mixin.py:149} INFO - [2023-08-12T03:47:18.495+0000] {dag.py:3486} INFO - Setting next_dagrun for example_weekday_branch_operator to 2023-08-11T00:00:00+00:00, run_after=2023-08-12T00:00:00+00:00
[2023-08-12T03:47:18.504+0000] {processor.py:179} INFO - Processing /home/airflow/.local/lib/python3.10/site-packages/airflow/example_dags/example_branch_day_of_week_operator.py took 0.034 seconds
[2023-08-12T03:47:48.907+0000] {processor.py:157} INFO - Started process (PID=1195) to work on /home/airflow/.local/lib/python3.10/site-packages/airflow/example_dags/example_branch_day_of_week_operator.py
[2023-08-12T03:47:48.907+0000] {processor.py:826} INFO - Processing file /home/airflow/.local/lib/python3.10/site-packages/airflow/example_dags/example_branch_day_of_week_operator.py for tasks to queue
[2023-08-12T03:47:48.907+0000] {logging_mixin.py:149} INFO - [2023-08-12T03:47:48.907+0000] {dagbag.py:541} INFO - Filling up the DagBag from /home/airflow/.local/lib/python3.10/site-packages/airflow/example_dags/example_branch_day_of_week_operator.py
[2023-08-12T03:47:48.910+0000] {processor.py:836} INFO - DAG(s) dict_keys(['example_weekday_branch_operator']) retrieved from /home/airflow/.local/lib/python3.10/site-packages/airflow/example_dags/example_branch_day_of_week_operator.py
[2023-08-12T03:47:48.921+0000] {logging_mixin.py:149} INFO - [2023-08-12T03:47:48.921+0000] {dag.py:2726} INFO - Sync 1 DAGs
[2023-08-12T03:47:48.931+0000] {logging_mixin.py:149} INFO - [2023-08-12T03:47:48.931+0000] {dag.py:3486} INFO - Setting next_dagrun for example_weekday_branch_operator to 2023-08-11T00:00:00+00:00, run_after=2023-08-12T00:00:00+00:00
[2023-08-12T03:47:48.938+0000] {processor.py:179} INFO - Processing /home/airflow/.local/lib/python3.10/site-packages/airflow/example_dags/example_branch_day_of_week_operator.py took 0.032 seconds
[2023-08-12T03:48:19.223+0000] {processor.py:157} INFO - Started process (PID=1272) to work on /home/airflow/.local/lib/python3.10/site-packages/airflow/example_dags/example_branch_day_of_week_operator.py
[2023-08-12T03:48:19.224+0000] {processor.py:826} INFO - Processing file /home/airflow/.local/lib/python3.10/site-packages/airflow/example_dags/example_branch_day_of_week_operator.py for tasks to queue
[2023-08-12T03:48:19.224+0000] {logging_mixin.py:149} INFO - [2023-08-12T03:48:19.224+0000] {dagbag.py:541} INFO - Filling up the DagBag from /home/airflow/.local/lib/python3.10/site-packages/airflow/example_dags/example_branch_day_of_week_operator.py
[2023-08-12T03:48:19.227+0000] {processor.py:836} INFO - DAG(s) dict_keys(['example_weekday_branch_operator']) retrieved from /home/airflow/.local/lib/python3.10/site-packages/airflow/example_dags/example_branch_day_of_week_operator.py
[2023-08-12T03:48:19.237+0000] {logging_mixin.py:149} INFO - [2023-08-12T03:48:19.237+0000] {dag.py:2726} INFO - Sync 1 DAGs
[2023-08-12T03:48:19.247+0000] {logging_mixin.py:149} INFO - [2023-08-12T03:48:19.247+0000] {dag.py:3486} INFO - Setting next_dagrun for example_weekday_branch_operator to 2023-08-11T00:00:00+00:00, run_after=2023-08-12T00:00:00+00:00
[2023-08-12T03:48:19.254+0000] {processor.py:179} INFO - Processing /home/airflow/.local/lib/python3.10/site-packages/airflow/example_dags/example_branch_day_of_week_operator.py took 0.032 seconds
[2023-08-12T03:48:49.573+0000] {processor.py:157} INFO - Started process (PID=1349) to work on /home/airflow/.local/lib/python3.10/site-packages/airflow/example_dags/example_branch_day_of_week_operator.py
[2023-08-12T03:48:49.574+0000] {processor.py:826} INFO - Processing file /home/airflow/.local/lib/python3.10/site-packages/airflow/example_dags/example_branch_day_of_week_operator.py for tasks to queue
[2023-08-12T03:48:49.574+0000] {logging_mixin.py:149} INFO - [2023-08-12T03:48:49.574+0000] {dagbag.py:541} INFO - Filling up the DagBag from /home/airflow/.local/lib/python3.10/site-packages/airflow/example_dags/example_branch_day_of_week_operator.py
[2023-08-12T03:48:49.577+0000] {processor.py:836} INFO - DAG(s) dict_keys(['example_weekday_branch_operator']) retrieved from /home/airflow/.local/lib/python3.10/site-packages/airflow/example_dags/example_branch_day_of_week_operator.py
[2023-08-12T03:48:49.587+0000] {logging_mixin.py:149} INFO - [2023-08-12T03:48:49.587+0000] {dag.py:2726} INFO - Sync 1 DAGs
[2023-08-12T03:48:49.598+0000] {logging_mixin.py:149} INFO - [2023-08-12T03:48:49.597+0000] {dag.py:3486} INFO - Setting next_dagrun for example_weekday_branch_operator to 2023-08-11T00:00:00+00:00, run_after=2023-08-12T00:00:00+00:00
[2023-08-12T03:48:49.605+0000] {processor.py:179} INFO - Processing /home/airflow/.local/lib/python3.10/site-packages/airflow/example_dags/example_branch_day_of_week_operator.py took 0.033 seconds
[2023-08-12T03:49:19.962+0000] {processor.py:157} INFO - Started process (PID=1426) to work on /home/airflow/.local/lib/python3.10/site-packages/airflow/example_dags/example_branch_day_of_week_operator.py
[2023-08-12T03:49:19.963+0000] {processor.py:826} INFO - Processing file /home/airflow/.local/lib/python3.10/site-packages/airflow/example_dags/example_branch_day_of_week_operator.py for tasks to queue
[2023-08-12T03:49:19.963+0000] {logging_mixin.py:149} INFO - [2023-08-12T03:49:19.963+0000] {dagbag.py:541} INFO - Filling up the DagBag from /home/airflow/.local/lib/python3.10/site-packages/airflow/example_dags/example_branch_day_of_week_operator.py
[2023-08-12T03:49:19.966+0000] {processor.py:836} INFO - DAG(s) dict_keys(['example_weekday_branch_operator']) retrieved from /home/airflow/.local/lib/python3.10/site-packages/airflow/example_dags/example_branch_day_of_week_operator.py
[2023-08-12T03:49:19.976+0000] {logging_mixin.py:149} INFO - [2023-08-12T03:49:19.976+0000] {dag.py:2726} INFO - Sync 1 DAGs
[2023-08-12T03:49:19.986+0000] {logging_mixin.py:149} INFO - [2023-08-12T03:49:19.986+0000] {dag.py:3486} INFO - Setting next_dagrun for example_weekday_branch_operator to 2023-08-11T00:00:00+00:00, run_after=2023-08-12T00:00:00+00:00
[2023-08-12T03:49:19.993+0000] {processor.py:179} INFO - Processing /home/airflow/.local/lib/python3.10/site-packages/airflow/example_dags/example_branch_day_of_week_operator.py took 0.032 seconds
[2023-08-12T03:49:50.335+0000] {processor.py:157} INFO - Started process (PID=1503) to work on /home/airflow/.local/lib/python3.10/site-packages/airflow/example_dags/example_branch_day_of_week_operator.py
[2023-08-12T03:49:50.335+0000] {processor.py:826} INFO - Processing file /home/airflow/.local/lib/python3.10/site-packages/airflow/example_dags/example_branch_day_of_week_operator.py for tasks to queue
[2023-08-12T03:49:50.336+0000] {logging_mixin.py:149} INFO - [2023-08-12T03:49:50.335+0000] {dagbag.py:541} INFO - Filling up the DagBag from /home/airflow/.local/lib/python3.10/site-packages/airflow/example_dags/example_branch_day_of_week_operator.py
[2023-08-12T03:49:50.339+0000] {processor.py:836} INFO - DAG(s) dict_keys(['example_weekday_branch_operator']) retrieved from /home/airflow/.local/lib/python3.10/site-packages/airflow/example_dags/example_branch_day_of_week_operator.py
[2023-08-12T03:49:50.349+0000] {logging_mixin.py:149} INFO - [2023-08-12T03:49:50.349+0000] {dag.py:2726} INFO - Sync 1 DAGs
[2023-08-12T03:49:50.361+0000] {logging_mixin.py:149} INFO - [2023-08-12T03:49:50.360+0000] {dag.py:3486} INFO - Setting next_dagrun for example_weekday_branch_operator to 2023-08-11T00:00:00+00:00, run_after=2023-08-12T00:00:00+00:00
[2023-08-12T03:49:50.369+0000] {processor.py:179} INFO - Processing /home/airflow/.local/lib/python3.10/site-packages/airflow/example_dags/example_branch_day_of_week_operator.py took 0.035 seconds
[2023-08-12T03:50:20.668+0000] {processor.py:157} INFO - Started process (PID=1580) to work on /home/airflow/.local/lib/python3.10/site-packages/airflow/example_dags/example_branch_day_of_week_operator.py
[2023-08-12T03:50:20.668+0000] {processor.py:826} INFO - Processing file /home/airflow/.local/lib/python3.10/site-packages/airflow/example_dags/example_branch_day_of_week_operator.py for tasks to queue
[2023-08-12T03:50:20.668+0000] {logging_mixin.py:149} INFO - [2023-08-12T03:50:20.668+0000] {dagbag.py:541} INFO - Filling up the DagBag from /home/airflow/.local/lib/python3.10/site-packages/airflow/example_dags/example_branch_day_of_week_operator.py
[2023-08-12T03:50:20.671+0000] {processor.py:836} INFO - DAG(s) dict_keys(['example_weekday_branch_operator']) retrieved from /home/airflow/.local/lib/python3.10/site-packages/airflow/example_dags/example_branch_day_of_week_operator.py
[2023-08-12T03:50:20.681+0000] {logging_mixin.py:149} INFO - [2023-08-12T03:50:20.681+0000] {dag.py:2726} INFO - Sync 1 DAGs
[2023-08-12T03:50:20.692+0000] {logging_mixin.py:149} INFO - [2023-08-12T03:50:20.692+0000] {dag.py:3486} INFO - Setting next_dagrun for example_weekday_branch_operator to 2023-08-11T00:00:00+00:00, run_after=2023-08-12T00:00:00+00:00
[2023-08-12T03:50:20.699+0000] {processor.py:179} INFO - Processing /home/airflow/.local/lib/python3.10/site-packages/airflow/example_dags/example_branch_day_of_week_operator.py took 0.032 seconds
[2023-08-12T03:50:51.075+0000] {processor.py:157} INFO - Started process (PID=1657) to work on /home/airflow/.local/lib/python3.10/site-packages/airflow/example_dags/example_branch_day_of_week_operator.py
[2023-08-12T03:50:51.075+0000] {processor.py:826} INFO - Processing file /home/airflow/.local/lib/python3.10/site-packages/airflow/example_dags/example_branch_day_of_week_operator.py for tasks to queue
[2023-08-12T03:50:51.076+0000] {logging_mixin.py:149} INFO - [2023-08-12T03:50:51.076+0000] {dagbag.py:541} INFO - Filling up the DagBag from /home/airflow/.local/lib/python3.10/site-packages/airflow/example_dags/example_branch_day_of_week_operator.py
[2023-08-12T03:50:51.079+0000] {processor.py:836} INFO - DAG(s) dict_keys(['example_weekday_branch_operator']) retrieved from /home/airflow/.local/lib/python3.10/site-packages/airflow/example_dags/example_branch_day_of_week_operator.py
[2023-08-12T03:50:51.089+0000] {logging_mixin.py:149} INFO - [2023-08-12T03:50:51.089+0000] {dag.py:2726} INFO - Sync 1 DAGs
[2023-08-12T03:50:51.099+0000] {logging_mixin.py:149} INFO - [2023-08-12T03:50:51.099+0000] {dag.py:3486} INFO - Setting next_dagrun for example_weekday_branch_operator to 2023-08-11T00:00:00+00:00, run_after=2023-08-12T00:00:00+00:00
[2023-08-12T03:50:51.106+0000] {processor.py:179} INFO - Processing /home/airflow/.local/lib/python3.10/site-packages/airflow/example_dags/example_branch_day_of_week_operator.py took 0.032 seconds
[2023-08-12T03:51:21.491+0000] {processor.py:157} INFO - Started process (PID=1734) to work on /home/airflow/.local/lib/python3.10/site-packages/airflow/example_dags/example_branch_day_of_week_operator.py
[2023-08-12T03:51:21.491+0000] {processor.py:826} INFO - Processing file /home/airflow/.local/lib/python3.10/site-packages/airflow/example_dags/example_branch_day_of_week_operator.py for tasks to queue
[2023-08-12T03:51:21.492+0000] {logging_mixin.py:149} INFO - [2023-08-12T03:51:21.491+0000] {dagbag.py:541} INFO - Filling up the DagBag from /home/airflow/.local/lib/python3.10/site-packages/airflow/example_dags/example_branch_day_of_week_operator.py
[2023-08-12T03:51:21.495+0000] {processor.py:836} INFO - DAG(s) dict_keys(['example_weekday_branch_operator']) retrieved from /home/airflow/.local/lib/python3.10/site-packages/airflow/example_dags/example_branch_day_of_week_operator.py
[2023-08-12T03:51:21.505+0000] {logging_mixin.py:149} INFO - [2023-08-12T03:51:21.505+0000] {dag.py:2726} INFO - Sync 1 DAGs
[2023-08-12T03:51:21.514+0000] {logging_mixin.py:149} INFO - [2023-08-12T03:51:21.514+0000] {dag.py:3486} INFO - Setting next_dagrun for example_weekday_branch_operator to 2023-08-11T00:00:00+00:00, run_after=2023-08-12T00:00:00+00:00
[2023-08-12T03:51:21.521+0000] {processor.py:179} INFO - Processing /home/airflow/.local/lib/python3.10/site-packages/airflow/example_dags/example_branch_day_of_week_operator.py took 0.031 seconds
[2023-08-12T03:51:51.952+0000] {processor.py:157} INFO - Started process (PID=1811) to work on /home/airflow/.local/lib/python3.10/site-packages/airflow/example_dags/example_branch_day_of_week_operator.py
[2023-08-12T03:51:51.952+0000] {processor.py:826} INFO - Processing file /home/airflow/.local/lib/python3.10/site-packages/airflow/example_dags/example_branch_day_of_week_operator.py for tasks to queue
[2023-08-12T03:51:51.952+0000] {logging_mixin.py:149} INFO - [2023-08-12T03:51:51.952+0000] {dagbag.py:541} INFO - Filling up the DagBag from /home/airflow/.local/lib/python3.10/site-packages/airflow/example_dags/example_branch_day_of_week_operator.py
[2023-08-12T03:51:51.955+0000] {processor.py:836} INFO - DAG(s) dict_keys(['example_weekday_branch_operator']) retrieved from /home/airflow/.local/lib/python3.10/site-packages/airflow/example_dags/example_branch_day_of_week_operator.py
[2023-08-12T03:51:51.966+0000] {logging_mixin.py:149} INFO - [2023-08-12T03:51:51.966+0000] {dag.py:2726} INFO - Sync 1 DAGs
[2023-08-12T03:51:51.977+0000] {logging_mixin.py:149} INFO - [2023-08-12T03:51:51.977+0000] {dag.py:3486} INFO - Setting next_dagrun for example_weekday_branch_operator to 2023-08-11T00:00:00+00:00, run_after=2023-08-12T00:00:00+00:00
[2023-08-12T03:51:51.984+0000] {processor.py:179} INFO - Processing /home/airflow/.local/lib/python3.10/site-packages/airflow/example_dags/example_branch_day_of_week_operator.py took 0.034 seconds
[2023-08-12T03:52:22.413+0000] {processor.py:157} INFO - Started process (PID=1888) to work on /home/airflow/.local/lib/python3.10/site-packages/airflow/example_dags/example_branch_day_of_week_operator.py
[2023-08-12T03:52:22.413+0000] {processor.py:826} INFO - Processing file /home/airflow/.local/lib/python3.10/site-packages/airflow/example_dags/example_branch_day_of_week_operator.py for tasks to queue
[2023-08-12T03:52:22.413+0000] {logging_mixin.py:149} INFO - [2023-08-12T03:52:22.413+0000] {dagbag.py:541} INFO - Filling up the DagBag from /home/airflow/.local/lib/python3.10/site-packages/airflow/example_dags/example_branch_day_of_week_operator.py
[2023-08-12T03:52:22.416+0000] {processor.py:836} INFO - DAG(s) dict_keys(['example_weekday_branch_operator']) retrieved from /home/airflow/.local/lib/python3.10/site-packages/airflow/example_dags/example_branch_day_of_week_operator.py
[2023-08-12T03:52:22.427+0000] {logging_mixin.py:149} INFO - [2023-08-12T03:52:22.427+0000] {dag.py:2726} INFO - Sync 1 DAGs
[2023-08-12T03:52:22.437+0000] {logging_mixin.py:149} INFO - [2023-08-12T03:52:22.437+0000] {dag.py:3486} INFO - Setting next_dagrun for example_weekday_branch_operator to 2023-08-11T00:00:00+00:00, run_after=2023-08-12T00:00:00+00:00
[2023-08-12T03:52:22.445+0000] {processor.py:179} INFO - Processing /home/airflow/.local/lib/python3.10/site-packages/airflow/example_dags/example_branch_day_of_week_operator.py took 0.034 seconds
[2023-08-12T03:52:52.867+0000] {processor.py:157} INFO - Started process (PID=1965) to work on /home/airflow/.local/lib/python3.10/site-packages/airflow/example_dags/example_branch_day_of_week_operator.py
[2023-08-12T03:52:52.868+0000] {processor.py:826} INFO - Processing file /home/airflow/.local/lib/python3.10/site-packages/airflow/example_dags/example_branch_day_of_week_operator.py for tasks to queue
[2023-08-12T03:52:52.868+0000] {logging_mixin.py:149} INFO - [2023-08-12T03:52:52.868+0000] {dagbag.py:541} INFO - Filling up the DagBag from /home/airflow/.local/lib/python3.10/site-packages/airflow/example_dags/example_branch_day_of_week_operator.py
[2023-08-12T03:52:52.871+0000] {processor.py:836} INFO - DAG(s) dict_keys(['example_weekday_branch_operator']) retrieved from /home/airflow/.local/lib/python3.10/site-packages/airflow/example_dags/example_branch_day_of_week_operator.py
[2023-08-12T03:52:52.881+0000] {logging_mixin.py:149} INFO - [2023-08-12T03:52:52.881+0000] {dag.py:2726} INFO - Sync 1 DAGs
[2023-08-12T03:52:52.891+0000] {logging_mixin.py:149} INFO - [2023-08-12T03:52:52.891+0000] {dag.py:3486} INFO - Setting next_dagrun for example_weekday_branch_operator to 2023-08-11T00:00:00+00:00, run_after=2023-08-12T00:00:00+00:00
[2023-08-12T03:52:52.898+0000] {processor.py:179} INFO - Processing /home/airflow/.local/lib/python3.10/site-packages/airflow/example_dags/example_branch_day_of_week_operator.py took 0.032 seconds
[2023-08-12T03:53:23.442+0000] {processor.py:157} INFO - Started process (PID=2042) to work on /home/airflow/.local/lib/python3.10/site-packages/airflow/example_dags/example_branch_day_of_week_operator.py
[2023-08-12T03:53:23.442+0000] {processor.py:826} INFO - Processing file /home/airflow/.local/lib/python3.10/site-packages/airflow/example_dags/example_branch_day_of_week_operator.py for tasks to queue
[2023-08-12T03:53:23.443+0000] {logging_mixin.py:149} INFO - [2023-08-12T03:53:23.443+0000] {dagbag.py:541} INFO - Filling up the DagBag from /home/airflow/.local/lib/python3.10/site-packages/airflow/example_dags/example_branch_day_of_week_operator.py
[2023-08-12T03:53:23.446+0000] {processor.py:836} INFO - DAG(s) dict_keys(['example_weekday_branch_operator']) retrieved from /home/airflow/.local/lib/python3.10/site-packages/airflow/example_dags/example_branch_day_of_week_operator.py
[2023-08-12T03:53:23.456+0000] {logging_mixin.py:149} INFO - [2023-08-12T03:53:23.456+0000] {dag.py:2726} INFO - Sync 1 DAGs
[2023-08-12T03:53:23.466+0000] {logging_mixin.py:149} INFO - [2023-08-12T03:53:23.466+0000] {dag.py:3486} INFO - Setting next_dagrun for example_weekday_branch_operator to 2023-08-11T00:00:00+00:00, run_after=2023-08-12T00:00:00+00:00
[2023-08-12T03:53:23.472+0000] {processor.py:179} INFO - Processing /home/airflow/.local/lib/python3.10/site-packages/airflow/example_dags/example_branch_day_of_week_operator.py took 0.032 seconds
[2023-08-12T03:53:53.750+0000] {processor.py:157} INFO - Started process (PID=2119) to work on /home/airflow/.local/lib/python3.10/site-packages/airflow/example_dags/example_branch_day_of_week_operator.py
[2023-08-12T03:53:53.751+0000] {processor.py:826} INFO - Processing file /home/airflow/.local/lib/python3.10/site-packages/airflow/example_dags/example_branch_day_of_week_operator.py for tasks to queue
[2023-08-12T03:53:53.751+0000] {logging_mixin.py:149} INFO - [2023-08-12T03:53:53.751+0000] {dagbag.py:541} INFO - Filling up the DagBag from /home/airflow/.local/lib/python3.10/site-packages/airflow/example_dags/example_branch_day_of_week_operator.py
[2023-08-12T03:53:53.754+0000] {processor.py:836} INFO - DAG(s) dict_keys(['example_weekday_branch_operator']) retrieved from /home/airflow/.local/lib/python3.10/site-packages/airflow/example_dags/example_branch_day_of_week_operator.py
[2023-08-12T03:53:53.765+0000] {logging_mixin.py:149} INFO - [2023-08-12T03:53:53.765+0000] {dag.py:2726} INFO - Sync 1 DAGs
[2023-08-12T03:53:53.775+0000] {logging_mixin.py:149} INFO - [2023-08-12T03:53:53.775+0000] {dag.py:3486} INFO - Setting next_dagrun for example_weekday_branch_operator to 2023-08-11T00:00:00+00:00, run_after=2023-08-12T00:00:00+00:00
[2023-08-12T03:53:53.782+0000] {processor.py:179} INFO - Processing /home/airflow/.local/lib/python3.10/site-packages/airflow/example_dags/example_branch_day_of_week_operator.py took 0.033 seconds
[2023-08-12T03:54:24.051+0000] {processor.py:157} INFO - Started process (PID=2196) to work on /home/airflow/.local/lib/python3.10/site-packages/airflow/example_dags/example_branch_day_of_week_operator.py
[2023-08-12T03:54:24.052+0000] {processor.py:826} INFO - Processing file /home/airflow/.local/lib/python3.10/site-packages/airflow/example_dags/example_branch_day_of_week_operator.py for tasks to queue
[2023-08-12T03:54:24.052+0000] {logging_mixin.py:149} INFO - [2023-08-12T03:54:24.052+0000] {dagbag.py:541} INFO - Filling up the DagBag from /home/airflow/.local/lib/python3.10/site-packages/airflow/example_dags/example_branch_day_of_week_operator.py
[2023-08-12T03:54:24.055+0000] {processor.py:836} INFO - DAG(s) dict_keys(['example_weekday_branch_operator']) retrieved from /home/airflow/.local/lib/python3.10/site-packages/airflow/example_dags/example_branch_day_of_week_operator.py
[2023-08-12T03:54:24.067+0000] {logging_mixin.py:149} INFO - [2023-08-12T03:54:24.067+0000] {dag.py:2726} INFO - Sync 1 DAGs
[2023-08-12T03:54:24.077+0000] {logging_mixin.py:149} INFO - [2023-08-12T03:54:24.077+0000] {dag.py:3486} INFO - Setting next_dagrun for example_weekday_branch_operator to 2023-08-11T00:00:00+00:00, run_after=2023-08-12T00:00:00+00:00
[2023-08-12T03:54:24.084+0000] {processor.py:179} INFO - Processing /home/airflow/.local/lib/python3.10/site-packages/airflow/example_dags/example_branch_day_of_week_operator.py took 0.034 seconds
[2023-08-12T03:54:54.475+0000] {processor.py:157} INFO - Started process (PID=2274) to work on /home/airflow/.local/lib/python3.10/site-packages/airflow/example_dags/example_branch_day_of_week_operator.py
[2023-08-12T03:54:54.475+0000] {processor.py:826} INFO - Processing file /home/airflow/.local/lib/python3.10/site-packages/airflow/example_dags/example_branch_day_of_week_operator.py for tasks to queue
[2023-08-12T03:54:54.475+0000] {logging_mixin.py:149} INFO - [2023-08-12T03:54:54.475+0000] {dagbag.py:541} INFO - Filling up the DagBag from /home/airflow/.local/lib/python3.10/site-packages/airflow/example_dags/example_branch_day_of_week_operator.py
[2023-08-12T03:54:54.478+0000] {processor.py:836} INFO - DAG(s) dict_keys(['example_weekday_branch_operator']) retrieved from /home/airflow/.local/lib/python3.10/site-packages/airflow/example_dags/example_branch_day_of_week_operator.py
[2023-08-12T03:54:54.489+0000] {logging_mixin.py:149} INFO - [2023-08-12T03:54:54.489+0000] {dag.py:2726} INFO - Sync 1 DAGs
[2023-08-12T03:54:54.499+0000] {logging_mixin.py:149} INFO - [2023-08-12T03:54:54.499+0000] {dag.py:3486} INFO - Setting next_dagrun for example_weekday_branch_operator to 2023-08-11T00:00:00+00:00, run_after=2023-08-12T00:00:00+00:00
[2023-08-12T03:54:54.505+0000] {processor.py:179} INFO - Processing /home/airflow/.local/lib/python3.10/site-packages/airflow/example_dags/example_branch_day_of_week_operator.py took 0.032 seconds
[2023-08-12T03:55:24.840+0000] {processor.py:157} INFO - Started process (PID=2351) to work on /home/airflow/.local/lib/python3.10/site-packages/airflow/example_dags/example_branch_day_of_week_operator.py
[2023-08-12T03:55:24.840+0000] {processor.py:826} INFO - Processing file /home/airflow/.local/lib/python3.10/site-packages/airflow/example_dags/example_branch_day_of_week_operator.py for tasks to queue
[2023-08-12T03:55:24.840+0000] {logging_mixin.py:149} INFO - [2023-08-12T03:55:24.840+0000] {dagbag.py:541} INFO - Filling up the DagBag from /home/airflow/.local/lib/python3.10/site-packages/airflow/example_dags/example_branch_day_of_week_operator.py
[2023-08-12T03:55:24.843+0000] {processor.py:836} INFO - DAG(s) dict_keys(['example_weekday_branch_operator']) retrieved from /home/airflow/.local/lib/python3.10/site-packages/airflow/example_dags/example_branch_day_of_week_operator.py
[2023-08-12T03:55:24.854+0000] {logging_mixin.py:149} INFO - [2023-08-12T03:55:24.854+0000] {dag.py:2726} INFO - Sync 1 DAGs
[2023-08-12T03:55:24.865+0000] {logging_mixin.py:149} INFO - [2023-08-12T03:55:24.865+0000] {dag.py:3486} INFO - Setting next_dagrun for example_weekday_branch_operator to 2023-08-11T00:00:00+00:00, run_after=2023-08-12T00:00:00+00:00
[2023-08-12T03:55:24.871+0000] {processor.py:179} INFO - Processing /home/airflow/.local/lib/python3.10/site-packages/airflow/example_dags/example_branch_day_of_week_operator.py took 0.033 seconds
[2023-08-12T03:56:30.192+0000] {processor.py:157} INFO - Started process (PID=41) to work on /home/airflow/.local/lib/python3.10/site-packages/airflow/example_dags/example_branch_day_of_week_operator.py
[2023-08-12T03:56:30.193+0000] {processor.py:826} INFO - Processing file /home/airflow/.local/lib/python3.10/site-packages/airflow/example_dags/example_branch_day_of_week_operator.py for tasks to queue
[2023-08-12T03:56:30.193+0000] {logging_mixin.py:149} INFO - [2023-08-12T03:56:30.193+0000] {dagbag.py:541} INFO - Filling up the DagBag from /home/airflow/.local/lib/python3.10/site-packages/airflow/example_dags/example_branch_day_of_week_operator.py
[2023-08-12T03:56:30.197+0000] {processor.py:836} INFO - DAG(s) dict_keys(['example_weekday_branch_operator']) retrieved from /home/airflow/.local/lib/python3.10/site-packages/airflow/example_dags/example_branch_day_of_week_operator.py
[2023-08-12T03:56:30.203+0000] {logging_mixin.py:149} INFO - [2023-08-12T03:56:30.203+0000] {dag.py:2726} INFO - Sync 1 DAGs
[2023-08-12T03:56:30.215+0000] {logging_mixin.py:149} INFO - [2023-08-12T03:56:30.215+0000] {dag.py:3486} INFO - Setting next_dagrun for example_weekday_branch_operator to 2023-08-11T00:00:00+00:00, run_after=2023-08-12T00:00:00+00:00
[2023-08-12T03:56:30.222+0000] {processor.py:179} INFO - Processing /home/airflow/.local/lib/python3.10/site-packages/airflow/example_dags/example_branch_day_of_week_operator.py took 0.031 seconds
[2023-08-12T03:57:00.302+0000] {processor.py:157} INFO - Started process (PID=117) to work on /home/airflow/.local/lib/python3.10/site-packages/airflow/example_dags/example_branch_day_of_week_operator.py
[2023-08-12T03:57:00.303+0000] {processor.py:826} INFO - Processing file /home/airflow/.local/lib/python3.10/site-packages/airflow/example_dags/example_branch_day_of_week_operator.py for tasks to queue
[2023-08-12T03:57:00.303+0000] {logging_mixin.py:149} INFO - [2023-08-12T03:57:00.303+0000] {dagbag.py:541} INFO - Filling up the DagBag from /home/airflow/.local/lib/python3.10/site-packages/airflow/example_dags/example_branch_day_of_week_operator.py
[2023-08-12T03:57:00.306+0000] {processor.py:836} INFO - DAG(s) dict_keys(['example_weekday_branch_operator']) retrieved from /home/airflow/.local/lib/python3.10/site-packages/airflow/example_dags/example_branch_day_of_week_operator.py
[2023-08-12T03:57:00.316+0000] {logging_mixin.py:149} INFO - [2023-08-12T03:57:00.316+0000] {dag.py:2726} INFO - Sync 1 DAGs
[2023-08-12T03:57:00.327+0000] {logging_mixin.py:149} INFO - [2023-08-12T03:57:00.327+0000] {dag.py:3486} INFO - Setting next_dagrun for example_weekday_branch_operator to 2023-08-11T00:00:00+00:00, run_after=2023-08-12T00:00:00+00:00
[2023-08-12T03:57:00.333+0000] {processor.py:179} INFO - Processing /home/airflow/.local/lib/python3.10/site-packages/airflow/example_dags/example_branch_day_of_week_operator.py took 0.033 seconds
[2023-08-12T03:57:30.718+0000] {processor.py:157} INFO - Started process (PID=194) to work on /home/airflow/.local/lib/python3.10/site-packages/airflow/example_dags/example_branch_day_of_week_operator.py
[2023-08-12T03:57:30.718+0000] {processor.py:826} INFO - Processing file /home/airflow/.local/lib/python3.10/site-packages/airflow/example_dags/example_branch_day_of_week_operator.py for tasks to queue
[2023-08-12T03:57:30.719+0000] {logging_mixin.py:149} INFO - [2023-08-12T03:57:30.719+0000] {dagbag.py:541} INFO - Filling up the DagBag from /home/airflow/.local/lib/python3.10/site-packages/airflow/example_dags/example_branch_day_of_week_operator.py
[2023-08-12T03:57:30.722+0000] {processor.py:836} INFO - DAG(s) dict_keys(['example_weekday_branch_operator']) retrieved from /home/airflow/.local/lib/python3.10/site-packages/airflow/example_dags/example_branch_day_of_week_operator.py
[2023-08-12T03:57:30.733+0000] {logging_mixin.py:149} INFO - [2023-08-12T03:57:30.732+0000] {dag.py:2726} INFO - Sync 1 DAGs
[2023-08-12T03:57:30.743+0000] {logging_mixin.py:149} INFO - [2023-08-12T03:57:30.743+0000] {dag.py:3486} INFO - Setting next_dagrun for example_weekday_branch_operator to 2023-08-11T00:00:00+00:00, run_after=2023-08-12T00:00:00+00:00
[2023-08-12T03:57:30.751+0000] {processor.py:179} INFO - Processing /home/airflow/.local/lib/python3.10/site-packages/airflow/example_dags/example_branch_day_of_week_operator.py took 0.034 seconds
[2023-08-12T03:58:01.053+0000] {processor.py:157} INFO - Started process (PID=271) to work on /home/airflow/.local/lib/python3.10/site-packages/airflow/example_dags/example_branch_day_of_week_operator.py
[2023-08-12T03:58:01.054+0000] {processor.py:826} INFO - Processing file /home/airflow/.local/lib/python3.10/site-packages/airflow/example_dags/example_branch_day_of_week_operator.py for tasks to queue
[2023-08-12T03:58:01.054+0000] {logging_mixin.py:149} INFO - [2023-08-12T03:58:01.054+0000] {dagbag.py:541} INFO - Filling up the DagBag from /home/airflow/.local/lib/python3.10/site-packages/airflow/example_dags/example_branch_day_of_week_operator.py
[2023-08-12T03:58:01.057+0000] {processor.py:836} INFO - DAG(s) dict_keys(['example_weekday_branch_operator']) retrieved from /home/airflow/.local/lib/python3.10/site-packages/airflow/example_dags/example_branch_day_of_week_operator.py
[2023-08-12T03:58:01.069+0000] {logging_mixin.py:149} INFO - [2023-08-12T03:58:01.069+0000] {dag.py:2726} INFO - Sync 1 DAGs
[2023-08-12T03:58:01.079+0000] {logging_mixin.py:149} INFO - [2023-08-12T03:58:01.079+0000] {dag.py:3486} INFO - Setting next_dagrun for example_weekday_branch_operator to 2023-08-11T00:00:00+00:00, run_after=2023-08-12T00:00:00+00:00
[2023-08-12T03:58:01.086+0000] {processor.py:179} INFO - Processing /home/airflow/.local/lib/python3.10/site-packages/airflow/example_dags/example_branch_day_of_week_operator.py took 0.034 seconds
[2023-08-12T03:58:31.408+0000] {processor.py:157} INFO - Started process (PID=348) to work on /home/airflow/.local/lib/python3.10/site-packages/airflow/example_dags/example_branch_day_of_week_operator.py
[2023-08-12T03:58:31.408+0000] {processor.py:826} INFO - Processing file /home/airflow/.local/lib/python3.10/site-packages/airflow/example_dags/example_branch_day_of_week_operator.py for tasks to queue
[2023-08-12T03:58:31.408+0000] {logging_mixin.py:149} INFO - [2023-08-12T03:58:31.408+0000] {dagbag.py:541} INFO - Filling up the DagBag from /home/airflow/.local/lib/python3.10/site-packages/airflow/example_dags/example_branch_day_of_week_operator.py
[2023-08-12T03:58:31.412+0000] {processor.py:836} INFO - DAG(s) dict_keys(['example_weekday_branch_operator']) retrieved from /home/airflow/.local/lib/python3.10/site-packages/airflow/example_dags/example_branch_day_of_week_operator.py
[2023-08-12T03:58:31.422+0000] {logging_mixin.py:149} INFO - [2023-08-12T03:58:31.422+0000] {dag.py:2726} INFO - Sync 1 DAGs
[2023-08-12T03:58:31.433+0000] {logging_mixin.py:149} INFO - [2023-08-12T03:58:31.433+0000] {dag.py:3486} INFO - Setting next_dagrun for example_weekday_branch_operator to 2023-08-11T00:00:00+00:00, run_after=2023-08-12T00:00:00+00:00
[2023-08-12T03:58:31.440+0000] {processor.py:179} INFO - Processing /home/airflow/.local/lib/python3.10/site-packages/airflow/example_dags/example_branch_day_of_week_operator.py took 0.033 seconds
[2023-08-12T03:59:01.851+0000] {processor.py:157} INFO - Started process (PID=424) to work on /home/airflow/.local/lib/python3.10/site-packages/airflow/example_dags/example_branch_day_of_week_operator.py
[2023-08-12T03:59:01.852+0000] {processor.py:826} INFO - Processing file /home/airflow/.local/lib/python3.10/site-packages/airflow/example_dags/example_branch_day_of_week_operator.py for tasks to queue
[2023-08-12T03:59:01.852+0000] {logging_mixin.py:149} INFO - [2023-08-12T03:59:01.852+0000] {dagbag.py:541} INFO - Filling up the DagBag from /home/airflow/.local/lib/python3.10/site-packages/airflow/example_dags/example_branch_day_of_week_operator.py
[2023-08-12T03:59:01.855+0000] {processor.py:836} INFO - DAG(s) dict_keys(['example_weekday_branch_operator']) retrieved from /home/airflow/.local/lib/python3.10/site-packages/airflow/example_dags/example_branch_day_of_week_operator.py
[2023-08-12T03:59:01.865+0000] {logging_mixin.py:149} INFO - [2023-08-12T03:59:01.865+0000] {dag.py:2726} INFO - Sync 1 DAGs
[2023-08-12T03:59:01.875+0000] {logging_mixin.py:149} INFO - [2023-08-12T03:59:01.875+0000] {dag.py:3486} INFO - Setting next_dagrun for example_weekday_branch_operator to 2023-08-11T00:00:00+00:00, run_after=2023-08-12T00:00:00+00:00
[2023-08-12T03:59:01.882+0000] {processor.py:179} INFO - Processing /home/airflow/.local/lib/python3.10/site-packages/airflow/example_dags/example_branch_day_of_week_operator.py took 0.032 seconds
[2023-08-12T03:59:32.312+0000] {processor.py:157} INFO - Started process (PID=501) to work on /home/airflow/.local/lib/python3.10/site-packages/airflow/example_dags/example_branch_day_of_week_operator.py
[2023-08-12T03:59:32.313+0000] {processor.py:826} INFO - Processing file /home/airflow/.local/lib/python3.10/site-packages/airflow/example_dags/example_branch_day_of_week_operator.py for tasks to queue
[2023-08-12T03:59:32.313+0000] {logging_mixin.py:149} INFO - [2023-08-12T03:59:32.313+0000] {dagbag.py:541} INFO - Filling up the DagBag from /home/airflow/.local/lib/python3.10/site-packages/airflow/example_dags/example_branch_day_of_week_operator.py
[2023-08-12T03:59:32.316+0000] {processor.py:836} INFO - DAG(s) dict_keys(['example_weekday_branch_operator']) retrieved from /home/airflow/.local/lib/python3.10/site-packages/airflow/example_dags/example_branch_day_of_week_operator.py
[2023-08-12T03:59:32.327+0000] {logging_mixin.py:149} INFO - [2023-08-12T03:59:32.327+0000] {dag.py:2726} INFO - Sync 1 DAGs
[2023-08-12T03:59:32.337+0000] {logging_mixin.py:149} INFO - [2023-08-12T03:59:32.337+0000] {dag.py:3486} INFO - Setting next_dagrun for example_weekday_branch_operator to 2023-08-11T00:00:00+00:00, run_after=2023-08-12T00:00:00+00:00
[2023-08-12T03:59:32.344+0000] {processor.py:179} INFO - Processing /home/airflow/.local/lib/python3.10/site-packages/airflow/example_dags/example_branch_day_of_week_operator.py took 0.033 seconds
[2023-08-12T04:00:02.793+0000] {processor.py:157} INFO - Started process (PID=578) to work on /home/airflow/.local/lib/python3.10/site-packages/airflow/example_dags/example_branch_day_of_week_operator.py
[2023-08-12T04:00:02.793+0000] {processor.py:826} INFO - Processing file /home/airflow/.local/lib/python3.10/site-packages/airflow/example_dags/example_branch_day_of_week_operator.py for tasks to queue
[2023-08-12T04:00:02.793+0000] {logging_mixin.py:149} INFO - [2023-08-12T04:00:02.793+0000] {dagbag.py:541} INFO - Filling up the DagBag from /home/airflow/.local/lib/python3.10/site-packages/airflow/example_dags/example_branch_day_of_week_operator.py
[2023-08-12T04:00:02.796+0000] {processor.py:836} INFO - DAG(s) dict_keys(['example_weekday_branch_operator']) retrieved from /home/airflow/.local/lib/python3.10/site-packages/airflow/example_dags/example_branch_day_of_week_operator.py
[2023-08-12T04:00:02.807+0000] {logging_mixin.py:149} INFO - [2023-08-12T04:00:02.807+0000] {dag.py:2726} INFO - Sync 1 DAGs
[2023-08-12T04:00:02.817+0000] {logging_mixin.py:149} INFO - [2023-08-12T04:00:02.817+0000] {dag.py:3486} INFO - Setting next_dagrun for example_weekday_branch_operator to 2023-08-11T00:00:00+00:00, run_after=2023-08-12T00:00:00+00:00
[2023-08-12T04:00:02.825+0000] {processor.py:179} INFO - Processing /home/airflow/.local/lib/python3.10/site-packages/airflow/example_dags/example_branch_day_of_week_operator.py took 0.033 seconds
[2023-08-12T04:00:33.266+0000] {processor.py:157} INFO - Started process (PID=656) to work on /home/airflow/.local/lib/python3.10/site-packages/airflow/example_dags/example_branch_day_of_week_operator.py
[2023-08-12T04:00:33.266+0000] {processor.py:826} INFO - Processing file /home/airflow/.local/lib/python3.10/site-packages/airflow/example_dags/example_branch_day_of_week_operator.py for tasks to queue
[2023-08-12T04:00:33.266+0000] {logging_mixin.py:149} INFO - [2023-08-12T04:00:33.266+0000] {dagbag.py:541} INFO - Filling up the DagBag from /home/airflow/.local/lib/python3.10/site-packages/airflow/example_dags/example_branch_day_of_week_operator.py
[2023-08-12T04:00:33.269+0000] {processor.py:836} INFO - DAG(s) dict_keys(['example_weekday_branch_operator']) retrieved from /home/airflow/.local/lib/python3.10/site-packages/airflow/example_dags/example_branch_day_of_week_operator.py
[2023-08-12T04:00:33.280+0000] {logging_mixin.py:149} INFO - [2023-08-12T04:00:33.280+0000] {dag.py:2726} INFO - Sync 1 DAGs
[2023-08-12T04:00:33.291+0000] {logging_mixin.py:149} INFO - [2023-08-12T04:00:33.291+0000] {dag.py:3486} INFO - Setting next_dagrun for example_weekday_branch_operator to 2023-08-11T00:00:00+00:00, run_after=2023-08-12T00:00:00+00:00
[2023-08-12T04:00:33.298+0000] {processor.py:179} INFO - Processing /home/airflow/.local/lib/python3.10/site-packages/airflow/example_dags/example_branch_day_of_week_operator.py took 0.034 seconds
