[2023-08-12T15:30:50.772+0000] {processor.py:157} INFO - Started process (PID=49) to work on /home/airflow/.local/lib/python3.10/site-packages/airflow/example_dags/example_python_operator.py
[2023-08-12T15:30:50.772+0000] {processor.py:826} INFO - Processing file /home/airflow/.local/lib/python3.10/site-packages/airflow/example_dags/example_python_operator.py for tasks to queue
[2023-08-12T15:30:50.772+0000] {logging_mixin.py:149} INFO - [2023-08-12T15:30:50.772+0000] {dagbag.py:541} INFO - Filling up the DagBag from /home/airflow/.local/lib/python3.10/site-packages/airflow/example_dags/example_python_operator.py
[2023-08-12T15:30:50.776+0000] {logging_mixin.py:149} INFO - [2023-08-12T15:30:50.776+0000] {taskmixin.py:211} WARNING - Dependency <Task(_PythonDecoratedOperator): print_the_context>, log_sql_query already registered for DAG: example_python_operator
[2023-08-12T15:30:50.776+0000] {logging_mixin.py:149} INFO - [2023-08-12T15:30:50.776+0000] {taskmixin.py:211} WARNING - Dependency <Task(_PythonDecoratedOperator): log_sql_query>, print_the_context already registered for DAG: example_python_operator
[2023-08-12T15:30:50.776+0000] {logging_mixin.py:149} INFO - [2023-08-12T15:30:50.776+0000] {taskmixin.py:211} WARNING - Dependency <Task(_PythonDecoratedOperator): print_the_context>, log_sql_query already registered for DAG: example_python_operator
[2023-08-12T15:30:50.776+0000] {logging_mixin.py:149} INFO - [2023-08-12T15:30:50.776+0000] {taskmixin.py:211} WARNING - Dependency <Task(_PythonDecoratedOperator): log_sql_query>, print_the_context already registered for DAG: example_python_operator
[2023-08-12T15:30:50.776+0000] {logging_mixin.py:149} INFO - [2023-08-12T15:30:50.776+0000] {taskmixin.py:211} WARNING - Dependency <Task(_PythonDecoratedOperator): print_the_context>, log_sql_query already registered for DAG: example_python_operator
[2023-08-12T15:30:50.777+0000] {logging_mixin.py:149} INFO - [2023-08-12T15:30:50.777+0000] {taskmixin.py:211} WARNING - Dependency <Task(_PythonDecoratedOperator): log_sql_query>, print_the_context already registered for DAG: example_python_operator
[2023-08-12T15:30:50.777+0000] {logging_mixin.py:149} INFO - [2023-08-12T15:30:50.777+0000] {taskmixin.py:211} WARNING - Dependency <Task(_PythonDecoratedOperator): print_the_context>, log_sql_query already registered for DAG: example_python_operator
[2023-08-12T15:30:50.777+0000] {logging_mixin.py:149} INFO - [2023-08-12T15:30:50.777+0000] {taskmixin.py:211} WARNING - Dependency <Task(_PythonDecoratedOperator): log_sql_query>, print_the_context already registered for DAG: example_python_operator
[2023-08-12T15:30:50.779+0000] {processor.py:836} INFO - DAG(s) dict_keys(['example_python_operator']) retrieved from /home/airflow/.local/lib/python3.10/site-packages/airflow/example_dags/example_python_operator.py
[2023-08-12T15:30:50.785+0000] {logging_mixin.py:149} INFO - [2023-08-12T15:30:50.785+0000] {dag.py:2726} INFO - Sync 1 DAGs
[2023-08-12T15:30:50.795+0000] {logging_mixin.py:149} INFO - [2023-08-12T15:30:50.795+0000] {dag.py:3486} INFO - Setting next_dagrun for example_python_operator to None, run_after=None
[2023-08-12T15:30:50.803+0000] {processor.py:179} INFO - Processing /home/airflow/.local/lib/python3.10/site-packages/airflow/example_dags/example_python_operator.py took 0.032 seconds
[2023-08-12T15:31:20.858+0000] {processor.py:157} INFO - Started process (PID=126) to work on /home/airflow/.local/lib/python3.10/site-packages/airflow/example_dags/example_python_operator.py
[2023-08-12T15:31:20.859+0000] {processor.py:826} INFO - Processing file /home/airflow/.local/lib/python3.10/site-packages/airflow/example_dags/example_python_operator.py for tasks to queue
[2023-08-12T15:31:20.859+0000] {logging_mixin.py:149} INFO - [2023-08-12T15:31:20.859+0000] {dagbag.py:541} INFO - Filling up the DagBag from /home/airflow/.local/lib/python3.10/site-packages/airflow/example_dags/example_python_operator.py
[2023-08-12T15:31:20.862+0000] {logging_mixin.py:149} INFO - [2023-08-12T15:31:20.862+0000] {taskmixin.py:211} WARNING - Dependency <Task(_PythonDecoratedOperator): print_the_context>, log_sql_query already registered for DAG: example_python_operator
[2023-08-12T15:31:20.862+0000] {logging_mixin.py:149} INFO - [2023-08-12T15:31:20.862+0000] {taskmixin.py:211} WARNING - Dependency <Task(_PythonDecoratedOperator): log_sql_query>, print_the_context already registered for DAG: example_python_operator
[2023-08-12T15:31:20.862+0000] {logging_mixin.py:149} INFO - [2023-08-12T15:31:20.862+0000] {taskmixin.py:211} WARNING - Dependency <Task(_PythonDecoratedOperator): print_the_context>, log_sql_query already registered for DAG: example_python_operator
[2023-08-12T15:31:20.862+0000] {logging_mixin.py:149} INFO - [2023-08-12T15:31:20.862+0000] {taskmixin.py:211} WARNING - Dependency <Task(_PythonDecoratedOperator): log_sql_query>, print_the_context already registered for DAG: example_python_operator
[2023-08-12T15:31:20.862+0000] {logging_mixin.py:149} INFO - [2023-08-12T15:31:20.862+0000] {taskmixin.py:211} WARNING - Dependency <Task(_PythonDecoratedOperator): print_the_context>, log_sql_query already registered for DAG: example_python_operator
[2023-08-12T15:31:20.863+0000] {logging_mixin.py:149} INFO - [2023-08-12T15:31:20.863+0000] {taskmixin.py:211} WARNING - Dependency <Task(_PythonDecoratedOperator): log_sql_query>, print_the_context already registered for DAG: example_python_operator
[2023-08-12T15:31:20.863+0000] {logging_mixin.py:149} INFO - [2023-08-12T15:31:20.863+0000] {taskmixin.py:211} WARNING - Dependency <Task(_PythonDecoratedOperator): print_the_context>, log_sql_query already registered for DAG: example_python_operator
[2023-08-12T15:31:20.863+0000] {logging_mixin.py:149} INFO - [2023-08-12T15:31:20.863+0000] {taskmixin.py:211} WARNING - Dependency <Task(_PythonDecoratedOperator): log_sql_query>, print_the_context already registered for DAG: example_python_operator
[2023-08-12T15:31:20.864+0000] {processor.py:836} INFO - DAG(s) dict_keys(['example_python_operator']) retrieved from /home/airflow/.local/lib/python3.10/site-packages/airflow/example_dags/example_python_operator.py
[2023-08-12T15:31:20.891+0000] {logging_mixin.py:149} INFO - [2023-08-12T15:31:20.891+0000] {dag.py:2726} INFO - Sync 1 DAGs
[2023-08-12T15:31:20.901+0000] {logging_mixin.py:149} INFO - [2023-08-12T15:31:20.900+0000] {dag.py:3486} INFO - Setting next_dagrun for example_python_operator to None, run_after=None
[2023-08-12T15:31:20.909+0000] {processor.py:179} INFO - Processing /home/airflow/.local/lib/python3.10/site-packages/airflow/example_dags/example_python_operator.py took 0.052 seconds
[2023-08-12T15:31:51.242+0000] {processor.py:157} INFO - Started process (PID=202) to work on /home/airflow/.local/lib/python3.10/site-packages/airflow/example_dags/example_python_operator.py
[2023-08-12T15:31:51.242+0000] {processor.py:826} INFO - Processing file /home/airflow/.local/lib/python3.10/site-packages/airflow/example_dags/example_python_operator.py for tasks to queue
[2023-08-12T15:31:51.242+0000] {logging_mixin.py:149} INFO - [2023-08-12T15:31:51.242+0000] {dagbag.py:541} INFO - Filling up the DagBag from /home/airflow/.local/lib/python3.10/site-packages/airflow/example_dags/example_python_operator.py
[2023-08-12T15:31:51.245+0000] {logging_mixin.py:149} INFO - [2023-08-12T15:31:51.245+0000] {taskmixin.py:211} WARNING - Dependency <Task(_PythonDecoratedOperator): print_the_context>, log_sql_query already registered for DAG: example_python_operator
[2023-08-12T15:31:51.245+0000] {logging_mixin.py:149} INFO - [2023-08-12T15:31:51.245+0000] {taskmixin.py:211} WARNING - Dependency <Task(_PythonDecoratedOperator): log_sql_query>, print_the_context already registered for DAG: example_python_operator
[2023-08-12T15:31:51.245+0000] {logging_mixin.py:149} INFO - [2023-08-12T15:31:51.245+0000] {taskmixin.py:211} WARNING - Dependency <Task(_PythonDecoratedOperator): print_the_context>, log_sql_query already registered for DAG: example_python_operator
[2023-08-12T15:31:51.245+0000] {logging_mixin.py:149} INFO - [2023-08-12T15:31:51.245+0000] {taskmixin.py:211} WARNING - Dependency <Task(_PythonDecoratedOperator): log_sql_query>, print_the_context already registered for DAG: example_python_operator
[2023-08-12T15:31:51.246+0000] {logging_mixin.py:149} INFO - [2023-08-12T15:31:51.246+0000] {taskmixin.py:211} WARNING - Dependency <Task(_PythonDecoratedOperator): print_the_context>, log_sql_query already registered for DAG: example_python_operator
[2023-08-12T15:31:51.246+0000] {logging_mixin.py:149} INFO - [2023-08-12T15:31:51.246+0000] {taskmixin.py:211} WARNING - Dependency <Task(_PythonDecoratedOperator): log_sql_query>, print_the_context already registered for DAG: example_python_operator
[2023-08-12T15:31:51.246+0000] {logging_mixin.py:149} INFO - [2023-08-12T15:31:51.246+0000] {taskmixin.py:211} WARNING - Dependency <Task(_PythonDecoratedOperator): print_the_context>, log_sql_query already registered for DAG: example_python_operator
[2023-08-12T15:31:51.246+0000] {logging_mixin.py:149} INFO - [2023-08-12T15:31:51.246+0000] {taskmixin.py:211} WARNING - Dependency <Task(_PythonDecoratedOperator): log_sql_query>, print_the_context already registered for DAG: example_python_operator
[2023-08-12T15:31:51.247+0000] {processor.py:836} INFO - DAG(s) dict_keys(['example_python_operator']) retrieved from /home/airflow/.local/lib/python3.10/site-packages/airflow/example_dags/example_python_operator.py
[2023-08-12T15:31:51.259+0000] {logging_mixin.py:149} INFO - [2023-08-12T15:31:51.259+0000] {dag.py:2726} INFO - Sync 1 DAGs
[2023-08-12T15:31:51.269+0000] {logging_mixin.py:149} INFO - [2023-08-12T15:31:51.269+0000] {dag.py:3486} INFO - Setting next_dagrun for example_python_operator to None, run_after=None
[2023-08-12T15:31:51.276+0000] {processor.py:179} INFO - Processing /home/airflow/.local/lib/python3.10/site-packages/airflow/example_dags/example_python_operator.py took 0.036 seconds
[2023-08-12T15:32:21.547+0000] {processor.py:157} INFO - Started process (PID=279) to work on /home/airflow/.local/lib/python3.10/site-packages/airflow/example_dags/example_python_operator.py
[2023-08-12T15:32:21.548+0000] {processor.py:826} INFO - Processing file /home/airflow/.local/lib/python3.10/site-packages/airflow/example_dags/example_python_operator.py for tasks to queue
[2023-08-12T15:32:21.548+0000] {logging_mixin.py:149} INFO - [2023-08-12T15:32:21.548+0000] {dagbag.py:541} INFO - Filling up the DagBag from /home/airflow/.local/lib/python3.10/site-packages/airflow/example_dags/example_python_operator.py
[2023-08-12T15:32:21.551+0000] {logging_mixin.py:149} INFO - [2023-08-12T15:32:21.550+0000] {taskmixin.py:211} WARNING - Dependency <Task(_PythonDecoratedOperator): print_the_context>, log_sql_query already registered for DAG: example_python_operator
[2023-08-12T15:32:21.551+0000] {logging_mixin.py:149} INFO - [2023-08-12T15:32:21.551+0000] {taskmixin.py:211} WARNING - Dependency <Task(_PythonDecoratedOperator): log_sql_query>, print_the_context already registered for DAG: example_python_operator
[2023-08-12T15:32:21.551+0000] {logging_mixin.py:149} INFO - [2023-08-12T15:32:21.551+0000] {taskmixin.py:211} WARNING - Dependency <Task(_PythonDecoratedOperator): print_the_context>, log_sql_query already registered for DAG: example_python_operator
[2023-08-12T15:32:21.551+0000] {logging_mixin.py:149} INFO - [2023-08-12T15:32:21.551+0000] {taskmixin.py:211} WARNING - Dependency <Task(_PythonDecoratedOperator): log_sql_query>, print_the_context already registered for DAG: example_python_operator
[2023-08-12T15:32:21.551+0000] {logging_mixin.py:149} INFO - [2023-08-12T15:32:21.551+0000] {taskmixin.py:211} WARNING - Dependency <Task(_PythonDecoratedOperator): print_the_context>, log_sql_query already registered for DAG: example_python_operator
[2023-08-12T15:32:21.551+0000] {logging_mixin.py:149} INFO - [2023-08-12T15:32:21.551+0000] {taskmixin.py:211} WARNING - Dependency <Task(_PythonDecoratedOperator): log_sql_query>, print_the_context already registered for DAG: example_python_operator
[2023-08-12T15:32:21.552+0000] {logging_mixin.py:149} INFO - [2023-08-12T15:32:21.552+0000] {taskmixin.py:211} WARNING - Dependency <Task(_PythonDecoratedOperator): print_the_context>, log_sql_query already registered for DAG: example_python_operator
[2023-08-12T15:32:21.552+0000] {logging_mixin.py:149} INFO - [2023-08-12T15:32:21.552+0000] {taskmixin.py:211} WARNING - Dependency <Task(_PythonDecoratedOperator): log_sql_query>, print_the_context already registered for DAG: example_python_operator
[2023-08-12T15:32:21.553+0000] {processor.py:836} INFO - DAG(s) dict_keys(['example_python_operator']) retrieved from /home/airflow/.local/lib/python3.10/site-packages/airflow/example_dags/example_python_operator.py
[2023-08-12T15:32:21.565+0000] {logging_mixin.py:149} INFO - [2023-08-12T15:32:21.565+0000] {dag.py:2726} INFO - Sync 1 DAGs
[2023-08-12T15:32:21.574+0000] {logging_mixin.py:149} INFO - [2023-08-12T15:32:21.574+0000] {dag.py:3486} INFO - Setting next_dagrun for example_python_operator to None, run_after=None
[2023-08-12T15:32:21.582+0000] {processor.py:179} INFO - Processing /home/airflow/.local/lib/python3.10/site-packages/airflow/example_dags/example_python_operator.py took 0.036 seconds
[2023-08-12T15:32:51.967+0000] {processor.py:157} INFO - Started process (PID=356) to work on /home/airflow/.local/lib/python3.10/site-packages/airflow/example_dags/example_python_operator.py
[2023-08-12T15:32:51.967+0000] {processor.py:826} INFO - Processing file /home/airflow/.local/lib/python3.10/site-packages/airflow/example_dags/example_python_operator.py for tasks to queue
[2023-08-12T15:32:51.967+0000] {logging_mixin.py:149} INFO - [2023-08-12T15:32:51.967+0000] {dagbag.py:541} INFO - Filling up the DagBag from /home/airflow/.local/lib/python3.10/site-packages/airflow/example_dags/example_python_operator.py
[2023-08-12T15:32:51.970+0000] {logging_mixin.py:149} INFO - [2023-08-12T15:32:51.970+0000] {taskmixin.py:211} WARNING - Dependency <Task(_PythonDecoratedOperator): print_the_context>, log_sql_query already registered for DAG: example_python_operator
[2023-08-12T15:32:51.970+0000] {logging_mixin.py:149} INFO - [2023-08-12T15:32:51.970+0000] {taskmixin.py:211} WARNING - Dependency <Task(_PythonDecoratedOperator): log_sql_query>, print_the_context already registered for DAG: example_python_operator
[2023-08-12T15:32:51.970+0000] {logging_mixin.py:149} INFO - [2023-08-12T15:32:51.970+0000] {taskmixin.py:211} WARNING - Dependency <Task(_PythonDecoratedOperator): print_the_context>, log_sql_query already registered for DAG: example_python_operator
[2023-08-12T15:32:51.970+0000] {logging_mixin.py:149} INFO - [2023-08-12T15:32:51.970+0000] {taskmixin.py:211} WARNING - Dependency <Task(_PythonDecoratedOperator): log_sql_query>, print_the_context already registered for DAG: example_python_operator
[2023-08-12T15:32:51.971+0000] {logging_mixin.py:149} INFO - [2023-08-12T15:32:51.971+0000] {taskmixin.py:211} WARNING - Dependency <Task(_PythonDecoratedOperator): print_the_context>, log_sql_query already registered for DAG: example_python_operator
[2023-08-12T15:32:51.971+0000] {logging_mixin.py:149} INFO - [2023-08-12T15:32:51.971+0000] {taskmixin.py:211} WARNING - Dependency <Task(_PythonDecoratedOperator): log_sql_query>, print_the_context already registered for DAG: example_python_operator
[2023-08-12T15:32:51.971+0000] {logging_mixin.py:149} INFO - [2023-08-12T15:32:51.971+0000] {taskmixin.py:211} WARNING - Dependency <Task(_PythonDecoratedOperator): print_the_context>, log_sql_query already registered for DAG: example_python_operator
[2023-08-12T15:32:51.971+0000] {logging_mixin.py:149} INFO - [2023-08-12T15:32:51.971+0000] {taskmixin.py:211} WARNING - Dependency <Task(_PythonDecoratedOperator): log_sql_query>, print_the_context already registered for DAG: example_python_operator
[2023-08-12T15:32:51.972+0000] {processor.py:836} INFO - DAG(s) dict_keys(['example_python_operator']) retrieved from /home/airflow/.local/lib/python3.10/site-packages/airflow/example_dags/example_python_operator.py
[2023-08-12T15:32:51.984+0000] {logging_mixin.py:149} INFO - [2023-08-12T15:32:51.984+0000] {dag.py:2726} INFO - Sync 1 DAGs
[2023-08-12T15:32:51.993+0000] {logging_mixin.py:149} INFO - [2023-08-12T15:32:51.993+0000] {dag.py:3486} INFO - Setting next_dagrun for example_python_operator to None, run_after=None
[2023-08-12T15:32:52.001+0000] {processor.py:179} INFO - Processing /home/airflow/.local/lib/python3.10/site-packages/airflow/example_dags/example_python_operator.py took 0.036 seconds
[2023-08-12T15:33:22.467+0000] {processor.py:157} INFO - Started process (PID=432) to work on /home/airflow/.local/lib/python3.10/site-packages/airflow/example_dags/example_python_operator.py
[2023-08-12T15:33:22.468+0000] {processor.py:826} INFO - Processing file /home/airflow/.local/lib/python3.10/site-packages/airflow/example_dags/example_python_operator.py for tasks to queue
[2023-08-12T15:33:22.468+0000] {logging_mixin.py:149} INFO - [2023-08-12T15:33:22.468+0000] {dagbag.py:541} INFO - Filling up the DagBag from /home/airflow/.local/lib/python3.10/site-packages/airflow/example_dags/example_python_operator.py
[2023-08-12T15:33:22.471+0000] {logging_mixin.py:149} INFO - [2023-08-12T15:33:22.471+0000] {taskmixin.py:211} WARNING - Dependency <Task(_PythonDecoratedOperator): print_the_context>, log_sql_query already registered for DAG: example_python_operator
[2023-08-12T15:33:22.471+0000] {logging_mixin.py:149} INFO - [2023-08-12T15:33:22.471+0000] {taskmixin.py:211} WARNING - Dependency <Task(_PythonDecoratedOperator): log_sql_query>, print_the_context already registered for DAG: example_python_operator
[2023-08-12T15:33:22.471+0000] {logging_mixin.py:149} INFO - [2023-08-12T15:33:22.471+0000] {taskmixin.py:211} WARNING - Dependency <Task(_PythonDecoratedOperator): print_the_context>, log_sql_query already registered for DAG: example_python_operator
[2023-08-12T15:33:22.471+0000] {logging_mixin.py:149} INFO - [2023-08-12T15:33:22.471+0000] {taskmixin.py:211} WARNING - Dependency <Task(_PythonDecoratedOperator): log_sql_query>, print_the_context already registered for DAG: example_python_operator
[2023-08-12T15:33:22.471+0000] {logging_mixin.py:149} INFO - [2023-08-12T15:33:22.471+0000] {taskmixin.py:211} WARNING - Dependency <Task(_PythonDecoratedOperator): print_the_context>, log_sql_query already registered for DAG: example_python_operator
[2023-08-12T15:33:22.471+0000] {logging_mixin.py:149} INFO - [2023-08-12T15:33:22.471+0000] {taskmixin.py:211} WARNING - Dependency <Task(_PythonDecoratedOperator): log_sql_query>, print_the_context already registered for DAG: example_python_operator
[2023-08-12T15:33:22.472+0000] {logging_mixin.py:149} INFO - [2023-08-12T15:33:22.472+0000] {taskmixin.py:211} WARNING - Dependency <Task(_PythonDecoratedOperator): print_the_context>, log_sql_query already registered for DAG: example_python_operator
[2023-08-12T15:33:22.472+0000] {logging_mixin.py:149} INFO - [2023-08-12T15:33:22.472+0000] {taskmixin.py:211} WARNING - Dependency <Task(_PythonDecoratedOperator): log_sql_query>, print_the_context already registered for DAG: example_python_operator
[2023-08-12T15:33:22.473+0000] {processor.py:836} INFO - DAG(s) dict_keys(['example_python_operator']) retrieved from /home/airflow/.local/lib/python3.10/site-packages/airflow/example_dags/example_python_operator.py
[2023-08-12T15:33:22.484+0000] {logging_mixin.py:149} INFO - [2023-08-12T15:33:22.484+0000] {dag.py:2726} INFO - Sync 1 DAGs
[2023-08-12T15:33:22.494+0000] {logging_mixin.py:149} INFO - [2023-08-12T15:33:22.494+0000] {dag.py:3486} INFO - Setting next_dagrun for example_python_operator to None, run_after=None
[2023-08-12T15:33:22.501+0000] {processor.py:179} INFO - Processing /home/airflow/.local/lib/python3.10/site-packages/airflow/example_dags/example_python_operator.py took 0.035 seconds
[2023-08-12T15:33:52.968+0000] {processor.py:157} INFO - Started process (PID=509) to work on /home/airflow/.local/lib/python3.10/site-packages/airflow/example_dags/example_python_operator.py
[2023-08-12T15:33:52.969+0000] {processor.py:826} INFO - Processing file /home/airflow/.local/lib/python3.10/site-packages/airflow/example_dags/example_python_operator.py for tasks to queue
[2023-08-12T15:33:52.969+0000] {logging_mixin.py:149} INFO - [2023-08-12T15:33:52.969+0000] {dagbag.py:541} INFO - Filling up the DagBag from /home/airflow/.local/lib/python3.10/site-packages/airflow/example_dags/example_python_operator.py
[2023-08-12T15:33:52.972+0000] {logging_mixin.py:149} INFO - [2023-08-12T15:33:52.972+0000] {taskmixin.py:211} WARNING - Dependency <Task(_PythonDecoratedOperator): print_the_context>, log_sql_query already registered for DAG: example_python_operator
[2023-08-12T15:33:52.972+0000] {logging_mixin.py:149} INFO - [2023-08-12T15:33:52.972+0000] {taskmixin.py:211} WARNING - Dependency <Task(_PythonDecoratedOperator): log_sql_query>, print_the_context already registered for DAG: example_python_operator
[2023-08-12T15:33:52.972+0000] {logging_mixin.py:149} INFO - [2023-08-12T15:33:52.972+0000] {taskmixin.py:211} WARNING - Dependency <Task(_PythonDecoratedOperator): print_the_context>, log_sql_query already registered for DAG: example_python_operator
[2023-08-12T15:33:52.972+0000] {logging_mixin.py:149} INFO - [2023-08-12T15:33:52.972+0000] {taskmixin.py:211} WARNING - Dependency <Task(_PythonDecoratedOperator): log_sql_query>, print_the_context already registered for DAG: example_python_operator
[2023-08-12T15:33:52.973+0000] {logging_mixin.py:149} INFO - [2023-08-12T15:33:52.973+0000] {taskmixin.py:211} WARNING - Dependency <Task(_PythonDecoratedOperator): print_the_context>, log_sql_query already registered for DAG: example_python_operator
[2023-08-12T15:33:52.973+0000] {logging_mixin.py:149} INFO - [2023-08-12T15:33:52.973+0000] {taskmixin.py:211} WARNING - Dependency <Task(_PythonDecoratedOperator): log_sql_query>, print_the_context already registered for DAG: example_python_operator
[2023-08-12T15:33:52.973+0000] {logging_mixin.py:149} INFO - [2023-08-12T15:33:52.973+0000] {taskmixin.py:211} WARNING - Dependency <Task(_PythonDecoratedOperator): print_the_context>, log_sql_query already registered for DAG: example_python_operator
[2023-08-12T15:33:52.973+0000] {logging_mixin.py:149} INFO - [2023-08-12T15:33:52.973+0000] {taskmixin.py:211} WARNING - Dependency <Task(_PythonDecoratedOperator): log_sql_query>, print_the_context already registered for DAG: example_python_operator
[2023-08-12T15:33:52.974+0000] {processor.py:836} INFO - DAG(s) dict_keys(['example_python_operator']) retrieved from /home/airflow/.local/lib/python3.10/site-packages/airflow/example_dags/example_python_operator.py
[2023-08-12T15:33:52.986+0000] {logging_mixin.py:149} INFO - [2023-08-12T15:33:52.986+0000] {dag.py:2726} INFO - Sync 1 DAGs
[2023-08-12T15:33:52.996+0000] {logging_mixin.py:149} INFO - [2023-08-12T15:33:52.996+0000] {dag.py:3486} INFO - Setting next_dagrun for example_python_operator to None, run_after=None
[2023-08-12T15:33:53.004+0000] {processor.py:179} INFO - Processing /home/airflow/.local/lib/python3.10/site-packages/airflow/example_dags/example_python_operator.py took 0.038 seconds
