[2023-08-12T03:29:37.446+0000] {processor.py:157} INFO - Started process (PID=27) to work on /home/airflow/.local/lib/python3.10/site-packages/airflow/example_dags/example_branch_operator_decorator.py
[2023-08-12T03:29:37.447+0000] {processor.py:826} INFO - Processing file /home/airflow/.local/lib/python3.10/site-packages/airflow/example_dags/example_branch_operator_decorator.py for tasks to queue
[2023-08-12T03:29:37.447+0000] {logging_mixin.py:149} INFO - [2023-08-12T03:29:37.447+0000] {dagbag.py:541} INFO - Filling up the DagBag from /home/airflow/.local/lib/python3.10/site-packages/airflow/example_dags/example_branch_operator_decorator.py
[2023-08-12T03:29:37.452+0000] {processor.py:836} INFO - DAG(s) dict_keys(['example_branch_python_operator_decorator']) retrieved from /home/airflow/.local/lib/python3.10/site-packages/airflow/example_dags/example_branch_operator_decorator.py
[2023-08-12T03:29:37.457+0000] {logging_mixin.py:149} INFO - [2023-08-12T03:29:37.457+0000] {dag.py:2726} INFO - Sync 1 DAGs
[2023-08-12T03:29:37.469+0000] {logging_mixin.py:149} INFO - [2023-08-12T03:29:37.469+0000] {dag.py:3486} INFO - Setting next_dagrun for example_branch_python_operator_decorator to 2023-08-11T00:00:00+00:00, run_after=2023-08-12T00:00:00+00:00
[2023-08-12T03:29:37.476+0000] {processor.py:179} INFO - Processing /home/airflow/.local/lib/python3.10/site-packages/airflow/example_dags/example_branch_operator_decorator.py took 0.031 seconds
[2023-08-12T03:30:07.783+0000] {processor.py:157} INFO - Started process (PID=104) to work on /home/airflow/.local/lib/python3.10/site-packages/airflow/example_dags/example_branch_operator_decorator.py
[2023-08-12T03:30:07.783+0000] {processor.py:826} INFO - Processing file /home/airflow/.local/lib/python3.10/site-packages/airflow/example_dags/example_branch_operator_decorator.py for tasks to queue
[2023-08-12T03:30:07.783+0000] {logging_mixin.py:149} INFO - [2023-08-12T03:30:07.783+0000] {dagbag.py:541} INFO - Filling up the DagBag from /home/airflow/.local/lib/python3.10/site-packages/airflow/example_dags/example_branch_operator_decorator.py
[2023-08-12T03:30:07.788+0000] {processor.py:836} INFO - DAG(s) dict_keys(['example_branch_python_operator_decorator']) retrieved from /home/airflow/.local/lib/python3.10/site-packages/airflow/example_dags/example_branch_operator_decorator.py
[2023-08-12T03:30:07.800+0000] {logging_mixin.py:149} INFO - [2023-08-12T03:30:07.800+0000] {dag.py:2726} INFO - Sync 1 DAGs
[2023-08-12T03:30:07.811+0000] {logging_mixin.py:149} INFO - [2023-08-12T03:30:07.811+0000] {dag.py:3486} INFO - Setting next_dagrun for example_branch_python_operator_decorator to 2023-08-11T00:00:00+00:00, run_after=2023-08-12T00:00:00+00:00
[2023-08-12T03:30:07.818+0000] {processor.py:179} INFO - Processing /home/airflow/.local/lib/python3.10/site-packages/airflow/example_dags/example_branch_operator_decorator.py took 0.036 seconds
[2023-08-12T03:30:38.190+0000] {processor.py:157} INFO - Started process (PID=181) to work on /home/airflow/.local/lib/python3.10/site-packages/airflow/example_dags/example_branch_operator_decorator.py
[2023-08-12T03:30:38.190+0000] {processor.py:826} INFO - Processing file /home/airflow/.local/lib/python3.10/site-packages/airflow/example_dags/example_branch_operator_decorator.py for tasks to queue
[2023-08-12T03:30:38.191+0000] {logging_mixin.py:149} INFO - [2023-08-12T03:30:38.190+0000] {dagbag.py:541} INFO - Filling up the DagBag from /home/airflow/.local/lib/python3.10/site-packages/airflow/example_dags/example_branch_operator_decorator.py
[2023-08-12T03:30:38.195+0000] {processor.py:836} INFO - DAG(s) dict_keys(['example_branch_python_operator_decorator']) retrieved from /home/airflow/.local/lib/python3.10/site-packages/airflow/example_dags/example_branch_operator_decorator.py
[2023-08-12T03:30:38.206+0000] {logging_mixin.py:149} INFO - [2023-08-12T03:30:38.206+0000] {dag.py:2726} INFO - Sync 1 DAGs
[2023-08-12T03:30:38.216+0000] {logging_mixin.py:149} INFO - [2023-08-12T03:30:38.216+0000] {dag.py:3486} INFO - Setting next_dagrun for example_branch_python_operator_decorator to 2023-08-11T00:00:00+00:00, run_after=2023-08-12T00:00:00+00:00
[2023-08-12T03:30:38.222+0000] {processor.py:179} INFO - Processing /home/airflow/.local/lib/python3.10/site-packages/airflow/example_dags/example_branch_operator_decorator.py took 0.034 seconds
[2023-08-12T03:31:08.538+0000] {processor.py:157} INFO - Started process (PID=257) to work on /home/airflow/.local/lib/python3.10/site-packages/airflow/example_dags/example_branch_operator_decorator.py
[2023-08-12T03:31:08.538+0000] {processor.py:826} INFO - Processing file /home/airflow/.local/lib/python3.10/site-packages/airflow/example_dags/example_branch_operator_decorator.py for tasks to queue
[2023-08-12T03:31:08.538+0000] {logging_mixin.py:149} INFO - [2023-08-12T03:31:08.538+0000] {dagbag.py:541} INFO - Filling up the DagBag from /home/airflow/.local/lib/python3.10/site-packages/airflow/example_dags/example_branch_operator_decorator.py
[2023-08-12T03:31:08.543+0000] {processor.py:836} INFO - DAG(s) dict_keys(['example_branch_python_operator_decorator']) retrieved from /home/airflow/.local/lib/python3.10/site-packages/airflow/example_dags/example_branch_operator_decorator.py
[2023-08-12T03:31:08.554+0000] {logging_mixin.py:149} INFO - [2023-08-12T03:31:08.554+0000] {dag.py:2726} INFO - Sync 1 DAGs
[2023-08-12T03:31:08.564+0000] {logging_mixin.py:149} INFO - [2023-08-12T03:31:08.563+0000] {dag.py:3486} INFO - Setting next_dagrun for example_branch_python_operator_decorator to 2023-08-11T00:00:00+00:00, run_after=2023-08-12T00:00:00+00:00
[2023-08-12T03:31:08.570+0000] {processor.py:179} INFO - Processing /home/airflow/.local/lib/python3.10/site-packages/airflow/example_dags/example_branch_operator_decorator.py took 0.034 seconds
[2023-08-12T03:31:38.877+0000] {processor.py:157} INFO - Started process (PID=334) to work on /home/airflow/.local/lib/python3.10/site-packages/airflow/example_dags/example_branch_operator_decorator.py
[2023-08-12T03:31:38.878+0000] {processor.py:826} INFO - Processing file /home/airflow/.local/lib/python3.10/site-packages/airflow/example_dags/example_branch_operator_decorator.py for tasks to queue
[2023-08-12T03:31:38.878+0000] {logging_mixin.py:149} INFO - [2023-08-12T03:31:38.878+0000] {dagbag.py:541} INFO - Filling up the DagBag from /home/airflow/.local/lib/python3.10/site-packages/airflow/example_dags/example_branch_operator_decorator.py
[2023-08-12T03:31:38.885+0000] {processor.py:836} INFO - DAG(s) dict_keys(['example_branch_python_operator_decorator']) retrieved from /home/airflow/.local/lib/python3.10/site-packages/airflow/example_dags/example_branch_operator_decorator.py
[2023-08-12T03:31:38.896+0000] {logging_mixin.py:149} INFO - [2023-08-12T03:31:38.896+0000] {dag.py:2726} INFO - Sync 1 DAGs
[2023-08-12T03:31:38.906+0000] {logging_mixin.py:149} INFO - [2023-08-12T03:31:38.906+0000] {dag.py:3486} INFO - Setting next_dagrun for example_branch_python_operator_decorator to 2023-08-11T00:00:00+00:00, run_after=2023-08-12T00:00:00+00:00
[2023-08-12T03:31:38.913+0000] {processor.py:179} INFO - Processing /home/airflow/.local/lib/python3.10/site-packages/airflow/example_dags/example_branch_operator_decorator.py took 0.038 seconds
[2023-08-12T03:32:09.230+0000] {processor.py:157} INFO - Started process (PID=411) to work on /home/airflow/.local/lib/python3.10/site-packages/airflow/example_dags/example_branch_operator_decorator.py
[2023-08-12T03:32:09.231+0000] {processor.py:826} INFO - Processing file /home/airflow/.local/lib/python3.10/site-packages/airflow/example_dags/example_branch_operator_decorator.py for tasks to queue
[2023-08-12T03:32:09.231+0000] {logging_mixin.py:149} INFO - [2023-08-12T03:32:09.231+0000] {dagbag.py:541} INFO - Filling up the DagBag from /home/airflow/.local/lib/python3.10/site-packages/airflow/example_dags/example_branch_operator_decorator.py
[2023-08-12T03:32:09.235+0000] {processor.py:836} INFO - DAG(s) dict_keys(['example_branch_python_operator_decorator']) retrieved from /home/airflow/.local/lib/python3.10/site-packages/airflow/example_dags/example_branch_operator_decorator.py
[2023-08-12T03:32:09.245+0000] {logging_mixin.py:149} INFO - [2023-08-12T03:32:09.245+0000] {dag.py:2726} INFO - Sync 1 DAGs
[2023-08-12T03:32:09.255+0000] {logging_mixin.py:149} INFO - [2023-08-12T03:32:09.255+0000] {dag.py:3486} INFO - Setting next_dagrun for example_branch_python_operator_decorator to 2023-08-11T00:00:00+00:00, run_after=2023-08-12T00:00:00+00:00
[2023-08-12T03:32:09.262+0000] {processor.py:179} INFO - Processing /home/airflow/.local/lib/python3.10/site-packages/airflow/example_dags/example_branch_operator_decorator.py took 0.033 seconds
[2023-08-12T03:32:39.568+0000] {processor.py:157} INFO - Started process (PID=488) to work on /home/airflow/.local/lib/python3.10/site-packages/airflow/example_dags/example_branch_operator_decorator.py
[2023-08-12T03:32:39.568+0000] {processor.py:826} INFO - Processing file /home/airflow/.local/lib/python3.10/site-packages/airflow/example_dags/example_branch_operator_decorator.py for tasks to queue
[2023-08-12T03:32:39.568+0000] {logging_mixin.py:149} INFO - [2023-08-12T03:32:39.568+0000] {dagbag.py:541} INFO - Filling up the DagBag from /home/airflow/.local/lib/python3.10/site-packages/airflow/example_dags/example_branch_operator_decorator.py
[2023-08-12T03:32:39.573+0000] {processor.py:836} INFO - DAG(s) dict_keys(['example_branch_python_operator_decorator']) retrieved from /home/airflow/.local/lib/python3.10/site-packages/airflow/example_dags/example_branch_operator_decorator.py
[2023-08-12T03:32:39.584+0000] {logging_mixin.py:149} INFO - [2023-08-12T03:32:39.584+0000] {dag.py:2726} INFO - Sync 1 DAGs
[2023-08-12T03:32:39.594+0000] {logging_mixin.py:149} INFO - [2023-08-12T03:32:39.594+0000] {dag.py:3486} INFO - Setting next_dagrun for example_branch_python_operator_decorator to 2023-08-11T00:00:00+00:00, run_after=2023-08-12T00:00:00+00:00
[2023-08-12T03:32:39.601+0000] {processor.py:179} INFO - Processing /home/airflow/.local/lib/python3.10/site-packages/airflow/example_dags/example_branch_operator_decorator.py took 0.035 seconds
[2023-08-12T03:33:09.853+0000] {processor.py:157} INFO - Started process (PID=565) to work on /home/airflow/.local/lib/python3.10/site-packages/airflow/example_dags/example_branch_operator_decorator.py
[2023-08-12T03:33:09.853+0000] {processor.py:826} INFO - Processing file /home/airflow/.local/lib/python3.10/site-packages/airflow/example_dags/example_branch_operator_decorator.py for tasks to queue
[2023-08-12T03:33:09.853+0000] {logging_mixin.py:149} INFO - [2023-08-12T03:33:09.853+0000] {dagbag.py:541} INFO - Filling up the DagBag from /home/airflow/.local/lib/python3.10/site-packages/airflow/example_dags/example_branch_operator_decorator.py
[2023-08-12T03:33:09.858+0000] {processor.py:836} INFO - DAG(s) dict_keys(['example_branch_python_operator_decorator']) retrieved from /home/airflow/.local/lib/python3.10/site-packages/airflow/example_dags/example_branch_operator_decorator.py
[2023-08-12T03:33:09.868+0000] {logging_mixin.py:149} INFO - [2023-08-12T03:33:09.868+0000] {dag.py:2726} INFO - Sync 1 DAGs
[2023-08-12T03:33:09.878+0000] {logging_mixin.py:149} INFO - [2023-08-12T03:33:09.878+0000] {dag.py:3486} INFO - Setting next_dagrun for example_branch_python_operator_decorator to 2023-08-11T00:00:00+00:00, run_after=2023-08-12T00:00:00+00:00
[2023-08-12T03:33:09.885+0000] {processor.py:179} INFO - Processing /home/airflow/.local/lib/python3.10/site-packages/airflow/example_dags/example_branch_operator_decorator.py took 0.034 seconds
[2023-08-12T03:33:40.443+0000] {processor.py:157} INFO - Started process (PID=642) to work on /home/airflow/.local/lib/python3.10/site-packages/airflow/example_dags/example_branch_operator_decorator.py
[2023-08-12T03:33:40.444+0000] {processor.py:826} INFO - Processing file /home/airflow/.local/lib/python3.10/site-packages/airflow/example_dags/example_branch_operator_decorator.py for tasks to queue
[2023-08-12T03:33:40.444+0000] {logging_mixin.py:149} INFO - [2023-08-12T03:33:40.444+0000] {dagbag.py:541} INFO - Filling up the DagBag from /home/airflow/.local/lib/python3.10/site-packages/airflow/example_dags/example_branch_operator_decorator.py
[2023-08-12T03:33:40.448+0000] {processor.py:836} INFO - DAG(s) dict_keys(['example_branch_python_operator_decorator']) retrieved from /home/airflow/.local/lib/python3.10/site-packages/airflow/example_dags/example_branch_operator_decorator.py
[2023-08-12T03:33:40.460+0000] {logging_mixin.py:149} INFO - [2023-08-12T03:33:40.460+0000] {dag.py:2726} INFO - Sync 1 DAGs
[2023-08-12T03:33:40.470+0000] {logging_mixin.py:149} INFO - [2023-08-12T03:33:40.470+0000] {dag.py:3486} INFO - Setting next_dagrun for example_branch_python_operator_decorator to 2023-08-11T00:00:00+00:00, run_after=2023-08-12T00:00:00+00:00
[2023-08-12T03:33:40.478+0000] {processor.py:179} INFO - Processing /home/airflow/.local/lib/python3.10/site-packages/airflow/example_dags/example_branch_operator_decorator.py took 0.035 seconds
[2023-08-12T03:34:10.802+0000] {processor.py:157} INFO - Started process (PID=718) to work on /home/airflow/.local/lib/python3.10/site-packages/airflow/example_dags/example_branch_operator_decorator.py
[2023-08-12T03:34:10.802+0000] {processor.py:826} INFO - Processing file /home/airflow/.local/lib/python3.10/site-packages/airflow/example_dags/example_branch_operator_decorator.py for tasks to queue
[2023-08-12T03:34:10.802+0000] {logging_mixin.py:149} INFO - [2023-08-12T03:34:10.802+0000] {dagbag.py:541} INFO - Filling up the DagBag from /home/airflow/.local/lib/python3.10/site-packages/airflow/example_dags/example_branch_operator_decorator.py
[2023-08-12T03:34:10.807+0000] {processor.py:836} INFO - DAG(s) dict_keys(['example_branch_python_operator_decorator']) retrieved from /home/airflow/.local/lib/python3.10/site-packages/airflow/example_dags/example_branch_operator_decorator.py
[2023-08-12T03:34:10.818+0000] {logging_mixin.py:149} INFO - [2023-08-12T03:34:10.817+0000] {dag.py:2726} INFO - Sync 1 DAGs
[2023-08-12T03:34:10.827+0000] {logging_mixin.py:149} INFO - [2023-08-12T03:34:10.827+0000] {dag.py:3486} INFO - Setting next_dagrun for example_branch_python_operator_decorator to 2023-08-11T00:00:00+00:00, run_after=2023-08-12T00:00:00+00:00
[2023-08-12T03:34:10.834+0000] {processor.py:179} INFO - Processing /home/airflow/.local/lib/python3.10/site-packages/airflow/example_dags/example_branch_operator_decorator.py took 0.033 seconds
[2023-08-12T03:34:41.146+0000] {processor.py:157} INFO - Started process (PID=795) to work on /home/airflow/.local/lib/python3.10/site-packages/airflow/example_dags/example_branch_operator_decorator.py
[2023-08-12T03:34:41.146+0000] {processor.py:826} INFO - Processing file /home/airflow/.local/lib/python3.10/site-packages/airflow/example_dags/example_branch_operator_decorator.py for tasks to queue
[2023-08-12T03:34:41.147+0000] {logging_mixin.py:149} INFO - [2023-08-12T03:34:41.147+0000] {dagbag.py:541} INFO - Filling up the DagBag from /home/airflow/.local/lib/python3.10/site-packages/airflow/example_dags/example_branch_operator_decorator.py
[2023-08-12T03:34:41.151+0000] {processor.py:836} INFO - DAG(s) dict_keys(['example_branch_python_operator_decorator']) retrieved from /home/airflow/.local/lib/python3.10/site-packages/airflow/example_dags/example_branch_operator_decorator.py
[2023-08-12T03:34:41.162+0000] {logging_mixin.py:149} INFO - [2023-08-12T03:34:41.162+0000] {dag.py:2726} INFO - Sync 1 DAGs
[2023-08-12T03:34:41.172+0000] {logging_mixin.py:149} INFO - [2023-08-12T03:34:41.172+0000] {dag.py:3486} INFO - Setting next_dagrun for example_branch_python_operator_decorator to 2023-08-11T00:00:00+00:00, run_after=2023-08-12T00:00:00+00:00
[2023-08-12T03:34:41.179+0000] {processor.py:179} INFO - Processing /home/airflow/.local/lib/python3.10/site-packages/airflow/example_dags/example_branch_operator_decorator.py took 0.034 seconds
[2023-08-12T03:35:11.527+0000] {processor.py:157} INFO - Started process (PID=872) to work on /home/airflow/.local/lib/python3.10/site-packages/airflow/example_dags/example_branch_operator_decorator.py
[2023-08-12T03:35:11.527+0000] {processor.py:826} INFO - Processing file /home/airflow/.local/lib/python3.10/site-packages/airflow/example_dags/example_branch_operator_decorator.py for tasks to queue
[2023-08-12T03:35:11.528+0000] {logging_mixin.py:149} INFO - [2023-08-12T03:35:11.528+0000] {dagbag.py:541} INFO - Filling up the DagBag from /home/airflow/.local/lib/python3.10/site-packages/airflow/example_dags/example_branch_operator_decorator.py
[2023-08-12T03:35:11.532+0000] {processor.py:836} INFO - DAG(s) dict_keys(['example_branch_python_operator_decorator']) retrieved from /home/airflow/.local/lib/python3.10/site-packages/airflow/example_dags/example_branch_operator_decorator.py
[2023-08-12T03:35:11.543+0000] {logging_mixin.py:149} INFO - [2023-08-12T03:35:11.543+0000] {dag.py:2726} INFO - Sync 1 DAGs
[2023-08-12T03:35:11.553+0000] {logging_mixin.py:149} INFO - [2023-08-12T03:35:11.553+0000] {dag.py:3486} INFO - Setting next_dagrun for example_branch_python_operator_decorator to 2023-08-11T00:00:00+00:00, run_after=2023-08-12T00:00:00+00:00
[2023-08-12T03:35:11.560+0000] {processor.py:179} INFO - Processing /home/airflow/.local/lib/python3.10/site-packages/airflow/example_dags/example_branch_operator_decorator.py took 0.034 seconds
[2023-08-12T03:35:41.870+0000] {processor.py:157} INFO - Started process (PID=949) to work on /home/airflow/.local/lib/python3.10/site-packages/airflow/example_dags/example_branch_operator_decorator.py
[2023-08-12T03:35:41.870+0000] {processor.py:826} INFO - Processing file /home/airflow/.local/lib/python3.10/site-packages/airflow/example_dags/example_branch_operator_decorator.py for tasks to queue
[2023-08-12T03:35:41.871+0000] {logging_mixin.py:149} INFO - [2023-08-12T03:35:41.870+0000] {dagbag.py:541} INFO - Filling up the DagBag from /home/airflow/.local/lib/python3.10/site-packages/airflow/example_dags/example_branch_operator_decorator.py
[2023-08-12T03:35:41.875+0000] {processor.py:836} INFO - DAG(s) dict_keys(['example_branch_python_operator_decorator']) retrieved from /home/airflow/.local/lib/python3.10/site-packages/airflow/example_dags/example_branch_operator_decorator.py
[2023-08-12T03:35:41.885+0000] {logging_mixin.py:149} INFO - [2023-08-12T03:35:41.885+0000] {dag.py:2726} INFO - Sync 1 DAGs
[2023-08-12T03:35:41.895+0000] {logging_mixin.py:149} INFO - [2023-08-12T03:35:41.895+0000] {dag.py:3486} INFO - Setting next_dagrun for example_branch_python_operator_decorator to 2023-08-11T00:00:00+00:00, run_after=2023-08-12T00:00:00+00:00
[2023-08-12T03:35:41.902+0000] {processor.py:179} INFO - Processing /home/airflow/.local/lib/python3.10/site-packages/airflow/example_dags/example_branch_operator_decorator.py took 0.033 seconds
[2023-08-12T03:40:12.392+0000] {processor.py:157} INFO - Started process (PID=27) to work on /home/airflow/.local/lib/python3.10/site-packages/airflow/example_dags/example_branch_operator_decorator.py
[2023-08-12T03:40:12.392+0000] {processor.py:826} INFO - Processing file /home/airflow/.local/lib/python3.10/site-packages/airflow/example_dags/example_branch_operator_decorator.py for tasks to queue
[2023-08-12T03:40:12.392+0000] {logging_mixin.py:149} INFO - [2023-08-12T03:40:12.392+0000] {dagbag.py:541} INFO - Filling up the DagBag from /home/airflow/.local/lib/python3.10/site-packages/airflow/example_dags/example_branch_operator_decorator.py
[2023-08-12T03:40:12.398+0000] {processor.py:836} INFO - DAG(s) dict_keys(['example_branch_python_operator_decorator']) retrieved from /home/airflow/.local/lib/python3.10/site-packages/airflow/example_dags/example_branch_operator_decorator.py
[2023-08-12T03:40:12.403+0000] {logging_mixin.py:149} INFO - [2023-08-12T03:40:12.403+0000] {dag.py:2726} INFO - Sync 1 DAGs
[2023-08-12T03:40:12.415+0000] {logging_mixin.py:149} INFO - [2023-08-12T03:40:12.414+0000] {dag.py:3486} INFO - Setting next_dagrun for example_branch_python_operator_decorator to 2023-08-11T00:00:00+00:00, run_after=2023-08-12T00:00:00+00:00
[2023-08-12T03:40:12.421+0000] {processor.py:179} INFO - Processing /home/airflow/.local/lib/python3.10/site-packages/airflow/example_dags/example_branch_operator_decorator.py took 0.031 seconds
[2023-08-12T03:40:42.640+0000] {processor.py:157} INFO - Started process (PID=104) to work on /home/airflow/.local/lib/python3.10/site-packages/airflow/example_dags/example_branch_operator_decorator.py
[2023-08-12T03:40:42.641+0000] {processor.py:826} INFO - Processing file /home/airflow/.local/lib/python3.10/site-packages/airflow/example_dags/example_branch_operator_decorator.py for tasks to queue
[2023-08-12T03:40:42.641+0000] {logging_mixin.py:149} INFO - [2023-08-12T03:40:42.641+0000] {dagbag.py:541} INFO - Filling up the DagBag from /home/airflow/.local/lib/python3.10/site-packages/airflow/example_dags/example_branch_operator_decorator.py
[2023-08-12T03:40:42.645+0000] {processor.py:836} INFO - DAG(s) dict_keys(['example_branch_python_operator_decorator']) retrieved from /home/airflow/.local/lib/python3.10/site-packages/airflow/example_dags/example_branch_operator_decorator.py
[2023-08-12T03:40:42.657+0000] {logging_mixin.py:149} INFO - [2023-08-12T03:40:42.657+0000] {dag.py:2726} INFO - Sync 1 DAGs
[2023-08-12T03:40:42.667+0000] {logging_mixin.py:149} INFO - [2023-08-12T03:40:42.667+0000] {dag.py:3486} INFO - Setting next_dagrun for example_branch_python_operator_decorator to 2023-08-11T00:00:00+00:00, run_after=2023-08-12T00:00:00+00:00
[2023-08-12T03:40:42.673+0000] {processor.py:179} INFO - Processing /home/airflow/.local/lib/python3.10/site-packages/airflow/example_dags/example_branch_operator_decorator.py took 0.034 seconds
[2023-08-12T03:41:13.133+0000] {processor.py:157} INFO - Started process (PID=181) to work on /home/airflow/.local/lib/python3.10/site-packages/airflow/example_dags/example_branch_operator_decorator.py
[2023-08-12T03:41:13.133+0000] {processor.py:826} INFO - Processing file /home/airflow/.local/lib/python3.10/site-packages/airflow/example_dags/example_branch_operator_decorator.py for tasks to queue
[2023-08-12T03:41:13.133+0000] {logging_mixin.py:149} INFO - [2023-08-12T03:41:13.133+0000] {dagbag.py:541} INFO - Filling up the DagBag from /home/airflow/.local/lib/python3.10/site-packages/airflow/example_dags/example_branch_operator_decorator.py
[2023-08-12T03:41:13.138+0000] {processor.py:836} INFO - DAG(s) dict_keys(['example_branch_python_operator_decorator']) retrieved from /home/airflow/.local/lib/python3.10/site-packages/airflow/example_dags/example_branch_operator_decorator.py
[2023-08-12T03:41:13.149+0000] {logging_mixin.py:149} INFO - [2023-08-12T03:41:13.149+0000] {dag.py:2726} INFO - Sync 1 DAGs
[2023-08-12T03:41:13.160+0000] {logging_mixin.py:149} INFO - [2023-08-12T03:41:13.159+0000] {dag.py:3486} INFO - Setting next_dagrun for example_branch_python_operator_decorator to 2023-08-11T00:00:00+00:00, run_after=2023-08-12T00:00:00+00:00
[2023-08-12T03:41:13.167+0000] {processor.py:179} INFO - Processing /home/airflow/.local/lib/python3.10/site-packages/airflow/example_dags/example_branch_operator_decorator.py took 0.036 seconds
[2023-08-12T03:41:43.559+0000] {processor.py:157} INFO - Started process (PID=258) to work on /home/airflow/.local/lib/python3.10/site-packages/airflow/example_dags/example_branch_operator_decorator.py
[2023-08-12T03:41:43.559+0000] {processor.py:826} INFO - Processing file /home/airflow/.local/lib/python3.10/site-packages/airflow/example_dags/example_branch_operator_decorator.py for tasks to queue
[2023-08-12T03:41:43.559+0000] {logging_mixin.py:149} INFO - [2023-08-12T03:41:43.559+0000] {dagbag.py:541} INFO - Filling up the DagBag from /home/airflow/.local/lib/python3.10/site-packages/airflow/example_dags/example_branch_operator_decorator.py
[2023-08-12T03:41:43.563+0000] {processor.py:836} INFO - DAG(s) dict_keys(['example_branch_python_operator_decorator']) retrieved from /home/airflow/.local/lib/python3.10/site-packages/airflow/example_dags/example_branch_operator_decorator.py
[2023-08-12T03:41:43.575+0000] {logging_mixin.py:149} INFO - [2023-08-12T03:41:43.575+0000] {dag.py:2726} INFO - Sync 1 DAGs
[2023-08-12T03:41:43.585+0000] {logging_mixin.py:149} INFO - [2023-08-12T03:41:43.585+0000] {dag.py:3486} INFO - Setting next_dagrun for example_branch_python_operator_decorator to 2023-08-11T00:00:00+00:00, run_after=2023-08-12T00:00:00+00:00
[2023-08-12T03:41:43.592+0000] {processor.py:179} INFO - Processing /home/airflow/.local/lib/python3.10/site-packages/airflow/example_dags/example_branch_operator_decorator.py took 0.035 seconds
[2023-08-12T03:42:13.835+0000] {processor.py:157} INFO - Started process (PID=336) to work on /home/airflow/.local/lib/python3.10/site-packages/airflow/example_dags/example_branch_operator_decorator.py
[2023-08-12T03:42:13.835+0000] {processor.py:826} INFO - Processing file /home/airflow/.local/lib/python3.10/site-packages/airflow/example_dags/example_branch_operator_decorator.py for tasks to queue
[2023-08-12T03:42:13.836+0000] {logging_mixin.py:149} INFO - [2023-08-12T03:42:13.836+0000] {dagbag.py:541} INFO - Filling up the DagBag from /home/airflow/.local/lib/python3.10/site-packages/airflow/example_dags/example_branch_operator_decorator.py
[2023-08-12T03:42:13.840+0000] {processor.py:836} INFO - DAG(s) dict_keys(['example_branch_python_operator_decorator']) retrieved from /home/airflow/.local/lib/python3.10/site-packages/airflow/example_dags/example_branch_operator_decorator.py
[2023-08-12T03:42:13.851+0000] {logging_mixin.py:149} INFO - [2023-08-12T03:42:13.851+0000] {dag.py:2726} INFO - Sync 1 DAGs
[2023-08-12T03:42:13.861+0000] {logging_mixin.py:149} INFO - [2023-08-12T03:42:13.861+0000] {dag.py:3486} INFO - Setting next_dagrun for example_branch_python_operator_decorator to 2023-08-11T00:00:00+00:00, run_after=2023-08-12T00:00:00+00:00
[2023-08-12T03:42:13.869+0000] {processor.py:179} INFO - Processing /home/airflow/.local/lib/python3.10/site-packages/airflow/example_dags/example_branch_operator_decorator.py took 0.035 seconds
[2023-08-12T03:42:44.240+0000] {processor.py:157} INFO - Started process (PID=412) to work on /home/airflow/.local/lib/python3.10/site-packages/airflow/example_dags/example_branch_operator_decorator.py
[2023-08-12T03:42:44.241+0000] {processor.py:826} INFO - Processing file /home/airflow/.local/lib/python3.10/site-packages/airflow/example_dags/example_branch_operator_decorator.py for tasks to queue
[2023-08-12T03:42:44.241+0000] {logging_mixin.py:149} INFO - [2023-08-12T03:42:44.241+0000] {dagbag.py:541} INFO - Filling up the DagBag from /home/airflow/.local/lib/python3.10/site-packages/airflow/example_dags/example_branch_operator_decorator.py
[2023-08-12T03:42:44.245+0000] {processor.py:836} INFO - DAG(s) dict_keys(['example_branch_python_operator_decorator']) retrieved from /home/airflow/.local/lib/python3.10/site-packages/airflow/example_dags/example_branch_operator_decorator.py
[2023-08-12T03:42:44.256+0000] {logging_mixin.py:149} INFO - [2023-08-12T03:42:44.256+0000] {dag.py:2726} INFO - Sync 1 DAGs
[2023-08-12T03:42:44.266+0000] {logging_mixin.py:149} INFO - [2023-08-12T03:42:44.266+0000] {dag.py:3486} INFO - Setting next_dagrun for example_branch_python_operator_decorator to 2023-08-11T00:00:00+00:00, run_after=2023-08-12T00:00:00+00:00
[2023-08-12T03:42:44.273+0000] {processor.py:179} INFO - Processing /home/airflow/.local/lib/python3.10/site-packages/airflow/example_dags/example_branch_operator_decorator.py took 0.034 seconds
[2023-08-12T03:43:14.629+0000] {processor.py:157} INFO - Started process (PID=489) to work on /home/airflow/.local/lib/python3.10/site-packages/airflow/example_dags/example_branch_operator_decorator.py
[2023-08-12T03:43:14.629+0000] {processor.py:826} INFO - Processing file /home/airflow/.local/lib/python3.10/site-packages/airflow/example_dags/example_branch_operator_decorator.py for tasks to queue
[2023-08-12T03:43:14.629+0000] {logging_mixin.py:149} INFO - [2023-08-12T03:43:14.629+0000] {dagbag.py:541} INFO - Filling up the DagBag from /home/airflow/.local/lib/python3.10/site-packages/airflow/example_dags/example_branch_operator_decorator.py
[2023-08-12T03:43:14.633+0000] {processor.py:836} INFO - DAG(s) dict_keys(['example_branch_python_operator_decorator']) retrieved from /home/airflow/.local/lib/python3.10/site-packages/airflow/example_dags/example_branch_operator_decorator.py
[2023-08-12T03:43:14.644+0000] {logging_mixin.py:149} INFO - [2023-08-12T03:43:14.644+0000] {dag.py:2726} INFO - Sync 1 DAGs
[2023-08-12T03:43:14.654+0000] {logging_mixin.py:149} INFO - [2023-08-12T03:43:14.654+0000] {dag.py:3486} INFO - Setting next_dagrun for example_branch_python_operator_decorator to 2023-08-11T00:00:00+00:00, run_after=2023-08-12T00:00:00+00:00
[2023-08-12T03:43:14.661+0000] {processor.py:179} INFO - Processing /home/airflow/.local/lib/python3.10/site-packages/airflow/example_dags/example_branch_operator_decorator.py took 0.034 seconds
[2023-08-12T03:43:44.995+0000] {processor.py:157} INFO - Started process (PID=566) to work on /home/airflow/.local/lib/python3.10/site-packages/airflow/example_dags/example_branch_operator_decorator.py
[2023-08-12T03:43:44.996+0000] {processor.py:826} INFO - Processing file /home/airflow/.local/lib/python3.10/site-packages/airflow/example_dags/example_branch_operator_decorator.py for tasks to queue
[2023-08-12T03:43:44.996+0000] {logging_mixin.py:149} INFO - [2023-08-12T03:43:44.996+0000] {dagbag.py:541} INFO - Filling up the DagBag from /home/airflow/.local/lib/python3.10/site-packages/airflow/example_dags/example_branch_operator_decorator.py
[2023-08-12T03:43:45.000+0000] {processor.py:836} INFO - DAG(s) dict_keys(['example_branch_python_operator_decorator']) retrieved from /home/airflow/.local/lib/python3.10/site-packages/airflow/example_dags/example_branch_operator_decorator.py
[2023-08-12T03:43:45.012+0000] {logging_mixin.py:149} INFO - [2023-08-12T03:43:45.012+0000] {dag.py:2726} INFO - Sync 1 DAGs
[2023-08-12T03:43:45.022+0000] {logging_mixin.py:149} INFO - [2023-08-12T03:43:45.022+0000] {dag.py:3486} INFO - Setting next_dagrun for example_branch_python_operator_decorator to 2023-08-11T00:00:00+00:00, run_after=2023-08-12T00:00:00+00:00
[2023-08-12T03:43:45.029+0000] {processor.py:179} INFO - Processing /home/airflow/.local/lib/python3.10/site-packages/airflow/example_dags/example_branch_operator_decorator.py took 0.035 seconds
[2023-08-12T03:44:15.452+0000] {processor.py:157} INFO - Started process (PID=643) to work on /home/airflow/.local/lib/python3.10/site-packages/airflow/example_dags/example_branch_operator_decorator.py
[2023-08-12T03:44:15.453+0000] {processor.py:826} INFO - Processing file /home/airflow/.local/lib/python3.10/site-packages/airflow/example_dags/example_branch_operator_decorator.py for tasks to queue
[2023-08-12T03:44:15.453+0000] {logging_mixin.py:149} INFO - [2023-08-12T03:44:15.453+0000] {dagbag.py:541} INFO - Filling up the DagBag from /home/airflow/.local/lib/python3.10/site-packages/airflow/example_dags/example_branch_operator_decorator.py
[2023-08-12T03:44:15.457+0000] {processor.py:836} INFO - DAG(s) dict_keys(['example_branch_python_operator_decorator']) retrieved from /home/airflow/.local/lib/python3.10/site-packages/airflow/example_dags/example_branch_operator_decorator.py
[2023-08-12T03:44:15.468+0000] {logging_mixin.py:149} INFO - [2023-08-12T03:44:15.468+0000] {dag.py:2726} INFO - Sync 1 DAGs
[2023-08-12T03:44:15.478+0000] {logging_mixin.py:149} INFO - [2023-08-12T03:44:15.478+0000] {dag.py:3486} INFO - Setting next_dagrun for example_branch_python_operator_decorator to 2023-08-11T00:00:00+00:00, run_after=2023-08-12T00:00:00+00:00
[2023-08-12T03:44:15.485+0000] {processor.py:179} INFO - Processing /home/airflow/.local/lib/python3.10/site-packages/airflow/example_dags/example_branch_operator_decorator.py took 0.034 seconds
[2023-08-12T03:44:45.889+0000] {processor.py:157} INFO - Started process (PID=720) to work on /home/airflow/.local/lib/python3.10/site-packages/airflow/example_dags/example_branch_operator_decorator.py
[2023-08-12T03:44:45.890+0000] {processor.py:826} INFO - Processing file /home/airflow/.local/lib/python3.10/site-packages/airflow/example_dags/example_branch_operator_decorator.py for tasks to queue
[2023-08-12T03:44:45.890+0000] {logging_mixin.py:149} INFO - [2023-08-12T03:44:45.890+0000] {dagbag.py:541} INFO - Filling up the DagBag from /home/airflow/.local/lib/python3.10/site-packages/airflow/example_dags/example_branch_operator_decorator.py
[2023-08-12T03:44:45.894+0000] {processor.py:836} INFO - DAG(s) dict_keys(['example_branch_python_operator_decorator']) retrieved from /home/airflow/.local/lib/python3.10/site-packages/airflow/example_dags/example_branch_operator_decorator.py
[2023-08-12T03:44:45.906+0000] {logging_mixin.py:149} INFO - [2023-08-12T03:44:45.906+0000] {dag.py:2726} INFO - Sync 1 DAGs
[2023-08-12T03:44:45.916+0000] {logging_mixin.py:149} INFO - [2023-08-12T03:44:45.916+0000] {dag.py:3486} INFO - Setting next_dagrun for example_branch_python_operator_decorator to 2023-08-11T00:00:00+00:00, run_after=2023-08-12T00:00:00+00:00
[2023-08-12T03:44:45.922+0000] {processor.py:179} INFO - Processing /home/airflow/.local/lib/python3.10/site-packages/airflow/example_dags/example_branch_operator_decorator.py took 0.034 seconds
[2023-08-12T03:45:16.292+0000] {processor.py:157} INFO - Started process (PID=797) to work on /home/airflow/.local/lib/python3.10/site-packages/airflow/example_dags/example_branch_operator_decorator.py
[2023-08-12T03:45:16.293+0000] {processor.py:826} INFO - Processing file /home/airflow/.local/lib/python3.10/site-packages/airflow/example_dags/example_branch_operator_decorator.py for tasks to queue
[2023-08-12T03:45:16.293+0000] {logging_mixin.py:149} INFO - [2023-08-12T03:45:16.293+0000] {dagbag.py:541} INFO - Filling up the DagBag from /home/airflow/.local/lib/python3.10/site-packages/airflow/example_dags/example_branch_operator_decorator.py
[2023-08-12T03:45:16.297+0000] {processor.py:836} INFO - DAG(s) dict_keys(['example_branch_python_operator_decorator']) retrieved from /home/airflow/.local/lib/python3.10/site-packages/airflow/example_dags/example_branch_operator_decorator.py
[2023-08-12T03:45:16.308+0000] {logging_mixin.py:149} INFO - [2023-08-12T03:45:16.308+0000] {dag.py:2726} INFO - Sync 1 DAGs
[2023-08-12T03:45:16.319+0000] {logging_mixin.py:149} INFO - [2023-08-12T03:45:16.319+0000] {dag.py:3486} INFO - Setting next_dagrun for example_branch_python_operator_decorator to 2023-08-11T00:00:00+00:00, run_after=2023-08-12T00:00:00+00:00
[2023-08-12T03:45:16.327+0000] {processor.py:179} INFO - Processing /home/airflow/.local/lib/python3.10/site-packages/airflow/example_dags/example_branch_operator_decorator.py took 0.036 seconds
[2023-08-12T03:45:46.718+0000] {processor.py:157} INFO - Started process (PID=874) to work on /home/airflow/.local/lib/python3.10/site-packages/airflow/example_dags/example_branch_operator_decorator.py
[2023-08-12T03:45:46.718+0000] {processor.py:826} INFO - Processing file /home/airflow/.local/lib/python3.10/site-packages/airflow/example_dags/example_branch_operator_decorator.py for tasks to queue
[2023-08-12T03:45:46.719+0000] {logging_mixin.py:149} INFO - [2023-08-12T03:45:46.719+0000] {dagbag.py:541} INFO - Filling up the DagBag from /home/airflow/.local/lib/python3.10/site-packages/airflow/example_dags/example_branch_operator_decorator.py
[2023-08-12T03:45:46.723+0000] {processor.py:836} INFO - DAG(s) dict_keys(['example_branch_python_operator_decorator']) retrieved from /home/airflow/.local/lib/python3.10/site-packages/airflow/example_dags/example_branch_operator_decorator.py
[2023-08-12T03:45:46.734+0000] {logging_mixin.py:149} INFO - [2023-08-12T03:45:46.733+0000] {dag.py:2726} INFO - Sync 1 DAGs
[2023-08-12T03:45:46.744+0000] {logging_mixin.py:149} INFO - [2023-08-12T03:45:46.743+0000] {dag.py:3486} INFO - Setting next_dagrun for example_branch_python_operator_decorator to 2023-08-11T00:00:00+00:00, run_after=2023-08-12T00:00:00+00:00
[2023-08-12T03:45:46.751+0000] {processor.py:179} INFO - Processing /home/airflow/.local/lib/python3.10/site-packages/airflow/example_dags/example_branch_operator_decorator.py took 0.034 seconds
[2023-08-12T03:46:17.200+0000] {processor.py:157} INFO - Started process (PID=951) to work on /home/airflow/.local/lib/python3.10/site-packages/airflow/example_dags/example_branch_operator_decorator.py
[2023-08-12T03:46:17.201+0000] {processor.py:826} INFO - Processing file /home/airflow/.local/lib/python3.10/site-packages/airflow/example_dags/example_branch_operator_decorator.py for tasks to queue
[2023-08-12T03:46:17.201+0000] {logging_mixin.py:149} INFO - [2023-08-12T03:46:17.201+0000] {dagbag.py:541} INFO - Filling up the DagBag from /home/airflow/.local/lib/python3.10/site-packages/airflow/example_dags/example_branch_operator_decorator.py
[2023-08-12T03:46:17.205+0000] {processor.py:836} INFO - DAG(s) dict_keys(['example_branch_python_operator_decorator']) retrieved from /home/airflow/.local/lib/python3.10/site-packages/airflow/example_dags/example_branch_operator_decorator.py
[2023-08-12T03:46:17.216+0000] {logging_mixin.py:149} INFO - [2023-08-12T03:46:17.216+0000] {dag.py:2726} INFO - Sync 1 DAGs
[2023-08-12T03:46:17.226+0000] {logging_mixin.py:149} INFO - [2023-08-12T03:46:17.226+0000] {dag.py:3486} INFO - Setting next_dagrun for example_branch_python_operator_decorator to 2023-08-11T00:00:00+00:00, run_after=2023-08-12T00:00:00+00:00
[2023-08-12T03:46:17.234+0000] {processor.py:179} INFO - Processing /home/airflow/.local/lib/python3.10/site-packages/airflow/example_dags/example_branch_operator_decorator.py took 0.034 seconds
[2023-08-12T03:46:47.704+0000] {processor.py:157} INFO - Started process (PID=1028) to work on /home/airflow/.local/lib/python3.10/site-packages/airflow/example_dags/example_branch_operator_decorator.py
[2023-08-12T03:46:47.705+0000] {processor.py:826} INFO - Processing file /home/airflow/.local/lib/python3.10/site-packages/airflow/example_dags/example_branch_operator_decorator.py for tasks to queue
[2023-08-12T03:46:47.705+0000] {logging_mixin.py:149} INFO - [2023-08-12T03:46:47.705+0000] {dagbag.py:541} INFO - Filling up the DagBag from /home/airflow/.local/lib/python3.10/site-packages/airflow/example_dags/example_branch_operator_decorator.py
[2023-08-12T03:46:47.709+0000] {processor.py:836} INFO - DAG(s) dict_keys(['example_branch_python_operator_decorator']) retrieved from /home/airflow/.local/lib/python3.10/site-packages/airflow/example_dags/example_branch_operator_decorator.py
[2023-08-12T03:46:47.721+0000] {logging_mixin.py:149} INFO - [2023-08-12T03:46:47.721+0000] {dag.py:2726} INFO - Sync 1 DAGs
[2023-08-12T03:46:47.731+0000] {logging_mixin.py:149} INFO - [2023-08-12T03:46:47.730+0000] {dag.py:3486} INFO - Setting next_dagrun for example_branch_python_operator_decorator to 2023-08-11T00:00:00+00:00, run_after=2023-08-12T00:00:00+00:00
[2023-08-12T03:46:47.738+0000] {processor.py:179} INFO - Processing /home/airflow/.local/lib/python3.10/site-packages/airflow/example_dags/example_branch_operator_decorator.py took 0.035 seconds
[2023-08-12T03:47:18.065+0000] {processor.py:157} INFO - Started process (PID=1104) to work on /home/airflow/.local/lib/python3.10/site-packages/airflow/example_dags/example_branch_operator_decorator.py
[2023-08-12T03:47:18.065+0000] {processor.py:826} INFO - Processing file /home/airflow/.local/lib/python3.10/site-packages/airflow/example_dags/example_branch_operator_decorator.py for tasks to queue
[2023-08-12T03:47:18.066+0000] {logging_mixin.py:149} INFO - [2023-08-12T03:47:18.066+0000] {dagbag.py:541} INFO - Filling up the DagBag from /home/airflow/.local/lib/python3.10/site-packages/airflow/example_dags/example_branch_operator_decorator.py
[2023-08-12T03:47:18.070+0000] {processor.py:836} INFO - DAG(s) dict_keys(['example_branch_python_operator_decorator']) retrieved from /home/airflow/.local/lib/python3.10/site-packages/airflow/example_dags/example_branch_operator_decorator.py
[2023-08-12T03:47:18.081+0000] {logging_mixin.py:149} INFO - [2023-08-12T03:47:18.081+0000] {dag.py:2726} INFO - Sync 1 DAGs
[2023-08-12T03:47:18.090+0000] {logging_mixin.py:149} INFO - [2023-08-12T03:47:18.090+0000] {dag.py:3486} INFO - Setting next_dagrun for example_branch_python_operator_decorator to 2023-08-11T00:00:00+00:00, run_after=2023-08-12T00:00:00+00:00
[2023-08-12T03:47:18.097+0000] {processor.py:179} INFO - Processing /home/airflow/.local/lib/python3.10/site-packages/airflow/example_dags/example_branch_operator_decorator.py took 0.034 seconds
[2023-08-12T03:47:48.398+0000] {processor.py:157} INFO - Started process (PID=1181) to work on /home/airflow/.local/lib/python3.10/site-packages/airflow/example_dags/example_branch_operator_decorator.py
[2023-08-12T03:47:48.398+0000] {processor.py:826} INFO - Processing file /home/airflow/.local/lib/python3.10/site-packages/airflow/example_dags/example_branch_operator_decorator.py for tasks to queue
[2023-08-12T03:47:48.398+0000] {logging_mixin.py:149} INFO - [2023-08-12T03:47:48.398+0000] {dagbag.py:541} INFO - Filling up the DagBag from /home/airflow/.local/lib/python3.10/site-packages/airflow/example_dags/example_branch_operator_decorator.py
[2023-08-12T03:47:48.403+0000] {processor.py:836} INFO - DAG(s) dict_keys(['example_branch_python_operator_decorator']) retrieved from /home/airflow/.local/lib/python3.10/site-packages/airflow/example_dags/example_branch_operator_decorator.py
[2023-08-12T03:47:48.414+0000] {logging_mixin.py:149} INFO - [2023-08-12T03:47:48.414+0000] {dag.py:2726} INFO - Sync 1 DAGs
[2023-08-12T03:47:48.425+0000] {logging_mixin.py:149} INFO - [2023-08-12T03:47:48.425+0000] {dag.py:3486} INFO - Setting next_dagrun for example_branch_python_operator_decorator to 2023-08-11T00:00:00+00:00, run_after=2023-08-12T00:00:00+00:00
[2023-08-12T03:47:48.432+0000] {processor.py:179} INFO - Processing /home/airflow/.local/lib/python3.10/site-packages/airflow/example_dags/example_branch_operator_decorator.py took 0.036 seconds
[2023-08-12T03:48:18.818+0000] {processor.py:157} INFO - Started process (PID=1258) to work on /home/airflow/.local/lib/python3.10/site-packages/airflow/example_dags/example_branch_operator_decorator.py
[2023-08-12T03:48:18.819+0000] {processor.py:826} INFO - Processing file /home/airflow/.local/lib/python3.10/site-packages/airflow/example_dags/example_branch_operator_decorator.py for tasks to queue
[2023-08-12T03:48:18.819+0000] {logging_mixin.py:149} INFO - [2023-08-12T03:48:18.819+0000] {dagbag.py:541} INFO - Filling up the DagBag from /home/airflow/.local/lib/python3.10/site-packages/airflow/example_dags/example_branch_operator_decorator.py
[2023-08-12T03:48:18.823+0000] {processor.py:836} INFO - DAG(s) dict_keys(['example_branch_python_operator_decorator']) retrieved from /home/airflow/.local/lib/python3.10/site-packages/airflow/example_dags/example_branch_operator_decorator.py
[2023-08-12T03:48:18.834+0000] {logging_mixin.py:149} INFO - [2023-08-12T03:48:18.834+0000] {dag.py:2726} INFO - Sync 1 DAGs
[2023-08-12T03:48:18.844+0000] {logging_mixin.py:149} INFO - [2023-08-12T03:48:18.844+0000] {dag.py:3486} INFO - Setting next_dagrun for example_branch_python_operator_decorator to 2023-08-11T00:00:00+00:00, run_after=2023-08-12T00:00:00+00:00
[2023-08-12T03:48:18.852+0000] {processor.py:179} INFO - Processing /home/airflow/.local/lib/python3.10/site-packages/airflow/example_dags/example_branch_operator_decorator.py took 0.035 seconds
[2023-08-12T03:48:49.130+0000] {processor.py:157} INFO - Started process (PID=1335) to work on /home/airflow/.local/lib/python3.10/site-packages/airflow/example_dags/example_branch_operator_decorator.py
[2023-08-12T03:48:49.130+0000] {processor.py:826} INFO - Processing file /home/airflow/.local/lib/python3.10/site-packages/airflow/example_dags/example_branch_operator_decorator.py for tasks to queue
[2023-08-12T03:48:49.131+0000] {logging_mixin.py:149} INFO - [2023-08-12T03:48:49.131+0000] {dagbag.py:541} INFO - Filling up the DagBag from /home/airflow/.local/lib/python3.10/site-packages/airflow/example_dags/example_branch_operator_decorator.py
[2023-08-12T03:48:49.135+0000] {processor.py:836} INFO - DAG(s) dict_keys(['example_branch_python_operator_decorator']) retrieved from /home/airflow/.local/lib/python3.10/site-packages/airflow/example_dags/example_branch_operator_decorator.py
[2023-08-12T03:48:49.146+0000] {logging_mixin.py:149} INFO - [2023-08-12T03:48:49.146+0000] {dag.py:2726} INFO - Sync 1 DAGs
[2023-08-12T03:48:49.156+0000] {logging_mixin.py:149} INFO - [2023-08-12T03:48:49.156+0000] {dag.py:3486} INFO - Setting next_dagrun for example_branch_python_operator_decorator to 2023-08-11T00:00:00+00:00, run_after=2023-08-12T00:00:00+00:00
[2023-08-12T03:48:49.163+0000] {processor.py:179} INFO - Processing /home/airflow/.local/lib/python3.10/site-packages/airflow/example_dags/example_branch_operator_decorator.py took 0.034 seconds
[2023-08-12T03:49:19.525+0000] {processor.py:157} INFO - Started process (PID=1412) to work on /home/airflow/.local/lib/python3.10/site-packages/airflow/example_dags/example_branch_operator_decorator.py
[2023-08-12T03:49:19.526+0000] {processor.py:826} INFO - Processing file /home/airflow/.local/lib/python3.10/site-packages/airflow/example_dags/example_branch_operator_decorator.py for tasks to queue
[2023-08-12T03:49:19.526+0000] {logging_mixin.py:149} INFO - [2023-08-12T03:49:19.526+0000] {dagbag.py:541} INFO - Filling up the DagBag from /home/airflow/.local/lib/python3.10/site-packages/airflow/example_dags/example_branch_operator_decorator.py
[2023-08-12T03:49:19.530+0000] {processor.py:836} INFO - DAG(s) dict_keys(['example_branch_python_operator_decorator']) retrieved from /home/airflow/.local/lib/python3.10/site-packages/airflow/example_dags/example_branch_operator_decorator.py
[2023-08-12T03:49:19.541+0000] {logging_mixin.py:149} INFO - [2023-08-12T03:49:19.541+0000] {dag.py:2726} INFO - Sync 1 DAGs
[2023-08-12T03:49:19.551+0000] {logging_mixin.py:149} INFO - [2023-08-12T03:49:19.551+0000] {dag.py:3486} INFO - Setting next_dagrun for example_branch_python_operator_decorator to 2023-08-11T00:00:00+00:00, run_after=2023-08-12T00:00:00+00:00
[2023-08-12T03:49:19.557+0000] {processor.py:179} INFO - Processing /home/airflow/.local/lib/python3.10/site-packages/airflow/example_dags/example_branch_operator_decorator.py took 0.033 seconds
[2023-08-12T03:49:49.893+0000] {processor.py:157} INFO - Started process (PID=1489) to work on /home/airflow/.local/lib/python3.10/site-packages/airflow/example_dags/example_branch_operator_decorator.py
[2023-08-12T03:49:49.894+0000] {processor.py:826} INFO - Processing file /home/airflow/.local/lib/python3.10/site-packages/airflow/example_dags/example_branch_operator_decorator.py for tasks to queue
[2023-08-12T03:49:49.894+0000] {logging_mixin.py:149} INFO - [2023-08-12T03:49:49.894+0000] {dagbag.py:541} INFO - Filling up the DagBag from /home/airflow/.local/lib/python3.10/site-packages/airflow/example_dags/example_branch_operator_decorator.py
[2023-08-12T03:49:49.898+0000] {processor.py:836} INFO - DAG(s) dict_keys(['example_branch_python_operator_decorator']) retrieved from /home/airflow/.local/lib/python3.10/site-packages/airflow/example_dags/example_branch_operator_decorator.py
[2023-08-12T03:49:49.909+0000] {logging_mixin.py:149} INFO - [2023-08-12T03:49:49.909+0000] {dag.py:2726} INFO - Sync 1 DAGs
[2023-08-12T03:49:49.919+0000] {logging_mixin.py:149} INFO - [2023-08-12T03:49:49.919+0000] {dag.py:3486} INFO - Setting next_dagrun for example_branch_python_operator_decorator to 2023-08-11T00:00:00+00:00, run_after=2023-08-12T00:00:00+00:00
[2023-08-12T03:49:49.926+0000] {processor.py:179} INFO - Processing /home/airflow/.local/lib/python3.10/site-packages/airflow/example_dags/example_branch_operator_decorator.py took 0.034 seconds
[2023-08-12T03:50:20.225+0000] {processor.py:157} INFO - Started process (PID=1566) to work on /home/airflow/.local/lib/python3.10/site-packages/airflow/example_dags/example_branch_operator_decorator.py
[2023-08-12T03:50:20.225+0000] {processor.py:826} INFO - Processing file /home/airflow/.local/lib/python3.10/site-packages/airflow/example_dags/example_branch_operator_decorator.py for tasks to queue
[2023-08-12T03:50:20.226+0000] {logging_mixin.py:149} INFO - [2023-08-12T03:50:20.226+0000] {dagbag.py:541} INFO - Filling up the DagBag from /home/airflow/.local/lib/python3.10/site-packages/airflow/example_dags/example_branch_operator_decorator.py
[2023-08-12T03:50:20.230+0000] {processor.py:836} INFO - DAG(s) dict_keys(['example_branch_python_operator_decorator']) retrieved from /home/airflow/.local/lib/python3.10/site-packages/airflow/example_dags/example_branch_operator_decorator.py
[2023-08-12T03:50:20.241+0000] {logging_mixin.py:149} INFO - [2023-08-12T03:50:20.241+0000] {dag.py:2726} INFO - Sync 1 DAGs
[2023-08-12T03:50:20.251+0000] {logging_mixin.py:149} INFO - [2023-08-12T03:50:20.251+0000] {dag.py:3486} INFO - Setting next_dagrun for example_branch_python_operator_decorator to 2023-08-11T00:00:00+00:00, run_after=2023-08-12T00:00:00+00:00
[2023-08-12T03:50:20.258+0000] {processor.py:179} INFO - Processing /home/airflow/.local/lib/python3.10/site-packages/airflow/example_dags/example_branch_operator_decorator.py took 0.034 seconds
[2023-08-12T03:50:50.647+0000] {processor.py:157} INFO - Started process (PID=1643) to work on /home/airflow/.local/lib/python3.10/site-packages/airflow/example_dags/example_branch_operator_decorator.py
[2023-08-12T03:50:50.648+0000] {processor.py:826} INFO - Processing file /home/airflow/.local/lib/python3.10/site-packages/airflow/example_dags/example_branch_operator_decorator.py for tasks to queue
[2023-08-12T03:50:50.648+0000] {logging_mixin.py:149} INFO - [2023-08-12T03:50:50.648+0000] {dagbag.py:541} INFO - Filling up the DagBag from /home/airflow/.local/lib/python3.10/site-packages/airflow/example_dags/example_branch_operator_decorator.py
[2023-08-12T03:50:50.652+0000] {processor.py:836} INFO - DAG(s) dict_keys(['example_branch_python_operator_decorator']) retrieved from /home/airflow/.local/lib/python3.10/site-packages/airflow/example_dags/example_branch_operator_decorator.py
[2023-08-12T03:50:50.663+0000] {logging_mixin.py:149} INFO - [2023-08-12T03:50:50.663+0000] {dag.py:2726} INFO - Sync 1 DAGs
[2023-08-12T03:50:50.673+0000] {logging_mixin.py:149} INFO - [2023-08-12T03:50:50.673+0000] {dag.py:3486} INFO - Setting next_dagrun for example_branch_python_operator_decorator to 2023-08-11T00:00:00+00:00, run_after=2023-08-12T00:00:00+00:00
[2023-08-12T03:50:50.680+0000] {processor.py:179} INFO - Processing /home/airflow/.local/lib/python3.10/site-packages/airflow/example_dags/example_branch_operator_decorator.py took 0.034 seconds
[2023-08-12T03:51:21.048+0000] {processor.py:157} INFO - Started process (PID=1720) to work on /home/airflow/.local/lib/python3.10/site-packages/airflow/example_dags/example_branch_operator_decorator.py
[2023-08-12T03:51:21.048+0000] {processor.py:826} INFO - Processing file /home/airflow/.local/lib/python3.10/site-packages/airflow/example_dags/example_branch_operator_decorator.py for tasks to queue
[2023-08-12T03:51:21.048+0000] {logging_mixin.py:149} INFO - [2023-08-12T03:51:21.048+0000] {dagbag.py:541} INFO - Filling up the DagBag from /home/airflow/.local/lib/python3.10/site-packages/airflow/example_dags/example_branch_operator_decorator.py
[2023-08-12T03:51:21.052+0000] {processor.py:836} INFO - DAG(s) dict_keys(['example_branch_python_operator_decorator']) retrieved from /home/airflow/.local/lib/python3.10/site-packages/airflow/example_dags/example_branch_operator_decorator.py
[2023-08-12T03:51:21.066+0000] {logging_mixin.py:149} INFO - [2023-08-12T03:51:21.066+0000] {dag.py:2726} INFO - Sync 1 DAGs
[2023-08-12T03:51:21.076+0000] {logging_mixin.py:149} INFO - [2023-08-12T03:51:21.076+0000] {dag.py:3486} INFO - Setting next_dagrun for example_branch_python_operator_decorator to 2023-08-11T00:00:00+00:00, run_after=2023-08-12T00:00:00+00:00
[2023-08-12T03:51:21.083+0000] {processor.py:179} INFO - Processing /home/airflow/.local/lib/python3.10/site-packages/airflow/example_dags/example_branch_operator_decorator.py took 0.037 seconds
[2023-08-12T03:51:51.538+0000] {processor.py:157} INFO - Started process (PID=1797) to work on /home/airflow/.local/lib/python3.10/site-packages/airflow/example_dags/example_branch_operator_decorator.py
[2023-08-12T03:51:51.538+0000] {processor.py:826} INFO - Processing file /home/airflow/.local/lib/python3.10/site-packages/airflow/example_dags/example_branch_operator_decorator.py for tasks to queue
[2023-08-12T03:51:51.539+0000] {logging_mixin.py:149} INFO - [2023-08-12T03:51:51.538+0000] {dagbag.py:541} INFO - Filling up the DagBag from /home/airflow/.local/lib/python3.10/site-packages/airflow/example_dags/example_branch_operator_decorator.py
[2023-08-12T03:51:51.543+0000] {processor.py:836} INFO - DAG(s) dict_keys(['example_branch_python_operator_decorator']) retrieved from /home/airflow/.local/lib/python3.10/site-packages/airflow/example_dags/example_branch_operator_decorator.py
[2023-08-12T03:51:51.554+0000] {logging_mixin.py:149} INFO - [2023-08-12T03:51:51.554+0000] {dag.py:2726} INFO - Sync 1 DAGs
[2023-08-12T03:51:51.564+0000] {logging_mixin.py:149} INFO - [2023-08-12T03:51:51.564+0000] {dag.py:3486} INFO - Setting next_dagrun for example_branch_python_operator_decorator to 2023-08-11T00:00:00+00:00, run_after=2023-08-12T00:00:00+00:00
[2023-08-12T03:51:51.571+0000] {processor.py:179} INFO - Processing /home/airflow/.local/lib/python3.10/site-packages/airflow/example_dags/example_branch_operator_decorator.py took 0.035 seconds
[2023-08-12T03:52:21.997+0000] {processor.py:157} INFO - Started process (PID=1874) to work on /home/airflow/.local/lib/python3.10/site-packages/airflow/example_dags/example_branch_operator_decorator.py
[2023-08-12T03:52:21.998+0000] {processor.py:826} INFO - Processing file /home/airflow/.local/lib/python3.10/site-packages/airflow/example_dags/example_branch_operator_decorator.py for tasks to queue
[2023-08-12T03:52:21.998+0000] {logging_mixin.py:149} INFO - [2023-08-12T03:52:21.998+0000] {dagbag.py:541} INFO - Filling up the DagBag from /home/airflow/.local/lib/python3.10/site-packages/airflow/example_dags/example_branch_operator_decorator.py
[2023-08-12T03:52:22.002+0000] {processor.py:836} INFO - DAG(s) dict_keys(['example_branch_python_operator_decorator']) retrieved from /home/airflow/.local/lib/python3.10/site-packages/airflow/example_dags/example_branch_operator_decorator.py
[2023-08-12T03:52:22.013+0000] {logging_mixin.py:149} INFO - [2023-08-12T03:52:22.013+0000] {dag.py:2726} INFO - Sync 1 DAGs
[2023-08-12T03:52:22.023+0000] {logging_mixin.py:149} INFO - [2023-08-12T03:52:22.023+0000] {dag.py:3486} INFO - Setting next_dagrun for example_branch_python_operator_decorator to 2023-08-11T00:00:00+00:00, run_after=2023-08-12T00:00:00+00:00
[2023-08-12T03:52:22.030+0000] {processor.py:179} INFO - Processing /home/airflow/.local/lib/python3.10/site-packages/airflow/example_dags/example_branch_operator_decorator.py took 0.034 seconds
[2023-08-12T03:52:52.455+0000] {processor.py:157} INFO - Started process (PID=1951) to work on /home/airflow/.local/lib/python3.10/site-packages/airflow/example_dags/example_branch_operator_decorator.py
[2023-08-12T03:52:52.455+0000] {processor.py:826} INFO - Processing file /home/airflow/.local/lib/python3.10/site-packages/airflow/example_dags/example_branch_operator_decorator.py for tasks to queue
[2023-08-12T03:52:52.455+0000] {logging_mixin.py:149} INFO - [2023-08-12T03:52:52.455+0000] {dagbag.py:541} INFO - Filling up the DagBag from /home/airflow/.local/lib/python3.10/site-packages/airflow/example_dags/example_branch_operator_decorator.py
[2023-08-12T03:52:52.460+0000] {processor.py:836} INFO - DAG(s) dict_keys(['example_branch_python_operator_decorator']) retrieved from /home/airflow/.local/lib/python3.10/site-packages/airflow/example_dags/example_branch_operator_decorator.py
[2023-08-12T03:52:52.471+0000] {logging_mixin.py:149} INFO - [2023-08-12T03:52:52.470+0000] {dag.py:2726} INFO - Sync 1 DAGs
[2023-08-12T03:52:52.480+0000] {logging_mixin.py:149} INFO - [2023-08-12T03:52:52.480+0000] {dag.py:3486} INFO - Setting next_dagrun for example_branch_python_operator_decorator to 2023-08-11T00:00:00+00:00, run_after=2023-08-12T00:00:00+00:00
[2023-08-12T03:52:52.487+0000] {processor.py:179} INFO - Processing /home/airflow/.local/lib/python3.10/site-packages/airflow/example_dags/example_branch_operator_decorator.py took 0.033 seconds
[2023-08-12T03:53:22.913+0000] {processor.py:157} INFO - Started process (PID=2028) to work on /home/airflow/.local/lib/python3.10/site-packages/airflow/example_dags/example_branch_operator_decorator.py
[2023-08-12T03:53:22.913+0000] {processor.py:826} INFO - Processing file /home/airflow/.local/lib/python3.10/site-packages/airflow/example_dags/example_branch_operator_decorator.py for tasks to queue
[2023-08-12T03:53:22.913+0000] {logging_mixin.py:149} INFO - [2023-08-12T03:53:22.913+0000] {dagbag.py:541} INFO - Filling up the DagBag from /home/airflow/.local/lib/python3.10/site-packages/airflow/example_dags/example_branch_operator_decorator.py
[2023-08-12T03:53:22.918+0000] {processor.py:836} INFO - DAG(s) dict_keys(['example_branch_python_operator_decorator']) retrieved from /home/airflow/.local/lib/python3.10/site-packages/airflow/example_dags/example_branch_operator_decorator.py
[2023-08-12T03:53:22.929+0000] {logging_mixin.py:149} INFO - [2023-08-12T03:53:22.929+0000] {dag.py:2726} INFO - Sync 1 DAGs
[2023-08-12T03:53:22.939+0000] {logging_mixin.py:149} INFO - [2023-08-12T03:53:22.939+0000] {dag.py:3486} INFO - Setting next_dagrun for example_branch_python_operator_decorator to 2023-08-11T00:00:00+00:00, run_after=2023-08-12T00:00:00+00:00
[2023-08-12T03:53:22.946+0000] {processor.py:179} INFO - Processing /home/airflow/.local/lib/python3.10/site-packages/airflow/example_dags/example_branch_operator_decorator.py took 0.034 seconds
[2023-08-12T03:53:53.330+0000] {processor.py:157} INFO - Started process (PID=2105) to work on /home/airflow/.local/lib/python3.10/site-packages/airflow/example_dags/example_branch_operator_decorator.py
[2023-08-12T03:53:53.331+0000] {processor.py:826} INFO - Processing file /home/airflow/.local/lib/python3.10/site-packages/airflow/example_dags/example_branch_operator_decorator.py for tasks to queue
[2023-08-12T03:53:53.331+0000] {logging_mixin.py:149} INFO - [2023-08-12T03:53:53.331+0000] {dagbag.py:541} INFO - Filling up the DagBag from /home/airflow/.local/lib/python3.10/site-packages/airflow/example_dags/example_branch_operator_decorator.py
[2023-08-12T03:53:53.335+0000] {processor.py:836} INFO - DAG(s) dict_keys(['example_branch_python_operator_decorator']) retrieved from /home/airflow/.local/lib/python3.10/site-packages/airflow/example_dags/example_branch_operator_decorator.py
[2023-08-12T03:53:53.347+0000] {logging_mixin.py:149} INFO - [2023-08-12T03:53:53.347+0000] {dag.py:2726} INFO - Sync 1 DAGs
[2023-08-12T03:53:53.357+0000] {logging_mixin.py:149} INFO - [2023-08-12T03:53:53.357+0000] {dag.py:3486} INFO - Setting next_dagrun for example_branch_python_operator_decorator to 2023-08-11T00:00:00+00:00, run_after=2023-08-12T00:00:00+00:00
[2023-08-12T03:53:53.364+0000] {processor.py:179} INFO - Processing /home/airflow/.local/lib/python3.10/site-packages/airflow/example_dags/example_branch_operator_decorator.py took 0.035 seconds
[2023-08-12T03:54:23.650+0000] {processor.py:157} INFO - Started process (PID=2182) to work on /home/airflow/.local/lib/python3.10/site-packages/airflow/example_dags/example_branch_operator_decorator.py
[2023-08-12T03:54:23.651+0000] {processor.py:826} INFO - Processing file /home/airflow/.local/lib/python3.10/site-packages/airflow/example_dags/example_branch_operator_decorator.py for tasks to queue
[2023-08-12T03:54:23.651+0000] {logging_mixin.py:149} INFO - [2023-08-12T03:54:23.651+0000] {dagbag.py:541} INFO - Filling up the DagBag from /home/airflow/.local/lib/python3.10/site-packages/airflow/example_dags/example_branch_operator_decorator.py
[2023-08-12T03:54:23.655+0000] {processor.py:836} INFO - DAG(s) dict_keys(['example_branch_python_operator_decorator']) retrieved from /home/airflow/.local/lib/python3.10/site-packages/airflow/example_dags/example_branch_operator_decorator.py
[2023-08-12T03:54:23.666+0000] {logging_mixin.py:149} INFO - [2023-08-12T03:54:23.666+0000] {dag.py:2726} INFO - Sync 1 DAGs
[2023-08-12T03:54:23.677+0000] {logging_mixin.py:149} INFO - [2023-08-12T03:54:23.677+0000] {dag.py:3486} INFO - Setting next_dagrun for example_branch_python_operator_decorator to 2023-08-11T00:00:00+00:00, run_after=2023-08-12T00:00:00+00:00
[2023-08-12T03:54:23.684+0000] {processor.py:179} INFO - Processing /home/airflow/.local/lib/python3.10/site-packages/airflow/example_dags/example_branch_operator_decorator.py took 0.035 seconds
[2023-08-12T03:54:54.032+0000] {processor.py:157} INFO - Started process (PID=2260) to work on /home/airflow/.local/lib/python3.10/site-packages/airflow/example_dags/example_branch_operator_decorator.py
[2023-08-12T03:54:54.032+0000] {processor.py:826} INFO - Processing file /home/airflow/.local/lib/python3.10/site-packages/airflow/example_dags/example_branch_operator_decorator.py for tasks to queue
[2023-08-12T03:54:54.032+0000] {logging_mixin.py:149} INFO - [2023-08-12T03:54:54.032+0000] {dagbag.py:541} INFO - Filling up the DagBag from /home/airflow/.local/lib/python3.10/site-packages/airflow/example_dags/example_branch_operator_decorator.py
[2023-08-12T03:54:54.037+0000] {processor.py:836} INFO - DAG(s) dict_keys(['example_branch_python_operator_decorator']) retrieved from /home/airflow/.local/lib/python3.10/site-packages/airflow/example_dags/example_branch_operator_decorator.py
[2023-08-12T03:54:54.049+0000] {logging_mixin.py:149} INFO - [2023-08-12T03:54:54.049+0000] {dag.py:2726} INFO - Sync 1 DAGs
[2023-08-12T03:54:54.059+0000] {logging_mixin.py:149} INFO - [2023-08-12T03:54:54.059+0000] {dag.py:3486} INFO - Setting next_dagrun for example_branch_python_operator_decorator to 2023-08-11T00:00:00+00:00, run_after=2023-08-12T00:00:00+00:00
[2023-08-12T03:54:54.066+0000] {processor.py:179} INFO - Processing /home/airflow/.local/lib/python3.10/site-packages/airflow/example_dags/example_branch_operator_decorator.py took 0.035 seconds
[2023-08-12T03:55:24.382+0000] {processor.py:157} INFO - Started process (PID=2337) to work on /home/airflow/.local/lib/python3.10/site-packages/airflow/example_dags/example_branch_operator_decorator.py
[2023-08-12T03:55:24.382+0000] {processor.py:826} INFO - Processing file /home/airflow/.local/lib/python3.10/site-packages/airflow/example_dags/example_branch_operator_decorator.py for tasks to queue
[2023-08-12T03:55:24.383+0000] {logging_mixin.py:149} INFO - [2023-08-12T03:55:24.383+0000] {dagbag.py:541} INFO - Filling up the DagBag from /home/airflow/.local/lib/python3.10/site-packages/airflow/example_dags/example_branch_operator_decorator.py
[2023-08-12T03:55:24.387+0000] {processor.py:836} INFO - DAG(s) dict_keys(['example_branch_python_operator_decorator']) retrieved from /home/airflow/.local/lib/python3.10/site-packages/airflow/example_dags/example_branch_operator_decorator.py
[2023-08-12T03:55:24.397+0000] {logging_mixin.py:149} INFO - [2023-08-12T03:55:24.397+0000] {dag.py:2726} INFO - Sync 1 DAGs
[2023-08-12T03:55:24.408+0000] {logging_mixin.py:149} INFO - [2023-08-12T03:55:24.408+0000] {dag.py:3486} INFO - Setting next_dagrun for example_branch_python_operator_decorator to 2023-08-11T00:00:00+00:00, run_after=2023-08-12T00:00:00+00:00
[2023-08-12T03:55:24.414+0000] {processor.py:179} INFO - Processing /home/airflow/.local/lib/python3.10/site-packages/airflow/example_dags/example_branch_operator_decorator.py took 0.034 seconds
[2023-08-12T03:56:29.704+0000] {processor.py:157} INFO - Started process (PID=27) to work on /home/airflow/.local/lib/python3.10/site-packages/airflow/example_dags/example_branch_operator_decorator.py
[2023-08-12T03:56:29.705+0000] {processor.py:826} INFO - Processing file /home/airflow/.local/lib/python3.10/site-packages/airflow/example_dags/example_branch_operator_decorator.py for tasks to queue
[2023-08-12T03:56:29.705+0000] {logging_mixin.py:149} INFO - [2023-08-12T03:56:29.705+0000] {dagbag.py:541} INFO - Filling up the DagBag from /home/airflow/.local/lib/python3.10/site-packages/airflow/example_dags/example_branch_operator_decorator.py
[2023-08-12T03:56:29.710+0000] {processor.py:836} INFO - DAG(s) dict_keys(['example_branch_python_operator_decorator']) retrieved from /home/airflow/.local/lib/python3.10/site-packages/airflow/example_dags/example_branch_operator_decorator.py
[2023-08-12T03:56:29.715+0000] {logging_mixin.py:149} INFO - [2023-08-12T03:56:29.715+0000] {dag.py:2726} INFO - Sync 1 DAGs
[2023-08-12T03:56:29.727+0000] {logging_mixin.py:149} INFO - [2023-08-12T03:56:29.727+0000] {dag.py:3486} INFO - Setting next_dagrun for example_branch_python_operator_decorator to 2023-08-11T00:00:00+00:00, run_after=2023-08-12T00:00:00+00:00
[2023-08-12T03:56:29.735+0000] {processor.py:179} INFO - Processing /home/airflow/.local/lib/python3.10/site-packages/airflow/example_dags/example_branch_operator_decorator.py took 0.032 seconds
[2023-08-12T03:56:59.958+0000] {processor.py:157} INFO - Started process (PID=104) to work on /home/airflow/.local/lib/python3.10/site-packages/airflow/example_dags/example_branch_operator_decorator.py
[2023-08-12T03:56:59.958+0000] {processor.py:826} INFO - Processing file /home/airflow/.local/lib/python3.10/site-packages/airflow/example_dags/example_branch_operator_decorator.py for tasks to queue
[2023-08-12T03:56:59.959+0000] {logging_mixin.py:149} INFO - [2023-08-12T03:56:59.958+0000] {dagbag.py:541} INFO - Filling up the DagBag from /home/airflow/.local/lib/python3.10/site-packages/airflow/example_dags/example_branch_operator_decorator.py
[2023-08-12T03:56:59.963+0000] {processor.py:836} INFO - DAG(s) dict_keys(['example_branch_python_operator_decorator']) retrieved from /home/airflow/.local/lib/python3.10/site-packages/airflow/example_dags/example_branch_operator_decorator.py
[2023-08-12T03:56:59.974+0000] {logging_mixin.py:149} INFO - [2023-08-12T03:56:59.974+0000] {dag.py:2726} INFO - Sync 1 DAGs
[2023-08-12T03:56:59.984+0000] {logging_mixin.py:149} INFO - [2023-08-12T03:56:59.984+0000] {dag.py:3486} INFO - Setting next_dagrun for example_branch_python_operator_decorator to 2023-08-11T00:00:00+00:00, run_after=2023-08-12T00:00:00+00:00
[2023-08-12T03:56:59.991+0000] {processor.py:179} INFO - Processing /home/airflow/.local/lib/python3.10/site-packages/airflow/example_dags/example_branch_operator_decorator.py took 0.034 seconds
[2023-08-12T03:57:30.374+0000] {processor.py:157} INFO - Started process (PID=181) to work on /home/airflow/.local/lib/python3.10/site-packages/airflow/example_dags/example_branch_operator_decorator.py
[2023-08-12T03:57:30.374+0000] {processor.py:826} INFO - Processing file /home/airflow/.local/lib/python3.10/site-packages/airflow/example_dags/example_branch_operator_decorator.py for tasks to queue
[2023-08-12T03:57:30.374+0000] {logging_mixin.py:149} INFO - [2023-08-12T03:57:30.374+0000] {dagbag.py:541} INFO - Filling up the DagBag from /home/airflow/.local/lib/python3.10/site-packages/airflow/example_dags/example_branch_operator_decorator.py
[2023-08-12T03:57:30.379+0000] {processor.py:836} INFO - DAG(s) dict_keys(['example_branch_python_operator_decorator']) retrieved from /home/airflow/.local/lib/python3.10/site-packages/airflow/example_dags/example_branch_operator_decorator.py
[2023-08-12T03:57:30.391+0000] {logging_mixin.py:149} INFO - [2023-08-12T03:57:30.391+0000] {dag.py:2726} INFO - Sync 1 DAGs
[2023-08-12T03:57:30.401+0000] {logging_mixin.py:149} INFO - [2023-08-12T03:57:30.401+0000] {dag.py:3486} INFO - Setting next_dagrun for example_branch_python_operator_decorator to 2023-08-11T00:00:00+00:00, run_after=2023-08-12T00:00:00+00:00
[2023-08-12T03:57:30.408+0000] {processor.py:179} INFO - Processing /home/airflow/.local/lib/python3.10/site-packages/airflow/example_dags/example_branch_operator_decorator.py took 0.036 seconds
[2023-08-12T03:58:00.690+0000] {processor.py:157} INFO - Started process (PID=258) to work on /home/airflow/.local/lib/python3.10/site-packages/airflow/example_dags/example_branch_operator_decorator.py
[2023-08-12T03:58:00.690+0000] {processor.py:826} INFO - Processing file /home/airflow/.local/lib/python3.10/site-packages/airflow/example_dags/example_branch_operator_decorator.py for tasks to queue
[2023-08-12T03:58:00.691+0000] {logging_mixin.py:149} INFO - [2023-08-12T03:58:00.691+0000] {dagbag.py:541} INFO - Filling up the DagBag from /home/airflow/.local/lib/python3.10/site-packages/airflow/example_dags/example_branch_operator_decorator.py
[2023-08-12T03:58:00.695+0000] {processor.py:836} INFO - DAG(s) dict_keys(['example_branch_python_operator_decorator']) retrieved from /home/airflow/.local/lib/python3.10/site-packages/airflow/example_dags/example_branch_operator_decorator.py
[2023-08-12T03:58:00.707+0000] {logging_mixin.py:149} INFO - [2023-08-12T03:58:00.707+0000] {dag.py:2726} INFO - Sync 1 DAGs
[2023-08-12T03:58:00.717+0000] {logging_mixin.py:149} INFO - [2023-08-12T03:58:00.717+0000] {dag.py:3486} INFO - Setting next_dagrun for example_branch_python_operator_decorator to 2023-08-11T00:00:00+00:00, run_after=2023-08-12T00:00:00+00:00
[2023-08-12T03:58:00.724+0000] {processor.py:179} INFO - Processing /home/airflow/.local/lib/python3.10/site-packages/airflow/example_dags/example_branch_operator_decorator.py took 0.036 seconds
[2023-08-12T03:58:31.066+0000] {processor.py:157} INFO - Started process (PID=335) to work on /home/airflow/.local/lib/python3.10/site-packages/airflow/example_dags/example_branch_operator_decorator.py
[2023-08-12T03:58:31.066+0000] {processor.py:826} INFO - Processing file /home/airflow/.local/lib/python3.10/site-packages/airflow/example_dags/example_branch_operator_decorator.py for tasks to queue
[2023-08-12T03:58:31.067+0000] {logging_mixin.py:149} INFO - [2023-08-12T03:58:31.066+0000] {dagbag.py:541} INFO - Filling up the DagBag from /home/airflow/.local/lib/python3.10/site-packages/airflow/example_dags/example_branch_operator_decorator.py
[2023-08-12T03:58:31.071+0000] {processor.py:836} INFO - DAG(s) dict_keys(['example_branch_python_operator_decorator']) retrieved from /home/airflow/.local/lib/python3.10/site-packages/airflow/example_dags/example_branch_operator_decorator.py
[2023-08-12T03:58:31.082+0000] {logging_mixin.py:149} INFO - [2023-08-12T03:58:31.082+0000] {dag.py:2726} INFO - Sync 1 DAGs
[2023-08-12T03:58:31.092+0000] {logging_mixin.py:149} INFO - [2023-08-12T03:58:31.092+0000] {dag.py:3486} INFO - Setting next_dagrun for example_branch_python_operator_decorator to 2023-08-11T00:00:00+00:00, run_after=2023-08-12T00:00:00+00:00
[2023-08-12T03:58:31.099+0000] {processor.py:179} INFO - Processing /home/airflow/.local/lib/python3.10/site-packages/airflow/example_dags/example_branch_operator_decorator.py took 0.034 seconds
[2023-08-12T03:59:01.485+0000] {processor.py:157} INFO - Started process (PID=411) to work on /home/airflow/.local/lib/python3.10/site-packages/airflow/example_dags/example_branch_operator_decorator.py
[2023-08-12T03:59:01.485+0000] {processor.py:826} INFO - Processing file /home/airflow/.local/lib/python3.10/site-packages/airflow/example_dags/example_branch_operator_decorator.py for tasks to queue
[2023-08-12T03:59:01.486+0000] {logging_mixin.py:149} INFO - [2023-08-12T03:59:01.486+0000] {dagbag.py:541} INFO - Filling up the DagBag from /home/airflow/.local/lib/python3.10/site-packages/airflow/example_dags/example_branch_operator_decorator.py
[2023-08-12T03:59:01.490+0000] {processor.py:836} INFO - DAG(s) dict_keys(['example_branch_python_operator_decorator']) retrieved from /home/airflow/.local/lib/python3.10/site-packages/airflow/example_dags/example_branch_operator_decorator.py
[2023-08-12T03:59:01.501+0000] {logging_mixin.py:149} INFO - [2023-08-12T03:59:01.501+0000] {dag.py:2726} INFO - Sync 1 DAGs
[2023-08-12T03:59:01.511+0000] {logging_mixin.py:149} INFO - [2023-08-12T03:59:01.511+0000] {dag.py:3486} INFO - Setting next_dagrun for example_branch_python_operator_decorator to 2023-08-11T00:00:00+00:00, run_after=2023-08-12T00:00:00+00:00
[2023-08-12T03:59:01.518+0000] {processor.py:179} INFO - Processing /home/airflow/.local/lib/python3.10/site-packages/airflow/example_dags/example_branch_operator_decorator.py took 0.034 seconds
[2023-08-12T03:59:31.959+0000] {processor.py:157} INFO - Started process (PID=488) to work on /home/airflow/.local/lib/python3.10/site-packages/airflow/example_dags/example_branch_operator_decorator.py
[2023-08-12T03:59:31.959+0000] {processor.py:826} INFO - Processing file /home/airflow/.local/lib/python3.10/site-packages/airflow/example_dags/example_branch_operator_decorator.py for tasks to queue
[2023-08-12T03:59:31.959+0000] {logging_mixin.py:149} INFO - [2023-08-12T03:59:31.959+0000] {dagbag.py:541} INFO - Filling up the DagBag from /home/airflow/.local/lib/python3.10/site-packages/airflow/example_dags/example_branch_operator_decorator.py
[2023-08-12T03:59:31.964+0000] {processor.py:836} INFO - DAG(s) dict_keys(['example_branch_python_operator_decorator']) retrieved from /home/airflow/.local/lib/python3.10/site-packages/airflow/example_dags/example_branch_operator_decorator.py
[2023-08-12T03:59:31.975+0000] {logging_mixin.py:149} INFO - [2023-08-12T03:59:31.974+0000] {dag.py:2726} INFO - Sync 1 DAGs
[2023-08-12T03:59:31.985+0000] {logging_mixin.py:149} INFO - [2023-08-12T03:59:31.985+0000] {dag.py:3486} INFO - Setting next_dagrun for example_branch_python_operator_decorator to 2023-08-11T00:00:00+00:00, run_after=2023-08-12T00:00:00+00:00
[2023-08-12T03:59:31.992+0000] {processor.py:179} INFO - Processing /home/airflow/.local/lib/python3.10/site-packages/airflow/example_dags/example_branch_operator_decorator.py took 0.034 seconds
[2023-08-12T04:00:02.457+0000] {processor.py:157} INFO - Started process (PID=565) to work on /home/airflow/.local/lib/python3.10/site-packages/airflow/example_dags/example_branch_operator_decorator.py
[2023-08-12T04:00:02.458+0000] {processor.py:826} INFO - Processing file /home/airflow/.local/lib/python3.10/site-packages/airflow/example_dags/example_branch_operator_decorator.py for tasks to queue
[2023-08-12T04:00:02.458+0000] {logging_mixin.py:149} INFO - [2023-08-12T04:00:02.458+0000] {dagbag.py:541} INFO - Filling up the DagBag from /home/airflow/.local/lib/python3.10/site-packages/airflow/example_dags/example_branch_operator_decorator.py
[2023-08-12T04:00:02.462+0000] {processor.py:836} INFO - DAG(s) dict_keys(['example_branch_python_operator_decorator']) retrieved from /home/airflow/.local/lib/python3.10/site-packages/airflow/example_dags/example_branch_operator_decorator.py
[2023-08-12T04:00:02.474+0000] {logging_mixin.py:149} INFO - [2023-08-12T04:00:02.473+0000] {dag.py:2726} INFO - Sync 1 DAGs
[2023-08-12T04:00:02.484+0000] {logging_mixin.py:149} INFO - [2023-08-12T04:00:02.484+0000] {dag.py:3486} INFO - Setting next_dagrun for example_branch_python_operator_decorator to 2023-08-11T00:00:00+00:00, run_after=2023-08-12T00:00:00+00:00
[2023-08-12T04:00:02.490+0000] {processor.py:179} INFO - Processing /home/airflow/.local/lib/python3.10/site-packages/airflow/example_dags/example_branch_operator_decorator.py took 0.035 seconds
[2023-08-12T04:00:32.850+0000] {processor.py:157} INFO - Started process (PID=642) to work on /home/airflow/.local/lib/python3.10/site-packages/airflow/example_dags/example_branch_operator_decorator.py
[2023-08-12T04:00:32.850+0000] {processor.py:826} INFO - Processing file /home/airflow/.local/lib/python3.10/site-packages/airflow/example_dags/example_branch_operator_decorator.py for tasks to queue
[2023-08-12T04:00:32.851+0000] {logging_mixin.py:149} INFO - [2023-08-12T04:00:32.851+0000] {dagbag.py:541} INFO - Filling up the DagBag from /home/airflow/.local/lib/python3.10/site-packages/airflow/example_dags/example_branch_operator_decorator.py
[2023-08-12T04:00:32.855+0000] {processor.py:836} INFO - DAG(s) dict_keys(['example_branch_python_operator_decorator']) retrieved from /home/airflow/.local/lib/python3.10/site-packages/airflow/example_dags/example_branch_operator_decorator.py
[2023-08-12T04:00:32.867+0000] {logging_mixin.py:149} INFO - [2023-08-12T04:00:32.867+0000] {dag.py:2726} INFO - Sync 1 DAGs
[2023-08-12T04:00:32.877+0000] {logging_mixin.py:149} INFO - [2023-08-12T04:00:32.877+0000] {dag.py:3486} INFO - Setting next_dagrun for example_branch_python_operator_decorator to 2023-08-11T00:00:00+00:00, run_after=2023-08-12T00:00:00+00:00
[2023-08-12T04:00:32.884+0000] {processor.py:179} INFO - Processing /home/airflow/.local/lib/python3.10/site-packages/airflow/example_dags/example_branch_operator_decorator.py took 0.035 seconds
