[2023-08-12T15:30:50.064+0000] {processor.py:157} INFO - Started process (PID=31) to work on /home/airflow/.local/lib/python3.10/site-packages/airflow/example_dags/example_branch_python_dop_operator_3.py
[2023-08-12T15:30:50.064+0000] {processor.py:826} INFO - Processing file /home/airflow/.local/lib/python3.10/site-packages/airflow/example_dags/example_branch_python_dop_operator_3.py for tasks to queue
[2023-08-12T15:30:50.064+0000] {logging_mixin.py:149} INFO - [2023-08-12T15:30:50.064+0000] {dagbag.py:541} INFO - Filling up the DagBag from /home/airflow/.local/lib/python3.10/site-packages/airflow/example_dags/example_branch_python_dop_operator_3.py
[2023-08-12T15:30:50.069+0000] {processor.py:836} INFO - DAG(s) dict_keys(['example_branch_dop_operator_v3']) retrieved from /home/airflow/.local/lib/python3.10/site-packages/airflow/example_dags/example_branch_python_dop_operator_3.py
[2023-08-12T15:30:50.074+0000] {logging_mixin.py:149} INFO - [2023-08-12T15:30:50.074+0000] {dag.py:2726} INFO - Sync 1 DAGs
[2023-08-12T15:30:50.088+0000] {logging_mixin.py:149} INFO - [2023-08-12T15:30:50.087+0000] {dag.py:3486} INFO - Setting next_dagrun for example_branch_dop_operator_v3 to 2023-08-12T15:29:00+00:00, run_after=2023-08-12T15:30:00+00:00
[2023-08-12T15:30:50.095+0000] {processor.py:179} INFO - Processing /home/airflow/.local/lib/python3.10/site-packages/airflow/example_dags/example_branch_python_dop_operator_3.py took 0.033 seconds
[2023-08-12T15:31:20.314+0000] {processor.py:157} INFO - Started process (PID=108) to work on /home/airflow/.local/lib/python3.10/site-packages/airflow/example_dags/example_branch_python_dop_operator_3.py
[2023-08-12T15:31:20.314+0000] {processor.py:826} INFO - Processing file /home/airflow/.local/lib/python3.10/site-packages/airflow/example_dags/example_branch_python_dop_operator_3.py for tasks to queue
[2023-08-12T15:31:20.315+0000] {logging_mixin.py:149} INFO - [2023-08-12T15:31:20.315+0000] {dagbag.py:541} INFO - Filling up the DagBag from /home/airflow/.local/lib/python3.10/site-packages/airflow/example_dags/example_branch_python_dop_operator_3.py
[2023-08-12T15:31:20.318+0000] {processor.py:836} INFO - DAG(s) dict_keys(['example_branch_dop_operator_v3']) retrieved from /home/airflow/.local/lib/python3.10/site-packages/airflow/example_dags/example_branch_python_dop_operator_3.py
[2023-08-12T15:31:20.328+0000] {logging_mixin.py:149} INFO - [2023-08-12T15:31:20.328+0000] {dag.py:2726} INFO - Sync 1 DAGs
[2023-08-12T15:31:20.340+0000] {logging_mixin.py:149} INFO - [2023-08-12T15:31:20.340+0000] {dag.py:3486} INFO - Setting next_dagrun for example_branch_dop_operator_v3 to 2023-08-12T15:30:00+00:00, run_after=2023-08-12T15:31:00+00:00
[2023-08-12T15:31:20.347+0000] {processor.py:179} INFO - Processing /home/airflow/.local/lib/python3.10/site-packages/airflow/example_dags/example_branch_python_dop_operator_3.py took 0.035 seconds
[2023-08-12T15:31:50.751+0000] {processor.py:157} INFO - Started process (PID=184) to work on /home/airflow/.local/lib/python3.10/site-packages/airflow/example_dags/example_branch_python_dop_operator_3.py
[2023-08-12T15:31:50.751+0000] {processor.py:826} INFO - Processing file /home/airflow/.local/lib/python3.10/site-packages/airflow/example_dags/example_branch_python_dop_operator_3.py for tasks to queue
[2023-08-12T15:31:50.751+0000] {logging_mixin.py:149} INFO - [2023-08-12T15:31:50.751+0000] {dagbag.py:541} INFO - Filling up the DagBag from /home/airflow/.local/lib/python3.10/site-packages/airflow/example_dags/example_branch_python_dop_operator_3.py
[2023-08-12T15:31:50.755+0000] {processor.py:836} INFO - DAG(s) dict_keys(['example_branch_dop_operator_v3']) retrieved from /home/airflow/.local/lib/python3.10/site-packages/airflow/example_dags/example_branch_python_dop_operator_3.py
[2023-08-12T15:31:50.764+0000] {logging_mixin.py:149} INFO - [2023-08-12T15:31:50.764+0000] {dag.py:2726} INFO - Sync 1 DAGs
[2023-08-12T15:31:50.776+0000] {logging_mixin.py:149} INFO - [2023-08-12T15:31:50.776+0000] {dag.py:3486} INFO - Setting next_dagrun for example_branch_dop_operator_v3 to 2023-08-12T15:30:00+00:00, run_after=2023-08-12T15:31:00+00:00
[2023-08-12T15:31:50.784+0000] {processor.py:179} INFO - Processing /home/airflow/.local/lib/python3.10/site-packages/airflow/example_dags/example_branch_python_dop_operator_3.py took 0.035 seconds
[2023-08-12T15:32:21.053+0000] {processor.py:157} INFO - Started process (PID=261) to work on /home/airflow/.local/lib/python3.10/site-packages/airflow/example_dags/example_branch_python_dop_operator_3.py
[2023-08-12T15:32:21.053+0000] {processor.py:826} INFO - Processing file /home/airflow/.local/lib/python3.10/site-packages/airflow/example_dags/example_branch_python_dop_operator_3.py for tasks to queue
[2023-08-12T15:32:21.053+0000] {logging_mixin.py:149} INFO - [2023-08-12T15:32:21.053+0000] {dagbag.py:541} INFO - Filling up the DagBag from /home/airflow/.local/lib/python3.10/site-packages/airflow/example_dags/example_branch_python_dop_operator_3.py
[2023-08-12T15:32:21.057+0000] {processor.py:836} INFO - DAG(s) dict_keys(['example_branch_dop_operator_v3']) retrieved from /home/airflow/.local/lib/python3.10/site-packages/airflow/example_dags/example_branch_python_dop_operator_3.py
[2023-08-12T15:32:21.067+0000] {logging_mixin.py:149} INFO - [2023-08-12T15:32:21.067+0000] {dag.py:2726} INFO - Sync 1 DAGs
[2023-08-12T15:32:21.079+0000] {logging_mixin.py:149} INFO - [2023-08-12T15:32:21.079+0000] {dag.py:3486} INFO - Setting next_dagrun for example_branch_dop_operator_v3 to 2023-08-12T15:31:00+00:00, run_after=2023-08-12T15:32:00+00:00
[2023-08-12T15:32:21.086+0000] {processor.py:179} INFO - Processing /home/airflow/.local/lib/python3.10/site-packages/airflow/example_dags/example_branch_python_dop_operator_3.py took 0.034 seconds
[2023-08-12T15:32:51.347+0000] {processor.py:157} INFO - Started process (PID=338) to work on /home/airflow/.local/lib/python3.10/site-packages/airflow/example_dags/example_branch_python_dop_operator_3.py
[2023-08-12T15:32:51.347+0000] {processor.py:826} INFO - Processing file /home/airflow/.local/lib/python3.10/site-packages/airflow/example_dags/example_branch_python_dop_operator_3.py for tasks to queue
[2023-08-12T15:32:51.348+0000] {logging_mixin.py:149} INFO - [2023-08-12T15:32:51.348+0000] {dagbag.py:541} INFO - Filling up the DagBag from /home/airflow/.local/lib/python3.10/site-packages/airflow/example_dags/example_branch_python_dop_operator_3.py
[2023-08-12T15:32:51.351+0000] {processor.py:836} INFO - DAG(s) dict_keys(['example_branch_dop_operator_v3']) retrieved from /home/airflow/.local/lib/python3.10/site-packages/airflow/example_dags/example_branch_python_dop_operator_3.py
[2023-08-12T15:32:51.361+0000] {logging_mixin.py:149} INFO - [2023-08-12T15:32:51.361+0000] {dag.py:2726} INFO - Sync 1 DAGs
[2023-08-12T15:32:51.373+0000] {logging_mixin.py:149} INFO - [2023-08-12T15:32:51.373+0000] {dag.py:3486} INFO - Setting next_dagrun for example_branch_dop_operator_v3 to 2023-08-12T15:31:00+00:00, run_after=2023-08-12T15:32:00+00:00
[2023-08-12T15:32:51.380+0000] {processor.py:179} INFO - Processing /home/airflow/.local/lib/python3.10/site-packages/airflow/example_dags/example_branch_python_dop_operator_3.py took 0.035 seconds
[2023-08-12T15:33:21.798+0000] {processor.py:157} INFO - Started process (PID=414) to work on /home/airflow/.local/lib/python3.10/site-packages/airflow/example_dags/example_branch_python_dop_operator_3.py
[2023-08-12T15:33:21.799+0000] {processor.py:826} INFO - Processing file /home/airflow/.local/lib/python3.10/site-packages/airflow/example_dags/example_branch_python_dop_operator_3.py for tasks to queue
[2023-08-12T15:33:21.799+0000] {logging_mixin.py:149} INFO - [2023-08-12T15:33:21.799+0000] {dagbag.py:541} INFO - Filling up the DagBag from /home/airflow/.local/lib/python3.10/site-packages/airflow/example_dags/example_branch_python_dop_operator_3.py
[2023-08-12T15:33:21.803+0000] {processor.py:836} INFO - DAG(s) dict_keys(['example_branch_dop_operator_v3']) retrieved from /home/airflow/.local/lib/python3.10/site-packages/airflow/example_dags/example_branch_python_dop_operator_3.py
[2023-08-12T15:33:21.814+0000] {logging_mixin.py:149} INFO - [2023-08-12T15:33:21.814+0000] {dag.py:2726} INFO - Sync 1 DAGs
[2023-08-12T15:33:21.826+0000] {logging_mixin.py:149} INFO - [2023-08-12T15:33:21.826+0000] {dag.py:3486} INFO - Setting next_dagrun for example_branch_dop_operator_v3 to 2023-08-12T15:32:00+00:00, run_after=2023-08-12T15:33:00+00:00
[2023-08-12T15:33:21.835+0000] {processor.py:179} INFO - Processing /home/airflow/.local/lib/python3.10/site-packages/airflow/example_dags/example_branch_python_dop_operator_3.py took 0.038 seconds
[2023-08-12T15:33:52.303+0000] {processor.py:157} INFO - Started process (PID=491) to work on /home/airflow/.local/lib/python3.10/site-packages/airflow/example_dags/example_branch_python_dop_operator_3.py
[2023-08-12T15:33:52.304+0000] {processor.py:826} INFO - Processing file /home/airflow/.local/lib/python3.10/site-packages/airflow/example_dags/example_branch_python_dop_operator_3.py for tasks to queue
[2023-08-12T15:33:52.304+0000] {logging_mixin.py:149} INFO - [2023-08-12T15:33:52.304+0000] {dagbag.py:541} INFO - Filling up the DagBag from /home/airflow/.local/lib/python3.10/site-packages/airflow/example_dags/example_branch_python_dop_operator_3.py
[2023-08-12T15:33:52.307+0000] {processor.py:836} INFO - DAG(s) dict_keys(['example_branch_dop_operator_v3']) retrieved from /home/airflow/.local/lib/python3.10/site-packages/airflow/example_dags/example_branch_python_dop_operator_3.py
[2023-08-12T15:33:52.317+0000] {logging_mixin.py:149} INFO - [2023-08-12T15:33:52.317+0000] {dag.py:2726} INFO - Sync 1 DAGs
[2023-08-12T15:33:52.329+0000] {logging_mixin.py:149} INFO - [2023-08-12T15:33:52.329+0000] {dag.py:3486} INFO - Setting next_dagrun for example_branch_dop_operator_v3 to 2023-08-12T15:32:00+00:00, run_after=2023-08-12T15:33:00+00:00
[2023-08-12T15:33:52.337+0000] {processor.py:179} INFO - Processing /home/airflow/.local/lib/python3.10/site-packages/airflow/example_dags/example_branch_python_dop_operator_3.py took 0.035 seconds
