[2023-08-12T04:24:24.768+0000] {processor.py:157} INFO - Started process (PID=39) to work on /home/airflow/.local/lib/python3.10/site-packages/airflow/example_dags/example_params_trigger_ui.py
[2023-08-12T04:24:24.769+0000] {processor.py:826} INFO - Processing file /home/airflow/.local/lib/python3.10/site-packages/airflow/example_dags/example_params_trigger_ui.py for tasks to queue
[2023-08-12T04:24:24.769+0000] {logging_mixin.py:149} INFO - [2023-08-12T04:24:24.769+0000] {dagbag.py:541} INFO - Filling up the DagBag from /home/airflow/.local/lib/python3.10/site-packages/airflow/example_dags/example_params_trigger_ui.py
[2023-08-12T04:24:24.782+0000] {processor.py:836} INFO - DAG(s) dict_keys(['example_params_trigger_ui']) retrieved from /home/airflow/.local/lib/python3.10/site-packages/airflow/example_dags/example_params_trigger_ui.py
[2023-08-12T04:24:24.788+0000] {logging_mixin.py:149} INFO - [2023-08-12T04:24:24.788+0000] {dag.py:2726} INFO - Sync 1 DAGs
[2023-08-12T04:24:24.801+0000] {logging_mixin.py:149} INFO - [2023-08-12T04:24:24.801+0000] {dag.py:3486} INFO - Setting next_dagrun for example_params_trigger_ui to None, run_after=None
[2023-08-12T04:24:24.810+0000] {processor.py:179} INFO - Processing /home/airflow/.local/lib/python3.10/site-packages/airflow/example_dags/example_params_trigger_ui.py took 0.043 seconds
[2023-08-12T04:24:55.011+0000] {processor.py:157} INFO - Started process (PID=115) to work on /home/airflow/.local/lib/python3.10/site-packages/airflow/example_dags/example_params_trigger_ui.py
[2023-08-12T04:24:55.011+0000] {processor.py:826} INFO - Processing file /home/airflow/.local/lib/python3.10/site-packages/airflow/example_dags/example_params_trigger_ui.py for tasks to queue
[2023-08-12T04:24:55.011+0000] {logging_mixin.py:149} INFO - [2023-08-12T04:24:55.011+0000] {dagbag.py:541} INFO - Filling up the DagBag from /home/airflow/.local/lib/python3.10/site-packages/airflow/example_dags/example_params_trigger_ui.py
[2023-08-12T04:24:55.021+0000] {processor.py:836} INFO - DAG(s) dict_keys(['example_params_trigger_ui']) retrieved from /home/airflow/.local/lib/python3.10/site-packages/airflow/example_dags/example_params_trigger_ui.py
[2023-08-12T04:24:55.060+0000] {logging_mixin.py:149} INFO - [2023-08-12T04:24:55.060+0000] {dag.py:2726} INFO - Sync 1 DAGs
[2023-08-12T04:24:55.070+0000] {logging_mixin.py:149} INFO - [2023-08-12T04:24:55.070+0000] {dag.py:3486} INFO - Setting next_dagrun for example_params_trigger_ui to None, run_after=None
[2023-08-12T04:24:55.077+0000] {processor.py:179} INFO - Processing /home/airflow/.local/lib/python3.10/site-packages/airflow/example_dags/example_params_trigger_ui.py took 0.067 seconds
[2023-08-12T04:25:25.448+0000] {processor.py:157} INFO - Started process (PID=193) to work on /home/airflow/.local/lib/python3.10/site-packages/airflow/example_dags/example_params_trigger_ui.py
[2023-08-12T04:25:25.449+0000] {processor.py:826} INFO - Processing file /home/airflow/.local/lib/python3.10/site-packages/airflow/example_dags/example_params_trigger_ui.py for tasks to queue
[2023-08-12T04:25:25.449+0000] {logging_mixin.py:149} INFO - [2023-08-12T04:25:25.449+0000] {dagbag.py:541} INFO - Filling up the DagBag from /home/airflow/.local/lib/python3.10/site-packages/airflow/example_dags/example_params_trigger_ui.py
[2023-08-12T04:25:25.458+0000] {processor.py:836} INFO - DAG(s) dict_keys(['example_params_trigger_ui']) retrieved from /home/airflow/.local/lib/python3.10/site-packages/airflow/example_dags/example_params_trigger_ui.py
[2023-08-12T04:25:25.498+0000] {logging_mixin.py:149} INFO - [2023-08-12T04:25:25.498+0000] {dag.py:2726} INFO - Sync 1 DAGs
[2023-08-12T04:25:25.508+0000] {logging_mixin.py:149} INFO - [2023-08-12T04:25:25.508+0000] {dag.py:3486} INFO - Setting next_dagrun for example_params_trigger_ui to None, run_after=None
[2023-08-12T04:25:25.515+0000] {processor.py:179} INFO - Processing /home/airflow/.local/lib/python3.10/site-packages/airflow/example_dags/example_params_trigger_ui.py took 0.068 seconds
[2023-08-12T04:25:55.881+0000] {processor.py:157} INFO - Started process (PID=270) to work on /home/airflow/.local/lib/python3.10/site-packages/airflow/example_dags/example_params_trigger_ui.py
[2023-08-12T04:25:55.881+0000] {processor.py:826} INFO - Processing file /home/airflow/.local/lib/python3.10/site-packages/airflow/example_dags/example_params_trigger_ui.py for tasks to queue
[2023-08-12T04:25:55.882+0000] {logging_mixin.py:149} INFO - [2023-08-12T04:25:55.882+0000] {dagbag.py:541} INFO - Filling up the DagBag from /home/airflow/.local/lib/python3.10/site-packages/airflow/example_dags/example_params_trigger_ui.py
[2023-08-12T04:25:55.891+0000] {processor.py:836} INFO - DAG(s) dict_keys(['example_params_trigger_ui']) retrieved from /home/airflow/.local/lib/python3.10/site-packages/airflow/example_dags/example_params_trigger_ui.py
[2023-08-12T04:25:55.931+0000] {logging_mixin.py:149} INFO - [2023-08-12T04:25:55.931+0000] {dag.py:2726} INFO - Sync 1 DAGs
[2023-08-12T04:25:55.941+0000] {logging_mixin.py:149} INFO - [2023-08-12T04:25:55.941+0000] {dag.py:3486} INFO - Setting next_dagrun for example_params_trigger_ui to None, run_after=None
[2023-08-12T04:25:55.948+0000] {processor.py:179} INFO - Processing /home/airflow/.local/lib/python3.10/site-packages/airflow/example_dags/example_params_trigger_ui.py took 0.069 seconds
[2023-08-12T04:26:26.281+0000] {processor.py:157} INFO - Started process (PID=346) to work on /home/airflow/.local/lib/python3.10/site-packages/airflow/example_dags/example_params_trigger_ui.py
[2023-08-12T04:26:26.282+0000] {processor.py:826} INFO - Processing file /home/airflow/.local/lib/python3.10/site-packages/airflow/example_dags/example_params_trigger_ui.py for tasks to queue
[2023-08-12T04:26:26.282+0000] {logging_mixin.py:149} INFO - [2023-08-12T04:26:26.282+0000] {dagbag.py:541} INFO - Filling up the DagBag from /home/airflow/.local/lib/python3.10/site-packages/airflow/example_dags/example_params_trigger_ui.py
[2023-08-12T04:26:26.291+0000] {processor.py:836} INFO - DAG(s) dict_keys(['example_params_trigger_ui']) retrieved from /home/airflow/.local/lib/python3.10/site-packages/airflow/example_dags/example_params_trigger_ui.py
[2023-08-12T04:26:26.331+0000] {logging_mixin.py:149} INFO - [2023-08-12T04:26:26.331+0000] {dag.py:2726} INFO - Sync 1 DAGs
[2023-08-12T04:26:26.341+0000] {logging_mixin.py:149} INFO - [2023-08-12T04:26:26.341+0000] {dag.py:3486} INFO - Setting next_dagrun for example_params_trigger_ui to None, run_after=None
[2023-08-12T04:26:26.348+0000] {processor.py:179} INFO - Processing /home/airflow/.local/lib/python3.10/site-packages/airflow/example_dags/example_params_trigger_ui.py took 0.068 seconds
[2023-08-12T04:26:57.007+0000] {processor.py:157} INFO - Started process (PID=423) to work on /home/airflow/.local/lib/python3.10/site-packages/airflow/example_dags/example_params_trigger_ui.py
[2023-08-12T04:26:57.008+0000] {processor.py:826} INFO - Processing file /home/airflow/.local/lib/python3.10/site-packages/airflow/example_dags/example_params_trigger_ui.py for tasks to queue
[2023-08-12T04:26:57.008+0000] {logging_mixin.py:149} INFO - [2023-08-12T04:26:57.008+0000] {dagbag.py:541} INFO - Filling up the DagBag from /home/airflow/.local/lib/python3.10/site-packages/airflow/example_dags/example_params_trigger_ui.py
[2023-08-12T04:26:57.017+0000] {processor.py:836} INFO - DAG(s) dict_keys(['example_params_trigger_ui']) retrieved from /home/airflow/.local/lib/python3.10/site-packages/airflow/example_dags/example_params_trigger_ui.py
[2023-08-12T04:26:57.058+0000] {logging_mixin.py:149} INFO - [2023-08-12T04:26:57.058+0000] {dag.py:2726} INFO - Sync 1 DAGs
[2023-08-12T04:26:57.068+0000] {logging_mixin.py:149} INFO - [2023-08-12T04:26:57.068+0000] {dag.py:3486} INFO - Setting next_dagrun for example_params_trigger_ui to None, run_after=None
[2023-08-12T04:26:57.076+0000] {processor.py:179} INFO - Processing /home/airflow/.local/lib/python3.10/site-packages/airflow/example_dags/example_params_trigger_ui.py took 0.070 seconds
[2023-08-12T04:27:27.515+0000] {processor.py:157} INFO - Started process (PID=500) to work on /home/airflow/.local/lib/python3.10/site-packages/airflow/example_dags/example_params_trigger_ui.py
[2023-08-12T04:27:27.516+0000] {processor.py:826} INFO - Processing file /home/airflow/.local/lib/python3.10/site-packages/airflow/example_dags/example_params_trigger_ui.py for tasks to queue
[2023-08-12T04:27:27.516+0000] {logging_mixin.py:149} INFO - [2023-08-12T04:27:27.516+0000] {dagbag.py:541} INFO - Filling up the DagBag from /home/airflow/.local/lib/python3.10/site-packages/airflow/example_dags/example_params_trigger_ui.py
[2023-08-12T04:27:27.526+0000] {processor.py:836} INFO - DAG(s) dict_keys(['example_params_trigger_ui']) retrieved from /home/airflow/.local/lib/python3.10/site-packages/airflow/example_dags/example_params_trigger_ui.py
[2023-08-12T04:27:27.566+0000] {logging_mixin.py:149} INFO - [2023-08-12T04:27:27.566+0000] {dag.py:2726} INFO - Sync 1 DAGs
[2023-08-12T04:27:27.576+0000] {logging_mixin.py:149} INFO - [2023-08-12T04:27:27.576+0000] {dag.py:3486} INFO - Setting next_dagrun for example_params_trigger_ui to None, run_after=None
[2023-08-12T04:27:27.583+0000] {processor.py:179} INFO - Processing /home/airflow/.local/lib/python3.10/site-packages/airflow/example_dags/example_params_trigger_ui.py took 0.069 seconds
[2023-08-12T04:27:57.859+0000] {processor.py:157} INFO - Started process (PID=578) to work on /home/airflow/.local/lib/python3.10/site-packages/airflow/example_dags/example_params_trigger_ui.py
[2023-08-12T04:27:57.859+0000] {processor.py:826} INFO - Processing file /home/airflow/.local/lib/python3.10/site-packages/airflow/example_dags/example_params_trigger_ui.py for tasks to queue
[2023-08-12T04:27:57.860+0000] {logging_mixin.py:149} INFO - [2023-08-12T04:27:57.860+0000] {dagbag.py:541} INFO - Filling up the DagBag from /home/airflow/.local/lib/python3.10/site-packages/airflow/example_dags/example_params_trigger_ui.py
[2023-08-12T04:27:57.869+0000] {processor.py:836} INFO - DAG(s) dict_keys(['example_params_trigger_ui']) retrieved from /home/airflow/.local/lib/python3.10/site-packages/airflow/example_dags/example_params_trigger_ui.py
[2023-08-12T04:27:57.910+0000] {logging_mixin.py:149} INFO - [2023-08-12T04:27:57.910+0000] {dag.py:2726} INFO - Sync 1 DAGs
[2023-08-12T04:27:57.920+0000] {logging_mixin.py:149} INFO - [2023-08-12T04:27:57.920+0000] {dag.py:3486} INFO - Setting next_dagrun for example_params_trigger_ui to None, run_after=None
[2023-08-12T04:27:57.928+0000] {processor.py:179} INFO - Processing /home/airflow/.local/lib/python3.10/site-packages/airflow/example_dags/example_params_trigger_ui.py took 0.070 seconds
[2023-08-12T04:28:28.334+0000] {processor.py:157} INFO - Started process (PID=655) to work on /home/airflow/.local/lib/python3.10/site-packages/airflow/example_dags/example_params_trigger_ui.py
[2023-08-12T04:28:28.334+0000] {processor.py:826} INFO - Processing file /home/airflow/.local/lib/python3.10/site-packages/airflow/example_dags/example_params_trigger_ui.py for tasks to queue
[2023-08-12T04:28:28.335+0000] {logging_mixin.py:149} INFO - [2023-08-12T04:28:28.334+0000] {dagbag.py:541} INFO - Filling up the DagBag from /home/airflow/.local/lib/python3.10/site-packages/airflow/example_dags/example_params_trigger_ui.py
[2023-08-12T04:28:28.344+0000] {processor.py:836} INFO - DAG(s) dict_keys(['example_params_trigger_ui']) retrieved from /home/airflow/.local/lib/python3.10/site-packages/airflow/example_dags/example_params_trigger_ui.py
[2023-08-12T04:28:28.384+0000] {logging_mixin.py:149} INFO - [2023-08-12T04:28:28.384+0000] {dag.py:2726} INFO - Sync 1 DAGs
[2023-08-12T04:28:28.394+0000] {logging_mixin.py:149} INFO - [2023-08-12T04:28:28.394+0000] {dag.py:3486} INFO - Setting next_dagrun for example_params_trigger_ui to None, run_after=None
[2023-08-12T04:28:28.402+0000] {processor.py:179} INFO - Processing /home/airflow/.local/lib/python3.10/site-packages/airflow/example_dags/example_params_trigger_ui.py took 0.070 seconds
[2023-08-12T04:28:58.714+0000] {processor.py:157} INFO - Started process (PID=731) to work on /home/airflow/.local/lib/python3.10/site-packages/airflow/example_dags/example_params_trigger_ui.py
[2023-08-12T04:28:58.714+0000] {processor.py:826} INFO - Processing file /home/airflow/.local/lib/python3.10/site-packages/airflow/example_dags/example_params_trigger_ui.py for tasks to queue
[2023-08-12T04:28:58.714+0000] {logging_mixin.py:149} INFO - [2023-08-12T04:28:58.714+0000] {dagbag.py:541} INFO - Filling up the DagBag from /home/airflow/.local/lib/python3.10/site-packages/airflow/example_dags/example_params_trigger_ui.py
[2023-08-12T04:28:58.724+0000] {processor.py:836} INFO - DAG(s) dict_keys(['example_params_trigger_ui']) retrieved from /home/airflow/.local/lib/python3.10/site-packages/airflow/example_dags/example_params_trigger_ui.py
[2023-08-12T04:28:58.764+0000] {logging_mixin.py:149} INFO - [2023-08-12T04:28:58.764+0000] {dag.py:2726} INFO - Sync 1 DAGs
[2023-08-12T04:28:58.774+0000] {logging_mixin.py:149} INFO - [2023-08-12T04:28:58.774+0000] {dag.py:3486} INFO - Setting next_dagrun for example_params_trigger_ui to None, run_after=None
[2023-08-12T04:28:58.782+0000] {processor.py:179} INFO - Processing /home/airflow/.local/lib/python3.10/site-packages/airflow/example_dags/example_params_trigger_ui.py took 0.069 seconds
[2023-08-12T04:29:29.114+0000] {processor.py:157} INFO - Started process (PID=807) to work on /home/airflow/.local/lib/python3.10/site-packages/airflow/example_dags/example_params_trigger_ui.py
[2023-08-12T04:29:29.114+0000] {processor.py:826} INFO - Processing file /home/airflow/.local/lib/python3.10/site-packages/airflow/example_dags/example_params_trigger_ui.py for tasks to queue
[2023-08-12T04:29:29.115+0000] {logging_mixin.py:149} INFO - [2023-08-12T04:29:29.115+0000] {dagbag.py:541} INFO - Filling up the DagBag from /home/airflow/.local/lib/python3.10/site-packages/airflow/example_dags/example_params_trigger_ui.py
[2023-08-12T04:29:29.125+0000] {processor.py:836} INFO - DAG(s) dict_keys(['example_params_trigger_ui']) retrieved from /home/airflow/.local/lib/python3.10/site-packages/airflow/example_dags/example_params_trigger_ui.py
[2023-08-12T04:29:29.166+0000] {logging_mixin.py:149} INFO - [2023-08-12T04:29:29.165+0000] {dag.py:2726} INFO - Sync 1 DAGs
[2023-08-12T04:29:29.176+0000] {logging_mixin.py:149} INFO - [2023-08-12T04:29:29.176+0000] {dag.py:3486} INFO - Setting next_dagrun for example_params_trigger_ui to None, run_after=None
[2023-08-12T04:29:29.183+0000] {processor.py:179} INFO - Processing /home/airflow/.local/lib/python3.10/site-packages/airflow/example_dags/example_params_trigger_ui.py took 0.071 seconds
[2023-08-12T04:29:59.508+0000] {processor.py:157} INFO - Started process (PID=884) to work on /home/airflow/.local/lib/python3.10/site-packages/airflow/example_dags/example_params_trigger_ui.py
[2023-08-12T04:29:59.508+0000] {processor.py:826} INFO - Processing file /home/airflow/.local/lib/python3.10/site-packages/airflow/example_dags/example_params_trigger_ui.py for tasks to queue
[2023-08-12T04:29:59.508+0000] {logging_mixin.py:149} INFO - [2023-08-12T04:29:59.508+0000] {dagbag.py:541} INFO - Filling up the DagBag from /home/airflow/.local/lib/python3.10/site-packages/airflow/example_dags/example_params_trigger_ui.py
[2023-08-12T04:29:59.518+0000] {processor.py:836} INFO - DAG(s) dict_keys(['example_params_trigger_ui']) retrieved from /home/airflow/.local/lib/python3.10/site-packages/airflow/example_dags/example_params_trigger_ui.py
[2023-08-12T04:29:59.558+0000] {logging_mixin.py:149} INFO - [2023-08-12T04:29:59.558+0000] {dag.py:2726} INFO - Sync 1 DAGs
[2023-08-12T04:29:59.568+0000] {logging_mixin.py:149} INFO - [2023-08-12T04:29:59.568+0000] {dag.py:3486} INFO - Setting next_dagrun for example_params_trigger_ui to None, run_after=None
[2023-08-12T04:29:59.575+0000] {processor.py:179} INFO - Processing /home/airflow/.local/lib/python3.10/site-packages/airflow/example_dags/example_params_trigger_ui.py took 0.069 seconds
[2023-08-12T04:30:29.936+0000] {processor.py:157} INFO - Started process (PID=960) to work on /home/airflow/.local/lib/python3.10/site-packages/airflow/example_dags/example_params_trigger_ui.py
[2023-08-12T04:30:29.936+0000] {processor.py:826} INFO - Processing file /home/airflow/.local/lib/python3.10/site-packages/airflow/example_dags/example_params_trigger_ui.py for tasks to queue
[2023-08-12T04:30:29.936+0000] {logging_mixin.py:149} INFO - [2023-08-12T04:30:29.936+0000] {dagbag.py:541} INFO - Filling up the DagBag from /home/airflow/.local/lib/python3.10/site-packages/airflow/example_dags/example_params_trigger_ui.py
[2023-08-12T04:30:29.946+0000] {processor.py:836} INFO - DAG(s) dict_keys(['example_params_trigger_ui']) retrieved from /home/airflow/.local/lib/python3.10/site-packages/airflow/example_dags/example_params_trigger_ui.py
[2023-08-12T04:30:29.986+0000] {logging_mixin.py:149} INFO - [2023-08-12T04:30:29.986+0000] {dag.py:2726} INFO - Sync 1 DAGs
[2023-08-12T04:30:29.996+0000] {logging_mixin.py:149} INFO - [2023-08-12T04:30:29.996+0000] {dag.py:3486} INFO - Setting next_dagrun for example_params_trigger_ui to None, run_after=None
[2023-08-12T04:30:30.004+0000] {processor.py:179} INFO - Processing /home/airflow/.local/lib/python3.10/site-packages/airflow/example_dags/example_params_trigger_ui.py took 0.069 seconds
[2023-08-12T04:31:28.648+0000] {processor.py:157} INFO - Started process (PID=39) to work on /home/airflow/.local/lib/python3.10/site-packages/airflow/example_dags/example_params_trigger_ui.py
[2023-08-12T04:31:28.649+0000] {processor.py:826} INFO - Processing file /home/airflow/.local/lib/python3.10/site-packages/airflow/example_dags/example_params_trigger_ui.py for tasks to queue
[2023-08-12T04:31:28.649+0000] {logging_mixin.py:149} INFO - [2023-08-12T04:31:28.649+0000] {dagbag.py:541} INFO - Filling up the DagBag from /home/airflow/.local/lib/python3.10/site-packages/airflow/example_dags/example_params_trigger_ui.py
[2023-08-12T04:31:28.660+0000] {processor.py:836} INFO - DAG(s) dict_keys(['example_params_trigger_ui']) retrieved from /home/airflow/.local/lib/python3.10/site-packages/airflow/example_dags/example_params_trigger_ui.py
[2023-08-12T04:31:28.666+0000] {logging_mixin.py:149} INFO - [2023-08-12T04:31:28.666+0000] {dag.py:2726} INFO - Sync 1 DAGs
[2023-08-12T04:31:28.677+0000] {logging_mixin.py:149} INFO - [2023-08-12T04:31:28.677+0000] {dag.py:3486} INFO - Setting next_dagrun for example_params_trigger_ui to None, run_after=None
[2023-08-12T04:31:28.685+0000] {processor.py:179} INFO - Processing /home/airflow/.local/lib/python3.10/site-packages/airflow/example_dags/example_params_trigger_ui.py took 0.038 seconds
[2023-08-12T04:31:58.806+0000] {processor.py:157} INFO - Started process (PID=114) to work on /home/airflow/.local/lib/python3.10/site-packages/airflow/example_dags/example_params_trigger_ui.py
[2023-08-12T04:31:58.807+0000] {processor.py:826} INFO - Processing file /home/airflow/.local/lib/python3.10/site-packages/airflow/example_dags/example_params_trigger_ui.py for tasks to queue
[2023-08-12T04:31:58.807+0000] {logging_mixin.py:149} INFO - [2023-08-12T04:31:58.807+0000] {dagbag.py:541} INFO - Filling up the DagBag from /home/airflow/.local/lib/python3.10/site-packages/airflow/example_dags/example_params_trigger_ui.py
[2023-08-12T04:31:58.816+0000] {processor.py:836} INFO - DAG(s) dict_keys(['example_params_trigger_ui']) retrieved from /home/airflow/.local/lib/python3.10/site-packages/airflow/example_dags/example_params_trigger_ui.py
[2023-08-12T04:31:58.856+0000] {logging_mixin.py:149} INFO - [2023-08-12T04:31:58.856+0000] {dag.py:2726} INFO - Sync 1 DAGs
[2023-08-12T04:31:58.865+0000] {logging_mixin.py:149} INFO - [2023-08-12T04:31:58.865+0000] {dag.py:3486} INFO - Setting next_dagrun for example_params_trigger_ui to None, run_after=None
[2023-08-12T04:31:58.873+0000] {processor.py:179} INFO - Processing /home/airflow/.local/lib/python3.10/site-packages/airflow/example_dags/example_params_trigger_ui.py took 0.068 seconds
[2023-08-12T04:32:29.273+0000] {processor.py:157} INFO - Started process (PID=191) to work on /home/airflow/.local/lib/python3.10/site-packages/airflow/example_dags/example_params_trigger_ui.py
[2023-08-12T04:32:29.274+0000] {processor.py:826} INFO - Processing file /home/airflow/.local/lib/python3.10/site-packages/airflow/example_dags/example_params_trigger_ui.py for tasks to queue
[2023-08-12T04:32:29.274+0000] {logging_mixin.py:149} INFO - [2023-08-12T04:32:29.274+0000] {dagbag.py:541} INFO - Filling up the DagBag from /home/airflow/.local/lib/python3.10/site-packages/airflow/example_dags/example_params_trigger_ui.py
[2023-08-12T04:32:29.284+0000] {processor.py:836} INFO - DAG(s) dict_keys(['example_params_trigger_ui']) retrieved from /home/airflow/.local/lib/python3.10/site-packages/airflow/example_dags/example_params_trigger_ui.py
[2023-08-12T04:32:29.324+0000] {logging_mixin.py:149} INFO - [2023-08-12T04:32:29.324+0000] {dag.py:2726} INFO - Sync 1 DAGs
[2023-08-12T04:32:29.334+0000] {logging_mixin.py:149} INFO - [2023-08-12T04:32:29.334+0000] {dag.py:3486} INFO - Setting next_dagrun for example_params_trigger_ui to None, run_after=None
[2023-08-12T04:32:29.341+0000] {processor.py:179} INFO - Processing /home/airflow/.local/lib/python3.10/site-packages/airflow/example_dags/example_params_trigger_ui.py took 0.069 seconds
[2023-08-12T04:32:59.647+0000] {processor.py:157} INFO - Started process (PID=269) to work on /home/airflow/.local/lib/python3.10/site-packages/airflow/example_dags/example_params_trigger_ui.py
[2023-08-12T04:32:59.648+0000] {processor.py:826} INFO - Processing file /home/airflow/.local/lib/python3.10/site-packages/airflow/example_dags/example_params_trigger_ui.py for tasks to queue
[2023-08-12T04:32:59.648+0000] {logging_mixin.py:149} INFO - [2023-08-12T04:32:59.648+0000] {dagbag.py:541} INFO - Filling up the DagBag from /home/airflow/.local/lib/python3.10/site-packages/airflow/example_dags/example_params_trigger_ui.py
[2023-08-12T04:32:59.658+0000] {processor.py:836} INFO - DAG(s) dict_keys(['example_params_trigger_ui']) retrieved from /home/airflow/.local/lib/python3.10/site-packages/airflow/example_dags/example_params_trigger_ui.py
[2023-08-12T04:32:59.698+0000] {logging_mixin.py:149} INFO - [2023-08-12T04:32:59.698+0000] {dag.py:2726} INFO - Sync 1 DAGs
[2023-08-12T04:32:59.708+0000] {logging_mixin.py:149} INFO - [2023-08-12T04:32:59.708+0000] {dag.py:3486} INFO - Setting next_dagrun for example_params_trigger_ui to None, run_after=None
[2023-08-12T04:32:59.717+0000] {processor.py:179} INFO - Processing /home/airflow/.local/lib/python3.10/site-packages/airflow/example_dags/example_params_trigger_ui.py took 0.071 seconds
[2023-08-12T04:33:29.958+0000] {processor.py:157} INFO - Started process (PID=345) to work on /home/airflow/.local/lib/python3.10/site-packages/airflow/example_dags/example_params_trigger_ui.py
[2023-08-12T04:33:29.959+0000] {processor.py:826} INFO - Processing file /home/airflow/.local/lib/python3.10/site-packages/airflow/example_dags/example_params_trigger_ui.py for tasks to queue
[2023-08-12T04:33:29.959+0000] {logging_mixin.py:149} INFO - [2023-08-12T04:33:29.959+0000] {dagbag.py:541} INFO - Filling up the DagBag from /home/airflow/.local/lib/python3.10/site-packages/airflow/example_dags/example_params_trigger_ui.py
[2023-08-12T04:33:29.968+0000] {processor.py:836} INFO - DAG(s) dict_keys(['example_params_trigger_ui']) retrieved from /home/airflow/.local/lib/python3.10/site-packages/airflow/example_dags/example_params_trigger_ui.py
[2023-08-12T04:33:30.009+0000] {logging_mixin.py:149} INFO - [2023-08-12T04:33:30.009+0000] {dag.py:2726} INFO - Sync 1 DAGs
[2023-08-12T04:33:30.018+0000] {logging_mixin.py:149} INFO - [2023-08-12T04:33:30.018+0000] {dag.py:3486} INFO - Setting next_dagrun for example_params_trigger_ui to None, run_after=None
[2023-08-12T04:33:30.026+0000] {processor.py:179} INFO - Processing /home/airflow/.local/lib/python3.10/site-packages/airflow/example_dags/example_params_trigger_ui.py took 0.069 seconds
[2023-08-12T04:34:00.569+0000] {processor.py:157} INFO - Started process (PID=422) to work on /home/airflow/.local/lib/python3.10/site-packages/airflow/example_dags/example_params_trigger_ui.py
[2023-08-12T04:34:00.569+0000] {processor.py:826} INFO - Processing file /home/airflow/.local/lib/python3.10/site-packages/airflow/example_dags/example_params_trigger_ui.py for tasks to queue
[2023-08-12T04:34:00.569+0000] {logging_mixin.py:149} INFO - [2023-08-12T04:34:00.569+0000] {dagbag.py:541} INFO - Filling up the DagBag from /home/airflow/.local/lib/python3.10/site-packages/airflow/example_dags/example_params_trigger_ui.py
[2023-08-12T04:34:00.579+0000] {processor.py:836} INFO - DAG(s) dict_keys(['example_params_trigger_ui']) retrieved from /home/airflow/.local/lib/python3.10/site-packages/airflow/example_dags/example_params_trigger_ui.py
[2023-08-12T04:34:00.620+0000] {logging_mixin.py:149} INFO - [2023-08-12T04:34:00.620+0000] {dag.py:2726} INFO - Sync 1 DAGs
[2023-08-12T04:34:00.630+0000] {logging_mixin.py:149} INFO - [2023-08-12T04:34:00.630+0000] {dag.py:3486} INFO - Setting next_dagrun for example_params_trigger_ui to None, run_after=None
[2023-08-12T04:34:00.638+0000] {processor.py:179} INFO - Processing /home/airflow/.local/lib/python3.10/site-packages/airflow/example_dags/example_params_trigger_ui.py took 0.070 seconds
[2023-08-12T04:34:31.025+0000] {processor.py:157} INFO - Started process (PID=499) to work on /home/airflow/.local/lib/python3.10/site-packages/airflow/example_dags/example_params_trigger_ui.py
[2023-08-12T04:34:31.026+0000] {processor.py:826} INFO - Processing file /home/airflow/.local/lib/python3.10/site-packages/airflow/example_dags/example_params_trigger_ui.py for tasks to queue
[2023-08-12T04:34:31.026+0000] {logging_mixin.py:149} INFO - [2023-08-12T04:34:31.026+0000] {dagbag.py:541} INFO - Filling up the DagBag from /home/airflow/.local/lib/python3.10/site-packages/airflow/example_dags/example_params_trigger_ui.py
[2023-08-12T04:34:31.036+0000] {processor.py:836} INFO - DAG(s) dict_keys(['example_params_trigger_ui']) retrieved from /home/airflow/.local/lib/python3.10/site-packages/airflow/example_dags/example_params_trigger_ui.py
[2023-08-12T04:34:31.076+0000] {logging_mixin.py:149} INFO - [2023-08-12T04:34:31.076+0000] {dag.py:2726} INFO - Sync 1 DAGs
[2023-08-12T04:34:31.086+0000] {logging_mixin.py:149} INFO - [2023-08-12T04:34:31.086+0000] {dag.py:3486} INFO - Setting next_dagrun for example_params_trigger_ui to None, run_after=None
[2023-08-12T04:34:31.094+0000] {processor.py:179} INFO - Processing /home/airflow/.local/lib/python3.10/site-packages/airflow/example_dags/example_params_trigger_ui.py took 0.070 seconds
[2023-08-12T04:35:01.616+0000] {processor.py:157} INFO - Started process (PID=576) to work on /home/airflow/.local/lib/python3.10/site-packages/airflow/example_dags/example_params_trigger_ui.py
[2023-08-12T04:35:01.616+0000] {processor.py:826} INFO - Processing file /home/airflow/.local/lib/python3.10/site-packages/airflow/example_dags/example_params_trigger_ui.py for tasks to queue
[2023-08-12T04:35:01.617+0000] {logging_mixin.py:149} INFO - [2023-08-12T04:35:01.617+0000] {dagbag.py:541} INFO - Filling up the DagBag from /home/airflow/.local/lib/python3.10/site-packages/airflow/example_dags/example_params_trigger_ui.py
[2023-08-12T04:35:01.626+0000] {processor.py:836} INFO - DAG(s) dict_keys(['example_params_trigger_ui']) retrieved from /home/airflow/.local/lib/python3.10/site-packages/airflow/example_dags/example_params_trigger_ui.py
[2023-08-12T04:35:01.666+0000] {logging_mixin.py:149} INFO - [2023-08-12T04:35:01.666+0000] {dag.py:2726} INFO - Sync 1 DAGs
[2023-08-12T04:35:01.676+0000] {logging_mixin.py:149} INFO - [2023-08-12T04:35:01.676+0000] {dag.py:3486} INFO - Setting next_dagrun for example_params_trigger_ui to None, run_after=None
[2023-08-12T04:35:01.683+0000] {processor.py:179} INFO - Processing /home/airflow/.local/lib/python3.10/site-packages/airflow/example_dags/example_params_trigger_ui.py took 0.069 seconds
[2023-08-12T04:35:31.899+0000] {processor.py:157} INFO - Started process (PID=653) to work on /home/airflow/.local/lib/python3.10/site-packages/airflow/example_dags/example_params_trigger_ui.py
[2023-08-12T04:35:31.900+0000] {processor.py:826} INFO - Processing file /home/airflow/.local/lib/python3.10/site-packages/airflow/example_dags/example_params_trigger_ui.py for tasks to queue
[2023-08-12T04:35:31.900+0000] {logging_mixin.py:149} INFO - [2023-08-12T04:35:31.900+0000] {dagbag.py:541} INFO - Filling up the DagBag from /home/airflow/.local/lib/python3.10/site-packages/airflow/example_dags/example_params_trigger_ui.py
[2023-08-12T04:35:31.909+0000] {processor.py:836} INFO - DAG(s) dict_keys(['example_params_trigger_ui']) retrieved from /home/airflow/.local/lib/python3.10/site-packages/airflow/example_dags/example_params_trigger_ui.py
[2023-08-12T04:35:31.949+0000] {logging_mixin.py:149} INFO - [2023-08-12T04:35:31.949+0000] {dag.py:2726} INFO - Sync 1 DAGs
[2023-08-12T04:35:31.959+0000] {logging_mixin.py:149} INFO - [2023-08-12T04:35:31.959+0000] {dag.py:3486} INFO - Setting next_dagrun for example_params_trigger_ui to None, run_after=None
[2023-08-12T04:35:31.966+0000] {processor.py:179} INFO - Processing /home/airflow/.local/lib/python3.10/site-packages/airflow/example_dags/example_params_trigger_ui.py took 0.068 seconds
[2023-08-12T04:36:02.309+0000] {processor.py:157} INFO - Started process (PID=730) to work on /home/airflow/.local/lib/python3.10/site-packages/airflow/example_dags/example_params_trigger_ui.py
[2023-08-12T04:36:02.310+0000] {processor.py:826} INFO - Processing file /home/airflow/.local/lib/python3.10/site-packages/airflow/example_dags/example_params_trigger_ui.py for tasks to queue
[2023-08-12T04:36:02.310+0000] {logging_mixin.py:149} INFO - [2023-08-12T04:36:02.310+0000] {dagbag.py:541} INFO - Filling up the DagBag from /home/airflow/.local/lib/python3.10/site-packages/airflow/example_dags/example_params_trigger_ui.py
[2023-08-12T04:36:02.319+0000] {processor.py:836} INFO - DAG(s) dict_keys(['example_params_trigger_ui']) retrieved from /home/airflow/.local/lib/python3.10/site-packages/airflow/example_dags/example_params_trigger_ui.py
[2023-08-12T04:36:02.360+0000] {logging_mixin.py:149} INFO - [2023-08-12T04:36:02.359+0000] {dag.py:2726} INFO - Sync 1 DAGs
[2023-08-12T04:36:02.370+0000] {logging_mixin.py:149} INFO - [2023-08-12T04:36:02.370+0000] {dag.py:3486} INFO - Setting next_dagrun for example_params_trigger_ui to None, run_after=None
[2023-08-12T04:36:02.378+0000] {processor.py:179} INFO - Processing /home/airflow/.local/lib/python3.10/site-packages/airflow/example_dags/example_params_trigger_ui.py took 0.070 seconds
[2023-08-12T04:36:32.664+0000] {processor.py:157} INFO - Started process (PID=807) to work on /home/airflow/.local/lib/python3.10/site-packages/airflow/example_dags/example_params_trigger_ui.py
[2023-08-12T04:36:32.665+0000] {processor.py:826} INFO - Processing file /home/airflow/.local/lib/python3.10/site-packages/airflow/example_dags/example_params_trigger_ui.py for tasks to queue
[2023-08-12T04:36:32.665+0000] {logging_mixin.py:149} INFO - [2023-08-12T04:36:32.665+0000] {dagbag.py:541} INFO - Filling up the DagBag from /home/airflow/.local/lib/python3.10/site-packages/airflow/example_dags/example_params_trigger_ui.py
[2023-08-12T04:36:32.674+0000] {processor.py:836} INFO - DAG(s) dict_keys(['example_params_trigger_ui']) retrieved from /home/airflow/.local/lib/python3.10/site-packages/airflow/example_dags/example_params_trigger_ui.py
[2023-08-12T04:36:32.715+0000] {logging_mixin.py:149} INFO - [2023-08-12T04:36:32.715+0000] {dag.py:2726} INFO - Sync 1 DAGs
[2023-08-12T04:36:32.724+0000] {logging_mixin.py:149} INFO - [2023-08-12T04:36:32.724+0000] {dag.py:3486} INFO - Setting next_dagrun for example_params_trigger_ui to None, run_after=None
[2023-08-12T04:36:32.731+0000] {processor.py:179} INFO - Processing /home/airflow/.local/lib/python3.10/site-packages/airflow/example_dags/example_params_trigger_ui.py took 0.069 seconds
[2023-08-12T04:37:03.031+0000] {processor.py:157} INFO - Started process (PID=884) to work on /home/airflow/.local/lib/python3.10/site-packages/airflow/example_dags/example_params_trigger_ui.py
[2023-08-12T04:37:03.032+0000] {processor.py:826} INFO - Processing file /home/airflow/.local/lib/python3.10/site-packages/airflow/example_dags/example_params_trigger_ui.py for tasks to queue
[2023-08-12T04:37:03.032+0000] {logging_mixin.py:149} INFO - [2023-08-12T04:37:03.032+0000] {dagbag.py:541} INFO - Filling up the DagBag from /home/airflow/.local/lib/python3.10/site-packages/airflow/example_dags/example_params_trigger_ui.py
[2023-08-12T04:37:03.042+0000] {processor.py:836} INFO - DAG(s) dict_keys(['example_params_trigger_ui']) retrieved from /home/airflow/.local/lib/python3.10/site-packages/airflow/example_dags/example_params_trigger_ui.py
[2023-08-12T04:37:03.083+0000] {logging_mixin.py:149} INFO - [2023-08-12T04:37:03.083+0000] {dag.py:2726} INFO - Sync 1 DAGs
[2023-08-12T04:37:03.093+0000] {logging_mixin.py:149} INFO - [2023-08-12T04:37:03.093+0000] {dag.py:3486} INFO - Setting next_dagrun for example_params_trigger_ui to None, run_after=None
[2023-08-12T04:37:03.101+0000] {processor.py:179} INFO - Processing /home/airflow/.local/lib/python3.10/site-packages/airflow/example_dags/example_params_trigger_ui.py took 0.071 seconds
[2023-08-12T04:37:33.630+0000] {processor.py:157} INFO - Started process (PID=961) to work on /home/airflow/.local/lib/python3.10/site-packages/airflow/example_dags/example_params_trigger_ui.py
[2023-08-12T04:37:33.630+0000] {processor.py:826} INFO - Processing file /home/airflow/.local/lib/python3.10/site-packages/airflow/example_dags/example_params_trigger_ui.py for tasks to queue
[2023-08-12T04:37:33.630+0000] {logging_mixin.py:149} INFO - [2023-08-12T04:37:33.630+0000] {dagbag.py:541} INFO - Filling up the DagBag from /home/airflow/.local/lib/python3.10/site-packages/airflow/example_dags/example_params_trigger_ui.py
[2023-08-12T04:37:33.640+0000] {processor.py:836} INFO - DAG(s) dict_keys(['example_params_trigger_ui']) retrieved from /home/airflow/.local/lib/python3.10/site-packages/airflow/example_dags/example_params_trigger_ui.py
[2023-08-12T04:37:33.681+0000] {logging_mixin.py:149} INFO - [2023-08-12T04:37:33.681+0000] {dag.py:2726} INFO - Sync 1 DAGs
[2023-08-12T04:37:33.691+0000] {logging_mixin.py:149} INFO - [2023-08-12T04:37:33.691+0000] {dag.py:3486} INFO - Setting next_dagrun for example_params_trigger_ui to None, run_after=None
[2023-08-12T04:37:33.699+0000] {processor.py:179} INFO - Processing /home/airflow/.local/lib/python3.10/site-packages/airflow/example_dags/example_params_trigger_ui.py took 0.071 seconds
[2023-08-12T04:38:03.936+0000] {processor.py:157} INFO - Started process (PID=1038) to work on /home/airflow/.local/lib/python3.10/site-packages/airflow/example_dags/example_params_trigger_ui.py
[2023-08-12T04:38:03.936+0000] {processor.py:826} INFO - Processing file /home/airflow/.local/lib/python3.10/site-packages/airflow/example_dags/example_params_trigger_ui.py for tasks to queue
[2023-08-12T04:38:03.936+0000] {logging_mixin.py:149} INFO - [2023-08-12T04:38:03.936+0000] {dagbag.py:541} INFO - Filling up the DagBag from /home/airflow/.local/lib/python3.10/site-packages/airflow/example_dags/example_params_trigger_ui.py
[2023-08-12T04:38:03.946+0000] {processor.py:836} INFO - DAG(s) dict_keys(['example_params_trigger_ui']) retrieved from /home/airflow/.local/lib/python3.10/site-packages/airflow/example_dags/example_params_trigger_ui.py
[2023-08-12T04:38:03.986+0000] {logging_mixin.py:149} INFO - [2023-08-12T04:38:03.986+0000] {dag.py:2726} INFO - Sync 1 DAGs
[2023-08-12T04:38:03.996+0000] {logging_mixin.py:149} INFO - [2023-08-12T04:38:03.996+0000] {dag.py:3486} INFO - Setting next_dagrun for example_params_trigger_ui to None, run_after=None
[2023-08-12T04:38:04.004+0000] {processor.py:179} INFO - Processing /home/airflow/.local/lib/python3.10/site-packages/airflow/example_dags/example_params_trigger_ui.py took 0.069 seconds
[2023-08-12T04:38:34.407+0000] {processor.py:157} INFO - Started process (PID=1113) to work on /home/airflow/.local/lib/python3.10/site-packages/airflow/example_dags/example_params_trigger_ui.py
[2023-08-12T04:38:34.407+0000] {processor.py:826} INFO - Processing file /home/airflow/.local/lib/python3.10/site-packages/airflow/example_dags/example_params_trigger_ui.py for tasks to queue
[2023-08-12T04:38:34.407+0000] {logging_mixin.py:149} INFO - [2023-08-12T04:38:34.407+0000] {dagbag.py:541} INFO - Filling up the DagBag from /home/airflow/.local/lib/python3.10/site-packages/airflow/example_dags/example_params_trigger_ui.py
[2023-08-12T04:38:34.417+0000] {processor.py:836} INFO - DAG(s) dict_keys(['example_params_trigger_ui']) retrieved from /home/airflow/.local/lib/python3.10/site-packages/airflow/example_dags/example_params_trigger_ui.py
[2023-08-12T04:38:34.458+0000] {logging_mixin.py:149} INFO - [2023-08-12T04:38:34.458+0000] {dag.py:2726} INFO - Sync 1 DAGs
[2023-08-12T04:38:34.468+0000] {logging_mixin.py:149} INFO - [2023-08-12T04:38:34.467+0000] {dag.py:3486} INFO - Setting next_dagrun for example_params_trigger_ui to None, run_after=None
[2023-08-12T04:38:34.475+0000] {processor.py:179} INFO - Processing /home/airflow/.local/lib/python3.10/site-packages/airflow/example_dags/example_params_trigger_ui.py took 0.070 seconds
[2023-08-12T04:39:04.874+0000] {processor.py:157} INFO - Started process (PID=1190) to work on /home/airflow/.local/lib/python3.10/site-packages/airflow/example_dags/example_params_trigger_ui.py
[2023-08-12T04:39:04.874+0000] {processor.py:826} INFO - Processing file /home/airflow/.local/lib/python3.10/site-packages/airflow/example_dags/example_params_trigger_ui.py for tasks to queue
[2023-08-12T04:39:04.875+0000] {logging_mixin.py:149} INFO - [2023-08-12T04:39:04.875+0000] {dagbag.py:541} INFO - Filling up the DagBag from /home/airflow/.local/lib/python3.10/site-packages/airflow/example_dags/example_params_trigger_ui.py
[2023-08-12T04:39:04.884+0000] {processor.py:836} INFO - DAG(s) dict_keys(['example_params_trigger_ui']) retrieved from /home/airflow/.local/lib/python3.10/site-packages/airflow/example_dags/example_params_trigger_ui.py
[2023-08-12T04:39:04.925+0000] {logging_mixin.py:149} INFO - [2023-08-12T04:39:04.924+0000] {dag.py:2726} INFO - Sync 1 DAGs
[2023-08-12T04:39:04.934+0000] {logging_mixin.py:149} INFO - [2023-08-12T04:39:04.934+0000] {dag.py:3486} INFO - Setting next_dagrun for example_params_trigger_ui to None, run_after=None
[2023-08-12T04:39:04.942+0000] {processor.py:179} INFO - Processing /home/airflow/.local/lib/python3.10/site-packages/airflow/example_dags/example_params_trigger_ui.py took 0.069 seconds
[2023-08-12T04:39:35.302+0000] {processor.py:157} INFO - Started process (PID=1268) to work on /home/airflow/.local/lib/python3.10/site-packages/airflow/example_dags/example_params_trigger_ui.py
[2023-08-12T04:39:35.303+0000] {processor.py:826} INFO - Processing file /home/airflow/.local/lib/python3.10/site-packages/airflow/example_dags/example_params_trigger_ui.py for tasks to queue
[2023-08-12T04:39:35.303+0000] {logging_mixin.py:149} INFO - [2023-08-12T04:39:35.303+0000] {dagbag.py:541} INFO - Filling up the DagBag from /home/airflow/.local/lib/python3.10/site-packages/airflow/example_dags/example_params_trigger_ui.py
[2023-08-12T04:39:35.313+0000] {processor.py:836} INFO - DAG(s) dict_keys(['example_params_trigger_ui']) retrieved from /home/airflow/.local/lib/python3.10/site-packages/airflow/example_dags/example_params_trigger_ui.py
[2023-08-12T04:39:35.355+0000] {logging_mixin.py:149} INFO - [2023-08-12T04:39:35.355+0000] {dag.py:2726} INFO - Sync 1 DAGs
[2023-08-12T04:39:35.365+0000] {logging_mixin.py:149} INFO - [2023-08-12T04:39:35.365+0000] {dag.py:3486} INFO - Setting next_dagrun for example_params_trigger_ui to None, run_after=None
[2023-08-12T04:39:35.373+0000] {processor.py:179} INFO - Processing /home/airflow/.local/lib/python3.10/site-packages/airflow/example_dags/example_params_trigger_ui.py took 0.072 seconds
[2023-08-12T04:40:05.654+0000] {processor.py:157} INFO - Started process (PID=1345) to work on /home/airflow/.local/lib/python3.10/site-packages/airflow/example_dags/example_params_trigger_ui.py
[2023-08-12T04:40:05.654+0000] {processor.py:826} INFO - Processing file /home/airflow/.local/lib/python3.10/site-packages/airflow/example_dags/example_params_trigger_ui.py for tasks to queue
[2023-08-12T04:40:05.654+0000] {logging_mixin.py:149} INFO - [2023-08-12T04:40:05.654+0000] {dagbag.py:541} INFO - Filling up the DagBag from /home/airflow/.local/lib/python3.10/site-packages/airflow/example_dags/example_params_trigger_ui.py
[2023-08-12T04:40:05.664+0000] {processor.py:836} INFO - DAG(s) dict_keys(['example_params_trigger_ui']) retrieved from /home/airflow/.local/lib/python3.10/site-packages/airflow/example_dags/example_params_trigger_ui.py
[2023-08-12T04:40:05.705+0000] {logging_mixin.py:149} INFO - [2023-08-12T04:40:05.704+0000] {dag.py:2726} INFO - Sync 1 DAGs
[2023-08-12T04:40:05.714+0000] {logging_mixin.py:149} INFO - [2023-08-12T04:40:05.714+0000] {dag.py:3486} INFO - Setting next_dagrun for example_params_trigger_ui to None, run_after=None
[2023-08-12T04:40:05.722+0000] {processor.py:179} INFO - Processing /home/airflow/.local/lib/python3.10/site-packages/airflow/example_dags/example_params_trigger_ui.py took 0.069 seconds
[2023-08-12T04:40:36.051+0000] {processor.py:157} INFO - Started process (PID=1422) to work on /home/airflow/.local/lib/python3.10/site-packages/airflow/example_dags/example_params_trigger_ui.py
[2023-08-12T04:40:36.052+0000] {processor.py:826} INFO - Processing file /home/airflow/.local/lib/python3.10/site-packages/airflow/example_dags/example_params_trigger_ui.py for tasks to queue
[2023-08-12T04:40:36.052+0000] {logging_mixin.py:149} INFO - [2023-08-12T04:40:36.052+0000] {dagbag.py:541} INFO - Filling up the DagBag from /home/airflow/.local/lib/python3.10/site-packages/airflow/example_dags/example_params_trigger_ui.py
[2023-08-12T04:40:36.062+0000] {processor.py:836} INFO - DAG(s) dict_keys(['example_params_trigger_ui']) retrieved from /home/airflow/.local/lib/python3.10/site-packages/airflow/example_dags/example_params_trigger_ui.py
[2023-08-12T04:40:36.101+0000] {logging_mixin.py:149} INFO - [2023-08-12T04:40:36.101+0000] {dag.py:2726} INFO - Sync 1 DAGs
[2023-08-12T04:40:36.111+0000] {logging_mixin.py:149} INFO - [2023-08-12T04:40:36.111+0000] {dag.py:3486} INFO - Setting next_dagrun for example_params_trigger_ui to None, run_after=None
[2023-08-12T04:40:36.119+0000] {processor.py:179} INFO - Processing /home/airflow/.local/lib/python3.10/site-packages/airflow/example_dags/example_params_trigger_ui.py took 0.069 seconds
[2023-08-12T04:41:06.432+0000] {processor.py:157} INFO - Started process (PID=1499) to work on /home/airflow/.local/lib/python3.10/site-packages/airflow/example_dags/example_params_trigger_ui.py
[2023-08-12T04:41:06.432+0000] {processor.py:826} INFO - Processing file /home/airflow/.local/lib/python3.10/site-packages/airflow/example_dags/example_params_trigger_ui.py for tasks to queue
[2023-08-12T04:41:06.432+0000] {logging_mixin.py:149} INFO - [2023-08-12T04:41:06.432+0000] {dagbag.py:541} INFO - Filling up the DagBag from /home/airflow/.local/lib/python3.10/site-packages/airflow/example_dags/example_params_trigger_ui.py
[2023-08-12T04:41:06.441+0000] {processor.py:836} INFO - DAG(s) dict_keys(['example_params_trigger_ui']) retrieved from /home/airflow/.local/lib/python3.10/site-packages/airflow/example_dags/example_params_trigger_ui.py
[2023-08-12T04:41:06.481+0000] {logging_mixin.py:149} INFO - [2023-08-12T04:41:06.481+0000] {dag.py:2726} INFO - Sync 1 DAGs
[2023-08-12T04:41:06.492+0000] {logging_mixin.py:149} INFO - [2023-08-12T04:41:06.492+0000] {dag.py:3486} INFO - Setting next_dagrun for example_params_trigger_ui to None, run_after=None
[2023-08-12T04:41:06.500+0000] {processor.py:179} INFO - Processing /home/airflow/.local/lib/python3.10/site-packages/airflow/example_dags/example_params_trigger_ui.py took 0.070 seconds
[2023-08-12T04:41:36.960+0000] {processor.py:157} INFO - Started process (PID=1576) to work on /home/airflow/.local/lib/python3.10/site-packages/airflow/example_dags/example_params_trigger_ui.py
[2023-08-12T04:41:36.960+0000] {processor.py:826} INFO - Processing file /home/airflow/.local/lib/python3.10/site-packages/airflow/example_dags/example_params_trigger_ui.py for tasks to queue
[2023-08-12T04:41:36.960+0000] {logging_mixin.py:149} INFO - [2023-08-12T04:41:36.960+0000] {dagbag.py:541} INFO - Filling up the DagBag from /home/airflow/.local/lib/python3.10/site-packages/airflow/example_dags/example_params_trigger_ui.py
[2023-08-12T04:41:36.970+0000] {processor.py:836} INFO - DAG(s) dict_keys(['example_params_trigger_ui']) retrieved from /home/airflow/.local/lib/python3.10/site-packages/airflow/example_dags/example_params_trigger_ui.py
[2023-08-12T04:41:37.009+0000] {logging_mixin.py:149} INFO - [2023-08-12T04:41:37.009+0000] {dag.py:2726} INFO - Sync 1 DAGs
[2023-08-12T04:41:37.019+0000] {logging_mixin.py:149} INFO - [2023-08-12T04:41:37.019+0000] {dag.py:3486} INFO - Setting next_dagrun for example_params_trigger_ui to None, run_after=None
[2023-08-12T04:41:37.026+0000] {processor.py:179} INFO - Processing /home/airflow/.local/lib/python3.10/site-packages/airflow/example_dags/example_params_trigger_ui.py took 0.067 seconds
[2023-08-12T04:42:07.417+0000] {processor.py:157} INFO - Started process (PID=1655) to work on /home/airflow/.local/lib/python3.10/site-packages/airflow/example_dags/example_params_trigger_ui.py
[2023-08-12T04:42:07.417+0000] {processor.py:826} INFO - Processing file /home/airflow/.local/lib/python3.10/site-packages/airflow/example_dags/example_params_trigger_ui.py for tasks to queue
[2023-08-12T04:42:07.417+0000] {logging_mixin.py:149} INFO - [2023-08-12T04:42:07.417+0000] {dagbag.py:541} INFO - Filling up the DagBag from /home/airflow/.local/lib/python3.10/site-packages/airflow/example_dags/example_params_trigger_ui.py
[2023-08-12T04:42:07.427+0000] {processor.py:836} INFO - DAG(s) dict_keys(['example_params_trigger_ui']) retrieved from /home/airflow/.local/lib/python3.10/site-packages/airflow/example_dags/example_params_trigger_ui.py
[2023-08-12T04:42:07.467+0000] {logging_mixin.py:149} INFO - [2023-08-12T04:42:07.467+0000] {dag.py:2726} INFO - Sync 1 DAGs
[2023-08-12T04:42:07.477+0000] {logging_mixin.py:149} INFO - [2023-08-12T04:42:07.477+0000] {dag.py:3486} INFO - Setting next_dagrun for example_params_trigger_ui to None, run_after=None
[2023-08-12T04:42:07.485+0000] {processor.py:179} INFO - Processing /home/airflow/.local/lib/python3.10/site-packages/airflow/example_dags/example_params_trigger_ui.py took 0.070 seconds
[2023-08-12T04:42:37.945+0000] {processor.py:157} INFO - Started process (PID=1730) to work on /home/airflow/.local/lib/python3.10/site-packages/airflow/example_dags/example_params_trigger_ui.py
[2023-08-12T04:42:37.945+0000] {processor.py:826} INFO - Processing file /home/airflow/.local/lib/python3.10/site-packages/airflow/example_dags/example_params_trigger_ui.py for tasks to queue
[2023-08-12T04:42:37.945+0000] {logging_mixin.py:149} INFO - [2023-08-12T04:42:37.945+0000] {dagbag.py:541} INFO - Filling up the DagBag from /home/airflow/.local/lib/python3.10/site-packages/airflow/example_dags/example_params_trigger_ui.py
[2023-08-12T04:42:37.955+0000] {processor.py:836} INFO - DAG(s) dict_keys(['example_params_trigger_ui']) retrieved from /home/airflow/.local/lib/python3.10/site-packages/airflow/example_dags/example_params_trigger_ui.py
[2023-08-12T04:42:37.994+0000] {logging_mixin.py:149} INFO - [2023-08-12T04:42:37.994+0000] {dag.py:2726} INFO - Sync 1 DAGs
[2023-08-12T04:42:38.004+0000] {logging_mixin.py:149} INFO - [2023-08-12T04:42:38.004+0000] {dag.py:3486} INFO - Setting next_dagrun for example_params_trigger_ui to None, run_after=None
[2023-08-12T04:42:38.011+0000] {processor.py:179} INFO - Processing /home/airflow/.local/lib/python3.10/site-packages/airflow/example_dags/example_params_trigger_ui.py took 0.067 seconds
[2023-08-12T04:43:08.382+0000] {processor.py:157} INFO - Started process (PID=1808) to work on /home/airflow/.local/lib/python3.10/site-packages/airflow/example_dags/example_params_trigger_ui.py
[2023-08-12T04:43:08.382+0000] {processor.py:826} INFO - Processing file /home/airflow/.local/lib/python3.10/site-packages/airflow/example_dags/example_params_trigger_ui.py for tasks to queue
[2023-08-12T04:43:08.383+0000] {logging_mixin.py:149} INFO - [2023-08-12T04:43:08.383+0000] {dagbag.py:541} INFO - Filling up the DagBag from /home/airflow/.local/lib/python3.10/site-packages/airflow/example_dags/example_params_trigger_ui.py
[2023-08-12T04:43:08.392+0000] {processor.py:836} INFO - DAG(s) dict_keys(['example_params_trigger_ui']) retrieved from /home/airflow/.local/lib/python3.10/site-packages/airflow/example_dags/example_params_trigger_ui.py
[2023-08-12T04:43:08.434+0000] {logging_mixin.py:149} INFO - [2023-08-12T04:43:08.434+0000] {dag.py:2726} INFO - Sync 1 DAGs
[2023-08-12T04:43:08.444+0000] {logging_mixin.py:149} INFO - [2023-08-12T04:43:08.444+0000] {dag.py:3486} INFO - Setting next_dagrun for example_params_trigger_ui to None, run_after=None
[2023-08-12T04:43:08.452+0000] {processor.py:179} INFO - Processing /home/airflow/.local/lib/python3.10/site-packages/airflow/example_dags/example_params_trigger_ui.py took 0.071 seconds
[2023-08-12T04:43:38.732+0000] {processor.py:157} INFO - Started process (PID=1884) to work on /home/airflow/.local/lib/python3.10/site-packages/airflow/example_dags/example_params_trigger_ui.py
[2023-08-12T04:43:38.732+0000] {processor.py:826} INFO - Processing file /home/airflow/.local/lib/python3.10/site-packages/airflow/example_dags/example_params_trigger_ui.py for tasks to queue
[2023-08-12T04:43:38.732+0000] {logging_mixin.py:149} INFO - [2023-08-12T04:43:38.732+0000] {dagbag.py:541} INFO - Filling up the DagBag from /home/airflow/.local/lib/python3.10/site-packages/airflow/example_dags/example_params_trigger_ui.py
[2023-08-12T04:43:38.742+0000] {processor.py:836} INFO - DAG(s) dict_keys(['example_params_trigger_ui']) retrieved from /home/airflow/.local/lib/python3.10/site-packages/airflow/example_dags/example_params_trigger_ui.py
[2023-08-12T04:43:38.782+0000] {logging_mixin.py:149} INFO - [2023-08-12T04:43:38.782+0000] {dag.py:2726} INFO - Sync 1 DAGs
[2023-08-12T04:43:38.792+0000] {logging_mixin.py:149} INFO - [2023-08-12T04:43:38.792+0000] {dag.py:3486} INFO - Setting next_dagrun for example_params_trigger_ui to None, run_after=None
[2023-08-12T04:43:38.799+0000] {processor.py:179} INFO - Processing /home/airflow/.local/lib/python3.10/site-packages/airflow/example_dags/example_params_trigger_ui.py took 0.069 seconds
[2023-08-12T04:44:09.094+0000] {processor.py:157} INFO - Started process (PID=1961) to work on /home/airflow/.local/lib/python3.10/site-packages/airflow/example_dags/example_params_trigger_ui.py
[2023-08-12T04:44:09.095+0000] {processor.py:826} INFO - Processing file /home/airflow/.local/lib/python3.10/site-packages/airflow/example_dags/example_params_trigger_ui.py for tasks to queue
[2023-08-12T04:44:09.095+0000] {logging_mixin.py:149} INFO - [2023-08-12T04:44:09.095+0000] {dagbag.py:541} INFO - Filling up the DagBag from /home/airflow/.local/lib/python3.10/site-packages/airflow/example_dags/example_params_trigger_ui.py
[2023-08-12T04:44:09.105+0000] {processor.py:836} INFO - DAG(s) dict_keys(['example_params_trigger_ui']) retrieved from /home/airflow/.local/lib/python3.10/site-packages/airflow/example_dags/example_params_trigger_ui.py
[2023-08-12T04:44:09.145+0000] {logging_mixin.py:149} INFO - [2023-08-12T04:44:09.145+0000] {dag.py:2726} INFO - Sync 1 DAGs
[2023-08-12T04:44:09.155+0000] {logging_mixin.py:149} INFO - [2023-08-12T04:44:09.155+0000] {dag.py:3486} INFO - Setting next_dagrun for example_params_trigger_ui to None, run_after=None
[2023-08-12T04:44:09.163+0000] {processor.py:179} INFO - Processing /home/airflow/.local/lib/python3.10/site-packages/airflow/example_dags/example_params_trigger_ui.py took 0.070 seconds
[2023-08-12T04:44:39.456+0000] {processor.py:157} INFO - Started process (PID=2037) to work on /home/airflow/.local/lib/python3.10/site-packages/airflow/example_dags/example_params_trigger_ui.py
[2023-08-12T04:44:39.456+0000] {processor.py:826} INFO - Processing file /home/airflow/.local/lib/python3.10/site-packages/airflow/example_dags/example_params_trigger_ui.py for tasks to queue
[2023-08-12T04:44:39.456+0000] {logging_mixin.py:149} INFO - [2023-08-12T04:44:39.456+0000] {dagbag.py:541} INFO - Filling up the DagBag from /home/airflow/.local/lib/python3.10/site-packages/airflow/example_dags/example_params_trigger_ui.py
[2023-08-12T04:44:39.466+0000] {processor.py:836} INFO - DAG(s) dict_keys(['example_params_trigger_ui']) retrieved from /home/airflow/.local/lib/python3.10/site-packages/airflow/example_dags/example_params_trigger_ui.py
[2023-08-12T04:44:39.505+0000] {logging_mixin.py:149} INFO - [2023-08-12T04:44:39.505+0000] {dag.py:2726} INFO - Sync 1 DAGs
[2023-08-12T04:44:39.515+0000] {logging_mixin.py:149} INFO - [2023-08-12T04:44:39.515+0000] {dag.py:3486} INFO - Setting next_dagrun for example_params_trigger_ui to None, run_after=None
[2023-08-12T04:44:39.523+0000] {processor.py:179} INFO - Processing /home/airflow/.local/lib/python3.10/site-packages/airflow/example_dags/example_params_trigger_ui.py took 0.068 seconds
[2023-08-12T04:45:09.831+0000] {processor.py:157} INFO - Started process (PID=2114) to work on /home/airflow/.local/lib/python3.10/site-packages/airflow/example_dags/example_params_trigger_ui.py
[2023-08-12T04:45:09.832+0000] {processor.py:826} INFO - Processing file /home/airflow/.local/lib/python3.10/site-packages/airflow/example_dags/example_params_trigger_ui.py for tasks to queue
[2023-08-12T04:45:09.832+0000] {logging_mixin.py:149} INFO - [2023-08-12T04:45:09.832+0000] {dagbag.py:541} INFO - Filling up the DagBag from /home/airflow/.local/lib/python3.10/site-packages/airflow/example_dags/example_params_trigger_ui.py
[2023-08-12T04:45:09.841+0000] {processor.py:836} INFO - DAG(s) dict_keys(['example_params_trigger_ui']) retrieved from /home/airflow/.local/lib/python3.10/site-packages/airflow/example_dags/example_params_trigger_ui.py
[2023-08-12T04:45:09.881+0000] {logging_mixin.py:149} INFO - [2023-08-12T04:45:09.881+0000] {dag.py:2726} INFO - Sync 1 DAGs
[2023-08-12T04:45:09.892+0000] {logging_mixin.py:149} INFO - [2023-08-12T04:45:09.892+0000] {dag.py:3486} INFO - Setting next_dagrun for example_params_trigger_ui to None, run_after=None
[2023-08-12T04:45:09.900+0000] {processor.py:179} INFO - Processing /home/airflow/.local/lib/python3.10/site-packages/airflow/example_dags/example_params_trigger_ui.py took 0.070 seconds
[2023-08-12T04:45:40.192+0000] {processor.py:157} INFO - Started process (PID=2191) to work on /home/airflow/.local/lib/python3.10/site-packages/airflow/example_dags/example_params_trigger_ui.py
[2023-08-12T04:45:40.193+0000] {processor.py:826} INFO - Processing file /home/airflow/.local/lib/python3.10/site-packages/airflow/example_dags/example_params_trigger_ui.py for tasks to queue
[2023-08-12T04:45:40.193+0000] {logging_mixin.py:149} INFO - [2023-08-12T04:45:40.193+0000] {dagbag.py:541} INFO - Filling up the DagBag from /home/airflow/.local/lib/python3.10/site-packages/airflow/example_dags/example_params_trigger_ui.py
[2023-08-12T04:45:40.202+0000] {processor.py:836} INFO - DAG(s) dict_keys(['example_params_trigger_ui']) retrieved from /home/airflow/.local/lib/python3.10/site-packages/airflow/example_dags/example_params_trigger_ui.py
[2023-08-12T04:45:40.242+0000] {logging_mixin.py:149} INFO - [2023-08-12T04:45:40.242+0000] {dag.py:2726} INFO - Sync 1 DAGs
[2023-08-12T04:45:40.252+0000] {logging_mixin.py:149} INFO - [2023-08-12T04:45:40.252+0000] {dag.py:3486} INFO - Setting next_dagrun for example_params_trigger_ui to None, run_after=None
[2023-08-12T04:45:40.261+0000] {processor.py:179} INFO - Processing /home/airflow/.local/lib/python3.10/site-packages/airflow/example_dags/example_params_trigger_ui.py took 0.070 seconds
[2023-08-12T04:46:10.601+0000] {processor.py:157} INFO - Started process (PID=2267) to work on /home/airflow/.local/lib/python3.10/site-packages/airflow/example_dags/example_params_trigger_ui.py
[2023-08-12T04:46:10.602+0000] {processor.py:826} INFO - Processing file /home/airflow/.local/lib/python3.10/site-packages/airflow/example_dags/example_params_trigger_ui.py for tasks to queue
[2023-08-12T04:46:10.602+0000] {logging_mixin.py:149} INFO - [2023-08-12T04:46:10.602+0000] {dagbag.py:541} INFO - Filling up the DagBag from /home/airflow/.local/lib/python3.10/site-packages/airflow/example_dags/example_params_trigger_ui.py
[2023-08-12T04:46:10.611+0000] {processor.py:836} INFO - DAG(s) dict_keys(['example_params_trigger_ui']) retrieved from /home/airflow/.local/lib/python3.10/site-packages/airflow/example_dags/example_params_trigger_ui.py
[2023-08-12T04:46:10.652+0000] {logging_mixin.py:149} INFO - [2023-08-12T04:46:10.652+0000] {dag.py:2726} INFO - Sync 1 DAGs
[2023-08-12T04:46:10.661+0000] {logging_mixin.py:149} INFO - [2023-08-12T04:46:10.661+0000] {dag.py:3486} INFO - Setting next_dagrun for example_params_trigger_ui to None, run_after=None
[2023-08-12T04:46:10.669+0000] {processor.py:179} INFO - Processing /home/airflow/.local/lib/python3.10/site-packages/airflow/example_dags/example_params_trigger_ui.py took 0.069 seconds
[2023-08-12T04:46:41.105+0000] {processor.py:157} INFO - Started process (PID=2344) to work on /home/airflow/.local/lib/python3.10/site-packages/airflow/example_dags/example_params_trigger_ui.py
[2023-08-12T04:46:41.105+0000] {processor.py:826} INFO - Processing file /home/airflow/.local/lib/python3.10/site-packages/airflow/example_dags/example_params_trigger_ui.py for tasks to queue
[2023-08-12T04:46:41.106+0000] {logging_mixin.py:149} INFO - [2023-08-12T04:46:41.106+0000] {dagbag.py:541} INFO - Filling up the DagBag from /home/airflow/.local/lib/python3.10/site-packages/airflow/example_dags/example_params_trigger_ui.py
[2023-08-12T04:46:41.115+0000] {processor.py:836} INFO - DAG(s) dict_keys(['example_params_trigger_ui']) retrieved from /home/airflow/.local/lib/python3.10/site-packages/airflow/example_dags/example_params_trigger_ui.py
[2023-08-12T04:46:41.155+0000] {logging_mixin.py:149} INFO - [2023-08-12T04:46:41.155+0000] {dag.py:2726} INFO - Sync 1 DAGs
[2023-08-12T04:46:41.165+0000] {logging_mixin.py:149} INFO - [2023-08-12T04:46:41.165+0000] {dag.py:3486} INFO - Setting next_dagrun for example_params_trigger_ui to None, run_after=None
[2023-08-12T04:46:41.173+0000] {processor.py:179} INFO - Processing /home/airflow/.local/lib/python3.10/site-packages/airflow/example_dags/example_params_trigger_ui.py took 0.069 seconds
[2023-08-12T04:47:35.241+0000] {processor.py:157} INFO - Started process (PID=39) to work on /home/airflow/.local/lib/python3.10/site-packages/airflow/example_dags/example_params_trigger_ui.py
[2023-08-12T04:47:35.242+0000] {processor.py:826} INFO - Processing file /home/airflow/.local/lib/python3.10/site-packages/airflow/example_dags/example_params_trigger_ui.py for tasks to queue
[2023-08-12T04:47:35.242+0000] {logging_mixin.py:149} INFO - [2023-08-12T04:47:35.242+0000] {dagbag.py:541} INFO - Filling up the DagBag from /home/airflow/.local/lib/python3.10/site-packages/airflow/example_dags/example_params_trigger_ui.py
[2023-08-12T04:47:35.253+0000] {processor.py:836} INFO - DAG(s) dict_keys(['example_params_trigger_ui']) retrieved from /home/airflow/.local/lib/python3.10/site-packages/airflow/example_dags/example_params_trigger_ui.py
[2023-08-12T04:47:35.257+0000] {logging_mixin.py:149} INFO - [2023-08-12T04:47:35.257+0000] {dag.py:2726} INFO - Sync 1 DAGs
[2023-08-12T04:47:35.268+0000] {logging_mixin.py:149} INFO - [2023-08-12T04:47:35.268+0000] {dag.py:3486} INFO - Setting next_dagrun for example_params_trigger_ui to None, run_after=None
[2023-08-12T04:47:35.275+0000] {processor.py:179} INFO - Processing /home/airflow/.local/lib/python3.10/site-packages/airflow/example_dags/example_params_trigger_ui.py took 0.035 seconds
[2023-08-12T04:48:05.344+0000] {processor.py:157} INFO - Started process (PID=115) to work on /home/airflow/.local/lib/python3.10/site-packages/airflow/example_dags/example_params_trigger_ui.py
[2023-08-12T04:48:05.345+0000] {processor.py:826} INFO - Processing file /home/airflow/.local/lib/python3.10/site-packages/airflow/example_dags/example_params_trigger_ui.py for tasks to queue
[2023-08-12T04:48:05.345+0000] {logging_mixin.py:149} INFO - [2023-08-12T04:48:05.345+0000] {dagbag.py:541} INFO - Filling up the DagBag from /home/airflow/.local/lib/python3.10/site-packages/airflow/example_dags/example_params_trigger_ui.py
[2023-08-12T04:48:05.355+0000] {processor.py:836} INFO - DAG(s) dict_keys(['example_params_trigger_ui']) retrieved from /home/airflow/.local/lib/python3.10/site-packages/airflow/example_dags/example_params_trigger_ui.py
[2023-08-12T04:48:05.395+0000] {logging_mixin.py:149} INFO - [2023-08-12T04:48:05.395+0000] {dag.py:2726} INFO - Sync 1 DAGs
[2023-08-12T04:48:05.405+0000] {logging_mixin.py:149} INFO - [2023-08-12T04:48:05.405+0000] {dag.py:3486} INFO - Setting next_dagrun for example_params_trigger_ui to None, run_after=None
[2023-08-12T04:48:05.413+0000] {processor.py:179} INFO - Processing /home/airflow/.local/lib/python3.10/site-packages/airflow/example_dags/example_params_trigger_ui.py took 0.069 seconds
[2023-08-12T04:48:35.765+0000] {processor.py:157} INFO - Started process (PID=192) to work on /home/airflow/.local/lib/python3.10/site-packages/airflow/example_dags/example_params_trigger_ui.py
[2023-08-12T04:48:35.766+0000] {processor.py:826} INFO - Processing file /home/airflow/.local/lib/python3.10/site-packages/airflow/example_dags/example_params_trigger_ui.py for tasks to queue
[2023-08-12T04:48:35.766+0000] {logging_mixin.py:149} INFO - [2023-08-12T04:48:35.766+0000] {dagbag.py:541} INFO - Filling up the DagBag from /home/airflow/.local/lib/python3.10/site-packages/airflow/example_dags/example_params_trigger_ui.py
[2023-08-12T04:48:35.775+0000] {processor.py:836} INFO - DAG(s) dict_keys(['example_params_trigger_ui']) retrieved from /home/airflow/.local/lib/python3.10/site-packages/airflow/example_dags/example_params_trigger_ui.py
[2023-08-12T04:48:35.816+0000] {logging_mixin.py:149} INFO - [2023-08-12T04:48:35.816+0000] {dag.py:2726} INFO - Sync 1 DAGs
[2023-08-12T04:48:35.826+0000] {logging_mixin.py:149} INFO - [2023-08-12T04:48:35.826+0000] {dag.py:3486} INFO - Setting next_dagrun for example_params_trigger_ui to None, run_after=None
[2023-08-12T04:48:35.833+0000] {processor.py:179} INFO - Processing /home/airflow/.local/lib/python3.10/site-packages/airflow/example_dags/example_params_trigger_ui.py took 0.069 seconds
[2023-08-12T04:49:06.190+0000] {processor.py:157} INFO - Started process (PID=270) to work on /home/airflow/.local/lib/python3.10/site-packages/airflow/example_dags/example_params_trigger_ui.py
[2023-08-12T04:49:06.191+0000] {processor.py:826} INFO - Processing file /home/airflow/.local/lib/python3.10/site-packages/airflow/example_dags/example_params_trigger_ui.py for tasks to queue
[2023-08-12T04:49:06.191+0000] {logging_mixin.py:149} INFO - [2023-08-12T04:49:06.191+0000] {dagbag.py:541} INFO - Filling up the DagBag from /home/airflow/.local/lib/python3.10/site-packages/airflow/example_dags/example_params_trigger_ui.py
[2023-08-12T04:49:06.201+0000] {processor.py:836} INFO - DAG(s) dict_keys(['example_params_trigger_ui']) retrieved from /home/airflow/.local/lib/python3.10/site-packages/airflow/example_dags/example_params_trigger_ui.py
[2023-08-12T04:49:06.240+0000] {logging_mixin.py:149} INFO - [2023-08-12T04:49:06.240+0000] {dag.py:2726} INFO - Sync 1 DAGs
[2023-08-12T04:49:06.250+0000] {logging_mixin.py:149} INFO - [2023-08-12T04:49:06.250+0000] {dag.py:3486} INFO - Setting next_dagrun for example_params_trigger_ui to None, run_after=None
[2023-08-12T04:49:06.258+0000] {processor.py:179} INFO - Processing /home/airflow/.local/lib/python3.10/site-packages/airflow/example_dags/example_params_trigger_ui.py took 0.069 seconds
[2023-08-12T04:49:36.401+0000] {processor.py:157} INFO - Started process (PID=349) to work on /home/airflow/.local/lib/python3.10/site-packages/airflow/example_dags/example_params_trigger_ui.py
[2023-08-12T04:49:36.401+0000] {processor.py:826} INFO - Processing file /home/airflow/.local/lib/python3.10/site-packages/airflow/example_dags/example_params_trigger_ui.py for tasks to queue
[2023-08-12T04:49:36.402+0000] {logging_mixin.py:149} INFO - [2023-08-12T04:49:36.402+0000] {dagbag.py:541} INFO - Filling up the DagBag from /home/airflow/.local/lib/python3.10/site-packages/airflow/example_dags/example_params_trigger_ui.py
[2023-08-12T04:49:36.412+0000] {processor.py:836} INFO - DAG(s) dict_keys(['example_params_trigger_ui']) retrieved from /home/airflow/.local/lib/python3.10/site-packages/airflow/example_dags/example_params_trigger_ui.py
[2023-08-12T04:49:36.452+0000] {logging_mixin.py:149} INFO - [2023-08-12T04:49:36.452+0000] {dag.py:2726} INFO - Sync 1 DAGs
[2023-08-12T04:49:36.463+0000] {logging_mixin.py:149} INFO - [2023-08-12T04:49:36.462+0000] {dag.py:3486} INFO - Setting next_dagrun for example_params_trigger_ui to None, run_after=None
[2023-08-12T04:49:36.470+0000] {processor.py:179} INFO - Processing /home/airflow/.local/lib/python3.10/site-packages/airflow/example_dags/example_params_trigger_ui.py took 0.070 seconds
[2023-08-12T04:50:06.733+0000] {processor.py:157} INFO - Started process (PID=425) to work on /home/airflow/.local/lib/python3.10/site-packages/airflow/example_dags/example_params_trigger_ui.py
[2023-08-12T04:50:06.733+0000] {processor.py:826} INFO - Processing file /home/airflow/.local/lib/python3.10/site-packages/airflow/example_dags/example_params_trigger_ui.py for tasks to queue
[2023-08-12T04:50:06.733+0000] {logging_mixin.py:149} INFO - [2023-08-12T04:50:06.733+0000] {dagbag.py:541} INFO - Filling up the DagBag from /home/airflow/.local/lib/python3.10/site-packages/airflow/example_dags/example_params_trigger_ui.py
[2023-08-12T04:50:06.743+0000] {processor.py:836} INFO - DAG(s) dict_keys(['example_params_trigger_ui']) retrieved from /home/airflow/.local/lib/python3.10/site-packages/airflow/example_dags/example_params_trigger_ui.py
[2023-08-12T04:50:06.784+0000] {logging_mixin.py:149} INFO - [2023-08-12T04:50:06.784+0000] {dag.py:2726} INFO - Sync 1 DAGs
[2023-08-12T04:50:06.794+0000] {logging_mixin.py:149} INFO - [2023-08-12T04:50:06.794+0000] {dag.py:3486} INFO - Setting next_dagrun for example_params_trigger_ui to None, run_after=None
[2023-08-12T04:50:06.802+0000] {processor.py:179} INFO - Processing /home/airflow/.local/lib/python3.10/site-packages/airflow/example_dags/example_params_trigger_ui.py took 0.071 seconds
[2023-08-12T04:50:37.141+0000] {processor.py:157} INFO - Started process (PID=501) to work on /home/airflow/.local/lib/python3.10/site-packages/airflow/example_dags/example_params_trigger_ui.py
[2023-08-12T04:50:37.141+0000] {processor.py:826} INFO - Processing file /home/airflow/.local/lib/python3.10/site-packages/airflow/example_dags/example_params_trigger_ui.py for tasks to queue
[2023-08-12T04:50:37.141+0000] {logging_mixin.py:149} INFO - [2023-08-12T04:50:37.141+0000] {dagbag.py:541} INFO - Filling up the DagBag from /home/airflow/.local/lib/python3.10/site-packages/airflow/example_dags/example_params_trigger_ui.py
[2023-08-12T04:50:37.151+0000] {processor.py:836} INFO - DAG(s) dict_keys(['example_params_trigger_ui']) retrieved from /home/airflow/.local/lib/python3.10/site-packages/airflow/example_dags/example_params_trigger_ui.py
[2023-08-12T04:50:37.191+0000] {logging_mixin.py:149} INFO - [2023-08-12T04:50:37.191+0000] {dag.py:2726} INFO - Sync 1 DAGs
[2023-08-12T04:50:37.201+0000] {logging_mixin.py:149} INFO - [2023-08-12T04:50:37.201+0000] {dag.py:3486} INFO - Setting next_dagrun for example_params_trigger_ui to None, run_after=None
[2023-08-12T04:50:37.209+0000] {processor.py:179} INFO - Processing /home/airflow/.local/lib/python3.10/site-packages/airflow/example_dags/example_params_trigger_ui.py took 0.069 seconds
[2023-08-12T04:51:07.566+0000] {processor.py:157} INFO - Started process (PID=578) to work on /home/airflow/.local/lib/python3.10/site-packages/airflow/example_dags/example_params_trigger_ui.py
[2023-08-12T04:51:07.567+0000] {processor.py:826} INFO - Processing file /home/airflow/.local/lib/python3.10/site-packages/airflow/example_dags/example_params_trigger_ui.py for tasks to queue
[2023-08-12T04:51:07.567+0000] {logging_mixin.py:149} INFO - [2023-08-12T04:51:07.567+0000] {dagbag.py:541} INFO - Filling up the DagBag from /home/airflow/.local/lib/python3.10/site-packages/airflow/example_dags/example_params_trigger_ui.py
[2023-08-12T04:51:07.576+0000] {processor.py:836} INFO - DAG(s) dict_keys(['example_params_trigger_ui']) retrieved from /home/airflow/.local/lib/python3.10/site-packages/airflow/example_dags/example_params_trigger_ui.py
[2023-08-12T04:51:07.617+0000] {logging_mixin.py:149} INFO - [2023-08-12T04:51:07.617+0000] {dag.py:2726} INFO - Sync 1 DAGs
[2023-08-12T04:51:07.627+0000] {logging_mixin.py:149} INFO - [2023-08-12T04:51:07.627+0000] {dag.py:3486} INFO - Setting next_dagrun for example_params_trigger_ui to None, run_after=None
[2023-08-12T04:51:07.635+0000] {processor.py:179} INFO - Processing /home/airflow/.local/lib/python3.10/site-packages/airflow/example_dags/example_params_trigger_ui.py took 0.070 seconds
[2023-08-12T04:51:37.998+0000] {processor.py:157} INFO - Started process (PID=655) to work on /home/airflow/.local/lib/python3.10/site-packages/airflow/example_dags/example_params_trigger_ui.py
[2023-08-12T04:51:37.998+0000] {processor.py:826} INFO - Processing file /home/airflow/.local/lib/python3.10/site-packages/airflow/example_dags/example_params_trigger_ui.py for tasks to queue
[2023-08-12T04:51:37.998+0000] {logging_mixin.py:149} INFO - [2023-08-12T04:51:37.998+0000] {dagbag.py:541} INFO - Filling up the DagBag from /home/airflow/.local/lib/python3.10/site-packages/airflow/example_dags/example_params_trigger_ui.py
[2023-08-12T04:51:38.008+0000] {processor.py:836} INFO - DAG(s) dict_keys(['example_params_trigger_ui']) retrieved from /home/airflow/.local/lib/python3.10/site-packages/airflow/example_dags/example_params_trigger_ui.py
[2023-08-12T04:51:38.048+0000] {logging_mixin.py:149} INFO - [2023-08-12T04:51:38.048+0000] {dag.py:2726} INFO - Sync 1 DAGs
[2023-08-12T04:51:38.058+0000] {logging_mixin.py:149} INFO - [2023-08-12T04:51:38.058+0000] {dag.py:3486} INFO - Setting next_dagrun for example_params_trigger_ui to None, run_after=None
[2023-08-12T04:51:38.065+0000] {processor.py:179} INFO - Processing /home/airflow/.local/lib/python3.10/site-packages/airflow/example_dags/example_params_trigger_ui.py took 0.068 seconds
[2023-08-12T04:52:08.443+0000] {processor.py:157} INFO - Started process (PID=733) to work on /home/airflow/.local/lib/python3.10/site-packages/airflow/example_dags/example_params_trigger_ui.py
[2023-08-12T04:52:08.443+0000] {processor.py:826} INFO - Processing file /home/airflow/.local/lib/python3.10/site-packages/airflow/example_dags/example_params_trigger_ui.py for tasks to queue
[2023-08-12T04:52:08.444+0000] {logging_mixin.py:149} INFO - [2023-08-12T04:52:08.444+0000] {dagbag.py:541} INFO - Filling up the DagBag from /home/airflow/.local/lib/python3.10/site-packages/airflow/example_dags/example_params_trigger_ui.py
[2023-08-12T04:52:08.453+0000] {processor.py:836} INFO - DAG(s) dict_keys(['example_params_trigger_ui']) retrieved from /home/airflow/.local/lib/python3.10/site-packages/airflow/example_dags/example_params_trigger_ui.py
[2023-08-12T04:52:08.493+0000] {logging_mixin.py:149} INFO - [2023-08-12T04:52:08.493+0000] {dag.py:2726} INFO - Sync 1 DAGs
[2023-08-12T04:52:08.502+0000] {logging_mixin.py:149} INFO - [2023-08-12T04:52:08.502+0000] {dag.py:3486} INFO - Setting next_dagrun for example_params_trigger_ui to None, run_after=None
[2023-08-12T04:52:08.511+0000] {processor.py:179} INFO - Processing /home/airflow/.local/lib/python3.10/site-packages/airflow/example_dags/example_params_trigger_ui.py took 0.069 seconds
[2023-08-12T04:52:38.863+0000] {processor.py:157} INFO - Started process (PID=810) to work on /home/airflow/.local/lib/python3.10/site-packages/airflow/example_dags/example_params_trigger_ui.py
[2023-08-12T04:52:38.864+0000] {processor.py:826} INFO - Processing file /home/airflow/.local/lib/python3.10/site-packages/airflow/example_dags/example_params_trigger_ui.py for tasks to queue
[2023-08-12T04:52:38.864+0000] {logging_mixin.py:149} INFO - [2023-08-12T04:52:38.864+0000] {dagbag.py:541} INFO - Filling up the DagBag from /home/airflow/.local/lib/python3.10/site-packages/airflow/example_dags/example_params_trigger_ui.py
[2023-08-12T04:52:38.874+0000] {processor.py:836} INFO - DAG(s) dict_keys(['example_params_trigger_ui']) retrieved from /home/airflow/.local/lib/python3.10/site-packages/airflow/example_dags/example_params_trigger_ui.py
[2023-08-12T04:52:38.914+0000] {logging_mixin.py:149} INFO - [2023-08-12T04:52:38.914+0000] {dag.py:2726} INFO - Sync 1 DAGs
[2023-08-12T04:52:38.924+0000] {logging_mixin.py:149} INFO - [2023-08-12T04:52:38.924+0000] {dag.py:3486} INFO - Setting next_dagrun for example_params_trigger_ui to None, run_after=None
[2023-08-12T04:52:38.932+0000] {processor.py:179} INFO - Processing /home/airflow/.local/lib/python3.10/site-packages/airflow/example_dags/example_params_trigger_ui.py took 0.070 seconds
[2023-08-12T04:53:25.351+0000] {processor.py:157} INFO - Started process (PID=39) to work on /home/airflow/.local/lib/python3.10/site-packages/airflow/example_dags/example_params_trigger_ui.py
[2023-08-12T04:53:25.351+0000] {processor.py:826} INFO - Processing file /home/airflow/.local/lib/python3.10/site-packages/airflow/example_dags/example_params_trigger_ui.py for tasks to queue
[2023-08-12T04:53:25.351+0000] {logging_mixin.py:149} INFO - [2023-08-12T04:53:25.351+0000] {dagbag.py:541} INFO - Filling up the DagBag from /home/airflow/.local/lib/python3.10/site-packages/airflow/example_dags/example_params_trigger_ui.py
[2023-08-12T04:53:25.363+0000] {processor.py:836} INFO - DAG(s) dict_keys(['example_params_trigger_ui']) retrieved from /home/airflow/.local/lib/python3.10/site-packages/airflow/example_dags/example_params_trigger_ui.py
[2023-08-12T04:53:25.369+0000] {logging_mixin.py:149} INFO - [2023-08-12T04:53:25.369+0000] {dag.py:2726} INFO - Sync 1 DAGs
[2023-08-12T04:53:25.379+0000] {logging_mixin.py:149} INFO - [2023-08-12T04:53:25.379+0000] {dag.py:3486} INFO - Setting next_dagrun for example_params_trigger_ui to None, run_after=None
[2023-08-12T04:53:25.386+0000] {processor.py:179} INFO - Processing /home/airflow/.local/lib/python3.10/site-packages/airflow/example_dags/example_params_trigger_ui.py took 0.037 seconds
[2023-08-12T04:53:55.453+0000] {processor.py:157} INFO - Started process (PID=116) to work on /home/airflow/.local/lib/python3.10/site-packages/airflow/example_dags/example_params_trigger_ui.py
[2023-08-12T04:53:55.453+0000] {processor.py:826} INFO - Processing file /home/airflow/.local/lib/python3.10/site-packages/airflow/example_dags/example_params_trigger_ui.py for tasks to queue
[2023-08-12T04:53:55.453+0000] {logging_mixin.py:149} INFO - [2023-08-12T04:53:55.453+0000] {dagbag.py:541} INFO - Filling up the DagBag from /home/airflow/.local/lib/python3.10/site-packages/airflow/example_dags/example_params_trigger_ui.py
[2023-08-12T04:53:55.463+0000] {processor.py:836} INFO - DAG(s) dict_keys(['example_params_trigger_ui']) retrieved from /home/airflow/.local/lib/python3.10/site-packages/airflow/example_dags/example_params_trigger_ui.py
[2023-08-12T04:53:55.503+0000] {logging_mixin.py:149} INFO - [2023-08-12T04:53:55.503+0000] {dag.py:2726} INFO - Sync 1 DAGs
[2023-08-12T04:53:55.513+0000] {logging_mixin.py:149} INFO - [2023-08-12T04:53:55.513+0000] {dag.py:3486} INFO - Setting next_dagrun for example_params_trigger_ui to None, run_after=None
[2023-08-12T04:53:55.521+0000] {processor.py:179} INFO - Processing /home/airflow/.local/lib/python3.10/site-packages/airflow/example_dags/example_params_trigger_ui.py took 0.069 seconds
[2023-08-12T04:54:25.890+0000] {processor.py:157} INFO - Started process (PID=193) to work on /home/airflow/.local/lib/python3.10/site-packages/airflow/example_dags/example_params_trigger_ui.py
[2023-08-12T04:54:25.890+0000] {processor.py:826} INFO - Processing file /home/airflow/.local/lib/python3.10/site-packages/airflow/example_dags/example_params_trigger_ui.py for tasks to queue
[2023-08-12T04:54:25.890+0000] {logging_mixin.py:149} INFO - [2023-08-12T04:54:25.890+0000] {dagbag.py:541} INFO - Filling up the DagBag from /home/airflow/.local/lib/python3.10/site-packages/airflow/example_dags/example_params_trigger_ui.py
[2023-08-12T04:54:25.900+0000] {processor.py:836} INFO - DAG(s) dict_keys(['example_params_trigger_ui']) retrieved from /home/airflow/.local/lib/python3.10/site-packages/airflow/example_dags/example_params_trigger_ui.py
[2023-08-12T04:54:25.941+0000] {logging_mixin.py:149} INFO - [2023-08-12T04:54:25.941+0000] {dag.py:2726} INFO - Sync 1 DAGs
[2023-08-12T04:54:25.951+0000] {logging_mixin.py:149} INFO - [2023-08-12T04:54:25.951+0000] {dag.py:3486} INFO - Setting next_dagrun for example_params_trigger_ui to None, run_after=None
[2023-08-12T04:54:25.958+0000] {processor.py:179} INFO - Processing /home/airflow/.local/lib/python3.10/site-packages/airflow/example_dags/example_params_trigger_ui.py took 0.069 seconds
[2023-08-12T04:54:56.331+0000] {processor.py:157} INFO - Started process (PID=271) to work on /home/airflow/.local/lib/python3.10/site-packages/airflow/example_dags/example_params_trigger_ui.py
[2023-08-12T04:54:56.331+0000] {processor.py:826} INFO - Processing file /home/airflow/.local/lib/python3.10/site-packages/airflow/example_dags/example_params_trigger_ui.py for tasks to queue
[2023-08-12T04:54:56.331+0000] {logging_mixin.py:149} INFO - [2023-08-12T04:54:56.331+0000] {dagbag.py:541} INFO - Filling up the DagBag from /home/airflow/.local/lib/python3.10/site-packages/airflow/example_dags/example_params_trigger_ui.py
[2023-08-12T04:54:56.341+0000] {processor.py:836} INFO - DAG(s) dict_keys(['example_params_trigger_ui']) retrieved from /home/airflow/.local/lib/python3.10/site-packages/airflow/example_dags/example_params_trigger_ui.py
[2023-08-12T04:54:56.381+0000] {logging_mixin.py:149} INFO - [2023-08-12T04:54:56.381+0000] {dag.py:2726} INFO - Sync 1 DAGs
[2023-08-12T04:54:56.391+0000] {logging_mixin.py:149} INFO - [2023-08-12T04:54:56.391+0000] {dag.py:3486} INFO - Setting next_dagrun for example_params_trigger_ui to None, run_after=None
[2023-08-12T04:54:56.398+0000] {processor.py:179} INFO - Processing /home/airflow/.local/lib/python3.10/site-packages/airflow/example_dags/example_params_trigger_ui.py took 0.068 seconds
[2023-08-12T04:55:26.736+0000] {processor.py:157} INFO - Started process (PID=348) to work on /home/airflow/.local/lib/python3.10/site-packages/airflow/example_dags/example_params_trigger_ui.py
[2023-08-12T04:55:26.736+0000] {processor.py:826} INFO - Processing file /home/airflow/.local/lib/python3.10/site-packages/airflow/example_dags/example_params_trigger_ui.py for tasks to queue
[2023-08-12T04:55:26.737+0000] {logging_mixin.py:149} INFO - [2023-08-12T04:55:26.737+0000] {dagbag.py:541} INFO - Filling up the DagBag from /home/airflow/.local/lib/python3.10/site-packages/airflow/example_dags/example_params_trigger_ui.py
[2023-08-12T04:55:26.746+0000] {processor.py:836} INFO - DAG(s) dict_keys(['example_params_trigger_ui']) retrieved from /home/airflow/.local/lib/python3.10/site-packages/airflow/example_dags/example_params_trigger_ui.py
[2023-08-12T04:55:26.788+0000] {logging_mixin.py:149} INFO - [2023-08-12T04:55:26.788+0000] {dag.py:2726} INFO - Sync 1 DAGs
[2023-08-12T04:55:26.799+0000] {logging_mixin.py:149} INFO - [2023-08-12T04:55:26.798+0000] {dag.py:3486} INFO - Setting next_dagrun for example_params_trigger_ui to None, run_after=None
[2023-08-12T04:55:26.807+0000] {processor.py:179} INFO - Processing /home/airflow/.local/lib/python3.10/site-packages/airflow/example_dags/example_params_trigger_ui.py took 0.072 seconds
[2023-08-12T04:55:56.918+0000] {processor.py:157} INFO - Started process (PID=425) to work on /home/airflow/.local/lib/python3.10/site-packages/airflow/example_dags/example_params_trigger_ui.py
[2023-08-12T04:55:56.918+0000] {processor.py:826} INFO - Processing file /home/airflow/.local/lib/python3.10/site-packages/airflow/example_dags/example_params_trigger_ui.py for tasks to queue
[2023-08-12T04:55:56.918+0000] {logging_mixin.py:149} INFO - [2023-08-12T04:55:56.918+0000] {dagbag.py:541} INFO - Filling up the DagBag from /home/airflow/.local/lib/python3.10/site-packages/airflow/example_dags/example_params_trigger_ui.py
[2023-08-12T04:55:56.928+0000] {processor.py:836} INFO - DAG(s) dict_keys(['example_params_trigger_ui']) retrieved from /home/airflow/.local/lib/python3.10/site-packages/airflow/example_dags/example_params_trigger_ui.py
[2023-08-12T04:55:56.970+0000] {logging_mixin.py:149} INFO - [2023-08-12T04:55:56.970+0000] {dag.py:2726} INFO - Sync 1 DAGs
[2023-08-12T04:55:56.980+0000] {logging_mixin.py:149} INFO - [2023-08-12T04:55:56.980+0000] {dag.py:3486} INFO - Setting next_dagrun for example_params_trigger_ui to None, run_after=None
[2023-08-12T04:55:56.988+0000] {processor.py:179} INFO - Processing /home/airflow/.local/lib/python3.10/site-packages/airflow/example_dags/example_params_trigger_ui.py took 0.072 seconds
[2023-08-12T04:56:27.305+0000] {processor.py:157} INFO - Started process (PID=502) to work on /home/airflow/.local/lib/python3.10/site-packages/airflow/example_dags/example_params_trigger_ui.py
[2023-08-12T04:56:27.306+0000] {processor.py:826} INFO - Processing file /home/airflow/.local/lib/python3.10/site-packages/airflow/example_dags/example_params_trigger_ui.py for tasks to queue
[2023-08-12T04:56:27.306+0000] {logging_mixin.py:149} INFO - [2023-08-12T04:56:27.306+0000] {dagbag.py:541} INFO - Filling up the DagBag from /home/airflow/.local/lib/python3.10/site-packages/airflow/example_dags/example_params_trigger_ui.py
[2023-08-12T04:56:27.315+0000] {processor.py:836} INFO - DAG(s) dict_keys(['example_params_trigger_ui']) retrieved from /home/airflow/.local/lib/python3.10/site-packages/airflow/example_dags/example_params_trigger_ui.py
[2023-08-12T04:56:27.356+0000] {logging_mixin.py:149} INFO - [2023-08-12T04:56:27.355+0000] {dag.py:2726} INFO - Sync 1 DAGs
[2023-08-12T04:56:27.366+0000] {logging_mixin.py:149} INFO - [2023-08-12T04:56:27.366+0000] {dag.py:3486} INFO - Setting next_dagrun for example_params_trigger_ui to None, run_after=None
[2023-08-12T04:56:27.373+0000] {processor.py:179} INFO - Processing /home/airflow/.local/lib/python3.10/site-packages/airflow/example_dags/example_params_trigger_ui.py took 0.069 seconds
[2023-08-12T04:56:57.695+0000] {processor.py:157} INFO - Started process (PID=578) to work on /home/airflow/.local/lib/python3.10/site-packages/airflow/example_dags/example_params_trigger_ui.py
[2023-08-12T04:56:57.695+0000] {processor.py:826} INFO - Processing file /home/airflow/.local/lib/python3.10/site-packages/airflow/example_dags/example_params_trigger_ui.py for tasks to queue
[2023-08-12T04:56:57.695+0000] {logging_mixin.py:149} INFO - [2023-08-12T04:56:57.695+0000] {dagbag.py:541} INFO - Filling up the DagBag from /home/airflow/.local/lib/python3.10/site-packages/airflow/example_dags/example_params_trigger_ui.py
[2023-08-12T04:56:57.705+0000] {processor.py:836} INFO - DAG(s) dict_keys(['example_params_trigger_ui']) retrieved from /home/airflow/.local/lib/python3.10/site-packages/airflow/example_dags/example_params_trigger_ui.py
[2023-08-12T04:56:57.746+0000] {logging_mixin.py:149} INFO - [2023-08-12T04:56:57.746+0000] {dag.py:2726} INFO - Sync 1 DAGs
[2023-08-12T04:56:57.756+0000] {logging_mixin.py:149} INFO - [2023-08-12T04:56:57.756+0000] {dag.py:3486} INFO - Setting next_dagrun for example_params_trigger_ui to None, run_after=None
[2023-08-12T04:56:57.763+0000] {processor.py:179} INFO - Processing /home/airflow/.local/lib/python3.10/site-packages/airflow/example_dags/example_params_trigger_ui.py took 0.070 seconds
[2023-08-12T04:57:28.120+0000] {processor.py:157} INFO - Started process (PID=655) to work on /home/airflow/.local/lib/python3.10/site-packages/airflow/example_dags/example_params_trigger_ui.py
[2023-08-12T04:57:28.120+0000] {processor.py:826} INFO - Processing file /home/airflow/.local/lib/python3.10/site-packages/airflow/example_dags/example_params_trigger_ui.py for tasks to queue
[2023-08-12T04:57:28.120+0000] {logging_mixin.py:149} INFO - [2023-08-12T04:57:28.120+0000] {dagbag.py:541} INFO - Filling up the DagBag from /home/airflow/.local/lib/python3.10/site-packages/airflow/example_dags/example_params_trigger_ui.py
[2023-08-12T04:57:28.130+0000] {processor.py:836} INFO - DAG(s) dict_keys(['example_params_trigger_ui']) retrieved from /home/airflow/.local/lib/python3.10/site-packages/airflow/example_dags/example_params_trigger_ui.py
[2023-08-12T04:57:28.171+0000] {logging_mixin.py:149} INFO - [2023-08-12T04:57:28.171+0000] {dag.py:2726} INFO - Sync 1 DAGs
[2023-08-12T04:57:28.182+0000] {logging_mixin.py:149} INFO - [2023-08-12T04:57:28.182+0000] {dag.py:3486} INFO - Setting next_dagrun for example_params_trigger_ui to None, run_after=None
[2023-08-12T04:57:28.191+0000] {processor.py:179} INFO - Processing /home/airflow/.local/lib/python3.10/site-packages/airflow/example_dags/example_params_trigger_ui.py took 0.073 seconds
