[2023-08-12T03:29:37.673+0000] {processor.py:157} INFO - Started process (PID=35) to work on /home/airflow/.local/lib/python3.10/site-packages/airflow/example_dags/example_dag_decorator.py
[2023-08-12T03:29:37.673+0000] {processor.py:826} INFO - Processing file /home/airflow/.local/lib/python3.10/site-packages/airflow/example_dags/example_dag_decorator.py for tasks to queue
[2023-08-12T03:29:37.673+0000] {logging_mixin.py:149} INFO - [2023-08-12T03:29:37.673+0000] {dagbag.py:541} INFO - Filling up the DagBag from /home/airflow/.local/lib/python3.10/site-packages/airflow/example_dags/example_dag_decorator.py
[2023-08-12T03:29:37.676+0000] {logging_mixin.py:149} INFO - [2023-08-12T03:29:37.676+0000] {taskmixin.py:211} WARNING - Dependency <Task(_PythonDecoratedOperator): prepare_email>, send_email already registered for DAG: example_dag_decorator
[2023-08-12T03:29:37.676+0000] {logging_mixin.py:149} INFO - [2023-08-12T03:29:37.676+0000] {taskmixin.py:211} WARNING - Dependency <Task(EmailOperator): send_email>, prepare_email already registered for DAG: example_dag_decorator
[2023-08-12T03:29:37.683+0000] {processor.py:836} INFO - DAG(s) dict_keys(['example_dag_decorator']) retrieved from /home/airflow/.local/lib/python3.10/site-packages/airflow/example_dags/example_dag_decorator.py
[2023-08-12T03:29:37.691+0000] {logging_mixin.py:149} INFO - [2023-08-12T03:29:37.691+0000] {dag.py:2726} INFO - Sync 1 DAGs
[2023-08-12T03:29:37.701+0000] {logging_mixin.py:149} INFO - [2023-08-12T03:29:37.701+0000] {dag.py:3486} INFO - Setting next_dagrun for example_dag_decorator to None, run_after=None
[2023-08-12T03:29:37.709+0000] {processor.py:179} INFO - Processing /home/airflow/.local/lib/python3.10/site-packages/airflow/example_dags/example_dag_decorator.py took 0.038 seconds
[2023-08-12T03:30:07.995+0000] {processor.py:157} INFO - Started process (PID=111) to work on /home/airflow/.local/lib/python3.10/site-packages/airflow/example_dags/example_dag_decorator.py
[2023-08-12T03:30:07.995+0000] {processor.py:826} INFO - Processing file /home/airflow/.local/lib/python3.10/site-packages/airflow/example_dags/example_dag_decorator.py for tasks to queue
[2023-08-12T03:30:07.995+0000] {logging_mixin.py:149} INFO - [2023-08-12T03:30:07.995+0000] {dagbag.py:541} INFO - Filling up the DagBag from /home/airflow/.local/lib/python3.10/site-packages/airflow/example_dags/example_dag_decorator.py
[2023-08-12T03:30:07.998+0000] {logging_mixin.py:149} INFO - [2023-08-12T03:30:07.998+0000] {taskmixin.py:211} WARNING - Dependency <Task(_PythonDecoratedOperator): prepare_email>, send_email already registered for DAG: example_dag_decorator
[2023-08-12T03:30:07.998+0000] {logging_mixin.py:149} INFO - [2023-08-12T03:30:07.998+0000] {taskmixin.py:211} WARNING - Dependency <Task(EmailOperator): send_email>, prepare_email already registered for DAG: example_dag_decorator
[2023-08-12T03:30:08.001+0000] {processor.py:836} INFO - DAG(s) dict_keys(['example_dag_decorator']) retrieved from /home/airflow/.local/lib/python3.10/site-packages/airflow/example_dags/example_dag_decorator.py
[2023-08-12T03:30:08.027+0000] {logging_mixin.py:149} INFO - [2023-08-12T03:30:08.027+0000] {dag.py:2726} INFO - Sync 1 DAGs
[2023-08-12T03:30:08.036+0000] {logging_mixin.py:149} INFO - [2023-08-12T03:30:08.036+0000] {dag.py:3486} INFO - Setting next_dagrun for example_dag_decorator to None, run_after=None
[2023-08-12T03:30:08.043+0000] {processor.py:179} INFO - Processing /home/airflow/.local/lib/python3.10/site-packages/airflow/example_dags/example_dag_decorator.py took 0.050 seconds
[2023-08-12T03:30:38.357+0000] {processor.py:157} INFO - Started process (PID=188) to work on /home/airflow/.local/lib/python3.10/site-packages/airflow/example_dags/example_dag_decorator.py
[2023-08-12T03:30:38.358+0000] {processor.py:826} INFO - Processing file /home/airflow/.local/lib/python3.10/site-packages/airflow/example_dags/example_dag_decorator.py for tasks to queue
[2023-08-12T03:30:38.358+0000] {logging_mixin.py:149} INFO - [2023-08-12T03:30:38.358+0000] {dagbag.py:541} INFO - Filling up the DagBag from /home/airflow/.local/lib/python3.10/site-packages/airflow/example_dags/example_dag_decorator.py
[2023-08-12T03:30:38.360+0000] {logging_mixin.py:149} INFO - [2023-08-12T03:30:38.360+0000] {taskmixin.py:211} WARNING - Dependency <Task(_PythonDecoratedOperator): prepare_email>, send_email already registered for DAG: example_dag_decorator
[2023-08-12T03:30:38.361+0000] {logging_mixin.py:149} INFO - [2023-08-12T03:30:38.361+0000] {taskmixin.py:211} WARNING - Dependency <Task(EmailOperator): send_email>, prepare_email already registered for DAG: example_dag_decorator
[2023-08-12T03:30:38.364+0000] {processor.py:836} INFO - DAG(s) dict_keys(['example_dag_decorator']) retrieved from /home/airflow/.local/lib/python3.10/site-packages/airflow/example_dags/example_dag_decorator.py
[2023-08-12T03:30:38.389+0000] {logging_mixin.py:149} INFO - [2023-08-12T03:30:38.389+0000] {dag.py:2726} INFO - Sync 1 DAGs
[2023-08-12T03:30:38.398+0000] {logging_mixin.py:149} INFO - [2023-08-12T03:30:38.398+0000] {dag.py:3486} INFO - Setting next_dagrun for example_dag_decorator to None, run_after=None
[2023-08-12T03:30:38.405+0000] {processor.py:179} INFO - Processing /home/airflow/.local/lib/python3.10/site-packages/airflow/example_dags/example_dag_decorator.py took 0.049 seconds
[2023-08-12T03:31:08.704+0000] {processor.py:157} INFO - Started process (PID=264) to work on /home/airflow/.local/lib/python3.10/site-packages/airflow/example_dags/example_dag_decorator.py
[2023-08-12T03:31:08.705+0000] {processor.py:826} INFO - Processing file /home/airflow/.local/lib/python3.10/site-packages/airflow/example_dags/example_dag_decorator.py for tasks to queue
[2023-08-12T03:31:08.705+0000] {logging_mixin.py:149} INFO - [2023-08-12T03:31:08.705+0000] {dagbag.py:541} INFO - Filling up the DagBag from /home/airflow/.local/lib/python3.10/site-packages/airflow/example_dags/example_dag_decorator.py
[2023-08-12T03:31:08.707+0000] {logging_mixin.py:149} INFO - [2023-08-12T03:31:08.707+0000] {taskmixin.py:211} WARNING - Dependency <Task(_PythonDecoratedOperator): prepare_email>, send_email already registered for DAG: example_dag_decorator
[2023-08-12T03:31:08.708+0000] {logging_mixin.py:149} INFO - [2023-08-12T03:31:08.708+0000] {taskmixin.py:211} WARNING - Dependency <Task(EmailOperator): send_email>, prepare_email already registered for DAG: example_dag_decorator
[2023-08-12T03:31:08.711+0000] {processor.py:836} INFO - DAG(s) dict_keys(['example_dag_decorator']) retrieved from /home/airflow/.local/lib/python3.10/site-packages/airflow/example_dags/example_dag_decorator.py
[2023-08-12T03:31:08.735+0000] {logging_mixin.py:149} INFO - [2023-08-12T03:31:08.735+0000] {dag.py:2726} INFO - Sync 1 DAGs
[2023-08-12T03:31:08.744+0000] {logging_mixin.py:149} INFO - [2023-08-12T03:31:08.744+0000] {dag.py:3486} INFO - Setting next_dagrun for example_dag_decorator to None, run_after=None
[2023-08-12T03:31:08.751+0000] {processor.py:179} INFO - Processing /home/airflow/.local/lib/python3.10/site-packages/airflow/example_dags/example_dag_decorator.py took 0.048 seconds
[2023-08-12T03:31:39.051+0000] {processor.py:157} INFO - Started process (PID=341) to work on /home/airflow/.local/lib/python3.10/site-packages/airflow/example_dags/example_dag_decorator.py
[2023-08-12T03:31:39.052+0000] {processor.py:826} INFO - Processing file /home/airflow/.local/lib/python3.10/site-packages/airflow/example_dags/example_dag_decorator.py for tasks to queue
[2023-08-12T03:31:39.052+0000] {logging_mixin.py:149} INFO - [2023-08-12T03:31:39.052+0000] {dagbag.py:541} INFO - Filling up the DagBag from /home/airflow/.local/lib/python3.10/site-packages/airflow/example_dags/example_dag_decorator.py
[2023-08-12T03:31:39.054+0000] {logging_mixin.py:149} INFO - [2023-08-12T03:31:39.054+0000] {taskmixin.py:211} WARNING - Dependency <Task(_PythonDecoratedOperator): prepare_email>, send_email already registered for DAG: example_dag_decorator
[2023-08-12T03:31:39.054+0000] {logging_mixin.py:149} INFO - [2023-08-12T03:31:39.054+0000] {taskmixin.py:211} WARNING - Dependency <Task(EmailOperator): send_email>, prepare_email already registered for DAG: example_dag_decorator
[2023-08-12T03:31:39.058+0000] {processor.py:836} INFO - DAG(s) dict_keys(['example_dag_decorator']) retrieved from /home/airflow/.local/lib/python3.10/site-packages/airflow/example_dags/example_dag_decorator.py
[2023-08-12T03:31:39.083+0000] {logging_mixin.py:149} INFO - [2023-08-12T03:31:39.083+0000] {dag.py:2726} INFO - Sync 1 DAGs
[2023-08-12T03:31:39.093+0000] {logging_mixin.py:149} INFO - [2023-08-12T03:31:39.092+0000] {dag.py:3486} INFO - Setting next_dagrun for example_dag_decorator to None, run_after=None
[2023-08-12T03:31:39.100+0000] {processor.py:179} INFO - Processing /home/airflow/.local/lib/python3.10/site-packages/airflow/example_dags/example_dag_decorator.py took 0.050 seconds
[2023-08-12T03:32:09.388+0000] {processor.py:157} INFO - Started process (PID=418) to work on /home/airflow/.local/lib/python3.10/site-packages/airflow/example_dags/example_dag_decorator.py
[2023-08-12T03:32:09.388+0000] {processor.py:826} INFO - Processing file /home/airflow/.local/lib/python3.10/site-packages/airflow/example_dags/example_dag_decorator.py for tasks to queue
[2023-08-12T03:32:09.388+0000] {logging_mixin.py:149} INFO - [2023-08-12T03:32:09.388+0000] {dagbag.py:541} INFO - Filling up the DagBag from /home/airflow/.local/lib/python3.10/site-packages/airflow/example_dags/example_dag_decorator.py
[2023-08-12T03:32:09.391+0000] {logging_mixin.py:149} INFO - [2023-08-12T03:32:09.391+0000] {taskmixin.py:211} WARNING - Dependency <Task(_PythonDecoratedOperator): prepare_email>, send_email already registered for DAG: example_dag_decorator
[2023-08-12T03:32:09.391+0000] {logging_mixin.py:149} INFO - [2023-08-12T03:32:09.391+0000] {taskmixin.py:211} WARNING - Dependency <Task(EmailOperator): send_email>, prepare_email already registered for DAG: example_dag_decorator
[2023-08-12T03:32:09.394+0000] {processor.py:836} INFO - DAG(s) dict_keys(['example_dag_decorator']) retrieved from /home/airflow/.local/lib/python3.10/site-packages/airflow/example_dags/example_dag_decorator.py
[2023-08-12T03:32:09.419+0000] {logging_mixin.py:149} INFO - [2023-08-12T03:32:09.419+0000] {dag.py:2726} INFO - Sync 1 DAGs
[2023-08-12T03:32:09.428+0000] {logging_mixin.py:149} INFO - [2023-08-12T03:32:09.428+0000] {dag.py:3486} INFO - Setting next_dagrun for example_dag_decorator to None, run_after=None
[2023-08-12T03:32:09.436+0000] {processor.py:179} INFO - Processing /home/airflow/.local/lib/python3.10/site-packages/airflow/example_dags/example_dag_decorator.py took 0.049 seconds
[2023-08-12T03:32:39.738+0000] {processor.py:157} INFO - Started process (PID=495) to work on /home/airflow/.local/lib/python3.10/site-packages/airflow/example_dags/example_dag_decorator.py
[2023-08-12T03:32:39.738+0000] {processor.py:826} INFO - Processing file /home/airflow/.local/lib/python3.10/site-packages/airflow/example_dags/example_dag_decorator.py for tasks to queue
[2023-08-12T03:32:39.738+0000] {logging_mixin.py:149} INFO - [2023-08-12T03:32:39.738+0000] {dagbag.py:541} INFO - Filling up the DagBag from /home/airflow/.local/lib/python3.10/site-packages/airflow/example_dags/example_dag_decorator.py
[2023-08-12T03:32:39.741+0000] {logging_mixin.py:149} INFO - [2023-08-12T03:32:39.741+0000] {taskmixin.py:211} WARNING - Dependency <Task(_PythonDecoratedOperator): prepare_email>, send_email already registered for DAG: example_dag_decorator
[2023-08-12T03:32:39.741+0000] {logging_mixin.py:149} INFO - [2023-08-12T03:32:39.741+0000] {taskmixin.py:211} WARNING - Dependency <Task(EmailOperator): send_email>, prepare_email already registered for DAG: example_dag_decorator
[2023-08-12T03:32:39.745+0000] {processor.py:836} INFO - DAG(s) dict_keys(['example_dag_decorator']) retrieved from /home/airflow/.local/lib/python3.10/site-packages/airflow/example_dags/example_dag_decorator.py
[2023-08-12T03:32:39.770+0000] {logging_mixin.py:149} INFO - [2023-08-12T03:32:39.770+0000] {dag.py:2726} INFO - Sync 1 DAGs
[2023-08-12T03:32:39.779+0000] {logging_mixin.py:149} INFO - [2023-08-12T03:32:39.779+0000] {dag.py:3486} INFO - Setting next_dagrun for example_dag_decorator to None, run_after=None
[2023-08-12T03:32:39.787+0000] {processor.py:179} INFO - Processing /home/airflow/.local/lib/python3.10/site-packages/airflow/example_dags/example_dag_decorator.py took 0.050 seconds
[2023-08-12T03:33:10.010+0000] {processor.py:157} INFO - Started process (PID=572) to work on /home/airflow/.local/lib/python3.10/site-packages/airflow/example_dags/example_dag_decorator.py
[2023-08-12T03:33:10.010+0000] {processor.py:826} INFO - Processing file /home/airflow/.local/lib/python3.10/site-packages/airflow/example_dags/example_dag_decorator.py for tasks to queue
[2023-08-12T03:33:10.011+0000] {logging_mixin.py:149} INFO - [2023-08-12T03:33:10.010+0000] {dagbag.py:541} INFO - Filling up the DagBag from /home/airflow/.local/lib/python3.10/site-packages/airflow/example_dags/example_dag_decorator.py
[2023-08-12T03:33:10.013+0000] {logging_mixin.py:149} INFO - [2023-08-12T03:33:10.013+0000] {taskmixin.py:211} WARNING - Dependency <Task(_PythonDecoratedOperator): prepare_email>, send_email already registered for DAG: example_dag_decorator
[2023-08-12T03:33:10.013+0000] {logging_mixin.py:149} INFO - [2023-08-12T03:33:10.013+0000] {taskmixin.py:211} WARNING - Dependency <Task(EmailOperator): send_email>, prepare_email already registered for DAG: example_dag_decorator
[2023-08-12T03:33:10.016+0000] {processor.py:836} INFO - DAG(s) dict_keys(['example_dag_decorator']) retrieved from /home/airflow/.local/lib/python3.10/site-packages/airflow/example_dags/example_dag_decorator.py
[2023-08-12T03:33:10.042+0000] {logging_mixin.py:149} INFO - [2023-08-12T03:33:10.042+0000] {dag.py:2726} INFO - Sync 1 DAGs
[2023-08-12T03:33:10.050+0000] {logging_mixin.py:149} INFO - [2023-08-12T03:33:10.050+0000] {dag.py:3486} INFO - Setting next_dagrun for example_dag_decorator to None, run_after=None
[2023-08-12T03:33:10.058+0000] {processor.py:179} INFO - Processing /home/airflow/.local/lib/python3.10/site-packages/airflow/example_dags/example_dag_decorator.py took 0.050 seconds
[2023-08-12T03:33:40.616+0000] {processor.py:157} INFO - Started process (PID=649) to work on /home/airflow/.local/lib/python3.10/site-packages/airflow/example_dags/example_dag_decorator.py
[2023-08-12T03:33:40.616+0000] {processor.py:826} INFO - Processing file /home/airflow/.local/lib/python3.10/site-packages/airflow/example_dags/example_dag_decorator.py for tasks to queue
[2023-08-12T03:33:40.616+0000] {logging_mixin.py:149} INFO - [2023-08-12T03:33:40.616+0000] {dagbag.py:541} INFO - Filling up the DagBag from /home/airflow/.local/lib/python3.10/site-packages/airflow/example_dags/example_dag_decorator.py
[2023-08-12T03:33:40.619+0000] {logging_mixin.py:149} INFO - [2023-08-12T03:33:40.619+0000] {taskmixin.py:211} WARNING - Dependency <Task(_PythonDecoratedOperator): prepare_email>, send_email already registered for DAG: example_dag_decorator
[2023-08-12T03:33:40.619+0000] {logging_mixin.py:149} INFO - [2023-08-12T03:33:40.619+0000] {taskmixin.py:211} WARNING - Dependency <Task(EmailOperator): send_email>, prepare_email already registered for DAG: example_dag_decorator
[2023-08-12T03:33:40.623+0000] {processor.py:836} INFO - DAG(s) dict_keys(['example_dag_decorator']) retrieved from /home/airflow/.local/lib/python3.10/site-packages/airflow/example_dags/example_dag_decorator.py
[2023-08-12T03:33:40.649+0000] {logging_mixin.py:149} INFO - [2023-08-12T03:33:40.649+0000] {dag.py:2726} INFO - Sync 1 DAGs
[2023-08-12T03:33:40.658+0000] {logging_mixin.py:149} INFO - [2023-08-12T03:33:40.658+0000] {dag.py:3486} INFO - Setting next_dagrun for example_dag_decorator to None, run_after=None
[2023-08-12T03:33:40.665+0000] {processor.py:179} INFO - Processing /home/airflow/.local/lib/python3.10/site-packages/airflow/example_dags/example_dag_decorator.py took 0.051 seconds
[2023-08-12T03:34:10.968+0000] {processor.py:157} INFO - Started process (PID=725) to work on /home/airflow/.local/lib/python3.10/site-packages/airflow/example_dags/example_dag_decorator.py
[2023-08-12T03:34:10.969+0000] {processor.py:826} INFO - Processing file /home/airflow/.local/lib/python3.10/site-packages/airflow/example_dags/example_dag_decorator.py for tasks to queue
[2023-08-12T03:34:10.969+0000] {logging_mixin.py:149} INFO - [2023-08-12T03:34:10.969+0000] {dagbag.py:541} INFO - Filling up the DagBag from /home/airflow/.local/lib/python3.10/site-packages/airflow/example_dags/example_dag_decorator.py
[2023-08-12T03:34:10.972+0000] {logging_mixin.py:149} INFO - [2023-08-12T03:34:10.971+0000] {taskmixin.py:211} WARNING - Dependency <Task(_PythonDecoratedOperator): prepare_email>, send_email already registered for DAG: example_dag_decorator
[2023-08-12T03:34:10.972+0000] {logging_mixin.py:149} INFO - [2023-08-12T03:34:10.972+0000] {taskmixin.py:211} WARNING - Dependency <Task(EmailOperator): send_email>, prepare_email already registered for DAG: example_dag_decorator
[2023-08-12T03:34:10.975+0000] {processor.py:836} INFO - DAG(s) dict_keys(['example_dag_decorator']) retrieved from /home/airflow/.local/lib/python3.10/site-packages/airflow/example_dags/example_dag_decorator.py
[2023-08-12T03:34:11.000+0000] {logging_mixin.py:149} INFO - [2023-08-12T03:34:11.000+0000] {dag.py:2726} INFO - Sync 1 DAGs
[2023-08-12T03:34:11.009+0000] {logging_mixin.py:149} INFO - [2023-08-12T03:34:11.009+0000] {dag.py:3486} INFO - Setting next_dagrun for example_dag_decorator to None, run_after=None
[2023-08-12T03:34:11.017+0000] {processor.py:179} INFO - Processing /home/airflow/.local/lib/python3.10/site-packages/airflow/example_dags/example_dag_decorator.py took 0.050 seconds
[2023-08-12T03:34:41.316+0000] {processor.py:157} INFO - Started process (PID=802) to work on /home/airflow/.local/lib/python3.10/site-packages/airflow/example_dags/example_dag_decorator.py
[2023-08-12T03:34:41.316+0000] {processor.py:826} INFO - Processing file /home/airflow/.local/lib/python3.10/site-packages/airflow/example_dags/example_dag_decorator.py for tasks to queue
[2023-08-12T03:34:41.317+0000] {logging_mixin.py:149} INFO - [2023-08-12T03:34:41.317+0000] {dagbag.py:541} INFO - Filling up the DagBag from /home/airflow/.local/lib/python3.10/site-packages/airflow/example_dags/example_dag_decorator.py
[2023-08-12T03:34:41.319+0000] {logging_mixin.py:149} INFO - [2023-08-12T03:34:41.319+0000] {taskmixin.py:211} WARNING - Dependency <Task(_PythonDecoratedOperator): prepare_email>, send_email already registered for DAG: example_dag_decorator
[2023-08-12T03:34:41.319+0000] {logging_mixin.py:149} INFO - [2023-08-12T03:34:41.319+0000] {taskmixin.py:211} WARNING - Dependency <Task(EmailOperator): send_email>, prepare_email already registered for DAG: example_dag_decorator
[2023-08-12T03:34:41.323+0000] {processor.py:836} INFO - DAG(s) dict_keys(['example_dag_decorator']) retrieved from /home/airflow/.local/lib/python3.10/site-packages/airflow/example_dags/example_dag_decorator.py
[2023-08-12T03:34:41.348+0000] {logging_mixin.py:149} INFO - [2023-08-12T03:34:41.348+0000] {dag.py:2726} INFO - Sync 1 DAGs
[2023-08-12T03:34:41.357+0000] {logging_mixin.py:149} INFO - [2023-08-12T03:34:41.357+0000] {dag.py:3486} INFO - Setting next_dagrun for example_dag_decorator to None, run_after=None
[2023-08-12T03:34:41.365+0000] {processor.py:179} INFO - Processing /home/airflow/.local/lib/python3.10/site-packages/airflow/example_dags/example_dag_decorator.py took 0.050 seconds
[2023-08-12T03:35:11.698+0000] {processor.py:157} INFO - Started process (PID=879) to work on /home/airflow/.local/lib/python3.10/site-packages/airflow/example_dags/example_dag_decorator.py
[2023-08-12T03:35:11.698+0000] {processor.py:826} INFO - Processing file /home/airflow/.local/lib/python3.10/site-packages/airflow/example_dags/example_dag_decorator.py for tasks to queue
[2023-08-12T03:35:11.698+0000] {logging_mixin.py:149} INFO - [2023-08-12T03:35:11.698+0000] {dagbag.py:541} INFO - Filling up the DagBag from /home/airflow/.local/lib/python3.10/site-packages/airflow/example_dags/example_dag_decorator.py
[2023-08-12T03:35:11.701+0000] {logging_mixin.py:149} INFO - [2023-08-12T03:35:11.701+0000] {taskmixin.py:211} WARNING - Dependency <Task(_PythonDecoratedOperator): prepare_email>, send_email already registered for DAG: example_dag_decorator
[2023-08-12T03:35:11.701+0000] {logging_mixin.py:149} INFO - [2023-08-12T03:35:11.701+0000] {taskmixin.py:211} WARNING - Dependency <Task(EmailOperator): send_email>, prepare_email already registered for DAG: example_dag_decorator
[2023-08-12T03:35:11.704+0000] {processor.py:836} INFO - DAG(s) dict_keys(['example_dag_decorator']) retrieved from /home/airflow/.local/lib/python3.10/site-packages/airflow/example_dags/example_dag_decorator.py
[2023-08-12T03:35:11.730+0000] {logging_mixin.py:149} INFO - [2023-08-12T03:35:11.730+0000] {dag.py:2726} INFO - Sync 1 DAGs
[2023-08-12T03:35:11.739+0000] {logging_mixin.py:149} INFO - [2023-08-12T03:35:11.739+0000] {dag.py:3486} INFO - Setting next_dagrun for example_dag_decorator to None, run_after=None
[2023-08-12T03:35:11.746+0000] {processor.py:179} INFO - Processing /home/airflow/.local/lib/python3.10/site-packages/airflow/example_dags/example_dag_decorator.py took 0.050 seconds
[2023-08-12T03:35:42.034+0000] {processor.py:157} INFO - Started process (PID=956) to work on /home/airflow/.local/lib/python3.10/site-packages/airflow/example_dags/example_dag_decorator.py
[2023-08-12T03:35:42.034+0000] {processor.py:826} INFO - Processing file /home/airflow/.local/lib/python3.10/site-packages/airflow/example_dags/example_dag_decorator.py for tasks to queue
[2023-08-12T03:35:42.034+0000] {logging_mixin.py:149} INFO - [2023-08-12T03:35:42.034+0000] {dagbag.py:541} INFO - Filling up the DagBag from /home/airflow/.local/lib/python3.10/site-packages/airflow/example_dags/example_dag_decorator.py
[2023-08-12T03:35:42.037+0000] {logging_mixin.py:149} INFO - [2023-08-12T03:35:42.037+0000] {taskmixin.py:211} WARNING - Dependency <Task(_PythonDecoratedOperator): prepare_email>, send_email already registered for DAG: example_dag_decorator
[2023-08-12T03:35:42.037+0000] {logging_mixin.py:149} INFO - [2023-08-12T03:35:42.037+0000] {taskmixin.py:211} WARNING - Dependency <Task(EmailOperator): send_email>, prepare_email already registered for DAG: example_dag_decorator
[2023-08-12T03:35:42.041+0000] {processor.py:836} INFO - DAG(s) dict_keys(['example_dag_decorator']) retrieved from /home/airflow/.local/lib/python3.10/site-packages/airflow/example_dags/example_dag_decorator.py
[2023-08-12T03:35:42.066+0000] {logging_mixin.py:149} INFO - [2023-08-12T03:35:42.066+0000] {dag.py:2726} INFO - Sync 1 DAGs
[2023-08-12T03:35:42.075+0000] {logging_mixin.py:149} INFO - [2023-08-12T03:35:42.075+0000] {dag.py:3486} INFO - Setting next_dagrun for example_dag_decorator to None, run_after=None
[2023-08-12T03:35:42.082+0000] {processor.py:179} INFO - Processing /home/airflow/.local/lib/python3.10/site-packages/airflow/example_dags/example_dag_decorator.py took 0.050 seconds
[2023-08-12T03:40:12.617+0000] {processor.py:157} INFO - Started process (PID=35) to work on /home/airflow/.local/lib/python3.10/site-packages/airflow/example_dags/example_dag_decorator.py
[2023-08-12T03:40:12.618+0000] {processor.py:826} INFO - Processing file /home/airflow/.local/lib/python3.10/site-packages/airflow/example_dags/example_dag_decorator.py for tasks to queue
[2023-08-12T03:40:12.618+0000] {logging_mixin.py:149} INFO - [2023-08-12T03:40:12.618+0000] {dagbag.py:541} INFO - Filling up the DagBag from /home/airflow/.local/lib/python3.10/site-packages/airflow/example_dags/example_dag_decorator.py
[2023-08-12T03:40:12.621+0000] {logging_mixin.py:149} INFO - [2023-08-12T03:40:12.621+0000] {taskmixin.py:211} WARNING - Dependency <Task(_PythonDecoratedOperator): prepare_email>, send_email already registered for DAG: example_dag_decorator
[2023-08-12T03:40:12.621+0000] {logging_mixin.py:149} INFO - [2023-08-12T03:40:12.621+0000] {taskmixin.py:211} WARNING - Dependency <Task(EmailOperator): send_email>, prepare_email already registered for DAG: example_dag_decorator
[2023-08-12T03:40:12.630+0000] {processor.py:836} INFO - DAG(s) dict_keys(['example_dag_decorator']) retrieved from /home/airflow/.local/lib/python3.10/site-packages/airflow/example_dags/example_dag_decorator.py
[2023-08-12T03:40:12.637+0000] {logging_mixin.py:149} INFO - [2023-08-12T03:40:12.637+0000] {dag.py:2726} INFO - Sync 1 DAGs
[2023-08-12T03:40:12.647+0000] {logging_mixin.py:149} INFO - [2023-08-12T03:40:12.647+0000] {dag.py:3486} INFO - Setting next_dagrun for example_dag_decorator to None, run_after=None
[2023-08-12T03:40:12.657+0000] {processor.py:179} INFO - Processing /home/airflow/.local/lib/python3.10/site-packages/airflow/example_dags/example_dag_decorator.py took 0.041 seconds
[2023-08-12T03:40:42.812+0000] {processor.py:157} INFO - Started process (PID=111) to work on /home/airflow/.local/lib/python3.10/site-packages/airflow/example_dags/example_dag_decorator.py
[2023-08-12T03:40:42.812+0000] {processor.py:826} INFO - Processing file /home/airflow/.local/lib/python3.10/site-packages/airflow/example_dags/example_dag_decorator.py for tasks to queue
[2023-08-12T03:40:42.812+0000] {logging_mixin.py:149} INFO - [2023-08-12T03:40:42.812+0000] {dagbag.py:541} INFO - Filling up the DagBag from /home/airflow/.local/lib/python3.10/site-packages/airflow/example_dags/example_dag_decorator.py
[2023-08-12T03:40:42.816+0000] {logging_mixin.py:149} INFO - [2023-08-12T03:40:42.815+0000] {taskmixin.py:211} WARNING - Dependency <Task(_PythonDecoratedOperator): prepare_email>, send_email already registered for DAG: example_dag_decorator
[2023-08-12T03:40:42.816+0000] {logging_mixin.py:149} INFO - [2023-08-12T03:40:42.816+0000] {taskmixin.py:211} WARNING - Dependency <Task(EmailOperator): send_email>, prepare_email already registered for DAG: example_dag_decorator
[2023-08-12T03:40:42.819+0000] {processor.py:836} INFO - DAG(s) dict_keys(['example_dag_decorator']) retrieved from /home/airflow/.local/lib/python3.10/site-packages/airflow/example_dags/example_dag_decorator.py
[2023-08-12T03:40:42.845+0000] {logging_mixin.py:149} INFO - [2023-08-12T03:40:42.845+0000] {dag.py:2726} INFO - Sync 1 DAGs
[2023-08-12T03:40:42.854+0000] {logging_mixin.py:149} INFO - [2023-08-12T03:40:42.854+0000] {dag.py:3486} INFO - Setting next_dagrun for example_dag_decorator to None, run_after=None
[2023-08-12T03:40:42.862+0000] {processor.py:179} INFO - Processing /home/airflow/.local/lib/python3.10/site-packages/airflow/example_dags/example_dag_decorator.py took 0.051 seconds
[2023-08-12T03:41:13.302+0000] {processor.py:157} INFO - Started process (PID=188) to work on /home/airflow/.local/lib/python3.10/site-packages/airflow/example_dags/example_dag_decorator.py
[2023-08-12T03:41:13.302+0000] {processor.py:826} INFO - Processing file /home/airflow/.local/lib/python3.10/site-packages/airflow/example_dags/example_dag_decorator.py for tasks to queue
[2023-08-12T03:41:13.302+0000] {logging_mixin.py:149} INFO - [2023-08-12T03:41:13.302+0000] {dagbag.py:541} INFO - Filling up the DagBag from /home/airflow/.local/lib/python3.10/site-packages/airflow/example_dags/example_dag_decorator.py
[2023-08-12T03:41:13.305+0000] {logging_mixin.py:149} INFO - [2023-08-12T03:41:13.305+0000] {taskmixin.py:211} WARNING - Dependency <Task(_PythonDecoratedOperator): prepare_email>, send_email already registered for DAG: example_dag_decorator
[2023-08-12T03:41:13.305+0000] {logging_mixin.py:149} INFO - [2023-08-12T03:41:13.305+0000] {taskmixin.py:211} WARNING - Dependency <Task(EmailOperator): send_email>, prepare_email already registered for DAG: example_dag_decorator
[2023-08-12T03:41:13.308+0000] {processor.py:836} INFO - DAG(s) dict_keys(['example_dag_decorator']) retrieved from /home/airflow/.local/lib/python3.10/site-packages/airflow/example_dags/example_dag_decorator.py
[2023-08-12T03:41:13.334+0000] {logging_mixin.py:149} INFO - [2023-08-12T03:41:13.334+0000] {dag.py:2726} INFO - Sync 1 DAGs
[2023-08-12T03:41:13.344+0000] {logging_mixin.py:149} INFO - [2023-08-12T03:41:13.344+0000] {dag.py:3486} INFO - Setting next_dagrun for example_dag_decorator to None, run_after=None
[2023-08-12T03:41:13.353+0000] {processor.py:179} INFO - Processing /home/airflow/.local/lib/python3.10/site-packages/airflow/example_dags/example_dag_decorator.py took 0.052 seconds
[2023-08-12T03:41:43.718+0000] {processor.py:157} INFO - Started process (PID=265) to work on /home/airflow/.local/lib/python3.10/site-packages/airflow/example_dags/example_dag_decorator.py
[2023-08-12T03:41:43.718+0000] {processor.py:826} INFO - Processing file /home/airflow/.local/lib/python3.10/site-packages/airflow/example_dags/example_dag_decorator.py for tasks to queue
[2023-08-12T03:41:43.718+0000] {logging_mixin.py:149} INFO - [2023-08-12T03:41:43.718+0000] {dagbag.py:541} INFO - Filling up the DagBag from /home/airflow/.local/lib/python3.10/site-packages/airflow/example_dags/example_dag_decorator.py
[2023-08-12T03:41:43.721+0000] {logging_mixin.py:149} INFO - [2023-08-12T03:41:43.721+0000] {taskmixin.py:211} WARNING - Dependency <Task(_PythonDecoratedOperator): prepare_email>, send_email already registered for DAG: example_dag_decorator
[2023-08-12T03:41:43.721+0000] {logging_mixin.py:149} INFO - [2023-08-12T03:41:43.721+0000] {taskmixin.py:211} WARNING - Dependency <Task(EmailOperator): send_email>, prepare_email already registered for DAG: example_dag_decorator
[2023-08-12T03:41:43.724+0000] {processor.py:836} INFO - DAG(s) dict_keys(['example_dag_decorator']) retrieved from /home/airflow/.local/lib/python3.10/site-packages/airflow/example_dags/example_dag_decorator.py
[2023-08-12T03:41:43.749+0000] {logging_mixin.py:149} INFO - [2023-08-12T03:41:43.749+0000] {dag.py:2726} INFO - Sync 1 DAGs
[2023-08-12T03:41:43.758+0000] {logging_mixin.py:149} INFO - [2023-08-12T03:41:43.758+0000] {dag.py:3486} INFO - Setting next_dagrun for example_dag_decorator to None, run_after=None
[2023-08-12T03:41:43.766+0000] {processor.py:179} INFO - Processing /home/airflow/.local/lib/python3.10/site-packages/airflow/example_dags/example_dag_decorator.py took 0.049 seconds
[2023-08-12T03:42:14.049+0000] {processor.py:157} INFO - Started process (PID=343) to work on /home/airflow/.local/lib/python3.10/site-packages/airflow/example_dags/example_dag_decorator.py
[2023-08-12T03:42:14.049+0000] {processor.py:826} INFO - Processing file /home/airflow/.local/lib/python3.10/site-packages/airflow/example_dags/example_dag_decorator.py for tasks to queue
[2023-08-12T03:42:14.049+0000] {logging_mixin.py:149} INFO - [2023-08-12T03:42:14.049+0000] {dagbag.py:541} INFO - Filling up the DagBag from /home/airflow/.local/lib/python3.10/site-packages/airflow/example_dags/example_dag_decorator.py
[2023-08-12T03:42:14.052+0000] {logging_mixin.py:149} INFO - [2023-08-12T03:42:14.052+0000] {taskmixin.py:211} WARNING - Dependency <Task(_PythonDecoratedOperator): prepare_email>, send_email already registered for DAG: example_dag_decorator
[2023-08-12T03:42:14.052+0000] {logging_mixin.py:149} INFO - [2023-08-12T03:42:14.052+0000] {taskmixin.py:211} WARNING - Dependency <Task(EmailOperator): send_email>, prepare_email already registered for DAG: example_dag_decorator
[2023-08-12T03:42:14.056+0000] {processor.py:836} INFO - DAG(s) dict_keys(['example_dag_decorator']) retrieved from /home/airflow/.local/lib/python3.10/site-packages/airflow/example_dags/example_dag_decorator.py
[2023-08-12T03:42:14.081+0000] {logging_mixin.py:149} INFO - [2023-08-12T03:42:14.081+0000] {dag.py:2726} INFO - Sync 1 DAGs
[2023-08-12T03:42:14.090+0000] {logging_mixin.py:149} INFO - [2023-08-12T03:42:14.090+0000] {dag.py:3486} INFO - Setting next_dagrun for example_dag_decorator to None, run_after=None
[2023-08-12T03:42:14.097+0000] {processor.py:179} INFO - Processing /home/airflow/.local/lib/python3.10/site-packages/airflow/example_dags/example_dag_decorator.py took 0.049 seconds
[2023-08-12T03:42:44.411+0000] {processor.py:157} INFO - Started process (PID=419) to work on /home/airflow/.local/lib/python3.10/site-packages/airflow/example_dags/example_dag_decorator.py
[2023-08-12T03:42:44.411+0000] {processor.py:826} INFO - Processing file /home/airflow/.local/lib/python3.10/site-packages/airflow/example_dags/example_dag_decorator.py for tasks to queue
[2023-08-12T03:42:44.411+0000] {logging_mixin.py:149} INFO - [2023-08-12T03:42:44.411+0000] {dagbag.py:541} INFO - Filling up the DagBag from /home/airflow/.local/lib/python3.10/site-packages/airflow/example_dags/example_dag_decorator.py
[2023-08-12T03:42:44.414+0000] {logging_mixin.py:149} INFO - [2023-08-12T03:42:44.414+0000] {taskmixin.py:211} WARNING - Dependency <Task(_PythonDecoratedOperator): prepare_email>, send_email already registered for DAG: example_dag_decorator
[2023-08-12T03:42:44.414+0000] {logging_mixin.py:149} INFO - [2023-08-12T03:42:44.414+0000] {taskmixin.py:211} WARNING - Dependency <Task(EmailOperator): send_email>, prepare_email already registered for DAG: example_dag_decorator
[2023-08-12T03:42:44.417+0000] {processor.py:836} INFO - DAG(s) dict_keys(['example_dag_decorator']) retrieved from /home/airflow/.local/lib/python3.10/site-packages/airflow/example_dags/example_dag_decorator.py
[2023-08-12T03:42:44.442+0000] {logging_mixin.py:149} INFO - [2023-08-12T03:42:44.442+0000] {dag.py:2726} INFO - Sync 1 DAGs
[2023-08-12T03:42:44.452+0000] {logging_mixin.py:149} INFO - [2023-08-12T03:42:44.451+0000] {dag.py:3486} INFO - Setting next_dagrun for example_dag_decorator to None, run_after=None
[2023-08-12T03:42:44.459+0000] {processor.py:179} INFO - Processing /home/airflow/.local/lib/python3.10/site-packages/airflow/example_dags/example_dag_decorator.py took 0.050 seconds
[2023-08-12T03:43:14.789+0000] {processor.py:157} INFO - Started process (PID=496) to work on /home/airflow/.local/lib/python3.10/site-packages/airflow/example_dags/example_dag_decorator.py
[2023-08-12T03:43:14.790+0000] {processor.py:826} INFO - Processing file /home/airflow/.local/lib/python3.10/site-packages/airflow/example_dags/example_dag_decorator.py for tasks to queue
[2023-08-12T03:43:14.790+0000] {logging_mixin.py:149} INFO - [2023-08-12T03:43:14.790+0000] {dagbag.py:541} INFO - Filling up the DagBag from /home/airflow/.local/lib/python3.10/site-packages/airflow/example_dags/example_dag_decorator.py
[2023-08-12T03:43:14.793+0000] {logging_mixin.py:149} INFO - [2023-08-12T03:43:14.792+0000] {taskmixin.py:211} WARNING - Dependency <Task(_PythonDecoratedOperator): prepare_email>, send_email already registered for DAG: example_dag_decorator
[2023-08-12T03:43:14.793+0000] {logging_mixin.py:149} INFO - [2023-08-12T03:43:14.793+0000] {taskmixin.py:211} WARNING - Dependency <Task(EmailOperator): send_email>, prepare_email already registered for DAG: example_dag_decorator
[2023-08-12T03:43:14.796+0000] {processor.py:836} INFO - DAG(s) dict_keys(['example_dag_decorator']) retrieved from /home/airflow/.local/lib/python3.10/site-packages/airflow/example_dags/example_dag_decorator.py
[2023-08-12T03:43:14.822+0000] {logging_mixin.py:149} INFO - [2023-08-12T03:43:14.822+0000] {dag.py:2726} INFO - Sync 1 DAGs
[2023-08-12T03:43:14.831+0000] {logging_mixin.py:149} INFO - [2023-08-12T03:43:14.830+0000] {dag.py:3486} INFO - Setting next_dagrun for example_dag_decorator to None, run_after=None
[2023-08-12T03:43:14.839+0000] {processor.py:179} INFO - Processing /home/airflow/.local/lib/python3.10/site-packages/airflow/example_dags/example_dag_decorator.py took 0.051 seconds
[2023-08-12T03:43:45.166+0000] {processor.py:157} INFO - Started process (PID=573) to work on /home/airflow/.local/lib/python3.10/site-packages/airflow/example_dags/example_dag_decorator.py
[2023-08-12T03:43:45.166+0000] {processor.py:826} INFO - Processing file /home/airflow/.local/lib/python3.10/site-packages/airflow/example_dags/example_dag_decorator.py for tasks to queue
[2023-08-12T03:43:45.166+0000] {logging_mixin.py:149} INFO - [2023-08-12T03:43:45.166+0000] {dagbag.py:541} INFO - Filling up the DagBag from /home/airflow/.local/lib/python3.10/site-packages/airflow/example_dags/example_dag_decorator.py
[2023-08-12T03:43:45.169+0000] {logging_mixin.py:149} INFO - [2023-08-12T03:43:45.169+0000] {taskmixin.py:211} WARNING - Dependency <Task(_PythonDecoratedOperator): prepare_email>, send_email already registered for DAG: example_dag_decorator
[2023-08-12T03:43:45.169+0000] {logging_mixin.py:149} INFO - [2023-08-12T03:43:45.169+0000] {taskmixin.py:211} WARNING - Dependency <Task(EmailOperator): send_email>, prepare_email already registered for DAG: example_dag_decorator
[2023-08-12T03:43:45.172+0000] {processor.py:836} INFO - DAG(s) dict_keys(['example_dag_decorator']) retrieved from /home/airflow/.local/lib/python3.10/site-packages/airflow/example_dags/example_dag_decorator.py
[2023-08-12T03:43:45.197+0000] {logging_mixin.py:149} INFO - [2023-08-12T03:43:45.197+0000] {dag.py:2726} INFO - Sync 1 DAGs
[2023-08-12T03:43:45.206+0000] {logging_mixin.py:149} INFO - [2023-08-12T03:43:45.206+0000] {dag.py:3486} INFO - Setting next_dagrun for example_dag_decorator to None, run_after=None
[2023-08-12T03:43:45.213+0000] {processor.py:179} INFO - Processing /home/airflow/.local/lib/python3.10/site-packages/airflow/example_dags/example_dag_decorator.py took 0.049 seconds
[2023-08-12T03:44:15.620+0000] {processor.py:157} INFO - Started process (PID=650) to work on /home/airflow/.local/lib/python3.10/site-packages/airflow/example_dags/example_dag_decorator.py
[2023-08-12T03:44:15.620+0000] {processor.py:826} INFO - Processing file /home/airflow/.local/lib/python3.10/site-packages/airflow/example_dags/example_dag_decorator.py for tasks to queue
[2023-08-12T03:44:15.620+0000] {logging_mixin.py:149} INFO - [2023-08-12T03:44:15.620+0000] {dagbag.py:541} INFO - Filling up the DagBag from /home/airflow/.local/lib/python3.10/site-packages/airflow/example_dags/example_dag_decorator.py
[2023-08-12T03:44:15.623+0000] {logging_mixin.py:149} INFO - [2023-08-12T03:44:15.623+0000] {taskmixin.py:211} WARNING - Dependency <Task(_PythonDecoratedOperator): prepare_email>, send_email already registered for DAG: example_dag_decorator
[2023-08-12T03:44:15.623+0000] {logging_mixin.py:149} INFO - [2023-08-12T03:44:15.623+0000] {taskmixin.py:211} WARNING - Dependency <Task(EmailOperator): send_email>, prepare_email already registered for DAG: example_dag_decorator
[2023-08-12T03:44:15.626+0000] {processor.py:836} INFO - DAG(s) dict_keys(['example_dag_decorator']) retrieved from /home/airflow/.local/lib/python3.10/site-packages/airflow/example_dags/example_dag_decorator.py
[2023-08-12T03:44:15.651+0000] {logging_mixin.py:149} INFO - [2023-08-12T03:44:15.651+0000] {dag.py:2726} INFO - Sync 1 DAGs
[2023-08-12T03:44:15.661+0000] {logging_mixin.py:149} INFO - [2023-08-12T03:44:15.661+0000] {dag.py:3486} INFO - Setting next_dagrun for example_dag_decorator to None, run_after=None
[2023-08-12T03:44:15.668+0000] {processor.py:179} INFO - Processing /home/airflow/.local/lib/python3.10/site-packages/airflow/example_dags/example_dag_decorator.py took 0.050 seconds
[2023-08-12T03:44:46.057+0000] {processor.py:157} INFO - Started process (PID=727) to work on /home/airflow/.local/lib/python3.10/site-packages/airflow/example_dags/example_dag_decorator.py
[2023-08-12T03:44:46.058+0000] {processor.py:826} INFO - Processing file /home/airflow/.local/lib/python3.10/site-packages/airflow/example_dags/example_dag_decorator.py for tasks to queue
[2023-08-12T03:44:46.058+0000] {logging_mixin.py:149} INFO - [2023-08-12T03:44:46.058+0000] {dagbag.py:541} INFO - Filling up the DagBag from /home/airflow/.local/lib/python3.10/site-packages/airflow/example_dags/example_dag_decorator.py
[2023-08-12T03:44:46.060+0000] {logging_mixin.py:149} INFO - [2023-08-12T03:44:46.060+0000] {taskmixin.py:211} WARNING - Dependency <Task(_PythonDecoratedOperator): prepare_email>, send_email already registered for DAG: example_dag_decorator
[2023-08-12T03:44:46.060+0000] {logging_mixin.py:149} INFO - [2023-08-12T03:44:46.060+0000] {taskmixin.py:211} WARNING - Dependency <Task(EmailOperator): send_email>, prepare_email already registered for DAG: example_dag_decorator
[2023-08-12T03:44:46.064+0000] {processor.py:836} INFO - DAG(s) dict_keys(['example_dag_decorator']) retrieved from /home/airflow/.local/lib/python3.10/site-packages/airflow/example_dags/example_dag_decorator.py
[2023-08-12T03:44:46.089+0000] {logging_mixin.py:149} INFO - [2023-08-12T03:44:46.089+0000] {dag.py:2726} INFO - Sync 1 DAGs
[2023-08-12T03:44:46.098+0000] {logging_mixin.py:149} INFO - [2023-08-12T03:44:46.098+0000] {dag.py:3486} INFO - Setting next_dagrun for example_dag_decorator to None, run_after=None
[2023-08-12T03:44:46.106+0000] {processor.py:179} INFO - Processing /home/airflow/.local/lib/python3.10/site-packages/airflow/example_dags/example_dag_decorator.py took 0.050 seconds
[2023-08-12T03:45:16.460+0000] {processor.py:157} INFO - Started process (PID=804) to work on /home/airflow/.local/lib/python3.10/site-packages/airflow/example_dags/example_dag_decorator.py
[2023-08-12T03:45:16.461+0000] {processor.py:826} INFO - Processing file /home/airflow/.local/lib/python3.10/site-packages/airflow/example_dags/example_dag_decorator.py for tasks to queue
[2023-08-12T03:45:16.461+0000] {logging_mixin.py:149} INFO - [2023-08-12T03:45:16.461+0000] {dagbag.py:541} INFO - Filling up the DagBag from /home/airflow/.local/lib/python3.10/site-packages/airflow/example_dags/example_dag_decorator.py
[2023-08-12T03:45:16.464+0000] {logging_mixin.py:149} INFO - [2023-08-12T03:45:16.464+0000] {taskmixin.py:211} WARNING - Dependency <Task(_PythonDecoratedOperator): prepare_email>, send_email already registered for DAG: example_dag_decorator
[2023-08-12T03:45:16.464+0000] {logging_mixin.py:149} INFO - [2023-08-12T03:45:16.464+0000] {taskmixin.py:211} WARNING - Dependency <Task(EmailOperator): send_email>, prepare_email already registered for DAG: example_dag_decorator
[2023-08-12T03:45:16.467+0000] {processor.py:836} INFO - DAG(s) dict_keys(['example_dag_decorator']) retrieved from /home/airflow/.local/lib/python3.10/site-packages/airflow/example_dags/example_dag_decorator.py
[2023-08-12T03:45:16.493+0000] {logging_mixin.py:149} INFO - [2023-08-12T03:45:16.493+0000] {dag.py:2726} INFO - Sync 1 DAGs
[2023-08-12T03:45:16.501+0000] {logging_mixin.py:149} INFO - [2023-08-12T03:45:16.501+0000] {dag.py:3486} INFO - Setting next_dagrun for example_dag_decorator to None, run_after=None
[2023-08-12T03:45:16.508+0000] {processor.py:179} INFO - Processing /home/airflow/.local/lib/python3.10/site-packages/airflow/example_dags/example_dag_decorator.py took 0.049 seconds
[2023-08-12T03:45:46.882+0000] {processor.py:157} INFO - Started process (PID=881) to work on /home/airflow/.local/lib/python3.10/site-packages/airflow/example_dags/example_dag_decorator.py
[2023-08-12T03:45:46.882+0000] {processor.py:826} INFO - Processing file /home/airflow/.local/lib/python3.10/site-packages/airflow/example_dags/example_dag_decorator.py for tasks to queue
[2023-08-12T03:45:46.883+0000] {logging_mixin.py:149} INFO - [2023-08-12T03:45:46.883+0000] {dagbag.py:541} INFO - Filling up the DagBag from /home/airflow/.local/lib/python3.10/site-packages/airflow/example_dags/example_dag_decorator.py
[2023-08-12T03:45:46.885+0000] {logging_mixin.py:149} INFO - [2023-08-12T03:45:46.885+0000] {taskmixin.py:211} WARNING - Dependency <Task(_PythonDecoratedOperator): prepare_email>, send_email already registered for DAG: example_dag_decorator
[2023-08-12T03:45:46.886+0000] {logging_mixin.py:149} INFO - [2023-08-12T03:45:46.885+0000] {taskmixin.py:211} WARNING - Dependency <Task(EmailOperator): send_email>, prepare_email already registered for DAG: example_dag_decorator
[2023-08-12T03:45:46.889+0000] {processor.py:836} INFO - DAG(s) dict_keys(['example_dag_decorator']) retrieved from /home/airflow/.local/lib/python3.10/site-packages/airflow/example_dags/example_dag_decorator.py
[2023-08-12T03:45:46.914+0000] {logging_mixin.py:149} INFO - [2023-08-12T03:45:46.913+0000] {dag.py:2726} INFO - Sync 1 DAGs
[2023-08-12T03:45:46.922+0000] {logging_mixin.py:149} INFO - [2023-08-12T03:45:46.922+0000] {dag.py:3486} INFO - Setting next_dagrun for example_dag_decorator to None, run_after=None
[2023-08-12T03:45:46.930+0000] {processor.py:179} INFO - Processing /home/airflow/.local/lib/python3.10/site-packages/airflow/example_dags/example_dag_decorator.py took 0.049 seconds
[2023-08-12T03:46:17.374+0000] {processor.py:157} INFO - Started process (PID=958) to work on /home/airflow/.local/lib/python3.10/site-packages/airflow/example_dags/example_dag_decorator.py
[2023-08-12T03:46:17.375+0000] {processor.py:826} INFO - Processing file /home/airflow/.local/lib/python3.10/site-packages/airflow/example_dags/example_dag_decorator.py for tasks to queue
[2023-08-12T03:46:17.375+0000] {logging_mixin.py:149} INFO - [2023-08-12T03:46:17.375+0000] {dagbag.py:541} INFO - Filling up the DagBag from /home/airflow/.local/lib/python3.10/site-packages/airflow/example_dags/example_dag_decorator.py
[2023-08-12T03:46:17.378+0000] {logging_mixin.py:149} INFO - [2023-08-12T03:46:17.378+0000] {taskmixin.py:211} WARNING - Dependency <Task(_PythonDecoratedOperator): prepare_email>, send_email already registered for DAG: example_dag_decorator
[2023-08-12T03:46:17.378+0000] {logging_mixin.py:149} INFO - [2023-08-12T03:46:17.378+0000] {taskmixin.py:211} WARNING - Dependency <Task(EmailOperator): send_email>, prepare_email already registered for DAG: example_dag_decorator
[2023-08-12T03:46:17.381+0000] {processor.py:836} INFO - DAG(s) dict_keys(['example_dag_decorator']) retrieved from /home/airflow/.local/lib/python3.10/site-packages/airflow/example_dags/example_dag_decorator.py
[2023-08-12T03:46:17.406+0000] {logging_mixin.py:149} INFO - [2023-08-12T03:46:17.406+0000] {dag.py:2726} INFO - Sync 1 DAGs
[2023-08-12T03:46:17.415+0000] {logging_mixin.py:149} INFO - [2023-08-12T03:46:17.415+0000] {dag.py:3486} INFO - Setting next_dagrun for example_dag_decorator to None, run_after=None
[2023-08-12T03:46:17.423+0000] {processor.py:179} INFO - Processing /home/airflow/.local/lib/python3.10/site-packages/airflow/example_dags/example_dag_decorator.py took 0.049 seconds
[2023-08-12T03:46:47.878+0000] {processor.py:157} INFO - Started process (PID=1035) to work on /home/airflow/.local/lib/python3.10/site-packages/airflow/example_dags/example_dag_decorator.py
[2023-08-12T03:46:47.879+0000] {processor.py:826} INFO - Processing file /home/airflow/.local/lib/python3.10/site-packages/airflow/example_dags/example_dag_decorator.py for tasks to queue
[2023-08-12T03:46:47.879+0000] {logging_mixin.py:149} INFO - [2023-08-12T03:46:47.879+0000] {dagbag.py:541} INFO - Filling up the DagBag from /home/airflow/.local/lib/python3.10/site-packages/airflow/example_dags/example_dag_decorator.py
[2023-08-12T03:46:47.882+0000] {logging_mixin.py:149} INFO - [2023-08-12T03:46:47.882+0000] {taskmixin.py:211} WARNING - Dependency <Task(_PythonDecoratedOperator): prepare_email>, send_email already registered for DAG: example_dag_decorator
[2023-08-12T03:46:47.882+0000] {logging_mixin.py:149} INFO - [2023-08-12T03:46:47.882+0000] {taskmixin.py:211} WARNING - Dependency <Task(EmailOperator): send_email>, prepare_email already registered for DAG: example_dag_decorator
[2023-08-12T03:46:47.885+0000] {processor.py:836} INFO - DAG(s) dict_keys(['example_dag_decorator']) retrieved from /home/airflow/.local/lib/python3.10/site-packages/airflow/example_dags/example_dag_decorator.py
[2023-08-12T03:46:47.910+0000] {logging_mixin.py:149} INFO - [2023-08-12T03:46:47.910+0000] {dag.py:2726} INFO - Sync 1 DAGs
[2023-08-12T03:46:47.919+0000] {logging_mixin.py:149} INFO - [2023-08-12T03:46:47.919+0000] {dag.py:3486} INFO - Setting next_dagrun for example_dag_decorator to None, run_after=None
[2023-08-12T03:46:47.926+0000] {processor.py:179} INFO - Processing /home/airflow/.local/lib/python3.10/site-packages/airflow/example_dags/example_dag_decorator.py took 0.049 seconds
[2023-08-12T03:47:18.231+0000] {processor.py:157} INFO - Started process (PID=1111) to work on /home/airflow/.local/lib/python3.10/site-packages/airflow/example_dags/example_dag_decorator.py
[2023-08-12T03:47:18.231+0000] {processor.py:826} INFO - Processing file /home/airflow/.local/lib/python3.10/site-packages/airflow/example_dags/example_dag_decorator.py for tasks to queue
[2023-08-12T03:47:18.231+0000] {logging_mixin.py:149} INFO - [2023-08-12T03:47:18.231+0000] {dagbag.py:541} INFO - Filling up the DagBag from /home/airflow/.local/lib/python3.10/site-packages/airflow/example_dags/example_dag_decorator.py
[2023-08-12T03:47:18.234+0000] {logging_mixin.py:149} INFO - [2023-08-12T03:47:18.234+0000] {taskmixin.py:211} WARNING - Dependency <Task(_PythonDecoratedOperator): prepare_email>, send_email already registered for DAG: example_dag_decorator
[2023-08-12T03:47:18.234+0000] {logging_mixin.py:149} INFO - [2023-08-12T03:47:18.234+0000] {taskmixin.py:211} WARNING - Dependency <Task(EmailOperator): send_email>, prepare_email already registered for DAG: example_dag_decorator
[2023-08-12T03:47:18.238+0000] {processor.py:836} INFO - DAG(s) dict_keys(['example_dag_decorator']) retrieved from /home/airflow/.local/lib/python3.10/site-packages/airflow/example_dags/example_dag_decorator.py
[2023-08-12T03:47:18.263+0000] {logging_mixin.py:149} INFO - [2023-08-12T03:47:18.263+0000] {dag.py:2726} INFO - Sync 1 DAGs
[2023-08-12T03:47:18.272+0000] {logging_mixin.py:149} INFO - [2023-08-12T03:47:18.272+0000] {dag.py:3486} INFO - Setting next_dagrun for example_dag_decorator to None, run_after=None
[2023-08-12T03:47:18.279+0000] {processor.py:179} INFO - Processing /home/airflow/.local/lib/python3.10/site-packages/airflow/example_dags/example_dag_decorator.py took 0.050 seconds
[2023-08-12T03:47:48.552+0000] {processor.py:157} INFO - Started process (PID=1188) to work on /home/airflow/.local/lib/python3.10/site-packages/airflow/example_dags/example_dag_decorator.py
[2023-08-12T03:47:48.552+0000] {processor.py:826} INFO - Processing file /home/airflow/.local/lib/python3.10/site-packages/airflow/example_dags/example_dag_decorator.py for tasks to queue
[2023-08-12T03:47:48.552+0000] {logging_mixin.py:149} INFO - [2023-08-12T03:47:48.552+0000] {dagbag.py:541} INFO - Filling up the DagBag from /home/airflow/.local/lib/python3.10/site-packages/airflow/example_dags/example_dag_decorator.py
[2023-08-12T03:47:48.555+0000] {logging_mixin.py:149} INFO - [2023-08-12T03:47:48.555+0000] {taskmixin.py:211} WARNING - Dependency <Task(_PythonDecoratedOperator): prepare_email>, send_email already registered for DAG: example_dag_decorator
[2023-08-12T03:47:48.555+0000] {logging_mixin.py:149} INFO - [2023-08-12T03:47:48.555+0000] {taskmixin.py:211} WARNING - Dependency <Task(EmailOperator): send_email>, prepare_email already registered for DAG: example_dag_decorator
[2023-08-12T03:47:48.558+0000] {processor.py:836} INFO - DAG(s) dict_keys(['example_dag_decorator']) retrieved from /home/airflow/.local/lib/python3.10/site-packages/airflow/example_dags/example_dag_decorator.py
[2023-08-12T03:47:48.584+0000] {logging_mixin.py:149} INFO - [2023-08-12T03:47:48.584+0000] {dag.py:2726} INFO - Sync 1 DAGs
[2023-08-12T03:47:48.593+0000] {logging_mixin.py:149} INFO - [2023-08-12T03:47:48.592+0000] {dag.py:3486} INFO - Setting next_dagrun for example_dag_decorator to None, run_after=None
[2023-08-12T03:47:48.600+0000] {processor.py:179} INFO - Processing /home/airflow/.local/lib/python3.10/site-packages/airflow/example_dags/example_dag_decorator.py took 0.049 seconds
[2023-08-12T03:48:18.977+0000] {processor.py:157} INFO - Started process (PID=1265) to work on /home/airflow/.local/lib/python3.10/site-packages/airflow/example_dags/example_dag_decorator.py
[2023-08-12T03:48:18.977+0000] {processor.py:826} INFO - Processing file /home/airflow/.local/lib/python3.10/site-packages/airflow/example_dags/example_dag_decorator.py for tasks to queue
[2023-08-12T03:48:18.978+0000] {logging_mixin.py:149} INFO - [2023-08-12T03:48:18.978+0000] {dagbag.py:541} INFO - Filling up the DagBag from /home/airflow/.local/lib/python3.10/site-packages/airflow/example_dags/example_dag_decorator.py
[2023-08-12T03:48:18.980+0000] {logging_mixin.py:149} INFO - [2023-08-12T03:48:18.980+0000] {taskmixin.py:211} WARNING - Dependency <Task(_PythonDecoratedOperator): prepare_email>, send_email already registered for DAG: example_dag_decorator
[2023-08-12T03:48:18.980+0000] {logging_mixin.py:149} INFO - [2023-08-12T03:48:18.980+0000] {taskmixin.py:211} WARNING - Dependency <Task(EmailOperator): send_email>, prepare_email already registered for DAG: example_dag_decorator
[2023-08-12T03:48:18.984+0000] {processor.py:836} INFO - DAG(s) dict_keys(['example_dag_decorator']) retrieved from /home/airflow/.local/lib/python3.10/site-packages/airflow/example_dags/example_dag_decorator.py
[2023-08-12T03:48:19.009+0000] {logging_mixin.py:149} INFO - [2023-08-12T03:48:19.009+0000] {dag.py:2726} INFO - Sync 1 DAGs
[2023-08-12T03:48:19.017+0000] {logging_mixin.py:149} INFO - [2023-08-12T03:48:19.017+0000] {dag.py:3486} INFO - Setting next_dagrun for example_dag_decorator to None, run_after=None
[2023-08-12T03:48:19.025+0000] {processor.py:179} INFO - Processing /home/airflow/.local/lib/python3.10/site-packages/airflow/example_dags/example_dag_decorator.py took 0.049 seconds
[2023-08-12T03:48:49.343+0000] {processor.py:157} INFO - Started process (PID=1344) to work on /home/airflow/.local/lib/python3.10/site-packages/airflow/example_dags/example_dag_decorator.py
[2023-08-12T03:48:49.343+0000] {processor.py:826} INFO - Processing file /home/airflow/.local/lib/python3.10/site-packages/airflow/example_dags/example_dag_decorator.py for tasks to queue
[2023-08-12T03:48:49.343+0000] {logging_mixin.py:149} INFO - [2023-08-12T03:48:49.343+0000] {dagbag.py:541} INFO - Filling up the DagBag from /home/airflow/.local/lib/python3.10/site-packages/airflow/example_dags/example_dag_decorator.py
[2023-08-12T03:48:49.346+0000] {logging_mixin.py:149} INFO - [2023-08-12T03:48:49.346+0000] {taskmixin.py:211} WARNING - Dependency <Task(_PythonDecoratedOperator): prepare_email>, send_email already registered for DAG: example_dag_decorator
[2023-08-12T03:48:49.346+0000] {logging_mixin.py:149} INFO - [2023-08-12T03:48:49.346+0000] {taskmixin.py:211} WARNING - Dependency <Task(EmailOperator): send_email>, prepare_email already registered for DAG: example_dag_decorator
[2023-08-12T03:48:49.349+0000] {processor.py:836} INFO - DAG(s) dict_keys(['example_dag_decorator']) retrieved from /home/airflow/.local/lib/python3.10/site-packages/airflow/example_dags/example_dag_decorator.py
[2023-08-12T03:48:49.374+0000] {logging_mixin.py:149} INFO - [2023-08-12T03:48:49.374+0000] {dag.py:2726} INFO - Sync 1 DAGs
[2023-08-12T03:48:49.383+0000] {logging_mixin.py:149} INFO - [2023-08-12T03:48:49.383+0000] {dag.py:3486} INFO - Setting next_dagrun for example_dag_decorator to None, run_after=None
[2023-08-12T03:48:49.391+0000] {processor.py:179} INFO - Processing /home/airflow/.local/lib/python3.10/site-packages/airflow/example_dags/example_dag_decorator.py took 0.050 seconds
[2023-08-12T03:49:19.684+0000] {processor.py:157} INFO - Started process (PID=1419) to work on /home/airflow/.local/lib/python3.10/site-packages/airflow/example_dags/example_dag_decorator.py
[2023-08-12T03:49:19.684+0000] {processor.py:826} INFO - Processing file /home/airflow/.local/lib/python3.10/site-packages/airflow/example_dags/example_dag_decorator.py for tasks to queue
[2023-08-12T03:49:19.684+0000] {logging_mixin.py:149} INFO - [2023-08-12T03:49:19.684+0000] {dagbag.py:541} INFO - Filling up the DagBag from /home/airflow/.local/lib/python3.10/site-packages/airflow/example_dags/example_dag_decorator.py
[2023-08-12T03:49:19.687+0000] {logging_mixin.py:149} INFO - [2023-08-12T03:49:19.687+0000] {taskmixin.py:211} WARNING - Dependency <Task(_PythonDecoratedOperator): prepare_email>, send_email already registered for DAG: example_dag_decorator
[2023-08-12T03:49:19.687+0000] {logging_mixin.py:149} INFO - [2023-08-12T03:49:19.687+0000] {taskmixin.py:211} WARNING - Dependency <Task(EmailOperator): send_email>, prepare_email already registered for DAG: example_dag_decorator
[2023-08-12T03:49:19.691+0000] {processor.py:836} INFO - DAG(s) dict_keys(['example_dag_decorator']) retrieved from /home/airflow/.local/lib/python3.10/site-packages/airflow/example_dags/example_dag_decorator.py
[2023-08-12T03:49:19.716+0000] {logging_mixin.py:149} INFO - [2023-08-12T03:49:19.716+0000] {dag.py:2726} INFO - Sync 1 DAGs
[2023-08-12T03:49:19.725+0000] {logging_mixin.py:149} INFO - [2023-08-12T03:49:19.725+0000] {dag.py:3486} INFO - Setting next_dagrun for example_dag_decorator to None, run_after=None
[2023-08-12T03:49:19.732+0000] {processor.py:179} INFO - Processing /home/airflow/.local/lib/python3.10/site-packages/airflow/example_dags/example_dag_decorator.py took 0.050 seconds
[2023-08-12T03:49:50.054+0000] {processor.py:157} INFO - Started process (PID=1496) to work on /home/airflow/.local/lib/python3.10/site-packages/airflow/example_dags/example_dag_decorator.py
[2023-08-12T03:49:50.055+0000] {processor.py:826} INFO - Processing file /home/airflow/.local/lib/python3.10/site-packages/airflow/example_dags/example_dag_decorator.py for tasks to queue
[2023-08-12T03:49:50.055+0000] {logging_mixin.py:149} INFO - [2023-08-12T03:49:50.055+0000] {dagbag.py:541} INFO - Filling up the DagBag from /home/airflow/.local/lib/python3.10/site-packages/airflow/example_dags/example_dag_decorator.py
[2023-08-12T03:49:50.058+0000] {logging_mixin.py:149} INFO - [2023-08-12T03:49:50.057+0000] {taskmixin.py:211} WARNING - Dependency <Task(_PythonDecoratedOperator): prepare_email>, send_email already registered for DAG: example_dag_decorator
[2023-08-12T03:49:50.058+0000] {logging_mixin.py:149} INFO - [2023-08-12T03:49:50.058+0000] {taskmixin.py:211} WARNING - Dependency <Task(EmailOperator): send_email>, prepare_email already registered for DAG: example_dag_decorator
[2023-08-12T03:49:50.061+0000] {processor.py:836} INFO - DAG(s) dict_keys(['example_dag_decorator']) retrieved from /home/airflow/.local/lib/python3.10/site-packages/airflow/example_dags/example_dag_decorator.py
[2023-08-12T03:49:50.087+0000] {logging_mixin.py:149} INFO - [2023-08-12T03:49:50.087+0000] {dag.py:2726} INFO - Sync 1 DAGs
[2023-08-12T03:49:50.096+0000] {logging_mixin.py:149} INFO - [2023-08-12T03:49:50.096+0000] {dag.py:3486} INFO - Setting next_dagrun for example_dag_decorator to None, run_after=None
[2023-08-12T03:49:50.104+0000] {processor.py:179} INFO - Processing /home/airflow/.local/lib/python3.10/site-packages/airflow/example_dags/example_dag_decorator.py took 0.051 seconds
[2023-08-12T03:50:20.387+0000] {processor.py:157} INFO - Started process (PID=1573) to work on /home/airflow/.local/lib/python3.10/site-packages/airflow/example_dags/example_dag_decorator.py
[2023-08-12T03:50:20.387+0000] {processor.py:826} INFO - Processing file /home/airflow/.local/lib/python3.10/site-packages/airflow/example_dags/example_dag_decorator.py for tasks to queue
[2023-08-12T03:50:20.387+0000] {logging_mixin.py:149} INFO - [2023-08-12T03:50:20.387+0000] {dagbag.py:541} INFO - Filling up the DagBag from /home/airflow/.local/lib/python3.10/site-packages/airflow/example_dags/example_dag_decorator.py
[2023-08-12T03:50:20.390+0000] {logging_mixin.py:149} INFO - [2023-08-12T03:50:20.390+0000] {taskmixin.py:211} WARNING - Dependency <Task(_PythonDecoratedOperator): prepare_email>, send_email already registered for DAG: example_dag_decorator
[2023-08-12T03:50:20.390+0000] {logging_mixin.py:149} INFO - [2023-08-12T03:50:20.390+0000] {taskmixin.py:211} WARNING - Dependency <Task(EmailOperator): send_email>, prepare_email already registered for DAG: example_dag_decorator
[2023-08-12T03:50:20.394+0000] {processor.py:836} INFO - DAG(s) dict_keys(['example_dag_decorator']) retrieved from /home/airflow/.local/lib/python3.10/site-packages/airflow/example_dags/example_dag_decorator.py
[2023-08-12T03:50:20.418+0000] {logging_mixin.py:149} INFO - [2023-08-12T03:50:20.418+0000] {dag.py:2726} INFO - Sync 1 DAGs
[2023-08-12T03:50:20.427+0000] {logging_mixin.py:149} INFO - [2023-08-12T03:50:20.427+0000] {dag.py:3486} INFO - Setting next_dagrun for example_dag_decorator to None, run_after=None
[2023-08-12T03:50:20.434+0000] {processor.py:179} INFO - Processing /home/airflow/.local/lib/python3.10/site-packages/airflow/example_dags/example_dag_decorator.py took 0.048 seconds
[2023-08-12T03:50:50.817+0000] {processor.py:157} INFO - Started process (PID=1650) to work on /home/airflow/.local/lib/python3.10/site-packages/airflow/example_dags/example_dag_decorator.py
[2023-08-12T03:50:50.817+0000] {processor.py:826} INFO - Processing file /home/airflow/.local/lib/python3.10/site-packages/airflow/example_dags/example_dag_decorator.py for tasks to queue
[2023-08-12T03:50:50.817+0000] {logging_mixin.py:149} INFO - [2023-08-12T03:50:50.817+0000] {dagbag.py:541} INFO - Filling up the DagBag from /home/airflow/.local/lib/python3.10/site-packages/airflow/example_dags/example_dag_decorator.py
[2023-08-12T03:50:50.820+0000] {logging_mixin.py:149} INFO - [2023-08-12T03:50:50.820+0000] {taskmixin.py:211} WARNING - Dependency <Task(_PythonDecoratedOperator): prepare_email>, send_email already registered for DAG: example_dag_decorator
[2023-08-12T03:50:50.820+0000] {logging_mixin.py:149} INFO - [2023-08-12T03:50:50.820+0000] {taskmixin.py:211} WARNING - Dependency <Task(EmailOperator): send_email>, prepare_email already registered for DAG: example_dag_decorator
[2023-08-12T03:50:50.824+0000] {processor.py:836} INFO - DAG(s) dict_keys(['example_dag_decorator']) retrieved from /home/airflow/.local/lib/python3.10/site-packages/airflow/example_dags/example_dag_decorator.py
[2023-08-12T03:50:50.848+0000] {logging_mixin.py:149} INFO - [2023-08-12T03:50:50.848+0000] {dag.py:2726} INFO - Sync 1 DAGs
[2023-08-12T03:50:50.857+0000] {logging_mixin.py:149} INFO - [2023-08-12T03:50:50.857+0000] {dag.py:3486} INFO - Setting next_dagrun for example_dag_decorator to None, run_after=None
[2023-08-12T03:50:50.865+0000] {processor.py:179} INFO - Processing /home/airflow/.local/lib/python3.10/site-packages/airflow/example_dags/example_dag_decorator.py took 0.049 seconds
[2023-08-12T03:51:21.219+0000] {processor.py:157} INFO - Started process (PID=1727) to work on /home/airflow/.local/lib/python3.10/site-packages/airflow/example_dags/example_dag_decorator.py
[2023-08-12T03:51:21.220+0000] {processor.py:826} INFO - Processing file /home/airflow/.local/lib/python3.10/site-packages/airflow/example_dags/example_dag_decorator.py for tasks to queue
[2023-08-12T03:51:21.220+0000] {logging_mixin.py:149} INFO - [2023-08-12T03:51:21.220+0000] {dagbag.py:541} INFO - Filling up the DagBag from /home/airflow/.local/lib/python3.10/site-packages/airflow/example_dags/example_dag_decorator.py
[2023-08-12T03:51:21.223+0000] {logging_mixin.py:149} INFO - [2023-08-12T03:51:21.222+0000] {taskmixin.py:211} WARNING - Dependency <Task(_PythonDecoratedOperator): prepare_email>, send_email already registered for DAG: example_dag_decorator
[2023-08-12T03:51:21.223+0000] {logging_mixin.py:149} INFO - [2023-08-12T03:51:21.223+0000] {taskmixin.py:211} WARNING - Dependency <Task(EmailOperator): send_email>, prepare_email already registered for DAG: example_dag_decorator
[2023-08-12T03:51:21.226+0000] {processor.py:836} INFO - DAG(s) dict_keys(['example_dag_decorator']) retrieved from /home/airflow/.local/lib/python3.10/site-packages/airflow/example_dags/example_dag_decorator.py
[2023-08-12T03:51:21.251+0000] {logging_mixin.py:149} INFO - [2023-08-12T03:51:21.251+0000] {dag.py:2726} INFO - Sync 1 DAGs
[2023-08-12T03:51:21.260+0000] {logging_mixin.py:149} INFO - [2023-08-12T03:51:21.260+0000] {dag.py:3486} INFO - Setting next_dagrun for example_dag_decorator to None, run_after=None
[2023-08-12T03:51:21.268+0000] {processor.py:179} INFO - Processing /home/airflow/.local/lib/python3.10/site-packages/airflow/example_dags/example_dag_decorator.py took 0.050 seconds
[2023-08-12T03:51:51.709+0000] {processor.py:157} INFO - Started process (PID=1804) to work on /home/airflow/.local/lib/python3.10/site-packages/airflow/example_dags/example_dag_decorator.py
[2023-08-12T03:51:51.710+0000] {processor.py:826} INFO - Processing file /home/airflow/.local/lib/python3.10/site-packages/airflow/example_dags/example_dag_decorator.py for tasks to queue
[2023-08-12T03:51:51.710+0000] {logging_mixin.py:149} INFO - [2023-08-12T03:51:51.710+0000] {dagbag.py:541} INFO - Filling up the DagBag from /home/airflow/.local/lib/python3.10/site-packages/airflow/example_dags/example_dag_decorator.py
[2023-08-12T03:51:51.712+0000] {logging_mixin.py:149} INFO - [2023-08-12T03:51:51.712+0000] {taskmixin.py:211} WARNING - Dependency <Task(_PythonDecoratedOperator): prepare_email>, send_email already registered for DAG: example_dag_decorator
[2023-08-12T03:51:51.713+0000] {logging_mixin.py:149} INFO - [2023-08-12T03:51:51.712+0000] {taskmixin.py:211} WARNING - Dependency <Task(EmailOperator): send_email>, prepare_email already registered for DAG: example_dag_decorator
[2023-08-12T03:51:51.716+0000] {processor.py:836} INFO - DAG(s) dict_keys(['example_dag_decorator']) retrieved from /home/airflow/.local/lib/python3.10/site-packages/airflow/example_dags/example_dag_decorator.py
[2023-08-12T03:51:51.741+0000] {logging_mixin.py:149} INFO - [2023-08-12T03:51:51.741+0000] {dag.py:2726} INFO - Sync 1 DAGs
[2023-08-12T03:51:51.750+0000] {logging_mixin.py:149} INFO - [2023-08-12T03:51:51.750+0000] {dag.py:3486} INFO - Setting next_dagrun for example_dag_decorator to None, run_after=None
[2023-08-12T03:51:51.758+0000] {processor.py:179} INFO - Processing /home/airflow/.local/lib/python3.10/site-packages/airflow/example_dags/example_dag_decorator.py took 0.050 seconds
[2023-08-12T03:52:22.170+0000] {processor.py:157} INFO - Started process (PID=1881) to work on /home/airflow/.local/lib/python3.10/site-packages/airflow/example_dags/example_dag_decorator.py
[2023-08-12T03:52:22.170+0000] {processor.py:826} INFO - Processing file /home/airflow/.local/lib/python3.10/site-packages/airflow/example_dags/example_dag_decorator.py for tasks to queue
[2023-08-12T03:52:22.171+0000] {logging_mixin.py:149} INFO - [2023-08-12T03:52:22.171+0000] {dagbag.py:541} INFO - Filling up the DagBag from /home/airflow/.local/lib/python3.10/site-packages/airflow/example_dags/example_dag_decorator.py
[2023-08-12T03:52:22.173+0000] {logging_mixin.py:149} INFO - [2023-08-12T03:52:22.173+0000] {taskmixin.py:211} WARNING - Dependency <Task(_PythonDecoratedOperator): prepare_email>, send_email already registered for DAG: example_dag_decorator
[2023-08-12T03:52:22.173+0000] {logging_mixin.py:149} INFO - [2023-08-12T03:52:22.173+0000] {taskmixin.py:211} WARNING - Dependency <Task(EmailOperator): send_email>, prepare_email already registered for DAG: example_dag_decorator
[2023-08-12T03:52:22.177+0000] {processor.py:836} INFO - DAG(s) dict_keys(['example_dag_decorator']) retrieved from /home/airflow/.local/lib/python3.10/site-packages/airflow/example_dags/example_dag_decorator.py
[2023-08-12T03:52:22.202+0000] {logging_mixin.py:149} INFO - [2023-08-12T03:52:22.202+0000] {dag.py:2726} INFO - Sync 1 DAGs
[2023-08-12T03:52:22.211+0000] {logging_mixin.py:149} INFO - [2023-08-12T03:52:22.211+0000] {dag.py:3486} INFO - Setting next_dagrun for example_dag_decorator to None, run_after=None
[2023-08-12T03:52:22.219+0000] {processor.py:179} INFO - Processing /home/airflow/.local/lib/python3.10/site-packages/airflow/example_dags/example_dag_decorator.py took 0.050 seconds
[2023-08-12T03:52:52.625+0000] {processor.py:157} INFO - Started process (PID=1958) to work on /home/airflow/.local/lib/python3.10/site-packages/airflow/example_dags/example_dag_decorator.py
[2023-08-12T03:52:52.625+0000] {processor.py:826} INFO - Processing file /home/airflow/.local/lib/python3.10/site-packages/airflow/example_dags/example_dag_decorator.py for tasks to queue
[2023-08-12T03:52:52.625+0000] {logging_mixin.py:149} INFO - [2023-08-12T03:52:52.625+0000] {dagbag.py:541} INFO - Filling up the DagBag from /home/airflow/.local/lib/python3.10/site-packages/airflow/example_dags/example_dag_decorator.py
[2023-08-12T03:52:52.628+0000] {logging_mixin.py:149} INFO - [2023-08-12T03:52:52.628+0000] {taskmixin.py:211} WARNING - Dependency <Task(_PythonDecoratedOperator): prepare_email>, send_email already registered for DAG: example_dag_decorator
[2023-08-12T03:52:52.628+0000] {logging_mixin.py:149} INFO - [2023-08-12T03:52:52.628+0000] {taskmixin.py:211} WARNING - Dependency <Task(EmailOperator): send_email>, prepare_email already registered for DAG: example_dag_decorator
[2023-08-12T03:52:52.632+0000] {processor.py:836} INFO - DAG(s) dict_keys(['example_dag_decorator']) retrieved from /home/airflow/.local/lib/python3.10/site-packages/airflow/example_dags/example_dag_decorator.py
[2023-08-12T03:52:52.656+0000] {logging_mixin.py:149} INFO - [2023-08-12T03:52:52.656+0000] {dag.py:2726} INFO - Sync 1 DAGs
[2023-08-12T03:52:52.665+0000] {logging_mixin.py:149} INFO - [2023-08-12T03:52:52.665+0000] {dag.py:3486} INFO - Setting next_dagrun for example_dag_decorator to None, run_after=None
[2023-08-12T03:52:52.673+0000] {processor.py:179} INFO - Processing /home/airflow/.local/lib/python3.10/site-packages/airflow/example_dags/example_dag_decorator.py took 0.049 seconds
[2023-08-12T03:53:23.082+0000] {processor.py:157} INFO - Started process (PID=2035) to work on /home/airflow/.local/lib/python3.10/site-packages/airflow/example_dags/example_dag_decorator.py
[2023-08-12T03:53:23.082+0000] {processor.py:826} INFO - Processing file /home/airflow/.local/lib/python3.10/site-packages/airflow/example_dags/example_dag_decorator.py for tasks to queue
[2023-08-12T03:53:23.082+0000] {logging_mixin.py:149} INFO - [2023-08-12T03:53:23.082+0000] {dagbag.py:541} INFO - Filling up the DagBag from /home/airflow/.local/lib/python3.10/site-packages/airflow/example_dags/example_dag_decorator.py
[2023-08-12T03:53:23.085+0000] {logging_mixin.py:149} INFO - [2023-08-12T03:53:23.085+0000] {taskmixin.py:211} WARNING - Dependency <Task(_PythonDecoratedOperator): prepare_email>, send_email already registered for DAG: example_dag_decorator
[2023-08-12T03:53:23.085+0000] {logging_mixin.py:149} INFO - [2023-08-12T03:53:23.085+0000] {taskmixin.py:211} WARNING - Dependency <Task(EmailOperator): send_email>, prepare_email already registered for DAG: example_dag_decorator
[2023-08-12T03:53:23.088+0000] {processor.py:836} INFO - DAG(s) dict_keys(['example_dag_decorator']) retrieved from /home/airflow/.local/lib/python3.10/site-packages/airflow/example_dags/example_dag_decorator.py
[2023-08-12T03:53:23.115+0000] {logging_mixin.py:149} INFO - [2023-08-12T03:53:23.115+0000] {dag.py:2726} INFO - Sync 1 DAGs
[2023-08-12T03:53:23.125+0000] {logging_mixin.py:149} INFO - [2023-08-12T03:53:23.125+0000] {dag.py:3486} INFO - Setting next_dagrun for example_dag_decorator to None, run_after=None
[2023-08-12T03:53:23.133+0000] {processor.py:179} INFO - Processing /home/airflow/.local/lib/python3.10/site-packages/airflow/example_dags/example_dag_decorator.py took 0.053 seconds
[2023-08-12T03:53:53.505+0000] {processor.py:157} INFO - Started process (PID=2112) to work on /home/airflow/.local/lib/python3.10/site-packages/airflow/example_dags/example_dag_decorator.py
[2023-08-12T03:53:53.505+0000] {processor.py:826} INFO - Processing file /home/airflow/.local/lib/python3.10/site-packages/airflow/example_dags/example_dag_decorator.py for tasks to queue
[2023-08-12T03:53:53.506+0000] {logging_mixin.py:149} INFO - [2023-08-12T03:53:53.506+0000] {dagbag.py:541} INFO - Filling up the DagBag from /home/airflow/.local/lib/python3.10/site-packages/airflow/example_dags/example_dag_decorator.py
[2023-08-12T03:53:53.508+0000] {logging_mixin.py:149} INFO - [2023-08-12T03:53:53.508+0000] {taskmixin.py:211} WARNING - Dependency <Task(_PythonDecoratedOperator): prepare_email>, send_email already registered for DAG: example_dag_decorator
[2023-08-12T03:53:53.508+0000] {logging_mixin.py:149} INFO - [2023-08-12T03:53:53.508+0000] {taskmixin.py:211} WARNING - Dependency <Task(EmailOperator): send_email>, prepare_email already registered for DAG: example_dag_decorator
[2023-08-12T03:53:53.512+0000] {processor.py:836} INFO - DAG(s) dict_keys(['example_dag_decorator']) retrieved from /home/airflow/.local/lib/python3.10/site-packages/airflow/example_dags/example_dag_decorator.py
[2023-08-12T03:53:53.539+0000] {logging_mixin.py:149} INFO - [2023-08-12T03:53:53.539+0000] {dag.py:2726} INFO - Sync 1 DAGs
[2023-08-12T03:53:53.547+0000] {logging_mixin.py:149} INFO - [2023-08-12T03:53:53.547+0000] {dag.py:3486} INFO - Setting next_dagrun for example_dag_decorator to None, run_after=None
[2023-08-12T03:53:53.555+0000] {processor.py:179} INFO - Processing /home/airflow/.local/lib/python3.10/site-packages/airflow/example_dags/example_dag_decorator.py took 0.052 seconds
[2023-08-12T03:54:23.814+0000] {processor.py:157} INFO - Started process (PID=2189) to work on /home/airflow/.local/lib/python3.10/site-packages/airflow/example_dags/example_dag_decorator.py
[2023-08-12T03:54:23.814+0000] {processor.py:826} INFO - Processing file /home/airflow/.local/lib/python3.10/site-packages/airflow/example_dags/example_dag_decorator.py for tasks to queue
[2023-08-12T03:54:23.815+0000] {logging_mixin.py:149} INFO - [2023-08-12T03:54:23.814+0000] {dagbag.py:541} INFO - Filling up the DagBag from /home/airflow/.local/lib/python3.10/site-packages/airflow/example_dags/example_dag_decorator.py
[2023-08-12T03:54:23.817+0000] {logging_mixin.py:149} INFO - [2023-08-12T03:54:23.817+0000] {taskmixin.py:211} WARNING - Dependency <Task(_PythonDecoratedOperator): prepare_email>, send_email already registered for DAG: example_dag_decorator
[2023-08-12T03:54:23.817+0000] {logging_mixin.py:149} INFO - [2023-08-12T03:54:23.817+0000] {taskmixin.py:211} WARNING - Dependency <Task(EmailOperator): send_email>, prepare_email already registered for DAG: example_dag_decorator
[2023-08-12T03:54:23.821+0000] {processor.py:836} INFO - DAG(s) dict_keys(['example_dag_decorator']) retrieved from /home/airflow/.local/lib/python3.10/site-packages/airflow/example_dags/example_dag_decorator.py
[2023-08-12T03:54:23.846+0000] {logging_mixin.py:149} INFO - [2023-08-12T03:54:23.846+0000] {dag.py:2726} INFO - Sync 1 DAGs
[2023-08-12T03:54:23.855+0000] {logging_mixin.py:149} INFO - [2023-08-12T03:54:23.855+0000] {dag.py:3486} INFO - Setting next_dagrun for example_dag_decorator to None, run_after=None
[2023-08-12T03:54:23.862+0000] {processor.py:179} INFO - Processing /home/airflow/.local/lib/python3.10/site-packages/airflow/example_dags/example_dag_decorator.py took 0.049 seconds
[2023-08-12T03:54:54.203+0000] {processor.py:157} INFO - Started process (PID=2267) to work on /home/airflow/.local/lib/python3.10/site-packages/airflow/example_dags/example_dag_decorator.py
[2023-08-12T03:54:54.203+0000] {processor.py:826} INFO - Processing file /home/airflow/.local/lib/python3.10/site-packages/airflow/example_dags/example_dag_decorator.py for tasks to queue
[2023-08-12T03:54:54.203+0000] {logging_mixin.py:149} INFO - [2023-08-12T03:54:54.203+0000] {dagbag.py:541} INFO - Filling up the DagBag from /home/airflow/.local/lib/python3.10/site-packages/airflow/example_dags/example_dag_decorator.py
[2023-08-12T03:54:54.206+0000] {logging_mixin.py:149} INFO - [2023-08-12T03:54:54.206+0000] {taskmixin.py:211} WARNING - Dependency <Task(_PythonDecoratedOperator): prepare_email>, send_email already registered for DAG: example_dag_decorator
[2023-08-12T03:54:54.206+0000] {logging_mixin.py:149} INFO - [2023-08-12T03:54:54.206+0000] {taskmixin.py:211} WARNING - Dependency <Task(EmailOperator): send_email>, prepare_email already registered for DAG: example_dag_decorator
[2023-08-12T03:54:54.209+0000] {processor.py:836} INFO - DAG(s) dict_keys(['example_dag_decorator']) retrieved from /home/airflow/.local/lib/python3.10/site-packages/airflow/example_dags/example_dag_decorator.py
[2023-08-12T03:54:54.234+0000] {logging_mixin.py:149} INFO - [2023-08-12T03:54:54.234+0000] {dag.py:2726} INFO - Sync 1 DAGs
[2023-08-12T03:54:54.243+0000] {logging_mixin.py:149} INFO - [2023-08-12T03:54:54.243+0000] {dag.py:3486} INFO - Setting next_dagrun for example_dag_decorator to None, run_after=None
[2023-08-12T03:54:54.251+0000] {processor.py:179} INFO - Processing /home/airflow/.local/lib/python3.10/site-packages/airflow/example_dags/example_dag_decorator.py took 0.050 seconds
[2023-08-12T03:55:24.549+0000] {processor.py:157} INFO - Started process (PID=2344) to work on /home/airflow/.local/lib/python3.10/site-packages/airflow/example_dags/example_dag_decorator.py
[2023-08-12T03:55:24.550+0000] {processor.py:826} INFO - Processing file /home/airflow/.local/lib/python3.10/site-packages/airflow/example_dags/example_dag_decorator.py for tasks to queue
[2023-08-12T03:55:24.550+0000] {logging_mixin.py:149} INFO - [2023-08-12T03:55:24.550+0000] {dagbag.py:541} INFO - Filling up the DagBag from /home/airflow/.local/lib/python3.10/site-packages/airflow/example_dags/example_dag_decorator.py
[2023-08-12T03:55:24.553+0000] {logging_mixin.py:149} INFO - [2023-08-12T03:55:24.552+0000] {taskmixin.py:211} WARNING - Dependency <Task(_PythonDecoratedOperator): prepare_email>, send_email already registered for DAG: example_dag_decorator
[2023-08-12T03:55:24.553+0000] {logging_mixin.py:149} INFO - [2023-08-12T03:55:24.553+0000] {taskmixin.py:211} WARNING - Dependency <Task(EmailOperator): send_email>, prepare_email already registered for DAG: example_dag_decorator
[2023-08-12T03:55:24.556+0000] {processor.py:836} INFO - DAG(s) dict_keys(['example_dag_decorator']) retrieved from /home/airflow/.local/lib/python3.10/site-packages/airflow/example_dags/example_dag_decorator.py
[2023-08-12T03:55:24.581+0000] {logging_mixin.py:149} INFO - [2023-08-12T03:55:24.581+0000] {dag.py:2726} INFO - Sync 1 DAGs
[2023-08-12T03:55:24.590+0000] {logging_mixin.py:149} INFO - [2023-08-12T03:55:24.590+0000] {dag.py:3486} INFO - Setting next_dagrun for example_dag_decorator to None, run_after=None
[2023-08-12T03:55:24.598+0000] {processor.py:179} INFO - Processing /home/airflow/.local/lib/python3.10/site-packages/airflow/example_dags/example_dag_decorator.py took 0.050 seconds
[2023-08-12T03:56:29.930+0000] {processor.py:157} INFO - Started process (PID=35) to work on /home/airflow/.local/lib/python3.10/site-packages/airflow/example_dags/example_dag_decorator.py
[2023-08-12T03:56:29.931+0000] {processor.py:826} INFO - Processing file /home/airflow/.local/lib/python3.10/site-packages/airflow/example_dags/example_dag_decorator.py for tasks to queue
[2023-08-12T03:56:29.931+0000] {logging_mixin.py:149} INFO - [2023-08-12T03:56:29.931+0000] {dagbag.py:541} INFO - Filling up the DagBag from /home/airflow/.local/lib/python3.10/site-packages/airflow/example_dags/example_dag_decorator.py
[2023-08-12T03:56:29.934+0000] {logging_mixin.py:149} INFO - [2023-08-12T03:56:29.934+0000] {taskmixin.py:211} WARNING - Dependency <Task(_PythonDecoratedOperator): prepare_email>, send_email already registered for DAG: example_dag_decorator
[2023-08-12T03:56:29.935+0000] {logging_mixin.py:149} INFO - [2023-08-12T03:56:29.935+0000] {taskmixin.py:211} WARNING - Dependency <Task(EmailOperator): send_email>, prepare_email already registered for DAG: example_dag_decorator
[2023-08-12T03:56:29.943+0000] {processor.py:836} INFO - DAG(s) dict_keys(['example_dag_decorator']) retrieved from /home/airflow/.local/lib/python3.10/site-packages/airflow/example_dags/example_dag_decorator.py
[2023-08-12T03:56:29.950+0000] {logging_mixin.py:149} INFO - [2023-08-12T03:56:29.950+0000] {dag.py:2726} INFO - Sync 1 DAGs
[2023-08-12T03:56:29.960+0000] {logging_mixin.py:149} INFO - [2023-08-12T03:56:29.960+0000] {dag.py:3486} INFO - Setting next_dagrun for example_dag_decorator to None, run_after=None
[2023-08-12T03:56:29.967+0000] {processor.py:179} INFO - Processing /home/airflow/.local/lib/python3.10/site-packages/airflow/example_dags/example_dag_decorator.py took 0.039 seconds
[2023-08-12T03:57:00.131+0000] {processor.py:157} INFO - Started process (PID=111) to work on /home/airflow/.local/lib/python3.10/site-packages/airflow/example_dags/example_dag_decorator.py
[2023-08-12T03:57:00.131+0000] {processor.py:826} INFO - Processing file /home/airflow/.local/lib/python3.10/site-packages/airflow/example_dags/example_dag_decorator.py for tasks to queue
[2023-08-12T03:57:00.131+0000] {logging_mixin.py:149} INFO - [2023-08-12T03:57:00.131+0000] {dagbag.py:541} INFO - Filling up the DagBag from /home/airflow/.local/lib/python3.10/site-packages/airflow/example_dags/example_dag_decorator.py
[2023-08-12T03:57:00.134+0000] {logging_mixin.py:149} INFO - [2023-08-12T03:57:00.134+0000] {taskmixin.py:211} WARNING - Dependency <Task(_PythonDecoratedOperator): prepare_email>, send_email already registered for DAG: example_dag_decorator
[2023-08-12T03:57:00.134+0000] {logging_mixin.py:149} INFO - [2023-08-12T03:57:00.134+0000] {taskmixin.py:211} WARNING - Dependency <Task(EmailOperator): send_email>, prepare_email already registered for DAG: example_dag_decorator
[2023-08-12T03:57:00.137+0000] {processor.py:836} INFO - DAG(s) dict_keys(['example_dag_decorator']) retrieved from /home/airflow/.local/lib/python3.10/site-packages/airflow/example_dags/example_dag_decorator.py
[2023-08-12T03:57:00.163+0000] {logging_mixin.py:149} INFO - [2023-08-12T03:57:00.162+0000] {dag.py:2726} INFO - Sync 1 DAGs
[2023-08-12T03:57:00.171+0000] {logging_mixin.py:149} INFO - [2023-08-12T03:57:00.171+0000] {dag.py:3486} INFO - Setting next_dagrun for example_dag_decorator to None, run_after=None
[2023-08-12T03:57:00.179+0000] {processor.py:179} INFO - Processing /home/airflow/.local/lib/python3.10/site-packages/airflow/example_dags/example_dag_decorator.py took 0.050 seconds
[2023-08-12T03:57:30.552+0000] {processor.py:157} INFO - Started process (PID=188) to work on /home/airflow/.local/lib/python3.10/site-packages/airflow/example_dags/example_dag_decorator.py
[2023-08-12T03:57:30.552+0000] {processor.py:826} INFO - Processing file /home/airflow/.local/lib/python3.10/site-packages/airflow/example_dags/example_dag_decorator.py for tasks to queue
[2023-08-12T03:57:30.552+0000] {logging_mixin.py:149} INFO - [2023-08-12T03:57:30.552+0000] {dagbag.py:541} INFO - Filling up the DagBag from /home/airflow/.local/lib/python3.10/site-packages/airflow/example_dags/example_dag_decorator.py
[2023-08-12T03:57:30.555+0000] {logging_mixin.py:149} INFO - [2023-08-12T03:57:30.555+0000] {taskmixin.py:211} WARNING - Dependency <Task(_PythonDecoratedOperator): prepare_email>, send_email already registered for DAG: example_dag_decorator
[2023-08-12T03:57:30.555+0000] {logging_mixin.py:149} INFO - [2023-08-12T03:57:30.555+0000] {taskmixin.py:211} WARNING - Dependency <Task(EmailOperator): send_email>, prepare_email already registered for DAG: example_dag_decorator
[2023-08-12T03:57:30.559+0000] {processor.py:836} INFO - DAG(s) dict_keys(['example_dag_decorator']) retrieved from /home/airflow/.local/lib/python3.10/site-packages/airflow/example_dags/example_dag_decorator.py
[2023-08-12T03:57:30.585+0000] {logging_mixin.py:149} INFO - [2023-08-12T03:57:30.585+0000] {dag.py:2726} INFO - Sync 1 DAGs
[2023-08-12T03:57:30.595+0000] {logging_mixin.py:149} INFO - [2023-08-12T03:57:30.594+0000] {dag.py:3486} INFO - Setting next_dagrun for example_dag_decorator to None, run_after=None
[2023-08-12T03:57:30.605+0000] {processor.py:179} INFO - Processing /home/airflow/.local/lib/python3.10/site-packages/airflow/example_dags/example_dag_decorator.py took 0.055 seconds
[2023-08-12T03:58:00.863+0000] {processor.py:157} INFO - Started process (PID=265) to work on /home/airflow/.local/lib/python3.10/site-packages/airflow/example_dags/example_dag_decorator.py
[2023-08-12T03:58:00.863+0000] {processor.py:826} INFO - Processing file /home/airflow/.local/lib/python3.10/site-packages/airflow/example_dags/example_dag_decorator.py for tasks to queue
[2023-08-12T03:58:00.864+0000] {logging_mixin.py:149} INFO - [2023-08-12T03:58:00.864+0000] {dagbag.py:541} INFO - Filling up the DagBag from /home/airflow/.local/lib/python3.10/site-packages/airflow/example_dags/example_dag_decorator.py
[2023-08-12T03:58:00.867+0000] {logging_mixin.py:149} INFO - [2023-08-12T03:58:00.866+0000] {taskmixin.py:211} WARNING - Dependency <Task(_PythonDecoratedOperator): prepare_email>, send_email already registered for DAG: example_dag_decorator
[2023-08-12T03:58:00.867+0000] {logging_mixin.py:149} INFO - [2023-08-12T03:58:00.867+0000] {taskmixin.py:211} WARNING - Dependency <Task(EmailOperator): send_email>, prepare_email already registered for DAG: example_dag_decorator
[2023-08-12T03:58:00.870+0000] {processor.py:836} INFO - DAG(s) dict_keys(['example_dag_decorator']) retrieved from /home/airflow/.local/lib/python3.10/site-packages/airflow/example_dags/example_dag_decorator.py
[2023-08-12T03:58:00.900+0000] {logging_mixin.py:149} INFO - [2023-08-12T03:58:00.900+0000] {dag.py:2726} INFO - Sync 1 DAGs
[2023-08-12T03:58:00.909+0000] {logging_mixin.py:149} INFO - [2023-08-12T03:58:00.909+0000] {dag.py:3486} INFO - Setting next_dagrun for example_dag_decorator to None, run_after=None
[2023-08-12T03:58:00.918+0000] {processor.py:179} INFO - Processing /home/airflow/.local/lib/python3.10/site-packages/airflow/example_dags/example_dag_decorator.py took 0.056 seconds
[2023-08-12T03:58:31.242+0000] {processor.py:157} INFO - Started process (PID=342) to work on /home/airflow/.local/lib/python3.10/site-packages/airflow/example_dags/example_dag_decorator.py
[2023-08-12T03:58:31.242+0000] {processor.py:826} INFO - Processing file /home/airflow/.local/lib/python3.10/site-packages/airflow/example_dags/example_dag_decorator.py for tasks to queue
[2023-08-12T03:58:31.242+0000] {logging_mixin.py:149} INFO - [2023-08-12T03:58:31.242+0000] {dagbag.py:541} INFO - Filling up the DagBag from /home/airflow/.local/lib/python3.10/site-packages/airflow/example_dags/example_dag_decorator.py
[2023-08-12T03:58:31.245+0000] {logging_mixin.py:149} INFO - [2023-08-12T03:58:31.245+0000] {taskmixin.py:211} WARNING - Dependency <Task(_PythonDecoratedOperator): prepare_email>, send_email already registered for DAG: example_dag_decorator
[2023-08-12T03:58:31.245+0000] {logging_mixin.py:149} INFO - [2023-08-12T03:58:31.245+0000] {taskmixin.py:211} WARNING - Dependency <Task(EmailOperator): send_email>, prepare_email already registered for DAG: example_dag_decorator
[2023-08-12T03:58:31.249+0000] {processor.py:836} INFO - DAG(s) dict_keys(['example_dag_decorator']) retrieved from /home/airflow/.local/lib/python3.10/site-packages/airflow/example_dags/example_dag_decorator.py
[2023-08-12T03:58:31.275+0000] {logging_mixin.py:149} INFO - [2023-08-12T03:58:31.274+0000] {dag.py:2726} INFO - Sync 1 DAGs
[2023-08-12T03:58:31.284+0000] {logging_mixin.py:149} INFO - [2023-08-12T03:58:31.283+0000] {dag.py:3486} INFO - Setting next_dagrun for example_dag_decorator to None, run_after=None
[2023-08-12T03:58:31.291+0000] {processor.py:179} INFO - Processing /home/airflow/.local/lib/python3.10/site-packages/airflow/example_dags/example_dag_decorator.py took 0.051 seconds
[2023-08-12T03:59:01.655+0000] {processor.py:157} INFO - Started process (PID=418) to work on /home/airflow/.local/lib/python3.10/site-packages/airflow/example_dags/example_dag_decorator.py
[2023-08-12T03:59:01.655+0000] {processor.py:826} INFO - Processing file /home/airflow/.local/lib/python3.10/site-packages/airflow/example_dags/example_dag_decorator.py for tasks to queue
[2023-08-12T03:59:01.655+0000] {logging_mixin.py:149} INFO - [2023-08-12T03:59:01.655+0000] {dagbag.py:541} INFO - Filling up the DagBag from /home/airflow/.local/lib/python3.10/site-packages/airflow/example_dags/example_dag_decorator.py
[2023-08-12T03:59:01.658+0000] {logging_mixin.py:149} INFO - [2023-08-12T03:59:01.658+0000] {taskmixin.py:211} WARNING - Dependency <Task(_PythonDecoratedOperator): prepare_email>, send_email already registered for DAG: example_dag_decorator
[2023-08-12T03:59:01.658+0000] {logging_mixin.py:149} INFO - [2023-08-12T03:59:01.658+0000] {taskmixin.py:211} WARNING - Dependency <Task(EmailOperator): send_email>, prepare_email already registered for DAG: example_dag_decorator
[2023-08-12T03:59:01.661+0000] {processor.py:836} INFO - DAG(s) dict_keys(['example_dag_decorator']) retrieved from /home/airflow/.local/lib/python3.10/site-packages/airflow/example_dags/example_dag_decorator.py
[2023-08-12T03:59:01.687+0000] {logging_mixin.py:149} INFO - [2023-08-12T03:59:01.687+0000] {dag.py:2726} INFO - Sync 1 DAGs
[2023-08-12T03:59:01.697+0000] {logging_mixin.py:149} INFO - [2023-08-12T03:59:01.697+0000] {dag.py:3486} INFO - Setting next_dagrun for example_dag_decorator to None, run_after=None
[2023-08-12T03:59:01.706+0000] {processor.py:179} INFO - Processing /home/airflow/.local/lib/python3.10/site-packages/airflow/example_dags/example_dag_decorator.py took 0.053 seconds
[2023-08-12T03:59:32.122+0000] {processor.py:157} INFO - Started process (PID=495) to work on /home/airflow/.local/lib/python3.10/site-packages/airflow/example_dags/example_dag_decorator.py
[2023-08-12T03:59:32.123+0000] {processor.py:826} INFO - Processing file /home/airflow/.local/lib/python3.10/site-packages/airflow/example_dags/example_dag_decorator.py for tasks to queue
[2023-08-12T03:59:32.123+0000] {logging_mixin.py:149} INFO - [2023-08-12T03:59:32.123+0000] {dagbag.py:541} INFO - Filling up the DagBag from /home/airflow/.local/lib/python3.10/site-packages/airflow/example_dags/example_dag_decorator.py
[2023-08-12T03:59:32.126+0000] {logging_mixin.py:149} INFO - [2023-08-12T03:59:32.125+0000] {taskmixin.py:211} WARNING - Dependency <Task(_PythonDecoratedOperator): prepare_email>, send_email already registered for DAG: example_dag_decorator
[2023-08-12T03:59:32.126+0000] {logging_mixin.py:149} INFO - [2023-08-12T03:59:32.126+0000] {taskmixin.py:211} WARNING - Dependency <Task(EmailOperator): send_email>, prepare_email already registered for DAG: example_dag_decorator
[2023-08-12T03:59:32.129+0000] {processor.py:836} INFO - DAG(s) dict_keys(['example_dag_decorator']) retrieved from /home/airflow/.local/lib/python3.10/site-packages/airflow/example_dags/example_dag_decorator.py
[2023-08-12T03:59:32.156+0000] {logging_mixin.py:149} INFO - [2023-08-12T03:59:32.156+0000] {dag.py:2726} INFO - Sync 1 DAGs
[2023-08-12T03:59:32.166+0000] {logging_mixin.py:149} INFO - [2023-08-12T03:59:32.166+0000] {dag.py:3486} INFO - Setting next_dagrun for example_dag_decorator to None, run_after=None
[2023-08-12T03:59:32.175+0000] {processor.py:179} INFO - Processing /home/airflow/.local/lib/python3.10/site-packages/airflow/example_dags/example_dag_decorator.py took 0.054 seconds
[2023-08-12T04:00:02.630+0000] {processor.py:157} INFO - Started process (PID=572) to work on /home/airflow/.local/lib/python3.10/site-packages/airflow/example_dags/example_dag_decorator.py
[2023-08-12T04:00:02.630+0000] {processor.py:826} INFO - Processing file /home/airflow/.local/lib/python3.10/site-packages/airflow/example_dags/example_dag_decorator.py for tasks to queue
[2023-08-12T04:00:02.630+0000] {logging_mixin.py:149} INFO - [2023-08-12T04:00:02.630+0000] {dagbag.py:541} INFO - Filling up the DagBag from /home/airflow/.local/lib/python3.10/site-packages/airflow/example_dags/example_dag_decorator.py
[2023-08-12T04:00:02.633+0000] {logging_mixin.py:149} INFO - [2023-08-12T04:00:02.633+0000] {taskmixin.py:211} WARNING - Dependency <Task(_PythonDecoratedOperator): prepare_email>, send_email already registered for DAG: example_dag_decorator
[2023-08-12T04:00:02.633+0000] {logging_mixin.py:149} INFO - [2023-08-12T04:00:02.633+0000] {taskmixin.py:211} WARNING - Dependency <Task(EmailOperator): send_email>, prepare_email already registered for DAG: example_dag_decorator
[2023-08-12T04:00:02.637+0000] {processor.py:836} INFO - DAG(s) dict_keys(['example_dag_decorator']) retrieved from /home/airflow/.local/lib/python3.10/site-packages/airflow/example_dags/example_dag_decorator.py
[2023-08-12T04:00:02.663+0000] {logging_mixin.py:149} INFO - [2023-08-12T04:00:02.663+0000] {dag.py:2726} INFO - Sync 1 DAGs
[2023-08-12T04:00:02.672+0000] {logging_mixin.py:149} INFO - [2023-08-12T04:00:02.672+0000] {dag.py:3486} INFO - Setting next_dagrun for example_dag_decorator to None, run_after=None
[2023-08-12T04:00:02.680+0000] {processor.py:179} INFO - Processing /home/airflow/.local/lib/python3.10/site-packages/airflow/example_dags/example_dag_decorator.py took 0.052 seconds
[2023-08-12T04:00:33.024+0000] {processor.py:157} INFO - Started process (PID=649) to work on /home/airflow/.local/lib/python3.10/site-packages/airflow/example_dags/example_dag_decorator.py
[2023-08-12T04:00:33.024+0000] {processor.py:826} INFO - Processing file /home/airflow/.local/lib/python3.10/site-packages/airflow/example_dags/example_dag_decorator.py for tasks to queue
[2023-08-12T04:00:33.025+0000] {logging_mixin.py:149} INFO - [2023-08-12T04:00:33.025+0000] {dagbag.py:541} INFO - Filling up the DagBag from /home/airflow/.local/lib/python3.10/site-packages/airflow/example_dags/example_dag_decorator.py
[2023-08-12T04:00:33.027+0000] {logging_mixin.py:149} INFO - [2023-08-12T04:00:33.027+0000] {taskmixin.py:211} WARNING - Dependency <Task(_PythonDecoratedOperator): prepare_email>, send_email already registered for DAG: example_dag_decorator
[2023-08-12T04:00:33.027+0000] {logging_mixin.py:149} INFO - [2023-08-12T04:00:33.027+0000] {taskmixin.py:211} WARNING - Dependency <Task(EmailOperator): send_email>, prepare_email already registered for DAG: example_dag_decorator
[2023-08-12T04:00:33.031+0000] {processor.py:836} INFO - DAG(s) dict_keys(['example_dag_decorator']) retrieved from /home/airflow/.local/lib/python3.10/site-packages/airflow/example_dags/example_dag_decorator.py
[2023-08-12T04:00:33.056+0000] {logging_mixin.py:149} INFO - [2023-08-12T04:00:33.056+0000] {dag.py:2726} INFO - Sync 1 DAGs
[2023-08-12T04:00:33.065+0000] {logging_mixin.py:149} INFO - [2023-08-12T04:00:33.065+0000] {dag.py:3486} INFO - Setting next_dagrun for example_dag_decorator to None, run_after=None
[2023-08-12T04:00:33.072+0000] {processor.py:179} INFO - Processing /home/airflow/.local/lib/python3.10/site-packages/airflow/example_dags/example_dag_decorator.py took 0.050 seconds
