[2023-08-12T15:30:50.891+0000] {processor.py:157} INFO - Started process (PID=55) to work on /home/airflow/.local/lib/python3.10/site-packages/airflow/example_dags/example_complex.py
[2023-08-12T15:30:50.891+0000] {processor.py:826} INFO - Processing file /home/airflow/.local/lib/python3.10/site-packages/airflow/example_dags/example_complex.py for tasks to queue
[2023-08-12T15:30:50.892+0000] {logging_mixin.py:149} INFO - [2023-08-12T15:30:50.892+0000] {dagbag.py:541} INFO - Filling up the DagBag from /home/airflow/.local/lib/python3.10/site-packages/airflow/example_dags/example_complex.py
[2023-08-12T15:30:50.896+0000] {logging_mixin.py:149} INFO - [2023-08-12T15:30:50.896+0000] {taskmixin.py:211} WARNING - Dependency <Task(BashOperator): create_entry_group>, delete_entry_group already registered for DAG: example_complex
[2023-08-12T15:30:50.896+0000] {logging_mixin.py:149} INFO - [2023-08-12T15:30:50.896+0000] {taskmixin.py:211} WARNING - Dependency <Task(BashOperator): delete_entry_group>, create_entry_group already registered for DAG: example_complex
[2023-08-12T15:30:50.896+0000] {logging_mixin.py:149} INFO - [2023-08-12T15:30:50.896+0000] {taskmixin.py:211} WARNING - Dependency <Task(BashOperator): create_entry_gcs>, delete_entry already registered for DAG: example_complex
[2023-08-12T15:30:50.897+0000] {logging_mixin.py:149} INFO - [2023-08-12T15:30:50.896+0000] {taskmixin.py:211} WARNING - Dependency <Task(BashOperator): delete_entry>, create_entry_gcs already registered for DAG: example_complex
[2023-08-12T15:30:50.897+0000] {logging_mixin.py:149} INFO - [2023-08-12T15:30:50.897+0000] {taskmixin.py:211} WARNING - Dependency <Task(BashOperator): create_tag>, delete_tag already registered for DAG: example_complex
[2023-08-12T15:30:50.897+0000] {logging_mixin.py:149} INFO - [2023-08-12T15:30:50.897+0000] {taskmixin.py:211} WARNING - Dependency <Task(BashOperator): delete_tag>, create_tag already registered for DAG: example_complex
[2023-08-12T15:30:50.897+0000] {processor.py:836} INFO - DAG(s) dict_keys(['example_complex']) retrieved from /home/airflow/.local/lib/python3.10/site-packages/airflow/example_dags/example_complex.py
[2023-08-12T15:30:50.902+0000] {logging_mixin.py:149} INFO - [2023-08-12T15:30:50.902+0000] {dag.py:2726} INFO - Sync 1 DAGs
[2023-08-12T15:30:50.912+0000] {logging_mixin.py:149} INFO - [2023-08-12T15:30:50.912+0000] {dag.py:3486} INFO - Setting next_dagrun for example_complex to None, run_after=None
[2023-08-12T15:30:50.919+0000] {processor.py:179} INFO - Processing /home/airflow/.local/lib/python3.10/site-packages/airflow/example_dags/example_complex.py took 0.029 seconds
[2023-08-12T15:31:21.040+0000] {processor.py:157} INFO - Started process (PID=132) to work on /home/airflow/.local/lib/python3.10/site-packages/airflow/example_dags/example_complex.py
[2023-08-12T15:31:21.040+0000] {processor.py:826} INFO - Processing file /home/airflow/.local/lib/python3.10/site-packages/airflow/example_dags/example_complex.py for tasks to queue
[2023-08-12T15:31:21.041+0000] {logging_mixin.py:149} INFO - [2023-08-12T15:31:21.041+0000] {dagbag.py:541} INFO - Filling up the DagBag from /home/airflow/.local/lib/python3.10/site-packages/airflow/example_dags/example_complex.py
[2023-08-12T15:31:21.045+0000] {logging_mixin.py:149} INFO - [2023-08-12T15:31:21.045+0000] {taskmixin.py:211} WARNING - Dependency <Task(BashOperator): create_entry_group>, delete_entry_group already registered for DAG: example_complex
[2023-08-12T15:31:21.045+0000] {logging_mixin.py:149} INFO - [2023-08-12T15:31:21.045+0000] {taskmixin.py:211} WARNING - Dependency <Task(BashOperator): delete_entry_group>, create_entry_group already registered for DAG: example_complex
[2023-08-12T15:31:21.045+0000] {logging_mixin.py:149} INFO - [2023-08-12T15:31:21.045+0000] {taskmixin.py:211} WARNING - Dependency <Task(BashOperator): create_entry_gcs>, delete_entry already registered for DAG: example_complex
[2023-08-12T15:31:21.045+0000] {logging_mixin.py:149} INFO - [2023-08-12T15:31:21.045+0000] {taskmixin.py:211} WARNING - Dependency <Task(BashOperator): delete_entry>, create_entry_gcs already registered for DAG: example_complex
[2023-08-12T15:31:21.045+0000] {logging_mixin.py:149} INFO - [2023-08-12T15:31:21.045+0000] {taskmixin.py:211} WARNING - Dependency <Task(BashOperator): create_tag>, delete_tag already registered for DAG: example_complex
[2023-08-12T15:31:21.045+0000] {logging_mixin.py:149} INFO - [2023-08-12T15:31:21.045+0000] {taskmixin.py:211} WARNING - Dependency <Task(BashOperator): delete_tag>, create_tag already registered for DAG: example_complex
[2023-08-12T15:31:21.046+0000] {processor.py:836} INFO - DAG(s) dict_keys(['example_complex']) retrieved from /home/airflow/.local/lib/python3.10/site-packages/airflow/example_dags/example_complex.py
[2023-08-12T15:31:21.062+0000] {logging_mixin.py:149} INFO - [2023-08-12T15:31:21.062+0000] {dag.py:2726} INFO - Sync 1 DAGs
[2023-08-12T15:31:21.072+0000] {logging_mixin.py:149} INFO - [2023-08-12T15:31:21.072+0000] {dag.py:3486} INFO - Setting next_dagrun for example_complex to None, run_after=None
[2023-08-12T15:31:21.079+0000] {processor.py:179} INFO - Processing /home/airflow/.local/lib/python3.10/site-packages/airflow/example_dags/example_complex.py took 0.040 seconds
[2023-08-12T15:31:51.368+0000] {processor.py:157} INFO - Started process (PID=208) to work on /home/airflow/.local/lib/python3.10/site-packages/airflow/example_dags/example_complex.py
[2023-08-12T15:31:51.369+0000] {processor.py:826} INFO - Processing file /home/airflow/.local/lib/python3.10/site-packages/airflow/example_dags/example_complex.py for tasks to queue
[2023-08-12T15:31:51.369+0000] {logging_mixin.py:149} INFO - [2023-08-12T15:31:51.369+0000] {dagbag.py:541} INFO - Filling up the DagBag from /home/airflow/.local/lib/python3.10/site-packages/airflow/example_dags/example_complex.py
[2023-08-12T15:31:51.373+0000] {logging_mixin.py:149} INFO - [2023-08-12T15:31:51.373+0000] {taskmixin.py:211} WARNING - Dependency <Task(BashOperator): create_entry_group>, delete_entry_group already registered for DAG: example_complex
[2023-08-12T15:31:51.373+0000] {logging_mixin.py:149} INFO - [2023-08-12T15:31:51.373+0000] {taskmixin.py:211} WARNING - Dependency <Task(BashOperator): delete_entry_group>, create_entry_group already registered for DAG: example_complex
[2023-08-12T15:31:51.373+0000] {logging_mixin.py:149} INFO - [2023-08-12T15:31:51.373+0000] {taskmixin.py:211} WARNING - Dependency <Task(BashOperator): create_entry_gcs>, delete_entry already registered for DAG: example_complex
[2023-08-12T15:31:51.373+0000] {logging_mixin.py:149} INFO - [2023-08-12T15:31:51.373+0000] {taskmixin.py:211} WARNING - Dependency <Task(BashOperator): delete_entry>, create_entry_gcs already registered for DAG: example_complex
[2023-08-12T15:31:51.373+0000] {logging_mixin.py:149} INFO - [2023-08-12T15:31:51.373+0000] {taskmixin.py:211} WARNING - Dependency <Task(BashOperator): create_tag>, delete_tag already registered for DAG: example_complex
[2023-08-12T15:31:51.373+0000] {logging_mixin.py:149} INFO - [2023-08-12T15:31:51.373+0000] {taskmixin.py:211} WARNING - Dependency <Task(BashOperator): delete_tag>, create_tag already registered for DAG: example_complex
[2023-08-12T15:31:51.374+0000] {processor.py:836} INFO - DAG(s) dict_keys(['example_complex']) retrieved from /home/airflow/.local/lib/python3.10/site-packages/airflow/example_dags/example_complex.py
[2023-08-12T15:31:51.389+0000] {logging_mixin.py:149} INFO - [2023-08-12T15:31:51.389+0000] {dag.py:2726} INFO - Sync 1 DAGs
[2023-08-12T15:31:51.399+0000] {logging_mixin.py:149} INFO - [2023-08-12T15:31:51.399+0000] {dag.py:3486} INFO - Setting next_dagrun for example_complex to None, run_after=None
[2023-08-12T15:31:51.406+0000] {processor.py:179} INFO - Processing /home/airflow/.local/lib/python3.10/site-packages/airflow/example_dags/example_complex.py took 0.038 seconds
[2023-08-12T15:32:21.684+0000] {processor.py:157} INFO - Started process (PID=285) to work on /home/airflow/.local/lib/python3.10/site-packages/airflow/example_dags/example_complex.py
[2023-08-12T15:32:21.685+0000] {processor.py:826} INFO - Processing file /home/airflow/.local/lib/python3.10/site-packages/airflow/example_dags/example_complex.py for tasks to queue
[2023-08-12T15:32:21.685+0000] {logging_mixin.py:149} INFO - [2023-08-12T15:32:21.685+0000] {dagbag.py:541} INFO - Filling up the DagBag from /home/airflow/.local/lib/python3.10/site-packages/airflow/example_dags/example_complex.py
[2023-08-12T15:32:21.689+0000] {logging_mixin.py:149} INFO - [2023-08-12T15:32:21.689+0000] {taskmixin.py:211} WARNING - Dependency <Task(BashOperator): create_entry_group>, delete_entry_group already registered for DAG: example_complex
[2023-08-12T15:32:21.689+0000] {logging_mixin.py:149} INFO - [2023-08-12T15:32:21.689+0000] {taskmixin.py:211} WARNING - Dependency <Task(BashOperator): delete_entry_group>, create_entry_group already registered for DAG: example_complex
[2023-08-12T15:32:21.689+0000] {logging_mixin.py:149} INFO - [2023-08-12T15:32:21.689+0000] {taskmixin.py:211} WARNING - Dependency <Task(BashOperator): create_entry_gcs>, delete_entry already registered for DAG: example_complex
[2023-08-12T15:32:21.689+0000] {logging_mixin.py:149} INFO - [2023-08-12T15:32:21.689+0000] {taskmixin.py:211} WARNING - Dependency <Task(BashOperator): delete_entry>, create_entry_gcs already registered for DAG: example_complex
[2023-08-12T15:32:21.690+0000] {logging_mixin.py:149} INFO - [2023-08-12T15:32:21.690+0000] {taskmixin.py:211} WARNING - Dependency <Task(BashOperator): create_tag>, delete_tag already registered for DAG: example_complex
[2023-08-12T15:32:21.690+0000] {logging_mixin.py:149} INFO - [2023-08-12T15:32:21.690+0000] {taskmixin.py:211} WARNING - Dependency <Task(BashOperator): delete_tag>, create_tag already registered for DAG: example_complex
[2023-08-12T15:32:21.690+0000] {processor.py:836} INFO - DAG(s) dict_keys(['example_complex']) retrieved from /home/airflow/.local/lib/python3.10/site-packages/airflow/example_dags/example_complex.py
[2023-08-12T15:32:21.706+0000] {logging_mixin.py:149} INFO - [2023-08-12T15:32:21.706+0000] {dag.py:2726} INFO - Sync 1 DAGs
[2023-08-12T15:32:21.715+0000] {logging_mixin.py:149} INFO - [2023-08-12T15:32:21.715+0000] {dag.py:3486} INFO - Setting next_dagrun for example_complex to None, run_after=None
[2023-08-12T15:32:21.723+0000] {processor.py:179} INFO - Processing /home/airflow/.local/lib/python3.10/site-packages/airflow/example_dags/example_complex.py took 0.040 seconds
[2023-08-12T15:32:52.079+0000] {processor.py:157} INFO - Started process (PID=362) to work on /home/airflow/.local/lib/python3.10/site-packages/airflow/example_dags/example_complex.py
[2023-08-12T15:32:52.080+0000] {processor.py:826} INFO - Processing file /home/airflow/.local/lib/python3.10/site-packages/airflow/example_dags/example_complex.py for tasks to queue
[2023-08-12T15:32:52.080+0000] {logging_mixin.py:149} INFO - [2023-08-12T15:32:52.080+0000] {dagbag.py:541} INFO - Filling up the DagBag from /home/airflow/.local/lib/python3.10/site-packages/airflow/example_dags/example_complex.py
[2023-08-12T15:32:52.084+0000] {logging_mixin.py:149} INFO - [2023-08-12T15:32:52.084+0000] {taskmixin.py:211} WARNING - Dependency <Task(BashOperator): create_entry_group>, delete_entry_group already registered for DAG: example_complex
[2023-08-12T15:32:52.084+0000] {logging_mixin.py:149} INFO - [2023-08-12T15:32:52.084+0000] {taskmixin.py:211} WARNING - Dependency <Task(BashOperator): delete_entry_group>, create_entry_group already registered for DAG: example_complex
[2023-08-12T15:32:52.084+0000] {logging_mixin.py:149} INFO - [2023-08-12T15:32:52.084+0000] {taskmixin.py:211} WARNING - Dependency <Task(BashOperator): create_entry_gcs>, delete_entry already registered for DAG: example_complex
[2023-08-12T15:32:52.084+0000] {logging_mixin.py:149} INFO - [2023-08-12T15:32:52.084+0000] {taskmixin.py:211} WARNING - Dependency <Task(BashOperator): delete_entry>, create_entry_gcs already registered for DAG: example_complex
[2023-08-12T15:32:52.084+0000] {logging_mixin.py:149} INFO - [2023-08-12T15:32:52.084+0000] {taskmixin.py:211} WARNING - Dependency <Task(BashOperator): create_tag>, delete_tag already registered for DAG: example_complex
[2023-08-12T15:32:52.085+0000] {logging_mixin.py:149} INFO - [2023-08-12T15:32:52.085+0000] {taskmixin.py:211} WARNING - Dependency <Task(BashOperator): delete_tag>, create_tag already registered for DAG: example_complex
[2023-08-12T15:32:52.085+0000] {processor.py:836} INFO - DAG(s) dict_keys(['example_complex']) retrieved from /home/airflow/.local/lib/python3.10/site-packages/airflow/example_dags/example_complex.py
[2023-08-12T15:32:52.101+0000] {logging_mixin.py:149} INFO - [2023-08-12T15:32:52.101+0000] {dag.py:2726} INFO - Sync 1 DAGs
[2023-08-12T15:32:52.110+0000] {logging_mixin.py:149} INFO - [2023-08-12T15:32:52.110+0000] {dag.py:3486} INFO - Setting next_dagrun for example_complex to None, run_after=None
[2023-08-12T15:32:52.117+0000] {processor.py:179} INFO - Processing /home/airflow/.local/lib/python3.10/site-packages/airflow/example_dags/example_complex.py took 0.039 seconds
[2023-08-12T15:33:22.618+0000] {processor.py:157} INFO - Started process (PID=438) to work on /home/airflow/.local/lib/python3.10/site-packages/airflow/example_dags/example_complex.py
[2023-08-12T15:33:22.619+0000] {processor.py:826} INFO - Processing file /home/airflow/.local/lib/python3.10/site-packages/airflow/example_dags/example_complex.py for tasks to queue
[2023-08-12T15:33:22.619+0000] {logging_mixin.py:149} INFO - [2023-08-12T15:33:22.619+0000] {dagbag.py:541} INFO - Filling up the DagBag from /home/airflow/.local/lib/python3.10/site-packages/airflow/example_dags/example_complex.py
[2023-08-12T15:33:22.623+0000] {logging_mixin.py:149} INFO - [2023-08-12T15:33:22.623+0000] {taskmixin.py:211} WARNING - Dependency <Task(BashOperator): create_entry_group>, delete_entry_group already registered for DAG: example_complex
[2023-08-12T15:33:22.623+0000] {logging_mixin.py:149} INFO - [2023-08-12T15:33:22.623+0000] {taskmixin.py:211} WARNING - Dependency <Task(BashOperator): delete_entry_group>, create_entry_group already registered for DAG: example_complex
[2023-08-12T15:33:22.623+0000] {logging_mixin.py:149} INFO - [2023-08-12T15:33:22.623+0000] {taskmixin.py:211} WARNING - Dependency <Task(BashOperator): create_entry_gcs>, delete_entry already registered for DAG: example_complex
[2023-08-12T15:33:22.623+0000] {logging_mixin.py:149} INFO - [2023-08-12T15:33:22.623+0000] {taskmixin.py:211} WARNING - Dependency <Task(BashOperator): delete_entry>, create_entry_gcs already registered for DAG: example_complex
[2023-08-12T15:33:22.624+0000] {logging_mixin.py:149} INFO - [2023-08-12T15:33:22.623+0000] {taskmixin.py:211} WARNING - Dependency <Task(BashOperator): create_tag>, delete_tag already registered for DAG: example_complex
[2023-08-12T15:33:22.624+0000] {logging_mixin.py:149} INFO - [2023-08-12T15:33:22.624+0000] {taskmixin.py:211} WARNING - Dependency <Task(BashOperator): delete_tag>, create_tag already registered for DAG: example_complex
[2023-08-12T15:33:22.624+0000] {processor.py:836} INFO - DAG(s) dict_keys(['example_complex']) retrieved from /home/airflow/.local/lib/python3.10/site-packages/airflow/example_dags/example_complex.py
[2023-08-12T15:33:22.640+0000] {logging_mixin.py:149} INFO - [2023-08-12T15:33:22.639+0000] {dag.py:2726} INFO - Sync 1 DAGs
[2023-08-12T15:33:22.649+0000] {logging_mixin.py:149} INFO - [2023-08-12T15:33:22.649+0000] {dag.py:3486} INFO - Setting next_dagrun for example_complex to None, run_after=None
[2023-08-12T15:33:22.656+0000] {processor.py:179} INFO - Processing /home/airflow/.local/lib/python3.10/site-packages/airflow/example_dags/example_complex.py took 0.039 seconds
[2023-08-12T15:33:53.112+0000] {processor.py:157} INFO - Started process (PID=515) to work on /home/airflow/.local/lib/python3.10/site-packages/airflow/example_dags/example_complex.py
[2023-08-12T15:33:53.112+0000] {processor.py:826} INFO - Processing file /home/airflow/.local/lib/python3.10/site-packages/airflow/example_dags/example_complex.py for tasks to queue
[2023-08-12T15:33:53.112+0000] {logging_mixin.py:149} INFO - [2023-08-12T15:33:53.112+0000] {dagbag.py:541} INFO - Filling up the DagBag from /home/airflow/.local/lib/python3.10/site-packages/airflow/example_dags/example_complex.py
[2023-08-12T15:33:53.116+0000] {logging_mixin.py:149} INFO - [2023-08-12T15:33:53.116+0000] {taskmixin.py:211} WARNING - Dependency <Task(BashOperator): create_entry_group>, delete_entry_group already registered for DAG: example_complex
[2023-08-12T15:33:53.116+0000] {logging_mixin.py:149} INFO - [2023-08-12T15:33:53.116+0000] {taskmixin.py:211} WARNING - Dependency <Task(BashOperator): delete_entry_group>, create_entry_group already registered for DAG: example_complex
[2023-08-12T15:33:53.117+0000] {logging_mixin.py:149} INFO - [2023-08-12T15:33:53.117+0000] {taskmixin.py:211} WARNING - Dependency <Task(BashOperator): create_entry_gcs>, delete_entry already registered for DAG: example_complex
[2023-08-12T15:33:53.117+0000] {logging_mixin.py:149} INFO - [2023-08-12T15:33:53.117+0000] {taskmixin.py:211} WARNING - Dependency <Task(BashOperator): delete_entry>, create_entry_gcs already registered for DAG: example_complex
[2023-08-12T15:33:53.117+0000] {logging_mixin.py:149} INFO - [2023-08-12T15:33:53.117+0000] {taskmixin.py:211} WARNING - Dependency <Task(BashOperator): create_tag>, delete_tag already registered for DAG: example_complex
[2023-08-12T15:33:53.117+0000] {logging_mixin.py:149} INFO - [2023-08-12T15:33:53.117+0000] {taskmixin.py:211} WARNING - Dependency <Task(BashOperator): delete_tag>, create_tag already registered for DAG: example_complex
[2023-08-12T15:33:53.118+0000] {processor.py:836} INFO - DAG(s) dict_keys(['example_complex']) retrieved from /home/airflow/.local/lib/python3.10/site-packages/airflow/example_dags/example_complex.py
[2023-08-12T15:33:53.133+0000] {logging_mixin.py:149} INFO - [2023-08-12T15:33:53.133+0000] {dag.py:2726} INFO - Sync 1 DAGs
[2023-08-12T15:33:53.143+0000] {logging_mixin.py:149} INFO - [2023-08-12T15:33:53.143+0000] {dag.py:3486} INFO - Setting next_dagrun for example_complex to None, run_after=None
[2023-08-12T15:33:53.150+0000] {processor.py:179} INFO - Processing /home/airflow/.local/lib/python3.10/site-packages/airflow/example_dags/example_complex.py took 0.040 seconds
