[2023-08-12T03:29:38.635+0000] {processor.py:157} INFO - Started process (PID=64) to work on /home/airflow/.local/lib/python3.10/site-packages/airflow/example_dags/example_nested_branch_dag.py
[2023-08-12T03:29:38.636+0000] {processor.py:826} INFO - Processing file /home/airflow/.local/lib/python3.10/site-packages/airflow/example_dags/example_nested_branch_dag.py for tasks to queue
[2023-08-12T03:29:38.636+0000] {logging_mixin.py:149} INFO - [2023-08-12T03:29:38.636+0000] {dagbag.py:541} INFO - Filling up the DagBag from /home/airflow/.local/lib/python3.10/site-packages/airflow/example_dags/example_nested_branch_dag.py
[2023-08-12T03:29:38.640+0000] {processor.py:836} INFO - DAG(s) dict_keys(['example_nested_branch_dag']) retrieved from /home/airflow/.local/lib/python3.10/site-packages/airflow/example_dags/example_nested_branch_dag.py
[2023-08-12T03:29:38.646+0000] {logging_mixin.py:149} INFO - [2023-08-12T03:29:38.646+0000] {dag.py:2726} INFO - Sync 1 DAGs
[2023-08-12T03:29:38.657+0000] {logging_mixin.py:149} INFO - [2023-08-12T03:29:38.657+0000] {dag.py:3486} INFO - Setting next_dagrun for example_nested_branch_dag to 2023-08-11T00:00:00+00:00, run_after=2023-08-12T00:00:00+00:00
[2023-08-12T03:29:38.664+0000] {processor.py:179} INFO - Processing /home/airflow/.local/lib/python3.10/site-packages/airflow/example_dags/example_nested_branch_dag.py took 0.031 seconds
[2023-08-12T03:30:08.778+0000] {processor.py:157} INFO - Started process (PID=141) to work on /home/airflow/.local/lib/python3.10/site-packages/airflow/example_dags/example_nested_branch_dag.py
[2023-08-12T03:30:08.779+0000] {processor.py:826} INFO - Processing file /home/airflow/.local/lib/python3.10/site-packages/airflow/example_dags/example_nested_branch_dag.py for tasks to queue
[2023-08-12T03:30:08.779+0000] {logging_mixin.py:149} INFO - [2023-08-12T03:30:08.779+0000] {dagbag.py:541} INFO - Filling up the DagBag from /home/airflow/.local/lib/python3.10/site-packages/airflow/example_dags/example_nested_branch_dag.py
[2023-08-12T03:30:08.783+0000] {processor.py:836} INFO - DAG(s) dict_keys(['example_nested_branch_dag']) retrieved from /home/airflow/.local/lib/python3.10/site-packages/airflow/example_dags/example_nested_branch_dag.py
[2023-08-12T03:30:08.793+0000] {logging_mixin.py:149} INFO - [2023-08-12T03:30:08.793+0000] {dag.py:2726} INFO - Sync 1 DAGs
[2023-08-12T03:30:08.803+0000] {logging_mixin.py:149} INFO - [2023-08-12T03:30:08.803+0000] {dag.py:3486} INFO - Setting next_dagrun for example_nested_branch_dag to 2023-08-11T00:00:00+00:00, run_after=2023-08-12T00:00:00+00:00
[2023-08-12T03:30:08.810+0000] {processor.py:179} INFO - Processing /home/airflow/.local/lib/python3.10/site-packages/airflow/example_dags/example_nested_branch_dag.py took 0.033 seconds
[2023-08-12T03:30:39.099+0000] {processor.py:157} INFO - Started process (PID=218) to work on /home/airflow/.local/lib/python3.10/site-packages/airflow/example_dags/example_nested_branch_dag.py
[2023-08-12T03:30:39.099+0000] {processor.py:826} INFO - Processing file /home/airflow/.local/lib/python3.10/site-packages/airflow/example_dags/example_nested_branch_dag.py for tasks to queue
[2023-08-12T03:30:39.100+0000] {logging_mixin.py:149} INFO - [2023-08-12T03:30:39.100+0000] {dagbag.py:541} INFO - Filling up the DagBag from /home/airflow/.local/lib/python3.10/site-packages/airflow/example_dags/example_nested_branch_dag.py
[2023-08-12T03:30:39.104+0000] {processor.py:836} INFO - DAG(s) dict_keys(['example_nested_branch_dag']) retrieved from /home/airflow/.local/lib/python3.10/site-packages/airflow/example_dags/example_nested_branch_dag.py
[2023-08-12T03:30:39.115+0000] {logging_mixin.py:149} INFO - [2023-08-12T03:30:39.115+0000] {dag.py:2726} INFO - Sync 1 DAGs
[2023-08-12T03:30:39.125+0000] {logging_mixin.py:149} INFO - [2023-08-12T03:30:39.125+0000] {dag.py:3486} INFO - Setting next_dagrun for example_nested_branch_dag to 2023-08-11T00:00:00+00:00, run_after=2023-08-12T00:00:00+00:00
[2023-08-12T03:30:39.132+0000] {processor.py:179} INFO - Processing /home/airflow/.local/lib/python3.10/site-packages/airflow/example_dags/example_nested_branch_dag.py took 0.034 seconds
[2023-08-12T03:31:09.482+0000] {processor.py:157} INFO - Started process (PID=294) to work on /home/airflow/.local/lib/python3.10/site-packages/airflow/example_dags/example_nested_branch_dag.py
[2023-08-12T03:31:09.482+0000] {processor.py:826} INFO - Processing file /home/airflow/.local/lib/python3.10/site-packages/airflow/example_dags/example_nested_branch_dag.py for tasks to queue
[2023-08-12T03:31:09.482+0000] {logging_mixin.py:149} INFO - [2023-08-12T03:31:09.482+0000] {dagbag.py:541} INFO - Filling up the DagBag from /home/airflow/.local/lib/python3.10/site-packages/airflow/example_dags/example_nested_branch_dag.py
[2023-08-12T03:31:09.486+0000] {processor.py:836} INFO - DAG(s) dict_keys(['example_nested_branch_dag']) retrieved from /home/airflow/.local/lib/python3.10/site-packages/airflow/example_dags/example_nested_branch_dag.py
[2023-08-12T03:31:09.497+0000] {logging_mixin.py:149} INFO - [2023-08-12T03:31:09.497+0000] {dag.py:2726} INFO - Sync 1 DAGs
[2023-08-12T03:31:09.507+0000] {logging_mixin.py:149} INFO - [2023-08-12T03:31:09.507+0000] {dag.py:3486} INFO - Setting next_dagrun for example_nested_branch_dag to 2023-08-11T00:00:00+00:00, run_after=2023-08-12T00:00:00+00:00
[2023-08-12T03:31:09.514+0000] {processor.py:179} INFO - Processing /home/airflow/.local/lib/python3.10/site-packages/airflow/example_dags/example_nested_branch_dag.py took 0.033 seconds
[2023-08-12T03:31:39.814+0000] {processor.py:157} INFO - Started process (PID=371) to work on /home/airflow/.local/lib/python3.10/site-packages/airflow/example_dags/example_nested_branch_dag.py
[2023-08-12T03:31:39.814+0000] {processor.py:826} INFO - Processing file /home/airflow/.local/lib/python3.10/site-packages/airflow/example_dags/example_nested_branch_dag.py for tasks to queue
[2023-08-12T03:31:39.814+0000] {logging_mixin.py:149} INFO - [2023-08-12T03:31:39.814+0000] {dagbag.py:541} INFO - Filling up the DagBag from /home/airflow/.local/lib/python3.10/site-packages/airflow/example_dags/example_nested_branch_dag.py
[2023-08-12T03:31:39.818+0000] {processor.py:836} INFO - DAG(s) dict_keys(['example_nested_branch_dag']) retrieved from /home/airflow/.local/lib/python3.10/site-packages/airflow/example_dags/example_nested_branch_dag.py
[2023-08-12T03:31:39.829+0000] {logging_mixin.py:149} INFO - [2023-08-12T03:31:39.829+0000] {dag.py:2726} INFO - Sync 1 DAGs
[2023-08-12T03:31:39.839+0000] {logging_mixin.py:149} INFO - [2023-08-12T03:31:39.839+0000] {dag.py:3486} INFO - Setting next_dagrun for example_nested_branch_dag to 2023-08-11T00:00:00+00:00, run_after=2023-08-12T00:00:00+00:00
[2023-08-12T03:31:39.846+0000] {processor.py:179} INFO - Processing /home/airflow/.local/lib/python3.10/site-packages/airflow/example_dags/example_nested_branch_dag.py took 0.034 seconds
[2023-08-12T03:32:10.146+0000] {processor.py:157} INFO - Started process (PID=448) to work on /home/airflow/.local/lib/python3.10/site-packages/airflow/example_dags/example_nested_branch_dag.py
[2023-08-12T03:32:10.146+0000] {processor.py:826} INFO - Processing file /home/airflow/.local/lib/python3.10/site-packages/airflow/example_dags/example_nested_branch_dag.py for tasks to queue
[2023-08-12T03:32:10.146+0000] {logging_mixin.py:149} INFO - [2023-08-12T03:32:10.146+0000] {dagbag.py:541} INFO - Filling up the DagBag from /home/airflow/.local/lib/python3.10/site-packages/airflow/example_dags/example_nested_branch_dag.py
[2023-08-12T03:32:10.150+0000] {processor.py:836} INFO - DAG(s) dict_keys(['example_nested_branch_dag']) retrieved from /home/airflow/.local/lib/python3.10/site-packages/airflow/example_dags/example_nested_branch_dag.py
[2023-08-12T03:32:10.161+0000] {logging_mixin.py:149} INFO - [2023-08-12T03:32:10.161+0000] {dag.py:2726} INFO - Sync 1 DAGs
[2023-08-12T03:32:10.171+0000] {logging_mixin.py:149} INFO - [2023-08-12T03:32:10.171+0000] {dag.py:3486} INFO - Setting next_dagrun for example_nested_branch_dag to 2023-08-11T00:00:00+00:00, run_after=2023-08-12T00:00:00+00:00
[2023-08-12T03:32:10.177+0000] {processor.py:179} INFO - Processing /home/airflow/.local/lib/python3.10/site-packages/airflow/example_dags/example_nested_branch_dag.py took 0.033 seconds
[2023-08-12T03:32:40.493+0000] {processor.py:157} INFO - Started process (PID=525) to work on /home/airflow/.local/lib/python3.10/site-packages/airflow/example_dags/example_nested_branch_dag.py
[2023-08-12T03:32:40.493+0000] {processor.py:826} INFO - Processing file /home/airflow/.local/lib/python3.10/site-packages/airflow/example_dags/example_nested_branch_dag.py for tasks to queue
[2023-08-12T03:32:40.493+0000] {logging_mixin.py:149} INFO - [2023-08-12T03:32:40.493+0000] {dagbag.py:541} INFO - Filling up the DagBag from /home/airflow/.local/lib/python3.10/site-packages/airflow/example_dags/example_nested_branch_dag.py
[2023-08-12T03:32:40.497+0000] {processor.py:836} INFO - DAG(s) dict_keys(['example_nested_branch_dag']) retrieved from /home/airflow/.local/lib/python3.10/site-packages/airflow/example_dags/example_nested_branch_dag.py
[2023-08-12T03:32:40.508+0000] {logging_mixin.py:149} INFO - [2023-08-12T03:32:40.508+0000] {dag.py:2726} INFO - Sync 1 DAGs
[2023-08-12T03:32:40.518+0000] {logging_mixin.py:149} INFO - [2023-08-12T03:32:40.518+0000] {dag.py:3486} INFO - Setting next_dagrun for example_nested_branch_dag to 2023-08-11T00:00:00+00:00, run_after=2023-08-12T00:00:00+00:00
[2023-08-12T03:32:40.525+0000] {processor.py:179} INFO - Processing /home/airflow/.local/lib/python3.10/site-packages/airflow/example_dags/example_nested_branch_dag.py took 0.033 seconds
[2023-08-12T03:33:11.095+0000] {processor.py:157} INFO - Started process (PID=602) to work on /home/airflow/.local/lib/python3.10/site-packages/airflow/example_dags/example_nested_branch_dag.py
[2023-08-12T03:33:11.095+0000] {processor.py:826} INFO - Processing file /home/airflow/.local/lib/python3.10/site-packages/airflow/example_dags/example_nested_branch_dag.py for tasks to queue
[2023-08-12T03:33:11.095+0000] {logging_mixin.py:149} INFO - [2023-08-12T03:33:11.095+0000] {dagbag.py:541} INFO - Filling up the DagBag from /home/airflow/.local/lib/python3.10/site-packages/airflow/example_dags/example_nested_branch_dag.py
[2023-08-12T03:33:11.100+0000] {processor.py:836} INFO - DAG(s) dict_keys(['example_nested_branch_dag']) retrieved from /home/airflow/.local/lib/python3.10/site-packages/airflow/example_dags/example_nested_branch_dag.py
[2023-08-12T03:33:11.112+0000] {logging_mixin.py:149} INFO - [2023-08-12T03:33:11.112+0000] {dag.py:2726} INFO - Sync 1 DAGs
[2023-08-12T03:33:11.122+0000] {logging_mixin.py:149} INFO - [2023-08-12T03:33:11.122+0000] {dag.py:3486} INFO - Setting next_dagrun for example_nested_branch_dag to 2023-08-11T00:00:00+00:00, run_after=2023-08-12T00:00:00+00:00
[2023-08-12T03:33:11.129+0000] {processor.py:179} INFO - Processing /home/airflow/.local/lib/python3.10/site-packages/airflow/example_dags/example_nested_branch_dag.py took 0.036 seconds
[2023-08-12T03:33:41.416+0000] {processor.py:157} INFO - Started process (PID=679) to work on /home/airflow/.local/lib/python3.10/site-packages/airflow/example_dags/example_nested_branch_dag.py
[2023-08-12T03:33:41.416+0000] {processor.py:826} INFO - Processing file /home/airflow/.local/lib/python3.10/site-packages/airflow/example_dags/example_nested_branch_dag.py for tasks to queue
[2023-08-12T03:33:41.417+0000] {logging_mixin.py:149} INFO - [2023-08-12T03:33:41.417+0000] {dagbag.py:541} INFO - Filling up the DagBag from /home/airflow/.local/lib/python3.10/site-packages/airflow/example_dags/example_nested_branch_dag.py
[2023-08-12T03:33:41.421+0000] {processor.py:836} INFO - DAG(s) dict_keys(['example_nested_branch_dag']) retrieved from /home/airflow/.local/lib/python3.10/site-packages/airflow/example_dags/example_nested_branch_dag.py
[2023-08-12T03:33:41.432+0000] {logging_mixin.py:149} INFO - [2023-08-12T03:33:41.432+0000] {dag.py:2726} INFO - Sync 1 DAGs
[2023-08-12T03:33:41.442+0000] {logging_mixin.py:149} INFO - [2023-08-12T03:33:41.442+0000] {dag.py:3486} INFO - Setting next_dagrun for example_nested_branch_dag to 2023-08-11T00:00:00+00:00, run_after=2023-08-12T00:00:00+00:00
[2023-08-12T03:33:41.449+0000] {processor.py:179} INFO - Processing /home/airflow/.local/lib/python3.10/site-packages/airflow/example_dags/example_nested_branch_dag.py took 0.035 seconds
[2023-08-12T03:34:11.718+0000] {processor.py:157} INFO - Started process (PID=755) to work on /home/airflow/.local/lib/python3.10/site-packages/airflow/example_dags/example_nested_branch_dag.py
[2023-08-12T03:34:11.719+0000] {processor.py:826} INFO - Processing file /home/airflow/.local/lib/python3.10/site-packages/airflow/example_dags/example_nested_branch_dag.py for tasks to queue
[2023-08-12T03:34:11.719+0000] {logging_mixin.py:149} INFO - [2023-08-12T03:34:11.719+0000] {dagbag.py:541} INFO - Filling up the DagBag from /home/airflow/.local/lib/python3.10/site-packages/airflow/example_dags/example_nested_branch_dag.py
[2023-08-12T03:34:11.723+0000] {processor.py:836} INFO - DAG(s) dict_keys(['example_nested_branch_dag']) retrieved from /home/airflow/.local/lib/python3.10/site-packages/airflow/example_dags/example_nested_branch_dag.py
[2023-08-12T03:34:11.734+0000] {logging_mixin.py:149} INFO - [2023-08-12T03:34:11.734+0000] {dag.py:2726} INFO - Sync 1 DAGs
[2023-08-12T03:34:11.745+0000] {logging_mixin.py:149} INFO - [2023-08-12T03:34:11.745+0000] {dag.py:3486} INFO - Setting next_dagrun for example_nested_branch_dag to 2023-08-11T00:00:00+00:00, run_after=2023-08-12T00:00:00+00:00
[2023-08-12T03:34:11.752+0000] {processor.py:179} INFO - Processing /home/airflow/.local/lib/python3.10/site-packages/airflow/example_dags/example_nested_branch_dag.py took 0.035 seconds
[2023-08-12T03:34:42.111+0000] {processor.py:157} INFO - Started process (PID=832) to work on /home/airflow/.local/lib/python3.10/site-packages/airflow/example_dags/example_nested_branch_dag.py
[2023-08-12T03:34:42.112+0000] {processor.py:826} INFO - Processing file /home/airflow/.local/lib/python3.10/site-packages/airflow/example_dags/example_nested_branch_dag.py for tasks to queue
[2023-08-12T03:34:42.112+0000] {logging_mixin.py:149} INFO - [2023-08-12T03:34:42.112+0000] {dagbag.py:541} INFO - Filling up the DagBag from /home/airflow/.local/lib/python3.10/site-packages/airflow/example_dags/example_nested_branch_dag.py
[2023-08-12T03:34:42.116+0000] {processor.py:836} INFO - DAG(s) dict_keys(['example_nested_branch_dag']) retrieved from /home/airflow/.local/lib/python3.10/site-packages/airflow/example_dags/example_nested_branch_dag.py
[2023-08-12T03:34:42.127+0000] {logging_mixin.py:149} INFO - [2023-08-12T03:34:42.127+0000] {dag.py:2726} INFO - Sync 1 DAGs
[2023-08-12T03:34:42.137+0000] {logging_mixin.py:149} INFO - [2023-08-12T03:34:42.137+0000] {dag.py:3486} INFO - Setting next_dagrun for example_nested_branch_dag to 2023-08-11T00:00:00+00:00, run_after=2023-08-12T00:00:00+00:00
[2023-08-12T03:34:42.144+0000] {processor.py:179} INFO - Processing /home/airflow/.local/lib/python3.10/site-packages/airflow/example_dags/example_nested_branch_dag.py took 0.034 seconds
[2023-08-12T03:35:12.495+0000] {processor.py:157} INFO - Started process (PID=909) to work on /home/airflow/.local/lib/python3.10/site-packages/airflow/example_dags/example_nested_branch_dag.py
[2023-08-12T03:35:12.495+0000] {processor.py:826} INFO - Processing file /home/airflow/.local/lib/python3.10/site-packages/airflow/example_dags/example_nested_branch_dag.py for tasks to queue
[2023-08-12T03:35:12.495+0000] {logging_mixin.py:149} INFO - [2023-08-12T03:35:12.495+0000] {dagbag.py:541} INFO - Filling up the DagBag from /home/airflow/.local/lib/python3.10/site-packages/airflow/example_dags/example_nested_branch_dag.py
[2023-08-12T03:35:12.499+0000] {processor.py:836} INFO - DAG(s) dict_keys(['example_nested_branch_dag']) retrieved from /home/airflow/.local/lib/python3.10/site-packages/airflow/example_dags/example_nested_branch_dag.py
[2023-08-12T03:35:12.509+0000] {logging_mixin.py:149} INFO - [2023-08-12T03:35:12.509+0000] {dag.py:2726} INFO - Sync 1 DAGs
[2023-08-12T03:35:12.519+0000] {logging_mixin.py:149} INFO - [2023-08-12T03:35:12.519+0000] {dag.py:3486} INFO - Setting next_dagrun for example_nested_branch_dag to 2023-08-11T00:00:00+00:00, run_after=2023-08-12T00:00:00+00:00
[2023-08-12T03:35:12.526+0000] {processor.py:179} INFO - Processing /home/airflow/.local/lib/python3.10/site-packages/airflow/example_dags/example_nested_branch_dag.py took 0.033 seconds
[2023-08-12T03:35:42.874+0000] {processor.py:157} INFO - Started process (PID=986) to work on /home/airflow/.local/lib/python3.10/site-packages/airflow/example_dags/example_nested_branch_dag.py
[2023-08-12T03:35:42.874+0000] {processor.py:826} INFO - Processing file /home/airflow/.local/lib/python3.10/site-packages/airflow/example_dags/example_nested_branch_dag.py for tasks to queue
[2023-08-12T03:35:42.874+0000] {logging_mixin.py:149} INFO - [2023-08-12T03:35:42.874+0000] {dagbag.py:541} INFO - Filling up the DagBag from /home/airflow/.local/lib/python3.10/site-packages/airflow/example_dags/example_nested_branch_dag.py
[2023-08-12T03:35:42.878+0000] {processor.py:836} INFO - DAG(s) dict_keys(['example_nested_branch_dag']) retrieved from /home/airflow/.local/lib/python3.10/site-packages/airflow/example_dags/example_nested_branch_dag.py
[2023-08-12T03:35:42.889+0000] {logging_mixin.py:149} INFO - [2023-08-12T03:35:42.889+0000] {dag.py:2726} INFO - Sync 1 DAGs
[2023-08-12T03:35:42.900+0000] {logging_mixin.py:149} INFO - [2023-08-12T03:35:42.900+0000] {dag.py:3486} INFO - Setting next_dagrun for example_nested_branch_dag to 2023-08-11T00:00:00+00:00, run_after=2023-08-12T00:00:00+00:00
[2023-08-12T03:35:42.908+0000] {processor.py:179} INFO - Processing /home/airflow/.local/lib/python3.10/site-packages/airflow/example_dags/example_nested_branch_dag.py took 0.035 seconds
[2023-08-12T03:40:13.483+0000] {processor.py:157} INFO - Started process (PID=64) to work on /home/airflow/.local/lib/python3.10/site-packages/airflow/example_dags/example_nested_branch_dag.py
[2023-08-12T03:40:13.483+0000] {processor.py:826} INFO - Processing file /home/airflow/.local/lib/python3.10/site-packages/airflow/example_dags/example_nested_branch_dag.py for tasks to queue
[2023-08-12T03:40:13.484+0000] {logging_mixin.py:149} INFO - [2023-08-12T03:40:13.484+0000] {dagbag.py:541} INFO - Filling up the DagBag from /home/airflow/.local/lib/python3.10/site-packages/airflow/example_dags/example_nested_branch_dag.py
[2023-08-12T03:40:13.488+0000] {processor.py:836} INFO - DAG(s) dict_keys(['example_nested_branch_dag']) retrieved from /home/airflow/.local/lib/python3.10/site-packages/airflow/example_dags/example_nested_branch_dag.py
[2023-08-12T03:40:13.494+0000] {logging_mixin.py:149} INFO - [2023-08-12T03:40:13.494+0000] {dag.py:2726} INFO - Sync 1 DAGs
[2023-08-12T03:40:13.505+0000] {logging_mixin.py:149} INFO - [2023-08-12T03:40:13.505+0000] {dag.py:3486} INFO - Setting next_dagrun for example_nested_branch_dag to 2023-08-11T00:00:00+00:00, run_after=2023-08-12T00:00:00+00:00
[2023-08-12T03:40:13.512+0000] {processor.py:179} INFO - Processing /home/airflow/.local/lib/python3.10/site-packages/airflow/example_dags/example_nested_branch_dag.py took 0.031 seconds
[2023-08-12T03:40:43.650+0000] {processor.py:157} INFO - Started process (PID=140) to work on /home/airflow/.local/lib/python3.10/site-packages/airflow/example_dags/example_nested_branch_dag.py
[2023-08-12T03:40:43.651+0000] {processor.py:826} INFO - Processing file /home/airflow/.local/lib/python3.10/site-packages/airflow/example_dags/example_nested_branch_dag.py for tasks to queue
[2023-08-12T03:40:43.651+0000] {logging_mixin.py:149} INFO - [2023-08-12T03:40:43.651+0000] {dagbag.py:541} INFO - Filling up the DagBag from /home/airflow/.local/lib/python3.10/site-packages/airflow/example_dags/example_nested_branch_dag.py
[2023-08-12T03:40:43.655+0000] {processor.py:836} INFO - DAG(s) dict_keys(['example_nested_branch_dag']) retrieved from /home/airflow/.local/lib/python3.10/site-packages/airflow/example_dags/example_nested_branch_dag.py
[2023-08-12T03:40:43.665+0000] {logging_mixin.py:149} INFO - [2023-08-12T03:40:43.665+0000] {dag.py:2726} INFO - Sync 1 DAGs
[2023-08-12T03:40:43.675+0000] {logging_mixin.py:149} INFO - [2023-08-12T03:40:43.675+0000] {dag.py:3486} INFO - Setting next_dagrun for example_nested_branch_dag to 2023-08-11T00:00:00+00:00, run_after=2023-08-12T00:00:00+00:00
[2023-08-12T03:40:43.682+0000] {processor.py:179} INFO - Processing /home/airflow/.local/lib/python3.10/site-packages/airflow/example_dags/example_nested_branch_dag.py took 0.033 seconds
[2023-08-12T03:41:14.186+0000] {processor.py:157} INFO - Started process (PID=218) to work on /home/airflow/.local/lib/python3.10/site-packages/airflow/example_dags/example_nested_branch_dag.py
[2023-08-12T03:41:14.187+0000] {processor.py:826} INFO - Processing file /home/airflow/.local/lib/python3.10/site-packages/airflow/example_dags/example_nested_branch_dag.py for tasks to queue
[2023-08-12T03:41:14.187+0000] {logging_mixin.py:149} INFO - [2023-08-12T03:41:14.187+0000] {dagbag.py:541} INFO - Filling up the DagBag from /home/airflow/.local/lib/python3.10/site-packages/airflow/example_dags/example_nested_branch_dag.py
[2023-08-12T03:41:14.191+0000] {processor.py:836} INFO - DAG(s) dict_keys(['example_nested_branch_dag']) retrieved from /home/airflow/.local/lib/python3.10/site-packages/airflow/example_dags/example_nested_branch_dag.py
[2023-08-12T03:41:14.202+0000] {logging_mixin.py:149} INFO - [2023-08-12T03:41:14.202+0000] {dag.py:2726} INFO - Sync 1 DAGs
[2023-08-12T03:41:14.212+0000] {logging_mixin.py:149} INFO - [2023-08-12T03:41:14.212+0000] {dag.py:3486} INFO - Setting next_dagrun for example_nested_branch_dag to 2023-08-11T00:00:00+00:00, run_after=2023-08-12T00:00:00+00:00
[2023-08-12T03:41:14.220+0000] {processor.py:179} INFO - Processing /home/airflow/.local/lib/python3.10/site-packages/airflow/example_dags/example_nested_branch_dag.py took 0.034 seconds
[2023-08-12T03:41:44.473+0000] {processor.py:157} INFO - Started process (PID=295) to work on /home/airflow/.local/lib/python3.10/site-packages/airflow/example_dags/example_nested_branch_dag.py
[2023-08-12T03:41:44.473+0000] {processor.py:826} INFO - Processing file /home/airflow/.local/lib/python3.10/site-packages/airflow/example_dags/example_nested_branch_dag.py for tasks to queue
[2023-08-12T03:41:44.474+0000] {logging_mixin.py:149} INFO - [2023-08-12T03:41:44.474+0000] {dagbag.py:541} INFO - Filling up the DagBag from /home/airflow/.local/lib/python3.10/site-packages/airflow/example_dags/example_nested_branch_dag.py
[2023-08-12T03:41:44.478+0000] {processor.py:836} INFO - DAG(s) dict_keys(['example_nested_branch_dag']) retrieved from /home/airflow/.local/lib/python3.10/site-packages/airflow/example_dags/example_nested_branch_dag.py
[2023-08-12T03:41:44.488+0000] {logging_mixin.py:149} INFO - [2023-08-12T03:41:44.488+0000] {dag.py:2726} INFO - Sync 1 DAGs
[2023-08-12T03:41:44.498+0000] {logging_mixin.py:149} INFO - [2023-08-12T03:41:44.498+0000] {dag.py:3486} INFO - Setting next_dagrun for example_nested_branch_dag to 2023-08-11T00:00:00+00:00, run_after=2023-08-12T00:00:00+00:00
[2023-08-12T03:41:44.507+0000] {processor.py:179} INFO - Processing /home/airflow/.local/lib/python3.10/site-packages/airflow/example_dags/example_nested_branch_dag.py took 0.035 seconds
[2023-08-12T03:42:14.775+0000] {processor.py:157} INFO - Started process (PID=372) to work on /home/airflow/.local/lib/python3.10/site-packages/airflow/example_dags/example_nested_branch_dag.py
[2023-08-12T03:42:14.775+0000] {processor.py:826} INFO - Processing file /home/airflow/.local/lib/python3.10/site-packages/airflow/example_dags/example_nested_branch_dag.py for tasks to queue
[2023-08-12T03:42:14.775+0000] {logging_mixin.py:149} INFO - [2023-08-12T03:42:14.775+0000] {dagbag.py:541} INFO - Filling up the DagBag from /home/airflow/.local/lib/python3.10/site-packages/airflow/example_dags/example_nested_branch_dag.py
[2023-08-12T03:42:14.779+0000] {processor.py:836} INFO - DAG(s) dict_keys(['example_nested_branch_dag']) retrieved from /home/airflow/.local/lib/python3.10/site-packages/airflow/example_dags/example_nested_branch_dag.py
[2023-08-12T03:42:14.790+0000] {logging_mixin.py:149} INFO - [2023-08-12T03:42:14.790+0000] {dag.py:2726} INFO - Sync 1 DAGs
[2023-08-12T03:42:14.801+0000] {logging_mixin.py:149} INFO - [2023-08-12T03:42:14.800+0000] {dag.py:3486} INFO - Setting next_dagrun for example_nested_branch_dag to 2023-08-11T00:00:00+00:00, run_after=2023-08-12T00:00:00+00:00
[2023-08-12T03:42:14.807+0000] {processor.py:179} INFO - Processing /home/airflow/.local/lib/python3.10/site-packages/airflow/example_dags/example_nested_branch_dag.py took 0.034 seconds
[2023-08-12T03:42:45.212+0000] {processor.py:157} INFO - Started process (PID=448) to work on /home/airflow/.local/lib/python3.10/site-packages/airflow/example_dags/example_nested_branch_dag.py
[2023-08-12T03:42:45.213+0000] {processor.py:826} INFO - Processing file /home/airflow/.local/lib/python3.10/site-packages/airflow/example_dags/example_nested_branch_dag.py for tasks to queue
[2023-08-12T03:42:45.213+0000] {logging_mixin.py:149} INFO - [2023-08-12T03:42:45.213+0000] {dagbag.py:541} INFO - Filling up the DagBag from /home/airflow/.local/lib/python3.10/site-packages/airflow/example_dags/example_nested_branch_dag.py
[2023-08-12T03:42:45.217+0000] {processor.py:836} INFO - DAG(s) dict_keys(['example_nested_branch_dag']) retrieved from /home/airflow/.local/lib/python3.10/site-packages/airflow/example_dags/example_nested_branch_dag.py
[2023-08-12T03:42:45.227+0000] {logging_mixin.py:149} INFO - [2023-08-12T03:42:45.227+0000] {dag.py:2726} INFO - Sync 1 DAGs
[2023-08-12T03:42:45.238+0000] {logging_mixin.py:149} INFO - [2023-08-12T03:42:45.238+0000] {dag.py:3486} INFO - Setting next_dagrun for example_nested_branch_dag to 2023-08-11T00:00:00+00:00, run_after=2023-08-12T00:00:00+00:00
[2023-08-12T03:42:45.245+0000] {processor.py:179} INFO - Processing /home/airflow/.local/lib/python3.10/site-packages/airflow/example_dags/example_nested_branch_dag.py took 0.033 seconds
[2023-08-12T03:43:15.557+0000] {processor.py:157} INFO - Started process (PID=526) to work on /home/airflow/.local/lib/python3.10/site-packages/airflow/example_dags/example_nested_branch_dag.py
[2023-08-12T03:43:15.558+0000] {processor.py:826} INFO - Processing file /home/airflow/.local/lib/python3.10/site-packages/airflow/example_dags/example_nested_branch_dag.py for tasks to queue
[2023-08-12T03:43:15.558+0000] {logging_mixin.py:149} INFO - [2023-08-12T03:43:15.558+0000] {dagbag.py:541} INFO - Filling up the DagBag from /home/airflow/.local/lib/python3.10/site-packages/airflow/example_dags/example_nested_branch_dag.py
[2023-08-12T03:43:15.562+0000] {processor.py:836} INFO - DAG(s) dict_keys(['example_nested_branch_dag']) retrieved from /home/airflow/.local/lib/python3.10/site-packages/airflow/example_dags/example_nested_branch_dag.py
[2023-08-12T03:43:15.573+0000] {logging_mixin.py:149} INFO - [2023-08-12T03:43:15.572+0000] {dag.py:2726} INFO - Sync 1 DAGs
[2023-08-12T03:43:15.583+0000] {logging_mixin.py:149} INFO - [2023-08-12T03:43:15.583+0000] {dag.py:3486} INFO - Setting next_dagrun for example_nested_branch_dag to 2023-08-11T00:00:00+00:00, run_after=2023-08-12T00:00:00+00:00
[2023-08-12T03:43:15.590+0000] {processor.py:179} INFO - Processing /home/airflow/.local/lib/python3.10/site-packages/airflow/example_dags/example_nested_branch_dag.py took 0.034 seconds
[2023-08-12T03:43:46.010+0000] {processor.py:157} INFO - Started process (PID=603) to work on /home/airflow/.local/lib/python3.10/site-packages/airflow/example_dags/example_nested_branch_dag.py
[2023-08-12T03:43:46.011+0000] {processor.py:826} INFO - Processing file /home/airflow/.local/lib/python3.10/site-packages/airflow/example_dags/example_nested_branch_dag.py for tasks to queue
[2023-08-12T03:43:46.011+0000] {logging_mixin.py:149} INFO - [2023-08-12T03:43:46.011+0000] {dagbag.py:541} INFO - Filling up the DagBag from /home/airflow/.local/lib/python3.10/site-packages/airflow/example_dags/example_nested_branch_dag.py
[2023-08-12T03:43:46.015+0000] {processor.py:836} INFO - DAG(s) dict_keys(['example_nested_branch_dag']) retrieved from /home/airflow/.local/lib/python3.10/site-packages/airflow/example_dags/example_nested_branch_dag.py
[2023-08-12T03:43:46.027+0000] {logging_mixin.py:149} INFO - [2023-08-12T03:43:46.027+0000] {dag.py:2726} INFO - Sync 1 DAGs
[2023-08-12T03:43:46.038+0000] {logging_mixin.py:149} INFO - [2023-08-12T03:43:46.037+0000] {dag.py:3486} INFO - Setting next_dagrun for example_nested_branch_dag to 2023-08-11T00:00:00+00:00, run_after=2023-08-12T00:00:00+00:00
[2023-08-12T03:43:46.045+0000] {processor.py:179} INFO - Processing /home/airflow/.local/lib/python3.10/site-packages/airflow/example_dags/example_nested_branch_dag.py took 0.036 seconds
[2023-08-12T03:44:16.389+0000] {processor.py:157} INFO - Started process (PID=679) to work on /home/airflow/.local/lib/python3.10/site-packages/airflow/example_dags/example_nested_branch_dag.py
[2023-08-12T03:44:16.390+0000] {processor.py:826} INFO - Processing file /home/airflow/.local/lib/python3.10/site-packages/airflow/example_dags/example_nested_branch_dag.py for tasks to queue
[2023-08-12T03:44:16.390+0000] {logging_mixin.py:149} INFO - [2023-08-12T03:44:16.390+0000] {dagbag.py:541} INFO - Filling up the DagBag from /home/airflow/.local/lib/python3.10/site-packages/airflow/example_dags/example_nested_branch_dag.py
[2023-08-12T03:44:16.394+0000] {processor.py:836} INFO - DAG(s) dict_keys(['example_nested_branch_dag']) retrieved from /home/airflow/.local/lib/python3.10/site-packages/airflow/example_dags/example_nested_branch_dag.py
[2023-08-12T03:44:16.404+0000] {logging_mixin.py:149} INFO - [2023-08-12T03:44:16.404+0000] {dag.py:2726} INFO - Sync 1 DAGs
[2023-08-12T03:44:16.415+0000] {logging_mixin.py:149} INFO - [2023-08-12T03:44:16.415+0000] {dag.py:3486} INFO - Setting next_dagrun for example_nested_branch_dag to 2023-08-11T00:00:00+00:00, run_after=2023-08-12T00:00:00+00:00
[2023-08-12T03:44:16.422+0000] {processor.py:179} INFO - Processing /home/airflow/.local/lib/python3.10/site-packages/airflow/example_dags/example_nested_branch_dag.py took 0.034 seconds
[2023-08-12T03:44:46.790+0000] {processor.py:157} INFO - Started process (PID=756) to work on /home/airflow/.local/lib/python3.10/site-packages/airflow/example_dags/example_nested_branch_dag.py
[2023-08-12T03:44:46.791+0000] {processor.py:826} INFO - Processing file /home/airflow/.local/lib/python3.10/site-packages/airflow/example_dags/example_nested_branch_dag.py for tasks to queue
[2023-08-12T03:44:46.791+0000] {logging_mixin.py:149} INFO - [2023-08-12T03:44:46.791+0000] {dagbag.py:541} INFO - Filling up the DagBag from /home/airflow/.local/lib/python3.10/site-packages/airflow/example_dags/example_nested_branch_dag.py
[2023-08-12T03:44:46.795+0000] {processor.py:836} INFO - DAG(s) dict_keys(['example_nested_branch_dag']) retrieved from /home/airflow/.local/lib/python3.10/site-packages/airflow/example_dags/example_nested_branch_dag.py
[2023-08-12T03:44:46.805+0000] {logging_mixin.py:149} INFO - [2023-08-12T03:44:46.805+0000] {dag.py:2726} INFO - Sync 1 DAGs
[2023-08-12T03:44:46.815+0000] {logging_mixin.py:149} INFO - [2023-08-12T03:44:46.815+0000] {dag.py:3486} INFO - Setting next_dagrun for example_nested_branch_dag to 2023-08-11T00:00:00+00:00, run_after=2023-08-12T00:00:00+00:00
[2023-08-12T03:44:46.822+0000] {processor.py:179} INFO - Processing /home/airflow/.local/lib/python3.10/site-packages/airflow/example_dags/example_nested_branch_dag.py took 0.033 seconds
[2023-08-12T03:45:17.256+0000] {processor.py:157} INFO - Started process (PID=833) to work on /home/airflow/.local/lib/python3.10/site-packages/airflow/example_dags/example_nested_branch_dag.py
[2023-08-12T03:45:17.257+0000] {processor.py:826} INFO - Processing file /home/airflow/.local/lib/python3.10/site-packages/airflow/example_dags/example_nested_branch_dag.py for tasks to queue
[2023-08-12T03:45:17.257+0000] {logging_mixin.py:149} INFO - [2023-08-12T03:45:17.257+0000] {dagbag.py:541} INFO - Filling up the DagBag from /home/airflow/.local/lib/python3.10/site-packages/airflow/example_dags/example_nested_branch_dag.py
[2023-08-12T03:45:17.261+0000] {processor.py:836} INFO - DAG(s) dict_keys(['example_nested_branch_dag']) retrieved from /home/airflow/.local/lib/python3.10/site-packages/airflow/example_dags/example_nested_branch_dag.py
[2023-08-12T03:45:17.271+0000] {logging_mixin.py:149} INFO - [2023-08-12T03:45:17.271+0000] {dag.py:2726} INFO - Sync 1 DAGs
[2023-08-12T03:45:17.281+0000] {logging_mixin.py:149} INFO - [2023-08-12T03:45:17.281+0000] {dag.py:3486} INFO - Setting next_dagrun for example_nested_branch_dag to 2023-08-11T00:00:00+00:00, run_after=2023-08-12T00:00:00+00:00
[2023-08-12T03:45:17.288+0000] {processor.py:179} INFO - Processing /home/airflow/.local/lib/python3.10/site-packages/airflow/example_dags/example_nested_branch_dag.py took 0.033 seconds
[2023-08-12T03:45:47.726+0000] {processor.py:157} INFO - Started process (PID=910) to work on /home/airflow/.local/lib/python3.10/site-packages/airflow/example_dags/example_nested_branch_dag.py
[2023-08-12T03:45:47.726+0000] {processor.py:826} INFO - Processing file /home/airflow/.local/lib/python3.10/site-packages/airflow/example_dags/example_nested_branch_dag.py for tasks to queue
[2023-08-12T03:45:47.727+0000] {logging_mixin.py:149} INFO - [2023-08-12T03:45:47.727+0000] {dagbag.py:541} INFO - Filling up the DagBag from /home/airflow/.local/lib/python3.10/site-packages/airflow/example_dags/example_nested_branch_dag.py
[2023-08-12T03:45:47.731+0000] {processor.py:836} INFO - DAG(s) dict_keys(['example_nested_branch_dag']) retrieved from /home/airflow/.local/lib/python3.10/site-packages/airflow/example_dags/example_nested_branch_dag.py
[2023-08-12T03:45:47.741+0000] {logging_mixin.py:149} INFO - [2023-08-12T03:45:47.741+0000] {dag.py:2726} INFO - Sync 1 DAGs
[2023-08-12T03:45:47.751+0000] {logging_mixin.py:149} INFO - [2023-08-12T03:45:47.751+0000] {dag.py:3486} INFO - Setting next_dagrun for example_nested_branch_dag to 2023-08-11T00:00:00+00:00, run_after=2023-08-12T00:00:00+00:00
[2023-08-12T03:45:47.758+0000] {processor.py:179} INFO - Processing /home/airflow/.local/lib/python3.10/site-packages/airflow/example_dags/example_nested_branch_dag.py took 0.033 seconds
[2023-08-12T03:46:18.169+0000] {processor.py:157} INFO - Started process (PID=987) to work on /home/airflow/.local/lib/python3.10/site-packages/airflow/example_dags/example_nested_branch_dag.py
[2023-08-12T03:46:18.170+0000] {processor.py:826} INFO - Processing file /home/airflow/.local/lib/python3.10/site-packages/airflow/example_dags/example_nested_branch_dag.py for tasks to queue
[2023-08-12T03:46:18.170+0000] {logging_mixin.py:149} INFO - [2023-08-12T03:46:18.170+0000] {dagbag.py:541} INFO - Filling up the DagBag from /home/airflow/.local/lib/python3.10/site-packages/airflow/example_dags/example_nested_branch_dag.py
[2023-08-12T03:46:18.174+0000] {processor.py:836} INFO - DAG(s) dict_keys(['example_nested_branch_dag']) retrieved from /home/airflow/.local/lib/python3.10/site-packages/airflow/example_dags/example_nested_branch_dag.py
[2023-08-12T03:46:18.185+0000] {logging_mixin.py:149} INFO - [2023-08-12T03:46:18.185+0000] {dag.py:2726} INFO - Sync 1 DAGs
[2023-08-12T03:46:18.196+0000] {logging_mixin.py:149} INFO - [2023-08-12T03:46:18.195+0000] {dag.py:3486} INFO - Setting next_dagrun for example_nested_branch_dag to 2023-08-11T00:00:00+00:00, run_after=2023-08-12T00:00:00+00:00
[2023-08-12T03:46:18.203+0000] {processor.py:179} INFO - Processing /home/airflow/.local/lib/python3.10/site-packages/airflow/example_dags/example_nested_branch_dag.py took 0.035 seconds
[2023-08-12T03:46:48.656+0000] {processor.py:157} INFO - Started process (PID=1065) to work on /home/airflow/.local/lib/python3.10/site-packages/airflow/example_dags/example_nested_branch_dag.py
[2023-08-12T03:46:48.656+0000] {processor.py:826} INFO - Processing file /home/airflow/.local/lib/python3.10/site-packages/airflow/example_dags/example_nested_branch_dag.py for tasks to queue
[2023-08-12T03:46:48.656+0000] {logging_mixin.py:149} INFO - [2023-08-12T03:46:48.656+0000] {dagbag.py:541} INFO - Filling up the DagBag from /home/airflow/.local/lib/python3.10/site-packages/airflow/example_dags/example_nested_branch_dag.py
[2023-08-12T03:46:48.660+0000] {processor.py:836} INFO - DAG(s) dict_keys(['example_nested_branch_dag']) retrieved from /home/airflow/.local/lib/python3.10/site-packages/airflow/example_dags/example_nested_branch_dag.py
[2023-08-12T03:46:48.672+0000] {logging_mixin.py:149} INFO - [2023-08-12T03:46:48.672+0000] {dag.py:2726} INFO - Sync 1 DAGs
[2023-08-12T03:46:48.682+0000] {logging_mixin.py:149} INFO - [2023-08-12T03:46:48.682+0000] {dag.py:3486} INFO - Setting next_dagrun for example_nested_branch_dag to 2023-08-11T00:00:00+00:00, run_after=2023-08-12T00:00:00+00:00
[2023-08-12T03:46:48.689+0000] {processor.py:179} INFO - Processing /home/airflow/.local/lib/python3.10/site-packages/airflow/example_dags/example_nested_branch_dag.py took 0.035 seconds
[2023-08-12T03:47:19.007+0000] {processor.py:157} INFO - Started process (PID=1141) to work on /home/airflow/.local/lib/python3.10/site-packages/airflow/example_dags/example_nested_branch_dag.py
[2023-08-12T03:47:19.007+0000] {processor.py:826} INFO - Processing file /home/airflow/.local/lib/python3.10/site-packages/airflow/example_dags/example_nested_branch_dag.py for tasks to queue
[2023-08-12T03:47:19.007+0000] {logging_mixin.py:149} INFO - [2023-08-12T03:47:19.007+0000] {dagbag.py:541} INFO - Filling up the DagBag from /home/airflow/.local/lib/python3.10/site-packages/airflow/example_dags/example_nested_branch_dag.py
[2023-08-12T03:47:19.012+0000] {processor.py:836} INFO - DAG(s) dict_keys(['example_nested_branch_dag']) retrieved from /home/airflow/.local/lib/python3.10/site-packages/airflow/example_dags/example_nested_branch_dag.py
[2023-08-12T03:47:19.023+0000] {logging_mixin.py:149} INFO - [2023-08-12T03:47:19.023+0000] {dag.py:2726} INFO - Sync 1 DAGs
[2023-08-12T03:47:19.034+0000] {logging_mixin.py:149} INFO - [2023-08-12T03:47:19.034+0000] {dag.py:3486} INFO - Setting next_dagrun for example_nested_branch_dag to 2023-08-11T00:00:00+00:00, run_after=2023-08-12T00:00:00+00:00
[2023-08-12T03:47:19.043+0000] {processor.py:179} INFO - Processing /home/airflow/.local/lib/python3.10/site-packages/airflow/example_dags/example_nested_branch_dag.py took 0.037 seconds
[2023-08-12T03:47:49.448+0000] {processor.py:157} INFO - Started process (PID=1218) to work on /home/airflow/.local/lib/python3.10/site-packages/airflow/example_dags/example_nested_branch_dag.py
[2023-08-12T03:47:49.448+0000] {processor.py:826} INFO - Processing file /home/airflow/.local/lib/python3.10/site-packages/airflow/example_dags/example_nested_branch_dag.py for tasks to queue
[2023-08-12T03:47:49.449+0000] {logging_mixin.py:149} INFO - [2023-08-12T03:47:49.449+0000] {dagbag.py:541} INFO - Filling up the DagBag from /home/airflow/.local/lib/python3.10/site-packages/airflow/example_dags/example_nested_branch_dag.py
[2023-08-12T03:47:49.453+0000] {processor.py:836} INFO - DAG(s) dict_keys(['example_nested_branch_dag']) retrieved from /home/airflow/.local/lib/python3.10/site-packages/airflow/example_dags/example_nested_branch_dag.py
[2023-08-12T03:47:49.464+0000] {logging_mixin.py:149} INFO - [2023-08-12T03:47:49.464+0000] {dag.py:2726} INFO - Sync 1 DAGs
[2023-08-12T03:47:49.474+0000] {logging_mixin.py:149} INFO - [2023-08-12T03:47:49.474+0000] {dag.py:3486} INFO - Setting next_dagrun for example_nested_branch_dag to 2023-08-11T00:00:00+00:00, run_after=2023-08-12T00:00:00+00:00
[2023-08-12T03:47:49.481+0000] {processor.py:179} INFO - Processing /home/airflow/.local/lib/python3.10/site-packages/airflow/example_dags/example_nested_branch_dag.py took 0.035 seconds
[2023-08-12T03:48:19.708+0000] {processor.py:157} INFO - Started process (PID=1295) to work on /home/airflow/.local/lib/python3.10/site-packages/airflow/example_dags/example_nested_branch_dag.py
[2023-08-12T03:48:19.709+0000] {processor.py:826} INFO - Processing file /home/airflow/.local/lib/python3.10/site-packages/airflow/example_dags/example_nested_branch_dag.py for tasks to queue
[2023-08-12T03:48:19.709+0000] {logging_mixin.py:149} INFO - [2023-08-12T03:48:19.709+0000] {dagbag.py:541} INFO - Filling up the DagBag from /home/airflow/.local/lib/python3.10/site-packages/airflow/example_dags/example_nested_branch_dag.py
[2023-08-12T03:48:19.713+0000] {processor.py:836} INFO - DAG(s) dict_keys(['example_nested_branch_dag']) retrieved from /home/airflow/.local/lib/python3.10/site-packages/airflow/example_dags/example_nested_branch_dag.py
[2023-08-12T03:48:19.724+0000] {logging_mixin.py:149} INFO - [2023-08-12T03:48:19.724+0000] {dag.py:2726} INFO - Sync 1 DAGs
[2023-08-12T03:48:19.734+0000] {logging_mixin.py:149} INFO - [2023-08-12T03:48:19.734+0000] {dag.py:3486} INFO - Setting next_dagrun for example_nested_branch_dag to 2023-08-11T00:00:00+00:00, run_after=2023-08-12T00:00:00+00:00
[2023-08-12T03:48:19.741+0000] {processor.py:179} INFO - Processing /home/airflow/.local/lib/python3.10/site-packages/airflow/example_dags/example_nested_branch_dag.py took 0.034 seconds
[2023-08-12T03:48:50.154+0000] {processor.py:157} INFO - Started process (PID=1372) to work on /home/airflow/.local/lib/python3.10/site-packages/airflow/example_dags/example_nested_branch_dag.py
[2023-08-12T03:48:50.155+0000] {processor.py:826} INFO - Processing file /home/airflow/.local/lib/python3.10/site-packages/airflow/example_dags/example_nested_branch_dag.py for tasks to queue
[2023-08-12T03:48:50.155+0000] {logging_mixin.py:149} INFO - [2023-08-12T03:48:50.155+0000] {dagbag.py:541} INFO - Filling up the DagBag from /home/airflow/.local/lib/python3.10/site-packages/airflow/example_dags/example_nested_branch_dag.py
[2023-08-12T03:48:50.159+0000] {processor.py:836} INFO - DAG(s) dict_keys(['example_nested_branch_dag']) retrieved from /home/airflow/.local/lib/python3.10/site-packages/airflow/example_dags/example_nested_branch_dag.py
[2023-08-12T03:48:50.170+0000] {logging_mixin.py:149} INFO - [2023-08-12T03:48:50.170+0000] {dag.py:2726} INFO - Sync 1 DAGs
[2023-08-12T03:48:50.180+0000] {logging_mixin.py:149} INFO - [2023-08-12T03:48:50.180+0000] {dag.py:3486} INFO - Setting next_dagrun for example_nested_branch_dag to 2023-08-11T00:00:00+00:00, run_after=2023-08-12T00:00:00+00:00
[2023-08-12T03:48:50.188+0000] {processor.py:179} INFO - Processing /home/airflow/.local/lib/python3.10/site-packages/airflow/example_dags/example_nested_branch_dag.py took 0.034 seconds
[2023-08-12T03:49:20.492+0000] {processor.py:157} INFO - Started process (PID=1449) to work on /home/airflow/.local/lib/python3.10/site-packages/airflow/example_dags/example_nested_branch_dag.py
[2023-08-12T03:49:20.493+0000] {processor.py:826} INFO - Processing file /home/airflow/.local/lib/python3.10/site-packages/airflow/example_dags/example_nested_branch_dag.py for tasks to queue
[2023-08-12T03:49:20.493+0000] {logging_mixin.py:149} INFO - [2023-08-12T03:49:20.493+0000] {dagbag.py:541} INFO - Filling up the DagBag from /home/airflow/.local/lib/python3.10/site-packages/airflow/example_dags/example_nested_branch_dag.py
[2023-08-12T03:49:20.497+0000] {processor.py:836} INFO - DAG(s) dict_keys(['example_nested_branch_dag']) retrieved from /home/airflow/.local/lib/python3.10/site-packages/airflow/example_dags/example_nested_branch_dag.py
[2023-08-12T03:49:20.508+0000] {logging_mixin.py:149} INFO - [2023-08-12T03:49:20.508+0000] {dag.py:2726} INFO - Sync 1 DAGs
[2023-08-12T03:49:20.518+0000] {logging_mixin.py:149} INFO - [2023-08-12T03:49:20.518+0000] {dag.py:3486} INFO - Setting next_dagrun for example_nested_branch_dag to 2023-08-11T00:00:00+00:00, run_after=2023-08-12T00:00:00+00:00
[2023-08-12T03:49:20.526+0000] {processor.py:179} INFO - Processing /home/airflow/.local/lib/python3.10/site-packages/airflow/example_dags/example_nested_branch_dag.py took 0.035 seconds
[2023-08-12T03:49:50.834+0000] {processor.py:157} INFO - Started process (PID=1526) to work on /home/airflow/.local/lib/python3.10/site-packages/airflow/example_dags/example_nested_branch_dag.py
[2023-08-12T03:49:50.835+0000] {processor.py:826} INFO - Processing file /home/airflow/.local/lib/python3.10/site-packages/airflow/example_dags/example_nested_branch_dag.py for tasks to queue
[2023-08-12T03:49:50.835+0000] {logging_mixin.py:149} INFO - [2023-08-12T03:49:50.835+0000] {dagbag.py:541} INFO - Filling up the DagBag from /home/airflow/.local/lib/python3.10/site-packages/airflow/example_dags/example_nested_branch_dag.py
[2023-08-12T03:49:50.839+0000] {processor.py:836} INFO - DAG(s) dict_keys(['example_nested_branch_dag']) retrieved from /home/airflow/.local/lib/python3.10/site-packages/airflow/example_dags/example_nested_branch_dag.py
[2023-08-12T03:49:50.850+0000] {logging_mixin.py:149} INFO - [2023-08-12T03:49:50.850+0000] {dag.py:2726} INFO - Sync 1 DAGs
[2023-08-12T03:49:50.860+0000] {logging_mixin.py:149} INFO - [2023-08-12T03:49:50.860+0000] {dag.py:3486} INFO - Setting next_dagrun for example_nested_branch_dag to 2023-08-11T00:00:00+00:00, run_after=2023-08-12T00:00:00+00:00
[2023-08-12T03:49:50.867+0000] {processor.py:179} INFO - Processing /home/airflow/.local/lib/python3.10/site-packages/airflow/example_dags/example_nested_branch_dag.py took 0.034 seconds
[2023-08-12T03:50:21.108+0000] {processor.py:157} INFO - Started process (PID=1602) to work on /home/airflow/.local/lib/python3.10/site-packages/airflow/example_dags/example_nested_branch_dag.py
[2023-08-12T03:50:21.109+0000] {processor.py:826} INFO - Processing file /home/airflow/.local/lib/python3.10/site-packages/airflow/example_dags/example_nested_branch_dag.py for tasks to queue
[2023-08-12T03:50:21.109+0000] {logging_mixin.py:149} INFO - [2023-08-12T03:50:21.109+0000] {dagbag.py:541} INFO - Filling up the DagBag from /home/airflow/.local/lib/python3.10/site-packages/airflow/example_dags/example_nested_branch_dag.py
[2023-08-12T03:50:21.113+0000] {processor.py:836} INFO - DAG(s) dict_keys(['example_nested_branch_dag']) retrieved from /home/airflow/.local/lib/python3.10/site-packages/airflow/example_dags/example_nested_branch_dag.py
[2023-08-12T03:50:21.123+0000] {logging_mixin.py:149} INFO - [2023-08-12T03:50:21.123+0000] {dag.py:2726} INFO - Sync 1 DAGs
[2023-08-12T03:50:21.133+0000] {logging_mixin.py:149} INFO - [2023-08-12T03:50:21.133+0000] {dag.py:3486} INFO - Setting next_dagrun for example_nested_branch_dag to 2023-08-11T00:00:00+00:00, run_after=2023-08-12T00:00:00+00:00
[2023-08-12T03:50:21.140+0000] {processor.py:179} INFO - Processing /home/airflow/.local/lib/python3.10/site-packages/airflow/example_dags/example_nested_branch_dag.py took 0.033 seconds
[2023-08-12T03:50:51.536+0000] {processor.py:157} INFO - Started process (PID=1679) to work on /home/airflow/.local/lib/python3.10/site-packages/airflow/example_dags/example_nested_branch_dag.py
[2023-08-12T03:50:51.536+0000] {processor.py:826} INFO - Processing file /home/airflow/.local/lib/python3.10/site-packages/airflow/example_dags/example_nested_branch_dag.py for tasks to queue
[2023-08-12T03:50:51.536+0000] {logging_mixin.py:149} INFO - [2023-08-12T03:50:51.536+0000] {dagbag.py:541} INFO - Filling up the DagBag from /home/airflow/.local/lib/python3.10/site-packages/airflow/example_dags/example_nested_branch_dag.py
[2023-08-12T03:50:51.540+0000] {processor.py:836} INFO - DAG(s) dict_keys(['example_nested_branch_dag']) retrieved from /home/airflow/.local/lib/python3.10/site-packages/airflow/example_dags/example_nested_branch_dag.py
[2023-08-12T03:50:51.551+0000] {logging_mixin.py:149} INFO - [2023-08-12T03:50:51.551+0000] {dag.py:2726} INFO - Sync 1 DAGs
[2023-08-12T03:50:51.561+0000] {logging_mixin.py:149} INFO - [2023-08-12T03:50:51.561+0000] {dag.py:3486} INFO - Setting next_dagrun for example_nested_branch_dag to 2023-08-11T00:00:00+00:00, run_after=2023-08-12T00:00:00+00:00
[2023-08-12T03:50:51.568+0000] {processor.py:179} INFO - Processing /home/airflow/.local/lib/python3.10/site-packages/airflow/example_dags/example_nested_branch_dag.py took 0.034 seconds
[2023-08-12T03:51:22.004+0000] {processor.py:157} INFO - Started process (PID=1756) to work on /home/airflow/.local/lib/python3.10/site-packages/airflow/example_dags/example_nested_branch_dag.py
[2023-08-12T03:51:22.005+0000] {processor.py:826} INFO - Processing file /home/airflow/.local/lib/python3.10/site-packages/airflow/example_dags/example_nested_branch_dag.py for tasks to queue
[2023-08-12T03:51:22.005+0000] {logging_mixin.py:149} INFO - [2023-08-12T03:51:22.005+0000] {dagbag.py:541} INFO - Filling up the DagBag from /home/airflow/.local/lib/python3.10/site-packages/airflow/example_dags/example_nested_branch_dag.py
[2023-08-12T03:51:22.009+0000] {processor.py:836} INFO - DAG(s) dict_keys(['example_nested_branch_dag']) retrieved from /home/airflow/.local/lib/python3.10/site-packages/airflow/example_dags/example_nested_branch_dag.py
[2023-08-12T03:51:22.020+0000] {logging_mixin.py:149} INFO - [2023-08-12T03:51:22.020+0000] {dag.py:2726} INFO - Sync 1 DAGs
[2023-08-12T03:51:22.030+0000] {logging_mixin.py:149} INFO - [2023-08-12T03:51:22.030+0000] {dag.py:3486} INFO - Setting next_dagrun for example_nested_branch_dag to 2023-08-11T00:00:00+00:00, run_after=2023-08-12T00:00:00+00:00
[2023-08-12T03:51:22.037+0000] {processor.py:179} INFO - Processing /home/airflow/.local/lib/python3.10/site-packages/airflow/example_dags/example_nested_branch_dag.py took 0.034 seconds
[2023-08-12T03:51:52.482+0000] {processor.py:157} INFO - Started process (PID=1833) to work on /home/airflow/.local/lib/python3.10/site-packages/airflow/example_dags/example_nested_branch_dag.py
[2023-08-12T03:51:52.482+0000] {processor.py:826} INFO - Processing file /home/airflow/.local/lib/python3.10/site-packages/airflow/example_dags/example_nested_branch_dag.py for tasks to queue
[2023-08-12T03:51:52.483+0000] {logging_mixin.py:149} INFO - [2023-08-12T03:51:52.483+0000] {dagbag.py:541} INFO - Filling up the DagBag from /home/airflow/.local/lib/python3.10/site-packages/airflow/example_dags/example_nested_branch_dag.py
[2023-08-12T03:51:52.487+0000] {processor.py:836} INFO - DAG(s) dict_keys(['example_nested_branch_dag']) retrieved from /home/airflow/.local/lib/python3.10/site-packages/airflow/example_dags/example_nested_branch_dag.py
[2023-08-12T03:51:52.497+0000] {logging_mixin.py:149} INFO - [2023-08-12T03:51:52.497+0000] {dag.py:2726} INFO - Sync 1 DAGs
[2023-08-12T03:51:52.507+0000] {logging_mixin.py:149} INFO - [2023-08-12T03:51:52.507+0000] {dag.py:3486} INFO - Setting next_dagrun for example_nested_branch_dag to 2023-08-11T00:00:00+00:00, run_after=2023-08-12T00:00:00+00:00
[2023-08-12T03:51:52.514+0000] {processor.py:179} INFO - Processing /home/airflow/.local/lib/python3.10/site-packages/airflow/example_dags/example_nested_branch_dag.py took 0.033 seconds
[2023-08-12T03:52:22.943+0000] {processor.py:157} INFO - Started process (PID=1910) to work on /home/airflow/.local/lib/python3.10/site-packages/airflow/example_dags/example_nested_branch_dag.py
[2023-08-12T03:52:22.944+0000] {processor.py:826} INFO - Processing file /home/airflow/.local/lib/python3.10/site-packages/airflow/example_dags/example_nested_branch_dag.py for tasks to queue
[2023-08-12T03:52:22.944+0000] {logging_mixin.py:149} INFO - [2023-08-12T03:52:22.944+0000] {dagbag.py:541} INFO - Filling up the DagBag from /home/airflow/.local/lib/python3.10/site-packages/airflow/example_dags/example_nested_branch_dag.py
[2023-08-12T03:52:22.948+0000] {processor.py:836} INFO - DAG(s) dict_keys(['example_nested_branch_dag']) retrieved from /home/airflow/.local/lib/python3.10/site-packages/airflow/example_dags/example_nested_branch_dag.py
[2023-08-12T03:52:22.958+0000] {logging_mixin.py:149} INFO - [2023-08-12T03:52:22.958+0000] {dag.py:2726} INFO - Sync 1 DAGs
[2023-08-12T03:52:22.969+0000] {logging_mixin.py:149} INFO - [2023-08-12T03:52:22.969+0000] {dag.py:3486} INFO - Setting next_dagrun for example_nested_branch_dag to 2023-08-11T00:00:00+00:00, run_after=2023-08-12T00:00:00+00:00
[2023-08-12T03:52:22.976+0000] {processor.py:179} INFO - Processing /home/airflow/.local/lib/python3.10/site-packages/airflow/example_dags/example_nested_branch_dag.py took 0.034 seconds
[2023-08-12T03:52:53.394+0000] {processor.py:157} INFO - Started process (PID=1987) to work on /home/airflow/.local/lib/python3.10/site-packages/airflow/example_dags/example_nested_branch_dag.py
[2023-08-12T03:52:53.394+0000] {processor.py:826} INFO - Processing file /home/airflow/.local/lib/python3.10/site-packages/airflow/example_dags/example_nested_branch_dag.py for tasks to queue
[2023-08-12T03:52:53.395+0000] {logging_mixin.py:149} INFO - [2023-08-12T03:52:53.395+0000] {dagbag.py:541} INFO - Filling up the DagBag from /home/airflow/.local/lib/python3.10/site-packages/airflow/example_dags/example_nested_branch_dag.py
[2023-08-12T03:52:53.399+0000] {processor.py:836} INFO - DAG(s) dict_keys(['example_nested_branch_dag']) retrieved from /home/airflow/.local/lib/python3.10/site-packages/airflow/example_dags/example_nested_branch_dag.py
[2023-08-12T03:52:53.409+0000] {logging_mixin.py:149} INFO - [2023-08-12T03:52:53.409+0000] {dag.py:2726} INFO - Sync 1 DAGs
[2023-08-12T03:52:53.420+0000] {logging_mixin.py:149} INFO - [2023-08-12T03:52:53.420+0000] {dag.py:3486} INFO - Setting next_dagrun for example_nested_branch_dag to 2023-08-11T00:00:00+00:00, run_after=2023-08-12T00:00:00+00:00
[2023-08-12T03:52:53.427+0000] {processor.py:179} INFO - Processing /home/airflow/.local/lib/python3.10/site-packages/airflow/example_dags/example_nested_branch_dag.py took 0.034 seconds
[2023-08-12T03:53:23.928+0000] {processor.py:157} INFO - Started process (PID=2065) to work on /home/airflow/.local/lib/python3.10/site-packages/airflow/example_dags/example_nested_branch_dag.py
[2023-08-12T03:53:23.929+0000] {processor.py:826} INFO - Processing file /home/airflow/.local/lib/python3.10/site-packages/airflow/example_dags/example_nested_branch_dag.py for tasks to queue
[2023-08-12T03:53:23.929+0000] {logging_mixin.py:149} INFO - [2023-08-12T03:53:23.929+0000] {dagbag.py:541} INFO - Filling up the DagBag from /home/airflow/.local/lib/python3.10/site-packages/airflow/example_dags/example_nested_branch_dag.py
[2023-08-12T03:53:23.933+0000] {processor.py:836} INFO - DAG(s) dict_keys(['example_nested_branch_dag']) retrieved from /home/airflow/.local/lib/python3.10/site-packages/airflow/example_dags/example_nested_branch_dag.py
[2023-08-12T03:53:23.944+0000] {logging_mixin.py:149} INFO - [2023-08-12T03:53:23.944+0000] {dag.py:2726} INFO - Sync 1 DAGs
[2023-08-12T03:53:23.954+0000] {logging_mixin.py:149} INFO - [2023-08-12T03:53:23.954+0000] {dag.py:3486} INFO - Setting next_dagrun for example_nested_branch_dag to 2023-08-11T00:00:00+00:00, run_after=2023-08-12T00:00:00+00:00
[2023-08-12T03:53:23.962+0000] {processor.py:179} INFO - Processing /home/airflow/.local/lib/python3.10/site-packages/airflow/example_dags/example_nested_branch_dag.py took 0.035 seconds
[2023-08-12T03:53:54.284+0000] {processor.py:157} INFO - Started process (PID=2142) to work on /home/airflow/.local/lib/python3.10/site-packages/airflow/example_dags/example_nested_branch_dag.py
[2023-08-12T03:53:54.284+0000] {processor.py:826} INFO - Processing file /home/airflow/.local/lib/python3.10/site-packages/airflow/example_dags/example_nested_branch_dag.py for tasks to queue
[2023-08-12T03:53:54.285+0000] {logging_mixin.py:149} INFO - [2023-08-12T03:53:54.285+0000] {dagbag.py:541} INFO - Filling up the DagBag from /home/airflow/.local/lib/python3.10/site-packages/airflow/example_dags/example_nested_branch_dag.py
[2023-08-12T03:53:54.289+0000] {processor.py:836} INFO - DAG(s) dict_keys(['example_nested_branch_dag']) retrieved from /home/airflow/.local/lib/python3.10/site-packages/airflow/example_dags/example_nested_branch_dag.py
[2023-08-12T03:53:54.300+0000] {logging_mixin.py:149} INFO - [2023-08-12T03:53:54.300+0000] {dag.py:2726} INFO - Sync 1 DAGs
[2023-08-12T03:53:54.310+0000] {logging_mixin.py:149} INFO - [2023-08-12T03:53:54.310+0000] {dag.py:3486} INFO - Setting next_dagrun for example_nested_branch_dag to 2023-08-11T00:00:00+00:00, run_after=2023-08-12T00:00:00+00:00
[2023-08-12T03:53:54.318+0000] {processor.py:179} INFO - Processing /home/airflow/.local/lib/python3.10/site-packages/airflow/example_dags/example_nested_branch_dag.py took 0.035 seconds
[2023-08-12T03:54:24.604+0000] {processor.py:157} INFO - Started process (PID=2219) to work on /home/airflow/.local/lib/python3.10/site-packages/airflow/example_dags/example_nested_branch_dag.py
[2023-08-12T03:54:24.605+0000] {processor.py:826} INFO - Processing file /home/airflow/.local/lib/python3.10/site-packages/airflow/example_dags/example_nested_branch_dag.py for tasks to queue
[2023-08-12T03:54:24.605+0000] {logging_mixin.py:149} INFO - [2023-08-12T03:54:24.605+0000] {dagbag.py:541} INFO - Filling up the DagBag from /home/airflow/.local/lib/python3.10/site-packages/airflow/example_dags/example_nested_branch_dag.py
[2023-08-12T03:54:24.609+0000] {processor.py:836} INFO - DAG(s) dict_keys(['example_nested_branch_dag']) retrieved from /home/airflow/.local/lib/python3.10/site-packages/airflow/example_dags/example_nested_branch_dag.py
[2023-08-12T03:54:24.620+0000] {logging_mixin.py:149} INFO - [2023-08-12T03:54:24.619+0000] {dag.py:2726} INFO - Sync 1 DAGs
[2023-08-12T03:54:24.630+0000] {logging_mixin.py:149} INFO - [2023-08-12T03:54:24.630+0000] {dag.py:3486} INFO - Setting next_dagrun for example_nested_branch_dag to 2023-08-11T00:00:00+00:00, run_after=2023-08-12T00:00:00+00:00
[2023-08-12T03:54:24.637+0000] {processor.py:179} INFO - Processing /home/airflow/.local/lib/python3.10/site-packages/airflow/example_dags/example_nested_branch_dag.py took 0.034 seconds
[2023-08-12T03:54:54.987+0000] {processor.py:157} INFO - Started process (PID=2297) to work on /home/airflow/.local/lib/python3.10/site-packages/airflow/example_dags/example_nested_branch_dag.py
[2023-08-12T03:54:54.987+0000] {processor.py:826} INFO - Processing file /home/airflow/.local/lib/python3.10/site-packages/airflow/example_dags/example_nested_branch_dag.py for tasks to queue
[2023-08-12T03:54:54.987+0000] {logging_mixin.py:149} INFO - [2023-08-12T03:54:54.987+0000] {dagbag.py:541} INFO - Filling up the DagBag from /home/airflow/.local/lib/python3.10/site-packages/airflow/example_dags/example_nested_branch_dag.py
[2023-08-12T03:54:54.991+0000] {processor.py:836} INFO - DAG(s) dict_keys(['example_nested_branch_dag']) retrieved from /home/airflow/.local/lib/python3.10/site-packages/airflow/example_dags/example_nested_branch_dag.py
[2023-08-12T03:54:55.003+0000] {logging_mixin.py:149} INFO - [2023-08-12T03:54:55.003+0000] {dag.py:2726} INFO - Sync 1 DAGs
[2023-08-12T03:54:55.013+0000] {logging_mixin.py:149} INFO - [2023-08-12T03:54:55.013+0000] {dag.py:3486} INFO - Setting next_dagrun for example_nested_branch_dag to 2023-08-11T00:00:00+00:00, run_after=2023-08-12T00:00:00+00:00
[2023-08-12T03:54:55.021+0000] {processor.py:179} INFO - Processing /home/airflow/.local/lib/python3.10/site-packages/airflow/example_dags/example_nested_branch_dag.py took 0.035 seconds
[2023-08-12T03:55:25.376+0000] {processor.py:157} INFO - Started process (PID=2374) to work on /home/airflow/.local/lib/python3.10/site-packages/airflow/example_dags/example_nested_branch_dag.py
[2023-08-12T03:55:25.376+0000] {processor.py:826} INFO - Processing file /home/airflow/.local/lib/python3.10/site-packages/airflow/example_dags/example_nested_branch_dag.py for tasks to queue
[2023-08-12T03:55:25.376+0000] {logging_mixin.py:149} INFO - [2023-08-12T03:55:25.376+0000] {dagbag.py:541} INFO - Filling up the DagBag from /home/airflow/.local/lib/python3.10/site-packages/airflow/example_dags/example_nested_branch_dag.py
[2023-08-12T03:55:25.380+0000] {processor.py:836} INFO - DAG(s) dict_keys(['example_nested_branch_dag']) retrieved from /home/airflow/.local/lib/python3.10/site-packages/airflow/example_dags/example_nested_branch_dag.py
[2023-08-12T03:55:25.391+0000] {logging_mixin.py:149} INFO - [2023-08-12T03:55:25.391+0000] {dag.py:2726} INFO - Sync 1 DAGs
[2023-08-12T03:55:25.402+0000] {logging_mixin.py:149} INFO - [2023-08-12T03:55:25.402+0000] {dag.py:3486} INFO - Setting next_dagrun for example_nested_branch_dag to 2023-08-11T00:00:00+00:00, run_after=2023-08-12T00:00:00+00:00
[2023-08-12T03:55:25.409+0000] {processor.py:179} INFO - Processing /home/airflow/.local/lib/python3.10/site-packages/airflow/example_dags/example_nested_branch_dag.py took 0.034 seconds
[2023-08-12T03:56:30.793+0000] {processor.py:157} INFO - Started process (PID=64) to work on /home/airflow/.local/lib/python3.10/site-packages/airflow/example_dags/example_nested_branch_dag.py
[2023-08-12T03:56:30.793+0000] {processor.py:826} INFO - Processing file /home/airflow/.local/lib/python3.10/site-packages/airflow/example_dags/example_nested_branch_dag.py for tasks to queue
[2023-08-12T03:56:30.794+0000] {logging_mixin.py:149} INFO - [2023-08-12T03:56:30.794+0000] {dagbag.py:541} INFO - Filling up the DagBag from /home/airflow/.local/lib/python3.10/site-packages/airflow/example_dags/example_nested_branch_dag.py
[2023-08-12T03:56:30.798+0000] {processor.py:836} INFO - DAG(s) dict_keys(['example_nested_branch_dag']) retrieved from /home/airflow/.local/lib/python3.10/site-packages/airflow/example_dags/example_nested_branch_dag.py
[2023-08-12T03:56:30.803+0000] {logging_mixin.py:149} INFO - [2023-08-12T03:56:30.803+0000] {dag.py:2726} INFO - Sync 1 DAGs
[2023-08-12T03:56:30.814+0000] {logging_mixin.py:149} INFO - [2023-08-12T03:56:30.814+0000] {dag.py:3486} INFO - Setting next_dagrun for example_nested_branch_dag to 2023-08-11T00:00:00+00:00, run_after=2023-08-12T00:00:00+00:00
[2023-08-12T03:56:30.821+0000] {processor.py:179} INFO - Processing /home/airflow/.local/lib/python3.10/site-packages/airflow/example_dags/example_nested_branch_dag.py took 0.030 seconds
[2023-08-12T03:57:00.953+0000] {processor.py:157} INFO - Started process (PID=140) to work on /home/airflow/.local/lib/python3.10/site-packages/airflow/example_dags/example_nested_branch_dag.py
[2023-08-12T03:57:00.953+0000] {processor.py:826} INFO - Processing file /home/airflow/.local/lib/python3.10/site-packages/airflow/example_dags/example_nested_branch_dag.py for tasks to queue
[2023-08-12T03:57:00.953+0000] {logging_mixin.py:149} INFO - [2023-08-12T03:57:00.953+0000] {dagbag.py:541} INFO - Filling up the DagBag from /home/airflow/.local/lib/python3.10/site-packages/airflow/example_dags/example_nested_branch_dag.py
[2023-08-12T03:57:00.957+0000] {processor.py:836} INFO - DAG(s) dict_keys(['example_nested_branch_dag']) retrieved from /home/airflow/.local/lib/python3.10/site-packages/airflow/example_dags/example_nested_branch_dag.py
[2023-08-12T03:57:00.968+0000] {logging_mixin.py:149} INFO - [2023-08-12T03:57:00.968+0000] {dag.py:2726} INFO - Sync 1 DAGs
[2023-08-12T03:57:00.978+0000] {logging_mixin.py:149} INFO - [2023-08-12T03:57:00.978+0000] {dag.py:3486} INFO - Setting next_dagrun for example_nested_branch_dag to 2023-08-11T00:00:00+00:00, run_after=2023-08-12T00:00:00+00:00
[2023-08-12T03:57:00.984+0000] {processor.py:179} INFO - Processing /home/airflow/.local/lib/python3.10/site-packages/airflow/example_dags/example_nested_branch_dag.py took 0.033 seconds
[2023-08-12T03:57:31.311+0000] {processor.py:157} INFO - Started process (PID=218) to work on /home/airflow/.local/lib/python3.10/site-packages/airflow/example_dags/example_nested_branch_dag.py
[2023-08-12T03:57:31.312+0000] {processor.py:826} INFO - Processing file /home/airflow/.local/lib/python3.10/site-packages/airflow/example_dags/example_nested_branch_dag.py for tasks to queue
[2023-08-12T03:57:31.312+0000] {logging_mixin.py:149} INFO - [2023-08-12T03:57:31.312+0000] {dagbag.py:541} INFO - Filling up the DagBag from /home/airflow/.local/lib/python3.10/site-packages/airflow/example_dags/example_nested_branch_dag.py
[2023-08-12T03:57:31.316+0000] {processor.py:836} INFO - DAG(s) dict_keys(['example_nested_branch_dag']) retrieved from /home/airflow/.local/lib/python3.10/site-packages/airflow/example_dags/example_nested_branch_dag.py
[2023-08-12T03:57:31.328+0000] {logging_mixin.py:149} INFO - [2023-08-12T03:57:31.328+0000] {dag.py:2726} INFO - Sync 1 DAGs
[2023-08-12T03:57:31.339+0000] {logging_mixin.py:149} INFO - [2023-08-12T03:57:31.339+0000] {dag.py:3486} INFO - Setting next_dagrun for example_nested_branch_dag to 2023-08-11T00:00:00+00:00, run_after=2023-08-12T00:00:00+00:00
[2023-08-12T03:57:31.346+0000] {processor.py:179} INFO - Processing /home/airflow/.local/lib/python3.10/site-packages/airflow/example_dags/example_nested_branch_dag.py took 0.036 seconds
[2023-08-12T03:58:01.710+0000] {processor.py:157} INFO - Started process (PID=295) to work on /home/airflow/.local/lib/python3.10/site-packages/airflow/example_dags/example_nested_branch_dag.py
[2023-08-12T03:58:01.710+0000] {processor.py:826} INFO - Processing file /home/airflow/.local/lib/python3.10/site-packages/airflow/example_dags/example_nested_branch_dag.py for tasks to queue
[2023-08-12T03:58:01.710+0000] {logging_mixin.py:149} INFO - [2023-08-12T03:58:01.710+0000] {dagbag.py:541} INFO - Filling up the DagBag from /home/airflow/.local/lib/python3.10/site-packages/airflow/example_dags/example_nested_branch_dag.py
[2023-08-12T03:58:01.715+0000] {processor.py:836} INFO - DAG(s) dict_keys(['example_nested_branch_dag']) retrieved from /home/airflow/.local/lib/python3.10/site-packages/airflow/example_dags/example_nested_branch_dag.py
[2023-08-12T03:58:01.725+0000] {logging_mixin.py:149} INFO - [2023-08-12T03:58:01.725+0000] {dag.py:2726} INFO - Sync 1 DAGs
[2023-08-12T03:58:01.736+0000] {logging_mixin.py:149} INFO - [2023-08-12T03:58:01.736+0000] {dag.py:3486} INFO - Setting next_dagrun for example_nested_branch_dag to 2023-08-11T00:00:00+00:00, run_after=2023-08-12T00:00:00+00:00
[2023-08-12T03:58:01.743+0000] {processor.py:179} INFO - Processing /home/airflow/.local/lib/python3.10/site-packages/airflow/example_dags/example_nested_branch_dag.py took 0.034 seconds
[2023-08-12T03:58:32.044+0000] {processor.py:157} INFO - Started process (PID=372) to work on /home/airflow/.local/lib/python3.10/site-packages/airflow/example_dags/example_nested_branch_dag.py
[2023-08-12T03:58:32.045+0000] {processor.py:826} INFO - Processing file /home/airflow/.local/lib/python3.10/site-packages/airflow/example_dags/example_nested_branch_dag.py for tasks to queue
[2023-08-12T03:58:32.045+0000] {logging_mixin.py:149} INFO - [2023-08-12T03:58:32.045+0000] {dagbag.py:541} INFO - Filling up the DagBag from /home/airflow/.local/lib/python3.10/site-packages/airflow/example_dags/example_nested_branch_dag.py
[2023-08-12T03:58:32.049+0000] {processor.py:836} INFO - DAG(s) dict_keys(['example_nested_branch_dag']) retrieved from /home/airflow/.local/lib/python3.10/site-packages/airflow/example_dags/example_nested_branch_dag.py
[2023-08-12T03:58:32.060+0000] {logging_mixin.py:149} INFO - [2023-08-12T03:58:32.060+0000] {dag.py:2726} INFO - Sync 1 DAGs
[2023-08-12T03:58:32.071+0000] {logging_mixin.py:149} INFO - [2023-08-12T03:58:32.071+0000] {dag.py:3486} INFO - Setting next_dagrun for example_nested_branch_dag to 2023-08-11T00:00:00+00:00, run_after=2023-08-12T00:00:00+00:00
[2023-08-12T03:58:32.077+0000] {processor.py:179} INFO - Processing /home/airflow/.local/lib/python3.10/site-packages/airflow/example_dags/example_nested_branch_dag.py took 0.034 seconds
[2023-08-12T03:59:02.483+0000] {processor.py:157} INFO - Started process (PID=447) to work on /home/airflow/.local/lib/python3.10/site-packages/airflow/example_dags/example_nested_branch_dag.py
[2023-08-12T03:59:02.483+0000] {processor.py:826} INFO - Processing file /home/airflow/.local/lib/python3.10/site-packages/airflow/example_dags/example_nested_branch_dag.py for tasks to queue
[2023-08-12T03:59:02.484+0000] {logging_mixin.py:149} INFO - [2023-08-12T03:59:02.483+0000] {dagbag.py:541} INFO - Filling up the DagBag from /home/airflow/.local/lib/python3.10/site-packages/airflow/example_dags/example_nested_branch_dag.py
[2023-08-12T03:59:02.488+0000] {processor.py:836} INFO - DAG(s) dict_keys(['example_nested_branch_dag']) retrieved from /home/airflow/.local/lib/python3.10/site-packages/airflow/example_dags/example_nested_branch_dag.py
[2023-08-12T03:59:02.498+0000] {logging_mixin.py:149} INFO - [2023-08-12T03:59:02.498+0000] {dag.py:2726} INFO - Sync 1 DAGs
[2023-08-12T03:59:02.508+0000] {logging_mixin.py:149} INFO - [2023-08-12T03:59:02.508+0000] {dag.py:3486} INFO - Setting next_dagrun for example_nested_branch_dag to 2023-08-11T00:00:00+00:00, run_after=2023-08-12T00:00:00+00:00
[2023-08-12T03:59:02.516+0000] {processor.py:179} INFO - Processing /home/airflow/.local/lib/python3.10/site-packages/airflow/example_dags/example_nested_branch_dag.py took 0.034 seconds
[2023-08-12T03:59:32.911+0000] {processor.py:157} INFO - Started process (PID=524) to work on /home/airflow/.local/lib/python3.10/site-packages/airflow/example_dags/example_nested_branch_dag.py
[2023-08-12T03:59:32.911+0000] {processor.py:826} INFO - Processing file /home/airflow/.local/lib/python3.10/site-packages/airflow/example_dags/example_nested_branch_dag.py for tasks to queue
[2023-08-12T03:59:32.911+0000] {logging_mixin.py:149} INFO - [2023-08-12T03:59:32.911+0000] {dagbag.py:541} INFO - Filling up the DagBag from /home/airflow/.local/lib/python3.10/site-packages/airflow/example_dags/example_nested_branch_dag.py
[2023-08-12T03:59:32.915+0000] {processor.py:836} INFO - DAG(s) dict_keys(['example_nested_branch_dag']) retrieved from /home/airflow/.local/lib/python3.10/site-packages/airflow/example_dags/example_nested_branch_dag.py
[2023-08-12T03:59:32.926+0000] {logging_mixin.py:149} INFO - [2023-08-12T03:59:32.926+0000] {dag.py:2726} INFO - Sync 1 DAGs
[2023-08-12T03:59:32.936+0000] {logging_mixin.py:149} INFO - [2023-08-12T03:59:32.936+0000] {dag.py:3486} INFO - Setting next_dagrun for example_nested_branch_dag to 2023-08-11T00:00:00+00:00, run_after=2023-08-12T00:00:00+00:00
[2023-08-12T03:59:32.943+0000] {processor.py:179} INFO - Processing /home/airflow/.local/lib/python3.10/site-packages/airflow/example_dags/example_nested_branch_dag.py took 0.033 seconds
[2023-08-12T04:00:03.438+0000] {processor.py:157} INFO - Started process (PID=602) to work on /home/airflow/.local/lib/python3.10/site-packages/airflow/example_dags/example_nested_branch_dag.py
[2023-08-12T04:00:03.439+0000] {processor.py:826} INFO - Processing file /home/airflow/.local/lib/python3.10/site-packages/airflow/example_dags/example_nested_branch_dag.py for tasks to queue
[2023-08-12T04:00:03.439+0000] {logging_mixin.py:149} INFO - [2023-08-12T04:00:03.439+0000] {dagbag.py:541} INFO - Filling up the DagBag from /home/airflow/.local/lib/python3.10/site-packages/airflow/example_dags/example_nested_branch_dag.py
[2023-08-12T04:00:03.443+0000] {processor.py:836} INFO - DAG(s) dict_keys(['example_nested_branch_dag']) retrieved from /home/airflow/.local/lib/python3.10/site-packages/airflow/example_dags/example_nested_branch_dag.py
[2023-08-12T04:00:03.455+0000] {logging_mixin.py:149} INFO - [2023-08-12T04:00:03.454+0000] {dag.py:2726} INFO - Sync 1 DAGs
[2023-08-12T04:00:03.465+0000] {logging_mixin.py:149} INFO - [2023-08-12T04:00:03.465+0000] {dag.py:3486} INFO - Setting next_dagrun for example_nested_branch_dag to 2023-08-11T00:00:00+00:00, run_after=2023-08-12T00:00:00+00:00
[2023-08-12T04:00:03.472+0000] {processor.py:179} INFO - Processing /home/airflow/.local/lib/python3.10/site-packages/airflow/example_dags/example_nested_branch_dag.py took 0.035 seconds
[2023-08-12T04:00:33.781+0000] {processor.py:157} INFO - Started process (PID=678) to work on /home/airflow/.local/lib/python3.10/site-packages/airflow/example_dags/example_nested_branch_dag.py
[2023-08-12T04:00:33.781+0000] {processor.py:826} INFO - Processing file /home/airflow/.local/lib/python3.10/site-packages/airflow/example_dags/example_nested_branch_dag.py for tasks to queue
[2023-08-12T04:00:33.781+0000] {logging_mixin.py:149} INFO - [2023-08-12T04:00:33.781+0000] {dagbag.py:541} INFO - Filling up the DagBag from /home/airflow/.local/lib/python3.10/site-packages/airflow/example_dags/example_nested_branch_dag.py
[2023-08-12T04:00:33.785+0000] {processor.py:836} INFO - DAG(s) dict_keys(['example_nested_branch_dag']) retrieved from /home/airflow/.local/lib/python3.10/site-packages/airflow/example_dags/example_nested_branch_dag.py
[2023-08-12T04:00:33.796+0000] {logging_mixin.py:149} INFO - [2023-08-12T04:00:33.796+0000] {dag.py:2726} INFO - Sync 1 DAGs
[2023-08-12T04:00:33.807+0000] {logging_mixin.py:149} INFO - [2023-08-12T04:00:33.807+0000] {dag.py:3486} INFO - Setting next_dagrun for example_nested_branch_dag to 2023-08-11T00:00:00+00:00, run_after=2023-08-12T00:00:00+00:00
[2023-08-12T04:00:33.814+0000] {processor.py:179} INFO - Processing /home/airflow/.local/lib/python3.10/site-packages/airflow/example_dags/example_nested_branch_dag.py took 0.035 seconds
