[2023-08-12T03:29:38.386+0000] {processor.py:157} INFO - Started process (PID=58) to work on /home/airflow/.local/lib/python3.10/site-packages/airflow/example_dags/example_bash_operator.py
[2023-08-12T03:29:38.386+0000] {processor.py:826} INFO - Processing file /home/airflow/.local/lib/python3.10/site-packages/airflow/example_dags/example_bash_operator.py for tasks to queue
[2023-08-12T03:29:38.386+0000] {logging_mixin.py:149} INFO - [2023-08-12T03:29:38.386+0000] {dagbag.py:541} INFO - Filling up the DagBag from /home/airflow/.local/lib/python3.10/site-packages/airflow/example_dags/example_bash_operator.py
[2023-08-12T03:29:38.393+0000] {processor.py:836} INFO - DAG(s) dict_keys(['example_bash_operator']) retrieved from /home/airflow/.local/lib/python3.10/site-packages/airflow/example_dags/example_bash_operator.py
[2023-08-12T03:29:38.398+0000] {logging_mixin.py:149} INFO - [2023-08-12T03:29:38.398+0000] {dag.py:2726} INFO - Sync 1 DAGs
[2023-08-12T03:29:38.409+0000] {logging_mixin.py:149} INFO - [2023-08-12T03:29:38.409+0000] {dag.py:3486} INFO - Setting next_dagrun for example_bash_operator to 2023-08-11T00:00:00+00:00, run_after=2023-08-12T00:00:00+00:00
[2023-08-12T03:29:38.416+0000] {processor.py:179} INFO - Processing /home/airflow/.local/lib/python3.10/site-packages/airflow/example_dags/example_bash_operator.py took 0.032 seconds
[2023-08-12T03:30:08.637+0000] {processor.py:157} INFO - Started process (PID=135) to work on /home/airflow/.local/lib/python3.10/site-packages/airflow/example_dags/example_bash_operator.py
[2023-08-12T03:30:08.637+0000] {processor.py:826} INFO - Processing file /home/airflow/.local/lib/python3.10/site-packages/airflow/example_dags/example_bash_operator.py for tasks to queue
[2023-08-12T03:30:08.638+0000] {logging_mixin.py:149} INFO - [2023-08-12T03:30:08.638+0000] {dagbag.py:541} INFO - Filling up the DagBag from /home/airflow/.local/lib/python3.10/site-packages/airflow/example_dags/example_bash_operator.py
[2023-08-12T03:30:08.644+0000] {processor.py:836} INFO - DAG(s) dict_keys(['example_bash_operator']) retrieved from /home/airflow/.local/lib/python3.10/site-packages/airflow/example_dags/example_bash_operator.py
[2023-08-12T03:30:08.661+0000] {logging_mixin.py:149} INFO - [2023-08-12T03:30:08.661+0000] {dag.py:2726} INFO - Sync 1 DAGs
[2023-08-12T03:30:08.671+0000] {logging_mixin.py:149} INFO - [2023-08-12T03:30:08.671+0000] {dag.py:3486} INFO - Setting next_dagrun for example_bash_operator to 2023-08-11T00:00:00+00:00, run_after=2023-08-12T00:00:00+00:00
[2023-08-12T03:30:08.678+0000] {processor.py:179} INFO - Processing /home/airflow/.local/lib/python3.10/site-packages/airflow/example_dags/example_bash_operator.py took 0.043 seconds
[2023-08-12T03:30:38.955+0000] {processor.py:157} INFO - Started process (PID=212) to work on /home/airflow/.local/lib/python3.10/site-packages/airflow/example_dags/example_bash_operator.py
[2023-08-12T03:30:38.955+0000] {processor.py:826} INFO - Processing file /home/airflow/.local/lib/python3.10/site-packages/airflow/example_dags/example_bash_operator.py for tasks to queue
[2023-08-12T03:30:38.955+0000] {logging_mixin.py:149} INFO - [2023-08-12T03:30:38.955+0000] {dagbag.py:541} INFO - Filling up the DagBag from /home/airflow/.local/lib/python3.10/site-packages/airflow/example_dags/example_bash_operator.py
[2023-08-12T03:30:38.961+0000] {processor.py:836} INFO - DAG(s) dict_keys(['example_bash_operator']) retrieved from /home/airflow/.local/lib/python3.10/site-packages/airflow/example_dags/example_bash_operator.py
[2023-08-12T03:30:38.978+0000] {logging_mixin.py:149} INFO - [2023-08-12T03:30:38.978+0000] {dag.py:2726} INFO - Sync 1 DAGs
[2023-08-12T03:30:38.988+0000] {logging_mixin.py:149} INFO - [2023-08-12T03:30:38.988+0000] {dag.py:3486} INFO - Setting next_dagrun for example_bash_operator to 2023-08-11T00:00:00+00:00, run_after=2023-08-12T00:00:00+00:00
[2023-08-12T03:30:38.994+0000] {processor.py:179} INFO - Processing /home/airflow/.local/lib/python3.10/site-packages/airflow/example_dags/example_bash_operator.py took 0.041 seconds
[2023-08-12T03:31:09.338+0000] {processor.py:157} INFO - Started process (PID=288) to work on /home/airflow/.local/lib/python3.10/site-packages/airflow/example_dags/example_bash_operator.py
[2023-08-12T03:31:09.338+0000] {processor.py:826} INFO - Processing file /home/airflow/.local/lib/python3.10/site-packages/airflow/example_dags/example_bash_operator.py for tasks to queue
[2023-08-12T03:31:09.338+0000] {logging_mixin.py:149} INFO - [2023-08-12T03:31:09.338+0000] {dagbag.py:541} INFO - Filling up the DagBag from /home/airflow/.local/lib/python3.10/site-packages/airflow/example_dags/example_bash_operator.py
[2023-08-12T03:31:09.346+0000] {processor.py:836} INFO - DAG(s) dict_keys(['example_bash_operator']) retrieved from /home/airflow/.local/lib/python3.10/site-packages/airflow/example_dags/example_bash_operator.py
[2023-08-12T03:31:09.362+0000] {logging_mixin.py:149} INFO - [2023-08-12T03:31:09.362+0000] {dag.py:2726} INFO - Sync 1 DAGs
[2023-08-12T03:31:09.372+0000] {logging_mixin.py:149} INFO - [2023-08-12T03:31:09.372+0000] {dag.py:3486} INFO - Setting next_dagrun for example_bash_operator to 2023-08-11T00:00:00+00:00, run_after=2023-08-12T00:00:00+00:00
[2023-08-12T03:31:09.379+0000] {processor.py:179} INFO - Processing /home/airflow/.local/lib/python3.10/site-packages/airflow/example_dags/example_bash_operator.py took 0.043 seconds
[2023-08-12T03:31:39.687+0000] {processor.py:157} INFO - Started process (PID=365) to work on /home/airflow/.local/lib/python3.10/site-packages/airflow/example_dags/example_bash_operator.py
[2023-08-12T03:31:39.688+0000] {processor.py:826} INFO - Processing file /home/airflow/.local/lib/python3.10/site-packages/airflow/example_dags/example_bash_operator.py for tasks to queue
[2023-08-12T03:31:39.688+0000] {logging_mixin.py:149} INFO - [2023-08-12T03:31:39.688+0000] {dagbag.py:541} INFO - Filling up the DagBag from /home/airflow/.local/lib/python3.10/site-packages/airflow/example_dags/example_bash_operator.py
[2023-08-12T03:31:39.694+0000] {processor.py:836} INFO - DAG(s) dict_keys(['example_bash_operator']) retrieved from /home/airflow/.local/lib/python3.10/site-packages/airflow/example_dags/example_bash_operator.py
[2023-08-12T03:31:39.711+0000] {logging_mixin.py:149} INFO - [2023-08-12T03:31:39.711+0000] {dag.py:2726} INFO - Sync 1 DAGs
[2023-08-12T03:31:39.721+0000] {logging_mixin.py:149} INFO - [2023-08-12T03:31:39.721+0000] {dag.py:3486} INFO - Setting next_dagrun for example_bash_operator to 2023-08-11T00:00:00+00:00, run_after=2023-08-12T00:00:00+00:00
[2023-08-12T03:31:39.728+0000] {processor.py:179} INFO - Processing /home/airflow/.local/lib/python3.10/site-packages/airflow/example_dags/example_bash_operator.py took 0.042 seconds
[2023-08-12T03:32:10.003+0000] {processor.py:157} INFO - Started process (PID=442) to work on /home/airflow/.local/lib/python3.10/site-packages/airflow/example_dags/example_bash_operator.py
[2023-08-12T03:32:10.004+0000] {processor.py:826} INFO - Processing file /home/airflow/.local/lib/python3.10/site-packages/airflow/example_dags/example_bash_operator.py for tasks to queue
[2023-08-12T03:32:10.004+0000] {logging_mixin.py:149} INFO - [2023-08-12T03:32:10.004+0000] {dagbag.py:541} INFO - Filling up the DagBag from /home/airflow/.local/lib/python3.10/site-packages/airflow/example_dags/example_bash_operator.py
[2023-08-12T03:32:10.010+0000] {processor.py:836} INFO - DAG(s) dict_keys(['example_bash_operator']) retrieved from /home/airflow/.local/lib/python3.10/site-packages/airflow/example_dags/example_bash_operator.py
[2023-08-12T03:32:10.026+0000] {logging_mixin.py:149} INFO - [2023-08-12T03:32:10.026+0000] {dag.py:2726} INFO - Sync 1 DAGs
[2023-08-12T03:32:10.037+0000] {logging_mixin.py:149} INFO - [2023-08-12T03:32:10.037+0000] {dag.py:3486} INFO - Setting next_dagrun for example_bash_operator to 2023-08-11T00:00:00+00:00, run_after=2023-08-12T00:00:00+00:00
[2023-08-12T03:32:10.044+0000] {processor.py:179} INFO - Processing /home/airflow/.local/lib/python3.10/site-packages/airflow/example_dags/example_bash_operator.py took 0.042 seconds
[2023-08-12T03:32:40.350+0000] {processor.py:157} INFO - Started process (PID=519) to work on /home/airflow/.local/lib/python3.10/site-packages/airflow/example_dags/example_bash_operator.py
[2023-08-12T03:32:40.351+0000] {processor.py:826} INFO - Processing file /home/airflow/.local/lib/python3.10/site-packages/airflow/example_dags/example_bash_operator.py for tasks to queue
[2023-08-12T03:32:40.351+0000] {logging_mixin.py:149} INFO - [2023-08-12T03:32:40.351+0000] {dagbag.py:541} INFO - Filling up the DagBag from /home/airflow/.local/lib/python3.10/site-packages/airflow/example_dags/example_bash_operator.py
[2023-08-12T03:32:40.357+0000] {processor.py:836} INFO - DAG(s) dict_keys(['example_bash_operator']) retrieved from /home/airflow/.local/lib/python3.10/site-packages/airflow/example_dags/example_bash_operator.py
[2023-08-12T03:32:40.373+0000] {logging_mixin.py:149} INFO - [2023-08-12T03:32:40.373+0000] {dag.py:2726} INFO - Sync 1 DAGs
[2023-08-12T03:32:40.383+0000] {logging_mixin.py:149} INFO - [2023-08-12T03:32:40.383+0000] {dag.py:3486} INFO - Setting next_dagrun for example_bash_operator to 2023-08-11T00:00:00+00:00, run_after=2023-08-12T00:00:00+00:00
[2023-08-12T03:32:40.391+0000] {processor.py:179} INFO - Processing /home/airflow/.local/lib/python3.10/site-packages/airflow/example_dags/example_bash_operator.py took 0.042 seconds
[2023-08-12T03:33:10.741+0000] {processor.py:157} INFO - Started process (PID=596) to work on /home/airflow/.local/lib/python3.10/site-packages/airflow/example_dags/example_bash_operator.py
[2023-08-12T03:33:10.741+0000] {processor.py:826} INFO - Processing file /home/airflow/.local/lib/python3.10/site-packages/airflow/example_dags/example_bash_operator.py for tasks to queue
[2023-08-12T03:33:10.741+0000] {logging_mixin.py:149} INFO - [2023-08-12T03:33:10.741+0000] {dagbag.py:541} INFO - Filling up the DagBag from /home/airflow/.local/lib/python3.10/site-packages/airflow/example_dags/example_bash_operator.py
[2023-08-12T03:33:10.747+0000] {processor.py:836} INFO - DAG(s) dict_keys(['example_bash_operator']) retrieved from /home/airflow/.local/lib/python3.10/site-packages/airflow/example_dags/example_bash_operator.py
[2023-08-12T03:33:10.764+0000] {logging_mixin.py:149} INFO - [2023-08-12T03:33:10.764+0000] {dag.py:2726} INFO - Sync 1 DAGs
[2023-08-12T03:33:10.775+0000] {logging_mixin.py:149} INFO - [2023-08-12T03:33:10.775+0000] {dag.py:3486} INFO - Setting next_dagrun for example_bash_operator to 2023-08-11T00:00:00+00:00, run_after=2023-08-12T00:00:00+00:00
[2023-08-12T03:33:10.782+0000] {processor.py:179} INFO - Processing /home/airflow/.local/lib/python3.10/site-packages/airflow/example_dags/example_bash_operator.py took 0.043 seconds
[2023-08-12T03:33:41.259+0000] {processor.py:157} INFO - Started process (PID=673) to work on /home/airflow/.local/lib/python3.10/site-packages/airflow/example_dags/example_bash_operator.py
[2023-08-12T03:33:41.260+0000] {processor.py:826} INFO - Processing file /home/airflow/.local/lib/python3.10/site-packages/airflow/example_dags/example_bash_operator.py for tasks to queue
[2023-08-12T03:33:41.260+0000] {logging_mixin.py:149} INFO - [2023-08-12T03:33:41.260+0000] {dagbag.py:541} INFO - Filling up the DagBag from /home/airflow/.local/lib/python3.10/site-packages/airflow/example_dags/example_bash_operator.py
[2023-08-12T03:33:41.266+0000] {processor.py:836} INFO - DAG(s) dict_keys(['example_bash_operator']) retrieved from /home/airflow/.local/lib/python3.10/site-packages/airflow/example_dags/example_bash_operator.py
[2023-08-12T03:33:41.281+0000] {logging_mixin.py:149} INFO - [2023-08-12T03:33:41.281+0000] {dag.py:2726} INFO - Sync 1 DAGs
[2023-08-12T03:33:41.291+0000] {logging_mixin.py:149} INFO - [2023-08-12T03:33:41.291+0000] {dag.py:3486} INFO - Setting next_dagrun for example_bash_operator to 2023-08-11T00:00:00+00:00, run_after=2023-08-12T00:00:00+00:00
[2023-08-12T03:33:41.298+0000] {processor.py:179} INFO - Processing /home/airflow/.local/lib/python3.10/site-packages/airflow/example_dags/example_bash_operator.py took 0.040 seconds
[2023-08-12T03:34:11.593+0000] {processor.py:157} INFO - Started process (PID=749) to work on /home/airflow/.local/lib/python3.10/site-packages/airflow/example_dags/example_bash_operator.py
[2023-08-12T03:34:11.593+0000] {processor.py:826} INFO - Processing file /home/airflow/.local/lib/python3.10/site-packages/airflow/example_dags/example_bash_operator.py for tasks to queue
[2023-08-12T03:34:11.594+0000] {logging_mixin.py:149} INFO - [2023-08-12T03:34:11.594+0000] {dagbag.py:541} INFO - Filling up the DagBag from /home/airflow/.local/lib/python3.10/site-packages/airflow/example_dags/example_bash_operator.py
[2023-08-12T03:34:11.600+0000] {processor.py:836} INFO - DAG(s) dict_keys(['example_bash_operator']) retrieved from /home/airflow/.local/lib/python3.10/site-packages/airflow/example_dags/example_bash_operator.py
[2023-08-12T03:34:11.616+0000] {logging_mixin.py:149} INFO - [2023-08-12T03:34:11.616+0000] {dag.py:2726} INFO - Sync 1 DAGs
[2023-08-12T03:34:11.626+0000] {logging_mixin.py:149} INFO - [2023-08-12T03:34:11.626+0000] {dag.py:3486} INFO - Setting next_dagrun for example_bash_operator to 2023-08-11T00:00:00+00:00, run_after=2023-08-12T00:00:00+00:00
[2023-08-12T03:34:11.634+0000] {processor.py:179} INFO - Processing /home/airflow/.local/lib/python3.10/site-packages/airflow/example_dags/example_bash_operator.py took 0.042 seconds
[2023-08-12T03:34:41.988+0000] {processor.py:157} INFO - Started process (PID=826) to work on /home/airflow/.local/lib/python3.10/site-packages/airflow/example_dags/example_bash_operator.py
[2023-08-12T03:34:41.988+0000] {processor.py:826} INFO - Processing file /home/airflow/.local/lib/python3.10/site-packages/airflow/example_dags/example_bash_operator.py for tasks to queue
[2023-08-12T03:34:41.988+0000] {logging_mixin.py:149} INFO - [2023-08-12T03:34:41.988+0000] {dagbag.py:541} INFO - Filling up the DagBag from /home/airflow/.local/lib/python3.10/site-packages/airflow/example_dags/example_bash_operator.py
[2023-08-12T03:34:41.994+0000] {processor.py:836} INFO - DAG(s) dict_keys(['example_bash_operator']) retrieved from /home/airflow/.local/lib/python3.10/site-packages/airflow/example_dags/example_bash_operator.py
[2023-08-12T03:34:42.010+0000] {logging_mixin.py:149} INFO - [2023-08-12T03:34:42.010+0000] {dag.py:2726} INFO - Sync 1 DAGs
[2023-08-12T03:34:42.020+0000] {logging_mixin.py:149} INFO - [2023-08-12T03:34:42.020+0000] {dag.py:3486} INFO - Setting next_dagrun for example_bash_operator to 2023-08-11T00:00:00+00:00, run_after=2023-08-12T00:00:00+00:00
[2023-08-12T03:34:42.027+0000] {processor.py:179} INFO - Processing /home/airflow/.local/lib/python3.10/site-packages/airflow/example_dags/example_bash_operator.py took 0.041 seconds
[2023-08-12T03:35:12.311+0000] {processor.py:157} INFO - Started process (PID=903) to work on /home/airflow/.local/lib/python3.10/site-packages/airflow/example_dags/example_bash_operator.py
[2023-08-12T03:35:12.311+0000] {processor.py:826} INFO - Processing file /home/airflow/.local/lib/python3.10/site-packages/airflow/example_dags/example_bash_operator.py for tasks to queue
[2023-08-12T03:35:12.311+0000] {logging_mixin.py:149} INFO - [2023-08-12T03:35:12.311+0000] {dagbag.py:541} INFO - Filling up the DagBag from /home/airflow/.local/lib/python3.10/site-packages/airflow/example_dags/example_bash_operator.py
[2023-08-12T03:35:12.317+0000] {processor.py:836} INFO - DAG(s) dict_keys(['example_bash_operator']) retrieved from /home/airflow/.local/lib/python3.10/site-packages/airflow/example_dags/example_bash_operator.py
[2023-08-12T03:35:12.334+0000] {logging_mixin.py:149} INFO - [2023-08-12T03:35:12.334+0000] {dag.py:2726} INFO - Sync 1 DAGs
[2023-08-12T03:35:12.344+0000] {logging_mixin.py:149} INFO - [2023-08-12T03:35:12.344+0000] {dag.py:3486} INFO - Setting next_dagrun for example_bash_operator to 2023-08-11T00:00:00+00:00, run_after=2023-08-12T00:00:00+00:00
[2023-08-12T03:35:12.351+0000] {processor.py:179} INFO - Processing /home/airflow/.local/lib/python3.10/site-packages/airflow/example_dags/example_bash_operator.py took 0.041 seconds
[2023-08-12T03:35:42.732+0000] {processor.py:157} INFO - Started process (PID=980) to work on /home/airflow/.local/lib/python3.10/site-packages/airflow/example_dags/example_bash_operator.py
[2023-08-12T03:35:42.732+0000] {processor.py:826} INFO - Processing file /home/airflow/.local/lib/python3.10/site-packages/airflow/example_dags/example_bash_operator.py for tasks to queue
[2023-08-12T03:35:42.733+0000] {logging_mixin.py:149} INFO - [2023-08-12T03:35:42.733+0000] {dagbag.py:541} INFO - Filling up the DagBag from /home/airflow/.local/lib/python3.10/site-packages/airflow/example_dags/example_bash_operator.py
[2023-08-12T03:35:42.738+0000] {processor.py:836} INFO - DAG(s) dict_keys(['example_bash_operator']) retrieved from /home/airflow/.local/lib/python3.10/site-packages/airflow/example_dags/example_bash_operator.py
[2023-08-12T03:35:42.755+0000] {logging_mixin.py:149} INFO - [2023-08-12T03:35:42.755+0000] {dag.py:2726} INFO - Sync 1 DAGs
[2023-08-12T03:35:42.765+0000] {logging_mixin.py:149} INFO - [2023-08-12T03:35:42.765+0000] {dag.py:3486} INFO - Setting next_dagrun for example_bash_operator to 2023-08-11T00:00:00+00:00, run_after=2023-08-12T00:00:00+00:00
[2023-08-12T03:35:42.772+0000] {processor.py:179} INFO - Processing /home/airflow/.local/lib/python3.10/site-packages/airflow/example_dags/example_bash_operator.py took 0.041 seconds
[2023-08-12T03:40:13.365+0000] {processor.py:157} INFO - Started process (PID=58) to work on /home/airflow/.local/lib/python3.10/site-packages/airflow/example_dags/example_bash_operator.py
[2023-08-12T03:40:13.366+0000] {processor.py:826} INFO - Processing file /home/airflow/.local/lib/python3.10/site-packages/airflow/example_dags/example_bash_operator.py for tasks to queue
[2023-08-12T03:40:13.366+0000] {logging_mixin.py:149} INFO - [2023-08-12T03:40:13.366+0000] {dagbag.py:541} INFO - Filling up the DagBag from /home/airflow/.local/lib/python3.10/site-packages/airflow/example_dags/example_bash_operator.py
[2023-08-12T03:40:13.373+0000] {processor.py:836} INFO - DAG(s) dict_keys(['example_bash_operator']) retrieved from /home/airflow/.local/lib/python3.10/site-packages/airflow/example_dags/example_bash_operator.py
[2023-08-12T03:40:13.379+0000] {logging_mixin.py:149} INFO - [2023-08-12T03:40:13.378+0000] {dag.py:2726} INFO - Sync 1 DAGs
[2023-08-12T03:40:13.390+0000] {logging_mixin.py:149} INFO - [2023-08-12T03:40:13.390+0000] {dag.py:3486} INFO - Setting next_dagrun for example_bash_operator to 2023-08-11T00:00:00+00:00, run_after=2023-08-12T00:00:00+00:00
[2023-08-12T03:40:13.397+0000] {processor.py:179} INFO - Processing /home/airflow/.local/lib/python3.10/site-packages/airflow/example_dags/example_bash_operator.py took 0.033 seconds
[2023-08-12T03:40:43.518+0000] {processor.py:157} INFO - Started process (PID=135) to work on /home/airflow/.local/lib/python3.10/site-packages/airflow/example_dags/example_bash_operator.py
[2023-08-12T03:40:43.518+0000] {processor.py:826} INFO - Processing file /home/airflow/.local/lib/python3.10/site-packages/airflow/example_dags/example_bash_operator.py for tasks to queue
[2023-08-12T03:40:43.518+0000] {logging_mixin.py:149} INFO - [2023-08-12T03:40:43.518+0000] {dagbag.py:541} INFO - Filling up the DagBag from /home/airflow/.local/lib/python3.10/site-packages/airflow/example_dags/example_bash_operator.py
[2023-08-12T03:40:43.524+0000] {processor.py:836} INFO - DAG(s) dict_keys(['example_bash_operator']) retrieved from /home/airflow/.local/lib/python3.10/site-packages/airflow/example_dags/example_bash_operator.py
[2023-08-12T03:40:43.541+0000] {logging_mixin.py:149} INFO - [2023-08-12T03:40:43.541+0000] {dag.py:2726} INFO - Sync 1 DAGs
[2023-08-12T03:40:43.551+0000] {logging_mixin.py:149} INFO - [2023-08-12T03:40:43.551+0000] {dag.py:3486} INFO - Setting next_dagrun for example_bash_operator to 2023-08-11T00:00:00+00:00, run_after=2023-08-12T00:00:00+00:00
[2023-08-12T03:40:43.558+0000] {processor.py:179} INFO - Processing /home/airflow/.local/lib/python3.10/site-packages/airflow/example_dags/example_bash_operator.py took 0.041 seconds
[2023-08-12T03:41:14.044+0000] {processor.py:157} INFO - Started process (PID=212) to work on /home/airflow/.local/lib/python3.10/site-packages/airflow/example_dags/example_bash_operator.py
[2023-08-12T03:41:14.045+0000] {processor.py:826} INFO - Processing file /home/airflow/.local/lib/python3.10/site-packages/airflow/example_dags/example_bash_operator.py for tasks to queue
[2023-08-12T03:41:14.045+0000] {logging_mixin.py:149} INFO - [2023-08-12T03:41:14.045+0000] {dagbag.py:541} INFO - Filling up the DagBag from /home/airflow/.local/lib/python3.10/site-packages/airflow/example_dags/example_bash_operator.py
[2023-08-12T03:41:14.051+0000] {processor.py:836} INFO - DAG(s) dict_keys(['example_bash_operator']) retrieved from /home/airflow/.local/lib/python3.10/site-packages/airflow/example_dags/example_bash_operator.py
[2023-08-12T03:41:14.068+0000] {logging_mixin.py:149} INFO - [2023-08-12T03:41:14.068+0000] {dag.py:2726} INFO - Sync 1 DAGs
[2023-08-12T03:41:14.078+0000] {logging_mixin.py:149} INFO - [2023-08-12T03:41:14.078+0000] {dag.py:3486} INFO - Setting next_dagrun for example_bash_operator to 2023-08-11T00:00:00+00:00, run_after=2023-08-12T00:00:00+00:00
[2023-08-12T03:41:14.085+0000] {processor.py:179} INFO - Processing /home/airflow/.local/lib/python3.10/site-packages/airflow/example_dags/example_bash_operator.py took 0.042 seconds
[2023-08-12T03:41:44.331+0000] {processor.py:157} INFO - Started process (PID=289) to work on /home/airflow/.local/lib/python3.10/site-packages/airflow/example_dags/example_bash_operator.py
[2023-08-12T03:41:44.332+0000] {processor.py:826} INFO - Processing file /home/airflow/.local/lib/python3.10/site-packages/airflow/example_dags/example_bash_operator.py for tasks to queue
[2023-08-12T03:41:44.332+0000] {logging_mixin.py:149} INFO - [2023-08-12T03:41:44.332+0000] {dagbag.py:541} INFO - Filling up the DagBag from /home/airflow/.local/lib/python3.10/site-packages/airflow/example_dags/example_bash_operator.py
[2023-08-12T03:41:44.338+0000] {processor.py:836} INFO - DAG(s) dict_keys(['example_bash_operator']) retrieved from /home/airflow/.local/lib/python3.10/site-packages/airflow/example_dags/example_bash_operator.py
[2023-08-12T03:41:44.354+0000] {logging_mixin.py:149} INFO - [2023-08-12T03:41:44.354+0000] {dag.py:2726} INFO - Sync 1 DAGs
[2023-08-12T03:41:44.364+0000] {logging_mixin.py:149} INFO - [2023-08-12T03:41:44.364+0000] {dag.py:3486} INFO - Setting next_dagrun for example_bash_operator to 2023-08-11T00:00:00+00:00, run_after=2023-08-12T00:00:00+00:00
[2023-08-12T03:41:44.372+0000] {processor.py:179} INFO - Processing /home/airflow/.local/lib/python3.10/site-packages/airflow/example_dags/example_bash_operator.py took 0.042 seconds
[2023-08-12T03:42:14.659+0000] {processor.py:157} INFO - Started process (PID=367) to work on /home/airflow/.local/lib/python3.10/site-packages/airflow/example_dags/example_bash_operator.py
[2023-08-12T03:42:14.659+0000] {processor.py:826} INFO - Processing file /home/airflow/.local/lib/python3.10/site-packages/airflow/example_dags/example_bash_operator.py for tasks to queue
[2023-08-12T03:42:14.660+0000] {logging_mixin.py:149} INFO - [2023-08-12T03:42:14.660+0000] {dagbag.py:541} INFO - Filling up the DagBag from /home/airflow/.local/lib/python3.10/site-packages/airflow/example_dags/example_bash_operator.py
[2023-08-12T03:42:14.666+0000] {processor.py:836} INFO - DAG(s) dict_keys(['example_bash_operator']) retrieved from /home/airflow/.local/lib/python3.10/site-packages/airflow/example_dags/example_bash_operator.py
[2023-08-12T03:42:14.682+0000] {logging_mixin.py:149} INFO - [2023-08-12T03:42:14.682+0000] {dag.py:2726} INFO - Sync 1 DAGs
[2023-08-12T03:42:14.692+0000] {logging_mixin.py:149} INFO - [2023-08-12T03:42:14.692+0000] {dag.py:3486} INFO - Setting next_dagrun for example_bash_operator to 2023-08-11T00:00:00+00:00, run_after=2023-08-12T00:00:00+00:00
[2023-08-12T03:42:14.699+0000] {processor.py:179} INFO - Processing /home/airflow/.local/lib/python3.10/site-packages/airflow/example_dags/example_bash_operator.py took 0.042 seconds
[2023-08-12T03:42:45.110+0000] {processor.py:157} INFO - Started process (PID=443) to work on /home/airflow/.local/lib/python3.10/site-packages/airflow/example_dags/example_bash_operator.py
[2023-08-12T03:42:45.111+0000] {processor.py:826} INFO - Processing file /home/airflow/.local/lib/python3.10/site-packages/airflow/example_dags/example_bash_operator.py for tasks to queue
[2023-08-12T03:42:45.111+0000] {logging_mixin.py:149} INFO - [2023-08-12T03:42:45.111+0000] {dagbag.py:541} INFO - Filling up the DagBag from /home/airflow/.local/lib/python3.10/site-packages/airflow/example_dags/example_bash_operator.py
[2023-08-12T03:42:45.117+0000] {processor.py:836} INFO - DAG(s) dict_keys(['example_bash_operator']) retrieved from /home/airflow/.local/lib/python3.10/site-packages/airflow/example_dags/example_bash_operator.py
[2023-08-12T03:42:45.134+0000] {logging_mixin.py:149} INFO - [2023-08-12T03:42:45.134+0000] {dag.py:2726} INFO - Sync 1 DAGs
[2023-08-12T03:42:45.144+0000] {logging_mixin.py:149} INFO - [2023-08-12T03:42:45.144+0000] {dag.py:3486} INFO - Setting next_dagrun for example_bash_operator to 2023-08-11T00:00:00+00:00, run_after=2023-08-12T00:00:00+00:00
[2023-08-12T03:42:45.152+0000] {processor.py:179} INFO - Processing /home/airflow/.local/lib/python3.10/site-packages/airflow/example_dags/example_bash_operator.py took 0.043 seconds
[2023-08-12T03:43:15.417+0000] {processor.py:157} INFO - Started process (PID=520) to work on /home/airflow/.local/lib/python3.10/site-packages/airflow/example_dags/example_bash_operator.py
[2023-08-12T03:43:15.417+0000] {processor.py:826} INFO - Processing file /home/airflow/.local/lib/python3.10/site-packages/airflow/example_dags/example_bash_operator.py for tasks to queue
[2023-08-12T03:43:15.417+0000] {logging_mixin.py:149} INFO - [2023-08-12T03:43:15.417+0000] {dagbag.py:541} INFO - Filling up the DagBag from /home/airflow/.local/lib/python3.10/site-packages/airflow/example_dags/example_bash_operator.py
[2023-08-12T03:43:15.423+0000] {processor.py:836} INFO - DAG(s) dict_keys(['example_bash_operator']) retrieved from /home/airflow/.local/lib/python3.10/site-packages/airflow/example_dags/example_bash_operator.py
[2023-08-12T03:43:15.440+0000] {logging_mixin.py:149} INFO - [2023-08-12T03:43:15.440+0000] {dag.py:2726} INFO - Sync 1 DAGs
[2023-08-12T03:43:15.450+0000] {logging_mixin.py:149} INFO - [2023-08-12T03:43:15.449+0000] {dag.py:3486} INFO - Setting next_dagrun for example_bash_operator to 2023-08-11T00:00:00+00:00, run_after=2023-08-12T00:00:00+00:00
[2023-08-12T03:43:15.457+0000] {processor.py:179} INFO - Processing /home/airflow/.local/lib/python3.10/site-packages/airflow/example_dags/example_bash_operator.py took 0.041 seconds
[2023-08-12T03:43:45.882+0000] {processor.py:157} INFO - Started process (PID=597) to work on /home/airflow/.local/lib/python3.10/site-packages/airflow/example_dags/example_bash_operator.py
[2023-08-12T03:43:45.883+0000] {processor.py:826} INFO - Processing file /home/airflow/.local/lib/python3.10/site-packages/airflow/example_dags/example_bash_operator.py for tasks to queue
[2023-08-12T03:43:45.883+0000] {logging_mixin.py:149} INFO - [2023-08-12T03:43:45.883+0000] {dagbag.py:541} INFO - Filling up the DagBag from /home/airflow/.local/lib/python3.10/site-packages/airflow/example_dags/example_bash_operator.py
[2023-08-12T03:43:45.889+0000] {processor.py:836} INFO - DAG(s) dict_keys(['example_bash_operator']) retrieved from /home/airflow/.local/lib/python3.10/site-packages/airflow/example_dags/example_bash_operator.py
[2023-08-12T03:43:45.905+0000] {logging_mixin.py:149} INFO - [2023-08-12T03:43:45.905+0000] {dag.py:2726} INFO - Sync 1 DAGs
[2023-08-12T03:43:45.915+0000] {logging_mixin.py:149} INFO - [2023-08-12T03:43:45.915+0000] {dag.py:3486} INFO - Setting next_dagrun for example_bash_operator to 2023-08-11T00:00:00+00:00, run_after=2023-08-12T00:00:00+00:00
[2023-08-12T03:43:45.923+0000] {processor.py:179} INFO - Processing /home/airflow/.local/lib/python3.10/site-packages/airflow/example_dags/example_bash_operator.py took 0.042 seconds
[2023-08-12T03:44:16.262+0000] {processor.py:157} INFO - Started process (PID=674) to work on /home/airflow/.local/lib/python3.10/site-packages/airflow/example_dags/example_bash_operator.py
[2023-08-12T03:44:16.262+0000] {processor.py:826} INFO - Processing file /home/airflow/.local/lib/python3.10/site-packages/airflow/example_dags/example_bash_operator.py for tasks to queue
[2023-08-12T03:44:16.263+0000] {logging_mixin.py:149} INFO - [2023-08-12T03:44:16.263+0000] {dagbag.py:541} INFO - Filling up the DagBag from /home/airflow/.local/lib/python3.10/site-packages/airflow/example_dags/example_bash_operator.py
[2023-08-12T03:44:16.271+0000] {processor.py:836} INFO - DAG(s) dict_keys(['example_bash_operator']) retrieved from /home/airflow/.local/lib/python3.10/site-packages/airflow/example_dags/example_bash_operator.py
[2023-08-12T03:44:16.288+0000] {logging_mixin.py:149} INFO - [2023-08-12T03:44:16.288+0000] {dag.py:2726} INFO - Sync 1 DAGs
[2023-08-12T03:44:16.299+0000] {logging_mixin.py:149} INFO - [2023-08-12T03:44:16.299+0000] {dag.py:3486} INFO - Setting next_dagrun for example_bash_operator to 2023-08-11T00:00:00+00:00, run_after=2023-08-12T00:00:00+00:00
[2023-08-12T03:44:16.307+0000] {processor.py:179} INFO - Processing /home/airflow/.local/lib/python3.10/site-packages/airflow/example_dags/example_bash_operator.py took 0.047 seconds
[2023-08-12T03:44:46.690+0000] {processor.py:157} INFO - Started process (PID=751) to work on /home/airflow/.local/lib/python3.10/site-packages/airflow/example_dags/example_bash_operator.py
[2023-08-12T03:44:46.690+0000] {processor.py:826} INFO - Processing file /home/airflow/.local/lib/python3.10/site-packages/airflow/example_dags/example_bash_operator.py for tasks to queue
[2023-08-12T03:44:46.690+0000] {logging_mixin.py:149} INFO - [2023-08-12T03:44:46.690+0000] {dagbag.py:541} INFO - Filling up the DagBag from /home/airflow/.local/lib/python3.10/site-packages/airflow/example_dags/example_bash_operator.py
[2023-08-12T03:44:46.697+0000] {processor.py:836} INFO - DAG(s) dict_keys(['example_bash_operator']) retrieved from /home/airflow/.local/lib/python3.10/site-packages/airflow/example_dags/example_bash_operator.py
[2023-08-12T03:44:46.713+0000] {logging_mixin.py:149} INFO - [2023-08-12T03:44:46.713+0000] {dag.py:2726} INFO - Sync 1 DAGs
[2023-08-12T03:44:46.723+0000] {logging_mixin.py:149} INFO - [2023-08-12T03:44:46.723+0000] {dag.py:3486} INFO - Setting next_dagrun for example_bash_operator to 2023-08-11T00:00:00+00:00, run_after=2023-08-12T00:00:00+00:00
[2023-08-12T03:44:46.730+0000] {processor.py:179} INFO - Processing /home/airflow/.local/lib/python3.10/site-packages/airflow/example_dags/example_bash_operator.py took 0.042 seconds
[2023-08-12T03:45:17.155+0000] {processor.py:157} INFO - Started process (PID=828) to work on /home/airflow/.local/lib/python3.10/site-packages/airflow/example_dags/example_bash_operator.py
[2023-08-12T03:45:17.155+0000] {processor.py:826} INFO - Processing file /home/airflow/.local/lib/python3.10/site-packages/airflow/example_dags/example_bash_operator.py for tasks to queue
[2023-08-12T03:45:17.155+0000] {logging_mixin.py:149} INFO - [2023-08-12T03:45:17.155+0000] {dagbag.py:541} INFO - Filling up the DagBag from /home/airflow/.local/lib/python3.10/site-packages/airflow/example_dags/example_bash_operator.py
[2023-08-12T03:45:17.161+0000] {processor.py:836} INFO - DAG(s) dict_keys(['example_bash_operator']) retrieved from /home/airflow/.local/lib/python3.10/site-packages/airflow/example_dags/example_bash_operator.py
[2023-08-12T03:45:17.178+0000] {logging_mixin.py:149} INFO - [2023-08-12T03:45:17.178+0000] {dag.py:2726} INFO - Sync 1 DAGs
[2023-08-12T03:45:17.188+0000] {logging_mixin.py:149} INFO - [2023-08-12T03:45:17.188+0000] {dag.py:3486} INFO - Setting next_dagrun for example_bash_operator to 2023-08-11T00:00:00+00:00, run_after=2023-08-12T00:00:00+00:00
[2023-08-12T03:45:17.195+0000] {processor.py:179} INFO - Processing /home/airflow/.local/lib/python3.10/site-packages/airflow/example_dags/example_bash_operator.py took 0.041 seconds
[2023-08-12T03:45:47.622+0000] {processor.py:157} INFO - Started process (PID=905) to work on /home/airflow/.local/lib/python3.10/site-packages/airflow/example_dags/example_bash_operator.py
[2023-08-12T03:45:47.623+0000] {processor.py:826} INFO - Processing file /home/airflow/.local/lib/python3.10/site-packages/airflow/example_dags/example_bash_operator.py for tasks to queue
[2023-08-12T03:45:47.623+0000] {logging_mixin.py:149} INFO - [2023-08-12T03:45:47.623+0000] {dagbag.py:541} INFO - Filling up the DagBag from /home/airflow/.local/lib/python3.10/site-packages/airflow/example_dags/example_bash_operator.py
[2023-08-12T03:45:47.629+0000] {processor.py:836} INFO - DAG(s) dict_keys(['example_bash_operator']) retrieved from /home/airflow/.local/lib/python3.10/site-packages/airflow/example_dags/example_bash_operator.py
[2023-08-12T03:45:47.646+0000] {logging_mixin.py:149} INFO - [2023-08-12T03:45:47.645+0000] {dag.py:2726} INFO - Sync 1 DAGs
[2023-08-12T03:45:47.656+0000] {logging_mixin.py:149} INFO - [2023-08-12T03:45:47.656+0000] {dag.py:3486} INFO - Setting next_dagrun for example_bash_operator to 2023-08-11T00:00:00+00:00, run_after=2023-08-12T00:00:00+00:00
[2023-08-12T03:45:47.663+0000] {processor.py:179} INFO - Processing /home/airflow/.local/lib/python3.10/site-packages/airflow/example_dags/example_bash_operator.py took 0.042 seconds
[2023-08-12T03:46:18.035+0000] {processor.py:157} INFO - Started process (PID=982) to work on /home/airflow/.local/lib/python3.10/site-packages/airflow/example_dags/example_bash_operator.py
[2023-08-12T03:46:18.036+0000] {processor.py:826} INFO - Processing file /home/airflow/.local/lib/python3.10/site-packages/airflow/example_dags/example_bash_operator.py for tasks to queue
[2023-08-12T03:46:18.036+0000] {logging_mixin.py:149} INFO - [2023-08-12T03:46:18.036+0000] {dagbag.py:541} INFO - Filling up the DagBag from /home/airflow/.local/lib/python3.10/site-packages/airflow/example_dags/example_bash_operator.py
[2023-08-12T03:46:18.042+0000] {processor.py:836} INFO - DAG(s) dict_keys(['example_bash_operator']) retrieved from /home/airflow/.local/lib/python3.10/site-packages/airflow/example_dags/example_bash_operator.py
[2023-08-12T03:46:18.059+0000] {logging_mixin.py:149} INFO - [2023-08-12T03:46:18.059+0000] {dag.py:2726} INFO - Sync 1 DAGs
[2023-08-12T03:46:18.069+0000] {logging_mixin.py:149} INFO - [2023-08-12T03:46:18.069+0000] {dag.py:3486} INFO - Setting next_dagrun for example_bash_operator to 2023-08-11T00:00:00+00:00, run_after=2023-08-12T00:00:00+00:00
[2023-08-12T03:46:18.076+0000] {processor.py:179} INFO - Processing /home/airflow/.local/lib/python3.10/site-packages/airflow/example_dags/example_bash_operator.py took 0.042 seconds
[2023-08-12T03:46:48.529+0000] {processor.py:157} INFO - Started process (PID=1059) to work on /home/airflow/.local/lib/python3.10/site-packages/airflow/example_dags/example_bash_operator.py
[2023-08-12T03:46:48.529+0000] {processor.py:826} INFO - Processing file /home/airflow/.local/lib/python3.10/site-packages/airflow/example_dags/example_bash_operator.py for tasks to queue
[2023-08-12T03:46:48.530+0000] {logging_mixin.py:149} INFO - [2023-08-12T03:46:48.530+0000] {dagbag.py:541} INFO - Filling up the DagBag from /home/airflow/.local/lib/python3.10/site-packages/airflow/example_dags/example_bash_operator.py
[2023-08-12T03:46:48.536+0000] {processor.py:836} INFO - DAG(s) dict_keys(['example_bash_operator']) retrieved from /home/airflow/.local/lib/python3.10/site-packages/airflow/example_dags/example_bash_operator.py
[2023-08-12T03:46:48.552+0000] {logging_mixin.py:149} INFO - [2023-08-12T03:46:48.552+0000] {dag.py:2726} INFO - Sync 1 DAGs
[2023-08-12T03:46:48.562+0000] {logging_mixin.py:149} INFO - [2023-08-12T03:46:48.562+0000] {dag.py:3486} INFO - Setting next_dagrun for example_bash_operator to 2023-08-11T00:00:00+00:00, run_after=2023-08-12T00:00:00+00:00
[2023-08-12T03:46:48.569+0000] {processor.py:179} INFO - Processing /home/airflow/.local/lib/python3.10/site-packages/airflow/example_dags/example_bash_operator.py took 0.041 seconds
[2023-08-12T03:47:18.863+0000] {processor.py:157} INFO - Started process (PID=1135) to work on /home/airflow/.local/lib/python3.10/site-packages/airflow/example_dags/example_bash_operator.py
[2023-08-12T03:47:18.863+0000] {processor.py:826} INFO - Processing file /home/airflow/.local/lib/python3.10/site-packages/airflow/example_dags/example_bash_operator.py for tasks to queue
[2023-08-12T03:47:18.864+0000] {logging_mixin.py:149} INFO - [2023-08-12T03:47:18.863+0000] {dagbag.py:541} INFO - Filling up the DagBag from /home/airflow/.local/lib/python3.10/site-packages/airflow/example_dags/example_bash_operator.py
[2023-08-12T03:47:18.870+0000] {processor.py:836} INFO - DAG(s) dict_keys(['example_bash_operator']) retrieved from /home/airflow/.local/lib/python3.10/site-packages/airflow/example_dags/example_bash_operator.py
[2023-08-12T03:47:18.886+0000] {logging_mixin.py:149} INFO - [2023-08-12T03:47:18.886+0000] {dag.py:2726} INFO - Sync 1 DAGs
[2023-08-12T03:47:18.896+0000] {logging_mixin.py:149} INFO - [2023-08-12T03:47:18.896+0000] {dag.py:3486} INFO - Setting next_dagrun for example_bash_operator to 2023-08-11T00:00:00+00:00, run_after=2023-08-12T00:00:00+00:00
[2023-08-12T03:47:18.903+0000] {processor.py:179} INFO - Processing /home/airflow/.local/lib/python3.10/site-packages/airflow/example_dags/example_bash_operator.py took 0.042 seconds
[2023-08-12T03:47:49.282+0000] {processor.py:157} INFO - Started process (PID=1212) to work on /home/airflow/.local/lib/python3.10/site-packages/airflow/example_dags/example_bash_operator.py
[2023-08-12T03:47:49.282+0000] {processor.py:826} INFO - Processing file /home/airflow/.local/lib/python3.10/site-packages/airflow/example_dags/example_bash_operator.py for tasks to queue
[2023-08-12T03:47:49.283+0000] {logging_mixin.py:149} INFO - [2023-08-12T03:47:49.283+0000] {dagbag.py:541} INFO - Filling up the DagBag from /home/airflow/.local/lib/python3.10/site-packages/airflow/example_dags/example_bash_operator.py
[2023-08-12T03:47:49.289+0000] {processor.py:836} INFO - DAG(s) dict_keys(['example_bash_operator']) retrieved from /home/airflow/.local/lib/python3.10/site-packages/airflow/example_dags/example_bash_operator.py
[2023-08-12T03:47:49.305+0000] {logging_mixin.py:149} INFO - [2023-08-12T03:47:49.305+0000] {dag.py:2726} INFO - Sync 1 DAGs
[2023-08-12T03:47:49.315+0000] {logging_mixin.py:149} INFO - [2023-08-12T03:47:49.315+0000] {dag.py:3486} INFO - Setting next_dagrun for example_bash_operator to 2023-08-11T00:00:00+00:00, run_after=2023-08-12T00:00:00+00:00
[2023-08-12T03:47:49.322+0000] {processor.py:179} INFO - Processing /home/airflow/.local/lib/python3.10/site-packages/airflow/example_dags/example_bash_operator.py took 0.041 seconds
[2023-08-12T03:48:19.566+0000] {processor.py:157} INFO - Started process (PID=1289) to work on /home/airflow/.local/lib/python3.10/site-packages/airflow/example_dags/example_bash_operator.py
[2023-08-12T03:48:19.567+0000] {processor.py:826} INFO - Processing file /home/airflow/.local/lib/python3.10/site-packages/airflow/example_dags/example_bash_operator.py for tasks to queue
[2023-08-12T03:48:19.567+0000] {logging_mixin.py:149} INFO - [2023-08-12T03:48:19.567+0000] {dagbag.py:541} INFO - Filling up the DagBag from /home/airflow/.local/lib/python3.10/site-packages/airflow/example_dags/example_bash_operator.py
[2023-08-12T03:48:19.573+0000] {processor.py:836} INFO - DAG(s) dict_keys(['example_bash_operator']) retrieved from /home/airflow/.local/lib/python3.10/site-packages/airflow/example_dags/example_bash_operator.py
[2023-08-12T03:48:19.590+0000] {logging_mixin.py:149} INFO - [2023-08-12T03:48:19.590+0000] {dag.py:2726} INFO - Sync 1 DAGs
[2023-08-12T03:48:19.600+0000] {logging_mixin.py:149} INFO - [2023-08-12T03:48:19.600+0000] {dag.py:3486} INFO - Setting next_dagrun for example_bash_operator to 2023-08-11T00:00:00+00:00, run_after=2023-08-12T00:00:00+00:00
[2023-08-12T03:48:19.607+0000] {processor.py:179} INFO - Processing /home/airflow/.local/lib/python3.10/site-packages/airflow/example_dags/example_bash_operator.py took 0.042 seconds
[2023-08-12T03:48:50.017+0000] {processor.py:157} INFO - Started process (PID=1366) to work on /home/airflow/.local/lib/python3.10/site-packages/airflow/example_dags/example_bash_operator.py
[2023-08-12T03:48:50.017+0000] {processor.py:826} INFO - Processing file /home/airflow/.local/lib/python3.10/site-packages/airflow/example_dags/example_bash_operator.py for tasks to queue
[2023-08-12T03:48:50.017+0000] {logging_mixin.py:149} INFO - [2023-08-12T03:48:50.017+0000] {dagbag.py:541} INFO - Filling up the DagBag from /home/airflow/.local/lib/python3.10/site-packages/airflow/example_dags/example_bash_operator.py
[2023-08-12T03:48:50.023+0000] {processor.py:836} INFO - DAG(s) dict_keys(['example_bash_operator']) retrieved from /home/airflow/.local/lib/python3.10/site-packages/airflow/example_dags/example_bash_operator.py
[2023-08-12T03:48:50.039+0000] {logging_mixin.py:149} INFO - [2023-08-12T03:48:50.039+0000] {dag.py:2726} INFO - Sync 1 DAGs
[2023-08-12T03:48:50.049+0000] {logging_mixin.py:149} INFO - [2023-08-12T03:48:50.049+0000] {dag.py:3486} INFO - Setting next_dagrun for example_bash_operator to 2023-08-11T00:00:00+00:00, run_after=2023-08-12T00:00:00+00:00
[2023-08-12T03:48:50.056+0000] {processor.py:179} INFO - Processing /home/airflow/.local/lib/python3.10/site-packages/airflow/example_dags/example_bash_operator.py took 0.041 seconds
[2023-08-12T03:49:20.338+0000] {processor.py:157} INFO - Started process (PID=1443) to work on /home/airflow/.local/lib/python3.10/site-packages/airflow/example_dags/example_bash_operator.py
[2023-08-12T03:49:20.338+0000] {processor.py:826} INFO - Processing file /home/airflow/.local/lib/python3.10/site-packages/airflow/example_dags/example_bash_operator.py for tasks to queue
[2023-08-12T03:49:20.339+0000] {logging_mixin.py:149} INFO - [2023-08-12T03:49:20.339+0000] {dagbag.py:541} INFO - Filling up the DagBag from /home/airflow/.local/lib/python3.10/site-packages/airflow/example_dags/example_bash_operator.py
[2023-08-12T03:49:20.345+0000] {processor.py:836} INFO - DAG(s) dict_keys(['example_bash_operator']) retrieved from /home/airflow/.local/lib/python3.10/site-packages/airflow/example_dags/example_bash_operator.py
[2023-08-12T03:49:20.362+0000] {logging_mixin.py:149} INFO - [2023-08-12T03:49:20.362+0000] {dag.py:2726} INFO - Sync 1 DAGs
[2023-08-12T03:49:20.372+0000] {logging_mixin.py:149} INFO - [2023-08-12T03:49:20.372+0000] {dag.py:3486} INFO - Setting next_dagrun for example_bash_operator to 2023-08-11T00:00:00+00:00, run_after=2023-08-12T00:00:00+00:00
[2023-08-12T03:49:20.380+0000] {processor.py:179} INFO - Processing /home/airflow/.local/lib/python3.10/site-packages/airflow/example_dags/example_bash_operator.py took 0.043 seconds
[2023-08-12T03:49:50.709+0000] {processor.py:157} INFO - Started process (PID=1520) to work on /home/airflow/.local/lib/python3.10/site-packages/airflow/example_dags/example_bash_operator.py
[2023-08-12T03:49:50.710+0000] {processor.py:826} INFO - Processing file /home/airflow/.local/lib/python3.10/site-packages/airflow/example_dags/example_bash_operator.py for tasks to queue
[2023-08-12T03:49:50.710+0000] {logging_mixin.py:149} INFO - [2023-08-12T03:49:50.710+0000] {dagbag.py:541} INFO - Filling up the DagBag from /home/airflow/.local/lib/python3.10/site-packages/airflow/example_dags/example_bash_operator.py
[2023-08-12T03:49:50.716+0000] {processor.py:836} INFO - DAG(s) dict_keys(['example_bash_operator']) retrieved from /home/airflow/.local/lib/python3.10/site-packages/airflow/example_dags/example_bash_operator.py
[2023-08-12T03:49:50.732+0000] {logging_mixin.py:149} INFO - [2023-08-12T03:49:50.732+0000] {dag.py:2726} INFO - Sync 1 DAGs
[2023-08-12T03:49:50.742+0000] {logging_mixin.py:149} INFO - [2023-08-12T03:49:50.742+0000] {dag.py:3486} INFO - Setting next_dagrun for example_bash_operator to 2023-08-11T00:00:00+00:00, run_after=2023-08-12T00:00:00+00:00
[2023-08-12T03:49:50.749+0000] {processor.py:179} INFO - Processing /home/airflow/.local/lib/python3.10/site-packages/airflow/example_dags/example_bash_operator.py took 0.041 seconds
[2023-08-12T03:50:20.994+0000] {processor.py:157} INFO - Started process (PID=1597) to work on /home/airflow/.local/lib/python3.10/site-packages/airflow/example_dags/example_bash_operator.py
[2023-08-12T03:50:20.994+0000] {processor.py:826} INFO - Processing file /home/airflow/.local/lib/python3.10/site-packages/airflow/example_dags/example_bash_operator.py for tasks to queue
[2023-08-12T03:50:20.994+0000] {logging_mixin.py:149} INFO - [2023-08-12T03:50:20.994+0000] {dagbag.py:541} INFO - Filling up the DagBag from /home/airflow/.local/lib/python3.10/site-packages/airflow/example_dags/example_bash_operator.py
[2023-08-12T03:50:21.000+0000] {processor.py:836} INFO - DAG(s) dict_keys(['example_bash_operator']) retrieved from /home/airflow/.local/lib/python3.10/site-packages/airflow/example_dags/example_bash_operator.py
[2023-08-12T03:50:21.017+0000] {logging_mixin.py:149} INFO - [2023-08-12T03:50:21.017+0000] {dag.py:2726} INFO - Sync 1 DAGs
[2023-08-12T03:50:21.027+0000] {logging_mixin.py:149} INFO - [2023-08-12T03:50:21.027+0000] {dag.py:3486} INFO - Setting next_dagrun for example_bash_operator to 2023-08-11T00:00:00+00:00, run_after=2023-08-12T00:00:00+00:00
[2023-08-12T03:50:21.034+0000] {processor.py:179} INFO - Processing /home/airflow/.local/lib/python3.10/site-packages/airflow/example_dags/example_bash_operator.py took 0.042 seconds
[2023-08-12T03:50:51.419+0000] {processor.py:157} INFO - Started process (PID=1674) to work on /home/airflow/.local/lib/python3.10/site-packages/airflow/example_dags/example_bash_operator.py
[2023-08-12T03:50:51.419+0000] {processor.py:826} INFO - Processing file /home/airflow/.local/lib/python3.10/site-packages/airflow/example_dags/example_bash_operator.py for tasks to queue
[2023-08-12T03:50:51.420+0000] {logging_mixin.py:149} INFO - [2023-08-12T03:50:51.419+0000] {dagbag.py:541} INFO - Filling up the DagBag from /home/airflow/.local/lib/python3.10/site-packages/airflow/example_dags/example_bash_operator.py
[2023-08-12T03:50:51.426+0000] {processor.py:836} INFO - DAG(s) dict_keys(['example_bash_operator']) retrieved from /home/airflow/.local/lib/python3.10/site-packages/airflow/example_dags/example_bash_operator.py
[2023-08-12T03:50:51.442+0000] {logging_mixin.py:149} INFO - [2023-08-12T03:50:51.442+0000] {dag.py:2726} INFO - Sync 1 DAGs
[2023-08-12T03:50:51.453+0000] {logging_mixin.py:149} INFO - [2023-08-12T03:50:51.453+0000] {dag.py:3486} INFO - Setting next_dagrun for example_bash_operator to 2023-08-11T00:00:00+00:00, run_after=2023-08-12T00:00:00+00:00
[2023-08-12T03:50:51.460+0000] {processor.py:179} INFO - Processing /home/airflow/.local/lib/python3.10/site-packages/airflow/example_dags/example_bash_operator.py took 0.042 seconds
[2023-08-12T03:51:21.889+0000] {processor.py:157} INFO - Started process (PID=1751) to work on /home/airflow/.local/lib/python3.10/site-packages/airflow/example_dags/example_bash_operator.py
[2023-08-12T03:51:21.889+0000] {processor.py:826} INFO - Processing file /home/airflow/.local/lib/python3.10/site-packages/airflow/example_dags/example_bash_operator.py for tasks to queue
[2023-08-12T03:51:21.889+0000] {logging_mixin.py:149} INFO - [2023-08-12T03:51:21.889+0000] {dagbag.py:541} INFO - Filling up the DagBag from /home/airflow/.local/lib/python3.10/site-packages/airflow/example_dags/example_bash_operator.py
[2023-08-12T03:51:21.895+0000] {processor.py:836} INFO - DAG(s) dict_keys(['example_bash_operator']) retrieved from /home/airflow/.local/lib/python3.10/site-packages/airflow/example_dags/example_bash_operator.py
[2023-08-12T03:51:21.911+0000] {logging_mixin.py:149} INFO - [2023-08-12T03:51:21.911+0000] {dag.py:2726} INFO - Sync 1 DAGs
[2023-08-12T03:51:21.921+0000] {logging_mixin.py:149} INFO - [2023-08-12T03:51:21.921+0000] {dag.py:3486} INFO - Setting next_dagrun for example_bash_operator to 2023-08-11T00:00:00+00:00, run_after=2023-08-12T00:00:00+00:00
[2023-08-12T03:51:21.929+0000] {processor.py:179} INFO - Processing /home/airflow/.local/lib/python3.10/site-packages/airflow/example_dags/example_bash_operator.py took 0.041 seconds
[2023-08-12T03:51:52.348+0000] {processor.py:157} INFO - Started process (PID=1828) to work on /home/airflow/.local/lib/python3.10/site-packages/airflow/example_dags/example_bash_operator.py
[2023-08-12T03:51:52.348+0000] {processor.py:826} INFO - Processing file /home/airflow/.local/lib/python3.10/site-packages/airflow/example_dags/example_bash_operator.py for tasks to queue
[2023-08-12T03:51:52.349+0000] {logging_mixin.py:149} INFO - [2023-08-12T03:51:52.349+0000] {dagbag.py:541} INFO - Filling up the DagBag from /home/airflow/.local/lib/python3.10/site-packages/airflow/example_dags/example_bash_operator.py
[2023-08-12T03:51:52.355+0000] {processor.py:836} INFO - DAG(s) dict_keys(['example_bash_operator']) retrieved from /home/airflow/.local/lib/python3.10/site-packages/airflow/example_dags/example_bash_operator.py
[2023-08-12T03:51:52.372+0000] {logging_mixin.py:149} INFO - [2023-08-12T03:51:52.372+0000] {dag.py:2726} INFO - Sync 1 DAGs
[2023-08-12T03:51:52.382+0000] {logging_mixin.py:149} INFO - [2023-08-12T03:51:52.382+0000] {dag.py:3486} INFO - Setting next_dagrun for example_bash_operator to 2023-08-11T00:00:00+00:00, run_after=2023-08-12T00:00:00+00:00
[2023-08-12T03:51:52.389+0000] {processor.py:179} INFO - Processing /home/airflow/.local/lib/python3.10/site-packages/airflow/example_dags/example_bash_operator.py took 0.042 seconds
[2023-08-12T03:52:22.811+0000] {processor.py:157} INFO - Started process (PID=1905) to work on /home/airflow/.local/lib/python3.10/site-packages/airflow/example_dags/example_bash_operator.py
[2023-08-12T03:52:22.811+0000] {processor.py:826} INFO - Processing file /home/airflow/.local/lib/python3.10/site-packages/airflow/example_dags/example_bash_operator.py for tasks to queue
[2023-08-12T03:52:22.811+0000] {logging_mixin.py:149} INFO - [2023-08-12T03:52:22.811+0000] {dagbag.py:541} INFO - Filling up the DagBag from /home/airflow/.local/lib/python3.10/site-packages/airflow/example_dags/example_bash_operator.py
[2023-08-12T03:52:22.817+0000] {processor.py:836} INFO - DAG(s) dict_keys(['example_bash_operator']) retrieved from /home/airflow/.local/lib/python3.10/site-packages/airflow/example_dags/example_bash_operator.py
[2023-08-12T03:52:22.834+0000] {logging_mixin.py:149} INFO - [2023-08-12T03:52:22.834+0000] {dag.py:2726} INFO - Sync 1 DAGs
[2023-08-12T03:52:22.844+0000] {logging_mixin.py:149} INFO - [2023-08-12T03:52:22.844+0000] {dag.py:3486} INFO - Setting next_dagrun for example_bash_operator to 2023-08-11T00:00:00+00:00, run_after=2023-08-12T00:00:00+00:00
[2023-08-12T03:52:22.850+0000] {processor.py:179} INFO - Processing /home/airflow/.local/lib/python3.10/site-packages/airflow/example_dags/example_bash_operator.py took 0.041 seconds
[2023-08-12T03:52:53.261+0000] {processor.py:157} INFO - Started process (PID=1982) to work on /home/airflow/.local/lib/python3.10/site-packages/airflow/example_dags/example_bash_operator.py
[2023-08-12T03:52:53.262+0000] {processor.py:826} INFO - Processing file /home/airflow/.local/lib/python3.10/site-packages/airflow/example_dags/example_bash_operator.py for tasks to queue
[2023-08-12T03:52:53.262+0000] {logging_mixin.py:149} INFO - [2023-08-12T03:52:53.262+0000] {dagbag.py:541} INFO - Filling up the DagBag from /home/airflow/.local/lib/python3.10/site-packages/airflow/example_dags/example_bash_operator.py
[2023-08-12T03:52:53.268+0000] {processor.py:836} INFO - DAG(s) dict_keys(['example_bash_operator']) retrieved from /home/airflow/.local/lib/python3.10/site-packages/airflow/example_dags/example_bash_operator.py
[2023-08-12T03:52:53.284+0000] {logging_mixin.py:149} INFO - [2023-08-12T03:52:53.284+0000] {dag.py:2726} INFO - Sync 1 DAGs
[2023-08-12T03:52:53.294+0000] {logging_mixin.py:149} INFO - [2023-08-12T03:52:53.294+0000] {dag.py:3486} INFO - Setting next_dagrun for example_bash_operator to 2023-08-11T00:00:00+00:00, run_after=2023-08-12T00:00:00+00:00
[2023-08-12T03:52:53.301+0000] {processor.py:179} INFO - Processing /home/airflow/.local/lib/python3.10/site-packages/airflow/example_dags/example_bash_operator.py took 0.041 seconds
[2023-08-12T03:53:23.787+0000] {processor.py:157} INFO - Started process (PID=2059) to work on /home/airflow/.local/lib/python3.10/site-packages/airflow/example_dags/example_bash_operator.py
[2023-08-12T03:53:23.788+0000] {processor.py:826} INFO - Processing file /home/airflow/.local/lib/python3.10/site-packages/airflow/example_dags/example_bash_operator.py for tasks to queue
[2023-08-12T03:53:23.788+0000] {logging_mixin.py:149} INFO - [2023-08-12T03:53:23.788+0000] {dagbag.py:541} INFO - Filling up the DagBag from /home/airflow/.local/lib/python3.10/site-packages/airflow/example_dags/example_bash_operator.py
[2023-08-12T03:53:23.794+0000] {processor.py:836} INFO - DAG(s) dict_keys(['example_bash_operator']) retrieved from /home/airflow/.local/lib/python3.10/site-packages/airflow/example_dags/example_bash_operator.py
[2023-08-12T03:53:23.811+0000] {logging_mixin.py:149} INFO - [2023-08-12T03:53:23.810+0000] {dag.py:2726} INFO - Sync 1 DAGs
[2023-08-12T03:53:23.820+0000] {logging_mixin.py:149} INFO - [2023-08-12T03:53:23.820+0000] {dag.py:3486} INFO - Setting next_dagrun for example_bash_operator to 2023-08-11T00:00:00+00:00, run_after=2023-08-12T00:00:00+00:00
[2023-08-12T03:53:23.827+0000] {processor.py:179} INFO - Processing /home/airflow/.local/lib/python3.10/site-packages/airflow/example_dags/example_bash_operator.py took 0.041 seconds
[2023-08-12T03:53:54.143+0000] {processor.py:157} INFO - Started process (PID=2136) to work on /home/airflow/.local/lib/python3.10/site-packages/airflow/example_dags/example_bash_operator.py
[2023-08-12T03:53:54.144+0000] {processor.py:826} INFO - Processing file /home/airflow/.local/lib/python3.10/site-packages/airflow/example_dags/example_bash_operator.py for tasks to queue
[2023-08-12T03:53:54.144+0000] {logging_mixin.py:149} INFO - [2023-08-12T03:53:54.144+0000] {dagbag.py:541} INFO - Filling up the DagBag from /home/airflow/.local/lib/python3.10/site-packages/airflow/example_dags/example_bash_operator.py
[2023-08-12T03:53:54.150+0000] {processor.py:836} INFO - DAG(s) dict_keys(['example_bash_operator']) retrieved from /home/airflow/.local/lib/python3.10/site-packages/airflow/example_dags/example_bash_operator.py
[2023-08-12T03:53:54.167+0000] {logging_mixin.py:149} INFO - [2023-08-12T03:53:54.167+0000] {dag.py:2726} INFO - Sync 1 DAGs
[2023-08-12T03:53:54.177+0000] {logging_mixin.py:149} INFO - [2023-08-12T03:53:54.177+0000] {dag.py:3486} INFO - Setting next_dagrun for example_bash_operator to 2023-08-11T00:00:00+00:00, run_after=2023-08-12T00:00:00+00:00
[2023-08-12T03:53:54.184+0000] {processor.py:179} INFO - Processing /home/airflow/.local/lib/python3.10/site-packages/airflow/example_dags/example_bash_operator.py took 0.042 seconds
[2023-08-12T03:54:24.477+0000] {processor.py:157} INFO - Started process (PID=2213) to work on /home/airflow/.local/lib/python3.10/site-packages/airflow/example_dags/example_bash_operator.py
[2023-08-12T03:54:24.478+0000] {processor.py:826} INFO - Processing file /home/airflow/.local/lib/python3.10/site-packages/airflow/example_dags/example_bash_operator.py for tasks to queue
[2023-08-12T03:54:24.478+0000] {logging_mixin.py:149} INFO - [2023-08-12T03:54:24.478+0000] {dagbag.py:541} INFO - Filling up the DagBag from /home/airflow/.local/lib/python3.10/site-packages/airflow/example_dags/example_bash_operator.py
[2023-08-12T03:54:24.484+0000] {processor.py:836} INFO - DAG(s) dict_keys(['example_bash_operator']) retrieved from /home/airflow/.local/lib/python3.10/site-packages/airflow/example_dags/example_bash_operator.py
[2023-08-12T03:54:24.500+0000] {logging_mixin.py:149} INFO - [2023-08-12T03:54:24.500+0000] {dag.py:2726} INFO - Sync 1 DAGs
[2023-08-12T03:54:24.511+0000] {logging_mixin.py:149} INFO - [2023-08-12T03:54:24.511+0000] {dag.py:3486} INFO - Setting next_dagrun for example_bash_operator to 2023-08-11T00:00:00+00:00, run_after=2023-08-12T00:00:00+00:00
[2023-08-12T03:54:24.518+0000] {processor.py:179} INFO - Processing /home/airflow/.local/lib/python3.10/site-packages/airflow/example_dags/example_bash_operator.py took 0.042 seconds
[2023-08-12T03:54:54.854+0000] {processor.py:157} INFO - Started process (PID=2291) to work on /home/airflow/.local/lib/python3.10/site-packages/airflow/example_dags/example_bash_operator.py
[2023-08-12T03:54:54.854+0000] {processor.py:826} INFO - Processing file /home/airflow/.local/lib/python3.10/site-packages/airflow/example_dags/example_bash_operator.py for tasks to queue
[2023-08-12T03:54:54.854+0000] {logging_mixin.py:149} INFO - [2023-08-12T03:54:54.854+0000] {dagbag.py:541} INFO - Filling up the DagBag from /home/airflow/.local/lib/python3.10/site-packages/airflow/example_dags/example_bash_operator.py
[2023-08-12T03:54:54.860+0000] {processor.py:836} INFO - DAG(s) dict_keys(['example_bash_operator']) retrieved from /home/airflow/.local/lib/python3.10/site-packages/airflow/example_dags/example_bash_operator.py
[2023-08-12T03:54:54.876+0000] {logging_mixin.py:149} INFO - [2023-08-12T03:54:54.876+0000] {dag.py:2726} INFO - Sync 1 DAGs
[2023-08-12T03:54:54.886+0000] {logging_mixin.py:149} INFO - [2023-08-12T03:54:54.886+0000] {dag.py:3486} INFO - Setting next_dagrun for example_bash_operator to 2023-08-11T00:00:00+00:00, run_after=2023-08-12T00:00:00+00:00
[2023-08-12T03:54:54.893+0000] {processor.py:179} INFO - Processing /home/airflow/.local/lib/python3.10/site-packages/airflow/example_dags/example_bash_operator.py took 0.040 seconds
[2023-08-12T03:55:25.233+0000] {processor.py:157} INFO - Started process (PID=2368) to work on /home/airflow/.local/lib/python3.10/site-packages/airflow/example_dags/example_bash_operator.py
[2023-08-12T03:55:25.233+0000] {processor.py:826} INFO - Processing file /home/airflow/.local/lib/python3.10/site-packages/airflow/example_dags/example_bash_operator.py for tasks to queue
[2023-08-12T03:55:25.234+0000] {logging_mixin.py:149} INFO - [2023-08-12T03:55:25.233+0000] {dagbag.py:541} INFO - Filling up the DagBag from /home/airflow/.local/lib/python3.10/site-packages/airflow/example_dags/example_bash_operator.py
[2023-08-12T03:55:25.240+0000] {processor.py:836} INFO - DAG(s) dict_keys(['example_bash_operator']) retrieved from /home/airflow/.local/lib/python3.10/site-packages/airflow/example_dags/example_bash_operator.py
[2023-08-12T03:55:25.257+0000] {logging_mixin.py:149} INFO - [2023-08-12T03:55:25.256+0000] {dag.py:2726} INFO - Sync 1 DAGs
[2023-08-12T03:55:25.267+0000] {logging_mixin.py:149} INFO - [2023-08-12T03:55:25.267+0000] {dag.py:3486} INFO - Setting next_dagrun for example_bash_operator to 2023-08-11T00:00:00+00:00, run_after=2023-08-12T00:00:00+00:00
[2023-08-12T03:55:25.274+0000] {processor.py:179} INFO - Processing /home/airflow/.local/lib/python3.10/site-packages/airflow/example_dags/example_bash_operator.py took 0.042 seconds
[2023-08-12T03:56:30.677+0000] {processor.py:157} INFO - Started process (PID=58) to work on /home/airflow/.local/lib/python3.10/site-packages/airflow/example_dags/example_bash_operator.py
[2023-08-12T03:56:30.677+0000] {processor.py:826} INFO - Processing file /home/airflow/.local/lib/python3.10/site-packages/airflow/example_dags/example_bash_operator.py for tasks to queue
[2023-08-12T03:56:30.677+0000] {logging_mixin.py:149} INFO - [2023-08-12T03:56:30.677+0000] {dagbag.py:541} INFO - Filling up the DagBag from /home/airflow/.local/lib/python3.10/site-packages/airflow/example_dags/example_bash_operator.py
[2023-08-12T03:56:30.685+0000] {processor.py:836} INFO - DAG(s) dict_keys(['example_bash_operator']) retrieved from /home/airflow/.local/lib/python3.10/site-packages/airflow/example_dags/example_bash_operator.py
[2023-08-12T03:56:30.690+0000] {logging_mixin.py:149} INFO - [2023-08-12T03:56:30.690+0000] {dag.py:2726} INFO - Sync 1 DAGs
[2023-08-12T03:56:30.701+0000] {logging_mixin.py:149} INFO - [2023-08-12T03:56:30.701+0000] {dag.py:3486} INFO - Setting next_dagrun for example_bash_operator to 2023-08-11T00:00:00+00:00, run_after=2023-08-12T00:00:00+00:00
[2023-08-12T03:56:30.708+0000] {processor.py:179} INFO - Processing /home/airflow/.local/lib/python3.10/site-packages/airflow/example_dags/example_bash_operator.py took 0.033 seconds
[2023-08-12T03:57:00.852+0000] {processor.py:157} INFO - Started process (PID=135) to work on /home/airflow/.local/lib/python3.10/site-packages/airflow/example_dags/example_bash_operator.py
[2023-08-12T03:57:00.852+0000] {processor.py:826} INFO - Processing file /home/airflow/.local/lib/python3.10/site-packages/airflow/example_dags/example_bash_operator.py for tasks to queue
[2023-08-12T03:57:00.852+0000] {logging_mixin.py:149} INFO - [2023-08-12T03:57:00.852+0000] {dagbag.py:541} INFO - Filling up the DagBag from /home/airflow/.local/lib/python3.10/site-packages/airflow/example_dags/example_bash_operator.py
[2023-08-12T03:57:00.858+0000] {processor.py:836} INFO - DAG(s) dict_keys(['example_bash_operator']) retrieved from /home/airflow/.local/lib/python3.10/site-packages/airflow/example_dags/example_bash_operator.py
[2023-08-12T03:57:00.875+0000] {logging_mixin.py:149} INFO - [2023-08-12T03:57:00.875+0000] {dag.py:2726} INFO - Sync 1 DAGs
[2023-08-12T03:57:00.885+0000] {logging_mixin.py:149} INFO - [2023-08-12T03:57:00.885+0000] {dag.py:3486} INFO - Setting next_dagrun for example_bash_operator to 2023-08-11T00:00:00+00:00, run_after=2023-08-12T00:00:00+00:00
[2023-08-12T03:57:00.892+0000] {processor.py:179} INFO - Processing /home/airflow/.local/lib/python3.10/site-packages/airflow/example_dags/example_bash_operator.py took 0.042 seconds
[2023-08-12T03:57:31.180+0000] {processor.py:157} INFO - Started process (PID=212) to work on /home/airflow/.local/lib/python3.10/site-packages/airflow/example_dags/example_bash_operator.py
[2023-08-12T03:57:31.180+0000] {processor.py:826} INFO - Processing file /home/airflow/.local/lib/python3.10/site-packages/airflow/example_dags/example_bash_operator.py for tasks to queue
[2023-08-12T03:57:31.181+0000] {logging_mixin.py:149} INFO - [2023-08-12T03:57:31.181+0000] {dagbag.py:541} INFO - Filling up the DagBag from /home/airflow/.local/lib/python3.10/site-packages/airflow/example_dags/example_bash_operator.py
[2023-08-12T03:57:31.187+0000] {processor.py:836} INFO - DAG(s) dict_keys(['example_bash_operator']) retrieved from /home/airflow/.local/lib/python3.10/site-packages/airflow/example_dags/example_bash_operator.py
[2023-08-12T03:57:31.204+0000] {logging_mixin.py:149} INFO - [2023-08-12T03:57:31.204+0000] {dag.py:2726} INFO - Sync 1 DAGs
[2023-08-12T03:57:31.215+0000] {logging_mixin.py:149} INFO - [2023-08-12T03:57:31.215+0000] {dag.py:3486} INFO - Setting next_dagrun for example_bash_operator to 2023-08-11T00:00:00+00:00, run_after=2023-08-12T00:00:00+00:00
[2023-08-12T03:57:31.222+0000] {processor.py:179} INFO - Processing /home/airflow/.local/lib/python3.10/site-packages/airflow/example_dags/example_bash_operator.py took 0.044 seconds
[2023-08-12T03:58:01.522+0000] {processor.py:157} INFO - Started process (PID=289) to work on /home/airflow/.local/lib/python3.10/site-packages/airflow/example_dags/example_bash_operator.py
[2023-08-12T03:58:01.522+0000] {processor.py:826} INFO - Processing file /home/airflow/.local/lib/python3.10/site-packages/airflow/example_dags/example_bash_operator.py for tasks to queue
[2023-08-12T03:58:01.523+0000] {logging_mixin.py:149} INFO - [2023-08-12T03:58:01.523+0000] {dagbag.py:541} INFO - Filling up the DagBag from /home/airflow/.local/lib/python3.10/site-packages/airflow/example_dags/example_bash_operator.py
[2023-08-12T03:58:01.529+0000] {processor.py:836} INFO - DAG(s) dict_keys(['example_bash_operator']) retrieved from /home/airflow/.local/lib/python3.10/site-packages/airflow/example_dags/example_bash_operator.py
[2023-08-12T03:58:01.546+0000] {logging_mixin.py:149} INFO - [2023-08-12T03:58:01.546+0000] {dag.py:2726} INFO - Sync 1 DAGs
[2023-08-12T03:58:01.556+0000] {logging_mixin.py:149} INFO - [2023-08-12T03:58:01.556+0000] {dag.py:3486} INFO - Setting next_dagrun for example_bash_operator to 2023-08-11T00:00:00+00:00, run_after=2023-08-12T00:00:00+00:00
[2023-08-12T03:58:01.563+0000] {processor.py:179} INFO - Processing /home/airflow/.local/lib/python3.10/site-packages/airflow/example_dags/example_bash_operator.py took 0.042 seconds
[2023-08-12T03:58:31.895+0000] {processor.py:157} INFO - Started process (PID=366) to work on /home/airflow/.local/lib/python3.10/site-packages/airflow/example_dags/example_bash_operator.py
[2023-08-12T03:58:31.895+0000] {processor.py:826} INFO - Processing file /home/airflow/.local/lib/python3.10/site-packages/airflow/example_dags/example_bash_operator.py for tasks to queue
[2023-08-12T03:58:31.896+0000] {logging_mixin.py:149} INFO - [2023-08-12T03:58:31.896+0000] {dagbag.py:541} INFO - Filling up the DagBag from /home/airflow/.local/lib/python3.10/site-packages/airflow/example_dags/example_bash_operator.py
[2023-08-12T03:58:31.902+0000] {processor.py:836} INFO - DAG(s) dict_keys(['example_bash_operator']) retrieved from /home/airflow/.local/lib/python3.10/site-packages/airflow/example_dags/example_bash_operator.py
[2023-08-12T03:58:31.920+0000] {logging_mixin.py:149} INFO - [2023-08-12T03:58:31.920+0000] {dag.py:2726} INFO - Sync 1 DAGs
[2023-08-12T03:58:31.930+0000] {logging_mixin.py:149} INFO - [2023-08-12T03:58:31.930+0000] {dag.py:3486} INFO - Setting next_dagrun for example_bash_operator to 2023-08-11T00:00:00+00:00, run_after=2023-08-12T00:00:00+00:00
[2023-08-12T03:58:31.937+0000] {processor.py:179} INFO - Processing /home/airflow/.local/lib/python3.10/site-packages/airflow/example_dags/example_bash_operator.py took 0.043 seconds
[2023-08-12T03:59:02.337+0000] {processor.py:157} INFO - Started process (PID=442) to work on /home/airflow/.local/lib/python3.10/site-packages/airflow/example_dags/example_bash_operator.py
[2023-08-12T03:59:02.337+0000] {processor.py:826} INFO - Processing file /home/airflow/.local/lib/python3.10/site-packages/airflow/example_dags/example_bash_operator.py for tasks to queue
[2023-08-12T03:59:02.337+0000] {logging_mixin.py:149} INFO - [2023-08-12T03:59:02.337+0000] {dagbag.py:541} INFO - Filling up the DagBag from /home/airflow/.local/lib/python3.10/site-packages/airflow/example_dags/example_bash_operator.py
[2023-08-12T03:59:02.343+0000] {processor.py:836} INFO - DAG(s) dict_keys(['example_bash_operator']) retrieved from /home/airflow/.local/lib/python3.10/site-packages/airflow/example_dags/example_bash_operator.py
[2023-08-12T03:59:02.360+0000] {logging_mixin.py:149} INFO - [2023-08-12T03:59:02.360+0000] {dag.py:2726} INFO - Sync 1 DAGs
[2023-08-12T03:59:02.371+0000] {logging_mixin.py:149} INFO - [2023-08-12T03:59:02.370+0000] {dag.py:3486} INFO - Setting next_dagrun for example_bash_operator to 2023-08-11T00:00:00+00:00, run_after=2023-08-12T00:00:00+00:00
[2023-08-12T03:59:02.377+0000] {processor.py:179} INFO - Processing /home/airflow/.local/lib/python3.10/site-packages/airflow/example_dags/example_bash_operator.py took 0.042 seconds
[2023-08-12T03:59:32.740+0000] {processor.py:157} INFO - Started process (PID=519) to work on /home/airflow/.local/lib/python3.10/site-packages/airflow/example_dags/example_bash_operator.py
[2023-08-12T03:59:32.741+0000] {processor.py:826} INFO - Processing file /home/airflow/.local/lib/python3.10/site-packages/airflow/example_dags/example_bash_operator.py for tasks to queue
[2023-08-12T03:59:32.741+0000] {logging_mixin.py:149} INFO - [2023-08-12T03:59:32.741+0000] {dagbag.py:541} INFO - Filling up the DagBag from /home/airflow/.local/lib/python3.10/site-packages/airflow/example_dags/example_bash_operator.py
[2023-08-12T03:59:32.747+0000] {processor.py:836} INFO - DAG(s) dict_keys(['example_bash_operator']) retrieved from /home/airflow/.local/lib/python3.10/site-packages/airflow/example_dags/example_bash_operator.py
[2023-08-12T03:59:32.764+0000] {logging_mixin.py:149} INFO - [2023-08-12T03:59:32.764+0000] {dag.py:2726} INFO - Sync 1 DAGs
[2023-08-12T03:59:32.775+0000] {logging_mixin.py:149} INFO - [2023-08-12T03:59:32.775+0000] {dag.py:3486} INFO - Setting next_dagrun for example_bash_operator to 2023-08-11T00:00:00+00:00, run_after=2023-08-12T00:00:00+00:00
[2023-08-12T03:59:32.783+0000] {processor.py:179} INFO - Processing /home/airflow/.local/lib/python3.10/site-packages/airflow/example_dags/example_bash_operator.py took 0.044 seconds
[2023-08-12T04:00:03.303+0000] {processor.py:157} INFO - Started process (PID=596) to work on /home/airflow/.local/lib/python3.10/site-packages/airflow/example_dags/example_bash_operator.py
[2023-08-12T04:00:03.303+0000] {processor.py:826} INFO - Processing file /home/airflow/.local/lib/python3.10/site-packages/airflow/example_dags/example_bash_operator.py for tasks to queue
[2023-08-12T04:00:03.303+0000] {logging_mixin.py:149} INFO - [2023-08-12T04:00:03.303+0000] {dagbag.py:541} INFO - Filling up the DagBag from /home/airflow/.local/lib/python3.10/site-packages/airflow/example_dags/example_bash_operator.py
[2023-08-12T04:00:03.310+0000] {processor.py:836} INFO - DAG(s) dict_keys(['example_bash_operator']) retrieved from /home/airflow/.local/lib/python3.10/site-packages/airflow/example_dags/example_bash_operator.py
[2023-08-12T04:00:03.327+0000] {logging_mixin.py:149} INFO - [2023-08-12T04:00:03.327+0000] {dag.py:2726} INFO - Sync 1 DAGs
[2023-08-12T04:00:03.338+0000] {logging_mixin.py:149} INFO - [2023-08-12T04:00:03.338+0000] {dag.py:3486} INFO - Setting next_dagrun for example_bash_operator to 2023-08-11T00:00:00+00:00, run_after=2023-08-12T00:00:00+00:00
[2023-08-12T04:00:03.346+0000] {processor.py:179} INFO - Processing /home/airflow/.local/lib/python3.10/site-packages/airflow/example_dags/example_bash_operator.py took 0.045 seconds
[2023-08-12T04:00:33.658+0000] {processor.py:157} INFO - Started process (PID=673) to work on /home/airflow/.local/lib/python3.10/site-packages/airflow/example_dags/example_bash_operator.py
[2023-08-12T04:00:33.658+0000] {processor.py:826} INFO - Processing file /home/airflow/.local/lib/python3.10/site-packages/airflow/example_dags/example_bash_operator.py for tasks to queue
[2023-08-12T04:00:33.659+0000] {logging_mixin.py:149} INFO - [2023-08-12T04:00:33.659+0000] {dagbag.py:541} INFO - Filling up the DagBag from /home/airflow/.local/lib/python3.10/site-packages/airflow/example_dags/example_bash_operator.py
[2023-08-12T04:00:33.665+0000] {processor.py:836} INFO - DAG(s) dict_keys(['example_bash_operator']) retrieved from /home/airflow/.local/lib/python3.10/site-packages/airflow/example_dags/example_bash_operator.py
[2023-08-12T04:00:33.681+0000] {logging_mixin.py:149} INFO - [2023-08-12T04:00:33.681+0000] {dag.py:2726} INFO - Sync 1 DAGs
[2023-08-12T04:00:33.691+0000] {logging_mixin.py:149} INFO - [2023-08-12T04:00:33.691+0000] {dag.py:3486} INFO - Setting next_dagrun for example_bash_operator to 2023-08-11T00:00:00+00:00, run_after=2023-08-12T00:00:00+00:00
[2023-08-12T04:00:33.698+0000] {processor.py:179} INFO - Processing /home/airflow/.local/lib/python3.10/site-packages/airflow/example_dags/example_bash_operator.py took 0.042 seconds
