[2023-08-12T15:30:50.716+0000] {processor.py:157} INFO - Started process (PID=47) to work on /home/airflow/.local/lib/python3.10/site-packages/airflow/example_dags/example_sla_dag.py
[2023-08-12T15:30:50.716+0000] {processor.py:826} INFO - Processing file /home/airflow/.local/lib/python3.10/site-packages/airflow/example_dags/example_sla_dag.py for tasks to queue
[2023-08-12T15:30:50.717+0000] {logging_mixin.py:149} INFO - [2023-08-12T15:30:50.717+0000] {dagbag.py:541} INFO - Filling up the DagBag from /home/airflow/.local/lib/python3.10/site-packages/airflow/example_dags/example_sla_dag.py
[2023-08-12T15:30:50.722+0000] {processor.py:836} INFO - DAG(s) dict_keys(['example_sla_dag']) retrieved from /home/airflow/.local/lib/python3.10/site-packages/airflow/example_dags/example_sla_dag.py
[2023-08-12T15:30:50.727+0000] {logging_mixin.py:149} INFO - [2023-08-12T15:30:50.727+0000] {dag.py:2726} INFO - Sync 1 DAGs
[2023-08-12T15:30:50.740+0000] {logging_mixin.py:149} INFO - [2023-08-12T15:30:50.740+0000] {dag.py:3486} INFO - Setting next_dagrun for example_sla_dag to 2023-08-12T15:28:00+00:00, run_after=2023-08-12T15:30:00+00:00
[2023-08-12T15:30:50.748+0000] {processor.py:179} INFO - Processing /home/airflow/.local/lib/python3.10/site-packages/airflow/example_dags/example_sla_dag.py took 0.033 seconds
[2023-08-12T15:31:20.773+0000] {processor.py:157} INFO - Started process (PID=124) to work on /home/airflow/.local/lib/python3.10/site-packages/airflow/example_dags/example_sla_dag.py
[2023-08-12T15:31:20.774+0000] {processor.py:826} INFO - Processing file /home/airflow/.local/lib/python3.10/site-packages/airflow/example_dags/example_sla_dag.py for tasks to queue
[2023-08-12T15:31:20.774+0000] {logging_mixin.py:149} INFO - [2023-08-12T15:31:20.774+0000] {dagbag.py:541} INFO - Filling up the DagBag from /home/airflow/.local/lib/python3.10/site-packages/airflow/example_dags/example_sla_dag.py
[2023-08-12T15:31:20.778+0000] {processor.py:836} INFO - DAG(s) dict_keys(['example_sla_dag']) retrieved from /home/airflow/.local/lib/python3.10/site-packages/airflow/example_dags/example_sla_dag.py
[2023-08-12T15:31:20.787+0000] {logging_mixin.py:149} INFO - [2023-08-12T15:31:20.787+0000] {dag.py:2726} INFO - Sync 1 DAGs
[2023-08-12T15:31:20.799+0000] {logging_mixin.py:149} INFO - [2023-08-12T15:31:20.799+0000] {dag.py:3486} INFO - Setting next_dagrun for example_sla_dag to 2023-08-12T15:28:00+00:00, run_after=2023-08-12T15:30:00+00:00
[2023-08-12T15:31:20.805+0000] {processor.py:179} INFO - Processing /home/airflow/.local/lib/python3.10/site-packages/airflow/example_dags/example_sla_dag.py took 0.033 seconds
[2023-08-12T15:31:51.200+0000] {processor.py:157} INFO - Started process (PID=200) to work on /home/airflow/.local/lib/python3.10/site-packages/airflow/example_dags/example_sla_dag.py
[2023-08-12T15:31:51.200+0000] {processor.py:826} INFO - Processing file /home/airflow/.local/lib/python3.10/site-packages/airflow/example_dags/example_sla_dag.py for tasks to queue
[2023-08-12T15:31:51.200+0000] {logging_mixin.py:149} INFO - [2023-08-12T15:31:51.200+0000] {dagbag.py:541} INFO - Filling up the DagBag from /home/airflow/.local/lib/python3.10/site-packages/airflow/example_dags/example_sla_dag.py
[2023-08-12T15:31:51.204+0000] {processor.py:836} INFO - DAG(s) dict_keys(['example_sla_dag']) retrieved from /home/airflow/.local/lib/python3.10/site-packages/airflow/example_dags/example_sla_dag.py
[2023-08-12T15:31:51.214+0000] {logging_mixin.py:149} INFO - [2023-08-12T15:31:51.214+0000] {dag.py:2726} INFO - Sync 1 DAGs
[2023-08-12T15:31:51.225+0000] {logging_mixin.py:149} INFO - [2023-08-12T15:31:51.225+0000] {dag.py:3486} INFO - Setting next_dagrun for example_sla_dag to 2023-08-12T15:28:00+00:00, run_after=2023-08-12T15:30:00+00:00
[2023-08-12T15:31:51.232+0000] {processor.py:179} INFO - Processing /home/airflow/.local/lib/python3.10/site-packages/airflow/example_dags/example_sla_dag.py took 0.033 seconds
[2023-08-12T15:32:21.467+0000] {processor.py:157} INFO - Started process (PID=277) to work on /home/airflow/.local/lib/python3.10/site-packages/airflow/example_dags/example_sla_dag.py
[2023-08-12T15:32:21.467+0000] {processor.py:826} INFO - Processing file /home/airflow/.local/lib/python3.10/site-packages/airflow/example_dags/example_sla_dag.py for tasks to queue
[2023-08-12T15:32:21.467+0000] {logging_mixin.py:149} INFO - [2023-08-12T15:32:21.467+0000] {dagbag.py:541} INFO - Filling up the DagBag from /home/airflow/.local/lib/python3.10/site-packages/airflow/example_dags/example_sla_dag.py
[2023-08-12T15:32:21.471+0000] {processor.py:836} INFO - DAG(s) dict_keys(['example_sla_dag']) retrieved from /home/airflow/.local/lib/python3.10/site-packages/airflow/example_dags/example_sla_dag.py
[2023-08-12T15:32:21.481+0000] {logging_mixin.py:149} INFO - [2023-08-12T15:32:21.481+0000] {dag.py:2726} INFO - Sync 1 DAGs
[2023-08-12T15:32:21.493+0000] {logging_mixin.py:149} INFO - [2023-08-12T15:32:21.493+0000] {dag.py:3486} INFO - Setting next_dagrun for example_sla_dag to 2023-08-12T15:30:00+00:00, run_after=2023-08-12T15:32:00+00:00
[2023-08-12T15:32:21.500+0000] {processor.py:179} INFO - Processing /home/airflow/.local/lib/python3.10/site-packages/airflow/example_dags/example_sla_dag.py took 0.035 seconds
[2023-08-12T15:32:51.888+0000] {processor.py:157} INFO - Started process (PID=354) to work on /home/airflow/.local/lib/python3.10/site-packages/airflow/example_dags/example_sla_dag.py
[2023-08-12T15:32:51.888+0000] {processor.py:826} INFO - Processing file /home/airflow/.local/lib/python3.10/site-packages/airflow/example_dags/example_sla_dag.py for tasks to queue
[2023-08-12T15:32:51.888+0000] {logging_mixin.py:149} INFO - [2023-08-12T15:32:51.888+0000] {dagbag.py:541} INFO - Filling up the DagBag from /home/airflow/.local/lib/python3.10/site-packages/airflow/example_dags/example_sla_dag.py
[2023-08-12T15:32:51.892+0000] {processor.py:836} INFO - DAG(s) dict_keys(['example_sla_dag']) retrieved from /home/airflow/.local/lib/python3.10/site-packages/airflow/example_dags/example_sla_dag.py
[2023-08-12T15:32:51.902+0000] {logging_mixin.py:149} INFO - [2023-08-12T15:32:51.901+0000] {dag.py:2726} INFO - Sync 1 DAGs
[2023-08-12T15:32:51.912+0000] {logging_mixin.py:149} INFO - [2023-08-12T15:32:51.912+0000] {dag.py:3486} INFO - Setting next_dagrun for example_sla_dag to 2023-08-12T15:30:00+00:00, run_after=2023-08-12T15:32:00+00:00
[2023-08-12T15:32:51.919+0000] {processor.py:179} INFO - Processing /home/airflow/.local/lib/python3.10/site-packages/airflow/example_dags/example_sla_dag.py took 0.032 seconds
[2023-08-12T15:33:22.422+0000] {processor.py:157} INFO - Started process (PID=430) to work on /home/airflow/.local/lib/python3.10/site-packages/airflow/example_dags/example_sla_dag.py
[2023-08-12T15:33:22.423+0000] {processor.py:826} INFO - Processing file /home/airflow/.local/lib/python3.10/site-packages/airflow/example_dags/example_sla_dag.py for tasks to queue
[2023-08-12T15:33:22.423+0000] {logging_mixin.py:149} INFO - [2023-08-12T15:33:22.423+0000] {dagbag.py:541} INFO - Filling up the DagBag from /home/airflow/.local/lib/python3.10/site-packages/airflow/example_dags/example_sla_dag.py
[2023-08-12T15:33:22.427+0000] {processor.py:836} INFO - DAG(s) dict_keys(['example_sla_dag']) retrieved from /home/airflow/.local/lib/python3.10/site-packages/airflow/example_dags/example_sla_dag.py
[2023-08-12T15:33:22.436+0000] {logging_mixin.py:149} INFO - [2023-08-12T15:33:22.436+0000] {dag.py:2726} INFO - Sync 1 DAGs
[2023-08-12T15:33:22.448+0000] {logging_mixin.py:149} INFO - [2023-08-12T15:33:22.448+0000] {dag.py:3486} INFO - Setting next_dagrun for example_sla_dag to 2023-08-12T15:30:00+00:00, run_after=2023-08-12T15:32:00+00:00
[2023-08-12T15:33:22.454+0000] {processor.py:179} INFO - Processing /home/airflow/.local/lib/python3.10/site-packages/airflow/example_dags/example_sla_dag.py took 0.034 seconds
[2023-08-12T15:33:52.920+0000] {processor.py:157} INFO - Started process (PID=507) to work on /home/airflow/.local/lib/python3.10/site-packages/airflow/example_dags/example_sla_dag.py
[2023-08-12T15:33:52.920+0000] {processor.py:826} INFO - Processing file /home/airflow/.local/lib/python3.10/site-packages/airflow/example_dags/example_sla_dag.py for tasks to queue
[2023-08-12T15:33:52.920+0000] {logging_mixin.py:149} INFO - [2023-08-12T15:33:52.920+0000] {dagbag.py:541} INFO - Filling up the DagBag from /home/airflow/.local/lib/python3.10/site-packages/airflow/example_dags/example_sla_dag.py
[2023-08-12T15:33:52.924+0000] {processor.py:836} INFO - DAG(s) dict_keys(['example_sla_dag']) retrieved from /home/airflow/.local/lib/python3.10/site-packages/airflow/example_dags/example_sla_dag.py
[2023-08-12T15:33:52.934+0000] {logging_mixin.py:149} INFO - [2023-08-12T15:33:52.934+0000] {dag.py:2726} INFO - Sync 1 DAGs
[2023-08-12T15:33:52.946+0000] {logging_mixin.py:149} INFO - [2023-08-12T15:33:52.946+0000] {dag.py:3486} INFO - Setting next_dagrun for example_sla_dag to 2023-08-12T15:30:00+00:00, run_after=2023-08-12T15:32:00+00:00
[2023-08-12T15:33:52.953+0000] {processor.py:179} INFO - Processing /home/airflow/.local/lib/python3.10/site-packages/airflow/example_dags/example_sla_dag.py took 0.035 seconds
