[2023-08-12T03:29:37.420+0000] {processor.py:157} INFO - Started process (PID=26) to work on /home/airflow/.local/lib/python3.10/site-packages/airflow/example_dags/example_time_delta_sensor_async.py
[2023-08-12T03:29:37.420+0000] {processor.py:826} INFO - Processing file /home/airflow/.local/lib/python3.10/site-packages/airflow/example_dags/example_time_delta_sensor_async.py for tasks to queue
[2023-08-12T03:29:37.420+0000] {logging_mixin.py:149} INFO - [2023-08-12T03:29:37.420+0000] {dagbag.py:541} INFO - Filling up the DagBag from /home/airflow/.local/lib/python3.10/site-packages/airflow/example_dags/example_time_delta_sensor_async.py
[2023-08-12T03:29:37.423+0000] {processor.py:836} INFO - DAG(s) dict_keys(['example_time_delta_sensor_async']) retrieved from /home/airflow/.local/lib/python3.10/site-packages/airflow/example_dags/example_time_delta_sensor_async.py
[2023-08-12T03:29:37.429+0000] {logging_mixin.py:149} INFO - [2023-08-12T03:29:37.428+0000] {dag.py:2726} INFO - Sync 1 DAGs
[2023-08-12T03:29:37.438+0000] {logging_mixin.py:149} INFO - [2023-08-12T03:29:37.438+0000] {dag.py:3486} INFO - Setting next_dagrun for example_time_delta_sensor_async to None, run_after=None
[2023-08-12T03:29:37.446+0000] {processor.py:179} INFO - Processing /home/airflow/.local/lib/python3.10/site-packages/airflow/example_dags/example_time_delta_sensor_async.py took 0.028 seconds
[2023-08-12T03:30:07.744+0000] {processor.py:157} INFO - Started process (PID=103) to work on /home/airflow/.local/lib/python3.10/site-packages/airflow/example_dags/example_time_delta_sensor_async.py
[2023-08-12T03:30:07.744+0000] {processor.py:826} INFO - Processing file /home/airflow/.local/lib/python3.10/site-packages/airflow/example_dags/example_time_delta_sensor_async.py for tasks to queue
[2023-08-12T03:30:07.744+0000] {logging_mixin.py:149} INFO - [2023-08-12T03:30:07.744+0000] {dagbag.py:541} INFO - Filling up the DagBag from /home/airflow/.local/lib/python3.10/site-packages/airflow/example_dags/example_time_delta_sensor_async.py
[2023-08-12T03:30:07.746+0000] {processor.py:836} INFO - DAG(s) dict_keys(['example_time_delta_sensor_async']) retrieved from /home/airflow/.local/lib/python3.10/site-packages/airflow/example_dags/example_time_delta_sensor_async.py
[2023-08-12T03:30:07.758+0000] {logging_mixin.py:149} INFO - [2023-08-12T03:30:07.758+0000] {dag.py:2726} INFO - Sync 1 DAGs
[2023-08-12T03:30:07.767+0000] {logging_mixin.py:149} INFO - [2023-08-12T03:30:07.767+0000] {dag.py:3486} INFO - Setting next_dagrun for example_time_delta_sensor_async to None, run_after=None
[2023-08-12T03:30:07.774+0000] {processor.py:179} INFO - Processing /home/airflow/.local/lib/python3.10/site-packages/airflow/example_dags/example_time_delta_sensor_async.py took 0.031 seconds
[2023-08-12T03:30:38.154+0000] {processor.py:157} INFO - Started process (PID=180) to work on /home/airflow/.local/lib/python3.10/site-packages/airflow/example_dags/example_time_delta_sensor_async.py
[2023-08-12T03:30:38.154+0000] {processor.py:826} INFO - Processing file /home/airflow/.local/lib/python3.10/site-packages/airflow/example_dags/example_time_delta_sensor_async.py for tasks to queue
[2023-08-12T03:30:38.154+0000] {logging_mixin.py:149} INFO - [2023-08-12T03:30:38.154+0000] {dagbag.py:541} INFO - Filling up the DagBag from /home/airflow/.local/lib/python3.10/site-packages/airflow/example_dags/example_time_delta_sensor_async.py
[2023-08-12T03:30:38.156+0000] {processor.py:836} INFO - DAG(s) dict_keys(['example_time_delta_sensor_async']) retrieved from /home/airflow/.local/lib/python3.10/site-packages/airflow/example_dags/example_time_delta_sensor_async.py
[2023-08-12T03:30:38.165+0000] {logging_mixin.py:149} INFO - [2023-08-12T03:30:38.165+0000] {dag.py:2726} INFO - Sync 1 DAGs
[2023-08-12T03:30:38.174+0000] {logging_mixin.py:149} INFO - [2023-08-12T03:30:38.174+0000] {dag.py:3486} INFO - Setting next_dagrun for example_time_delta_sensor_async to None, run_after=None
[2023-08-12T03:30:38.181+0000] {processor.py:179} INFO - Processing /home/airflow/.local/lib/python3.10/site-packages/airflow/example_dags/example_time_delta_sensor_async.py took 0.028 seconds
[2023-08-12T03:31:08.500+0000] {processor.py:157} INFO - Started process (PID=256) to work on /home/airflow/.local/lib/python3.10/site-packages/airflow/example_dags/example_time_delta_sensor_async.py
[2023-08-12T03:31:08.500+0000] {processor.py:826} INFO - Processing file /home/airflow/.local/lib/python3.10/site-packages/airflow/example_dags/example_time_delta_sensor_async.py for tasks to queue
[2023-08-12T03:31:08.500+0000] {logging_mixin.py:149} INFO - [2023-08-12T03:31:08.500+0000] {dagbag.py:541} INFO - Filling up the DagBag from /home/airflow/.local/lib/python3.10/site-packages/airflow/example_dags/example_time_delta_sensor_async.py
[2023-08-12T03:31:08.502+0000] {processor.py:836} INFO - DAG(s) dict_keys(['example_time_delta_sensor_async']) retrieved from /home/airflow/.local/lib/python3.10/site-packages/airflow/example_dags/example_time_delta_sensor_async.py
[2023-08-12T03:31:08.512+0000] {logging_mixin.py:149} INFO - [2023-08-12T03:31:08.512+0000] {dag.py:2726} INFO - Sync 1 DAGs
[2023-08-12T03:31:08.522+0000] {logging_mixin.py:149} INFO - [2023-08-12T03:31:08.521+0000] {dag.py:3486} INFO - Setting next_dagrun for example_time_delta_sensor_async to None, run_after=None
[2023-08-12T03:31:08.529+0000] {processor.py:179} INFO - Processing /home/airflow/.local/lib/python3.10/site-packages/airflow/example_dags/example_time_delta_sensor_async.py took 0.031 seconds
[2023-08-12T03:31:38.834+0000] {processor.py:157} INFO - Started process (PID=333) to work on /home/airflow/.local/lib/python3.10/site-packages/airflow/example_dags/example_time_delta_sensor_async.py
[2023-08-12T03:31:38.834+0000] {processor.py:826} INFO - Processing file /home/airflow/.local/lib/python3.10/site-packages/airflow/example_dags/example_time_delta_sensor_async.py for tasks to queue
[2023-08-12T03:31:38.835+0000] {logging_mixin.py:149} INFO - [2023-08-12T03:31:38.835+0000] {dagbag.py:541} INFO - Filling up the DagBag from /home/airflow/.local/lib/python3.10/site-packages/airflow/example_dags/example_time_delta_sensor_async.py
[2023-08-12T03:31:38.836+0000] {processor.py:836} INFO - DAG(s) dict_keys(['example_time_delta_sensor_async']) retrieved from /home/airflow/.local/lib/python3.10/site-packages/airflow/example_dags/example_time_delta_sensor_async.py
[2023-08-12T03:31:38.847+0000] {logging_mixin.py:149} INFO - [2023-08-12T03:31:38.847+0000] {dag.py:2726} INFO - Sync 1 DAGs
[2023-08-12T03:31:38.857+0000] {logging_mixin.py:149} INFO - [2023-08-12T03:31:38.857+0000] {dag.py:3486} INFO - Setting next_dagrun for example_time_delta_sensor_async to None, run_after=None
[2023-08-12T03:31:38.865+0000] {processor.py:179} INFO - Processing /home/airflow/.local/lib/python3.10/site-packages/airflow/example_dags/example_time_delta_sensor_async.py took 0.032 seconds
[2023-08-12T03:32:09.224+0000] {processor.py:157} INFO - Started process (PID=410) to work on /home/airflow/.local/lib/python3.10/site-packages/airflow/example_dags/example_time_delta_sensor_async.py
[2023-08-12T03:32:09.224+0000] {processor.py:826} INFO - Processing file /home/airflow/.local/lib/python3.10/site-packages/airflow/example_dags/example_time_delta_sensor_async.py for tasks to queue
[2023-08-12T03:32:09.224+0000] {logging_mixin.py:149} INFO - [2023-08-12T03:32:09.224+0000] {dagbag.py:541} INFO - Filling up the DagBag from /home/airflow/.local/lib/python3.10/site-packages/airflow/example_dags/example_time_delta_sensor_async.py
[2023-08-12T03:32:09.226+0000] {processor.py:836} INFO - DAG(s) dict_keys(['example_time_delta_sensor_async']) retrieved from /home/airflow/.local/lib/python3.10/site-packages/airflow/example_dags/example_time_delta_sensor_async.py
[2023-08-12T03:32:09.236+0000] {logging_mixin.py:149} INFO - [2023-08-12T03:32:09.236+0000] {dag.py:2726} INFO - Sync 1 DAGs
[2023-08-12T03:32:09.245+0000] {logging_mixin.py:149} INFO - [2023-08-12T03:32:09.245+0000] {dag.py:3486} INFO - Setting next_dagrun for example_time_delta_sensor_async to None, run_after=None
[2023-08-12T03:32:09.252+0000] {processor.py:179} INFO - Processing /home/airflow/.local/lib/python3.10/site-packages/airflow/example_dags/example_time_delta_sensor_async.py took 0.030 seconds
[2023-08-12T03:32:39.529+0000] {processor.py:157} INFO - Started process (PID=487) to work on /home/airflow/.local/lib/python3.10/site-packages/airflow/example_dags/example_time_delta_sensor_async.py
[2023-08-12T03:32:39.530+0000] {processor.py:826} INFO - Processing file /home/airflow/.local/lib/python3.10/site-packages/airflow/example_dags/example_time_delta_sensor_async.py for tasks to queue
[2023-08-12T03:32:39.530+0000] {logging_mixin.py:149} INFO - [2023-08-12T03:32:39.530+0000] {dagbag.py:541} INFO - Filling up the DagBag from /home/airflow/.local/lib/python3.10/site-packages/airflow/example_dags/example_time_delta_sensor_async.py
[2023-08-12T03:32:39.532+0000] {processor.py:836} INFO - DAG(s) dict_keys(['example_time_delta_sensor_async']) retrieved from /home/airflow/.local/lib/python3.10/site-packages/airflow/example_dags/example_time_delta_sensor_async.py
[2023-08-12T03:32:39.542+0000] {logging_mixin.py:149} INFO - [2023-08-12T03:32:39.542+0000] {dag.py:2726} INFO - Sync 1 DAGs
[2023-08-12T03:32:39.552+0000] {logging_mixin.py:149} INFO - [2023-08-12T03:32:39.551+0000] {dag.py:3486} INFO - Setting next_dagrun for example_time_delta_sensor_async to None, run_after=None
[2023-08-12T03:32:39.558+0000] {processor.py:179} INFO - Processing /home/airflow/.local/lib/python3.10/site-packages/airflow/example_dags/example_time_delta_sensor_async.py took 0.030 seconds
[2023-08-12T03:33:09.848+0000] {processor.py:157} INFO - Started process (PID=564) to work on /home/airflow/.local/lib/python3.10/site-packages/airflow/example_dags/example_time_delta_sensor_async.py
[2023-08-12T03:33:09.849+0000] {processor.py:826} INFO - Processing file /home/airflow/.local/lib/python3.10/site-packages/airflow/example_dags/example_time_delta_sensor_async.py for tasks to queue
[2023-08-12T03:33:09.849+0000] {logging_mixin.py:149} INFO - [2023-08-12T03:33:09.849+0000] {dagbag.py:541} INFO - Filling up the DagBag from /home/airflow/.local/lib/python3.10/site-packages/airflow/example_dags/example_time_delta_sensor_async.py
[2023-08-12T03:33:09.851+0000] {processor.py:836} INFO - DAG(s) dict_keys(['example_time_delta_sensor_async']) retrieved from /home/airflow/.local/lib/python3.10/site-packages/airflow/example_dags/example_time_delta_sensor_async.py
[2023-08-12T03:33:09.860+0000] {logging_mixin.py:149} INFO - [2023-08-12T03:33:09.860+0000] {dag.py:2726} INFO - Sync 1 DAGs
[2023-08-12T03:33:09.869+0000] {logging_mixin.py:149} INFO - [2023-08-12T03:33:09.869+0000] {dag.py:3486} INFO - Setting next_dagrun for example_time_delta_sensor_async to None, run_after=None
[2023-08-12T03:33:09.876+0000] {processor.py:179} INFO - Processing /home/airflow/.local/lib/python3.10/site-packages/airflow/example_dags/example_time_delta_sensor_async.py took 0.029 seconds
[2023-08-12T03:33:40.407+0000] {processor.py:157} INFO - Started process (PID=641) to work on /home/airflow/.local/lib/python3.10/site-packages/airflow/example_dags/example_time_delta_sensor_async.py
[2023-08-12T03:33:40.407+0000] {processor.py:826} INFO - Processing file /home/airflow/.local/lib/python3.10/site-packages/airflow/example_dags/example_time_delta_sensor_async.py for tasks to queue
[2023-08-12T03:33:40.407+0000] {logging_mixin.py:149} INFO - [2023-08-12T03:33:40.407+0000] {dagbag.py:541} INFO - Filling up the DagBag from /home/airflow/.local/lib/python3.10/site-packages/airflow/example_dags/example_time_delta_sensor_async.py
[2023-08-12T03:33:40.409+0000] {processor.py:836} INFO - DAG(s) dict_keys(['example_time_delta_sensor_async']) retrieved from /home/airflow/.local/lib/python3.10/site-packages/airflow/example_dags/example_time_delta_sensor_async.py
[2023-08-12T03:33:40.419+0000] {logging_mixin.py:149} INFO - [2023-08-12T03:33:40.419+0000] {dag.py:2726} INFO - Sync 1 DAGs
[2023-08-12T03:33:40.428+0000] {logging_mixin.py:149} INFO - [2023-08-12T03:33:40.428+0000] {dag.py:3486} INFO - Setting next_dagrun for example_time_delta_sensor_async to None, run_after=None
[2023-08-12T03:33:40.434+0000] {processor.py:179} INFO - Processing /home/airflow/.local/lib/python3.10/site-packages/airflow/example_dags/example_time_delta_sensor_async.py took 0.029 seconds
[2023-08-12T03:34:10.764+0000] {processor.py:157} INFO - Started process (PID=717) to work on /home/airflow/.local/lib/python3.10/site-packages/airflow/example_dags/example_time_delta_sensor_async.py
[2023-08-12T03:34:10.764+0000] {processor.py:826} INFO - Processing file /home/airflow/.local/lib/python3.10/site-packages/airflow/example_dags/example_time_delta_sensor_async.py for tasks to queue
[2023-08-12T03:34:10.765+0000] {logging_mixin.py:149} INFO - [2023-08-12T03:34:10.765+0000] {dagbag.py:541} INFO - Filling up the DagBag from /home/airflow/.local/lib/python3.10/site-packages/airflow/example_dags/example_time_delta_sensor_async.py
[2023-08-12T03:34:10.766+0000] {processor.py:836} INFO - DAG(s) dict_keys(['example_time_delta_sensor_async']) retrieved from /home/airflow/.local/lib/python3.10/site-packages/airflow/example_dags/example_time_delta_sensor_async.py
[2023-08-12T03:34:10.776+0000] {logging_mixin.py:149} INFO - [2023-08-12T03:34:10.776+0000] {dag.py:2726} INFO - Sync 1 DAGs
[2023-08-12T03:34:10.786+0000] {logging_mixin.py:149} INFO - [2023-08-12T03:34:10.786+0000] {dag.py:3486} INFO - Setting next_dagrun for example_time_delta_sensor_async to None, run_after=None
[2023-08-12T03:34:10.793+0000] {processor.py:179} INFO - Processing /home/airflow/.local/lib/python3.10/site-packages/airflow/example_dags/example_time_delta_sensor_async.py took 0.030 seconds
[2023-08-12T03:34:41.109+0000] {processor.py:157} INFO - Started process (PID=794) to work on /home/airflow/.local/lib/python3.10/site-packages/airflow/example_dags/example_time_delta_sensor_async.py
[2023-08-12T03:34:41.109+0000] {processor.py:826} INFO - Processing file /home/airflow/.local/lib/python3.10/site-packages/airflow/example_dags/example_time_delta_sensor_async.py for tasks to queue
[2023-08-12T03:34:41.110+0000] {logging_mixin.py:149} INFO - [2023-08-12T03:34:41.110+0000] {dagbag.py:541} INFO - Filling up the DagBag from /home/airflow/.local/lib/python3.10/site-packages/airflow/example_dags/example_time_delta_sensor_async.py
[2023-08-12T03:34:41.111+0000] {processor.py:836} INFO - DAG(s) dict_keys(['example_time_delta_sensor_async']) retrieved from /home/airflow/.local/lib/python3.10/site-packages/airflow/example_dags/example_time_delta_sensor_async.py
[2023-08-12T03:34:41.121+0000] {logging_mixin.py:149} INFO - [2023-08-12T03:34:41.121+0000] {dag.py:2726} INFO - Sync 1 DAGs
[2023-08-12T03:34:41.130+0000] {logging_mixin.py:149} INFO - [2023-08-12T03:34:41.130+0000] {dag.py:3486} INFO - Setting next_dagrun for example_time_delta_sensor_async to None, run_after=None
[2023-08-12T03:34:41.137+0000] {processor.py:179} INFO - Processing /home/airflow/.local/lib/python3.10/site-packages/airflow/example_dags/example_time_delta_sensor_async.py took 0.029 seconds
[2023-08-12T03:35:11.490+0000] {processor.py:157} INFO - Started process (PID=871) to work on /home/airflow/.local/lib/python3.10/site-packages/airflow/example_dags/example_time_delta_sensor_async.py
[2023-08-12T03:35:11.490+0000] {processor.py:826} INFO - Processing file /home/airflow/.local/lib/python3.10/site-packages/airflow/example_dags/example_time_delta_sensor_async.py for tasks to queue
[2023-08-12T03:35:11.490+0000] {logging_mixin.py:149} INFO - [2023-08-12T03:35:11.490+0000] {dagbag.py:541} INFO - Filling up the DagBag from /home/airflow/.local/lib/python3.10/site-packages/airflow/example_dags/example_time_delta_sensor_async.py
[2023-08-12T03:35:11.492+0000] {processor.py:836} INFO - DAG(s) dict_keys(['example_time_delta_sensor_async']) retrieved from /home/airflow/.local/lib/python3.10/site-packages/airflow/example_dags/example_time_delta_sensor_async.py
[2023-08-12T03:35:11.502+0000] {logging_mixin.py:149} INFO - [2023-08-12T03:35:11.501+0000] {dag.py:2726} INFO - Sync 1 DAGs
[2023-08-12T03:35:11.511+0000] {logging_mixin.py:149} INFO - [2023-08-12T03:35:11.511+0000] {dag.py:3486} INFO - Setting next_dagrun for example_time_delta_sensor_async to None, run_after=None
[2023-08-12T03:35:11.518+0000] {processor.py:179} INFO - Processing /home/airflow/.local/lib/python3.10/site-packages/airflow/example_dags/example_time_delta_sensor_async.py took 0.030 seconds
[2023-08-12T03:35:41.868+0000] {processor.py:157} INFO - Started process (PID=948) to work on /home/airflow/.local/lib/python3.10/site-packages/airflow/example_dags/example_time_delta_sensor_async.py
[2023-08-12T03:35:41.868+0000] {processor.py:826} INFO - Processing file /home/airflow/.local/lib/python3.10/site-packages/airflow/example_dags/example_time_delta_sensor_async.py for tasks to queue
[2023-08-12T03:35:41.868+0000] {logging_mixin.py:149} INFO - [2023-08-12T03:35:41.868+0000] {dagbag.py:541} INFO - Filling up the DagBag from /home/airflow/.local/lib/python3.10/site-packages/airflow/example_dags/example_time_delta_sensor_async.py
[2023-08-12T03:35:41.870+0000] {processor.py:836} INFO - DAG(s) dict_keys(['example_time_delta_sensor_async']) retrieved from /home/airflow/.local/lib/python3.10/site-packages/airflow/example_dags/example_time_delta_sensor_async.py
[2023-08-12T03:35:41.880+0000] {logging_mixin.py:149} INFO - [2023-08-12T03:35:41.880+0000] {dag.py:2726} INFO - Sync 1 DAGs
[2023-08-12T03:35:41.889+0000] {logging_mixin.py:149} INFO - [2023-08-12T03:35:41.889+0000] {dag.py:3486} INFO - Setting next_dagrun for example_time_delta_sensor_async to None, run_after=None
[2023-08-12T03:35:41.896+0000] {processor.py:179} INFO - Processing /home/airflow/.local/lib/python3.10/site-packages/airflow/example_dags/example_time_delta_sensor_async.py took 0.030 seconds
[2023-08-12T03:40:12.367+0000] {processor.py:157} INFO - Started process (PID=26) to work on /home/airflow/.local/lib/python3.10/site-packages/airflow/example_dags/example_time_delta_sensor_async.py
[2023-08-12T03:40:12.368+0000] {processor.py:826} INFO - Processing file /home/airflow/.local/lib/python3.10/site-packages/airflow/example_dags/example_time_delta_sensor_async.py for tasks to queue
[2023-08-12T03:40:12.368+0000] {logging_mixin.py:149} INFO - [2023-08-12T03:40:12.368+0000] {dagbag.py:541} INFO - Filling up the DagBag from /home/airflow/.local/lib/python3.10/site-packages/airflow/example_dags/example_time_delta_sensor_async.py
[2023-08-12T03:40:12.371+0000] {processor.py:836} INFO - DAG(s) dict_keys(['example_time_delta_sensor_async']) retrieved from /home/airflow/.local/lib/python3.10/site-packages/airflow/example_dags/example_time_delta_sensor_async.py
[2023-08-12T03:40:12.376+0000] {logging_mixin.py:149} INFO - [2023-08-12T03:40:12.376+0000] {dag.py:2726} INFO - Sync 1 DAGs
[2023-08-12T03:40:12.386+0000] {logging_mixin.py:149} INFO - [2023-08-12T03:40:12.386+0000] {dag.py:3486} INFO - Setting next_dagrun for example_time_delta_sensor_async to None, run_after=None
[2023-08-12T03:40:12.394+0000] {processor.py:179} INFO - Processing /home/airflow/.local/lib/python3.10/site-packages/airflow/example_dags/example_time_delta_sensor_async.py took 0.028 seconds
[2023-08-12T03:40:42.602+0000] {processor.py:157} INFO - Started process (PID=103) to work on /home/airflow/.local/lib/python3.10/site-packages/airflow/example_dags/example_time_delta_sensor_async.py
[2023-08-12T03:40:42.603+0000] {processor.py:826} INFO - Processing file /home/airflow/.local/lib/python3.10/site-packages/airflow/example_dags/example_time_delta_sensor_async.py for tasks to queue
[2023-08-12T03:40:42.603+0000] {logging_mixin.py:149} INFO - [2023-08-12T03:40:42.603+0000] {dagbag.py:541} INFO - Filling up the DagBag from /home/airflow/.local/lib/python3.10/site-packages/airflow/example_dags/example_time_delta_sensor_async.py
[2023-08-12T03:40:42.605+0000] {processor.py:836} INFO - DAG(s) dict_keys(['example_time_delta_sensor_async']) retrieved from /home/airflow/.local/lib/python3.10/site-packages/airflow/example_dags/example_time_delta_sensor_async.py
[2023-08-12T03:40:42.615+0000] {logging_mixin.py:149} INFO - [2023-08-12T03:40:42.615+0000] {dag.py:2726} INFO - Sync 1 DAGs
[2023-08-12T03:40:42.624+0000] {logging_mixin.py:149} INFO - [2023-08-12T03:40:42.624+0000] {dag.py:3486} INFO - Setting next_dagrun for example_time_delta_sensor_async to None, run_after=None
[2023-08-12T03:40:42.631+0000] {processor.py:179} INFO - Processing /home/airflow/.local/lib/python3.10/site-packages/airflow/example_dags/example_time_delta_sensor_async.py took 0.030 seconds
[2023-08-12T03:41:13.096+0000] {processor.py:157} INFO - Started process (PID=180) to work on /home/airflow/.local/lib/python3.10/site-packages/airflow/example_dags/example_time_delta_sensor_async.py
[2023-08-12T03:41:13.096+0000] {processor.py:826} INFO - Processing file /home/airflow/.local/lib/python3.10/site-packages/airflow/example_dags/example_time_delta_sensor_async.py for tasks to queue
[2023-08-12T03:41:13.096+0000] {logging_mixin.py:149} INFO - [2023-08-12T03:41:13.096+0000] {dagbag.py:541} INFO - Filling up the DagBag from /home/airflow/.local/lib/python3.10/site-packages/airflow/example_dags/example_time_delta_sensor_async.py
[2023-08-12T03:41:13.098+0000] {processor.py:836} INFO - DAG(s) dict_keys(['example_time_delta_sensor_async']) retrieved from /home/airflow/.local/lib/python3.10/site-packages/airflow/example_dags/example_time_delta_sensor_async.py
[2023-08-12T03:41:13.108+0000] {logging_mixin.py:149} INFO - [2023-08-12T03:41:13.108+0000] {dag.py:2726} INFO - Sync 1 DAGs
[2023-08-12T03:41:13.117+0000] {logging_mixin.py:149} INFO - [2023-08-12T03:41:13.117+0000] {dag.py:3486} INFO - Setting next_dagrun for example_time_delta_sensor_async to None, run_after=None
[2023-08-12T03:41:13.123+0000] {processor.py:179} INFO - Processing /home/airflow/.local/lib/python3.10/site-packages/airflow/example_dags/example_time_delta_sensor_async.py took 0.029 seconds
[2023-08-12T03:41:43.554+0000] {processor.py:157} INFO - Started process (PID=257) to work on /home/airflow/.local/lib/python3.10/site-packages/airflow/example_dags/example_time_delta_sensor_async.py
[2023-08-12T03:41:43.554+0000] {processor.py:826} INFO - Processing file /home/airflow/.local/lib/python3.10/site-packages/airflow/example_dags/example_time_delta_sensor_async.py for tasks to queue
[2023-08-12T03:41:43.554+0000] {logging_mixin.py:149} INFO - [2023-08-12T03:41:43.554+0000] {dagbag.py:541} INFO - Filling up the DagBag from /home/airflow/.local/lib/python3.10/site-packages/airflow/example_dags/example_time_delta_sensor_async.py
[2023-08-12T03:41:43.556+0000] {processor.py:836} INFO - DAG(s) dict_keys(['example_time_delta_sensor_async']) retrieved from /home/airflow/.local/lib/python3.10/site-packages/airflow/example_dags/example_time_delta_sensor_async.py
[2023-08-12T03:41:43.565+0000] {logging_mixin.py:149} INFO - [2023-08-12T03:41:43.565+0000] {dag.py:2726} INFO - Sync 1 DAGs
[2023-08-12T03:41:43.575+0000] {logging_mixin.py:149} INFO - [2023-08-12T03:41:43.575+0000] {dag.py:3486} INFO - Setting next_dagrun for example_time_delta_sensor_async to None, run_after=None
[2023-08-12T03:41:43.582+0000] {processor.py:179} INFO - Processing /home/airflow/.local/lib/python3.10/site-packages/airflow/example_dags/example_time_delta_sensor_async.py took 0.029 seconds
[2023-08-12T03:42:13.797+0000] {processor.py:157} INFO - Started process (PID=335) to work on /home/airflow/.local/lib/python3.10/site-packages/airflow/example_dags/example_time_delta_sensor_async.py
[2023-08-12T03:42:13.797+0000] {processor.py:826} INFO - Processing file /home/airflow/.local/lib/python3.10/site-packages/airflow/example_dags/example_time_delta_sensor_async.py for tasks to queue
[2023-08-12T03:42:13.797+0000] {logging_mixin.py:149} INFO - [2023-08-12T03:42:13.797+0000] {dagbag.py:541} INFO - Filling up the DagBag from /home/airflow/.local/lib/python3.10/site-packages/airflow/example_dags/example_time_delta_sensor_async.py
[2023-08-12T03:42:13.799+0000] {processor.py:836} INFO - DAG(s) dict_keys(['example_time_delta_sensor_async']) retrieved from /home/airflow/.local/lib/python3.10/site-packages/airflow/example_dags/example_time_delta_sensor_async.py
[2023-08-12T03:42:13.810+0000] {logging_mixin.py:149} INFO - [2023-08-12T03:42:13.810+0000] {dag.py:2726} INFO - Sync 1 DAGs
[2023-08-12T03:42:13.819+0000] {logging_mixin.py:149} INFO - [2023-08-12T03:42:13.819+0000] {dag.py:3486} INFO - Setting next_dagrun for example_time_delta_sensor_async to None, run_after=None
[2023-08-12T03:42:13.826+0000] {processor.py:179} INFO - Processing /home/airflow/.local/lib/python3.10/site-packages/airflow/example_dags/example_time_delta_sensor_async.py took 0.031 seconds
[2023-08-12T03:42:44.203+0000] {processor.py:157} INFO - Started process (PID=411) to work on /home/airflow/.local/lib/python3.10/site-packages/airflow/example_dags/example_time_delta_sensor_async.py
[2023-08-12T03:42:44.203+0000] {processor.py:826} INFO - Processing file /home/airflow/.local/lib/python3.10/site-packages/airflow/example_dags/example_time_delta_sensor_async.py for tasks to queue
[2023-08-12T03:42:44.203+0000] {logging_mixin.py:149} INFO - [2023-08-12T03:42:44.203+0000] {dagbag.py:541} INFO - Filling up the DagBag from /home/airflow/.local/lib/python3.10/site-packages/airflow/example_dags/example_time_delta_sensor_async.py
[2023-08-12T03:42:44.205+0000] {processor.py:836} INFO - DAG(s) dict_keys(['example_time_delta_sensor_async']) retrieved from /home/airflow/.local/lib/python3.10/site-packages/airflow/example_dags/example_time_delta_sensor_async.py
[2023-08-12T03:42:44.215+0000] {logging_mixin.py:149} INFO - [2023-08-12T03:42:44.215+0000] {dag.py:2726} INFO - Sync 1 DAGs
[2023-08-12T03:42:44.224+0000] {logging_mixin.py:149} INFO - [2023-08-12T03:42:44.224+0000] {dag.py:3486} INFO - Setting next_dagrun for example_time_delta_sensor_async to None, run_after=None
[2023-08-12T03:42:44.231+0000] {processor.py:179} INFO - Processing /home/airflow/.local/lib/python3.10/site-packages/airflow/example_dags/example_time_delta_sensor_async.py took 0.030 seconds
[2023-08-12T03:43:14.623+0000] {processor.py:157} INFO - Started process (PID=488) to work on /home/airflow/.local/lib/python3.10/site-packages/airflow/example_dags/example_time_delta_sensor_async.py
[2023-08-12T03:43:14.623+0000] {processor.py:826} INFO - Processing file /home/airflow/.local/lib/python3.10/site-packages/airflow/example_dags/example_time_delta_sensor_async.py for tasks to queue
[2023-08-12T03:43:14.624+0000] {logging_mixin.py:149} INFO - [2023-08-12T03:43:14.624+0000] {dagbag.py:541} INFO - Filling up the DagBag from /home/airflow/.local/lib/python3.10/site-packages/airflow/example_dags/example_time_delta_sensor_async.py
[2023-08-12T03:43:14.625+0000] {processor.py:836} INFO - DAG(s) dict_keys(['example_time_delta_sensor_async']) retrieved from /home/airflow/.local/lib/python3.10/site-packages/airflow/example_dags/example_time_delta_sensor_async.py
[2023-08-12T03:43:14.635+0000] {logging_mixin.py:149} INFO - [2023-08-12T03:43:14.635+0000] {dag.py:2726} INFO - Sync 1 DAGs
[2023-08-12T03:43:14.645+0000] {logging_mixin.py:149} INFO - [2023-08-12T03:43:14.645+0000] {dag.py:3486} INFO - Setting next_dagrun for example_time_delta_sensor_async to None, run_after=None
[2023-08-12T03:43:14.652+0000] {processor.py:179} INFO - Processing /home/airflow/.local/lib/python3.10/site-packages/airflow/example_dags/example_time_delta_sensor_async.py took 0.030 seconds
[2023-08-12T03:43:44.958+0000] {processor.py:157} INFO - Started process (PID=565) to work on /home/airflow/.local/lib/python3.10/site-packages/airflow/example_dags/example_time_delta_sensor_async.py
[2023-08-12T03:43:44.958+0000] {processor.py:826} INFO - Processing file /home/airflow/.local/lib/python3.10/site-packages/airflow/example_dags/example_time_delta_sensor_async.py for tasks to queue
[2023-08-12T03:43:44.958+0000] {logging_mixin.py:149} INFO - [2023-08-12T03:43:44.958+0000] {dagbag.py:541} INFO - Filling up the DagBag from /home/airflow/.local/lib/python3.10/site-packages/airflow/example_dags/example_time_delta_sensor_async.py
[2023-08-12T03:43:44.960+0000] {processor.py:836} INFO - DAG(s) dict_keys(['example_time_delta_sensor_async']) retrieved from /home/airflow/.local/lib/python3.10/site-packages/airflow/example_dags/example_time_delta_sensor_async.py
[2023-08-12T03:43:44.970+0000] {logging_mixin.py:149} INFO - [2023-08-12T03:43:44.970+0000] {dag.py:2726} INFO - Sync 1 DAGs
[2023-08-12T03:43:44.980+0000] {logging_mixin.py:149} INFO - [2023-08-12T03:43:44.979+0000] {dag.py:3486} INFO - Setting next_dagrun for example_time_delta_sensor_async to None, run_after=None
[2023-08-12T03:43:44.986+0000] {processor.py:179} INFO - Processing /home/airflow/.local/lib/python3.10/site-packages/airflow/example_dags/example_time_delta_sensor_async.py took 0.030 seconds
[2023-08-12T03:44:15.415+0000] {processor.py:157} INFO - Started process (PID=642) to work on /home/airflow/.local/lib/python3.10/site-packages/airflow/example_dags/example_time_delta_sensor_async.py
[2023-08-12T03:44:15.416+0000] {processor.py:826} INFO - Processing file /home/airflow/.local/lib/python3.10/site-packages/airflow/example_dags/example_time_delta_sensor_async.py for tasks to queue
[2023-08-12T03:44:15.416+0000] {logging_mixin.py:149} INFO - [2023-08-12T03:44:15.416+0000] {dagbag.py:541} INFO - Filling up the DagBag from /home/airflow/.local/lib/python3.10/site-packages/airflow/example_dags/example_time_delta_sensor_async.py
[2023-08-12T03:44:15.418+0000] {processor.py:836} INFO - DAG(s) dict_keys(['example_time_delta_sensor_async']) retrieved from /home/airflow/.local/lib/python3.10/site-packages/airflow/example_dags/example_time_delta_sensor_async.py
[2023-08-12T03:44:15.427+0000] {logging_mixin.py:149} INFO - [2023-08-12T03:44:15.427+0000] {dag.py:2726} INFO - Sync 1 DAGs
[2023-08-12T03:44:15.436+0000] {logging_mixin.py:149} INFO - [2023-08-12T03:44:15.436+0000] {dag.py:3486} INFO - Setting next_dagrun for example_time_delta_sensor_async to None, run_after=None
[2023-08-12T03:44:15.443+0000] {processor.py:179} INFO - Processing /home/airflow/.local/lib/python3.10/site-packages/airflow/example_dags/example_time_delta_sensor_async.py took 0.029 seconds
[2023-08-12T03:44:45.852+0000] {processor.py:157} INFO - Started process (PID=719) to work on /home/airflow/.local/lib/python3.10/site-packages/airflow/example_dags/example_time_delta_sensor_async.py
[2023-08-12T03:44:45.853+0000] {processor.py:826} INFO - Processing file /home/airflow/.local/lib/python3.10/site-packages/airflow/example_dags/example_time_delta_sensor_async.py for tasks to queue
[2023-08-12T03:44:45.853+0000] {logging_mixin.py:149} INFO - [2023-08-12T03:44:45.853+0000] {dagbag.py:541} INFO - Filling up the DagBag from /home/airflow/.local/lib/python3.10/site-packages/airflow/example_dags/example_time_delta_sensor_async.py
[2023-08-12T03:44:45.854+0000] {processor.py:836} INFO - DAG(s) dict_keys(['example_time_delta_sensor_async']) retrieved from /home/airflow/.local/lib/python3.10/site-packages/airflow/example_dags/example_time_delta_sensor_async.py
[2023-08-12T03:44:45.864+0000] {logging_mixin.py:149} INFO - [2023-08-12T03:44:45.864+0000] {dag.py:2726} INFO - Sync 1 DAGs
[2023-08-12T03:44:45.873+0000] {logging_mixin.py:149} INFO - [2023-08-12T03:44:45.873+0000] {dag.py:3486} INFO - Setting next_dagrun for example_time_delta_sensor_async to None, run_after=None
[2023-08-12T03:44:45.879+0000] {processor.py:179} INFO - Processing /home/airflow/.local/lib/python3.10/site-packages/airflow/example_dags/example_time_delta_sensor_async.py took 0.029 seconds
[2023-08-12T03:45:16.290+0000] {processor.py:157} INFO - Started process (PID=796) to work on /home/airflow/.local/lib/python3.10/site-packages/airflow/example_dags/example_time_delta_sensor_async.py
[2023-08-12T03:45:16.290+0000] {processor.py:826} INFO - Processing file /home/airflow/.local/lib/python3.10/site-packages/airflow/example_dags/example_time_delta_sensor_async.py for tasks to queue
[2023-08-12T03:45:16.290+0000] {logging_mixin.py:149} INFO - [2023-08-12T03:45:16.290+0000] {dagbag.py:541} INFO - Filling up the DagBag from /home/airflow/.local/lib/python3.10/site-packages/airflow/example_dags/example_time_delta_sensor_async.py
[2023-08-12T03:45:16.292+0000] {processor.py:836} INFO - DAG(s) dict_keys(['example_time_delta_sensor_async']) retrieved from /home/airflow/.local/lib/python3.10/site-packages/airflow/example_dags/example_time_delta_sensor_async.py
[2023-08-12T03:45:16.302+0000] {logging_mixin.py:149} INFO - [2023-08-12T03:45:16.302+0000] {dag.py:2726} INFO - Sync 1 DAGs
[2023-08-12T03:45:16.312+0000] {logging_mixin.py:149} INFO - [2023-08-12T03:45:16.312+0000] {dag.py:3486} INFO - Setting next_dagrun for example_time_delta_sensor_async to None, run_after=None
[2023-08-12T03:45:16.320+0000] {processor.py:179} INFO - Processing /home/airflow/.local/lib/python3.10/site-packages/airflow/example_dags/example_time_delta_sensor_async.py took 0.031 seconds
[2023-08-12T03:45:46.716+0000] {processor.py:157} INFO - Started process (PID=873) to work on /home/airflow/.local/lib/python3.10/site-packages/airflow/example_dags/example_time_delta_sensor_async.py
[2023-08-12T03:45:46.716+0000] {processor.py:826} INFO - Processing file /home/airflow/.local/lib/python3.10/site-packages/airflow/example_dags/example_time_delta_sensor_async.py for tasks to queue
[2023-08-12T03:45:46.716+0000] {logging_mixin.py:149} INFO - [2023-08-12T03:45:46.716+0000] {dagbag.py:541} INFO - Filling up the DagBag from /home/airflow/.local/lib/python3.10/site-packages/airflow/example_dags/example_time_delta_sensor_async.py
[2023-08-12T03:45:46.718+0000] {processor.py:836} INFO - DAG(s) dict_keys(['example_time_delta_sensor_async']) retrieved from /home/airflow/.local/lib/python3.10/site-packages/airflow/example_dags/example_time_delta_sensor_async.py
[2023-08-12T03:45:46.728+0000] {logging_mixin.py:149} INFO - [2023-08-12T03:45:46.728+0000] {dag.py:2726} INFO - Sync 1 DAGs
[2023-08-12T03:45:46.737+0000] {logging_mixin.py:149} INFO - [2023-08-12T03:45:46.737+0000] {dag.py:3486} INFO - Setting next_dagrun for example_time_delta_sensor_async to None, run_after=None
[2023-08-12T03:45:46.744+0000] {processor.py:179} INFO - Processing /home/airflow/.local/lib/python3.10/site-packages/airflow/example_dags/example_time_delta_sensor_async.py took 0.030 seconds
[2023-08-12T03:46:17.198+0000] {processor.py:157} INFO - Started process (PID=950) to work on /home/airflow/.local/lib/python3.10/site-packages/airflow/example_dags/example_time_delta_sensor_async.py
[2023-08-12T03:46:17.198+0000] {processor.py:826} INFO - Processing file /home/airflow/.local/lib/python3.10/site-packages/airflow/example_dags/example_time_delta_sensor_async.py for tasks to queue
[2023-08-12T03:46:17.199+0000] {logging_mixin.py:149} INFO - [2023-08-12T03:46:17.199+0000] {dagbag.py:541} INFO - Filling up the DagBag from /home/airflow/.local/lib/python3.10/site-packages/airflow/example_dags/example_time_delta_sensor_async.py
[2023-08-12T03:46:17.200+0000] {processor.py:836} INFO - DAG(s) dict_keys(['example_time_delta_sensor_async']) retrieved from /home/airflow/.local/lib/python3.10/site-packages/airflow/example_dags/example_time_delta_sensor_async.py
[2023-08-12T03:46:17.210+0000] {logging_mixin.py:149} INFO - [2023-08-12T03:46:17.210+0000] {dag.py:2726} INFO - Sync 1 DAGs
[2023-08-12T03:46:17.220+0000] {logging_mixin.py:149} INFO - [2023-08-12T03:46:17.220+0000] {dag.py:3486} INFO - Setting next_dagrun for example_time_delta_sensor_async to None, run_after=None
[2023-08-12T03:46:17.227+0000] {processor.py:179} INFO - Processing /home/airflow/.local/lib/python3.10/site-packages/airflow/example_dags/example_time_delta_sensor_async.py took 0.030 seconds
[2023-08-12T03:46:47.665+0000] {processor.py:157} INFO - Started process (PID=1027) to work on /home/airflow/.local/lib/python3.10/site-packages/airflow/example_dags/example_time_delta_sensor_async.py
[2023-08-12T03:46:47.665+0000] {processor.py:826} INFO - Processing file /home/airflow/.local/lib/python3.10/site-packages/airflow/example_dags/example_time_delta_sensor_async.py for tasks to queue
[2023-08-12T03:46:47.665+0000] {logging_mixin.py:149} INFO - [2023-08-12T03:46:47.665+0000] {dagbag.py:541} INFO - Filling up the DagBag from /home/airflow/.local/lib/python3.10/site-packages/airflow/example_dags/example_time_delta_sensor_async.py
[2023-08-12T03:46:47.667+0000] {processor.py:836} INFO - DAG(s) dict_keys(['example_time_delta_sensor_async']) retrieved from /home/airflow/.local/lib/python3.10/site-packages/airflow/example_dags/example_time_delta_sensor_async.py
[2023-08-12T03:46:47.678+0000] {logging_mixin.py:149} INFO - [2023-08-12T03:46:47.678+0000] {dag.py:2726} INFO - Sync 1 DAGs
[2023-08-12T03:46:47.688+0000] {logging_mixin.py:149} INFO - [2023-08-12T03:46:47.688+0000] {dag.py:3486} INFO - Setting next_dagrun for example_time_delta_sensor_async to None, run_after=None
[2023-08-12T03:46:47.695+0000] {processor.py:179} INFO - Processing /home/airflow/.local/lib/python3.10/site-packages/airflow/example_dags/example_time_delta_sensor_async.py took 0.031 seconds
[2023-08-12T03:47:18.063+0000] {processor.py:157} INFO - Started process (PID=1103) to work on /home/airflow/.local/lib/python3.10/site-packages/airflow/example_dags/example_time_delta_sensor_async.py
[2023-08-12T03:47:18.063+0000] {processor.py:826} INFO - Processing file /home/airflow/.local/lib/python3.10/site-packages/airflow/example_dags/example_time_delta_sensor_async.py for tasks to queue
[2023-08-12T03:47:18.063+0000] {logging_mixin.py:149} INFO - [2023-08-12T03:47:18.063+0000] {dagbag.py:541} INFO - Filling up the DagBag from /home/airflow/.local/lib/python3.10/site-packages/airflow/example_dags/example_time_delta_sensor_async.py
[2023-08-12T03:47:18.065+0000] {processor.py:836} INFO - DAG(s) dict_keys(['example_time_delta_sensor_async']) retrieved from /home/airflow/.local/lib/python3.10/site-packages/airflow/example_dags/example_time_delta_sensor_async.py
[2023-08-12T03:47:18.075+0000] {logging_mixin.py:149} INFO - [2023-08-12T03:47:18.075+0000] {dag.py:2726} INFO - Sync 1 DAGs
[2023-08-12T03:47:18.084+0000] {logging_mixin.py:149} INFO - [2023-08-12T03:47:18.084+0000] {dag.py:3486} INFO - Setting next_dagrun for example_time_delta_sensor_async to None, run_after=None
[2023-08-12T03:47:18.091+0000] {processor.py:179} INFO - Processing /home/airflow/.local/lib/python3.10/site-packages/airflow/example_dags/example_time_delta_sensor_async.py took 0.030 seconds
[2023-08-12T03:47:48.386+0000] {processor.py:157} INFO - Started process (PID=1180) to work on /home/airflow/.local/lib/python3.10/site-packages/airflow/example_dags/example_time_delta_sensor_async.py
[2023-08-12T03:47:48.386+0000] {processor.py:826} INFO - Processing file /home/airflow/.local/lib/python3.10/site-packages/airflow/example_dags/example_time_delta_sensor_async.py for tasks to queue
[2023-08-12T03:47:48.387+0000] {logging_mixin.py:149} INFO - [2023-08-12T03:47:48.387+0000] {dagbag.py:541} INFO - Filling up the DagBag from /home/airflow/.local/lib/python3.10/site-packages/airflow/example_dags/example_time_delta_sensor_async.py
[2023-08-12T03:47:48.388+0000] {processor.py:836} INFO - DAG(s) dict_keys(['example_time_delta_sensor_async']) retrieved from /home/airflow/.local/lib/python3.10/site-packages/airflow/example_dags/example_time_delta_sensor_async.py
[2023-08-12T03:47:48.398+0000] {logging_mixin.py:149} INFO - [2023-08-12T03:47:48.398+0000] {dag.py:2726} INFO - Sync 1 DAGs
[2023-08-12T03:47:48.408+0000] {logging_mixin.py:149} INFO - [2023-08-12T03:47:48.408+0000] {dag.py:3486} INFO - Setting next_dagrun for example_time_delta_sensor_async to None, run_after=None
[2023-08-12T03:47:48.415+0000] {processor.py:179} INFO - Processing /home/airflow/.local/lib/python3.10/site-packages/airflow/example_dags/example_time_delta_sensor_async.py took 0.030 seconds
[2023-08-12T03:48:18.810+0000] {processor.py:157} INFO - Started process (PID=1257) to work on /home/airflow/.local/lib/python3.10/site-packages/airflow/example_dags/example_time_delta_sensor_async.py
[2023-08-12T03:48:18.810+0000] {processor.py:826} INFO - Processing file /home/airflow/.local/lib/python3.10/site-packages/airflow/example_dags/example_time_delta_sensor_async.py for tasks to queue
[2023-08-12T03:48:18.811+0000] {logging_mixin.py:149} INFO - [2023-08-12T03:48:18.811+0000] {dagbag.py:541} INFO - Filling up the DagBag from /home/airflow/.local/lib/python3.10/site-packages/airflow/example_dags/example_time_delta_sensor_async.py
[2023-08-12T03:48:18.812+0000] {processor.py:836} INFO - DAG(s) dict_keys(['example_time_delta_sensor_async']) retrieved from /home/airflow/.local/lib/python3.10/site-packages/airflow/example_dags/example_time_delta_sensor_async.py
[2023-08-12T03:48:18.822+0000] {logging_mixin.py:149} INFO - [2023-08-12T03:48:18.822+0000] {dag.py:2726} INFO - Sync 1 DAGs
[2023-08-12T03:48:18.831+0000] {logging_mixin.py:149} INFO - [2023-08-12T03:48:18.831+0000] {dag.py:3486} INFO - Setting next_dagrun for example_time_delta_sensor_async to None, run_after=None
[2023-08-12T03:48:18.838+0000] {processor.py:179} INFO - Processing /home/airflow/.local/lib/python3.10/site-packages/airflow/example_dags/example_time_delta_sensor_async.py took 0.030 seconds
[2023-08-12T03:48:49.093+0000] {processor.py:157} INFO - Started process (PID=1334) to work on /home/airflow/.local/lib/python3.10/site-packages/airflow/example_dags/example_time_delta_sensor_async.py
[2023-08-12T03:48:49.093+0000] {processor.py:826} INFO - Processing file /home/airflow/.local/lib/python3.10/site-packages/airflow/example_dags/example_time_delta_sensor_async.py for tasks to queue
[2023-08-12T03:48:49.094+0000] {logging_mixin.py:149} INFO - [2023-08-12T03:48:49.094+0000] {dagbag.py:541} INFO - Filling up the DagBag from /home/airflow/.local/lib/python3.10/site-packages/airflow/example_dags/example_time_delta_sensor_async.py
[2023-08-12T03:48:49.095+0000] {processor.py:836} INFO - DAG(s) dict_keys(['example_time_delta_sensor_async']) retrieved from /home/airflow/.local/lib/python3.10/site-packages/airflow/example_dags/example_time_delta_sensor_async.py
[2023-08-12T03:48:49.105+0000] {logging_mixin.py:149} INFO - [2023-08-12T03:48:49.105+0000] {dag.py:2726} INFO - Sync 1 DAGs
[2023-08-12T03:48:49.114+0000] {logging_mixin.py:149} INFO - [2023-08-12T03:48:49.114+0000] {dag.py:3486} INFO - Setting next_dagrun for example_time_delta_sensor_async to None, run_after=None
[2023-08-12T03:48:49.121+0000] {processor.py:179} INFO - Processing /home/airflow/.local/lib/python3.10/site-packages/airflow/example_dags/example_time_delta_sensor_async.py took 0.030 seconds
[2023-08-12T03:49:19.521+0000] {processor.py:157} INFO - Started process (PID=1411) to work on /home/airflow/.local/lib/python3.10/site-packages/airflow/example_dags/example_time_delta_sensor_async.py
[2023-08-12T03:49:19.521+0000] {processor.py:826} INFO - Processing file /home/airflow/.local/lib/python3.10/site-packages/airflow/example_dags/example_time_delta_sensor_async.py for tasks to queue
[2023-08-12T03:49:19.521+0000] {logging_mixin.py:149} INFO - [2023-08-12T03:49:19.521+0000] {dagbag.py:541} INFO - Filling up the DagBag from /home/airflow/.local/lib/python3.10/site-packages/airflow/example_dags/example_time_delta_sensor_async.py
[2023-08-12T03:49:19.523+0000] {processor.py:836} INFO - DAG(s) dict_keys(['example_time_delta_sensor_async']) retrieved from /home/airflow/.local/lib/python3.10/site-packages/airflow/example_dags/example_time_delta_sensor_async.py
[2023-08-12T03:49:19.532+0000] {logging_mixin.py:149} INFO - [2023-08-12T03:49:19.532+0000] {dag.py:2726} INFO - Sync 1 DAGs
[2023-08-12T03:49:19.541+0000] {logging_mixin.py:149} INFO - [2023-08-12T03:49:19.541+0000] {dag.py:3486} INFO - Setting next_dagrun for example_time_delta_sensor_async to None, run_after=None
[2023-08-12T03:49:19.548+0000] {processor.py:179} INFO - Processing /home/airflow/.local/lib/python3.10/site-packages/airflow/example_dags/example_time_delta_sensor_async.py took 0.029 seconds
[2023-08-12T03:49:49.889+0000] {processor.py:157} INFO - Started process (PID=1488) to work on /home/airflow/.local/lib/python3.10/site-packages/airflow/example_dags/example_time_delta_sensor_async.py
[2023-08-12T03:49:49.889+0000] {processor.py:826} INFO - Processing file /home/airflow/.local/lib/python3.10/site-packages/airflow/example_dags/example_time_delta_sensor_async.py for tasks to queue
[2023-08-12T03:49:49.889+0000] {logging_mixin.py:149} INFO - [2023-08-12T03:49:49.889+0000] {dagbag.py:541} INFO - Filling up the DagBag from /home/airflow/.local/lib/python3.10/site-packages/airflow/example_dags/example_time_delta_sensor_async.py
[2023-08-12T03:49:49.891+0000] {processor.py:836} INFO - DAG(s) dict_keys(['example_time_delta_sensor_async']) retrieved from /home/airflow/.local/lib/python3.10/site-packages/airflow/example_dags/example_time_delta_sensor_async.py
[2023-08-12T03:49:49.901+0000] {logging_mixin.py:149} INFO - [2023-08-12T03:49:49.901+0000] {dag.py:2726} INFO - Sync 1 DAGs
[2023-08-12T03:49:49.910+0000] {logging_mixin.py:149} INFO - [2023-08-12T03:49:49.910+0000] {dag.py:3486} INFO - Setting next_dagrun for example_time_delta_sensor_async to None, run_after=None
[2023-08-12T03:49:49.917+0000] {processor.py:179} INFO - Processing /home/airflow/.local/lib/python3.10/site-packages/airflow/example_dags/example_time_delta_sensor_async.py took 0.030 seconds
[2023-08-12T03:50:20.216+0000] {processor.py:157} INFO - Started process (PID=1565) to work on /home/airflow/.local/lib/python3.10/site-packages/airflow/example_dags/example_time_delta_sensor_async.py
[2023-08-12T03:50:20.217+0000] {processor.py:826} INFO - Processing file /home/airflow/.local/lib/python3.10/site-packages/airflow/example_dags/example_time_delta_sensor_async.py for tasks to queue
[2023-08-12T03:50:20.217+0000] {logging_mixin.py:149} INFO - [2023-08-12T03:50:20.217+0000] {dagbag.py:541} INFO - Filling up the DagBag from /home/airflow/.local/lib/python3.10/site-packages/airflow/example_dags/example_time_delta_sensor_async.py
[2023-08-12T03:50:20.219+0000] {processor.py:836} INFO - DAG(s) dict_keys(['example_time_delta_sensor_async']) retrieved from /home/airflow/.local/lib/python3.10/site-packages/airflow/example_dags/example_time_delta_sensor_async.py
[2023-08-12T03:50:20.228+0000] {logging_mixin.py:149} INFO - [2023-08-12T03:50:20.228+0000] {dag.py:2726} INFO - Sync 1 DAGs
[2023-08-12T03:50:20.237+0000] {logging_mixin.py:149} INFO - [2023-08-12T03:50:20.237+0000] {dag.py:3486} INFO - Setting next_dagrun for example_time_delta_sensor_async to None, run_after=None
[2023-08-12T03:50:20.245+0000] {processor.py:179} INFO - Processing /home/airflow/.local/lib/python3.10/site-packages/airflow/example_dags/example_time_delta_sensor_async.py took 0.030 seconds
[2023-08-12T03:50:50.610+0000] {processor.py:157} INFO - Started process (PID=1642) to work on /home/airflow/.local/lib/python3.10/site-packages/airflow/example_dags/example_time_delta_sensor_async.py
[2023-08-12T03:50:50.610+0000] {processor.py:826} INFO - Processing file /home/airflow/.local/lib/python3.10/site-packages/airflow/example_dags/example_time_delta_sensor_async.py for tasks to queue
[2023-08-12T03:50:50.611+0000] {logging_mixin.py:149} INFO - [2023-08-12T03:50:50.611+0000] {dagbag.py:541} INFO - Filling up the DagBag from /home/airflow/.local/lib/python3.10/site-packages/airflow/example_dags/example_time_delta_sensor_async.py
[2023-08-12T03:50:50.612+0000] {processor.py:836} INFO - DAG(s) dict_keys(['example_time_delta_sensor_async']) retrieved from /home/airflow/.local/lib/python3.10/site-packages/airflow/example_dags/example_time_delta_sensor_async.py
[2023-08-12T03:50:50.622+0000] {logging_mixin.py:149} INFO - [2023-08-12T03:50:50.622+0000] {dag.py:2726} INFO - Sync 1 DAGs
[2023-08-12T03:50:50.631+0000] {logging_mixin.py:149} INFO - [2023-08-12T03:50:50.631+0000] {dag.py:3486} INFO - Setting next_dagrun for example_time_delta_sensor_async to None, run_after=None
[2023-08-12T03:50:50.638+0000] {processor.py:179} INFO - Processing /home/airflow/.local/lib/python3.10/site-packages/airflow/example_dags/example_time_delta_sensor_async.py took 0.029 seconds
[2023-08-12T03:51:21.011+0000] {processor.py:157} INFO - Started process (PID=1719) to work on /home/airflow/.local/lib/python3.10/site-packages/airflow/example_dags/example_time_delta_sensor_async.py
[2023-08-12T03:51:21.012+0000] {processor.py:826} INFO - Processing file /home/airflow/.local/lib/python3.10/site-packages/airflow/example_dags/example_time_delta_sensor_async.py for tasks to queue
[2023-08-12T03:51:21.012+0000] {logging_mixin.py:149} INFO - [2023-08-12T03:51:21.012+0000] {dagbag.py:541} INFO - Filling up the DagBag from /home/airflow/.local/lib/python3.10/site-packages/airflow/example_dags/example_time_delta_sensor_async.py
[2023-08-12T03:51:21.013+0000] {processor.py:836} INFO - DAG(s) dict_keys(['example_time_delta_sensor_async']) retrieved from /home/airflow/.local/lib/python3.10/site-packages/airflow/example_dags/example_time_delta_sensor_async.py
[2023-08-12T03:51:21.023+0000] {logging_mixin.py:149} INFO - [2023-08-12T03:51:21.023+0000] {dag.py:2726} INFO - Sync 1 DAGs
[2023-08-12T03:51:21.032+0000] {logging_mixin.py:149} INFO - [2023-08-12T03:51:21.032+0000] {dag.py:3486} INFO - Setting next_dagrun for example_time_delta_sensor_async to None, run_after=None
[2023-08-12T03:51:21.038+0000] {processor.py:179} INFO - Processing /home/airflow/.local/lib/python3.10/site-packages/airflow/example_dags/example_time_delta_sensor_async.py took 0.029 seconds
[2023-08-12T03:51:51.497+0000] {processor.py:157} INFO - Started process (PID=1796) to work on /home/airflow/.local/lib/python3.10/site-packages/airflow/example_dags/example_time_delta_sensor_async.py
[2023-08-12T03:51:51.498+0000] {processor.py:826} INFO - Processing file /home/airflow/.local/lib/python3.10/site-packages/airflow/example_dags/example_time_delta_sensor_async.py for tasks to queue
[2023-08-12T03:51:51.498+0000] {logging_mixin.py:149} INFO - [2023-08-12T03:51:51.498+0000] {dagbag.py:541} INFO - Filling up the DagBag from /home/airflow/.local/lib/python3.10/site-packages/airflow/example_dags/example_time_delta_sensor_async.py
[2023-08-12T03:51:51.499+0000] {processor.py:836} INFO - DAG(s) dict_keys(['example_time_delta_sensor_async']) retrieved from /home/airflow/.local/lib/python3.10/site-packages/airflow/example_dags/example_time_delta_sensor_async.py
[2023-08-12T03:51:51.511+0000] {logging_mixin.py:149} INFO - [2023-08-12T03:51:51.511+0000] {dag.py:2726} INFO - Sync 1 DAGs
[2023-08-12T03:51:51.522+0000] {logging_mixin.py:149} INFO - [2023-08-12T03:51:51.522+0000] {dag.py:3486} INFO - Setting next_dagrun for example_time_delta_sensor_async to None, run_after=None
[2023-08-12T03:51:51.529+0000] {processor.py:179} INFO - Processing /home/airflow/.local/lib/python3.10/site-packages/airflow/example_dags/example_time_delta_sensor_async.py took 0.033 seconds
[2023-08-12T03:52:21.958+0000] {processor.py:157} INFO - Started process (PID=1873) to work on /home/airflow/.local/lib/python3.10/site-packages/airflow/example_dags/example_time_delta_sensor_async.py
[2023-08-12T03:52:21.960+0000] {processor.py:826} INFO - Processing file /home/airflow/.local/lib/python3.10/site-packages/airflow/example_dags/example_time_delta_sensor_async.py for tasks to queue
[2023-08-12T03:52:21.960+0000] {logging_mixin.py:149} INFO - [2023-08-12T03:52:21.960+0000] {dagbag.py:541} INFO - Filling up the DagBag from /home/airflow/.local/lib/python3.10/site-packages/airflow/example_dags/example_time_delta_sensor_async.py
[2023-08-12T03:52:21.962+0000] {processor.py:836} INFO - DAG(s) dict_keys(['example_time_delta_sensor_async']) retrieved from /home/airflow/.local/lib/python3.10/site-packages/airflow/example_dags/example_time_delta_sensor_async.py
[2023-08-12T03:52:21.972+0000] {logging_mixin.py:149} INFO - [2023-08-12T03:52:21.972+0000] {dag.py:2726} INFO - Sync 1 DAGs
[2023-08-12T03:52:21.981+0000] {logging_mixin.py:149} INFO - [2023-08-12T03:52:21.981+0000] {dag.py:3486} INFO - Setting next_dagrun for example_time_delta_sensor_async to None, run_after=None
[2023-08-12T03:52:21.988+0000] {processor.py:179} INFO - Processing /home/airflow/.local/lib/python3.10/site-packages/airflow/example_dags/example_time_delta_sensor_async.py took 0.031 seconds
[2023-08-12T03:52:52.417+0000] {processor.py:157} INFO - Started process (PID=1950) to work on /home/airflow/.local/lib/python3.10/site-packages/airflow/example_dags/example_time_delta_sensor_async.py
[2023-08-12T03:52:52.417+0000] {processor.py:826} INFO - Processing file /home/airflow/.local/lib/python3.10/site-packages/airflow/example_dags/example_time_delta_sensor_async.py for tasks to queue
[2023-08-12T03:52:52.417+0000] {logging_mixin.py:149} INFO - [2023-08-12T03:52:52.417+0000] {dagbag.py:541} INFO - Filling up the DagBag from /home/airflow/.local/lib/python3.10/site-packages/airflow/example_dags/example_time_delta_sensor_async.py
[2023-08-12T03:52:52.419+0000] {processor.py:836} INFO - DAG(s) dict_keys(['example_time_delta_sensor_async']) retrieved from /home/airflow/.local/lib/python3.10/site-packages/airflow/example_dags/example_time_delta_sensor_async.py
[2023-08-12T03:52:52.429+0000] {logging_mixin.py:149} INFO - [2023-08-12T03:52:52.429+0000] {dag.py:2726} INFO - Sync 1 DAGs
[2023-08-12T03:52:52.438+0000] {logging_mixin.py:149} INFO - [2023-08-12T03:52:52.438+0000] {dag.py:3486} INFO - Setting next_dagrun for example_time_delta_sensor_async to None, run_after=None
[2023-08-12T03:52:52.445+0000] {processor.py:179} INFO - Processing /home/airflow/.local/lib/python3.10/site-packages/airflow/example_dags/example_time_delta_sensor_async.py took 0.030 seconds
[2023-08-12T03:53:22.875+0000] {processor.py:157} INFO - Started process (PID=2027) to work on /home/airflow/.local/lib/python3.10/site-packages/airflow/example_dags/example_time_delta_sensor_async.py
[2023-08-12T03:53:22.875+0000] {processor.py:826} INFO - Processing file /home/airflow/.local/lib/python3.10/site-packages/airflow/example_dags/example_time_delta_sensor_async.py for tasks to queue
[2023-08-12T03:53:22.875+0000] {logging_mixin.py:149} INFO - [2023-08-12T03:53:22.875+0000] {dagbag.py:541} INFO - Filling up the DagBag from /home/airflow/.local/lib/python3.10/site-packages/airflow/example_dags/example_time_delta_sensor_async.py
[2023-08-12T03:53:22.877+0000] {processor.py:836} INFO - DAG(s) dict_keys(['example_time_delta_sensor_async']) retrieved from /home/airflow/.local/lib/python3.10/site-packages/airflow/example_dags/example_time_delta_sensor_async.py
[2023-08-12T03:53:22.887+0000] {logging_mixin.py:149} INFO - [2023-08-12T03:53:22.887+0000] {dag.py:2726} INFO - Sync 1 DAGs
[2023-08-12T03:53:22.897+0000] {logging_mixin.py:149} INFO - [2023-08-12T03:53:22.897+0000] {dag.py:3486} INFO - Setting next_dagrun for example_time_delta_sensor_async to None, run_after=None
[2023-08-12T03:53:22.904+0000] {processor.py:179} INFO - Processing /home/airflow/.local/lib/python3.10/site-packages/airflow/example_dags/example_time_delta_sensor_async.py took 0.030 seconds
[2023-08-12T03:53:53.292+0000] {processor.py:157} INFO - Started process (PID=2104) to work on /home/airflow/.local/lib/python3.10/site-packages/airflow/example_dags/example_time_delta_sensor_async.py
[2023-08-12T03:53:53.293+0000] {processor.py:826} INFO - Processing file /home/airflow/.local/lib/python3.10/site-packages/airflow/example_dags/example_time_delta_sensor_async.py for tasks to queue
[2023-08-12T03:53:53.293+0000] {logging_mixin.py:149} INFO - [2023-08-12T03:53:53.293+0000] {dagbag.py:541} INFO - Filling up the DagBag from /home/airflow/.local/lib/python3.10/site-packages/airflow/example_dags/example_time_delta_sensor_async.py
[2023-08-12T03:53:53.295+0000] {processor.py:836} INFO - DAG(s) dict_keys(['example_time_delta_sensor_async']) retrieved from /home/airflow/.local/lib/python3.10/site-packages/airflow/example_dags/example_time_delta_sensor_async.py
[2023-08-12T03:53:53.305+0000] {logging_mixin.py:149} INFO - [2023-08-12T03:53:53.305+0000] {dag.py:2726} INFO - Sync 1 DAGs
[2023-08-12T03:53:53.314+0000] {logging_mixin.py:149} INFO - [2023-08-12T03:53:53.314+0000] {dag.py:3486} INFO - Setting next_dagrun for example_time_delta_sensor_async to None, run_after=None
[2023-08-12T03:53:53.322+0000] {processor.py:179} INFO - Processing /home/airflow/.local/lib/python3.10/site-packages/airflow/example_dags/example_time_delta_sensor_async.py took 0.031 seconds
[2023-08-12T03:54:23.643+0000] {processor.py:157} INFO - Started process (PID=2181) to work on /home/airflow/.local/lib/python3.10/site-packages/airflow/example_dags/example_time_delta_sensor_async.py
[2023-08-12T03:54:23.645+0000] {processor.py:826} INFO - Processing file /home/airflow/.local/lib/python3.10/site-packages/airflow/example_dags/example_time_delta_sensor_async.py for tasks to queue
[2023-08-12T03:54:23.645+0000] {logging_mixin.py:149} INFO - [2023-08-12T03:54:23.645+0000] {dagbag.py:541} INFO - Filling up the DagBag from /home/airflow/.local/lib/python3.10/site-packages/airflow/example_dags/example_time_delta_sensor_async.py
[2023-08-12T03:54:23.647+0000] {processor.py:836} INFO - DAG(s) dict_keys(['example_time_delta_sensor_async']) retrieved from /home/airflow/.local/lib/python3.10/site-packages/airflow/example_dags/example_time_delta_sensor_async.py
[2023-08-12T03:54:23.656+0000] {logging_mixin.py:149} INFO - [2023-08-12T03:54:23.656+0000] {dag.py:2726} INFO - Sync 1 DAGs
[2023-08-12T03:54:23.666+0000] {logging_mixin.py:149} INFO - [2023-08-12T03:54:23.666+0000] {dag.py:3486} INFO - Setting next_dagrun for example_time_delta_sensor_async to None, run_after=None
[2023-08-12T03:54:23.673+0000] {processor.py:179} INFO - Processing /home/airflow/.local/lib/python3.10/site-packages/airflow/example_dags/example_time_delta_sensor_async.py took 0.032 seconds
[2023-08-12T03:54:53.991+0000] {processor.py:157} INFO - Started process (PID=2259) to work on /home/airflow/.local/lib/python3.10/site-packages/airflow/example_dags/example_time_delta_sensor_async.py
[2023-08-12T03:54:53.991+0000] {processor.py:826} INFO - Processing file /home/airflow/.local/lib/python3.10/site-packages/airflow/example_dags/example_time_delta_sensor_async.py for tasks to queue
[2023-08-12T03:54:53.992+0000] {logging_mixin.py:149} INFO - [2023-08-12T03:54:53.992+0000] {dagbag.py:541} INFO - Filling up the DagBag from /home/airflow/.local/lib/python3.10/site-packages/airflow/example_dags/example_time_delta_sensor_async.py
[2023-08-12T03:54:53.994+0000] {processor.py:836} INFO - DAG(s) dict_keys(['example_time_delta_sensor_async']) retrieved from /home/airflow/.local/lib/python3.10/site-packages/airflow/example_dags/example_time_delta_sensor_async.py
[2023-08-12T03:54:54.006+0000] {logging_mixin.py:149} INFO - [2023-08-12T03:54:54.006+0000] {dag.py:2726} INFO - Sync 1 DAGs
[2023-08-12T03:54:54.015+0000] {logging_mixin.py:149} INFO - [2023-08-12T03:54:54.015+0000] {dag.py:3486} INFO - Setting next_dagrun for example_time_delta_sensor_async to None, run_after=None
[2023-08-12T03:54:54.022+0000] {processor.py:179} INFO - Processing /home/airflow/.local/lib/python3.10/site-packages/airflow/example_dags/example_time_delta_sensor_async.py took 0.032 seconds
[2023-08-12T03:55:24.379+0000] {processor.py:157} INFO - Started process (PID=2336) to work on /home/airflow/.local/lib/python3.10/site-packages/airflow/example_dags/example_time_delta_sensor_async.py
[2023-08-12T03:55:24.380+0000] {processor.py:826} INFO - Processing file /home/airflow/.local/lib/python3.10/site-packages/airflow/example_dags/example_time_delta_sensor_async.py for tasks to queue
[2023-08-12T03:55:24.380+0000] {logging_mixin.py:149} INFO - [2023-08-12T03:55:24.380+0000] {dagbag.py:541} INFO - Filling up the DagBag from /home/airflow/.local/lib/python3.10/site-packages/airflow/example_dags/example_time_delta_sensor_async.py
[2023-08-12T03:55:24.382+0000] {processor.py:836} INFO - DAG(s) dict_keys(['example_time_delta_sensor_async']) retrieved from /home/airflow/.local/lib/python3.10/site-packages/airflow/example_dags/example_time_delta_sensor_async.py
[2023-08-12T03:55:24.396+0000] {logging_mixin.py:149} INFO - [2023-08-12T03:55:24.395+0000] {dag.py:2726} INFO - Sync 1 DAGs
[2023-08-12T03:55:24.406+0000] {logging_mixin.py:149} INFO - [2023-08-12T03:55:24.406+0000] {dag.py:3486} INFO - Setting next_dagrun for example_time_delta_sensor_async to None, run_after=None
[2023-08-12T03:55:24.413+0000] {processor.py:179} INFO - Processing /home/airflow/.local/lib/python3.10/site-packages/airflow/example_dags/example_time_delta_sensor_async.py took 0.034 seconds
[2023-08-12T03:56:29.680+0000] {processor.py:157} INFO - Started process (PID=26) to work on /home/airflow/.local/lib/python3.10/site-packages/airflow/example_dags/example_time_delta_sensor_async.py
[2023-08-12T03:56:29.680+0000] {processor.py:826} INFO - Processing file /home/airflow/.local/lib/python3.10/site-packages/airflow/example_dags/example_time_delta_sensor_async.py for tasks to queue
[2023-08-12T03:56:29.681+0000] {logging_mixin.py:149} INFO - [2023-08-12T03:56:29.681+0000] {dagbag.py:541} INFO - Filling up the DagBag from /home/airflow/.local/lib/python3.10/site-packages/airflow/example_dags/example_time_delta_sensor_async.py
[2023-08-12T03:56:29.684+0000] {processor.py:836} INFO - DAG(s) dict_keys(['example_time_delta_sensor_async']) retrieved from /home/airflow/.local/lib/python3.10/site-packages/airflow/example_dags/example_time_delta_sensor_async.py
[2023-08-12T03:56:29.689+0000] {logging_mixin.py:149} INFO - [2023-08-12T03:56:29.689+0000] {dag.py:2726} INFO - Sync 1 DAGs
[2023-08-12T03:56:29.699+0000] {logging_mixin.py:149} INFO - [2023-08-12T03:56:29.699+0000] {dag.py:3486} INFO - Setting next_dagrun for example_time_delta_sensor_async to None, run_after=None
[2023-08-12T03:56:29.706+0000] {processor.py:179} INFO - Processing /home/airflow/.local/lib/python3.10/site-packages/airflow/example_dags/example_time_delta_sensor_async.py took 0.028 seconds
[2023-08-12T03:56:59.920+0000] {processor.py:157} INFO - Started process (PID=103) to work on /home/airflow/.local/lib/python3.10/site-packages/airflow/example_dags/example_time_delta_sensor_async.py
[2023-08-12T03:56:59.920+0000] {processor.py:826} INFO - Processing file /home/airflow/.local/lib/python3.10/site-packages/airflow/example_dags/example_time_delta_sensor_async.py for tasks to queue
[2023-08-12T03:56:59.920+0000] {logging_mixin.py:149} INFO - [2023-08-12T03:56:59.920+0000] {dagbag.py:541} INFO - Filling up the DagBag from /home/airflow/.local/lib/python3.10/site-packages/airflow/example_dags/example_time_delta_sensor_async.py
[2023-08-12T03:56:59.922+0000] {processor.py:836} INFO - DAG(s) dict_keys(['example_time_delta_sensor_async']) retrieved from /home/airflow/.local/lib/python3.10/site-packages/airflow/example_dags/example_time_delta_sensor_async.py
[2023-08-12T03:56:59.932+0000] {logging_mixin.py:149} INFO - [2023-08-12T03:56:59.932+0000] {dag.py:2726} INFO - Sync 1 DAGs
[2023-08-12T03:56:59.941+0000] {logging_mixin.py:149} INFO - [2023-08-12T03:56:59.941+0000] {dag.py:3486} INFO - Setting next_dagrun for example_time_delta_sensor_async to None, run_after=None
[2023-08-12T03:56:59.949+0000] {processor.py:179} INFO - Processing /home/airflow/.local/lib/python3.10/site-packages/airflow/example_dags/example_time_delta_sensor_async.py took 0.030 seconds
[2023-08-12T03:57:30.335+0000] {processor.py:157} INFO - Started process (PID=180) to work on /home/airflow/.local/lib/python3.10/site-packages/airflow/example_dags/example_time_delta_sensor_async.py
[2023-08-12T03:57:30.335+0000] {processor.py:826} INFO - Processing file /home/airflow/.local/lib/python3.10/site-packages/airflow/example_dags/example_time_delta_sensor_async.py for tasks to queue
[2023-08-12T03:57:30.336+0000] {logging_mixin.py:149} INFO - [2023-08-12T03:57:30.336+0000] {dagbag.py:541} INFO - Filling up the DagBag from /home/airflow/.local/lib/python3.10/site-packages/airflow/example_dags/example_time_delta_sensor_async.py
[2023-08-12T03:57:30.337+0000] {processor.py:836} INFO - DAG(s) dict_keys(['example_time_delta_sensor_async']) retrieved from /home/airflow/.local/lib/python3.10/site-packages/airflow/example_dags/example_time_delta_sensor_async.py
[2023-08-12T03:57:30.347+0000] {logging_mixin.py:149} INFO - [2023-08-12T03:57:30.347+0000] {dag.py:2726} INFO - Sync 1 DAGs
[2023-08-12T03:57:30.357+0000] {logging_mixin.py:149} INFO - [2023-08-12T03:57:30.357+0000] {dag.py:3486} INFO - Setting next_dagrun for example_time_delta_sensor_async to None, run_after=None
[2023-08-12T03:57:30.364+0000] {processor.py:179} INFO - Processing /home/airflow/.local/lib/python3.10/site-packages/airflow/example_dags/example_time_delta_sensor_async.py took 0.030 seconds
[2023-08-12T03:58:00.687+0000] {processor.py:157} INFO - Started process (PID=257) to work on /home/airflow/.local/lib/python3.10/site-packages/airflow/example_dags/example_time_delta_sensor_async.py
[2023-08-12T03:58:00.688+0000] {processor.py:826} INFO - Processing file /home/airflow/.local/lib/python3.10/site-packages/airflow/example_dags/example_time_delta_sensor_async.py for tasks to queue
[2023-08-12T03:58:00.688+0000] {logging_mixin.py:149} INFO - [2023-08-12T03:58:00.688+0000] {dagbag.py:541} INFO - Filling up the DagBag from /home/airflow/.local/lib/python3.10/site-packages/airflow/example_dags/example_time_delta_sensor_async.py
[2023-08-12T03:58:00.690+0000] {processor.py:836} INFO - DAG(s) dict_keys(['example_time_delta_sensor_async']) retrieved from /home/airflow/.local/lib/python3.10/site-packages/airflow/example_dags/example_time_delta_sensor_async.py
[2023-08-12T03:58:00.701+0000] {logging_mixin.py:149} INFO - [2023-08-12T03:58:00.701+0000] {dag.py:2726} INFO - Sync 1 DAGs
[2023-08-12T03:58:00.711+0000] {logging_mixin.py:149} INFO - [2023-08-12T03:58:00.711+0000] {dag.py:3486} INFO - Setting next_dagrun for example_time_delta_sensor_async to None, run_after=None
[2023-08-12T03:58:00.718+0000] {processor.py:179} INFO - Processing /home/airflow/.local/lib/python3.10/site-packages/airflow/example_dags/example_time_delta_sensor_async.py took 0.032 seconds
[2023-08-12T03:58:31.029+0000] {processor.py:157} INFO - Started process (PID=334) to work on /home/airflow/.local/lib/python3.10/site-packages/airflow/example_dags/example_time_delta_sensor_async.py
[2023-08-12T03:58:31.029+0000] {processor.py:826} INFO - Processing file /home/airflow/.local/lib/python3.10/site-packages/airflow/example_dags/example_time_delta_sensor_async.py for tasks to queue
[2023-08-12T03:58:31.029+0000] {logging_mixin.py:149} INFO - [2023-08-12T03:58:31.029+0000] {dagbag.py:541} INFO - Filling up the DagBag from /home/airflow/.local/lib/python3.10/site-packages/airflow/example_dags/example_time_delta_sensor_async.py
[2023-08-12T03:58:31.031+0000] {processor.py:836} INFO - DAG(s) dict_keys(['example_time_delta_sensor_async']) retrieved from /home/airflow/.local/lib/python3.10/site-packages/airflow/example_dags/example_time_delta_sensor_async.py
[2023-08-12T03:58:31.040+0000] {logging_mixin.py:149} INFO - [2023-08-12T03:58:31.040+0000] {dag.py:2726} INFO - Sync 1 DAGs
[2023-08-12T03:58:31.050+0000] {logging_mixin.py:149} INFO - [2023-08-12T03:58:31.050+0000] {dag.py:3486} INFO - Setting next_dagrun for example_time_delta_sensor_async to None, run_after=None
[2023-08-12T03:58:31.057+0000] {processor.py:179} INFO - Processing /home/airflow/.local/lib/python3.10/site-packages/airflow/example_dags/example_time_delta_sensor_async.py took 0.029 seconds
[2023-08-12T03:59:01.443+0000] {processor.py:157} INFO - Started process (PID=410) to work on /home/airflow/.local/lib/python3.10/site-packages/airflow/example_dags/example_time_delta_sensor_async.py
[2023-08-12T03:59:01.443+0000] {processor.py:826} INFO - Processing file /home/airflow/.local/lib/python3.10/site-packages/airflow/example_dags/example_time_delta_sensor_async.py for tasks to queue
[2023-08-12T03:59:01.444+0000] {logging_mixin.py:149} INFO - [2023-08-12T03:59:01.444+0000] {dagbag.py:541} INFO - Filling up the DagBag from /home/airflow/.local/lib/python3.10/site-packages/airflow/example_dags/example_time_delta_sensor_async.py
[2023-08-12T03:59:01.445+0000] {processor.py:836} INFO - DAG(s) dict_keys(['example_time_delta_sensor_async']) retrieved from /home/airflow/.local/lib/python3.10/site-packages/airflow/example_dags/example_time_delta_sensor_async.py
[2023-08-12T03:59:01.455+0000] {logging_mixin.py:149} INFO - [2023-08-12T03:59:01.455+0000] {dag.py:2726} INFO - Sync 1 DAGs
[2023-08-12T03:59:01.465+0000] {logging_mixin.py:149} INFO - [2023-08-12T03:59:01.465+0000] {dag.py:3486} INFO - Setting next_dagrun for example_time_delta_sensor_async to None, run_after=None
[2023-08-12T03:59:01.475+0000] {processor.py:179} INFO - Processing /home/airflow/.local/lib/python3.10/site-packages/airflow/example_dags/example_time_delta_sensor_async.py took 0.033 seconds
[2023-08-12T03:59:31.953+0000] {processor.py:157} INFO - Started process (PID=487) to work on /home/airflow/.local/lib/python3.10/site-packages/airflow/example_dags/example_time_delta_sensor_async.py
[2023-08-12T03:59:31.954+0000] {processor.py:826} INFO - Processing file /home/airflow/.local/lib/python3.10/site-packages/airflow/example_dags/example_time_delta_sensor_async.py for tasks to queue
[2023-08-12T03:59:31.954+0000] {logging_mixin.py:149} INFO - [2023-08-12T03:59:31.954+0000] {dagbag.py:541} INFO - Filling up the DagBag from /home/airflow/.local/lib/python3.10/site-packages/airflow/example_dags/example_time_delta_sensor_async.py
[2023-08-12T03:59:31.955+0000] {processor.py:836} INFO - DAG(s) dict_keys(['example_time_delta_sensor_async']) retrieved from /home/airflow/.local/lib/python3.10/site-packages/airflow/example_dags/example_time_delta_sensor_async.py
[2023-08-12T03:59:31.965+0000] {logging_mixin.py:149} INFO - [2023-08-12T03:59:31.965+0000] {dag.py:2726} INFO - Sync 1 DAGs
[2023-08-12T03:59:31.975+0000] {logging_mixin.py:149} INFO - [2023-08-12T03:59:31.975+0000] {dag.py:3486} INFO - Setting next_dagrun for example_time_delta_sensor_async to None, run_after=None
[2023-08-12T03:59:31.981+0000] {processor.py:179} INFO - Processing /home/airflow/.local/lib/python3.10/site-packages/airflow/example_dags/example_time_delta_sensor_async.py took 0.029 seconds
[2023-08-12T04:00:02.420+0000] {processor.py:157} INFO - Started process (PID=564) to work on /home/airflow/.local/lib/python3.10/site-packages/airflow/example_dags/example_time_delta_sensor_async.py
[2023-08-12T04:00:02.420+0000] {processor.py:826} INFO - Processing file /home/airflow/.local/lib/python3.10/site-packages/airflow/example_dags/example_time_delta_sensor_async.py for tasks to queue
[2023-08-12T04:00:02.421+0000] {logging_mixin.py:149} INFO - [2023-08-12T04:00:02.421+0000] {dagbag.py:541} INFO - Filling up the DagBag from /home/airflow/.local/lib/python3.10/site-packages/airflow/example_dags/example_time_delta_sensor_async.py
[2023-08-12T04:00:02.422+0000] {processor.py:836} INFO - DAG(s) dict_keys(['example_time_delta_sensor_async']) retrieved from /home/airflow/.local/lib/python3.10/site-packages/airflow/example_dags/example_time_delta_sensor_async.py
[2023-08-12T04:00:02.432+0000] {logging_mixin.py:149} INFO - [2023-08-12T04:00:02.432+0000] {dag.py:2726} INFO - Sync 1 DAGs
[2023-08-12T04:00:02.441+0000] {logging_mixin.py:149} INFO - [2023-08-12T04:00:02.441+0000] {dag.py:3486} INFO - Setting next_dagrun for example_time_delta_sensor_async to None, run_after=None
[2023-08-12T04:00:02.448+0000] {processor.py:179} INFO - Processing /home/airflow/.local/lib/python3.10/site-packages/airflow/example_dags/example_time_delta_sensor_async.py took 0.029 seconds
[2023-08-12T04:00:32.812+0000] {processor.py:157} INFO - Started process (PID=641) to work on /home/airflow/.local/lib/python3.10/site-packages/airflow/example_dags/example_time_delta_sensor_async.py
[2023-08-12T04:00:32.813+0000] {processor.py:826} INFO - Processing file /home/airflow/.local/lib/python3.10/site-packages/airflow/example_dags/example_time_delta_sensor_async.py for tasks to queue
[2023-08-12T04:00:32.813+0000] {logging_mixin.py:149} INFO - [2023-08-12T04:00:32.813+0000] {dagbag.py:541} INFO - Filling up the DagBag from /home/airflow/.local/lib/python3.10/site-packages/airflow/example_dags/example_time_delta_sensor_async.py
[2023-08-12T04:00:32.815+0000] {processor.py:836} INFO - DAG(s) dict_keys(['example_time_delta_sensor_async']) retrieved from /home/airflow/.local/lib/python3.10/site-packages/airflow/example_dags/example_time_delta_sensor_async.py
[2023-08-12T04:00:32.825+0000] {logging_mixin.py:149} INFO - [2023-08-12T04:00:32.825+0000] {dag.py:2726} INFO - Sync 1 DAGs
[2023-08-12T04:00:32.834+0000] {logging_mixin.py:149} INFO - [2023-08-12T04:00:32.834+0000] {dag.py:3486} INFO - Setting next_dagrun for example_time_delta_sensor_async to None, run_after=None
[2023-08-12T04:00:32.840+0000] {processor.py:179} INFO - Processing /home/airflow/.local/lib/python3.10/site-packages/airflow/example_dags/example_time_delta_sensor_async.py took 0.030 seconds
