[2023-08-12T15:30:51.229+0000] {processor.py:157} INFO - Started process (PID=65) to work on /home/airflow/.local/lib/python3.10/site-packages/airflow/example_dags/example_trigger_controller_dag.py
[2023-08-12T15:30:51.229+0000] {processor.py:826} INFO - Processing file /home/airflow/.local/lib/python3.10/site-packages/airflow/example_dags/example_trigger_controller_dag.py for tasks to queue
[2023-08-12T15:30:51.229+0000] {logging_mixin.py:149} INFO - [2023-08-12T15:30:51.229+0000] {dagbag.py:541} INFO - Filling up the DagBag from /home/airflow/.local/lib/python3.10/site-packages/airflow/example_dags/example_trigger_controller_dag.py
[2023-08-12T15:30:51.231+0000] {processor.py:836} INFO - DAG(s) dict_keys(['example_trigger_controller_dag']) retrieved from /home/airflow/.local/lib/python3.10/site-packages/airflow/example_dags/example_trigger_controller_dag.py
[2023-08-12T15:30:51.237+0000] {logging_mixin.py:149} INFO - [2023-08-12T15:30:51.237+0000] {dag.py:2726} INFO - Sync 1 DAGs
[2023-08-12T15:30:51.248+0000] {logging_mixin.py:149} INFO - [2023-08-12T15:30:51.248+0000] {dag.py:3486} INFO - Setting next_dagrun for example_trigger_controller_dag to 2021-01-01T00:00:00+00:00, run_after=2021-01-01T00:00:00+00:00
[2023-08-12T15:30:51.264+0000] {processor.py:179} INFO - Processing /home/airflow/.local/lib/python3.10/site-packages/airflow/example_dags/example_trigger_controller_dag.py took 0.037 seconds
[2023-08-12T15:31:21.443+0000] {processor.py:157} INFO - Started process (PID=142) to work on /home/airflow/.local/lib/python3.10/site-packages/airflow/example_dags/example_trigger_controller_dag.py
[2023-08-12T15:31:21.444+0000] {processor.py:826} INFO - Processing file /home/airflow/.local/lib/python3.10/site-packages/airflow/example_dags/example_trigger_controller_dag.py for tasks to queue
[2023-08-12T15:31:21.444+0000] {logging_mixin.py:149} INFO - [2023-08-12T15:31:21.444+0000] {dagbag.py:541} INFO - Filling up the DagBag from /home/airflow/.local/lib/python3.10/site-packages/airflow/example_dags/example_trigger_controller_dag.py
[2023-08-12T15:31:21.445+0000] {processor.py:836} INFO - DAG(s) dict_keys(['example_trigger_controller_dag']) retrieved from /home/airflow/.local/lib/python3.10/site-packages/airflow/example_dags/example_trigger_controller_dag.py
[2023-08-12T15:31:21.456+0000] {logging_mixin.py:149} INFO - [2023-08-12T15:31:21.456+0000] {dag.py:2726} INFO - Sync 1 DAGs
[2023-08-12T15:31:21.465+0000] {logging_mixin.py:149} INFO - [2023-08-12T15:31:21.465+0000] {dag.py:3486} INFO - Setting next_dagrun for example_trigger_controller_dag to 2021-01-01T00:00:00+00:00, run_after=2021-01-01T00:00:00+00:00
[2023-08-12T15:31:21.472+0000] {processor.py:179} INFO - Processing /home/airflow/.local/lib/python3.10/site-packages/airflow/example_dags/example_trigger_controller_dag.py took 0.030 seconds
[2023-08-12T15:31:51.643+0000] {processor.py:157} INFO - Started process (PID=218) to work on /home/airflow/.local/lib/python3.10/site-packages/airflow/example_dags/example_trigger_controller_dag.py
[2023-08-12T15:31:51.643+0000] {processor.py:826} INFO - Processing file /home/airflow/.local/lib/python3.10/site-packages/airflow/example_dags/example_trigger_controller_dag.py for tasks to queue
[2023-08-12T15:31:51.644+0000] {logging_mixin.py:149} INFO - [2023-08-12T15:31:51.644+0000] {dagbag.py:541} INFO - Filling up the DagBag from /home/airflow/.local/lib/python3.10/site-packages/airflow/example_dags/example_trigger_controller_dag.py
[2023-08-12T15:31:51.645+0000] {processor.py:836} INFO - DAG(s) dict_keys(['example_trigger_controller_dag']) retrieved from /home/airflow/.local/lib/python3.10/site-packages/airflow/example_dags/example_trigger_controller_dag.py
[2023-08-12T15:31:51.655+0000] {logging_mixin.py:149} INFO - [2023-08-12T15:31:51.655+0000] {dag.py:2726} INFO - Sync 1 DAGs
[2023-08-12T15:31:51.665+0000] {logging_mixin.py:149} INFO - [2023-08-12T15:31:51.665+0000] {dag.py:3486} INFO - Setting next_dagrun for example_trigger_controller_dag to 2021-01-01T00:00:00+00:00, run_after=2021-01-01T00:00:00+00:00
[2023-08-12T15:31:51.672+0000] {processor.py:179} INFO - Processing /home/airflow/.local/lib/python3.10/site-packages/airflow/example_dags/example_trigger_controller_dag.py took 0.030 seconds
[2023-08-12T15:32:21.946+0000] {processor.py:157} INFO - Started process (PID=295) to work on /home/airflow/.local/lib/python3.10/site-packages/airflow/example_dags/example_trigger_controller_dag.py
[2023-08-12T15:32:21.947+0000] {processor.py:826} INFO - Processing file /home/airflow/.local/lib/python3.10/site-packages/airflow/example_dags/example_trigger_controller_dag.py for tasks to queue
[2023-08-12T15:32:21.947+0000] {logging_mixin.py:149} INFO - [2023-08-12T15:32:21.947+0000] {dagbag.py:541} INFO - Filling up the DagBag from /home/airflow/.local/lib/python3.10/site-packages/airflow/example_dags/example_trigger_controller_dag.py
[2023-08-12T15:32:21.948+0000] {processor.py:836} INFO - DAG(s) dict_keys(['example_trigger_controller_dag']) retrieved from /home/airflow/.local/lib/python3.10/site-packages/airflow/example_dags/example_trigger_controller_dag.py
[2023-08-12T15:32:21.959+0000] {logging_mixin.py:149} INFO - [2023-08-12T15:32:21.959+0000] {dag.py:2726} INFO - Sync 1 DAGs
[2023-08-12T15:32:21.969+0000] {logging_mixin.py:149} INFO - [2023-08-12T15:32:21.969+0000] {dag.py:3486} INFO - Setting next_dagrun for example_trigger_controller_dag to 2021-01-01T00:00:00+00:00, run_after=2021-01-01T00:00:00+00:00
[2023-08-12T15:32:21.977+0000] {processor.py:179} INFO - Processing /home/airflow/.local/lib/python3.10/site-packages/airflow/example_dags/example_trigger_controller_dag.py took 0.032 seconds
[2023-08-12T15:32:52.277+0000] {processor.py:157} INFO - Started process (PID=371) to work on /home/airflow/.local/lib/python3.10/site-packages/airflow/example_dags/example_trigger_controller_dag.py
[2023-08-12T15:32:52.277+0000] {processor.py:826} INFO - Processing file /home/airflow/.local/lib/python3.10/site-packages/airflow/example_dags/example_trigger_controller_dag.py for tasks to queue
[2023-08-12T15:32:52.277+0000] {logging_mixin.py:149} INFO - [2023-08-12T15:32:52.277+0000] {dagbag.py:541} INFO - Filling up the DagBag from /home/airflow/.local/lib/python3.10/site-packages/airflow/example_dags/example_trigger_controller_dag.py
[2023-08-12T15:32:52.279+0000] {processor.py:836} INFO - DAG(s) dict_keys(['example_trigger_controller_dag']) retrieved from /home/airflow/.local/lib/python3.10/site-packages/airflow/example_dags/example_trigger_controller_dag.py
[2023-08-12T15:32:52.289+0000] {logging_mixin.py:149} INFO - [2023-08-12T15:32:52.289+0000] {dag.py:2726} INFO - Sync 1 DAGs
[2023-08-12T15:32:52.299+0000] {logging_mixin.py:149} INFO - [2023-08-12T15:32:52.299+0000] {dag.py:3486} INFO - Setting next_dagrun for example_trigger_controller_dag to 2021-01-01T00:00:00+00:00, run_after=2021-01-01T00:00:00+00:00
[2023-08-12T15:32:52.309+0000] {processor.py:179} INFO - Processing /home/airflow/.local/lib/python3.10/site-packages/airflow/example_dags/example_trigger_controller_dag.py took 0.034 seconds
[2023-08-12T15:33:22.864+0000] {processor.py:157} INFO - Started process (PID=448) to work on /home/airflow/.local/lib/python3.10/site-packages/airflow/example_dags/example_trigger_controller_dag.py
[2023-08-12T15:33:22.864+0000] {processor.py:826} INFO - Processing file /home/airflow/.local/lib/python3.10/site-packages/airflow/example_dags/example_trigger_controller_dag.py for tasks to queue
[2023-08-12T15:33:22.864+0000] {logging_mixin.py:149} INFO - [2023-08-12T15:33:22.864+0000] {dagbag.py:541} INFO - Filling up the DagBag from /home/airflow/.local/lib/python3.10/site-packages/airflow/example_dags/example_trigger_controller_dag.py
[2023-08-12T15:33:22.866+0000] {processor.py:836} INFO - DAG(s) dict_keys(['example_trigger_controller_dag']) retrieved from /home/airflow/.local/lib/python3.10/site-packages/airflow/example_dags/example_trigger_controller_dag.py
[2023-08-12T15:33:22.876+0000] {logging_mixin.py:149} INFO - [2023-08-12T15:33:22.876+0000] {dag.py:2726} INFO - Sync 1 DAGs
[2023-08-12T15:33:22.885+0000] {logging_mixin.py:149} INFO - [2023-08-12T15:33:22.885+0000] {dag.py:3486} INFO - Setting next_dagrun for example_trigger_controller_dag to 2021-01-01T00:00:00+00:00, run_after=2021-01-01T00:00:00+00:00
[2023-08-12T15:33:22.892+0000] {processor.py:179} INFO - Processing /home/airflow/.local/lib/python3.10/site-packages/airflow/example_dags/example_trigger_controller_dag.py took 0.030 seconds
[2023-08-12T15:33:53.369+0000] {processor.py:157} INFO - Started process (PID=525) to work on /home/airflow/.local/lib/python3.10/site-packages/airflow/example_dags/example_trigger_controller_dag.py
[2023-08-12T15:33:53.370+0000] {processor.py:826} INFO - Processing file /home/airflow/.local/lib/python3.10/site-packages/airflow/example_dags/example_trigger_controller_dag.py for tasks to queue
[2023-08-12T15:33:53.370+0000] {logging_mixin.py:149} INFO - [2023-08-12T15:33:53.370+0000] {dagbag.py:541} INFO - Filling up the DagBag from /home/airflow/.local/lib/python3.10/site-packages/airflow/example_dags/example_trigger_controller_dag.py
[2023-08-12T15:33:53.371+0000] {processor.py:836} INFO - DAG(s) dict_keys(['example_trigger_controller_dag']) retrieved from /home/airflow/.local/lib/python3.10/site-packages/airflow/example_dags/example_trigger_controller_dag.py
[2023-08-12T15:33:53.382+0000] {logging_mixin.py:149} INFO - [2023-08-12T15:33:53.381+0000] {dag.py:2726} INFO - Sync 1 DAGs
[2023-08-12T15:33:53.391+0000] {logging_mixin.py:149} INFO - [2023-08-12T15:33:53.391+0000] {dag.py:3486} INFO - Setting next_dagrun for example_trigger_controller_dag to 2021-01-01T00:00:00+00:00, run_after=2021-01-01T00:00:00+00:00
[2023-08-12T15:33:53.399+0000] {processor.py:179} INFO - Processing /home/airflow/.local/lib/python3.10/site-packages/airflow/example_dags/example_trigger_controller_dag.py took 0.032 seconds
