[2023-08-12T03:29:38.013+0000] {processor.py:157} INFO - Started process (PID=43) to work on /home/airflow/.local/lib/python3.10/site-packages/airflow/example_dags/example_external_task_marker_dag.py
[2023-08-12T03:29:38.013+0000] {processor.py:826} INFO - Processing file /home/airflow/.local/lib/python3.10/site-packages/airflow/example_dags/example_external_task_marker_dag.py for tasks to queue
[2023-08-12T03:29:38.013+0000] {logging_mixin.py:149} INFO - [2023-08-12T03:29:38.013+0000] {dagbag.py:541} INFO - Filling up the DagBag from /home/airflow/.local/lib/python3.10/site-packages/airflow/example_dags/example_external_task_marker_dag.py
[2023-08-12T03:29:38.017+0000] {processor.py:836} INFO - DAG(s) dict_keys(['example_external_task_marker_parent', 'example_external_task_marker_child']) retrieved from /home/airflow/.local/lib/python3.10/site-packages/airflow/example_dags/example_external_task_marker_dag.py
[2023-08-12T03:29:38.023+0000] {logging_mixin.py:149} INFO - [2023-08-12T03:29:38.023+0000] {dag.py:2726} INFO - Sync 2 DAGs
[2023-08-12T03:29:38.034+0000] {logging_mixin.py:149} INFO - [2023-08-12T03:29:38.034+0000] {dag.py:3486} INFO - Setting next_dagrun for example_external_task_marker_child to None, run_after=None
[2023-08-12T03:29:38.035+0000] {logging_mixin.py:149} INFO - [2023-08-12T03:29:38.035+0000] {dag.py:3486} INFO - Setting next_dagrun for example_external_task_marker_parent to None, run_after=None
[2023-08-12T03:29:38.041+0000] {processor.py:179} INFO - Processing /home/airflow/.local/lib/python3.10/site-packages/airflow/example_dags/example_external_task_marker_dag.py took 0.030 seconds
[2023-08-12T03:30:08.195+0000] {processor.py:157} INFO - Started process (PID=119) to work on /home/airflow/.local/lib/python3.10/site-packages/airflow/example_dags/example_external_task_marker_dag.py
[2023-08-12T03:30:08.196+0000] {processor.py:826} INFO - Processing file /home/airflow/.local/lib/python3.10/site-packages/airflow/example_dags/example_external_task_marker_dag.py for tasks to queue
[2023-08-12T03:30:08.196+0000] {logging_mixin.py:149} INFO - [2023-08-12T03:30:08.196+0000] {dagbag.py:541} INFO - Filling up the DagBag from /home/airflow/.local/lib/python3.10/site-packages/airflow/example_dags/example_external_task_marker_dag.py
[2023-08-12T03:30:08.198+0000] {processor.py:836} INFO - DAG(s) dict_keys(['example_external_task_marker_child', 'example_external_task_marker_parent']) retrieved from /home/airflow/.local/lib/python3.10/site-packages/airflow/example_dags/example_external_task_marker_dag.py
[2023-08-12T03:30:08.209+0000] {logging_mixin.py:149} INFO - [2023-08-12T03:30:08.209+0000] {dag.py:2726} INFO - Sync 2 DAGs
[2023-08-12T03:30:08.219+0000] {logging_mixin.py:149} INFO - [2023-08-12T03:30:08.219+0000] {dag.py:3486} INFO - Setting next_dagrun for example_external_task_marker_child to None, run_after=None
[2023-08-12T03:30:08.220+0000] {logging_mixin.py:149} INFO - [2023-08-12T03:30:08.220+0000] {dag.py:3486} INFO - Setting next_dagrun for example_external_task_marker_parent to None, run_after=None
[2023-08-12T03:30:08.226+0000] {processor.py:179} INFO - Processing /home/airflow/.local/lib/python3.10/site-packages/airflow/example_dags/example_external_task_marker_dag.py took 0.032 seconds
[2023-08-12T03:30:38.571+0000] {processor.py:157} INFO - Started process (PID=196) to work on /home/airflow/.local/lib/python3.10/site-packages/airflow/example_dags/example_external_task_marker_dag.py
[2023-08-12T03:30:38.571+0000] {processor.py:826} INFO - Processing file /home/airflow/.local/lib/python3.10/site-packages/airflow/example_dags/example_external_task_marker_dag.py for tasks to queue
[2023-08-12T03:30:38.571+0000] {logging_mixin.py:149} INFO - [2023-08-12T03:30:38.571+0000] {dagbag.py:541} INFO - Filling up the DagBag from /home/airflow/.local/lib/python3.10/site-packages/airflow/example_dags/example_external_task_marker_dag.py
[2023-08-12T03:30:38.574+0000] {processor.py:836} INFO - DAG(s) dict_keys(['example_external_task_marker_parent', 'example_external_task_marker_child']) retrieved from /home/airflow/.local/lib/python3.10/site-packages/airflow/example_dags/example_external_task_marker_dag.py
[2023-08-12T03:30:38.585+0000] {logging_mixin.py:149} INFO - [2023-08-12T03:30:38.585+0000] {dag.py:2726} INFO - Sync 2 DAGs
[2023-08-12T03:30:38.594+0000] {logging_mixin.py:149} INFO - [2023-08-12T03:30:38.594+0000] {dag.py:3486} INFO - Setting next_dagrun for example_external_task_marker_child to None, run_after=None
[2023-08-12T03:30:38.596+0000] {logging_mixin.py:149} INFO - [2023-08-12T03:30:38.596+0000] {dag.py:3486} INFO - Setting next_dagrun for example_external_task_marker_parent to None, run_after=None
[2023-08-12T03:30:38.602+0000] {processor.py:179} INFO - Processing /home/airflow/.local/lib/python3.10/site-packages/airflow/example_dags/example_external_task_marker_dag.py took 0.033 seconds
[2023-08-12T03:31:08.904+0000] {processor.py:157} INFO - Started process (PID=272) to work on /home/airflow/.local/lib/python3.10/site-packages/airflow/example_dags/example_external_task_marker_dag.py
[2023-08-12T03:31:08.904+0000] {processor.py:826} INFO - Processing file /home/airflow/.local/lib/python3.10/site-packages/airflow/example_dags/example_external_task_marker_dag.py for tasks to queue
[2023-08-12T03:31:08.905+0000] {logging_mixin.py:149} INFO - [2023-08-12T03:31:08.905+0000] {dagbag.py:541} INFO - Filling up the DagBag from /home/airflow/.local/lib/python3.10/site-packages/airflow/example_dags/example_external_task_marker_dag.py
[2023-08-12T03:31:08.907+0000] {processor.py:836} INFO - DAG(s) dict_keys(['example_external_task_marker_parent', 'example_external_task_marker_child']) retrieved from /home/airflow/.local/lib/python3.10/site-packages/airflow/example_dags/example_external_task_marker_dag.py
[2023-08-12T03:31:08.919+0000] {logging_mixin.py:149} INFO - [2023-08-12T03:31:08.919+0000] {dag.py:2726} INFO - Sync 2 DAGs
[2023-08-12T03:31:08.928+0000] {logging_mixin.py:149} INFO - [2023-08-12T03:31:08.928+0000] {dag.py:3486} INFO - Setting next_dagrun for example_external_task_marker_child to None, run_after=None
[2023-08-12T03:31:08.930+0000] {logging_mixin.py:149} INFO - [2023-08-12T03:31:08.930+0000] {dag.py:3486} INFO - Setting next_dagrun for example_external_task_marker_parent to None, run_after=None
[2023-08-12T03:31:08.937+0000] {processor.py:179} INFO - Processing /home/airflow/.local/lib/python3.10/site-packages/airflow/example_dags/example_external_task_marker_dag.py took 0.034 seconds
[2023-08-12T03:31:39.256+0000] {processor.py:157} INFO - Started process (PID=349) to work on /home/airflow/.local/lib/python3.10/site-packages/airflow/example_dags/example_external_task_marker_dag.py
[2023-08-12T03:31:39.257+0000] {processor.py:826} INFO - Processing file /home/airflow/.local/lib/python3.10/site-packages/airflow/example_dags/example_external_task_marker_dag.py for tasks to queue
[2023-08-12T03:31:39.257+0000] {logging_mixin.py:149} INFO - [2023-08-12T03:31:39.257+0000] {dagbag.py:541} INFO - Filling up the DagBag from /home/airflow/.local/lib/python3.10/site-packages/airflow/example_dags/example_external_task_marker_dag.py
[2023-08-12T03:31:39.259+0000] {processor.py:836} INFO - DAG(s) dict_keys(['example_external_task_marker_parent', 'example_external_task_marker_child']) retrieved from /home/airflow/.local/lib/python3.10/site-packages/airflow/example_dags/example_external_task_marker_dag.py
[2023-08-12T03:31:39.270+0000] {logging_mixin.py:149} INFO - [2023-08-12T03:31:39.270+0000] {dag.py:2726} INFO - Sync 2 DAGs
[2023-08-12T03:31:39.279+0000] {logging_mixin.py:149} INFO - [2023-08-12T03:31:39.279+0000] {dag.py:3486} INFO - Setting next_dagrun for example_external_task_marker_child to None, run_after=None
[2023-08-12T03:31:39.281+0000] {logging_mixin.py:149} INFO - [2023-08-12T03:31:39.281+0000] {dag.py:3486} INFO - Setting next_dagrun for example_external_task_marker_parent to None, run_after=None
[2023-08-12T03:31:39.287+0000] {processor.py:179} INFO - Processing /home/airflow/.local/lib/python3.10/site-packages/airflow/example_dags/example_external_task_marker_dag.py took 0.032 seconds
[2023-08-12T03:32:09.638+0000] {processor.py:157} INFO - Started process (PID=426) to work on /home/airflow/.local/lib/python3.10/site-packages/airflow/example_dags/example_external_task_marker_dag.py
[2023-08-12T03:32:09.639+0000] {processor.py:826} INFO - Processing file /home/airflow/.local/lib/python3.10/site-packages/airflow/example_dags/example_external_task_marker_dag.py for tasks to queue
[2023-08-12T03:32:09.639+0000] {logging_mixin.py:149} INFO - [2023-08-12T03:32:09.639+0000] {dagbag.py:541} INFO - Filling up the DagBag from /home/airflow/.local/lib/python3.10/site-packages/airflow/example_dags/example_external_task_marker_dag.py
[2023-08-12T03:32:09.641+0000] {processor.py:836} INFO - DAG(s) dict_keys(['example_external_task_marker_child', 'example_external_task_marker_parent']) retrieved from /home/airflow/.local/lib/python3.10/site-packages/airflow/example_dags/example_external_task_marker_dag.py
[2023-08-12T03:32:09.652+0000] {logging_mixin.py:149} INFO - [2023-08-12T03:32:09.652+0000] {dag.py:2726} INFO - Sync 2 DAGs
[2023-08-12T03:32:09.662+0000] {logging_mixin.py:149} INFO - [2023-08-12T03:32:09.661+0000] {dag.py:3486} INFO - Setting next_dagrun for example_external_task_marker_child to None, run_after=None
[2023-08-12T03:32:09.663+0000] {logging_mixin.py:149} INFO - [2023-08-12T03:32:09.663+0000] {dag.py:3486} INFO - Setting next_dagrun for example_external_task_marker_parent to None, run_after=None
[2023-08-12T03:32:09.669+0000] {processor.py:179} INFO - Processing /home/airflow/.local/lib/python3.10/site-packages/airflow/example_dags/example_external_task_marker_dag.py took 0.032 seconds
[2023-08-12T03:32:39.941+0000] {processor.py:157} INFO - Started process (PID=503) to work on /home/airflow/.local/lib/python3.10/site-packages/airflow/example_dags/example_external_task_marker_dag.py
[2023-08-12T03:32:39.941+0000] {processor.py:826} INFO - Processing file /home/airflow/.local/lib/python3.10/site-packages/airflow/example_dags/example_external_task_marker_dag.py for tasks to queue
[2023-08-12T03:32:39.941+0000] {logging_mixin.py:149} INFO - [2023-08-12T03:32:39.941+0000] {dagbag.py:541} INFO - Filling up the DagBag from /home/airflow/.local/lib/python3.10/site-packages/airflow/example_dags/example_external_task_marker_dag.py
[2023-08-12T03:32:39.944+0000] {processor.py:836} INFO - DAG(s) dict_keys(['example_external_task_marker_parent', 'example_external_task_marker_child']) retrieved from /home/airflow/.local/lib/python3.10/site-packages/airflow/example_dags/example_external_task_marker_dag.py
[2023-08-12T03:32:39.955+0000] {logging_mixin.py:149} INFO - [2023-08-12T03:32:39.955+0000] {dag.py:2726} INFO - Sync 2 DAGs
[2023-08-12T03:32:39.964+0000] {logging_mixin.py:149} INFO - [2023-08-12T03:32:39.964+0000] {dag.py:3486} INFO - Setting next_dagrun for example_external_task_marker_child to None, run_after=None
[2023-08-12T03:32:39.966+0000] {logging_mixin.py:149} INFO - [2023-08-12T03:32:39.966+0000] {dag.py:3486} INFO - Setting next_dagrun for example_external_task_marker_parent to None, run_after=None
[2023-08-12T03:32:39.972+0000] {processor.py:179} INFO - Processing /home/airflow/.local/lib/python3.10/site-packages/airflow/example_dags/example_external_task_marker_dag.py took 0.032 seconds
[2023-08-12T03:33:10.255+0000] {processor.py:157} INFO - Started process (PID=580) to work on /home/airflow/.local/lib/python3.10/site-packages/airflow/example_dags/example_external_task_marker_dag.py
[2023-08-12T03:33:10.255+0000] {processor.py:826} INFO - Processing file /home/airflow/.local/lib/python3.10/site-packages/airflow/example_dags/example_external_task_marker_dag.py for tasks to queue
[2023-08-12T03:33:10.255+0000] {logging_mixin.py:149} INFO - [2023-08-12T03:33:10.255+0000] {dagbag.py:541} INFO - Filling up the DagBag from /home/airflow/.local/lib/python3.10/site-packages/airflow/example_dags/example_external_task_marker_dag.py
[2023-08-12T03:33:10.258+0000] {processor.py:836} INFO - DAG(s) dict_keys(['example_external_task_marker_parent', 'example_external_task_marker_child']) retrieved from /home/airflow/.local/lib/python3.10/site-packages/airflow/example_dags/example_external_task_marker_dag.py
[2023-08-12T03:33:10.269+0000] {logging_mixin.py:149} INFO - [2023-08-12T03:33:10.269+0000] {dag.py:2726} INFO - Sync 2 DAGs
[2023-08-12T03:33:10.279+0000] {logging_mixin.py:149} INFO - [2023-08-12T03:33:10.278+0000] {dag.py:3486} INFO - Setting next_dagrun for example_external_task_marker_child to None, run_after=None
[2023-08-12T03:33:10.280+0000] {logging_mixin.py:149} INFO - [2023-08-12T03:33:10.280+0000] {dag.py:3486} INFO - Setting next_dagrun for example_external_task_marker_parent to None, run_after=None
[2023-08-12T03:33:10.286+0000] {processor.py:179} INFO - Processing /home/airflow/.local/lib/python3.10/site-packages/airflow/example_dags/example_external_task_marker_dag.py took 0.032 seconds
[2023-08-12T03:33:40.822+0000] {processor.py:157} INFO - Started process (PID=657) to work on /home/airflow/.local/lib/python3.10/site-packages/airflow/example_dags/example_external_task_marker_dag.py
[2023-08-12T03:33:40.822+0000] {processor.py:826} INFO - Processing file /home/airflow/.local/lib/python3.10/site-packages/airflow/example_dags/example_external_task_marker_dag.py for tasks to queue
[2023-08-12T03:33:40.822+0000] {logging_mixin.py:149} INFO - [2023-08-12T03:33:40.822+0000] {dagbag.py:541} INFO - Filling up the DagBag from /home/airflow/.local/lib/python3.10/site-packages/airflow/example_dags/example_external_task_marker_dag.py
[2023-08-12T03:33:40.825+0000] {processor.py:836} INFO - DAG(s) dict_keys(['example_external_task_marker_parent', 'example_external_task_marker_child']) retrieved from /home/airflow/.local/lib/python3.10/site-packages/airflow/example_dags/example_external_task_marker_dag.py
[2023-08-12T03:33:40.835+0000] {logging_mixin.py:149} INFO - [2023-08-12T03:33:40.835+0000] {dag.py:2726} INFO - Sync 2 DAGs
[2023-08-12T03:33:40.845+0000] {logging_mixin.py:149} INFO - [2023-08-12T03:33:40.845+0000] {dag.py:3486} INFO - Setting next_dagrun for example_external_task_marker_child to None, run_after=None
[2023-08-12T03:33:40.846+0000] {logging_mixin.py:149} INFO - [2023-08-12T03:33:40.846+0000] {dag.py:3486} INFO - Setting next_dagrun for example_external_task_marker_parent to None, run_after=None
[2023-08-12T03:33:40.852+0000] {processor.py:179} INFO - Processing /home/airflow/.local/lib/python3.10/site-packages/airflow/example_dags/example_external_task_marker_dag.py took 0.032 seconds
[2023-08-12T03:34:11.169+0000] {processor.py:157} INFO - Started process (PID=733) to work on /home/airflow/.local/lib/python3.10/site-packages/airflow/example_dags/example_external_task_marker_dag.py
[2023-08-12T03:34:11.169+0000] {processor.py:826} INFO - Processing file /home/airflow/.local/lib/python3.10/site-packages/airflow/example_dags/example_external_task_marker_dag.py for tasks to queue
[2023-08-12T03:34:11.170+0000] {logging_mixin.py:149} INFO - [2023-08-12T03:34:11.170+0000] {dagbag.py:541} INFO - Filling up the DagBag from /home/airflow/.local/lib/python3.10/site-packages/airflow/example_dags/example_external_task_marker_dag.py
[2023-08-12T03:34:11.172+0000] {processor.py:836} INFO - DAG(s) dict_keys(['example_external_task_marker_child', 'example_external_task_marker_parent']) retrieved from /home/airflow/.local/lib/python3.10/site-packages/airflow/example_dags/example_external_task_marker_dag.py
[2023-08-12T03:34:11.183+0000] {logging_mixin.py:149} INFO - [2023-08-12T03:34:11.183+0000] {dag.py:2726} INFO - Sync 2 DAGs
[2023-08-12T03:34:11.192+0000] {logging_mixin.py:149} INFO - [2023-08-12T03:34:11.192+0000] {dag.py:3486} INFO - Setting next_dagrun for example_external_task_marker_child to None, run_after=None
[2023-08-12T03:34:11.193+0000] {logging_mixin.py:149} INFO - [2023-08-12T03:34:11.193+0000] {dag.py:3486} INFO - Setting next_dagrun for example_external_task_marker_parent to None, run_after=None
[2023-08-12T03:34:11.199+0000] {processor.py:179} INFO - Processing /home/airflow/.local/lib/python3.10/site-packages/airflow/example_dags/example_external_task_marker_dag.py took 0.031 seconds
[2023-08-12T03:34:41.521+0000] {processor.py:157} INFO - Started process (PID=810) to work on /home/airflow/.local/lib/python3.10/site-packages/airflow/example_dags/example_external_task_marker_dag.py
[2023-08-12T03:34:41.521+0000] {processor.py:826} INFO - Processing file /home/airflow/.local/lib/python3.10/site-packages/airflow/example_dags/example_external_task_marker_dag.py for tasks to queue
[2023-08-12T03:34:41.522+0000] {logging_mixin.py:149} INFO - [2023-08-12T03:34:41.522+0000] {dagbag.py:541} INFO - Filling up the DagBag from /home/airflow/.local/lib/python3.10/site-packages/airflow/example_dags/example_external_task_marker_dag.py
[2023-08-12T03:34:41.524+0000] {processor.py:836} INFO - DAG(s) dict_keys(['example_external_task_marker_child', 'example_external_task_marker_parent']) retrieved from /home/airflow/.local/lib/python3.10/site-packages/airflow/example_dags/example_external_task_marker_dag.py
[2023-08-12T03:34:41.535+0000] {logging_mixin.py:149} INFO - [2023-08-12T03:34:41.535+0000] {dag.py:2726} INFO - Sync 2 DAGs
[2023-08-12T03:34:41.544+0000] {logging_mixin.py:149} INFO - [2023-08-12T03:34:41.544+0000] {dag.py:3486} INFO - Setting next_dagrun for example_external_task_marker_child to None, run_after=None
[2023-08-12T03:34:41.546+0000] {logging_mixin.py:149} INFO - [2023-08-12T03:34:41.546+0000] {dag.py:3486} INFO - Setting next_dagrun for example_external_task_marker_parent to None, run_after=None
[2023-08-12T03:34:41.552+0000] {processor.py:179} INFO - Processing /home/airflow/.local/lib/python3.10/site-packages/airflow/example_dags/example_external_task_marker_dag.py took 0.032 seconds
[2023-08-12T03:35:11.900+0000] {processor.py:157} INFO - Started process (PID=887) to work on /home/airflow/.local/lib/python3.10/site-packages/airflow/example_dags/example_external_task_marker_dag.py
[2023-08-12T03:35:11.900+0000] {processor.py:826} INFO - Processing file /home/airflow/.local/lib/python3.10/site-packages/airflow/example_dags/example_external_task_marker_dag.py for tasks to queue
[2023-08-12T03:35:11.900+0000] {logging_mixin.py:149} INFO - [2023-08-12T03:35:11.900+0000] {dagbag.py:541} INFO - Filling up the DagBag from /home/airflow/.local/lib/python3.10/site-packages/airflow/example_dags/example_external_task_marker_dag.py
[2023-08-12T03:35:11.903+0000] {processor.py:836} INFO - DAG(s) dict_keys(['example_external_task_marker_child', 'example_external_task_marker_parent']) retrieved from /home/airflow/.local/lib/python3.10/site-packages/airflow/example_dags/example_external_task_marker_dag.py
[2023-08-12T03:35:11.915+0000] {logging_mixin.py:149} INFO - [2023-08-12T03:35:11.915+0000] {dag.py:2726} INFO - Sync 2 DAGs
[2023-08-12T03:35:11.924+0000] {logging_mixin.py:149} INFO - [2023-08-12T03:35:11.924+0000] {dag.py:3486} INFO - Setting next_dagrun for example_external_task_marker_child to None, run_after=None
[2023-08-12T03:35:11.926+0000] {logging_mixin.py:149} INFO - [2023-08-12T03:35:11.926+0000] {dag.py:3486} INFO - Setting next_dagrun for example_external_task_marker_parent to None, run_after=None
[2023-08-12T03:35:11.932+0000] {processor.py:179} INFO - Processing /home/airflow/.local/lib/python3.10/site-packages/airflow/example_dags/example_external_task_marker_dag.py took 0.033 seconds
[2023-08-12T03:35:42.232+0000] {processor.py:157} INFO - Started process (PID=964) to work on /home/airflow/.local/lib/python3.10/site-packages/airflow/example_dags/example_external_task_marker_dag.py
[2023-08-12T03:35:42.233+0000] {processor.py:826} INFO - Processing file /home/airflow/.local/lib/python3.10/site-packages/airflow/example_dags/example_external_task_marker_dag.py for tasks to queue
[2023-08-12T03:35:42.233+0000] {logging_mixin.py:149} INFO - [2023-08-12T03:35:42.233+0000] {dagbag.py:541} INFO - Filling up the DagBag from /home/airflow/.local/lib/python3.10/site-packages/airflow/example_dags/example_external_task_marker_dag.py
[2023-08-12T03:35:42.235+0000] {processor.py:836} INFO - DAG(s) dict_keys(['example_external_task_marker_parent', 'example_external_task_marker_child']) retrieved from /home/airflow/.local/lib/python3.10/site-packages/airflow/example_dags/example_external_task_marker_dag.py
[2023-08-12T03:35:42.247+0000] {logging_mixin.py:149} INFO - [2023-08-12T03:35:42.247+0000] {dag.py:2726} INFO - Sync 2 DAGs
[2023-08-12T03:35:42.256+0000] {logging_mixin.py:149} INFO - [2023-08-12T03:35:42.256+0000] {dag.py:3486} INFO - Setting next_dagrun for example_external_task_marker_child to None, run_after=None
[2023-08-12T03:35:42.257+0000] {logging_mixin.py:149} INFO - [2023-08-12T03:35:42.257+0000] {dag.py:3486} INFO - Setting next_dagrun for example_external_task_marker_parent to None, run_after=None
[2023-08-12T03:35:42.264+0000] {processor.py:179} INFO - Processing /home/airflow/.local/lib/python3.10/site-packages/airflow/example_dags/example_external_task_marker_dag.py took 0.033 seconds
[2023-08-12T03:40:12.960+0000] {processor.py:157} INFO - Started process (PID=43) to work on /home/airflow/.local/lib/python3.10/site-packages/airflow/example_dags/example_external_task_marker_dag.py
[2023-08-12T03:40:12.961+0000] {processor.py:826} INFO - Processing file /home/airflow/.local/lib/python3.10/site-packages/airflow/example_dags/example_external_task_marker_dag.py for tasks to queue
[2023-08-12T03:40:12.961+0000] {logging_mixin.py:149} INFO - [2023-08-12T03:40:12.961+0000] {dagbag.py:541} INFO - Filling up the DagBag from /home/airflow/.local/lib/python3.10/site-packages/airflow/example_dags/example_external_task_marker_dag.py
[2023-08-12T03:40:12.964+0000] {processor.py:836} INFO - DAG(s) dict_keys(['example_external_task_marker_child', 'example_external_task_marker_parent']) retrieved from /home/airflow/.local/lib/python3.10/site-packages/airflow/example_dags/example_external_task_marker_dag.py
[2023-08-12T03:40:12.970+0000] {logging_mixin.py:149} INFO - [2023-08-12T03:40:12.970+0000] {dag.py:2726} INFO - Sync 2 DAGs
[2023-08-12T03:40:12.980+0000] {logging_mixin.py:149} INFO - [2023-08-12T03:40:12.980+0000] {dag.py:3486} INFO - Setting next_dagrun for example_external_task_marker_child to None, run_after=None
[2023-08-12T03:40:12.982+0000] {logging_mixin.py:149} INFO - [2023-08-12T03:40:12.982+0000] {dag.py:3486} INFO - Setting next_dagrun for example_external_task_marker_parent to None, run_after=None
[2023-08-12T03:40:12.988+0000] {processor.py:179} INFO - Processing /home/airflow/.local/lib/python3.10/site-packages/airflow/example_dags/example_external_task_marker_dag.py took 0.029 seconds
[2023-08-12T03:40:43.032+0000] {processor.py:157} INFO - Started process (PID=119) to work on /home/airflow/.local/lib/python3.10/site-packages/airflow/example_dags/example_external_task_marker_dag.py
[2023-08-12T03:40:43.033+0000] {processor.py:826} INFO - Processing file /home/airflow/.local/lib/python3.10/site-packages/airflow/example_dags/example_external_task_marker_dag.py for tasks to queue
[2023-08-12T03:40:43.033+0000] {logging_mixin.py:149} INFO - [2023-08-12T03:40:43.033+0000] {dagbag.py:541} INFO - Filling up the DagBag from /home/airflow/.local/lib/python3.10/site-packages/airflow/example_dags/example_external_task_marker_dag.py
[2023-08-12T03:40:43.035+0000] {processor.py:836} INFO - DAG(s) dict_keys(['example_external_task_marker_parent', 'example_external_task_marker_child']) retrieved from /home/airflow/.local/lib/python3.10/site-packages/airflow/example_dags/example_external_task_marker_dag.py
[2023-08-12T03:40:43.060+0000] {logging_mixin.py:149} INFO - [2023-08-12T03:40:43.060+0000] {dag.py:2726} INFO - Sync 2 DAGs
[2023-08-12T03:40:43.069+0000] {logging_mixin.py:149} INFO - [2023-08-12T03:40:43.069+0000] {dag.py:3486} INFO - Setting next_dagrun for example_external_task_marker_child to None, run_after=None
[2023-08-12T03:40:43.070+0000] {logging_mixin.py:149} INFO - [2023-08-12T03:40:43.070+0000] {dag.py:3486} INFO - Setting next_dagrun for example_external_task_marker_parent to None, run_after=None
[2023-08-12T03:40:43.077+0000] {processor.py:179} INFO - Processing /home/airflow/.local/lib/python3.10/site-packages/airflow/example_dags/example_external_task_marker_dag.py took 0.047 seconds
[2023-08-12T03:41:13.682+0000] {processor.py:157} INFO - Started process (PID=197) to work on /home/airflow/.local/lib/python3.10/site-packages/airflow/example_dags/example_external_task_marker_dag.py
[2023-08-12T03:41:13.682+0000] {processor.py:826} INFO - Processing file /home/airflow/.local/lib/python3.10/site-packages/airflow/example_dags/example_external_task_marker_dag.py for tasks to queue
[2023-08-12T03:41:13.683+0000] {logging_mixin.py:149} INFO - [2023-08-12T03:41:13.683+0000] {dagbag.py:541} INFO - Filling up the DagBag from /home/airflow/.local/lib/python3.10/site-packages/airflow/example_dags/example_external_task_marker_dag.py
[2023-08-12T03:41:13.685+0000] {processor.py:836} INFO - DAG(s) dict_keys(['example_external_task_marker_parent', 'example_external_task_marker_child']) retrieved from /home/airflow/.local/lib/python3.10/site-packages/airflow/example_dags/example_external_task_marker_dag.py
[2023-08-12T03:41:13.696+0000] {logging_mixin.py:149} INFO - [2023-08-12T03:41:13.696+0000] {dag.py:2726} INFO - Sync 2 DAGs
[2023-08-12T03:41:13.705+0000] {logging_mixin.py:149} INFO - [2023-08-12T03:41:13.705+0000] {dag.py:3486} INFO - Setting next_dagrun for example_external_task_marker_child to None, run_after=None
[2023-08-12T03:41:13.707+0000] {logging_mixin.py:149} INFO - [2023-08-12T03:41:13.707+0000] {dag.py:3486} INFO - Setting next_dagrun for example_external_task_marker_parent to None, run_after=None
[2023-08-12T03:41:13.713+0000] {processor.py:179} INFO - Processing /home/airflow/.local/lib/python3.10/site-packages/airflow/example_dags/example_external_task_marker_dag.py took 0.032 seconds
[2023-08-12T03:41:44.038+0000] {processor.py:157} INFO - Started process (PID=274) to work on /home/airflow/.local/lib/python3.10/site-packages/airflow/example_dags/example_external_task_marker_dag.py
[2023-08-12T03:41:44.039+0000] {processor.py:826} INFO - Processing file /home/airflow/.local/lib/python3.10/site-packages/airflow/example_dags/example_external_task_marker_dag.py for tasks to queue
[2023-08-12T03:41:44.039+0000] {logging_mixin.py:149} INFO - [2023-08-12T03:41:44.039+0000] {dagbag.py:541} INFO - Filling up the DagBag from /home/airflow/.local/lib/python3.10/site-packages/airflow/example_dags/example_external_task_marker_dag.py
[2023-08-12T03:41:44.041+0000] {processor.py:836} INFO - DAG(s) dict_keys(['example_external_task_marker_parent', 'example_external_task_marker_child']) retrieved from /home/airflow/.local/lib/python3.10/site-packages/airflow/example_dags/example_external_task_marker_dag.py
[2023-08-12T03:41:44.054+0000] {logging_mixin.py:149} INFO - [2023-08-12T03:41:44.053+0000] {dag.py:2726} INFO - Sync 2 DAGs
[2023-08-12T03:41:44.063+0000] {logging_mixin.py:149} INFO - [2023-08-12T03:41:44.063+0000] {dag.py:3486} INFO - Setting next_dagrun for example_external_task_marker_child to None, run_after=None
[2023-08-12T03:41:44.065+0000] {logging_mixin.py:149} INFO - [2023-08-12T03:41:44.064+0000] {dag.py:3486} INFO - Setting next_dagrun for example_external_task_marker_parent to None, run_after=None
[2023-08-12T03:41:44.070+0000] {processor.py:179} INFO - Processing /home/airflow/.local/lib/python3.10/site-packages/airflow/example_dags/example_external_task_marker_dag.py took 0.033 seconds
[2023-08-12T03:42:14.264+0000] {processor.py:157} INFO - Started process (PID=352) to work on /home/airflow/.local/lib/python3.10/site-packages/airflow/example_dags/example_external_task_marker_dag.py
[2023-08-12T03:42:14.264+0000] {processor.py:826} INFO - Processing file /home/airflow/.local/lib/python3.10/site-packages/airflow/example_dags/example_external_task_marker_dag.py for tasks to queue
[2023-08-12T03:42:14.264+0000] {logging_mixin.py:149} INFO - [2023-08-12T03:42:14.264+0000] {dagbag.py:541} INFO - Filling up the DagBag from /home/airflow/.local/lib/python3.10/site-packages/airflow/example_dags/example_external_task_marker_dag.py
[2023-08-12T03:42:14.267+0000] {processor.py:836} INFO - DAG(s) dict_keys(['example_external_task_marker_child', 'example_external_task_marker_parent']) retrieved from /home/airflow/.local/lib/python3.10/site-packages/airflow/example_dags/example_external_task_marker_dag.py
[2023-08-12T03:42:14.279+0000] {logging_mixin.py:149} INFO - [2023-08-12T03:42:14.279+0000] {dag.py:2726} INFO - Sync 2 DAGs
[2023-08-12T03:42:14.288+0000] {logging_mixin.py:149} INFO - [2023-08-12T03:42:14.288+0000] {dag.py:3486} INFO - Setting next_dagrun for example_external_task_marker_child to None, run_after=None
[2023-08-12T03:42:14.290+0000] {logging_mixin.py:149} INFO - [2023-08-12T03:42:14.290+0000] {dag.py:3486} INFO - Setting next_dagrun for example_external_task_marker_parent to None, run_after=None
[2023-08-12T03:42:14.296+0000] {processor.py:179} INFO - Processing /home/airflow/.local/lib/python3.10/site-packages/airflow/example_dags/example_external_task_marker_dag.py took 0.034 seconds
[2023-08-12T03:42:44.728+0000] {processor.py:157} INFO - Started process (PID=428) to work on /home/airflow/.local/lib/python3.10/site-packages/airflow/example_dags/example_external_task_marker_dag.py
[2023-08-12T03:42:44.728+0000] {processor.py:826} INFO - Processing file /home/airflow/.local/lib/python3.10/site-packages/airflow/example_dags/example_external_task_marker_dag.py for tasks to queue
[2023-08-12T03:42:44.729+0000] {logging_mixin.py:149} INFO - [2023-08-12T03:42:44.729+0000] {dagbag.py:541} INFO - Filling up the DagBag from /home/airflow/.local/lib/python3.10/site-packages/airflow/example_dags/example_external_task_marker_dag.py
[2023-08-12T03:42:44.731+0000] {processor.py:836} INFO - DAG(s) dict_keys(['example_external_task_marker_child', 'example_external_task_marker_parent']) retrieved from /home/airflow/.local/lib/python3.10/site-packages/airflow/example_dags/example_external_task_marker_dag.py
[2023-08-12T03:42:44.743+0000] {logging_mixin.py:149} INFO - [2023-08-12T03:42:44.743+0000] {dag.py:2726} INFO - Sync 2 DAGs
[2023-08-12T03:42:44.752+0000] {logging_mixin.py:149} INFO - [2023-08-12T03:42:44.752+0000] {dag.py:3486} INFO - Setting next_dagrun for example_external_task_marker_child to None, run_after=None
[2023-08-12T03:42:44.754+0000] {logging_mixin.py:149} INFO - [2023-08-12T03:42:44.754+0000] {dag.py:3486} INFO - Setting next_dagrun for example_external_task_marker_parent to None, run_after=None
[2023-08-12T03:42:44.760+0000] {processor.py:179} INFO - Processing /home/airflow/.local/lib/python3.10/site-packages/airflow/example_dags/example_external_task_marker_dag.py took 0.033 seconds
[2023-08-12T03:43:15.117+0000] {processor.py:157} INFO - Started process (PID=505) to work on /home/airflow/.local/lib/python3.10/site-packages/airflow/example_dags/example_external_task_marker_dag.py
[2023-08-12T03:43:15.117+0000] {processor.py:826} INFO - Processing file /home/airflow/.local/lib/python3.10/site-packages/airflow/example_dags/example_external_task_marker_dag.py for tasks to queue
[2023-08-12T03:43:15.118+0000] {logging_mixin.py:149} INFO - [2023-08-12T03:43:15.118+0000] {dagbag.py:541} INFO - Filling up the DagBag from /home/airflow/.local/lib/python3.10/site-packages/airflow/example_dags/example_external_task_marker_dag.py
[2023-08-12T03:43:15.120+0000] {processor.py:836} INFO - DAG(s) dict_keys(['example_external_task_marker_child', 'example_external_task_marker_parent']) retrieved from /home/airflow/.local/lib/python3.10/site-packages/airflow/example_dags/example_external_task_marker_dag.py
[2023-08-12T03:43:15.132+0000] {logging_mixin.py:149} INFO - [2023-08-12T03:43:15.131+0000] {dag.py:2726} INFO - Sync 2 DAGs
[2023-08-12T03:43:15.141+0000] {logging_mixin.py:149} INFO - [2023-08-12T03:43:15.141+0000] {dag.py:3486} INFO - Setting next_dagrun for example_external_task_marker_child to None, run_after=None
[2023-08-12T03:43:15.142+0000] {logging_mixin.py:149} INFO - [2023-08-12T03:43:15.142+0000] {dag.py:3486} INFO - Setting next_dagrun for example_external_task_marker_parent to None, run_after=None
[2023-08-12T03:43:15.148+0000] {processor.py:179} INFO - Processing /home/airflow/.local/lib/python3.10/site-packages/airflow/example_dags/example_external_task_marker_dag.py took 0.033 seconds
[2023-08-12T03:43:45.464+0000] {processor.py:157} INFO - Started process (PID=582) to work on /home/airflow/.local/lib/python3.10/site-packages/airflow/example_dags/example_external_task_marker_dag.py
[2023-08-12T03:43:45.464+0000] {processor.py:826} INFO - Processing file /home/airflow/.local/lib/python3.10/site-packages/airflow/example_dags/example_external_task_marker_dag.py for tasks to queue
[2023-08-12T03:43:45.464+0000] {logging_mixin.py:149} INFO - [2023-08-12T03:43:45.464+0000] {dagbag.py:541} INFO - Filling up the DagBag from /home/airflow/.local/lib/python3.10/site-packages/airflow/example_dags/example_external_task_marker_dag.py
[2023-08-12T03:43:45.467+0000] {processor.py:836} INFO - DAG(s) dict_keys(['example_external_task_marker_parent', 'example_external_task_marker_child']) retrieved from /home/airflow/.local/lib/python3.10/site-packages/airflow/example_dags/example_external_task_marker_dag.py
[2023-08-12T03:43:45.478+0000] {logging_mixin.py:149} INFO - [2023-08-12T03:43:45.478+0000] {dag.py:2726} INFO - Sync 2 DAGs
[2023-08-12T03:43:45.488+0000] {logging_mixin.py:149} INFO - [2023-08-12T03:43:45.488+0000] {dag.py:3486} INFO - Setting next_dagrun for example_external_task_marker_child to None, run_after=None
[2023-08-12T03:43:45.490+0000] {logging_mixin.py:149} INFO - [2023-08-12T03:43:45.490+0000] {dag.py:3486} INFO - Setting next_dagrun for example_external_task_marker_parent to None, run_after=None
[2023-08-12T03:43:45.496+0000] {processor.py:179} INFO - Processing /home/airflow/.local/lib/python3.10/site-packages/airflow/example_dags/example_external_task_marker_dag.py took 0.033 seconds
[2023-08-12T03:44:15.931+0000] {processor.py:157} INFO - Started process (PID=659) to work on /home/airflow/.local/lib/python3.10/site-packages/airflow/example_dags/example_external_task_marker_dag.py
[2023-08-12T03:44:15.931+0000] {processor.py:826} INFO - Processing file /home/airflow/.local/lib/python3.10/site-packages/airflow/example_dags/example_external_task_marker_dag.py for tasks to queue
[2023-08-12T03:44:15.931+0000] {logging_mixin.py:149} INFO - [2023-08-12T03:44:15.931+0000] {dagbag.py:541} INFO - Filling up the DagBag from /home/airflow/.local/lib/python3.10/site-packages/airflow/example_dags/example_external_task_marker_dag.py
[2023-08-12T03:44:15.933+0000] {processor.py:836} INFO - DAG(s) dict_keys(['example_external_task_marker_parent', 'example_external_task_marker_child']) retrieved from /home/airflow/.local/lib/python3.10/site-packages/airflow/example_dags/example_external_task_marker_dag.py
[2023-08-12T03:44:15.945+0000] {logging_mixin.py:149} INFO - [2023-08-12T03:44:15.945+0000] {dag.py:2726} INFO - Sync 2 DAGs
[2023-08-12T03:44:15.954+0000] {logging_mixin.py:149} INFO - [2023-08-12T03:44:15.954+0000] {dag.py:3486} INFO - Setting next_dagrun for example_external_task_marker_child to None, run_after=None
[2023-08-12T03:44:15.956+0000] {logging_mixin.py:149} INFO - [2023-08-12T03:44:15.955+0000] {dag.py:3486} INFO - Setting next_dagrun for example_external_task_marker_parent to None, run_after=None
[2023-08-12T03:44:15.962+0000] {processor.py:179} INFO - Processing /home/airflow/.local/lib/python3.10/site-packages/airflow/example_dags/example_external_task_marker_dag.py took 0.033 seconds
[2023-08-12T03:44:46.367+0000] {processor.py:157} INFO - Started process (PID=736) to work on /home/airflow/.local/lib/python3.10/site-packages/airflow/example_dags/example_external_task_marker_dag.py
[2023-08-12T03:44:46.367+0000] {processor.py:826} INFO - Processing file /home/airflow/.local/lib/python3.10/site-packages/airflow/example_dags/example_external_task_marker_dag.py for tasks to queue
[2023-08-12T03:44:46.367+0000] {logging_mixin.py:149} INFO - [2023-08-12T03:44:46.367+0000] {dagbag.py:541} INFO - Filling up the DagBag from /home/airflow/.local/lib/python3.10/site-packages/airflow/example_dags/example_external_task_marker_dag.py
[2023-08-12T03:44:46.370+0000] {processor.py:836} INFO - DAG(s) dict_keys(['example_external_task_marker_child', 'example_external_task_marker_parent']) retrieved from /home/airflow/.local/lib/python3.10/site-packages/airflow/example_dags/example_external_task_marker_dag.py
[2023-08-12T03:44:46.381+0000] {logging_mixin.py:149} INFO - [2023-08-12T03:44:46.381+0000] {dag.py:2726} INFO - Sync 2 DAGs
[2023-08-12T03:44:46.391+0000] {logging_mixin.py:149} INFO - [2023-08-12T03:44:46.391+0000] {dag.py:3486} INFO - Setting next_dagrun for example_external_task_marker_child to None, run_after=None
[2023-08-12T03:44:46.392+0000] {logging_mixin.py:149} INFO - [2023-08-12T03:44:46.392+0000] {dag.py:3486} INFO - Setting next_dagrun for example_external_task_marker_parent to None, run_after=None
[2023-08-12T03:44:46.399+0000] {processor.py:179} INFO - Processing /home/airflow/.local/lib/python3.10/site-packages/airflow/example_dags/example_external_task_marker_dag.py took 0.033 seconds
[2023-08-12T03:45:16.770+0000] {processor.py:157} INFO - Started process (PID=813) to work on /home/airflow/.local/lib/python3.10/site-packages/airflow/example_dags/example_external_task_marker_dag.py
[2023-08-12T03:45:16.771+0000] {processor.py:826} INFO - Processing file /home/airflow/.local/lib/python3.10/site-packages/airflow/example_dags/example_external_task_marker_dag.py for tasks to queue
[2023-08-12T03:45:16.771+0000] {logging_mixin.py:149} INFO - [2023-08-12T03:45:16.771+0000] {dagbag.py:541} INFO - Filling up the DagBag from /home/airflow/.local/lib/python3.10/site-packages/airflow/example_dags/example_external_task_marker_dag.py
[2023-08-12T03:45:16.773+0000] {processor.py:836} INFO - DAG(s) dict_keys(['example_external_task_marker_parent', 'example_external_task_marker_child']) retrieved from /home/airflow/.local/lib/python3.10/site-packages/airflow/example_dags/example_external_task_marker_dag.py
[2023-08-12T03:45:16.784+0000] {logging_mixin.py:149} INFO - [2023-08-12T03:45:16.784+0000] {dag.py:2726} INFO - Sync 2 DAGs
[2023-08-12T03:45:16.794+0000] {logging_mixin.py:149} INFO - [2023-08-12T03:45:16.794+0000] {dag.py:3486} INFO - Setting next_dagrun for example_external_task_marker_child to None, run_after=None
[2023-08-12T03:45:16.795+0000] {logging_mixin.py:149} INFO - [2023-08-12T03:45:16.795+0000] {dag.py:3486} INFO - Setting next_dagrun for example_external_task_marker_parent to None, run_after=None
[2023-08-12T03:45:16.801+0000] {processor.py:179} INFO - Processing /home/airflow/.local/lib/python3.10/site-packages/airflow/example_dags/example_external_task_marker_dag.py took 0.032 seconds
[2023-08-12T03:45:47.241+0000] {processor.py:157} INFO - Started process (PID=890) to work on /home/airflow/.local/lib/python3.10/site-packages/airflow/example_dags/example_external_task_marker_dag.py
[2023-08-12T03:45:47.241+0000] {processor.py:826} INFO - Processing file /home/airflow/.local/lib/python3.10/site-packages/airflow/example_dags/example_external_task_marker_dag.py for tasks to queue
[2023-08-12T03:45:47.241+0000] {logging_mixin.py:149} INFO - [2023-08-12T03:45:47.241+0000] {dagbag.py:541} INFO - Filling up the DagBag from /home/airflow/.local/lib/python3.10/site-packages/airflow/example_dags/example_external_task_marker_dag.py
[2023-08-12T03:45:47.244+0000] {processor.py:836} INFO - DAG(s) dict_keys(['example_external_task_marker_child', 'example_external_task_marker_parent']) retrieved from /home/airflow/.local/lib/python3.10/site-packages/airflow/example_dags/example_external_task_marker_dag.py
[2023-08-12T03:45:47.256+0000] {logging_mixin.py:149} INFO - [2023-08-12T03:45:47.255+0000] {dag.py:2726} INFO - Sync 2 DAGs
[2023-08-12T03:45:47.265+0000] {logging_mixin.py:149} INFO - [2023-08-12T03:45:47.265+0000] {dag.py:3486} INFO - Setting next_dagrun for example_external_task_marker_child to None, run_after=None
[2023-08-12T03:45:47.266+0000] {logging_mixin.py:149} INFO - [2023-08-12T03:45:47.266+0000] {dag.py:3486} INFO - Setting next_dagrun for example_external_task_marker_parent to None, run_after=None
[2023-08-12T03:45:47.272+0000] {processor.py:179} INFO - Processing /home/airflow/.local/lib/python3.10/site-packages/airflow/example_dags/example_external_task_marker_dag.py took 0.033 seconds
[2023-08-12T03:46:17.653+0000] {processor.py:157} INFO - Started process (PID=967) to work on /home/airflow/.local/lib/python3.10/site-packages/airflow/example_dags/example_external_task_marker_dag.py
[2023-08-12T03:46:17.654+0000] {processor.py:826} INFO - Processing file /home/airflow/.local/lib/python3.10/site-packages/airflow/example_dags/example_external_task_marker_dag.py for tasks to queue
[2023-08-12T03:46:17.654+0000] {logging_mixin.py:149} INFO - [2023-08-12T03:46:17.654+0000] {dagbag.py:541} INFO - Filling up the DagBag from /home/airflow/.local/lib/python3.10/site-packages/airflow/example_dags/example_external_task_marker_dag.py
[2023-08-12T03:46:17.656+0000] {processor.py:836} INFO - DAG(s) dict_keys(['example_external_task_marker_child', 'example_external_task_marker_parent']) retrieved from /home/airflow/.local/lib/python3.10/site-packages/airflow/example_dags/example_external_task_marker_dag.py
[2023-08-12T03:46:17.670+0000] {logging_mixin.py:149} INFO - [2023-08-12T03:46:17.669+0000] {dag.py:2726} INFO - Sync 2 DAGs
[2023-08-12T03:46:17.680+0000] {logging_mixin.py:149} INFO - [2023-08-12T03:46:17.680+0000] {dag.py:3486} INFO - Setting next_dagrun for example_external_task_marker_child to None, run_after=None
[2023-08-12T03:46:17.681+0000] {logging_mixin.py:149} INFO - [2023-08-12T03:46:17.681+0000] {dag.py:3486} INFO - Setting next_dagrun for example_external_task_marker_parent to None, run_after=None
[2023-08-12T03:46:17.688+0000] {processor.py:179} INFO - Processing /home/airflow/.local/lib/python3.10/site-packages/airflow/example_dags/example_external_task_marker_dag.py took 0.036 seconds
[2023-08-12T03:46:48.181+0000] {processor.py:157} INFO - Started process (PID=1044) to work on /home/airflow/.local/lib/python3.10/site-packages/airflow/example_dags/example_external_task_marker_dag.py
[2023-08-12T03:46:48.182+0000] {processor.py:826} INFO - Processing file /home/airflow/.local/lib/python3.10/site-packages/airflow/example_dags/example_external_task_marker_dag.py for tasks to queue
[2023-08-12T03:46:48.182+0000] {logging_mixin.py:149} INFO - [2023-08-12T03:46:48.182+0000] {dagbag.py:541} INFO - Filling up the DagBag from /home/airflow/.local/lib/python3.10/site-packages/airflow/example_dags/example_external_task_marker_dag.py
[2023-08-12T03:46:48.184+0000] {processor.py:836} INFO - DAG(s) dict_keys(['example_external_task_marker_parent', 'example_external_task_marker_child']) retrieved from /home/airflow/.local/lib/python3.10/site-packages/airflow/example_dags/example_external_task_marker_dag.py
[2023-08-12T03:46:48.196+0000] {logging_mixin.py:149} INFO - [2023-08-12T03:46:48.196+0000] {dag.py:2726} INFO - Sync 2 DAGs
[2023-08-12T03:46:48.206+0000] {logging_mixin.py:149} INFO - [2023-08-12T03:46:48.206+0000] {dag.py:3486} INFO - Setting next_dagrun for example_external_task_marker_child to None, run_after=None
[2023-08-12T03:46:48.207+0000] {logging_mixin.py:149} INFO - [2023-08-12T03:46:48.207+0000] {dag.py:3486} INFO - Setting next_dagrun for example_external_task_marker_parent to None, run_after=None
[2023-08-12T03:46:48.214+0000] {processor.py:179} INFO - Processing /home/airflow/.local/lib/python3.10/site-packages/airflow/example_dags/example_external_task_marker_dag.py took 0.034 seconds
[2023-08-12T03:47:18.541+0000] {processor.py:157} INFO - Started process (PID=1120) to work on /home/airflow/.local/lib/python3.10/site-packages/airflow/example_dags/example_external_task_marker_dag.py
[2023-08-12T03:47:18.541+0000] {processor.py:826} INFO - Processing file /home/airflow/.local/lib/python3.10/site-packages/airflow/example_dags/example_external_task_marker_dag.py for tasks to queue
[2023-08-12T03:47:18.542+0000] {logging_mixin.py:149} INFO - [2023-08-12T03:47:18.542+0000] {dagbag.py:541} INFO - Filling up the DagBag from /home/airflow/.local/lib/python3.10/site-packages/airflow/example_dags/example_external_task_marker_dag.py
[2023-08-12T03:47:18.544+0000] {processor.py:836} INFO - DAG(s) dict_keys(['example_external_task_marker_child', 'example_external_task_marker_parent']) retrieved from /home/airflow/.local/lib/python3.10/site-packages/airflow/example_dags/example_external_task_marker_dag.py
[2023-08-12T03:47:18.556+0000] {logging_mixin.py:149} INFO - [2023-08-12T03:47:18.556+0000] {dag.py:2726} INFO - Sync 2 DAGs
[2023-08-12T03:47:18.565+0000] {logging_mixin.py:149} INFO - [2023-08-12T03:47:18.565+0000] {dag.py:3486} INFO - Setting next_dagrun for example_external_task_marker_child to None, run_after=None
[2023-08-12T03:47:18.567+0000] {logging_mixin.py:149} INFO - [2023-08-12T03:47:18.567+0000] {dag.py:3486} INFO - Setting next_dagrun for example_external_task_marker_parent to None, run_after=None
[2023-08-12T03:47:18.573+0000] {processor.py:179} INFO - Processing /home/airflow/.local/lib/python3.10/site-packages/airflow/example_dags/example_external_task_marker_dag.py took 0.033 seconds
[2023-08-12T03:47:48.948+0000] {processor.py:157} INFO - Started process (PID=1197) to work on /home/airflow/.local/lib/python3.10/site-packages/airflow/example_dags/example_external_task_marker_dag.py
[2023-08-12T03:47:48.948+0000] {processor.py:826} INFO - Processing file /home/airflow/.local/lib/python3.10/site-packages/airflow/example_dags/example_external_task_marker_dag.py for tasks to queue
[2023-08-12T03:47:48.948+0000] {logging_mixin.py:149} INFO - [2023-08-12T03:47:48.948+0000] {dagbag.py:541} INFO - Filling up the DagBag from /home/airflow/.local/lib/python3.10/site-packages/airflow/example_dags/example_external_task_marker_dag.py
[2023-08-12T03:47:48.950+0000] {processor.py:836} INFO - DAG(s) dict_keys(['example_external_task_marker_child', 'example_external_task_marker_parent']) retrieved from /home/airflow/.local/lib/python3.10/site-packages/airflow/example_dags/example_external_task_marker_dag.py
[2023-08-12T03:47:48.961+0000] {logging_mixin.py:149} INFO - [2023-08-12T03:47:48.961+0000] {dag.py:2726} INFO - Sync 2 DAGs
[2023-08-12T03:47:48.971+0000] {logging_mixin.py:149} INFO - [2023-08-12T03:47:48.971+0000] {dag.py:3486} INFO - Setting next_dagrun for example_external_task_marker_child to None, run_after=None
[2023-08-12T03:47:48.972+0000] {logging_mixin.py:149} INFO - [2023-08-12T03:47:48.972+0000] {dag.py:3486} INFO - Setting next_dagrun for example_external_task_marker_parent to None, run_after=None
[2023-08-12T03:47:48.978+0000] {processor.py:179} INFO - Processing /home/airflow/.local/lib/python3.10/site-packages/airflow/example_dags/example_external_task_marker_dag.py took 0.032 seconds
[2023-08-12T03:48:19.263+0000] {processor.py:157} INFO - Started process (PID=1274) to work on /home/airflow/.local/lib/python3.10/site-packages/airflow/example_dags/example_external_task_marker_dag.py
[2023-08-12T03:48:19.263+0000] {processor.py:826} INFO - Processing file /home/airflow/.local/lib/python3.10/site-packages/airflow/example_dags/example_external_task_marker_dag.py for tasks to queue
[2023-08-12T03:48:19.264+0000] {logging_mixin.py:149} INFO - [2023-08-12T03:48:19.264+0000] {dagbag.py:541} INFO - Filling up the DagBag from /home/airflow/.local/lib/python3.10/site-packages/airflow/example_dags/example_external_task_marker_dag.py
[2023-08-12T03:48:19.266+0000] {processor.py:836} INFO - DAG(s) dict_keys(['example_external_task_marker_parent', 'example_external_task_marker_child']) retrieved from /home/airflow/.local/lib/python3.10/site-packages/airflow/example_dags/example_external_task_marker_dag.py
[2023-08-12T03:48:19.277+0000] {logging_mixin.py:149} INFO - [2023-08-12T03:48:19.277+0000] {dag.py:2726} INFO - Sync 2 DAGs
[2023-08-12T03:48:19.287+0000] {logging_mixin.py:149} INFO - [2023-08-12T03:48:19.287+0000] {dag.py:3486} INFO - Setting next_dagrun for example_external_task_marker_child to None, run_after=None
[2023-08-12T03:48:19.288+0000] {logging_mixin.py:149} INFO - [2023-08-12T03:48:19.288+0000] {dag.py:3486} INFO - Setting next_dagrun for example_external_task_marker_parent to None, run_after=None
[2023-08-12T03:48:19.294+0000] {processor.py:179} INFO - Processing /home/airflow/.local/lib/python3.10/site-packages/airflow/example_dags/example_external_task_marker_dag.py took 0.033 seconds
[2023-08-12T03:48:49.619+0000] {processor.py:157} INFO - Started process (PID=1351) to work on /home/airflow/.local/lib/python3.10/site-packages/airflow/example_dags/example_external_task_marker_dag.py
[2023-08-12T03:48:49.619+0000] {processor.py:826} INFO - Processing file /home/airflow/.local/lib/python3.10/site-packages/airflow/example_dags/example_external_task_marker_dag.py for tasks to queue
[2023-08-12T03:48:49.620+0000] {logging_mixin.py:149} INFO - [2023-08-12T03:48:49.620+0000] {dagbag.py:541} INFO - Filling up the DagBag from /home/airflow/.local/lib/python3.10/site-packages/airflow/example_dags/example_external_task_marker_dag.py
[2023-08-12T03:48:49.622+0000] {processor.py:836} INFO - DAG(s) dict_keys(['example_external_task_marker_parent', 'example_external_task_marker_child']) retrieved from /home/airflow/.local/lib/python3.10/site-packages/airflow/example_dags/example_external_task_marker_dag.py
[2023-08-12T03:48:49.633+0000] {logging_mixin.py:149} INFO - [2023-08-12T03:48:49.633+0000] {dag.py:2726} INFO - Sync 2 DAGs
[2023-08-12T03:48:49.643+0000] {logging_mixin.py:149} INFO - [2023-08-12T03:48:49.643+0000] {dag.py:3486} INFO - Setting next_dagrun for example_external_task_marker_child to None, run_after=None
[2023-08-12T03:48:49.644+0000] {logging_mixin.py:149} INFO - [2023-08-12T03:48:49.644+0000] {dag.py:3486} INFO - Setting next_dagrun for example_external_task_marker_parent to None, run_after=None
[2023-08-12T03:48:49.651+0000] {processor.py:179} INFO - Processing /home/airflow/.local/lib/python3.10/site-packages/airflow/example_dags/example_external_task_marker_dag.py took 0.033 seconds
[2023-08-12T03:49:20.003+0000] {processor.py:157} INFO - Started process (PID=1428) to work on /home/airflow/.local/lib/python3.10/site-packages/airflow/example_dags/example_external_task_marker_dag.py
[2023-08-12T03:49:20.003+0000] {processor.py:826} INFO - Processing file /home/airflow/.local/lib/python3.10/site-packages/airflow/example_dags/example_external_task_marker_dag.py for tasks to queue
[2023-08-12T03:49:20.004+0000] {logging_mixin.py:149} INFO - [2023-08-12T03:49:20.003+0000] {dagbag.py:541} INFO - Filling up the DagBag from /home/airflow/.local/lib/python3.10/site-packages/airflow/example_dags/example_external_task_marker_dag.py
[2023-08-12T03:49:20.006+0000] {processor.py:836} INFO - DAG(s) dict_keys(['example_external_task_marker_child', 'example_external_task_marker_parent']) retrieved from /home/airflow/.local/lib/python3.10/site-packages/airflow/example_dags/example_external_task_marker_dag.py
[2023-08-12T03:49:20.017+0000] {logging_mixin.py:149} INFO - [2023-08-12T03:49:20.017+0000] {dag.py:2726} INFO - Sync 2 DAGs
[2023-08-12T03:49:20.026+0000] {logging_mixin.py:149} INFO - [2023-08-12T03:49:20.026+0000] {dag.py:3486} INFO - Setting next_dagrun for example_external_task_marker_child to None, run_after=None
[2023-08-12T03:49:20.028+0000] {logging_mixin.py:149} INFO - [2023-08-12T03:49:20.028+0000] {dag.py:3486} INFO - Setting next_dagrun for example_external_task_marker_parent to None, run_after=None
[2023-08-12T03:49:20.034+0000] {processor.py:179} INFO - Processing /home/airflow/.local/lib/python3.10/site-packages/airflow/example_dags/example_external_task_marker_dag.py took 0.033 seconds
[2023-08-12T03:49:50.379+0000] {processor.py:157} INFO - Started process (PID=1505) to work on /home/airflow/.local/lib/python3.10/site-packages/airflow/example_dags/example_external_task_marker_dag.py
[2023-08-12T03:49:50.379+0000] {processor.py:826} INFO - Processing file /home/airflow/.local/lib/python3.10/site-packages/airflow/example_dags/example_external_task_marker_dag.py for tasks to queue
[2023-08-12T03:49:50.380+0000] {logging_mixin.py:149} INFO - [2023-08-12T03:49:50.380+0000] {dagbag.py:541} INFO - Filling up the DagBag from /home/airflow/.local/lib/python3.10/site-packages/airflow/example_dags/example_external_task_marker_dag.py
[2023-08-12T03:49:50.382+0000] {processor.py:836} INFO - DAG(s) dict_keys(['example_external_task_marker_child', 'example_external_task_marker_parent']) retrieved from /home/airflow/.local/lib/python3.10/site-packages/airflow/example_dags/example_external_task_marker_dag.py
[2023-08-12T03:49:50.393+0000] {logging_mixin.py:149} INFO - [2023-08-12T03:49:50.393+0000] {dag.py:2726} INFO - Sync 2 DAGs
[2023-08-12T03:49:50.403+0000] {logging_mixin.py:149} INFO - [2023-08-12T03:49:50.403+0000] {dag.py:3486} INFO - Setting next_dagrun for example_external_task_marker_child to None, run_after=None
[2023-08-12T03:49:50.404+0000] {logging_mixin.py:149} INFO - [2023-08-12T03:49:50.404+0000] {dag.py:3486} INFO - Setting next_dagrun for example_external_task_marker_parent to None, run_after=None
[2023-08-12T03:49:50.411+0000] {processor.py:179} INFO - Processing /home/airflow/.local/lib/python3.10/site-packages/airflow/example_dags/example_external_task_marker_dag.py took 0.033 seconds
[2023-08-12T03:50:20.708+0000] {processor.py:157} INFO - Started process (PID=1582) to work on /home/airflow/.local/lib/python3.10/site-packages/airflow/example_dags/example_external_task_marker_dag.py
[2023-08-12T03:50:20.709+0000] {processor.py:826} INFO - Processing file /home/airflow/.local/lib/python3.10/site-packages/airflow/example_dags/example_external_task_marker_dag.py for tasks to queue
[2023-08-12T03:50:20.709+0000] {logging_mixin.py:149} INFO - [2023-08-12T03:50:20.709+0000] {dagbag.py:541} INFO - Filling up the DagBag from /home/airflow/.local/lib/python3.10/site-packages/airflow/example_dags/example_external_task_marker_dag.py
[2023-08-12T03:50:20.711+0000] {processor.py:836} INFO - DAG(s) dict_keys(['example_external_task_marker_parent', 'example_external_task_marker_child']) retrieved from /home/airflow/.local/lib/python3.10/site-packages/airflow/example_dags/example_external_task_marker_dag.py
[2023-08-12T03:50:20.723+0000] {logging_mixin.py:149} INFO - [2023-08-12T03:50:20.722+0000] {dag.py:2726} INFO - Sync 2 DAGs
[2023-08-12T03:50:20.732+0000] {logging_mixin.py:149} INFO - [2023-08-12T03:50:20.732+0000] {dag.py:3486} INFO - Setting next_dagrun for example_external_task_marker_child to None, run_after=None
[2023-08-12T03:50:20.734+0000] {logging_mixin.py:149} INFO - [2023-08-12T03:50:20.734+0000] {dag.py:3486} INFO - Setting next_dagrun for example_external_task_marker_parent to None, run_after=None
[2023-08-12T03:50:20.740+0000] {processor.py:179} INFO - Processing /home/airflow/.local/lib/python3.10/site-packages/airflow/example_dags/example_external_task_marker_dag.py took 0.033 seconds
[2023-08-12T03:50:51.114+0000] {processor.py:157} INFO - Started process (PID=1659) to work on /home/airflow/.local/lib/python3.10/site-packages/airflow/example_dags/example_external_task_marker_dag.py
[2023-08-12T03:50:51.115+0000] {processor.py:826} INFO - Processing file /home/airflow/.local/lib/python3.10/site-packages/airflow/example_dags/example_external_task_marker_dag.py for tasks to queue
[2023-08-12T03:50:51.115+0000] {logging_mixin.py:149} INFO - [2023-08-12T03:50:51.115+0000] {dagbag.py:541} INFO - Filling up the DagBag from /home/airflow/.local/lib/python3.10/site-packages/airflow/example_dags/example_external_task_marker_dag.py
[2023-08-12T03:50:51.117+0000] {processor.py:836} INFO - DAG(s) dict_keys(['example_external_task_marker_parent', 'example_external_task_marker_child']) retrieved from /home/airflow/.local/lib/python3.10/site-packages/airflow/example_dags/example_external_task_marker_dag.py
[2023-08-12T03:50:51.129+0000] {logging_mixin.py:149} INFO - [2023-08-12T03:50:51.129+0000] {dag.py:2726} INFO - Sync 2 DAGs
[2023-08-12T03:50:51.138+0000] {logging_mixin.py:149} INFO - [2023-08-12T03:50:51.138+0000] {dag.py:3486} INFO - Setting next_dagrun for example_external_task_marker_child to None, run_after=None
[2023-08-12T03:50:51.139+0000] {logging_mixin.py:149} INFO - [2023-08-12T03:50:51.139+0000] {dag.py:3486} INFO - Setting next_dagrun for example_external_task_marker_parent to None, run_after=None
[2023-08-12T03:50:51.145+0000] {processor.py:179} INFO - Processing /home/airflow/.local/lib/python3.10/site-packages/airflow/example_dags/example_external_task_marker_dag.py took 0.032 seconds
[2023-08-12T03:51:21.532+0000] {processor.py:157} INFO - Started process (PID=1736) to work on /home/airflow/.local/lib/python3.10/site-packages/airflow/example_dags/example_external_task_marker_dag.py
[2023-08-12T03:51:21.533+0000] {processor.py:826} INFO - Processing file /home/airflow/.local/lib/python3.10/site-packages/airflow/example_dags/example_external_task_marker_dag.py for tasks to queue
[2023-08-12T03:51:21.533+0000] {logging_mixin.py:149} INFO - [2023-08-12T03:51:21.533+0000] {dagbag.py:541} INFO - Filling up the DagBag from /home/airflow/.local/lib/python3.10/site-packages/airflow/example_dags/example_external_task_marker_dag.py
[2023-08-12T03:51:21.535+0000] {processor.py:836} INFO - DAG(s) dict_keys(['example_external_task_marker_child', 'example_external_task_marker_parent']) retrieved from /home/airflow/.local/lib/python3.10/site-packages/airflow/example_dags/example_external_task_marker_dag.py
[2023-08-12T03:51:21.546+0000] {logging_mixin.py:149} INFO - [2023-08-12T03:51:21.546+0000] {dag.py:2726} INFO - Sync 2 DAGs
[2023-08-12T03:51:21.555+0000] {logging_mixin.py:149} INFO - [2023-08-12T03:51:21.555+0000] {dag.py:3486} INFO - Setting next_dagrun for example_external_task_marker_child to None, run_after=None
[2023-08-12T03:51:21.556+0000] {logging_mixin.py:149} INFO - [2023-08-12T03:51:21.556+0000] {dag.py:3486} INFO - Setting next_dagrun for example_external_task_marker_parent to None, run_after=None
[2023-08-12T03:51:21.563+0000] {processor.py:179} INFO - Processing /home/airflow/.local/lib/python3.10/site-packages/airflow/example_dags/example_external_task_marker_dag.py took 0.032 seconds
[2023-08-12T03:51:52.016+0000] {processor.py:157} INFO - Started process (PID=1813) to work on /home/airflow/.local/lib/python3.10/site-packages/airflow/example_dags/example_external_task_marker_dag.py
[2023-08-12T03:51:52.016+0000] {processor.py:826} INFO - Processing file /home/airflow/.local/lib/python3.10/site-packages/airflow/example_dags/example_external_task_marker_dag.py for tasks to queue
[2023-08-12T03:51:52.016+0000] {logging_mixin.py:149} INFO - [2023-08-12T03:51:52.016+0000] {dagbag.py:541} INFO - Filling up the DagBag from /home/airflow/.local/lib/python3.10/site-packages/airflow/example_dags/example_external_task_marker_dag.py
[2023-08-12T03:51:52.019+0000] {processor.py:836} INFO - DAG(s) dict_keys(['example_external_task_marker_child', 'example_external_task_marker_parent']) retrieved from /home/airflow/.local/lib/python3.10/site-packages/airflow/example_dags/example_external_task_marker_dag.py
[2023-08-12T03:51:52.030+0000] {logging_mixin.py:149} INFO - [2023-08-12T03:51:52.030+0000] {dag.py:2726} INFO - Sync 2 DAGs
[2023-08-12T03:51:52.040+0000] {logging_mixin.py:149} INFO - [2023-08-12T03:51:52.040+0000] {dag.py:3486} INFO - Setting next_dagrun for example_external_task_marker_child to None, run_after=None
[2023-08-12T03:51:52.041+0000] {logging_mixin.py:149} INFO - [2023-08-12T03:51:52.041+0000] {dag.py:3486} INFO - Setting next_dagrun for example_external_task_marker_parent to None, run_after=None
[2023-08-12T03:51:52.047+0000] {processor.py:179} INFO - Processing /home/airflow/.local/lib/python3.10/site-packages/airflow/example_dags/example_external_task_marker_dag.py took 0.033 seconds
[2023-08-12T03:52:22.477+0000] {processor.py:157} INFO - Started process (PID=1890) to work on /home/airflow/.local/lib/python3.10/site-packages/airflow/example_dags/example_external_task_marker_dag.py
[2023-08-12T03:52:22.478+0000] {processor.py:826} INFO - Processing file /home/airflow/.local/lib/python3.10/site-packages/airflow/example_dags/example_external_task_marker_dag.py for tasks to queue
[2023-08-12T03:52:22.478+0000] {logging_mixin.py:149} INFO - [2023-08-12T03:52:22.478+0000] {dagbag.py:541} INFO - Filling up the DagBag from /home/airflow/.local/lib/python3.10/site-packages/airflow/example_dags/example_external_task_marker_dag.py
[2023-08-12T03:52:22.480+0000] {processor.py:836} INFO - DAG(s) dict_keys(['example_external_task_marker_parent', 'example_external_task_marker_child']) retrieved from /home/airflow/.local/lib/python3.10/site-packages/airflow/example_dags/example_external_task_marker_dag.py
[2023-08-12T03:52:22.492+0000] {logging_mixin.py:149} INFO - [2023-08-12T03:52:22.491+0000] {dag.py:2726} INFO - Sync 2 DAGs
[2023-08-12T03:52:22.501+0000] {logging_mixin.py:149} INFO - [2023-08-12T03:52:22.501+0000] {dag.py:3486} INFO - Setting next_dagrun for example_external_task_marker_child to None, run_after=None
[2023-08-12T03:52:22.503+0000] {logging_mixin.py:149} INFO - [2023-08-12T03:52:22.503+0000] {dag.py:3486} INFO - Setting next_dagrun for example_external_task_marker_parent to None, run_after=None
[2023-08-12T03:52:22.509+0000] {processor.py:179} INFO - Processing /home/airflow/.local/lib/python3.10/site-packages/airflow/example_dags/example_external_task_marker_dag.py took 0.033 seconds
[2023-08-12T03:52:52.930+0000] {processor.py:157} INFO - Started process (PID=1967) to work on /home/airflow/.local/lib/python3.10/site-packages/airflow/example_dags/example_external_task_marker_dag.py
[2023-08-12T03:52:52.930+0000] {processor.py:826} INFO - Processing file /home/airflow/.local/lib/python3.10/site-packages/airflow/example_dags/example_external_task_marker_dag.py for tasks to queue
[2023-08-12T03:52:52.931+0000] {logging_mixin.py:149} INFO - [2023-08-12T03:52:52.931+0000] {dagbag.py:541} INFO - Filling up the DagBag from /home/airflow/.local/lib/python3.10/site-packages/airflow/example_dags/example_external_task_marker_dag.py
[2023-08-12T03:52:52.933+0000] {processor.py:836} INFO - DAG(s) dict_keys(['example_external_task_marker_child', 'example_external_task_marker_parent']) retrieved from /home/airflow/.local/lib/python3.10/site-packages/airflow/example_dags/example_external_task_marker_dag.py
[2023-08-12T03:52:52.944+0000] {logging_mixin.py:149} INFO - [2023-08-12T03:52:52.944+0000] {dag.py:2726} INFO - Sync 2 DAGs
[2023-08-12T03:52:52.954+0000] {logging_mixin.py:149} INFO - [2023-08-12T03:52:52.954+0000] {dag.py:3486} INFO - Setting next_dagrun for example_external_task_marker_child to None, run_after=None
[2023-08-12T03:52:52.955+0000] {logging_mixin.py:149} INFO - [2023-08-12T03:52:52.955+0000] {dag.py:3486} INFO - Setting next_dagrun for example_external_task_marker_parent to None, run_after=None
[2023-08-12T03:52:52.961+0000] {processor.py:179} INFO - Processing /home/airflow/.local/lib/python3.10/site-packages/airflow/example_dags/example_external_task_marker_dag.py took 0.033 seconds
[2023-08-12T03:53:23.481+0000] {processor.py:157} INFO - Started process (PID=2044) to work on /home/airflow/.local/lib/python3.10/site-packages/airflow/example_dags/example_external_task_marker_dag.py
[2023-08-12T03:53:23.482+0000] {processor.py:826} INFO - Processing file /home/airflow/.local/lib/python3.10/site-packages/airflow/example_dags/example_external_task_marker_dag.py for tasks to queue
[2023-08-12T03:53:23.482+0000] {logging_mixin.py:149} INFO - [2023-08-12T03:53:23.482+0000] {dagbag.py:541} INFO - Filling up the DagBag from /home/airflow/.local/lib/python3.10/site-packages/airflow/example_dags/example_external_task_marker_dag.py
[2023-08-12T03:53:23.484+0000] {processor.py:836} INFO - DAG(s) dict_keys(['example_external_task_marker_parent', 'example_external_task_marker_child']) retrieved from /home/airflow/.local/lib/python3.10/site-packages/airflow/example_dags/example_external_task_marker_dag.py
[2023-08-12T03:53:23.496+0000] {logging_mixin.py:149} INFO - [2023-08-12T03:53:23.496+0000] {dag.py:2726} INFO - Sync 2 DAGs
[2023-08-12T03:53:23.505+0000] {logging_mixin.py:149} INFO - [2023-08-12T03:53:23.505+0000] {dag.py:3486} INFO - Setting next_dagrun for example_external_task_marker_child to None, run_after=None
[2023-08-12T03:53:23.507+0000] {logging_mixin.py:149} INFO - [2023-08-12T03:53:23.507+0000] {dag.py:3486} INFO - Setting next_dagrun for example_external_task_marker_parent to None, run_after=None
[2023-08-12T03:53:23.513+0000] {processor.py:179} INFO - Processing /home/airflow/.local/lib/python3.10/site-packages/airflow/example_dags/example_external_task_marker_dag.py took 0.033 seconds
[2023-08-12T03:53:53.816+0000] {processor.py:157} INFO - Started process (PID=2121) to work on /home/airflow/.local/lib/python3.10/site-packages/airflow/example_dags/example_external_task_marker_dag.py
[2023-08-12T03:53:53.817+0000] {processor.py:826} INFO - Processing file /home/airflow/.local/lib/python3.10/site-packages/airflow/example_dags/example_external_task_marker_dag.py for tasks to queue
[2023-08-12T03:53:53.817+0000] {logging_mixin.py:149} INFO - [2023-08-12T03:53:53.817+0000] {dagbag.py:541} INFO - Filling up the DagBag from /home/airflow/.local/lib/python3.10/site-packages/airflow/example_dags/example_external_task_marker_dag.py
[2023-08-12T03:53:53.819+0000] {processor.py:836} INFO - DAG(s) dict_keys(['example_external_task_marker_parent', 'example_external_task_marker_child']) retrieved from /home/airflow/.local/lib/python3.10/site-packages/airflow/example_dags/example_external_task_marker_dag.py
[2023-08-12T03:53:53.831+0000] {logging_mixin.py:149} INFO - [2023-08-12T03:53:53.831+0000] {dag.py:2726} INFO - Sync 2 DAGs
[2023-08-12T03:53:53.841+0000] {logging_mixin.py:149} INFO - [2023-08-12T03:53:53.841+0000] {dag.py:3486} INFO - Setting next_dagrun for example_external_task_marker_child to None, run_after=None
[2023-08-12T03:53:53.842+0000] {logging_mixin.py:149} INFO - [2023-08-12T03:53:53.842+0000] {dag.py:3486} INFO - Setting next_dagrun for example_external_task_marker_parent to None, run_after=None
[2023-08-12T03:53:53.848+0000] {processor.py:179} INFO - Processing /home/airflow/.local/lib/python3.10/site-packages/airflow/example_dags/example_external_task_marker_dag.py took 0.033 seconds
[2023-08-12T03:54:24.095+0000] {processor.py:157} INFO - Started process (PID=2198) to work on /home/airflow/.local/lib/python3.10/site-packages/airflow/example_dags/example_external_task_marker_dag.py
[2023-08-12T03:54:24.096+0000] {processor.py:826} INFO - Processing file /home/airflow/.local/lib/python3.10/site-packages/airflow/example_dags/example_external_task_marker_dag.py for tasks to queue
[2023-08-12T03:54:24.096+0000] {logging_mixin.py:149} INFO - [2023-08-12T03:54:24.096+0000] {dagbag.py:541} INFO - Filling up the DagBag from /home/airflow/.local/lib/python3.10/site-packages/airflow/example_dags/example_external_task_marker_dag.py
[2023-08-12T03:54:24.098+0000] {processor.py:836} INFO - DAG(s) dict_keys(['example_external_task_marker_child', 'example_external_task_marker_parent']) retrieved from /home/airflow/.local/lib/python3.10/site-packages/airflow/example_dags/example_external_task_marker_dag.py
[2023-08-12T03:54:24.110+0000] {logging_mixin.py:149} INFO - [2023-08-12T03:54:24.109+0000] {dag.py:2726} INFO - Sync 2 DAGs
[2023-08-12T03:54:24.119+0000] {logging_mixin.py:149} INFO - [2023-08-12T03:54:24.119+0000] {dag.py:3486} INFO - Setting next_dagrun for example_external_task_marker_child to None, run_after=None
[2023-08-12T03:54:24.120+0000] {logging_mixin.py:149} INFO - [2023-08-12T03:54:24.120+0000] {dag.py:3486} INFO - Setting next_dagrun for example_external_task_marker_parent to None, run_after=None
[2023-08-12T03:54:24.127+0000] {processor.py:179} INFO - Processing /home/airflow/.local/lib/python3.10/site-packages/airflow/example_dags/example_external_task_marker_dag.py took 0.033 seconds
[2023-08-12T03:54:54.515+0000] {processor.py:157} INFO - Started process (PID=2276) to work on /home/airflow/.local/lib/python3.10/site-packages/airflow/example_dags/example_external_task_marker_dag.py
[2023-08-12T03:54:54.515+0000] {processor.py:826} INFO - Processing file /home/airflow/.local/lib/python3.10/site-packages/airflow/example_dags/example_external_task_marker_dag.py for tasks to queue
[2023-08-12T03:54:54.516+0000] {logging_mixin.py:149} INFO - [2023-08-12T03:54:54.515+0000] {dagbag.py:541} INFO - Filling up the DagBag from /home/airflow/.local/lib/python3.10/site-packages/airflow/example_dags/example_external_task_marker_dag.py
[2023-08-12T03:54:54.518+0000] {processor.py:836} INFO - DAG(s) dict_keys(['example_external_task_marker_child', 'example_external_task_marker_parent']) retrieved from /home/airflow/.local/lib/python3.10/site-packages/airflow/example_dags/example_external_task_marker_dag.py
[2023-08-12T03:54:54.529+0000] {logging_mixin.py:149} INFO - [2023-08-12T03:54:54.529+0000] {dag.py:2726} INFO - Sync 2 DAGs
[2023-08-12T03:54:54.539+0000] {logging_mixin.py:149} INFO - [2023-08-12T03:54:54.538+0000] {dag.py:3486} INFO - Setting next_dagrun for example_external_task_marker_child to None, run_after=None
[2023-08-12T03:54:54.540+0000] {logging_mixin.py:149} INFO - [2023-08-12T03:54:54.540+0000] {dag.py:3486} INFO - Setting next_dagrun for example_external_task_marker_parent to None, run_after=None
[2023-08-12T03:54:54.547+0000] {processor.py:179} INFO - Processing /home/airflow/.local/lib/python3.10/site-packages/airflow/example_dags/example_external_task_marker_dag.py took 0.033 seconds
[2023-08-12T03:55:24.881+0000] {processor.py:157} INFO - Started process (PID=2353) to work on /home/airflow/.local/lib/python3.10/site-packages/airflow/example_dags/example_external_task_marker_dag.py
[2023-08-12T03:55:24.881+0000] {processor.py:826} INFO - Processing file /home/airflow/.local/lib/python3.10/site-packages/airflow/example_dags/example_external_task_marker_dag.py for tasks to queue
[2023-08-12T03:55:24.881+0000] {logging_mixin.py:149} INFO - [2023-08-12T03:55:24.881+0000] {dagbag.py:541} INFO - Filling up the DagBag from /home/airflow/.local/lib/python3.10/site-packages/airflow/example_dags/example_external_task_marker_dag.py
[2023-08-12T03:55:24.883+0000] {processor.py:836} INFO - DAG(s) dict_keys(['example_external_task_marker_parent', 'example_external_task_marker_child']) retrieved from /home/airflow/.local/lib/python3.10/site-packages/airflow/example_dags/example_external_task_marker_dag.py
[2023-08-12T03:55:24.895+0000] {logging_mixin.py:149} INFO - [2023-08-12T03:55:24.894+0000] {dag.py:2726} INFO - Sync 2 DAGs
[2023-08-12T03:55:24.904+0000] {logging_mixin.py:149} INFO - [2023-08-12T03:55:24.904+0000] {dag.py:3486} INFO - Setting next_dagrun for example_external_task_marker_child to None, run_after=None
[2023-08-12T03:55:24.905+0000] {logging_mixin.py:149} INFO - [2023-08-12T03:55:24.905+0000] {dag.py:3486} INFO - Setting next_dagrun for example_external_task_marker_parent to None, run_after=None
[2023-08-12T03:55:24.911+0000] {processor.py:179} INFO - Processing /home/airflow/.local/lib/python3.10/site-packages/airflow/example_dags/example_external_task_marker_dag.py took 0.032 seconds
[2023-08-12T03:56:30.272+0000] {processor.py:157} INFO - Started process (PID=43) to work on /home/airflow/.local/lib/python3.10/site-packages/airflow/example_dags/example_external_task_marker_dag.py
[2023-08-12T03:56:30.272+0000] {processor.py:826} INFO - Processing file /home/airflow/.local/lib/python3.10/site-packages/airflow/example_dags/example_external_task_marker_dag.py for tasks to queue
[2023-08-12T03:56:30.272+0000] {logging_mixin.py:149} INFO - [2023-08-12T03:56:30.272+0000] {dagbag.py:541} INFO - Filling up the DagBag from /home/airflow/.local/lib/python3.10/site-packages/airflow/example_dags/example_external_task_marker_dag.py
[2023-08-12T03:56:30.276+0000] {processor.py:836} INFO - DAG(s) dict_keys(['example_external_task_marker_parent', 'example_external_task_marker_child']) retrieved from /home/airflow/.local/lib/python3.10/site-packages/airflow/example_dags/example_external_task_marker_dag.py
[2023-08-12T03:56:30.282+0000] {logging_mixin.py:149} INFO - [2023-08-12T03:56:30.282+0000] {dag.py:2726} INFO - Sync 2 DAGs
[2023-08-12T03:56:30.293+0000] {logging_mixin.py:149} INFO - [2023-08-12T03:56:30.293+0000] {dag.py:3486} INFO - Setting next_dagrun for example_external_task_marker_child to None, run_after=None
[2023-08-12T03:56:30.294+0000] {logging_mixin.py:149} INFO - [2023-08-12T03:56:30.294+0000] {dag.py:3486} INFO - Setting next_dagrun for example_external_task_marker_parent to None, run_after=None
[2023-08-12T03:56:30.300+0000] {processor.py:179} INFO - Processing /home/airflow/.local/lib/python3.10/site-packages/airflow/example_dags/example_external_task_marker_dag.py took 0.030 seconds
[2023-08-12T03:57:00.343+0000] {processor.py:157} INFO - Started process (PID=119) to work on /home/airflow/.local/lib/python3.10/site-packages/airflow/example_dags/example_external_task_marker_dag.py
[2023-08-12T03:57:00.344+0000] {processor.py:826} INFO - Processing file /home/airflow/.local/lib/python3.10/site-packages/airflow/example_dags/example_external_task_marker_dag.py for tasks to queue
[2023-08-12T03:57:00.344+0000] {logging_mixin.py:149} INFO - [2023-08-12T03:57:00.344+0000] {dagbag.py:541} INFO - Filling up the DagBag from /home/airflow/.local/lib/python3.10/site-packages/airflow/example_dags/example_external_task_marker_dag.py
[2023-08-12T03:57:00.346+0000] {processor.py:836} INFO - DAG(s) dict_keys(['example_external_task_marker_child', 'example_external_task_marker_parent']) retrieved from /home/airflow/.local/lib/python3.10/site-packages/airflow/example_dags/example_external_task_marker_dag.py
[2023-08-12T03:57:00.371+0000] {logging_mixin.py:149} INFO - [2023-08-12T03:57:00.371+0000] {dag.py:2726} INFO - Sync 2 DAGs
[2023-08-12T03:57:00.380+0000] {logging_mixin.py:149} INFO - [2023-08-12T03:57:00.380+0000] {dag.py:3486} INFO - Setting next_dagrun for example_external_task_marker_child to None, run_after=None
[2023-08-12T03:57:00.381+0000] {logging_mixin.py:149} INFO - [2023-08-12T03:57:00.381+0000] {dag.py:3486} INFO - Setting next_dagrun for example_external_task_marker_parent to None, run_after=None
[2023-08-12T03:57:00.388+0000] {processor.py:179} INFO - Processing /home/airflow/.local/lib/python3.10/site-packages/airflow/example_dags/example_external_task_marker_dag.py took 0.046 seconds
[2023-08-12T03:57:30.761+0000] {processor.py:157} INFO - Started process (PID=196) to work on /home/airflow/.local/lib/python3.10/site-packages/airflow/example_dags/example_external_task_marker_dag.py
[2023-08-12T03:57:30.761+0000] {processor.py:826} INFO - Processing file /home/airflow/.local/lib/python3.10/site-packages/airflow/example_dags/example_external_task_marker_dag.py for tasks to queue
[2023-08-12T03:57:30.761+0000] {logging_mixin.py:149} INFO - [2023-08-12T03:57:30.761+0000] {dagbag.py:541} INFO - Filling up the DagBag from /home/airflow/.local/lib/python3.10/site-packages/airflow/example_dags/example_external_task_marker_dag.py
[2023-08-12T03:57:30.764+0000] {processor.py:836} INFO - DAG(s) dict_keys(['example_external_task_marker_child', 'example_external_task_marker_parent']) retrieved from /home/airflow/.local/lib/python3.10/site-packages/airflow/example_dags/example_external_task_marker_dag.py
[2023-08-12T03:57:30.775+0000] {logging_mixin.py:149} INFO - [2023-08-12T03:57:30.775+0000] {dag.py:2726} INFO - Sync 2 DAGs
[2023-08-12T03:57:30.785+0000] {logging_mixin.py:149} INFO - [2023-08-12T03:57:30.785+0000] {dag.py:3486} INFO - Setting next_dagrun for example_external_task_marker_child to None, run_after=None
[2023-08-12T03:57:30.787+0000] {logging_mixin.py:149} INFO - [2023-08-12T03:57:30.787+0000] {dag.py:3486} INFO - Setting next_dagrun for example_external_task_marker_parent to None, run_after=None
[2023-08-12T03:57:30.793+0000] {processor.py:179} INFO - Processing /home/airflow/.local/lib/python3.10/site-packages/airflow/example_dags/example_external_task_marker_dag.py took 0.034 seconds
[2023-08-12T03:58:01.097+0000] {processor.py:157} INFO - Started process (PID=273) to work on /home/airflow/.local/lib/python3.10/site-packages/airflow/example_dags/example_external_task_marker_dag.py
[2023-08-12T03:58:01.097+0000] {processor.py:826} INFO - Processing file /home/airflow/.local/lib/python3.10/site-packages/airflow/example_dags/example_external_task_marker_dag.py for tasks to queue
[2023-08-12T03:58:01.097+0000] {logging_mixin.py:149} INFO - [2023-08-12T03:58:01.097+0000] {dagbag.py:541} INFO - Filling up the DagBag from /home/airflow/.local/lib/python3.10/site-packages/airflow/example_dags/example_external_task_marker_dag.py
[2023-08-12T03:58:01.100+0000] {processor.py:836} INFO - DAG(s) dict_keys(['example_external_task_marker_parent', 'example_external_task_marker_child']) retrieved from /home/airflow/.local/lib/python3.10/site-packages/airflow/example_dags/example_external_task_marker_dag.py
[2023-08-12T03:58:01.111+0000] {logging_mixin.py:149} INFO - [2023-08-12T03:58:01.111+0000] {dag.py:2726} INFO - Sync 2 DAGs
[2023-08-12T03:58:01.121+0000] {logging_mixin.py:149} INFO - [2023-08-12T03:58:01.121+0000] {dag.py:3486} INFO - Setting next_dagrun for example_external_task_marker_child to None, run_after=None
[2023-08-12T03:58:01.122+0000] {logging_mixin.py:149} INFO - [2023-08-12T03:58:01.122+0000] {dag.py:3486} INFO - Setting next_dagrun for example_external_task_marker_parent to None, run_after=None
[2023-08-12T03:58:01.128+0000] {processor.py:179} INFO - Processing /home/airflow/.local/lib/python3.10/site-packages/airflow/example_dags/example_external_task_marker_dag.py took 0.033 seconds
[2023-08-12T03:58:31.450+0000] {processor.py:157} INFO - Started process (PID=350) to work on /home/airflow/.local/lib/python3.10/site-packages/airflow/example_dags/example_external_task_marker_dag.py
[2023-08-12T03:58:31.450+0000] {processor.py:826} INFO - Processing file /home/airflow/.local/lib/python3.10/site-packages/airflow/example_dags/example_external_task_marker_dag.py for tasks to queue
[2023-08-12T03:58:31.451+0000] {logging_mixin.py:149} INFO - [2023-08-12T03:58:31.450+0000] {dagbag.py:541} INFO - Filling up the DagBag from /home/airflow/.local/lib/python3.10/site-packages/airflow/example_dags/example_external_task_marker_dag.py
[2023-08-12T03:58:31.453+0000] {processor.py:836} INFO - DAG(s) dict_keys(['example_external_task_marker_parent', 'example_external_task_marker_child']) retrieved from /home/airflow/.local/lib/python3.10/site-packages/airflow/example_dags/example_external_task_marker_dag.py
[2023-08-12T03:58:31.464+0000] {logging_mixin.py:149} INFO - [2023-08-12T03:58:31.464+0000] {dag.py:2726} INFO - Sync 2 DAGs
[2023-08-12T03:58:31.474+0000] {logging_mixin.py:149} INFO - [2023-08-12T03:58:31.474+0000] {dag.py:3486} INFO - Setting next_dagrun for example_external_task_marker_child to None, run_after=None
[2023-08-12T03:58:31.475+0000] {logging_mixin.py:149} INFO - [2023-08-12T03:58:31.475+0000] {dag.py:3486} INFO - Setting next_dagrun for example_external_task_marker_parent to None, run_after=None
[2023-08-12T03:58:31.482+0000] {processor.py:179} INFO - Processing /home/airflow/.local/lib/python3.10/site-packages/airflow/example_dags/example_external_task_marker_dag.py took 0.033 seconds
[2023-08-12T03:59:01.932+0000] {processor.py:157} INFO - Started process (PID=426) to work on /home/airflow/.local/lib/python3.10/site-packages/airflow/example_dags/example_external_task_marker_dag.py
[2023-08-12T03:59:01.933+0000] {processor.py:826} INFO - Processing file /home/airflow/.local/lib/python3.10/site-packages/airflow/example_dags/example_external_task_marker_dag.py for tasks to queue
[2023-08-12T03:59:01.933+0000] {logging_mixin.py:149} INFO - [2023-08-12T03:59:01.933+0000] {dagbag.py:541} INFO - Filling up the DagBag from /home/airflow/.local/lib/python3.10/site-packages/airflow/example_dags/example_external_task_marker_dag.py
[2023-08-12T03:59:01.935+0000] {processor.py:836} INFO - DAG(s) dict_keys(['example_external_task_marker_parent', 'example_external_task_marker_child']) retrieved from /home/airflow/.local/lib/python3.10/site-packages/airflow/example_dags/example_external_task_marker_dag.py
[2023-08-12T03:59:01.948+0000] {logging_mixin.py:149} INFO - [2023-08-12T03:59:01.948+0000] {dag.py:2726} INFO - Sync 2 DAGs
[2023-08-12T03:59:01.957+0000] {logging_mixin.py:149} INFO - [2023-08-12T03:59:01.957+0000] {dag.py:3486} INFO - Setting next_dagrun for example_external_task_marker_child to None, run_after=None
[2023-08-12T03:59:01.959+0000] {logging_mixin.py:149} INFO - [2023-08-12T03:59:01.959+0000] {dag.py:3486} INFO - Setting next_dagrun for example_external_task_marker_parent to None, run_after=None
[2023-08-12T03:59:01.965+0000] {processor.py:179} INFO - Processing /home/airflow/.local/lib/python3.10/site-packages/airflow/example_dags/example_external_task_marker_dag.py took 0.034 seconds
[2023-08-12T03:59:32.354+0000] {processor.py:157} INFO - Started process (PID=503) to work on /home/airflow/.local/lib/python3.10/site-packages/airflow/example_dags/example_external_task_marker_dag.py
[2023-08-12T03:59:32.354+0000] {processor.py:826} INFO - Processing file /home/airflow/.local/lib/python3.10/site-packages/airflow/example_dags/example_external_task_marker_dag.py for tasks to queue
[2023-08-12T03:59:32.354+0000] {logging_mixin.py:149} INFO - [2023-08-12T03:59:32.354+0000] {dagbag.py:541} INFO - Filling up the DagBag from /home/airflow/.local/lib/python3.10/site-packages/airflow/example_dags/example_external_task_marker_dag.py
[2023-08-12T03:59:32.357+0000] {processor.py:836} INFO - DAG(s) dict_keys(['example_external_task_marker_child', 'example_external_task_marker_parent']) retrieved from /home/airflow/.local/lib/python3.10/site-packages/airflow/example_dags/example_external_task_marker_dag.py
[2023-08-12T03:59:32.368+0000] {logging_mixin.py:149} INFO - [2023-08-12T03:59:32.368+0000] {dag.py:2726} INFO - Sync 2 DAGs
[2023-08-12T03:59:32.378+0000] {logging_mixin.py:149} INFO - [2023-08-12T03:59:32.378+0000] {dag.py:3486} INFO - Setting next_dagrun for example_external_task_marker_child to None, run_after=None
[2023-08-12T03:59:32.379+0000] {logging_mixin.py:149} INFO - [2023-08-12T03:59:32.379+0000] {dag.py:3486} INFO - Setting next_dagrun for example_external_task_marker_parent to None, run_after=None
[2023-08-12T03:59:32.385+0000] {processor.py:179} INFO - Processing /home/airflow/.local/lib/python3.10/site-packages/airflow/example_dags/example_external_task_marker_dag.py took 0.033 seconds
[2023-08-12T04:00:02.871+0000] {processor.py:157} INFO - Started process (PID=581) to work on /home/airflow/.local/lib/python3.10/site-packages/airflow/example_dags/example_external_task_marker_dag.py
[2023-08-12T04:00:02.871+0000] {processor.py:826} INFO - Processing file /home/airflow/.local/lib/python3.10/site-packages/airflow/example_dags/example_external_task_marker_dag.py for tasks to queue
[2023-08-12T04:00:02.871+0000] {logging_mixin.py:149} INFO - [2023-08-12T04:00:02.871+0000] {dagbag.py:541} INFO - Filling up the DagBag from /home/airflow/.local/lib/python3.10/site-packages/airflow/example_dags/example_external_task_marker_dag.py
[2023-08-12T04:00:02.874+0000] {processor.py:836} INFO - DAG(s) dict_keys(['example_external_task_marker_parent', 'example_external_task_marker_child']) retrieved from /home/airflow/.local/lib/python3.10/site-packages/airflow/example_dags/example_external_task_marker_dag.py
[2023-08-12T04:00:02.886+0000] {logging_mixin.py:149} INFO - [2023-08-12T04:00:02.886+0000] {dag.py:2726} INFO - Sync 2 DAGs
[2023-08-12T04:00:02.895+0000] {logging_mixin.py:149} INFO - [2023-08-12T04:00:02.895+0000] {dag.py:3486} INFO - Setting next_dagrun for example_external_task_marker_child to None, run_after=None
[2023-08-12T04:00:02.897+0000] {logging_mixin.py:149} INFO - [2023-08-12T04:00:02.897+0000] {dag.py:3486} INFO - Setting next_dagrun for example_external_task_marker_parent to None, run_after=None
[2023-08-12T04:00:02.903+0000] {processor.py:179} INFO - Processing /home/airflow/.local/lib/python3.10/site-packages/airflow/example_dags/example_external_task_marker_dag.py took 0.034 seconds
[2023-08-12T04:00:33.332+0000] {processor.py:157} INFO - Started process (PID=658) to work on /home/airflow/.local/lib/python3.10/site-packages/airflow/example_dags/example_external_task_marker_dag.py
[2023-08-12T04:00:33.333+0000] {processor.py:826} INFO - Processing file /home/airflow/.local/lib/python3.10/site-packages/airflow/example_dags/example_external_task_marker_dag.py for tasks to queue
[2023-08-12T04:00:33.333+0000] {logging_mixin.py:149} INFO - [2023-08-12T04:00:33.333+0000] {dagbag.py:541} INFO - Filling up the DagBag from /home/airflow/.local/lib/python3.10/site-packages/airflow/example_dags/example_external_task_marker_dag.py
[2023-08-12T04:00:33.335+0000] {processor.py:836} INFO - DAG(s) dict_keys(['example_external_task_marker_parent', 'example_external_task_marker_child']) retrieved from /home/airflow/.local/lib/python3.10/site-packages/airflow/example_dags/example_external_task_marker_dag.py
[2023-08-12T04:00:33.348+0000] {logging_mixin.py:149} INFO - [2023-08-12T04:00:33.348+0000] {dag.py:2726} INFO - Sync 2 DAGs
[2023-08-12T04:00:33.358+0000] {logging_mixin.py:149} INFO - [2023-08-12T04:00:33.357+0000] {dag.py:3486} INFO - Setting next_dagrun for example_external_task_marker_child to None, run_after=None
[2023-08-12T04:00:33.359+0000] {logging_mixin.py:149} INFO - [2023-08-12T04:00:33.359+0000] {dag.py:3486} INFO - Setting next_dagrun for example_external_task_marker_parent to None, run_after=None
[2023-08-12T04:00:33.366+0000] {processor.py:179} INFO - Processing /home/airflow/.local/lib/python3.10/site-packages/airflow/example_dags/example_external_task_marker_dag.py took 0.035 seconds
