[2023-08-12T04:24:25.410+0000] {processor.py:157} INFO - Started process (PID=61) to work on /home/airflow/.local/lib/python3.10/site-packages/airflow/example_dags/example_params_ui_tutorial.py
[2023-08-12T04:24:25.410+0000] {processor.py:826} INFO - Processing file /home/airflow/.local/lib/python3.10/site-packages/airflow/example_dags/example_params_ui_tutorial.py for tasks to queue
[2023-08-12T04:24:25.411+0000] {logging_mixin.py:149} INFO - [2023-08-12T04:24:25.410+0000] {dagbag.py:541} INFO - Filling up the DagBag from /home/airflow/.local/lib/python3.10/site-packages/airflow/example_dags/example_params_ui_tutorial.py
[2023-08-12T04:24:25.430+0000] {processor.py:836} INFO - DAG(s) dict_keys(['example_params_ui_tutorial']) retrieved from /home/airflow/.local/lib/python3.10/site-packages/airflow/example_dags/example_params_ui_tutorial.py
[2023-08-12T04:24:25.435+0000] {logging_mixin.py:149} INFO - [2023-08-12T04:24:25.435+0000] {dag.py:2726} INFO - Sync 1 DAGs
[2023-08-12T04:24:25.444+0000] {logging_mixin.py:149} INFO - [2023-08-12T04:24:25.444+0000] {dag.py:3486} INFO - Setting next_dagrun for example_params_ui_tutorial to None, run_after=None
[2023-08-12T04:24:25.451+0000] {processor.py:179} INFO - Processing /home/airflow/.local/lib/python3.10/site-packages/airflow/example_dags/example_params_ui_tutorial.py took 0.042 seconds
[2023-08-12T04:24:55.629+0000] {processor.py:157} INFO - Started process (PID=138) to work on /home/airflow/.local/lib/python3.10/site-packages/airflow/example_dags/example_params_ui_tutorial.py
[2023-08-12T04:24:55.630+0000] {processor.py:826} INFO - Processing file /home/airflow/.local/lib/python3.10/site-packages/airflow/example_dags/example_params_ui_tutorial.py for tasks to queue
[2023-08-12T04:24:55.630+0000] {logging_mixin.py:149} INFO - [2023-08-12T04:24:55.630+0000] {dagbag.py:541} INFO - Filling up the DagBag from /home/airflow/.local/lib/python3.10/site-packages/airflow/example_dags/example_params_ui_tutorial.py
[2023-08-12T04:24:55.649+0000] {processor.py:836} INFO - DAG(s) dict_keys(['example_params_ui_tutorial']) retrieved from /home/airflow/.local/lib/python3.10/site-packages/airflow/example_dags/example_params_ui_tutorial.py
[2023-08-12T04:24:55.678+0000] {logging_mixin.py:149} INFO - [2023-08-12T04:24:55.678+0000] {dag.py:2726} INFO - Sync 1 DAGs
[2023-08-12T04:24:55.687+0000] {logging_mixin.py:149} INFO - [2023-08-12T04:24:55.687+0000] {dag.py:3486} INFO - Setting next_dagrun for example_params_ui_tutorial to None, run_after=None
[2023-08-12T04:24:55.695+0000] {processor.py:179} INFO - Processing /home/airflow/.local/lib/python3.10/site-packages/airflow/example_dags/example_params_ui_tutorial.py took 0.067 seconds
[2023-08-12T04:25:25.984+0000] {processor.py:157} INFO - Started process (PID=215) to work on /home/airflow/.local/lib/python3.10/site-packages/airflow/example_dags/example_params_ui_tutorial.py
[2023-08-12T04:25:25.984+0000] {processor.py:826} INFO - Processing file /home/airflow/.local/lib/python3.10/site-packages/airflow/example_dags/example_params_ui_tutorial.py for tasks to queue
[2023-08-12T04:25:25.984+0000] {logging_mixin.py:149} INFO - [2023-08-12T04:25:25.984+0000] {dagbag.py:541} INFO - Filling up the DagBag from /home/airflow/.local/lib/python3.10/site-packages/airflow/example_dags/example_params_ui_tutorial.py
[2023-08-12T04:25:26.003+0000] {processor.py:836} INFO - DAG(s) dict_keys(['example_params_ui_tutorial']) retrieved from /home/airflow/.local/lib/python3.10/site-packages/airflow/example_dags/example_params_ui_tutorial.py
[2023-08-12T04:25:26.032+0000] {logging_mixin.py:149} INFO - [2023-08-12T04:25:26.032+0000] {dag.py:2726} INFO - Sync 1 DAGs
[2023-08-12T04:25:26.041+0000] {logging_mixin.py:149} INFO - [2023-08-12T04:25:26.041+0000] {dag.py:3486} INFO - Setting next_dagrun for example_params_ui_tutorial to None, run_after=None
[2023-08-12T04:25:26.048+0000] {processor.py:179} INFO - Processing /home/airflow/.local/lib/python3.10/site-packages/airflow/example_dags/example_params_ui_tutorial.py took 0.066 seconds
[2023-08-12T04:25:56.481+0000] {processor.py:157} INFO - Started process (PID=292) to work on /home/airflow/.local/lib/python3.10/site-packages/airflow/example_dags/example_params_ui_tutorial.py
[2023-08-12T04:25:56.482+0000] {processor.py:826} INFO - Processing file /home/airflow/.local/lib/python3.10/site-packages/airflow/example_dags/example_params_ui_tutorial.py for tasks to queue
[2023-08-12T04:25:56.482+0000] {logging_mixin.py:149} INFO - [2023-08-12T04:25:56.482+0000] {dagbag.py:541} INFO - Filling up the DagBag from /home/airflow/.local/lib/python3.10/site-packages/airflow/example_dags/example_params_ui_tutorial.py
[2023-08-12T04:25:56.501+0000] {processor.py:836} INFO - DAG(s) dict_keys(['example_params_ui_tutorial']) retrieved from /home/airflow/.local/lib/python3.10/site-packages/airflow/example_dags/example_params_ui_tutorial.py
[2023-08-12T04:25:56.532+0000] {logging_mixin.py:149} INFO - [2023-08-12T04:25:56.531+0000] {dag.py:2726} INFO - Sync 1 DAGs
[2023-08-12T04:25:56.542+0000] {logging_mixin.py:149} INFO - [2023-08-12T04:25:56.542+0000] {dag.py:3486} INFO - Setting next_dagrun for example_params_ui_tutorial to None, run_after=None
[2023-08-12T04:25:56.549+0000] {processor.py:179} INFO - Processing /home/airflow/.local/lib/python3.10/site-packages/airflow/example_dags/example_params_ui_tutorial.py took 0.070 seconds
[2023-08-12T04:26:26.876+0000] {processor.py:157} INFO - Started process (PID=368) to work on /home/airflow/.local/lib/python3.10/site-packages/airflow/example_dags/example_params_ui_tutorial.py
[2023-08-12T04:26:26.876+0000] {processor.py:826} INFO - Processing file /home/airflow/.local/lib/python3.10/site-packages/airflow/example_dags/example_params_ui_tutorial.py for tasks to queue
[2023-08-12T04:26:26.877+0000] {logging_mixin.py:149} INFO - [2023-08-12T04:26:26.876+0000] {dagbag.py:541} INFO - Filling up the DagBag from /home/airflow/.local/lib/python3.10/site-packages/airflow/example_dags/example_params_ui_tutorial.py
[2023-08-12T04:26:26.895+0000] {processor.py:836} INFO - DAG(s) dict_keys(['example_params_ui_tutorial']) retrieved from /home/airflow/.local/lib/python3.10/site-packages/airflow/example_dags/example_params_ui_tutorial.py
[2023-08-12T04:26:26.926+0000] {logging_mixin.py:149} INFO - [2023-08-12T04:26:26.926+0000] {dag.py:2726} INFO - Sync 1 DAGs
[2023-08-12T04:26:26.936+0000] {logging_mixin.py:149} INFO - [2023-08-12T04:26:26.936+0000] {dag.py:3486} INFO - Setting next_dagrun for example_params_ui_tutorial to None, run_after=None
[2023-08-12T04:26:26.943+0000] {processor.py:179} INFO - Processing /home/airflow/.local/lib/python3.10/site-packages/airflow/example_dags/example_params_ui_tutorial.py took 0.068 seconds
[2023-08-12T04:26:57.504+0000] {processor.py:157} INFO - Started process (PID=445) to work on /home/airflow/.local/lib/python3.10/site-packages/airflow/example_dags/example_params_ui_tutorial.py
[2023-08-12T04:26:57.504+0000] {processor.py:826} INFO - Processing file /home/airflow/.local/lib/python3.10/site-packages/airflow/example_dags/example_params_ui_tutorial.py for tasks to queue
[2023-08-12T04:26:57.504+0000] {logging_mixin.py:149} INFO - [2023-08-12T04:26:57.504+0000] {dagbag.py:541} INFO - Filling up the DagBag from /home/airflow/.local/lib/python3.10/site-packages/airflow/example_dags/example_params_ui_tutorial.py
[2023-08-12T04:26:57.527+0000] {processor.py:836} INFO - DAG(s) dict_keys(['example_params_ui_tutorial']) retrieved from /home/airflow/.local/lib/python3.10/site-packages/airflow/example_dags/example_params_ui_tutorial.py
[2023-08-12T04:26:57.559+0000] {logging_mixin.py:149} INFO - [2023-08-12T04:26:57.559+0000] {dag.py:2726} INFO - Sync 1 DAGs
[2023-08-12T04:26:57.568+0000] {logging_mixin.py:149} INFO - [2023-08-12T04:26:57.568+0000] {dag.py:3486} INFO - Setting next_dagrun for example_params_ui_tutorial to None, run_after=None
[2023-08-12T04:26:57.576+0000] {processor.py:179} INFO - Processing /home/airflow/.local/lib/python3.10/site-packages/airflow/example_dags/example_params_ui_tutorial.py took 0.074 seconds
[2023-08-12T04:27:28.002+0000] {processor.py:157} INFO - Started process (PID=522) to work on /home/airflow/.local/lib/python3.10/site-packages/airflow/example_dags/example_params_ui_tutorial.py
[2023-08-12T04:27:28.002+0000] {processor.py:826} INFO - Processing file /home/airflow/.local/lib/python3.10/site-packages/airflow/example_dags/example_params_ui_tutorial.py for tasks to queue
[2023-08-12T04:27:28.002+0000] {logging_mixin.py:149} INFO - [2023-08-12T04:27:28.002+0000] {dagbag.py:541} INFO - Filling up the DagBag from /home/airflow/.local/lib/python3.10/site-packages/airflow/example_dags/example_params_ui_tutorial.py
[2023-08-12T04:27:28.022+0000] {processor.py:836} INFO - DAG(s) dict_keys(['example_params_ui_tutorial']) retrieved from /home/airflow/.local/lib/python3.10/site-packages/airflow/example_dags/example_params_ui_tutorial.py
[2023-08-12T04:27:28.052+0000] {logging_mixin.py:149} INFO - [2023-08-12T04:27:28.052+0000] {dag.py:2726} INFO - Sync 1 DAGs
[2023-08-12T04:27:28.062+0000] {logging_mixin.py:149} INFO - [2023-08-12T04:27:28.062+0000] {dag.py:3486} INFO - Setting next_dagrun for example_params_ui_tutorial to None, run_after=None
[2023-08-12T04:27:28.069+0000] {processor.py:179} INFO - Processing /home/airflow/.local/lib/python3.10/site-packages/airflow/example_dags/example_params_ui_tutorial.py took 0.069 seconds
[2023-08-12T04:27:58.352+0000] {processor.py:157} INFO - Started process (PID=599) to work on /home/airflow/.local/lib/python3.10/site-packages/airflow/example_dags/example_params_ui_tutorial.py
[2023-08-12T04:27:58.353+0000] {processor.py:826} INFO - Processing file /home/airflow/.local/lib/python3.10/site-packages/airflow/example_dags/example_params_ui_tutorial.py for tasks to queue
[2023-08-12T04:27:58.353+0000] {logging_mixin.py:149} INFO - [2023-08-12T04:27:58.353+0000] {dagbag.py:541} INFO - Filling up the DagBag from /home/airflow/.local/lib/python3.10/site-packages/airflow/example_dags/example_params_ui_tutorial.py
[2023-08-12T04:27:58.372+0000] {processor.py:836} INFO - DAG(s) dict_keys(['example_params_ui_tutorial']) retrieved from /home/airflow/.local/lib/python3.10/site-packages/airflow/example_dags/example_params_ui_tutorial.py
[2023-08-12T04:27:58.402+0000] {logging_mixin.py:149} INFO - [2023-08-12T04:27:58.402+0000] {dag.py:2726} INFO - Sync 1 DAGs
[2023-08-12T04:27:58.411+0000] {logging_mixin.py:149} INFO - [2023-08-12T04:27:58.411+0000] {dag.py:3486} INFO - Setting next_dagrun for example_params_ui_tutorial to None, run_after=None
[2023-08-12T04:27:58.418+0000] {processor.py:179} INFO - Processing /home/airflow/.local/lib/python3.10/site-packages/airflow/example_dags/example_params_ui_tutorial.py took 0.067 seconds
[2023-08-12T04:28:28.800+0000] {processor.py:157} INFO - Started process (PID=676) to work on /home/airflow/.local/lib/python3.10/site-packages/airflow/example_dags/example_params_ui_tutorial.py
[2023-08-12T04:28:28.800+0000] {processor.py:826} INFO - Processing file /home/airflow/.local/lib/python3.10/site-packages/airflow/example_dags/example_params_ui_tutorial.py for tasks to queue
[2023-08-12T04:28:28.800+0000] {logging_mixin.py:149} INFO - [2023-08-12T04:28:28.800+0000] {dagbag.py:541} INFO - Filling up the DagBag from /home/airflow/.local/lib/python3.10/site-packages/airflow/example_dags/example_params_ui_tutorial.py
[2023-08-12T04:28:28.819+0000] {processor.py:836} INFO - DAG(s) dict_keys(['example_params_ui_tutorial']) retrieved from /home/airflow/.local/lib/python3.10/site-packages/airflow/example_dags/example_params_ui_tutorial.py
[2023-08-12T04:28:28.849+0000] {logging_mixin.py:149} INFO - [2023-08-12T04:28:28.849+0000] {dag.py:2726} INFO - Sync 1 DAGs
[2023-08-12T04:28:28.859+0000] {logging_mixin.py:149} INFO - [2023-08-12T04:28:28.859+0000] {dag.py:3486} INFO - Setting next_dagrun for example_params_ui_tutorial to None, run_after=None
[2023-08-12T04:28:28.866+0000] {processor.py:179} INFO - Processing /home/airflow/.local/lib/python3.10/site-packages/airflow/example_dags/example_params_ui_tutorial.py took 0.067 seconds
[2023-08-12T04:28:59.192+0000] {processor.py:157} INFO - Started process (PID=753) to work on /home/airflow/.local/lib/python3.10/site-packages/airflow/example_dags/example_params_ui_tutorial.py
[2023-08-12T04:28:59.192+0000] {processor.py:826} INFO - Processing file /home/airflow/.local/lib/python3.10/site-packages/airflow/example_dags/example_params_ui_tutorial.py for tasks to queue
[2023-08-12T04:28:59.193+0000] {logging_mixin.py:149} INFO - [2023-08-12T04:28:59.192+0000] {dagbag.py:541} INFO - Filling up the DagBag from /home/airflow/.local/lib/python3.10/site-packages/airflow/example_dags/example_params_ui_tutorial.py
[2023-08-12T04:28:59.212+0000] {processor.py:836} INFO - DAG(s) dict_keys(['example_params_ui_tutorial']) retrieved from /home/airflow/.local/lib/python3.10/site-packages/airflow/example_dags/example_params_ui_tutorial.py
[2023-08-12T04:28:59.241+0000] {logging_mixin.py:149} INFO - [2023-08-12T04:28:59.241+0000] {dag.py:2726} INFO - Sync 1 DAGs
[2023-08-12T04:28:59.251+0000] {logging_mixin.py:149} INFO - [2023-08-12T04:28:59.251+0000] {dag.py:3486} INFO - Setting next_dagrun for example_params_ui_tutorial to None, run_after=None
[2023-08-12T04:28:59.257+0000] {processor.py:179} INFO - Processing /home/airflow/.local/lib/python3.10/site-packages/airflow/example_dags/example_params_ui_tutorial.py took 0.067 seconds
[2023-08-12T04:29:29.649+0000] {processor.py:157} INFO - Started process (PID=829) to work on /home/airflow/.local/lib/python3.10/site-packages/airflow/example_dags/example_params_ui_tutorial.py
[2023-08-12T04:29:29.649+0000] {processor.py:826} INFO - Processing file /home/airflow/.local/lib/python3.10/site-packages/airflow/example_dags/example_params_ui_tutorial.py for tasks to queue
[2023-08-12T04:29:29.649+0000] {logging_mixin.py:149} INFO - [2023-08-12T04:29:29.649+0000] {dagbag.py:541} INFO - Filling up the DagBag from /home/airflow/.local/lib/python3.10/site-packages/airflow/example_dags/example_params_ui_tutorial.py
[2023-08-12T04:29:29.669+0000] {processor.py:836} INFO - DAG(s) dict_keys(['example_params_ui_tutorial']) retrieved from /home/airflow/.local/lib/python3.10/site-packages/airflow/example_dags/example_params_ui_tutorial.py
[2023-08-12T04:29:29.698+0000] {logging_mixin.py:149} INFO - [2023-08-12T04:29:29.698+0000] {dag.py:2726} INFO - Sync 1 DAGs
[2023-08-12T04:29:29.708+0000] {logging_mixin.py:149} INFO - [2023-08-12T04:29:29.707+0000] {dag.py:3486} INFO - Setting next_dagrun for example_params_ui_tutorial to None, run_after=None
[2023-08-12T04:29:29.715+0000] {processor.py:179} INFO - Processing /home/airflow/.local/lib/python3.10/site-packages/airflow/example_dags/example_params_ui_tutorial.py took 0.067 seconds
[2023-08-12T04:30:00.106+0000] {processor.py:157} INFO - Started process (PID=906) to work on /home/airflow/.local/lib/python3.10/site-packages/airflow/example_dags/example_params_ui_tutorial.py
[2023-08-12T04:30:00.106+0000] {processor.py:826} INFO - Processing file /home/airflow/.local/lib/python3.10/site-packages/airflow/example_dags/example_params_ui_tutorial.py for tasks to queue
[2023-08-12T04:30:00.107+0000] {logging_mixin.py:149} INFO - [2023-08-12T04:30:00.107+0000] {dagbag.py:541} INFO - Filling up the DagBag from /home/airflow/.local/lib/python3.10/site-packages/airflow/example_dags/example_params_ui_tutorial.py
[2023-08-12T04:30:00.126+0000] {processor.py:836} INFO - DAG(s) dict_keys(['example_params_ui_tutorial']) retrieved from /home/airflow/.local/lib/python3.10/site-packages/airflow/example_dags/example_params_ui_tutorial.py
[2023-08-12T04:30:00.155+0000] {logging_mixin.py:149} INFO - [2023-08-12T04:30:00.155+0000] {dag.py:2726} INFO - Sync 1 DAGs
[2023-08-12T04:30:00.164+0000] {logging_mixin.py:149} INFO - [2023-08-12T04:30:00.164+0000] {dag.py:3486} INFO - Setting next_dagrun for example_params_ui_tutorial to None, run_after=None
[2023-08-12T04:30:00.171+0000] {processor.py:179} INFO - Processing /home/airflow/.local/lib/python3.10/site-packages/airflow/example_dags/example_params_ui_tutorial.py took 0.066 seconds
[2023-08-12T04:30:30.580+0000] {processor.py:157} INFO - Started process (PID=983) to work on /home/airflow/.local/lib/python3.10/site-packages/airflow/example_dags/example_params_ui_tutorial.py
[2023-08-12T04:30:30.580+0000] {processor.py:826} INFO - Processing file /home/airflow/.local/lib/python3.10/site-packages/airflow/example_dags/example_params_ui_tutorial.py for tasks to queue
[2023-08-12T04:30:30.581+0000] {logging_mixin.py:149} INFO - [2023-08-12T04:30:30.581+0000] {dagbag.py:541} INFO - Filling up the DagBag from /home/airflow/.local/lib/python3.10/site-packages/airflow/example_dags/example_params_ui_tutorial.py
[2023-08-12T04:30:30.600+0000] {processor.py:836} INFO - DAG(s) dict_keys(['example_params_ui_tutorial']) retrieved from /home/airflow/.local/lib/python3.10/site-packages/airflow/example_dags/example_params_ui_tutorial.py
[2023-08-12T04:30:30.629+0000] {logging_mixin.py:149} INFO - [2023-08-12T04:30:30.628+0000] {dag.py:2726} INFO - Sync 1 DAGs
[2023-08-12T04:30:30.638+0000] {logging_mixin.py:149} INFO - [2023-08-12T04:30:30.638+0000] {dag.py:3486} INFO - Setting next_dagrun for example_params_ui_tutorial to None, run_after=None
[2023-08-12T04:30:30.645+0000] {processor.py:179} INFO - Processing /home/airflow/.local/lib/python3.10/site-packages/airflow/example_dags/example_params_ui_tutorial.py took 0.066 seconds
[2023-08-12T04:31:29.297+0000] {processor.py:157} INFO - Started process (PID=61) to work on /home/airflow/.local/lib/python3.10/site-packages/airflow/example_dags/example_params_ui_tutorial.py
[2023-08-12T04:31:29.298+0000] {processor.py:826} INFO - Processing file /home/airflow/.local/lib/python3.10/site-packages/airflow/example_dags/example_params_ui_tutorial.py for tasks to queue
[2023-08-12T04:31:29.298+0000] {logging_mixin.py:149} INFO - [2023-08-12T04:31:29.298+0000] {dagbag.py:541} INFO - Filling up the DagBag from /home/airflow/.local/lib/python3.10/site-packages/airflow/example_dags/example_params_ui_tutorial.py
[2023-08-12T04:31:29.318+0000] {processor.py:836} INFO - DAG(s) dict_keys(['example_params_ui_tutorial']) retrieved from /home/airflow/.local/lib/python3.10/site-packages/airflow/example_dags/example_params_ui_tutorial.py
[2023-08-12T04:31:29.324+0000] {logging_mixin.py:149} INFO - [2023-08-12T04:31:29.324+0000] {dag.py:2726} INFO - Sync 1 DAGs
[2023-08-12T04:31:29.335+0000] {logging_mixin.py:149} INFO - [2023-08-12T04:31:29.335+0000] {dag.py:3486} INFO - Setting next_dagrun for example_params_ui_tutorial to None, run_after=None
[2023-08-12T04:31:29.342+0000] {processor.py:179} INFO - Processing /home/airflow/.local/lib/python3.10/site-packages/airflow/example_dags/example_params_ui_tutorial.py took 0.046 seconds
[2023-08-12T04:31:59.456+0000] {processor.py:157} INFO - Started process (PID=137) to work on /home/airflow/.local/lib/python3.10/site-packages/airflow/example_dags/example_params_ui_tutorial.py
[2023-08-12T04:31:59.456+0000] {processor.py:826} INFO - Processing file /home/airflow/.local/lib/python3.10/site-packages/airflow/example_dags/example_params_ui_tutorial.py for tasks to queue
[2023-08-12T04:31:59.456+0000] {logging_mixin.py:149} INFO - [2023-08-12T04:31:59.456+0000] {dagbag.py:541} INFO - Filling up the DagBag from /home/airflow/.local/lib/python3.10/site-packages/airflow/example_dags/example_params_ui_tutorial.py
[2023-08-12T04:31:59.476+0000] {processor.py:836} INFO - DAG(s) dict_keys(['example_params_ui_tutorial']) retrieved from /home/airflow/.local/lib/python3.10/site-packages/airflow/example_dags/example_params_ui_tutorial.py
[2023-08-12T04:31:59.506+0000] {logging_mixin.py:149} INFO - [2023-08-12T04:31:59.506+0000] {dag.py:2726} INFO - Sync 1 DAGs
[2023-08-12T04:31:59.515+0000] {logging_mixin.py:149} INFO - [2023-08-12T04:31:59.515+0000] {dag.py:3486} INFO - Setting next_dagrun for example_params_ui_tutorial to None, run_after=None
[2023-08-12T04:31:59.523+0000] {processor.py:179} INFO - Processing /home/airflow/.local/lib/python3.10/site-packages/airflow/example_dags/example_params_ui_tutorial.py took 0.069 seconds
[2023-08-12T04:32:29.893+0000] {processor.py:157} INFO - Started process (PID=214) to work on /home/airflow/.local/lib/python3.10/site-packages/airflow/example_dags/example_params_ui_tutorial.py
[2023-08-12T04:32:29.893+0000] {processor.py:826} INFO - Processing file /home/airflow/.local/lib/python3.10/site-packages/airflow/example_dags/example_params_ui_tutorial.py for tasks to queue
[2023-08-12T04:32:29.893+0000] {logging_mixin.py:149} INFO - [2023-08-12T04:32:29.893+0000] {dagbag.py:541} INFO - Filling up the DagBag from /home/airflow/.local/lib/python3.10/site-packages/airflow/example_dags/example_params_ui_tutorial.py
[2023-08-12T04:32:29.913+0000] {processor.py:836} INFO - DAG(s) dict_keys(['example_params_ui_tutorial']) retrieved from /home/airflow/.local/lib/python3.10/site-packages/airflow/example_dags/example_params_ui_tutorial.py
[2023-08-12T04:32:29.942+0000] {logging_mixin.py:149} INFO - [2023-08-12T04:32:29.942+0000] {dag.py:2726} INFO - Sync 1 DAGs
[2023-08-12T04:32:29.952+0000] {logging_mixin.py:149} INFO - [2023-08-12T04:32:29.952+0000] {dag.py:3486} INFO - Setting next_dagrun for example_params_ui_tutorial to None, run_after=None
[2023-08-12T04:32:29.959+0000] {processor.py:179} INFO - Processing /home/airflow/.local/lib/python3.10/site-packages/airflow/example_dags/example_params_ui_tutorial.py took 0.068 seconds
[2023-08-12T04:33:00.155+0000] {processor.py:157} INFO - Started process (PID=291) to work on /home/airflow/.local/lib/python3.10/site-packages/airflow/example_dags/example_params_ui_tutorial.py
[2023-08-12T04:33:00.155+0000] {processor.py:826} INFO - Processing file /home/airflow/.local/lib/python3.10/site-packages/airflow/example_dags/example_params_ui_tutorial.py for tasks to queue
[2023-08-12T04:33:00.155+0000] {logging_mixin.py:149} INFO - [2023-08-12T04:33:00.155+0000] {dagbag.py:541} INFO - Filling up the DagBag from /home/airflow/.local/lib/python3.10/site-packages/airflow/example_dags/example_params_ui_tutorial.py
[2023-08-12T04:33:00.175+0000] {processor.py:836} INFO - DAG(s) dict_keys(['example_params_ui_tutorial']) retrieved from /home/airflow/.local/lib/python3.10/site-packages/airflow/example_dags/example_params_ui_tutorial.py
[2023-08-12T04:33:00.205+0000] {logging_mixin.py:149} INFO - [2023-08-12T04:33:00.205+0000] {dag.py:2726} INFO - Sync 1 DAGs
[2023-08-12T04:33:00.215+0000] {logging_mixin.py:149} INFO - [2023-08-12T04:33:00.215+0000] {dag.py:3486} INFO - Setting next_dagrun for example_params_ui_tutorial to None, run_after=None
[2023-08-12T04:33:00.222+0000] {processor.py:179} INFO - Processing /home/airflow/.local/lib/python3.10/site-packages/airflow/example_dags/example_params_ui_tutorial.py took 0.069 seconds
[2023-08-12T04:33:30.530+0000] {processor.py:157} INFO - Started process (PID=367) to work on /home/airflow/.local/lib/python3.10/site-packages/airflow/example_dags/example_params_ui_tutorial.py
[2023-08-12T04:33:30.530+0000] {processor.py:826} INFO - Processing file /home/airflow/.local/lib/python3.10/site-packages/airflow/example_dags/example_params_ui_tutorial.py for tasks to queue
[2023-08-12T04:33:30.530+0000] {logging_mixin.py:149} INFO - [2023-08-12T04:33:30.530+0000] {dagbag.py:541} INFO - Filling up the DagBag from /home/airflow/.local/lib/python3.10/site-packages/airflow/example_dags/example_params_ui_tutorial.py
[2023-08-12T04:33:30.550+0000] {processor.py:836} INFO - DAG(s) dict_keys(['example_params_ui_tutorial']) retrieved from /home/airflow/.local/lib/python3.10/site-packages/airflow/example_dags/example_params_ui_tutorial.py
[2023-08-12T04:33:30.580+0000] {logging_mixin.py:149} INFO - [2023-08-12T04:33:30.580+0000] {dag.py:2726} INFO - Sync 1 DAGs
[2023-08-12T04:33:30.590+0000] {logging_mixin.py:149} INFO - [2023-08-12T04:33:30.590+0000] {dag.py:3486} INFO - Setting next_dagrun for example_params_ui_tutorial to None, run_after=None
[2023-08-12T04:33:30.597+0000] {processor.py:179} INFO - Processing /home/airflow/.local/lib/python3.10/site-packages/airflow/example_dags/example_params_ui_tutorial.py took 0.068 seconds
[2023-08-12T04:34:01.042+0000] {processor.py:157} INFO - Started process (PID=444) to work on /home/airflow/.local/lib/python3.10/site-packages/airflow/example_dags/example_params_ui_tutorial.py
[2023-08-12T04:34:01.042+0000] {processor.py:826} INFO - Processing file /home/airflow/.local/lib/python3.10/site-packages/airflow/example_dags/example_params_ui_tutorial.py for tasks to queue
[2023-08-12T04:34:01.042+0000] {logging_mixin.py:149} INFO - [2023-08-12T04:34:01.042+0000] {dagbag.py:541} INFO - Filling up the DagBag from /home/airflow/.local/lib/python3.10/site-packages/airflow/example_dags/example_params_ui_tutorial.py
[2023-08-12T04:34:01.062+0000] {processor.py:836} INFO - DAG(s) dict_keys(['example_params_ui_tutorial']) retrieved from /home/airflow/.local/lib/python3.10/site-packages/airflow/example_dags/example_params_ui_tutorial.py
[2023-08-12T04:34:01.092+0000] {logging_mixin.py:149} INFO - [2023-08-12T04:34:01.092+0000] {dag.py:2726} INFO - Sync 1 DAGs
[2023-08-12T04:34:01.102+0000] {logging_mixin.py:149} INFO - [2023-08-12T04:34:01.102+0000] {dag.py:3486} INFO - Setting next_dagrun for example_params_ui_tutorial to None, run_after=None
[2023-08-12T04:34:01.110+0000] {processor.py:179} INFO - Processing /home/airflow/.local/lib/python3.10/site-packages/airflow/example_dags/example_params_ui_tutorial.py took 0.069 seconds
[2023-08-12T04:34:31.518+0000] {processor.py:157} INFO - Started process (PID=521) to work on /home/airflow/.local/lib/python3.10/site-packages/airflow/example_dags/example_params_ui_tutorial.py
[2023-08-12T04:34:31.519+0000] {processor.py:826} INFO - Processing file /home/airflow/.local/lib/python3.10/site-packages/airflow/example_dags/example_params_ui_tutorial.py for tasks to queue
[2023-08-12T04:34:31.519+0000] {logging_mixin.py:149} INFO - [2023-08-12T04:34:31.519+0000] {dagbag.py:541} INFO - Filling up the DagBag from /home/airflow/.local/lib/python3.10/site-packages/airflow/example_dags/example_params_ui_tutorial.py
[2023-08-12T04:34:31.538+0000] {processor.py:836} INFO - DAG(s) dict_keys(['example_params_ui_tutorial']) retrieved from /home/airflow/.local/lib/python3.10/site-packages/airflow/example_dags/example_params_ui_tutorial.py
[2023-08-12T04:34:31.567+0000] {logging_mixin.py:149} INFO - [2023-08-12T04:34:31.567+0000] {dag.py:2726} INFO - Sync 1 DAGs
[2023-08-12T04:34:31.578+0000] {logging_mixin.py:149} INFO - [2023-08-12T04:34:31.577+0000] {dag.py:3486} INFO - Setting next_dagrun for example_params_ui_tutorial to None, run_after=None
[2023-08-12T04:34:31.585+0000] {processor.py:179} INFO - Processing /home/airflow/.local/lib/python3.10/site-packages/airflow/example_dags/example_params_ui_tutorial.py took 0.068 seconds
[2023-08-12T04:35:02.089+0000] {processor.py:157} INFO - Started process (PID=598) to work on /home/airflow/.local/lib/python3.10/site-packages/airflow/example_dags/example_params_ui_tutorial.py
[2023-08-12T04:35:02.089+0000] {processor.py:826} INFO - Processing file /home/airflow/.local/lib/python3.10/site-packages/airflow/example_dags/example_params_ui_tutorial.py for tasks to queue
[2023-08-12T04:35:02.090+0000] {logging_mixin.py:149} INFO - [2023-08-12T04:35:02.090+0000] {dagbag.py:541} INFO - Filling up the DagBag from /home/airflow/.local/lib/python3.10/site-packages/airflow/example_dags/example_params_ui_tutorial.py
[2023-08-12T04:35:02.109+0000] {processor.py:836} INFO - DAG(s) dict_keys(['example_params_ui_tutorial']) retrieved from /home/airflow/.local/lib/python3.10/site-packages/airflow/example_dags/example_params_ui_tutorial.py
[2023-08-12T04:35:02.140+0000] {logging_mixin.py:149} INFO - [2023-08-12T04:35:02.140+0000] {dag.py:2726} INFO - Sync 1 DAGs
[2023-08-12T04:35:02.150+0000] {logging_mixin.py:149} INFO - [2023-08-12T04:35:02.150+0000] {dag.py:3486} INFO - Setting next_dagrun for example_params_ui_tutorial to None, run_after=None
[2023-08-12T04:35:02.158+0000] {processor.py:179} INFO - Processing /home/airflow/.local/lib/python3.10/site-packages/airflow/example_dags/example_params_ui_tutorial.py took 0.070 seconds
[2023-08-12T04:35:32.443+0000] {processor.py:157} INFO - Started process (PID=676) to work on /home/airflow/.local/lib/python3.10/site-packages/airflow/example_dags/example_params_ui_tutorial.py
[2023-08-12T04:35:32.443+0000] {processor.py:826} INFO - Processing file /home/airflow/.local/lib/python3.10/site-packages/airflow/example_dags/example_params_ui_tutorial.py for tasks to queue
[2023-08-12T04:35:32.444+0000] {logging_mixin.py:149} INFO - [2023-08-12T04:35:32.444+0000] {dagbag.py:541} INFO - Filling up the DagBag from /home/airflow/.local/lib/python3.10/site-packages/airflow/example_dags/example_params_ui_tutorial.py
[2023-08-12T04:35:32.463+0000] {processor.py:836} INFO - DAG(s) dict_keys(['example_params_ui_tutorial']) retrieved from /home/airflow/.local/lib/python3.10/site-packages/airflow/example_dags/example_params_ui_tutorial.py
[2023-08-12T04:35:32.493+0000] {logging_mixin.py:149} INFO - [2023-08-12T04:35:32.493+0000] {dag.py:2726} INFO - Sync 1 DAGs
[2023-08-12T04:35:32.503+0000] {logging_mixin.py:149} INFO - [2023-08-12T04:35:32.503+0000] {dag.py:3486} INFO - Setting next_dagrun for example_params_ui_tutorial to None, run_after=None
[2023-08-12T04:35:32.510+0000] {processor.py:179} INFO - Processing /home/airflow/.local/lib/python3.10/site-packages/airflow/example_dags/example_params_ui_tutorial.py took 0.068 seconds
[2023-08-12T04:36:02.797+0000] {processor.py:157} INFO - Started process (PID=753) to work on /home/airflow/.local/lib/python3.10/site-packages/airflow/example_dags/example_params_ui_tutorial.py
[2023-08-12T04:36:02.797+0000] {processor.py:826} INFO - Processing file /home/airflow/.local/lib/python3.10/site-packages/airflow/example_dags/example_params_ui_tutorial.py for tasks to queue
[2023-08-12T04:36:02.797+0000] {logging_mixin.py:149} INFO - [2023-08-12T04:36:02.797+0000] {dagbag.py:541} INFO - Filling up the DagBag from /home/airflow/.local/lib/python3.10/site-packages/airflow/example_dags/example_params_ui_tutorial.py
[2023-08-12T04:36:02.817+0000] {processor.py:836} INFO - DAG(s) dict_keys(['example_params_ui_tutorial']) retrieved from /home/airflow/.local/lib/python3.10/site-packages/airflow/example_dags/example_params_ui_tutorial.py
[2023-08-12T04:36:02.847+0000] {logging_mixin.py:149} INFO - [2023-08-12T04:36:02.847+0000] {dag.py:2726} INFO - Sync 1 DAGs
[2023-08-12T04:36:02.857+0000] {logging_mixin.py:149} INFO - [2023-08-12T04:36:02.857+0000] {dag.py:3486} INFO - Setting next_dagrun for example_params_ui_tutorial to None, run_after=None
[2023-08-12T04:36:02.865+0000] {processor.py:179} INFO - Processing /home/airflow/.local/lib/python3.10/site-packages/airflow/example_dags/example_params_ui_tutorial.py took 0.069 seconds
[2023-08-12T04:36:33.259+0000] {processor.py:157} INFO - Started process (PID=829) to work on /home/airflow/.local/lib/python3.10/site-packages/airflow/example_dags/example_params_ui_tutorial.py
[2023-08-12T04:36:33.259+0000] {processor.py:826} INFO - Processing file /home/airflow/.local/lib/python3.10/site-packages/airflow/example_dags/example_params_ui_tutorial.py for tasks to queue
[2023-08-12T04:36:33.259+0000] {logging_mixin.py:149} INFO - [2023-08-12T04:36:33.259+0000] {dagbag.py:541} INFO - Filling up the DagBag from /home/airflow/.local/lib/python3.10/site-packages/airflow/example_dags/example_params_ui_tutorial.py
[2023-08-12T04:36:33.279+0000] {processor.py:836} INFO - DAG(s) dict_keys(['example_params_ui_tutorial']) retrieved from /home/airflow/.local/lib/python3.10/site-packages/airflow/example_dags/example_params_ui_tutorial.py
[2023-08-12T04:36:33.308+0000] {logging_mixin.py:149} INFO - [2023-08-12T04:36:33.308+0000] {dag.py:2726} INFO - Sync 1 DAGs
[2023-08-12T04:36:33.318+0000] {logging_mixin.py:149} INFO - [2023-08-12T04:36:33.318+0000] {dag.py:3486} INFO - Setting next_dagrun for example_params_ui_tutorial to None, run_after=None
[2023-08-12T04:36:33.325+0000] {processor.py:179} INFO - Processing /home/airflow/.local/lib/python3.10/site-packages/airflow/example_dags/example_params_ui_tutorial.py took 0.068 seconds
[2023-08-12T04:37:03.646+0000] {processor.py:157} INFO - Started process (PID=906) to work on /home/airflow/.local/lib/python3.10/site-packages/airflow/example_dags/example_params_ui_tutorial.py
[2023-08-12T04:37:03.647+0000] {processor.py:826} INFO - Processing file /home/airflow/.local/lib/python3.10/site-packages/airflow/example_dags/example_params_ui_tutorial.py for tasks to queue
[2023-08-12T04:37:03.647+0000] {logging_mixin.py:149} INFO - [2023-08-12T04:37:03.647+0000] {dagbag.py:541} INFO - Filling up the DagBag from /home/airflow/.local/lib/python3.10/site-packages/airflow/example_dags/example_params_ui_tutorial.py
[2023-08-12T04:37:03.666+0000] {processor.py:836} INFO - DAG(s) dict_keys(['example_params_ui_tutorial']) retrieved from /home/airflow/.local/lib/python3.10/site-packages/airflow/example_dags/example_params_ui_tutorial.py
[2023-08-12T04:37:03.696+0000] {logging_mixin.py:149} INFO - [2023-08-12T04:37:03.696+0000] {dag.py:2726} INFO - Sync 1 DAGs
[2023-08-12T04:37:03.706+0000] {logging_mixin.py:149} INFO - [2023-08-12T04:37:03.706+0000] {dag.py:3486} INFO - Setting next_dagrun for example_params_ui_tutorial to None, run_after=None
[2023-08-12T04:37:03.715+0000] {processor.py:179} INFO - Processing /home/airflow/.local/lib/python3.10/site-packages/airflow/example_dags/example_params_ui_tutorial.py took 0.070 seconds
[2023-08-12T04:37:34.141+0000] {processor.py:157} INFO - Started process (PID=983) to work on /home/airflow/.local/lib/python3.10/site-packages/airflow/example_dags/example_params_ui_tutorial.py
[2023-08-12T04:37:34.141+0000] {processor.py:826} INFO - Processing file /home/airflow/.local/lib/python3.10/site-packages/airflow/example_dags/example_params_ui_tutorial.py for tasks to queue
[2023-08-12T04:37:34.141+0000] {logging_mixin.py:149} INFO - [2023-08-12T04:37:34.141+0000] {dagbag.py:541} INFO - Filling up the DagBag from /home/airflow/.local/lib/python3.10/site-packages/airflow/example_dags/example_params_ui_tutorial.py
[2023-08-12T04:37:34.161+0000] {processor.py:836} INFO - DAG(s) dict_keys(['example_params_ui_tutorial']) retrieved from /home/airflow/.local/lib/python3.10/site-packages/airflow/example_dags/example_params_ui_tutorial.py
[2023-08-12T04:37:34.190+0000] {logging_mixin.py:149} INFO - [2023-08-12T04:37:34.190+0000] {dag.py:2726} INFO - Sync 1 DAGs
[2023-08-12T04:37:34.200+0000] {logging_mixin.py:149} INFO - [2023-08-12T04:37:34.200+0000] {dag.py:3486} INFO - Setting next_dagrun for example_params_ui_tutorial to None, run_after=None
[2023-08-12T04:37:34.208+0000] {processor.py:179} INFO - Processing /home/airflow/.local/lib/python3.10/site-packages/airflow/example_dags/example_params_ui_tutorial.py took 0.068 seconds
[2023-08-12T04:38:04.581+0000] {processor.py:157} INFO - Started process (PID=1060) to work on /home/airflow/.local/lib/python3.10/site-packages/airflow/example_dags/example_params_ui_tutorial.py
[2023-08-12T04:38:04.582+0000] {processor.py:826} INFO - Processing file /home/airflow/.local/lib/python3.10/site-packages/airflow/example_dags/example_params_ui_tutorial.py for tasks to queue
[2023-08-12T04:38:04.582+0000] {logging_mixin.py:149} INFO - [2023-08-12T04:38:04.582+0000] {dagbag.py:541} INFO - Filling up the DagBag from /home/airflow/.local/lib/python3.10/site-packages/airflow/example_dags/example_params_ui_tutorial.py
[2023-08-12T04:38:04.601+0000] {processor.py:836} INFO - DAG(s) dict_keys(['example_params_ui_tutorial']) retrieved from /home/airflow/.local/lib/python3.10/site-packages/airflow/example_dags/example_params_ui_tutorial.py
[2023-08-12T04:38:04.631+0000] {logging_mixin.py:149} INFO - [2023-08-12T04:38:04.630+0000] {dag.py:2726} INFO - Sync 1 DAGs
[2023-08-12T04:38:04.640+0000] {logging_mixin.py:149} INFO - [2023-08-12T04:38:04.640+0000] {dag.py:3486} INFO - Setting next_dagrun for example_params_ui_tutorial to None, run_after=None
[2023-08-12T04:38:04.648+0000] {processor.py:179} INFO - Processing /home/airflow/.local/lib/python3.10/site-packages/airflow/example_dags/example_params_ui_tutorial.py took 0.068 seconds
[2023-08-12T04:38:35.014+0000] {processor.py:157} INFO - Started process (PID=1136) to work on /home/airflow/.local/lib/python3.10/site-packages/airflow/example_dags/example_params_ui_tutorial.py
[2023-08-12T04:38:35.014+0000] {processor.py:826} INFO - Processing file /home/airflow/.local/lib/python3.10/site-packages/airflow/example_dags/example_params_ui_tutorial.py for tasks to queue
[2023-08-12T04:38:35.014+0000] {logging_mixin.py:149} INFO - [2023-08-12T04:38:35.014+0000] {dagbag.py:541} INFO - Filling up the DagBag from /home/airflow/.local/lib/python3.10/site-packages/airflow/example_dags/example_params_ui_tutorial.py
[2023-08-12T04:38:35.034+0000] {processor.py:836} INFO - DAG(s) dict_keys(['example_params_ui_tutorial']) retrieved from /home/airflow/.local/lib/python3.10/site-packages/airflow/example_dags/example_params_ui_tutorial.py
[2023-08-12T04:38:35.064+0000] {logging_mixin.py:149} INFO - [2023-08-12T04:38:35.064+0000] {dag.py:2726} INFO - Sync 1 DAGs
[2023-08-12T04:38:35.074+0000] {logging_mixin.py:149} INFO - [2023-08-12T04:38:35.074+0000] {dag.py:3486} INFO - Setting next_dagrun for example_params_ui_tutorial to None, run_after=None
[2023-08-12T04:38:35.081+0000] {processor.py:179} INFO - Processing /home/airflow/.local/lib/python3.10/site-packages/airflow/example_dags/example_params_ui_tutorial.py took 0.069 seconds
[2023-08-12T04:39:05.458+0000] {processor.py:157} INFO - Started process (PID=1213) to work on /home/airflow/.local/lib/python3.10/site-packages/airflow/example_dags/example_params_ui_tutorial.py
[2023-08-12T04:39:05.459+0000] {processor.py:826} INFO - Processing file /home/airflow/.local/lib/python3.10/site-packages/airflow/example_dags/example_params_ui_tutorial.py for tasks to queue
[2023-08-12T04:39:05.459+0000] {logging_mixin.py:149} INFO - [2023-08-12T04:39:05.459+0000] {dagbag.py:541} INFO - Filling up the DagBag from /home/airflow/.local/lib/python3.10/site-packages/airflow/example_dags/example_params_ui_tutorial.py
[2023-08-12T04:39:05.478+0000] {processor.py:836} INFO - DAG(s) dict_keys(['example_params_ui_tutorial']) retrieved from /home/airflow/.local/lib/python3.10/site-packages/airflow/example_dags/example_params_ui_tutorial.py
[2023-08-12T04:39:05.508+0000] {logging_mixin.py:149} INFO - [2023-08-12T04:39:05.508+0000] {dag.py:2726} INFO - Sync 1 DAGs
[2023-08-12T04:39:05.519+0000] {logging_mixin.py:149} INFO - [2023-08-12T04:39:05.519+0000] {dag.py:3486} INFO - Setting next_dagrun for example_params_ui_tutorial to None, run_after=None
[2023-08-12T04:39:05.526+0000] {processor.py:179} INFO - Processing /home/airflow/.local/lib/python3.10/site-packages/airflow/example_dags/example_params_ui_tutorial.py took 0.069 seconds
[2023-08-12T04:39:35.862+0000] {processor.py:157} INFO - Started process (PID=1291) to work on /home/airflow/.local/lib/python3.10/site-packages/airflow/example_dags/example_params_ui_tutorial.py
[2023-08-12T04:39:35.862+0000] {processor.py:826} INFO - Processing file /home/airflow/.local/lib/python3.10/site-packages/airflow/example_dags/example_params_ui_tutorial.py for tasks to queue
[2023-08-12T04:39:35.863+0000] {logging_mixin.py:149} INFO - [2023-08-12T04:39:35.862+0000] {dagbag.py:541} INFO - Filling up the DagBag from /home/airflow/.local/lib/python3.10/site-packages/airflow/example_dags/example_params_ui_tutorial.py
[2023-08-12T04:39:35.882+0000] {processor.py:836} INFO - DAG(s) dict_keys(['example_params_ui_tutorial']) retrieved from /home/airflow/.local/lib/python3.10/site-packages/airflow/example_dags/example_params_ui_tutorial.py
[2023-08-12T04:39:35.913+0000] {logging_mixin.py:149} INFO - [2023-08-12T04:39:35.913+0000] {dag.py:2726} INFO - Sync 1 DAGs
[2023-08-12T04:39:35.922+0000] {logging_mixin.py:149} INFO - [2023-08-12T04:39:35.922+0000] {dag.py:3486} INFO - Setting next_dagrun for example_params_ui_tutorial to None, run_after=None
[2023-08-12T04:39:35.932+0000] {processor.py:179} INFO - Processing /home/airflow/.local/lib/python3.10/site-packages/airflow/example_dags/example_params_ui_tutorial.py took 0.071 seconds
[2023-08-12T04:40:06.195+0000] {processor.py:157} INFO - Started process (PID=1367) to work on /home/airflow/.local/lib/python3.10/site-packages/airflow/example_dags/example_params_ui_tutorial.py
[2023-08-12T04:40:06.195+0000] {processor.py:826} INFO - Processing file /home/airflow/.local/lib/python3.10/site-packages/airflow/example_dags/example_params_ui_tutorial.py for tasks to queue
[2023-08-12T04:40:06.196+0000] {logging_mixin.py:149} INFO - [2023-08-12T04:40:06.196+0000] {dagbag.py:541} INFO - Filling up the DagBag from /home/airflow/.local/lib/python3.10/site-packages/airflow/example_dags/example_params_ui_tutorial.py
[2023-08-12T04:40:06.215+0000] {processor.py:836} INFO - DAG(s) dict_keys(['example_params_ui_tutorial']) retrieved from /home/airflow/.local/lib/python3.10/site-packages/airflow/example_dags/example_params_ui_tutorial.py
[2023-08-12T04:40:06.244+0000] {logging_mixin.py:149} INFO - [2023-08-12T04:40:06.244+0000] {dag.py:2726} INFO - Sync 1 DAGs
[2023-08-12T04:40:06.255+0000] {logging_mixin.py:149} INFO - [2023-08-12T04:40:06.255+0000] {dag.py:3486} INFO - Setting next_dagrun for example_params_ui_tutorial to None, run_after=None
[2023-08-12T04:40:06.263+0000] {processor.py:179} INFO - Processing /home/airflow/.local/lib/python3.10/site-packages/airflow/example_dags/example_params_ui_tutorial.py took 0.070 seconds
[2023-08-12T04:40:36.625+0000] {processor.py:157} INFO - Started process (PID=1444) to work on /home/airflow/.local/lib/python3.10/site-packages/airflow/example_dags/example_params_ui_tutorial.py
[2023-08-12T04:40:36.626+0000] {processor.py:826} INFO - Processing file /home/airflow/.local/lib/python3.10/site-packages/airflow/example_dags/example_params_ui_tutorial.py for tasks to queue
[2023-08-12T04:40:36.626+0000] {logging_mixin.py:149} INFO - [2023-08-12T04:40:36.626+0000] {dagbag.py:541} INFO - Filling up the DagBag from /home/airflow/.local/lib/python3.10/site-packages/airflow/example_dags/example_params_ui_tutorial.py
[2023-08-12T04:40:36.645+0000] {processor.py:836} INFO - DAG(s) dict_keys(['example_params_ui_tutorial']) retrieved from /home/airflow/.local/lib/python3.10/site-packages/airflow/example_dags/example_params_ui_tutorial.py
[2023-08-12T04:40:36.674+0000] {logging_mixin.py:149} INFO - [2023-08-12T04:40:36.674+0000] {dag.py:2726} INFO - Sync 1 DAGs
[2023-08-12T04:40:36.683+0000] {logging_mixin.py:149} INFO - [2023-08-12T04:40:36.683+0000] {dag.py:3486} INFO - Setting next_dagrun for example_params_ui_tutorial to None, run_after=None
[2023-08-12T04:40:36.690+0000] {processor.py:179} INFO - Processing /home/airflow/.local/lib/python3.10/site-packages/airflow/example_dags/example_params_ui_tutorial.py took 0.066 seconds
[2023-08-12T04:41:07.069+0000] {processor.py:157} INFO - Started process (PID=1521) to work on /home/airflow/.local/lib/python3.10/site-packages/airflow/example_dags/example_params_ui_tutorial.py
[2023-08-12T04:41:07.069+0000] {processor.py:826} INFO - Processing file /home/airflow/.local/lib/python3.10/site-packages/airflow/example_dags/example_params_ui_tutorial.py for tasks to queue
[2023-08-12T04:41:07.070+0000] {logging_mixin.py:149} INFO - [2023-08-12T04:41:07.069+0000] {dagbag.py:541} INFO - Filling up the DagBag from /home/airflow/.local/lib/python3.10/site-packages/airflow/example_dags/example_params_ui_tutorial.py
[2023-08-12T04:41:07.089+0000] {processor.py:836} INFO - DAG(s) dict_keys(['example_params_ui_tutorial']) retrieved from /home/airflow/.local/lib/python3.10/site-packages/airflow/example_dags/example_params_ui_tutorial.py
[2023-08-12T04:41:07.118+0000] {logging_mixin.py:149} INFO - [2023-08-12T04:41:07.118+0000] {dag.py:2726} INFO - Sync 1 DAGs
[2023-08-12T04:41:07.128+0000] {logging_mixin.py:149} INFO - [2023-08-12T04:41:07.128+0000] {dag.py:3486} INFO - Setting next_dagrun for example_params_ui_tutorial to None, run_after=None
[2023-08-12T04:41:07.136+0000] {processor.py:179} INFO - Processing /home/airflow/.local/lib/python3.10/site-packages/airflow/example_dags/example_params_ui_tutorial.py took 0.069 seconds
[2023-08-12T04:41:37.591+0000] {processor.py:157} INFO - Started process (PID=1599) to work on /home/airflow/.local/lib/python3.10/site-packages/airflow/example_dags/example_params_ui_tutorial.py
[2023-08-12T04:41:37.591+0000] {processor.py:826} INFO - Processing file /home/airflow/.local/lib/python3.10/site-packages/airflow/example_dags/example_params_ui_tutorial.py for tasks to queue
[2023-08-12T04:41:37.592+0000] {logging_mixin.py:149} INFO - [2023-08-12T04:41:37.592+0000] {dagbag.py:541} INFO - Filling up the DagBag from /home/airflow/.local/lib/python3.10/site-packages/airflow/example_dags/example_params_ui_tutorial.py
[2023-08-12T04:41:37.611+0000] {processor.py:836} INFO - DAG(s) dict_keys(['example_params_ui_tutorial']) retrieved from /home/airflow/.local/lib/python3.10/site-packages/airflow/example_dags/example_params_ui_tutorial.py
[2023-08-12T04:41:37.641+0000] {logging_mixin.py:149} INFO - [2023-08-12T04:41:37.641+0000] {dag.py:2726} INFO - Sync 1 DAGs
[2023-08-12T04:41:37.650+0000] {logging_mixin.py:149} INFO - [2023-08-12T04:41:37.650+0000] {dag.py:3486} INFO - Setting next_dagrun for example_params_ui_tutorial to None, run_after=None
[2023-08-12T04:41:37.657+0000] {processor.py:179} INFO - Processing /home/airflow/.local/lib/python3.10/site-packages/airflow/example_dags/example_params_ui_tutorial.py took 0.067 seconds
[2023-08-12T04:42:08.012+0000] {processor.py:157} INFO - Started process (PID=1676) to work on /home/airflow/.local/lib/python3.10/site-packages/airflow/example_dags/example_params_ui_tutorial.py
[2023-08-12T04:42:08.012+0000] {processor.py:826} INFO - Processing file /home/airflow/.local/lib/python3.10/site-packages/airflow/example_dags/example_params_ui_tutorial.py for tasks to queue
[2023-08-12T04:42:08.012+0000] {logging_mixin.py:149} INFO - [2023-08-12T04:42:08.012+0000] {dagbag.py:541} INFO - Filling up the DagBag from /home/airflow/.local/lib/python3.10/site-packages/airflow/example_dags/example_params_ui_tutorial.py
[2023-08-12T04:42:08.031+0000] {processor.py:836} INFO - DAG(s) dict_keys(['example_params_ui_tutorial']) retrieved from /home/airflow/.local/lib/python3.10/site-packages/airflow/example_dags/example_params_ui_tutorial.py
[2023-08-12T04:42:08.061+0000] {logging_mixin.py:149} INFO - [2023-08-12T04:42:08.061+0000] {dag.py:2726} INFO - Sync 1 DAGs
[2023-08-12T04:42:08.070+0000] {logging_mixin.py:149} INFO - [2023-08-12T04:42:08.070+0000] {dag.py:3486} INFO - Setting next_dagrun for example_params_ui_tutorial to None, run_after=None
[2023-08-12T04:42:08.078+0000] {processor.py:179} INFO - Processing /home/airflow/.local/lib/python3.10/site-packages/airflow/example_dags/example_params_ui_tutorial.py took 0.067 seconds
[2023-08-12T04:42:38.516+0000] {processor.py:157} INFO - Started process (PID=1753) to work on /home/airflow/.local/lib/python3.10/site-packages/airflow/example_dags/example_params_ui_tutorial.py
[2023-08-12T04:42:38.517+0000] {processor.py:826} INFO - Processing file /home/airflow/.local/lib/python3.10/site-packages/airflow/example_dags/example_params_ui_tutorial.py for tasks to queue
[2023-08-12T04:42:38.517+0000] {logging_mixin.py:149} INFO - [2023-08-12T04:42:38.517+0000] {dagbag.py:541} INFO - Filling up the DagBag from /home/airflow/.local/lib/python3.10/site-packages/airflow/example_dags/example_params_ui_tutorial.py
[2023-08-12T04:42:38.536+0000] {processor.py:836} INFO - DAG(s) dict_keys(['example_params_ui_tutorial']) retrieved from /home/airflow/.local/lib/python3.10/site-packages/airflow/example_dags/example_params_ui_tutorial.py
[2023-08-12T04:42:38.565+0000] {logging_mixin.py:149} INFO - [2023-08-12T04:42:38.565+0000] {dag.py:2726} INFO - Sync 1 DAGs
[2023-08-12T04:42:38.575+0000] {logging_mixin.py:149} INFO - [2023-08-12T04:42:38.575+0000] {dag.py:3486} INFO - Setting next_dagrun for example_params_ui_tutorial to None, run_after=None
[2023-08-12T04:42:38.582+0000] {processor.py:179} INFO - Processing /home/airflow/.local/lib/python3.10/site-packages/airflow/example_dags/example_params_ui_tutorial.py took 0.067 seconds
[2023-08-12T04:43:08.900+0000] {processor.py:157} INFO - Started process (PID=1830) to work on /home/airflow/.local/lib/python3.10/site-packages/airflow/example_dags/example_params_ui_tutorial.py
[2023-08-12T04:43:08.901+0000] {processor.py:826} INFO - Processing file /home/airflow/.local/lib/python3.10/site-packages/airflow/example_dags/example_params_ui_tutorial.py for tasks to queue
[2023-08-12T04:43:08.901+0000] {logging_mixin.py:149} INFO - [2023-08-12T04:43:08.901+0000] {dagbag.py:541} INFO - Filling up the DagBag from /home/airflow/.local/lib/python3.10/site-packages/airflow/example_dags/example_params_ui_tutorial.py
[2023-08-12T04:43:08.920+0000] {processor.py:836} INFO - DAG(s) dict_keys(['example_params_ui_tutorial']) retrieved from /home/airflow/.local/lib/python3.10/site-packages/airflow/example_dags/example_params_ui_tutorial.py
[2023-08-12T04:43:08.949+0000] {logging_mixin.py:149} INFO - [2023-08-12T04:43:08.949+0000] {dag.py:2726} INFO - Sync 1 DAGs
[2023-08-12T04:43:08.959+0000] {logging_mixin.py:149} INFO - [2023-08-12T04:43:08.959+0000] {dag.py:3486} INFO - Setting next_dagrun for example_params_ui_tutorial to None, run_after=None
[2023-08-12T04:43:08.966+0000] {processor.py:179} INFO - Processing /home/airflow/.local/lib/python3.10/site-packages/airflow/example_dags/example_params_ui_tutorial.py took 0.067 seconds
[2023-08-12T04:43:39.244+0000] {processor.py:157} INFO - Started process (PID=1906) to work on /home/airflow/.local/lib/python3.10/site-packages/airflow/example_dags/example_params_ui_tutorial.py
[2023-08-12T04:43:39.244+0000] {processor.py:826} INFO - Processing file /home/airflow/.local/lib/python3.10/site-packages/airflow/example_dags/example_params_ui_tutorial.py for tasks to queue
[2023-08-12T04:43:39.244+0000] {logging_mixin.py:149} INFO - [2023-08-12T04:43:39.244+0000] {dagbag.py:541} INFO - Filling up the DagBag from /home/airflow/.local/lib/python3.10/site-packages/airflow/example_dags/example_params_ui_tutorial.py
[2023-08-12T04:43:39.264+0000] {processor.py:836} INFO - DAG(s) dict_keys(['example_params_ui_tutorial']) retrieved from /home/airflow/.local/lib/python3.10/site-packages/airflow/example_dags/example_params_ui_tutorial.py
[2023-08-12T04:43:39.293+0000] {logging_mixin.py:149} INFO - [2023-08-12T04:43:39.292+0000] {dag.py:2726} INFO - Sync 1 DAGs
[2023-08-12T04:43:39.302+0000] {logging_mixin.py:149} INFO - [2023-08-12T04:43:39.302+0000] {dag.py:3486} INFO - Setting next_dagrun for example_params_ui_tutorial to None, run_after=None
[2023-08-12T04:43:39.309+0000] {processor.py:179} INFO - Processing /home/airflow/.local/lib/python3.10/site-packages/airflow/example_dags/example_params_ui_tutorial.py took 0.066 seconds
[2023-08-12T04:44:09.596+0000] {processor.py:157} INFO - Started process (PID=1983) to work on /home/airflow/.local/lib/python3.10/site-packages/airflow/example_dags/example_params_ui_tutorial.py
[2023-08-12T04:44:09.597+0000] {processor.py:826} INFO - Processing file /home/airflow/.local/lib/python3.10/site-packages/airflow/example_dags/example_params_ui_tutorial.py for tasks to queue
[2023-08-12T04:44:09.597+0000] {logging_mixin.py:149} INFO - [2023-08-12T04:44:09.597+0000] {dagbag.py:541} INFO - Filling up the DagBag from /home/airflow/.local/lib/python3.10/site-packages/airflow/example_dags/example_params_ui_tutorial.py
[2023-08-12T04:44:09.616+0000] {processor.py:836} INFO - DAG(s) dict_keys(['example_params_ui_tutorial']) retrieved from /home/airflow/.local/lib/python3.10/site-packages/airflow/example_dags/example_params_ui_tutorial.py
[2023-08-12T04:44:09.646+0000] {logging_mixin.py:149} INFO - [2023-08-12T04:44:09.646+0000] {dag.py:2726} INFO - Sync 1 DAGs
[2023-08-12T04:44:09.655+0000] {logging_mixin.py:149} INFO - [2023-08-12T04:44:09.655+0000] {dag.py:3486} INFO - Setting next_dagrun for example_params_ui_tutorial to None, run_after=None
[2023-08-12T04:44:09.663+0000] {processor.py:179} INFO - Processing /home/airflow/.local/lib/python3.10/site-packages/airflow/example_dags/example_params_ui_tutorial.py took 0.068 seconds
[2023-08-12T04:44:40.042+0000] {processor.py:157} INFO - Started process (PID=2059) to work on /home/airflow/.local/lib/python3.10/site-packages/airflow/example_dags/example_params_ui_tutorial.py
[2023-08-12T04:44:40.043+0000] {processor.py:826} INFO - Processing file /home/airflow/.local/lib/python3.10/site-packages/airflow/example_dags/example_params_ui_tutorial.py for tasks to queue
[2023-08-12T04:44:40.043+0000] {logging_mixin.py:149} INFO - [2023-08-12T04:44:40.043+0000] {dagbag.py:541} INFO - Filling up the DagBag from /home/airflow/.local/lib/python3.10/site-packages/airflow/example_dags/example_params_ui_tutorial.py
[2023-08-12T04:44:40.062+0000] {processor.py:836} INFO - DAG(s) dict_keys(['example_params_ui_tutorial']) retrieved from /home/airflow/.local/lib/python3.10/site-packages/airflow/example_dags/example_params_ui_tutorial.py
[2023-08-12T04:44:40.092+0000] {logging_mixin.py:149} INFO - [2023-08-12T04:44:40.091+0000] {dag.py:2726} INFO - Sync 1 DAGs
[2023-08-12T04:44:40.101+0000] {logging_mixin.py:149} INFO - [2023-08-12T04:44:40.101+0000] {dag.py:3486} INFO - Setting next_dagrun for example_params_ui_tutorial to None, run_after=None
[2023-08-12T04:44:40.109+0000] {processor.py:179} INFO - Processing /home/airflow/.local/lib/python3.10/site-packages/airflow/example_dags/example_params_ui_tutorial.py took 0.068 seconds
[2023-08-12T04:45:10.425+0000] {processor.py:157} INFO - Started process (PID=2136) to work on /home/airflow/.local/lib/python3.10/site-packages/airflow/example_dags/example_params_ui_tutorial.py
[2023-08-12T04:45:10.425+0000] {processor.py:826} INFO - Processing file /home/airflow/.local/lib/python3.10/site-packages/airflow/example_dags/example_params_ui_tutorial.py for tasks to queue
[2023-08-12T04:45:10.426+0000] {logging_mixin.py:149} INFO - [2023-08-12T04:45:10.426+0000] {dagbag.py:541} INFO - Filling up the DagBag from /home/airflow/.local/lib/python3.10/site-packages/airflow/example_dags/example_params_ui_tutorial.py
[2023-08-12T04:45:10.445+0000] {processor.py:836} INFO - DAG(s) dict_keys(['example_params_ui_tutorial']) retrieved from /home/airflow/.local/lib/python3.10/site-packages/airflow/example_dags/example_params_ui_tutorial.py
[2023-08-12T04:45:10.474+0000] {logging_mixin.py:149} INFO - [2023-08-12T04:45:10.474+0000] {dag.py:2726} INFO - Sync 1 DAGs
[2023-08-12T04:45:10.484+0000] {logging_mixin.py:149} INFO - [2023-08-12T04:45:10.483+0000] {dag.py:3486} INFO - Setting next_dagrun for example_params_ui_tutorial to None, run_after=None
[2023-08-12T04:45:10.490+0000] {processor.py:179} INFO - Processing /home/airflow/.local/lib/python3.10/site-packages/airflow/example_dags/example_params_ui_tutorial.py took 0.066 seconds
[2023-08-12T04:45:40.831+0000] {processor.py:157} INFO - Started process (PID=2213) to work on /home/airflow/.local/lib/python3.10/site-packages/airflow/example_dags/example_params_ui_tutorial.py
[2023-08-12T04:45:40.831+0000] {processor.py:826} INFO - Processing file /home/airflow/.local/lib/python3.10/site-packages/airflow/example_dags/example_params_ui_tutorial.py for tasks to queue
[2023-08-12T04:45:40.831+0000] {logging_mixin.py:149} INFO - [2023-08-12T04:45:40.831+0000] {dagbag.py:541} INFO - Filling up the DagBag from /home/airflow/.local/lib/python3.10/site-packages/airflow/example_dags/example_params_ui_tutorial.py
[2023-08-12T04:45:40.851+0000] {processor.py:836} INFO - DAG(s) dict_keys(['example_params_ui_tutorial']) retrieved from /home/airflow/.local/lib/python3.10/site-packages/airflow/example_dags/example_params_ui_tutorial.py
[2023-08-12T04:45:40.880+0000] {logging_mixin.py:149} INFO - [2023-08-12T04:45:40.880+0000] {dag.py:2726} INFO - Sync 1 DAGs
[2023-08-12T04:45:40.890+0000] {logging_mixin.py:149} INFO - [2023-08-12T04:45:40.890+0000] {dag.py:3486} INFO - Setting next_dagrun for example_params_ui_tutorial to None, run_after=None
[2023-08-12T04:45:40.898+0000] {processor.py:179} INFO - Processing /home/airflow/.local/lib/python3.10/site-packages/airflow/example_dags/example_params_ui_tutorial.py took 0.068 seconds
[2023-08-12T04:46:11.230+0000] {processor.py:157} INFO - Started process (PID=2290) to work on /home/airflow/.local/lib/python3.10/site-packages/airflow/example_dags/example_params_ui_tutorial.py
[2023-08-12T04:46:11.231+0000] {processor.py:826} INFO - Processing file /home/airflow/.local/lib/python3.10/site-packages/airflow/example_dags/example_params_ui_tutorial.py for tasks to queue
[2023-08-12T04:46:11.231+0000] {logging_mixin.py:149} INFO - [2023-08-12T04:46:11.231+0000] {dagbag.py:541} INFO - Filling up the DagBag from /home/airflow/.local/lib/python3.10/site-packages/airflow/example_dags/example_params_ui_tutorial.py
[2023-08-12T04:46:11.250+0000] {processor.py:836} INFO - DAG(s) dict_keys(['example_params_ui_tutorial']) retrieved from /home/airflow/.local/lib/python3.10/site-packages/airflow/example_dags/example_params_ui_tutorial.py
[2023-08-12T04:46:11.280+0000] {logging_mixin.py:149} INFO - [2023-08-12T04:46:11.279+0000] {dag.py:2726} INFO - Sync 1 DAGs
[2023-08-12T04:46:11.289+0000] {logging_mixin.py:149} INFO - [2023-08-12T04:46:11.289+0000] {dag.py:3486} INFO - Setting next_dagrun for example_params_ui_tutorial to None, run_after=None
[2023-08-12T04:46:11.296+0000] {processor.py:179} INFO - Processing /home/airflow/.local/lib/python3.10/site-packages/airflow/example_dags/example_params_ui_tutorial.py took 0.067 seconds
[2023-08-12T04:46:41.691+0000] {processor.py:157} INFO - Started process (PID=2367) to work on /home/airflow/.local/lib/python3.10/site-packages/airflow/example_dags/example_params_ui_tutorial.py
[2023-08-12T04:46:41.692+0000] {processor.py:826} INFO - Processing file /home/airflow/.local/lib/python3.10/site-packages/airflow/example_dags/example_params_ui_tutorial.py for tasks to queue
[2023-08-12T04:46:41.692+0000] {logging_mixin.py:149} INFO - [2023-08-12T04:46:41.692+0000] {dagbag.py:541} INFO - Filling up the DagBag from /home/airflow/.local/lib/python3.10/site-packages/airflow/example_dags/example_params_ui_tutorial.py
[2023-08-12T04:46:41.711+0000] {processor.py:836} INFO - DAG(s) dict_keys(['example_params_ui_tutorial']) retrieved from /home/airflow/.local/lib/python3.10/site-packages/airflow/example_dags/example_params_ui_tutorial.py
[2023-08-12T04:46:41.741+0000] {logging_mixin.py:149} INFO - [2023-08-12T04:46:41.740+0000] {dag.py:2726} INFO - Sync 1 DAGs
[2023-08-12T04:46:41.750+0000] {logging_mixin.py:149} INFO - [2023-08-12T04:46:41.750+0000] {dag.py:3486} INFO - Setting next_dagrun for example_params_ui_tutorial to None, run_after=None
[2023-08-12T04:46:41.757+0000] {processor.py:179} INFO - Processing /home/airflow/.local/lib/python3.10/site-packages/airflow/example_dags/example_params_ui_tutorial.py took 0.067 seconds
[2023-08-12T04:47:35.850+0000] {processor.py:157} INFO - Started process (PID=61) to work on /home/airflow/.local/lib/python3.10/site-packages/airflow/example_dags/example_params_ui_tutorial.py
[2023-08-12T04:47:35.851+0000] {processor.py:826} INFO - Processing file /home/airflow/.local/lib/python3.10/site-packages/airflow/example_dags/example_params_ui_tutorial.py for tasks to queue
[2023-08-12T04:47:35.851+0000] {logging_mixin.py:149} INFO - [2023-08-12T04:47:35.851+0000] {dagbag.py:541} INFO - Filling up the DagBag from /home/airflow/.local/lib/python3.10/site-packages/airflow/example_dags/example_params_ui_tutorial.py
[2023-08-12T04:47:35.871+0000] {processor.py:836} INFO - DAG(s) dict_keys(['example_params_ui_tutorial']) retrieved from /home/airflow/.local/lib/python3.10/site-packages/airflow/example_dags/example_params_ui_tutorial.py
[2023-08-12T04:47:35.878+0000] {logging_mixin.py:149} INFO - [2023-08-12T04:47:35.877+0000] {dag.py:2726} INFO - Sync 1 DAGs
[2023-08-12T04:47:35.888+0000] {logging_mixin.py:149} INFO - [2023-08-12T04:47:35.887+0000] {dag.py:3486} INFO - Setting next_dagrun for example_params_ui_tutorial to None, run_after=None
[2023-08-12T04:47:35.895+0000] {processor.py:179} INFO - Processing /home/airflow/.local/lib/python3.10/site-packages/airflow/example_dags/example_params_ui_tutorial.py took 0.046 seconds
[2023-08-12T04:48:06.030+0000] {processor.py:157} INFO - Started process (PID=138) to work on /home/airflow/.local/lib/python3.10/site-packages/airflow/example_dags/example_params_ui_tutorial.py
[2023-08-12T04:48:06.031+0000] {processor.py:826} INFO - Processing file /home/airflow/.local/lib/python3.10/site-packages/airflow/example_dags/example_params_ui_tutorial.py for tasks to queue
[2023-08-12T04:48:06.031+0000] {logging_mixin.py:149} INFO - [2023-08-12T04:48:06.031+0000] {dagbag.py:541} INFO - Filling up the DagBag from /home/airflow/.local/lib/python3.10/site-packages/airflow/example_dags/example_params_ui_tutorial.py
[2023-08-12T04:48:06.051+0000] {processor.py:836} INFO - DAG(s) dict_keys(['example_params_ui_tutorial']) retrieved from /home/airflow/.local/lib/python3.10/site-packages/airflow/example_dags/example_params_ui_tutorial.py
[2023-08-12T04:48:06.081+0000] {logging_mixin.py:149} INFO - [2023-08-12T04:48:06.080+0000] {dag.py:2726} INFO - Sync 1 DAGs
[2023-08-12T04:48:06.090+0000] {logging_mixin.py:149} INFO - [2023-08-12T04:48:06.090+0000] {dag.py:3486} INFO - Setting next_dagrun for example_params_ui_tutorial to None, run_after=None
[2023-08-12T04:48:06.098+0000] {processor.py:179} INFO - Processing /home/airflow/.local/lib/python3.10/site-packages/airflow/example_dags/example_params_ui_tutorial.py took 0.069 seconds
[2023-08-12T04:48:36.307+0000] {processor.py:157} INFO - Started process (PID=215) to work on /home/airflow/.local/lib/python3.10/site-packages/airflow/example_dags/example_params_ui_tutorial.py
[2023-08-12T04:48:36.308+0000] {processor.py:826} INFO - Processing file /home/airflow/.local/lib/python3.10/site-packages/airflow/example_dags/example_params_ui_tutorial.py for tasks to queue
[2023-08-12T04:48:36.308+0000] {logging_mixin.py:149} INFO - [2023-08-12T04:48:36.308+0000] {dagbag.py:541} INFO - Filling up the DagBag from /home/airflow/.local/lib/python3.10/site-packages/airflow/example_dags/example_params_ui_tutorial.py
[2023-08-12T04:48:36.327+0000] {processor.py:836} INFO - DAG(s) dict_keys(['example_params_ui_tutorial']) retrieved from /home/airflow/.local/lib/python3.10/site-packages/airflow/example_dags/example_params_ui_tutorial.py
[2023-08-12T04:48:36.358+0000] {logging_mixin.py:149} INFO - [2023-08-12T04:48:36.358+0000] {dag.py:2726} INFO - Sync 1 DAGs
[2023-08-12T04:48:36.368+0000] {logging_mixin.py:149} INFO - [2023-08-12T04:48:36.368+0000] {dag.py:3486} INFO - Setting next_dagrun for example_params_ui_tutorial to None, run_after=None
[2023-08-12T04:48:36.375+0000] {processor.py:179} INFO - Processing /home/airflow/.local/lib/python3.10/site-packages/airflow/example_dags/example_params_ui_tutorial.py took 0.069 seconds
[2023-08-12T04:49:06.673+0000] {processor.py:157} INFO - Started process (PID=292) to work on /home/airflow/.local/lib/python3.10/site-packages/airflow/example_dags/example_params_ui_tutorial.py
[2023-08-12T04:49:06.673+0000] {processor.py:826} INFO - Processing file /home/airflow/.local/lib/python3.10/site-packages/airflow/example_dags/example_params_ui_tutorial.py for tasks to queue
[2023-08-12T04:49:06.674+0000] {logging_mixin.py:149} INFO - [2023-08-12T04:49:06.674+0000] {dagbag.py:541} INFO - Filling up the DagBag from /home/airflow/.local/lib/python3.10/site-packages/airflow/example_dags/example_params_ui_tutorial.py
[2023-08-12T04:49:06.693+0000] {processor.py:836} INFO - DAG(s) dict_keys(['example_params_ui_tutorial']) retrieved from /home/airflow/.local/lib/python3.10/site-packages/airflow/example_dags/example_params_ui_tutorial.py
[2023-08-12T04:49:06.722+0000] {logging_mixin.py:149} INFO - [2023-08-12T04:49:06.722+0000] {dag.py:2726} INFO - Sync 1 DAGs
[2023-08-12T04:49:06.733+0000] {logging_mixin.py:149} INFO - [2023-08-12T04:49:06.733+0000] {dag.py:3486} INFO - Setting next_dagrun for example_params_ui_tutorial to None, run_after=None
[2023-08-12T04:49:06.741+0000] {processor.py:179} INFO - Processing /home/airflow/.local/lib/python3.10/site-packages/airflow/example_dags/example_params_ui_tutorial.py took 0.069 seconds
[2023-08-12T04:49:36.915+0000] {processor.py:157} INFO - Started process (PID=370) to work on /home/airflow/.local/lib/python3.10/site-packages/airflow/example_dags/example_params_ui_tutorial.py
[2023-08-12T04:49:36.916+0000] {processor.py:826} INFO - Processing file /home/airflow/.local/lib/python3.10/site-packages/airflow/example_dags/example_params_ui_tutorial.py for tasks to queue
[2023-08-12T04:49:36.916+0000] {logging_mixin.py:149} INFO - [2023-08-12T04:49:36.916+0000] {dagbag.py:541} INFO - Filling up the DagBag from /home/airflow/.local/lib/python3.10/site-packages/airflow/example_dags/example_params_ui_tutorial.py
[2023-08-12T04:49:36.935+0000] {processor.py:836} INFO - DAG(s) dict_keys(['example_params_ui_tutorial']) retrieved from /home/airflow/.local/lib/python3.10/site-packages/airflow/example_dags/example_params_ui_tutorial.py
[2023-08-12T04:49:36.965+0000] {logging_mixin.py:149} INFO - [2023-08-12T04:49:36.965+0000] {dag.py:2726} INFO - Sync 1 DAGs
[2023-08-12T04:49:36.975+0000] {logging_mixin.py:149} INFO - [2023-08-12T04:49:36.975+0000] {dag.py:3486} INFO - Setting next_dagrun for example_params_ui_tutorial to None, run_after=None
[2023-08-12T04:49:36.982+0000] {processor.py:179} INFO - Processing /home/airflow/.local/lib/python3.10/site-packages/airflow/example_dags/example_params_ui_tutorial.py took 0.068 seconds
[2023-08-12T04:50:07.337+0000] {processor.py:157} INFO - Started process (PID=447) to work on /home/airflow/.local/lib/python3.10/site-packages/airflow/example_dags/example_params_ui_tutorial.py
[2023-08-12T04:50:07.338+0000] {processor.py:826} INFO - Processing file /home/airflow/.local/lib/python3.10/site-packages/airflow/example_dags/example_params_ui_tutorial.py for tasks to queue
[2023-08-12T04:50:07.338+0000] {logging_mixin.py:149} INFO - [2023-08-12T04:50:07.338+0000] {dagbag.py:541} INFO - Filling up the DagBag from /home/airflow/.local/lib/python3.10/site-packages/airflow/example_dags/example_params_ui_tutorial.py
[2023-08-12T04:50:07.357+0000] {processor.py:836} INFO - DAG(s) dict_keys(['example_params_ui_tutorial']) retrieved from /home/airflow/.local/lib/python3.10/site-packages/airflow/example_dags/example_params_ui_tutorial.py
[2023-08-12T04:50:07.387+0000] {logging_mixin.py:149} INFO - [2023-08-12T04:50:07.387+0000] {dag.py:2726} INFO - Sync 1 DAGs
[2023-08-12T04:50:07.397+0000] {logging_mixin.py:149} INFO - [2023-08-12T04:50:07.397+0000] {dag.py:3486} INFO - Setting next_dagrun for example_params_ui_tutorial to None, run_after=None
[2023-08-12T04:50:07.404+0000] {processor.py:179} INFO - Processing /home/airflow/.local/lib/python3.10/site-packages/airflow/example_dags/example_params_ui_tutorial.py took 0.068 seconds
[2023-08-12T04:50:37.800+0000] {processor.py:157} INFO - Started process (PID=524) to work on /home/airflow/.local/lib/python3.10/site-packages/airflow/example_dags/example_params_ui_tutorial.py
[2023-08-12T04:50:37.801+0000] {processor.py:826} INFO - Processing file /home/airflow/.local/lib/python3.10/site-packages/airflow/example_dags/example_params_ui_tutorial.py for tasks to queue
[2023-08-12T04:50:37.801+0000] {logging_mixin.py:149} INFO - [2023-08-12T04:50:37.801+0000] {dagbag.py:541} INFO - Filling up the DagBag from /home/airflow/.local/lib/python3.10/site-packages/airflow/example_dags/example_params_ui_tutorial.py
[2023-08-12T04:50:37.820+0000] {processor.py:836} INFO - DAG(s) dict_keys(['example_params_ui_tutorial']) retrieved from /home/airflow/.local/lib/python3.10/site-packages/airflow/example_dags/example_params_ui_tutorial.py
[2023-08-12T04:50:37.850+0000] {logging_mixin.py:149} INFO - [2023-08-12T04:50:37.850+0000] {dag.py:2726} INFO - Sync 1 DAGs
[2023-08-12T04:50:37.861+0000] {logging_mixin.py:149} INFO - [2023-08-12T04:50:37.861+0000] {dag.py:3486} INFO - Setting next_dagrun for example_params_ui_tutorial to None, run_after=None
[2023-08-12T04:50:37.868+0000] {processor.py:179} INFO - Processing /home/airflow/.local/lib/python3.10/site-packages/airflow/example_dags/example_params_ui_tutorial.py took 0.069 seconds
[2023-08-12T04:51:08.179+0000] {processor.py:157} INFO - Started process (PID=601) to work on /home/airflow/.local/lib/python3.10/site-packages/airflow/example_dags/example_params_ui_tutorial.py
[2023-08-12T04:51:08.180+0000] {processor.py:826} INFO - Processing file /home/airflow/.local/lib/python3.10/site-packages/airflow/example_dags/example_params_ui_tutorial.py for tasks to queue
[2023-08-12T04:51:08.180+0000] {logging_mixin.py:149} INFO - [2023-08-12T04:51:08.180+0000] {dagbag.py:541} INFO - Filling up the DagBag from /home/airflow/.local/lib/python3.10/site-packages/airflow/example_dags/example_params_ui_tutorial.py
[2023-08-12T04:51:08.200+0000] {processor.py:836} INFO - DAG(s) dict_keys(['example_params_ui_tutorial']) retrieved from /home/airflow/.local/lib/python3.10/site-packages/airflow/example_dags/example_params_ui_tutorial.py
[2023-08-12T04:51:08.230+0000] {logging_mixin.py:149} INFO - [2023-08-12T04:51:08.229+0000] {dag.py:2726} INFO - Sync 1 DAGs
[2023-08-12T04:51:08.239+0000] {logging_mixin.py:149} INFO - [2023-08-12T04:51:08.239+0000] {dag.py:3486} INFO - Setting next_dagrun for example_params_ui_tutorial to None, run_after=None
[2023-08-12T04:51:08.246+0000] {processor.py:179} INFO - Processing /home/airflow/.local/lib/python3.10/site-packages/airflow/example_dags/example_params_ui_tutorial.py took 0.068 seconds
[2023-08-12T04:51:38.589+0000] {processor.py:157} INFO - Started process (PID=678) to work on /home/airflow/.local/lib/python3.10/site-packages/airflow/example_dags/example_params_ui_tutorial.py
[2023-08-12T04:51:38.590+0000] {processor.py:826} INFO - Processing file /home/airflow/.local/lib/python3.10/site-packages/airflow/example_dags/example_params_ui_tutorial.py for tasks to queue
[2023-08-12T04:51:38.590+0000] {logging_mixin.py:149} INFO - [2023-08-12T04:51:38.590+0000] {dagbag.py:541} INFO - Filling up the DagBag from /home/airflow/.local/lib/python3.10/site-packages/airflow/example_dags/example_params_ui_tutorial.py
[2023-08-12T04:51:38.609+0000] {processor.py:836} INFO - DAG(s) dict_keys(['example_params_ui_tutorial']) retrieved from /home/airflow/.local/lib/python3.10/site-packages/airflow/example_dags/example_params_ui_tutorial.py
[2023-08-12T04:51:38.638+0000] {logging_mixin.py:149} INFO - [2023-08-12T04:51:38.638+0000] {dag.py:2726} INFO - Sync 1 DAGs
[2023-08-12T04:51:38.648+0000] {logging_mixin.py:149} INFO - [2023-08-12T04:51:38.648+0000] {dag.py:3486} INFO - Setting next_dagrun for example_params_ui_tutorial to None, run_after=None
[2023-08-12T04:51:38.655+0000] {processor.py:179} INFO - Processing /home/airflow/.local/lib/python3.10/site-packages/airflow/example_dags/example_params_ui_tutorial.py took 0.067 seconds
[2023-08-12T04:52:09.009+0000] {processor.py:157} INFO - Started process (PID=755) to work on /home/airflow/.local/lib/python3.10/site-packages/airflow/example_dags/example_params_ui_tutorial.py
[2023-08-12T04:52:09.010+0000] {processor.py:826} INFO - Processing file /home/airflow/.local/lib/python3.10/site-packages/airflow/example_dags/example_params_ui_tutorial.py for tasks to queue
[2023-08-12T04:52:09.010+0000] {logging_mixin.py:149} INFO - [2023-08-12T04:52:09.010+0000] {dagbag.py:541} INFO - Filling up the DagBag from /home/airflow/.local/lib/python3.10/site-packages/airflow/example_dags/example_params_ui_tutorial.py
[2023-08-12T04:52:09.029+0000] {processor.py:836} INFO - DAG(s) dict_keys(['example_params_ui_tutorial']) retrieved from /home/airflow/.local/lib/python3.10/site-packages/airflow/example_dags/example_params_ui_tutorial.py
[2023-08-12T04:52:09.059+0000] {logging_mixin.py:149} INFO - [2023-08-12T04:52:09.059+0000] {dag.py:2726} INFO - Sync 1 DAGs
[2023-08-12T04:52:09.069+0000] {logging_mixin.py:149} INFO - [2023-08-12T04:52:09.069+0000] {dag.py:3486} INFO - Setting next_dagrun for example_params_ui_tutorial to None, run_after=None
[2023-08-12T04:52:09.076+0000] {processor.py:179} INFO - Processing /home/airflow/.local/lib/python3.10/site-packages/airflow/example_dags/example_params_ui_tutorial.py took 0.068 seconds
[2023-08-12T04:52:39.471+0000] {processor.py:157} INFO - Started process (PID=832) to work on /home/airflow/.local/lib/python3.10/site-packages/airflow/example_dags/example_params_ui_tutorial.py
[2023-08-12T04:52:39.471+0000] {processor.py:826} INFO - Processing file /home/airflow/.local/lib/python3.10/site-packages/airflow/example_dags/example_params_ui_tutorial.py for tasks to queue
[2023-08-12T04:52:39.471+0000] {logging_mixin.py:149} INFO - [2023-08-12T04:52:39.471+0000] {dagbag.py:541} INFO - Filling up the DagBag from /home/airflow/.local/lib/python3.10/site-packages/airflow/example_dags/example_params_ui_tutorial.py
[2023-08-12T04:52:39.490+0000] {processor.py:836} INFO - DAG(s) dict_keys(['example_params_ui_tutorial']) retrieved from /home/airflow/.local/lib/python3.10/site-packages/airflow/example_dags/example_params_ui_tutorial.py
[2023-08-12T04:52:39.521+0000] {logging_mixin.py:149} INFO - [2023-08-12T04:52:39.521+0000] {dag.py:2726} INFO - Sync 1 DAGs
[2023-08-12T04:52:39.530+0000] {logging_mixin.py:149} INFO - [2023-08-12T04:52:39.530+0000] {dag.py:3486} INFO - Setting next_dagrun for example_params_ui_tutorial to None, run_after=None
[2023-08-12T04:52:39.537+0000] {processor.py:179} INFO - Processing /home/airflow/.local/lib/python3.10/site-packages/airflow/example_dags/example_params_ui_tutorial.py took 0.067 seconds
[2023-08-12T04:53:26.005+0000] {processor.py:157} INFO - Started process (PID=61) to work on /home/airflow/.local/lib/python3.10/site-packages/airflow/example_dags/example_params_ui_tutorial.py
[2023-08-12T04:53:26.005+0000] {processor.py:826} INFO - Processing file /home/airflow/.local/lib/python3.10/site-packages/airflow/example_dags/example_params_ui_tutorial.py for tasks to queue
[2023-08-12T04:53:26.005+0000] {logging_mixin.py:149} INFO - [2023-08-12T04:53:26.005+0000] {dagbag.py:541} INFO - Filling up the DagBag from /home/airflow/.local/lib/python3.10/site-packages/airflow/example_dags/example_params_ui_tutorial.py
[2023-08-12T04:53:26.026+0000] {processor.py:836} INFO - DAG(s) dict_keys(['example_params_ui_tutorial']) retrieved from /home/airflow/.local/lib/python3.10/site-packages/airflow/example_dags/example_params_ui_tutorial.py
[2023-08-12T04:53:26.031+0000] {logging_mixin.py:149} INFO - [2023-08-12T04:53:26.031+0000] {dag.py:2726} INFO - Sync 1 DAGs
[2023-08-12T04:53:26.040+0000] {logging_mixin.py:149} INFO - [2023-08-12T04:53:26.040+0000] {dag.py:3486} INFO - Setting next_dagrun for example_params_ui_tutorial to None, run_after=None
[2023-08-12T04:53:26.048+0000] {processor.py:179} INFO - Processing /home/airflow/.local/lib/python3.10/site-packages/airflow/example_dags/example_params_ui_tutorial.py took 0.045 seconds
[2023-08-12T04:53:56.153+0000] {processor.py:157} INFO - Started process (PID=139) to work on /home/airflow/.local/lib/python3.10/site-packages/airflow/example_dags/example_params_ui_tutorial.py
[2023-08-12T04:53:56.153+0000] {processor.py:826} INFO - Processing file /home/airflow/.local/lib/python3.10/site-packages/airflow/example_dags/example_params_ui_tutorial.py for tasks to queue
[2023-08-12T04:53:56.153+0000] {logging_mixin.py:149} INFO - [2023-08-12T04:53:56.153+0000] {dagbag.py:541} INFO - Filling up the DagBag from /home/airflow/.local/lib/python3.10/site-packages/airflow/example_dags/example_params_ui_tutorial.py
[2023-08-12T04:53:56.173+0000] {processor.py:836} INFO - DAG(s) dict_keys(['example_params_ui_tutorial']) retrieved from /home/airflow/.local/lib/python3.10/site-packages/airflow/example_dags/example_params_ui_tutorial.py
[2023-08-12T04:53:56.203+0000] {logging_mixin.py:149} INFO - [2023-08-12T04:53:56.203+0000] {dag.py:2726} INFO - Sync 1 DAGs
[2023-08-12T04:53:56.212+0000] {logging_mixin.py:149} INFO - [2023-08-12T04:53:56.212+0000] {dag.py:3486} INFO - Setting next_dagrun for example_params_ui_tutorial to None, run_after=None
[2023-08-12T04:53:56.220+0000] {processor.py:179} INFO - Processing /home/airflow/.local/lib/python3.10/site-packages/airflow/example_dags/example_params_ui_tutorial.py took 0.069 seconds
[2023-08-12T04:54:26.495+0000] {processor.py:157} INFO - Started process (PID=216) to work on /home/airflow/.local/lib/python3.10/site-packages/airflow/example_dags/example_params_ui_tutorial.py
[2023-08-12T04:54:26.495+0000] {processor.py:826} INFO - Processing file /home/airflow/.local/lib/python3.10/site-packages/airflow/example_dags/example_params_ui_tutorial.py for tasks to queue
[2023-08-12T04:54:26.495+0000] {logging_mixin.py:149} INFO - [2023-08-12T04:54:26.495+0000] {dagbag.py:541} INFO - Filling up the DagBag from /home/airflow/.local/lib/python3.10/site-packages/airflow/example_dags/example_params_ui_tutorial.py
[2023-08-12T04:54:26.514+0000] {processor.py:836} INFO - DAG(s) dict_keys(['example_params_ui_tutorial']) retrieved from /home/airflow/.local/lib/python3.10/site-packages/airflow/example_dags/example_params_ui_tutorial.py
[2023-08-12T04:54:26.544+0000] {logging_mixin.py:149} INFO - [2023-08-12T04:54:26.544+0000] {dag.py:2726} INFO - Sync 1 DAGs
[2023-08-12T04:54:26.553+0000] {logging_mixin.py:149} INFO - [2023-08-12T04:54:26.553+0000] {dag.py:3486} INFO - Setting next_dagrun for example_params_ui_tutorial to None, run_after=None
[2023-08-12T04:54:26.561+0000] {processor.py:179} INFO - Processing /home/airflow/.local/lib/python3.10/site-packages/airflow/example_dags/example_params_ui_tutorial.py took 0.067 seconds
[2023-08-12T04:54:56.906+0000] {processor.py:157} INFO - Started process (PID=293) to work on /home/airflow/.local/lib/python3.10/site-packages/airflow/example_dags/example_params_ui_tutorial.py
[2023-08-12T04:54:56.906+0000] {processor.py:826} INFO - Processing file /home/airflow/.local/lib/python3.10/site-packages/airflow/example_dags/example_params_ui_tutorial.py for tasks to queue
[2023-08-12T04:54:56.907+0000] {logging_mixin.py:149} INFO - [2023-08-12T04:54:56.907+0000] {dagbag.py:541} INFO - Filling up the DagBag from /home/airflow/.local/lib/python3.10/site-packages/airflow/example_dags/example_params_ui_tutorial.py
[2023-08-12T04:54:56.926+0000] {processor.py:836} INFO - DAG(s) dict_keys(['example_params_ui_tutorial']) retrieved from /home/airflow/.local/lib/python3.10/site-packages/airflow/example_dags/example_params_ui_tutorial.py
[2023-08-12T04:54:56.955+0000] {logging_mixin.py:149} INFO - [2023-08-12T04:54:56.955+0000] {dag.py:2726} INFO - Sync 1 DAGs
[2023-08-12T04:54:56.966+0000] {logging_mixin.py:149} INFO - [2023-08-12T04:54:56.966+0000] {dag.py:3486} INFO - Setting next_dagrun for example_params_ui_tutorial to None, run_after=None
[2023-08-12T04:54:56.974+0000] {processor.py:179} INFO - Processing /home/airflow/.local/lib/python3.10/site-packages/airflow/example_dags/example_params_ui_tutorial.py took 0.069 seconds
[2023-08-12T04:55:27.254+0000] {processor.py:157} INFO - Started process (PID=371) to work on /home/airflow/.local/lib/python3.10/site-packages/airflow/example_dags/example_params_ui_tutorial.py
[2023-08-12T04:55:27.254+0000] {processor.py:826} INFO - Processing file /home/airflow/.local/lib/python3.10/site-packages/airflow/example_dags/example_params_ui_tutorial.py for tasks to queue
[2023-08-12T04:55:27.254+0000] {logging_mixin.py:149} INFO - [2023-08-12T04:55:27.254+0000] {dagbag.py:541} INFO - Filling up the DagBag from /home/airflow/.local/lib/python3.10/site-packages/airflow/example_dags/example_params_ui_tutorial.py
[2023-08-12T04:55:27.273+0000] {processor.py:836} INFO - DAG(s) dict_keys(['example_params_ui_tutorial']) retrieved from /home/airflow/.local/lib/python3.10/site-packages/airflow/example_dags/example_params_ui_tutorial.py
[2023-08-12T04:55:27.303+0000] {logging_mixin.py:149} INFO - [2023-08-12T04:55:27.303+0000] {dag.py:2726} INFO - Sync 1 DAGs
[2023-08-12T04:55:27.313+0000] {logging_mixin.py:149} INFO - [2023-08-12T04:55:27.313+0000] {dag.py:3486} INFO - Setting next_dagrun for example_params_ui_tutorial to None, run_after=None
[2023-08-12T04:55:27.321+0000] {processor.py:179} INFO - Processing /home/airflow/.local/lib/python3.10/site-packages/airflow/example_dags/example_params_ui_tutorial.py took 0.069 seconds
[2023-08-12T04:55:57.560+0000] {processor.py:157} INFO - Started process (PID=448) to work on /home/airflow/.local/lib/python3.10/site-packages/airflow/example_dags/example_params_ui_tutorial.py
[2023-08-12T04:55:57.561+0000] {processor.py:826} INFO - Processing file /home/airflow/.local/lib/python3.10/site-packages/airflow/example_dags/example_params_ui_tutorial.py for tasks to queue
[2023-08-12T04:55:57.561+0000] {logging_mixin.py:149} INFO - [2023-08-12T04:55:57.561+0000] {dagbag.py:541} INFO - Filling up the DagBag from /home/airflow/.local/lib/python3.10/site-packages/airflow/example_dags/example_params_ui_tutorial.py
[2023-08-12T04:55:57.581+0000] {processor.py:836} INFO - DAG(s) dict_keys(['example_params_ui_tutorial']) retrieved from /home/airflow/.local/lib/python3.10/site-packages/airflow/example_dags/example_params_ui_tutorial.py
[2023-08-12T04:55:57.612+0000] {logging_mixin.py:149} INFO - [2023-08-12T04:55:57.612+0000] {dag.py:2726} INFO - Sync 1 DAGs
[2023-08-12T04:55:57.622+0000] {logging_mixin.py:149} INFO - [2023-08-12T04:55:57.622+0000] {dag.py:3486} INFO - Setting next_dagrun for example_params_ui_tutorial to None, run_after=None
[2023-08-12T04:55:57.629+0000] {processor.py:179} INFO - Processing /home/airflow/.local/lib/python3.10/site-packages/airflow/example_dags/example_params_ui_tutorial.py took 0.070 seconds
[2023-08-12T04:56:27.911+0000] {processor.py:157} INFO - Started process (PID=524) to work on /home/airflow/.local/lib/python3.10/site-packages/airflow/example_dags/example_params_ui_tutorial.py
[2023-08-12T04:56:27.911+0000] {processor.py:826} INFO - Processing file /home/airflow/.local/lib/python3.10/site-packages/airflow/example_dags/example_params_ui_tutorial.py for tasks to queue
[2023-08-12T04:56:27.912+0000] {logging_mixin.py:149} INFO - [2023-08-12T04:56:27.912+0000] {dagbag.py:541} INFO - Filling up the DagBag from /home/airflow/.local/lib/python3.10/site-packages/airflow/example_dags/example_params_ui_tutorial.py
[2023-08-12T04:56:27.932+0000] {processor.py:836} INFO - DAG(s) dict_keys(['example_params_ui_tutorial']) retrieved from /home/airflow/.local/lib/python3.10/site-packages/airflow/example_dags/example_params_ui_tutorial.py
[2023-08-12T04:56:27.962+0000] {logging_mixin.py:149} INFO - [2023-08-12T04:56:27.962+0000] {dag.py:2726} INFO - Sync 1 DAGs
[2023-08-12T04:56:27.972+0000] {logging_mixin.py:149} INFO - [2023-08-12T04:56:27.972+0000] {dag.py:3486} INFO - Setting next_dagrun for example_params_ui_tutorial to None, run_after=None
[2023-08-12T04:56:27.979+0000] {processor.py:179} INFO - Processing /home/airflow/.local/lib/python3.10/site-packages/airflow/example_dags/example_params_ui_tutorial.py took 0.070 seconds
[2023-08-12T04:56:58.310+0000] {processor.py:157} INFO - Started process (PID=600) to work on /home/airflow/.local/lib/python3.10/site-packages/airflow/example_dags/example_params_ui_tutorial.py
[2023-08-12T04:56:58.310+0000] {processor.py:826} INFO - Processing file /home/airflow/.local/lib/python3.10/site-packages/airflow/example_dags/example_params_ui_tutorial.py for tasks to queue
[2023-08-12T04:56:58.310+0000] {logging_mixin.py:149} INFO - [2023-08-12T04:56:58.310+0000] {dagbag.py:541} INFO - Filling up the DagBag from /home/airflow/.local/lib/python3.10/site-packages/airflow/example_dags/example_params_ui_tutorial.py
[2023-08-12T04:56:58.330+0000] {processor.py:836} INFO - DAG(s) dict_keys(['example_params_ui_tutorial']) retrieved from /home/airflow/.local/lib/python3.10/site-packages/airflow/example_dags/example_params_ui_tutorial.py
[2023-08-12T04:56:58.359+0000] {logging_mixin.py:149} INFO - [2023-08-12T04:56:58.359+0000] {dag.py:2726} INFO - Sync 1 DAGs
[2023-08-12T04:56:58.369+0000] {logging_mixin.py:149} INFO - [2023-08-12T04:56:58.369+0000] {dag.py:3486} INFO - Setting next_dagrun for example_params_ui_tutorial to None, run_after=None
[2023-08-12T04:56:58.376+0000] {processor.py:179} INFO - Processing /home/airflow/.local/lib/python3.10/site-packages/airflow/example_dags/example_params_ui_tutorial.py took 0.068 seconds
[2023-08-12T04:57:28.767+0000] {processor.py:157} INFO - Started process (PID=677) to work on /home/airflow/.local/lib/python3.10/site-packages/airflow/example_dags/example_params_ui_tutorial.py
[2023-08-12T04:57:28.767+0000] {processor.py:826} INFO - Processing file /home/airflow/.local/lib/python3.10/site-packages/airflow/example_dags/example_params_ui_tutorial.py for tasks to queue
[2023-08-12T04:57:28.768+0000] {logging_mixin.py:149} INFO - [2023-08-12T04:57:28.767+0000] {dagbag.py:541} INFO - Filling up the DagBag from /home/airflow/.local/lib/python3.10/site-packages/airflow/example_dags/example_params_ui_tutorial.py
[2023-08-12T04:57:28.787+0000] {processor.py:836} INFO - DAG(s) dict_keys(['example_params_ui_tutorial']) retrieved from /home/airflow/.local/lib/python3.10/site-packages/airflow/example_dags/example_params_ui_tutorial.py
[2023-08-12T04:57:28.816+0000] {logging_mixin.py:149} INFO - [2023-08-12T04:57:28.816+0000] {dag.py:2726} INFO - Sync 1 DAGs
[2023-08-12T04:57:28.826+0000] {logging_mixin.py:149} INFO - [2023-08-12T04:57:28.826+0000] {dag.py:3486} INFO - Setting next_dagrun for example_params_ui_tutorial to None, run_after=None
[2023-08-12T04:57:28.835+0000] {processor.py:179} INFO - Processing /home/airflow/.local/lib/python3.10/site-packages/airflow/example_dags/example_params_ui_tutorial.py took 0.069 seconds
