[2023-08-12T15:30:50.636+0000] {processor.py:157} INFO - Started process (PID=45) to work on /home/airflow/.local/lib/python3.10/site-packages/airflow/example_dags/example_xcom.py
[2023-08-12T15:30:50.636+0000] {processor.py:826} INFO - Processing file /home/airflow/.local/lib/python3.10/site-packages/airflow/example_dags/example_xcom.py for tasks to queue
[2023-08-12T15:30:50.636+0000] {logging_mixin.py:149} INFO - [2023-08-12T15:30:50.636+0000] {dagbag.py:541} INFO - Filling up the DagBag from /home/airflow/.local/lib/python3.10/site-packages/airflow/example_dags/example_xcom.py
[2023-08-12T15:30:50.641+0000] {processor.py:836} INFO - DAG(s) dict_keys(['example_xcom']) retrieved from /home/airflow/.local/lib/python3.10/site-packages/airflow/example_dags/example_xcom.py
[2023-08-12T15:30:50.646+0000] {logging_mixin.py:149} INFO - [2023-08-12T15:30:50.646+0000] {dag.py:2726} INFO - Sync 1 DAGs
[2023-08-12T15:30:50.657+0000] {logging_mixin.py:149} INFO - [2023-08-12T15:30:50.657+0000] {dag.py:3486} INFO - Setting next_dagrun for example_xcom to 2021-01-01T00:00:00+00:00, run_after=2021-01-01T00:00:00+00:00
[2023-08-12T15:30:50.665+0000] {processor.py:179} INFO - Processing /home/airflow/.local/lib/python3.10/site-packages/airflow/example_dags/example_xcom.py took 0.031 seconds
[2023-08-12T15:31:20.691+0000] {processor.py:157} INFO - Started process (PID=121) to work on /home/airflow/.local/lib/python3.10/site-packages/airflow/example_dags/example_xcom.py
[2023-08-12T15:31:20.692+0000] {processor.py:826} INFO - Processing file /home/airflow/.local/lib/python3.10/site-packages/airflow/example_dags/example_xcom.py for tasks to queue
[2023-08-12T15:31:20.692+0000] {logging_mixin.py:149} INFO - [2023-08-12T15:31:20.692+0000] {dagbag.py:541} INFO - Filling up the DagBag from /home/airflow/.local/lib/python3.10/site-packages/airflow/example_dags/example_xcom.py
[2023-08-12T15:31:20.695+0000] {processor.py:836} INFO - DAG(s) dict_keys(['example_xcom']) retrieved from /home/airflow/.local/lib/python3.10/site-packages/airflow/example_dags/example_xcom.py
[2023-08-12T15:31:20.705+0000] {logging_mixin.py:149} INFO - [2023-08-12T15:31:20.705+0000] {dag.py:2726} INFO - Sync 1 DAGs
[2023-08-12T15:31:20.715+0000] {logging_mixin.py:149} INFO - [2023-08-12T15:31:20.715+0000] {dag.py:3486} INFO - Setting next_dagrun for example_xcom to 2021-01-01T00:00:00+00:00, run_after=2021-01-01T00:00:00+00:00
[2023-08-12T15:31:20.721+0000] {processor.py:179} INFO - Processing /home/airflow/.local/lib/python3.10/site-packages/airflow/example_dags/example_xcom.py took 0.031 seconds
[2023-08-12T15:31:51.139+0000] {processor.py:157} INFO - Started process (PID=198) to work on /home/airflow/.local/lib/python3.10/site-packages/airflow/example_dags/example_xcom.py
[2023-08-12T15:31:51.139+0000] {processor.py:826} INFO - Processing file /home/airflow/.local/lib/python3.10/site-packages/airflow/example_dags/example_xcom.py for tasks to queue
[2023-08-12T15:31:51.139+0000] {logging_mixin.py:149} INFO - [2023-08-12T15:31:51.139+0000] {dagbag.py:541} INFO - Filling up the DagBag from /home/airflow/.local/lib/python3.10/site-packages/airflow/example_dags/example_xcom.py
[2023-08-12T15:31:51.143+0000] {processor.py:836} INFO - DAG(s) dict_keys(['example_xcom']) retrieved from /home/airflow/.local/lib/python3.10/site-packages/airflow/example_dags/example_xcom.py
[2023-08-12T15:31:51.153+0000] {logging_mixin.py:149} INFO - [2023-08-12T15:31:51.153+0000] {dag.py:2726} INFO - Sync 1 DAGs
[2023-08-12T15:31:51.164+0000] {logging_mixin.py:149} INFO - [2023-08-12T15:31:51.164+0000] {dag.py:3486} INFO - Setting next_dagrun for example_xcom to 2021-01-01T00:00:00+00:00, run_after=2021-01-01T00:00:00+00:00
[2023-08-12T15:31:51.171+0000] {processor.py:179} INFO - Processing /home/airflow/.local/lib/python3.10/site-packages/airflow/example_dags/example_xcom.py took 0.034 seconds
[2023-08-12T15:32:21.384+0000] {processor.py:157} INFO - Started process (PID=275) to work on /home/airflow/.local/lib/python3.10/site-packages/airflow/example_dags/example_xcom.py
[2023-08-12T15:32:21.385+0000] {processor.py:826} INFO - Processing file /home/airflow/.local/lib/python3.10/site-packages/airflow/example_dags/example_xcom.py for tasks to queue
[2023-08-12T15:32:21.385+0000] {logging_mixin.py:149} INFO - [2023-08-12T15:32:21.385+0000] {dagbag.py:541} INFO - Filling up the DagBag from /home/airflow/.local/lib/python3.10/site-packages/airflow/example_dags/example_xcom.py
[2023-08-12T15:32:21.388+0000] {processor.py:836} INFO - DAG(s) dict_keys(['example_xcom']) retrieved from /home/airflow/.local/lib/python3.10/site-packages/airflow/example_dags/example_xcom.py
[2023-08-12T15:32:21.399+0000] {logging_mixin.py:149} INFO - [2023-08-12T15:32:21.399+0000] {dag.py:2726} INFO - Sync 1 DAGs
[2023-08-12T15:32:21.409+0000] {logging_mixin.py:149} INFO - [2023-08-12T15:32:21.409+0000] {dag.py:3486} INFO - Setting next_dagrun for example_xcom to 2021-01-01T00:00:00+00:00, run_after=2021-01-01T00:00:00+00:00
[2023-08-12T15:32:21.416+0000] {processor.py:179} INFO - Processing /home/airflow/.local/lib/python3.10/site-packages/airflow/example_dags/example_xcom.py took 0.033 seconds
[2023-08-12T15:32:51.643+0000] {processor.py:157} INFO - Started process (PID=351) to work on /home/airflow/.local/lib/python3.10/site-packages/airflow/example_dags/example_xcom.py
[2023-08-12T15:32:51.643+0000] {processor.py:826} INFO - Processing file /home/airflow/.local/lib/python3.10/site-packages/airflow/example_dags/example_xcom.py for tasks to queue
[2023-08-12T15:32:51.644+0000] {logging_mixin.py:149} INFO - [2023-08-12T15:32:51.644+0000] {dagbag.py:541} INFO - Filling up the DagBag from /home/airflow/.local/lib/python3.10/site-packages/airflow/example_dags/example_xcom.py
[2023-08-12T15:32:51.647+0000] {processor.py:836} INFO - DAG(s) dict_keys(['example_xcom']) retrieved from /home/airflow/.local/lib/python3.10/site-packages/airflow/example_dags/example_xcom.py
[2023-08-12T15:32:51.657+0000] {logging_mixin.py:149} INFO - [2023-08-12T15:32:51.657+0000] {dag.py:2726} INFO - Sync 1 DAGs
[2023-08-12T15:32:51.666+0000] {logging_mixin.py:149} INFO - [2023-08-12T15:32:51.666+0000] {dag.py:3486} INFO - Setting next_dagrun for example_xcom to 2021-01-01T00:00:00+00:00, run_after=2021-01-01T00:00:00+00:00
[2023-08-12T15:32:51.673+0000] {processor.py:179} INFO - Processing /home/airflow/.local/lib/python3.10/site-packages/airflow/example_dags/example_xcom.py took 0.031 seconds
[2023-08-12T15:33:22.381+0000] {processor.py:157} INFO - Started process (PID=428) to work on /home/airflow/.local/lib/python3.10/site-packages/airflow/example_dags/example_xcom.py
[2023-08-12T15:33:22.381+0000] {processor.py:826} INFO - Processing file /home/airflow/.local/lib/python3.10/site-packages/airflow/example_dags/example_xcom.py for tasks to queue
[2023-08-12T15:33:22.381+0000] {logging_mixin.py:149} INFO - [2023-08-12T15:33:22.381+0000] {dagbag.py:541} INFO - Filling up the DagBag from /home/airflow/.local/lib/python3.10/site-packages/airflow/example_dags/example_xcom.py
[2023-08-12T15:33:22.384+0000] {processor.py:836} INFO - DAG(s) dict_keys(['example_xcom']) retrieved from /home/airflow/.local/lib/python3.10/site-packages/airflow/example_dags/example_xcom.py
[2023-08-12T15:33:22.395+0000] {logging_mixin.py:149} INFO - [2023-08-12T15:33:22.395+0000] {dag.py:2726} INFO - Sync 1 DAGs
[2023-08-12T15:33:22.406+0000] {logging_mixin.py:149} INFO - [2023-08-12T15:33:22.406+0000] {dag.py:3486} INFO - Setting next_dagrun for example_xcom to 2021-01-01T00:00:00+00:00, run_after=2021-01-01T00:00:00+00:00
[2023-08-12T15:33:22.413+0000] {processor.py:179} INFO - Processing /home/airflow/.local/lib/python3.10/site-packages/airflow/example_dags/example_xcom.py took 0.034 seconds
[2023-08-12T15:33:52.877+0000] {processor.py:157} INFO - Started process (PID=505) to work on /home/airflow/.local/lib/python3.10/site-packages/airflow/example_dags/example_xcom.py
[2023-08-12T15:33:52.877+0000] {processor.py:826} INFO - Processing file /home/airflow/.local/lib/python3.10/site-packages/airflow/example_dags/example_xcom.py for tasks to queue
[2023-08-12T15:33:52.878+0000] {logging_mixin.py:149} INFO - [2023-08-12T15:33:52.877+0000] {dagbag.py:541} INFO - Filling up the DagBag from /home/airflow/.local/lib/python3.10/site-packages/airflow/example_dags/example_xcom.py
[2023-08-12T15:33:52.881+0000] {processor.py:836} INFO - DAG(s) dict_keys(['example_xcom']) retrieved from /home/airflow/.local/lib/python3.10/site-packages/airflow/example_dags/example_xcom.py
[2023-08-12T15:33:52.891+0000] {logging_mixin.py:149} INFO - [2023-08-12T15:33:52.891+0000] {dag.py:2726} INFO - Sync 1 DAGs
[2023-08-12T15:33:52.901+0000] {logging_mixin.py:149} INFO - [2023-08-12T15:33:52.901+0000] {dag.py:3486} INFO - Setting next_dagrun for example_xcom to 2021-01-01T00:00:00+00:00, run_after=2021-01-01T00:00:00+00:00
[2023-08-12T15:33:52.909+0000] {processor.py:179} INFO - Processing /home/airflow/.local/lib/python3.10/site-packages/airflow/example_dags/example_xcom.py took 0.034 seconds
