[2023-08-12T04:24:24.542+0000] {processor.py:157} INFO - Started process (PID=34) to work on /home/airflow/.local/lib/python3.10/site-packages/airflow/example_dags/example_task_group.py
[2023-08-12T04:24:24.543+0000] {processor.py:826} INFO - Processing file /home/airflow/.local/lib/python3.10/site-packages/airflow/example_dags/example_task_group.py for tasks to queue
[2023-08-12T04:24:24.543+0000] {logging_mixin.py:149} INFO - [2023-08-12T04:24:24.543+0000] {dagbag.py:541} INFO - Filling up the DagBag from /home/airflow/.local/lib/python3.10/site-packages/airflow/example_dags/example_task_group.py
[2023-08-12T04:24:24.548+0000] {processor.py:836} INFO - DAG(s) dict_keys(['example_task_group']) retrieved from /home/airflow/.local/lib/python3.10/site-packages/airflow/example_dags/example_task_group.py
[2023-08-12T04:24:24.553+0000] {logging_mixin.py:149} INFO - [2023-08-12T04:24:24.553+0000] {dag.py:2726} INFO - Sync 1 DAGs
[2023-08-12T04:24:24.564+0000] {logging_mixin.py:149} INFO - [2023-08-12T04:24:24.563+0000] {dag.py:3486} INFO - Setting next_dagrun for example_task_group to 2023-08-11T04:24:24.563879+00:00, run_after=2023-08-12T04:24:24.563879+00:00
[2023-08-12T04:24:24.571+0000] {processor.py:179} INFO - Processing /home/airflow/.local/lib/python3.10/site-packages/airflow/example_dags/example_task_group.py took 0.030 seconds
[2023-08-12T04:24:54.868+0000] {processor.py:157} INFO - Started process (PID=110) to work on /home/airflow/.local/lib/python3.10/site-packages/airflow/example_dags/example_task_group.py
[2023-08-12T04:24:54.869+0000] {processor.py:826} INFO - Processing file /home/airflow/.local/lib/python3.10/site-packages/airflow/example_dags/example_task_group.py for tasks to queue
[2023-08-12T04:24:54.869+0000] {logging_mixin.py:149} INFO - [2023-08-12T04:24:54.869+0000] {dagbag.py:541} INFO - Filling up the DagBag from /home/airflow/.local/lib/python3.10/site-packages/airflow/example_dags/example_task_group.py
[2023-08-12T04:24:54.874+0000] {processor.py:836} INFO - DAG(s) dict_keys(['example_task_group']) retrieved from /home/airflow/.local/lib/python3.10/site-packages/airflow/example_dags/example_task_group.py
[2023-08-12T04:24:54.887+0000] {logging_mixin.py:149} INFO - [2023-08-12T04:24:54.887+0000] {dag.py:2726} INFO - Sync 1 DAGs
[2023-08-12T04:24:54.897+0000] {logging_mixin.py:149} INFO - [2023-08-12T04:24:54.897+0000] {dag.py:3486} INFO - Setting next_dagrun for example_task_group to 2023-08-11T04:24:54.897185+00:00, run_after=2023-08-12T04:24:54.897185+00:00
[2023-08-12T04:24:54.904+0000] {processor.py:179} INFO - Processing /home/airflow/.local/lib/python3.10/site-packages/airflow/example_dags/example_task_group.py took 0.037 seconds
[2023-08-12T04:25:25.324+0000] {processor.py:157} INFO - Started process (PID=187) to work on /home/airflow/.local/lib/python3.10/site-packages/airflow/example_dags/example_task_group.py
[2023-08-12T04:25:25.325+0000] {processor.py:826} INFO - Processing file /home/airflow/.local/lib/python3.10/site-packages/airflow/example_dags/example_task_group.py for tasks to queue
[2023-08-12T04:25:25.325+0000] {logging_mixin.py:149} INFO - [2023-08-12T04:25:25.325+0000] {dagbag.py:541} INFO - Filling up the DagBag from /home/airflow/.local/lib/python3.10/site-packages/airflow/example_dags/example_task_group.py
[2023-08-12T04:25:25.328+0000] {processor.py:836} INFO - DAG(s) dict_keys(['example_task_group']) retrieved from /home/airflow/.local/lib/python3.10/site-packages/airflow/example_dags/example_task_group.py
[2023-08-12T04:25:25.339+0000] {logging_mixin.py:149} INFO - [2023-08-12T04:25:25.339+0000] {dag.py:2726} INFO - Sync 1 DAGs
[2023-08-12T04:25:25.348+0000] {logging_mixin.py:149} INFO - [2023-08-12T04:25:25.348+0000] {dag.py:3486} INFO - Setting next_dagrun for example_task_group to 2023-08-11T04:25:25.348599+00:00, run_after=2023-08-12T04:25:25.348599+00:00
[2023-08-12T04:25:25.356+0000] {processor.py:179} INFO - Processing /home/airflow/.local/lib/python3.10/site-packages/airflow/example_dags/example_task_group.py took 0.032 seconds
[2023-08-12T04:25:55.638+0000] {processor.py:157} INFO - Started process (PID=264) to work on /home/airflow/.local/lib/python3.10/site-packages/airflow/example_dags/example_task_group.py
[2023-08-12T04:25:55.638+0000] {processor.py:826} INFO - Processing file /home/airflow/.local/lib/python3.10/site-packages/airflow/example_dags/example_task_group.py for tasks to queue
[2023-08-12T04:25:55.638+0000] {logging_mixin.py:149} INFO - [2023-08-12T04:25:55.638+0000] {dagbag.py:541} INFO - Filling up the DagBag from /home/airflow/.local/lib/python3.10/site-packages/airflow/example_dags/example_task_group.py
[2023-08-12T04:25:55.642+0000] {processor.py:836} INFO - DAG(s) dict_keys(['example_task_group']) retrieved from /home/airflow/.local/lib/python3.10/site-packages/airflow/example_dags/example_task_group.py
[2023-08-12T04:25:55.653+0000] {logging_mixin.py:149} INFO - [2023-08-12T04:25:55.652+0000] {dag.py:2726} INFO - Sync 1 DAGs
[2023-08-12T04:25:55.662+0000] {logging_mixin.py:149} INFO - [2023-08-12T04:25:55.662+0000] {dag.py:3486} INFO - Setting next_dagrun for example_task_group to 2023-08-11T04:25:55.662448+00:00, run_after=2023-08-12T04:25:55.662448+00:00
[2023-08-12T04:25:55.669+0000] {processor.py:179} INFO - Processing /home/airflow/.local/lib/python3.10/site-packages/airflow/example_dags/example_task_group.py took 0.033 seconds
[2023-08-12T04:26:26.124+0000] {processor.py:157} INFO - Started process (PID=340) to work on /home/airflow/.local/lib/python3.10/site-packages/airflow/example_dags/example_task_group.py
[2023-08-12T04:26:26.124+0000] {processor.py:826} INFO - Processing file /home/airflow/.local/lib/python3.10/site-packages/airflow/example_dags/example_task_group.py for tasks to queue
[2023-08-12T04:26:26.125+0000] {logging_mixin.py:149} INFO - [2023-08-12T04:26:26.124+0000] {dagbag.py:541} INFO - Filling up the DagBag from /home/airflow/.local/lib/python3.10/site-packages/airflow/example_dags/example_task_group.py
[2023-08-12T04:26:26.128+0000] {processor.py:836} INFO - DAG(s) dict_keys(['example_task_group']) retrieved from /home/airflow/.local/lib/python3.10/site-packages/airflow/example_dags/example_task_group.py
[2023-08-12T04:26:26.139+0000] {logging_mixin.py:149} INFO - [2023-08-12T04:26:26.139+0000] {dag.py:2726} INFO - Sync 1 DAGs
[2023-08-12T04:26:26.149+0000] {logging_mixin.py:149} INFO - [2023-08-12T04:26:26.149+0000] {dag.py:3486} INFO - Setting next_dagrun for example_task_group to 2023-08-11T04:26:26.149379+00:00, run_after=2023-08-12T04:26:26.149379+00:00
[2023-08-12T04:26:26.157+0000] {processor.py:179} INFO - Processing /home/airflow/.local/lib/python3.10/site-packages/airflow/example_dags/example_task_group.py took 0.035 seconds
[2023-08-12T04:26:56.837+0000] {processor.py:157} INFO - Started process (PID=418) to work on /home/airflow/.local/lib/python3.10/site-packages/airflow/example_dags/example_task_group.py
[2023-08-12T04:26:56.837+0000] {processor.py:826} INFO - Processing file /home/airflow/.local/lib/python3.10/site-packages/airflow/example_dags/example_task_group.py for tasks to queue
[2023-08-12T04:26:56.838+0000] {logging_mixin.py:149} INFO - [2023-08-12T04:26:56.838+0000] {dagbag.py:541} INFO - Filling up the DagBag from /home/airflow/.local/lib/python3.10/site-packages/airflow/example_dags/example_task_group.py
[2023-08-12T04:26:56.841+0000] {processor.py:836} INFO - DAG(s) dict_keys(['example_task_group']) retrieved from /home/airflow/.local/lib/python3.10/site-packages/airflow/example_dags/example_task_group.py
[2023-08-12T04:26:56.852+0000] {logging_mixin.py:149} INFO - [2023-08-12T04:26:56.852+0000] {dag.py:2726} INFO - Sync 1 DAGs
[2023-08-12T04:26:56.862+0000] {logging_mixin.py:149} INFO - [2023-08-12T04:26:56.861+0000] {dag.py:3486} INFO - Setting next_dagrun for example_task_group to 2023-08-11T04:26:56.861822+00:00, run_after=2023-08-12T04:26:56.861822+00:00
[2023-08-12T04:26:56.868+0000] {processor.py:179} INFO - Processing /home/airflow/.local/lib/python3.10/site-packages/airflow/example_dags/example_task_group.py took 0.033 seconds
[2023-08-12T04:27:27.374+0000] {processor.py:157} INFO - Started process (PID=495) to work on /home/airflow/.local/lib/python3.10/site-packages/airflow/example_dags/example_task_group.py
[2023-08-12T04:27:27.375+0000] {processor.py:826} INFO - Processing file /home/airflow/.local/lib/python3.10/site-packages/airflow/example_dags/example_task_group.py for tasks to queue
[2023-08-12T04:27:27.375+0000] {logging_mixin.py:149} INFO - [2023-08-12T04:27:27.375+0000] {dagbag.py:541} INFO - Filling up the DagBag from /home/airflow/.local/lib/python3.10/site-packages/airflow/example_dags/example_task_group.py
[2023-08-12T04:27:27.378+0000] {processor.py:836} INFO - DAG(s) dict_keys(['example_task_group']) retrieved from /home/airflow/.local/lib/python3.10/site-packages/airflow/example_dags/example_task_group.py
[2023-08-12T04:27:27.389+0000] {logging_mixin.py:149} INFO - [2023-08-12T04:27:27.389+0000] {dag.py:2726} INFO - Sync 1 DAGs
[2023-08-12T04:27:27.398+0000] {logging_mixin.py:149} INFO - [2023-08-12T04:27:27.398+0000] {dag.py:3486} INFO - Setting next_dagrun for example_task_group to 2023-08-11T04:27:27.398695+00:00, run_after=2023-08-12T04:27:27.398695+00:00
[2023-08-12T04:27:27.405+0000] {processor.py:179} INFO - Processing /home/airflow/.local/lib/python3.10/site-packages/airflow/example_dags/example_task_group.py took 0.032 seconds
[2023-08-12T04:27:57.626+0000] {processor.py:157} INFO - Started process (PID=572) to work on /home/airflow/.local/lib/python3.10/site-packages/airflow/example_dags/example_task_group.py
[2023-08-12T04:27:57.627+0000] {processor.py:826} INFO - Processing file /home/airflow/.local/lib/python3.10/site-packages/airflow/example_dags/example_task_group.py for tasks to queue
[2023-08-12T04:27:57.627+0000] {logging_mixin.py:149} INFO - [2023-08-12T04:27:57.627+0000] {dagbag.py:541} INFO - Filling up the DagBag from /home/airflow/.local/lib/python3.10/site-packages/airflow/example_dags/example_task_group.py
[2023-08-12T04:27:57.630+0000] {processor.py:836} INFO - DAG(s) dict_keys(['example_task_group']) retrieved from /home/airflow/.local/lib/python3.10/site-packages/airflow/example_dags/example_task_group.py
[2023-08-12T04:27:57.642+0000] {logging_mixin.py:149} INFO - [2023-08-12T04:27:57.642+0000] {dag.py:2726} INFO - Sync 1 DAGs
[2023-08-12T04:27:57.651+0000] {logging_mixin.py:149} INFO - [2023-08-12T04:27:57.651+0000] {dag.py:3486} INFO - Setting next_dagrun for example_task_group to 2023-08-11T04:27:57.651562+00:00, run_after=2023-08-12T04:27:57.651562+00:00
[2023-08-12T04:27:57.658+0000] {processor.py:179} INFO - Processing /home/airflow/.local/lib/python3.10/site-packages/airflow/example_dags/example_task_group.py took 0.033 seconds
[2023-08-12T04:28:28.122+0000] {processor.py:157} INFO - Started process (PID=649) to work on /home/airflow/.local/lib/python3.10/site-packages/airflow/example_dags/example_task_group.py
[2023-08-12T04:28:28.123+0000] {processor.py:826} INFO - Processing file /home/airflow/.local/lib/python3.10/site-packages/airflow/example_dags/example_task_group.py for tasks to queue
[2023-08-12T04:28:28.123+0000] {logging_mixin.py:149} INFO - [2023-08-12T04:28:28.123+0000] {dagbag.py:541} INFO - Filling up the DagBag from /home/airflow/.local/lib/python3.10/site-packages/airflow/example_dags/example_task_group.py
[2023-08-12T04:28:28.126+0000] {processor.py:836} INFO - DAG(s) dict_keys(['example_task_group']) retrieved from /home/airflow/.local/lib/python3.10/site-packages/airflow/example_dags/example_task_group.py
[2023-08-12T04:28:28.136+0000] {logging_mixin.py:149} INFO - [2023-08-12T04:28:28.136+0000] {dag.py:2726} INFO - Sync 1 DAGs
[2023-08-12T04:28:28.146+0000] {logging_mixin.py:149} INFO - [2023-08-12T04:28:28.146+0000] {dag.py:3486} INFO - Setting next_dagrun for example_task_group to 2023-08-11T04:28:28.146221+00:00, run_after=2023-08-12T04:28:28.146221+00:00
[2023-08-12T04:28:28.153+0000] {processor.py:179} INFO - Processing /home/airflow/.local/lib/python3.10/site-packages/airflow/example_dags/example_task_group.py took 0.032 seconds
[2023-08-12T04:28:58.480+0000] {processor.py:157} INFO - Started process (PID=725) to work on /home/airflow/.local/lib/python3.10/site-packages/airflow/example_dags/example_task_group.py
[2023-08-12T04:28:58.480+0000] {processor.py:826} INFO - Processing file /home/airflow/.local/lib/python3.10/site-packages/airflow/example_dags/example_task_group.py for tasks to queue
[2023-08-12T04:28:58.481+0000] {logging_mixin.py:149} INFO - [2023-08-12T04:28:58.481+0000] {dagbag.py:541} INFO - Filling up the DagBag from /home/airflow/.local/lib/python3.10/site-packages/airflow/example_dags/example_task_group.py
[2023-08-12T04:28:58.484+0000] {processor.py:836} INFO - DAG(s) dict_keys(['example_task_group']) retrieved from /home/airflow/.local/lib/python3.10/site-packages/airflow/example_dags/example_task_group.py
[2023-08-12T04:28:58.494+0000] {logging_mixin.py:149} INFO - [2023-08-12T04:28:58.494+0000] {dag.py:2726} INFO - Sync 1 DAGs
[2023-08-12T04:28:58.504+0000] {logging_mixin.py:149} INFO - [2023-08-12T04:28:58.504+0000] {dag.py:3486} INFO - Setting next_dagrun for example_task_group to 2023-08-11T04:28:58.504066+00:00, run_after=2023-08-12T04:28:58.504066+00:00
[2023-08-12T04:28:58.511+0000] {processor.py:179} INFO - Processing /home/airflow/.local/lib/python3.10/site-packages/airflow/example_dags/example_task_group.py took 0.032 seconds
[2023-08-12T04:29:28.930+0000] {processor.py:157} INFO - Started process (PID=801) to work on /home/airflow/.local/lib/python3.10/site-packages/airflow/example_dags/example_task_group.py
[2023-08-12T04:29:28.930+0000] {processor.py:826} INFO - Processing file /home/airflow/.local/lib/python3.10/site-packages/airflow/example_dags/example_task_group.py for tasks to queue
[2023-08-12T04:29:28.930+0000] {logging_mixin.py:149} INFO - [2023-08-12T04:29:28.930+0000] {dagbag.py:541} INFO - Filling up the DagBag from /home/airflow/.local/lib/python3.10/site-packages/airflow/example_dags/example_task_group.py
[2023-08-12T04:29:28.934+0000] {processor.py:836} INFO - DAG(s) dict_keys(['example_task_group']) retrieved from /home/airflow/.local/lib/python3.10/site-packages/airflow/example_dags/example_task_group.py
[2023-08-12T04:29:28.945+0000] {logging_mixin.py:149} INFO - [2023-08-12T04:29:28.945+0000] {dag.py:2726} INFO - Sync 1 DAGs
[2023-08-12T04:29:28.954+0000] {logging_mixin.py:149} INFO - [2023-08-12T04:29:28.954+0000] {dag.py:3486} INFO - Setting next_dagrun for example_task_group to 2023-08-11T04:29:28.954664+00:00, run_after=2023-08-12T04:29:28.954664+00:00
[2023-08-12T04:29:28.962+0000] {processor.py:179} INFO - Processing /home/airflow/.local/lib/python3.10/site-packages/airflow/example_dags/example_task_group.py took 0.033 seconds
[2023-08-12T04:29:59.320+0000] {processor.py:157} INFO - Started process (PID=878) to work on /home/airflow/.local/lib/python3.10/site-packages/airflow/example_dags/example_task_group.py
[2023-08-12T04:29:59.320+0000] {processor.py:826} INFO - Processing file /home/airflow/.local/lib/python3.10/site-packages/airflow/example_dags/example_task_group.py for tasks to queue
[2023-08-12T04:29:59.321+0000] {logging_mixin.py:149} INFO - [2023-08-12T04:29:59.321+0000] {dagbag.py:541} INFO - Filling up the DagBag from /home/airflow/.local/lib/python3.10/site-packages/airflow/example_dags/example_task_group.py
[2023-08-12T04:29:59.324+0000] {processor.py:836} INFO - DAG(s) dict_keys(['example_task_group']) retrieved from /home/airflow/.local/lib/python3.10/site-packages/airflow/example_dags/example_task_group.py
[2023-08-12T04:29:59.335+0000] {logging_mixin.py:149} INFO - [2023-08-12T04:29:59.335+0000] {dag.py:2726} INFO - Sync 1 DAGs
[2023-08-12T04:29:59.344+0000] {logging_mixin.py:149} INFO - [2023-08-12T04:29:59.344+0000] {dag.py:3486} INFO - Setting next_dagrun for example_task_group to 2023-08-11T04:29:59.344299+00:00, run_after=2023-08-12T04:29:59.344299+00:00
[2023-08-12T04:29:59.351+0000] {processor.py:179} INFO - Processing /home/airflow/.local/lib/python3.10/site-packages/airflow/example_dags/example_task_group.py took 0.033 seconds
[2023-08-12T04:30:29.802+0000] {processor.py:157} INFO - Started process (PID=955) to work on /home/airflow/.local/lib/python3.10/site-packages/airflow/example_dags/example_task_group.py
[2023-08-12T04:30:29.802+0000] {processor.py:826} INFO - Processing file /home/airflow/.local/lib/python3.10/site-packages/airflow/example_dags/example_task_group.py for tasks to queue
[2023-08-12T04:30:29.802+0000] {logging_mixin.py:149} INFO - [2023-08-12T04:30:29.802+0000] {dagbag.py:541} INFO - Filling up the DagBag from /home/airflow/.local/lib/python3.10/site-packages/airflow/example_dags/example_task_group.py
[2023-08-12T04:30:29.806+0000] {processor.py:836} INFO - DAG(s) dict_keys(['example_task_group']) retrieved from /home/airflow/.local/lib/python3.10/site-packages/airflow/example_dags/example_task_group.py
[2023-08-12T04:30:29.818+0000] {logging_mixin.py:149} INFO - [2023-08-12T04:30:29.818+0000] {dag.py:2726} INFO - Sync 1 DAGs
[2023-08-12T04:30:29.827+0000] {logging_mixin.py:149} INFO - [2023-08-12T04:30:29.827+0000] {dag.py:3486} INFO - Setting next_dagrun for example_task_group to 2023-08-11T04:30:29.827600+00:00, run_after=2023-08-12T04:30:29.827600+00:00
[2023-08-12T04:30:29.834+0000] {processor.py:179} INFO - Processing /home/airflow/.local/lib/python3.10/site-packages/airflow/example_dags/example_task_group.py took 0.034 seconds
[2023-08-12T04:31:28.425+0000] {processor.py:157} INFO - Started process (PID=34) to work on /home/airflow/.local/lib/python3.10/site-packages/airflow/example_dags/example_task_group.py
[2023-08-12T04:31:28.426+0000] {processor.py:826} INFO - Processing file /home/airflow/.local/lib/python3.10/site-packages/airflow/example_dags/example_task_group.py for tasks to queue
[2023-08-12T04:31:28.426+0000] {logging_mixin.py:149} INFO - [2023-08-12T04:31:28.426+0000] {dagbag.py:541} INFO - Filling up the DagBag from /home/airflow/.local/lib/python3.10/site-packages/airflow/example_dags/example_task_group.py
[2023-08-12T04:31:28.432+0000] {processor.py:836} INFO - DAG(s) dict_keys(['example_task_group']) retrieved from /home/airflow/.local/lib/python3.10/site-packages/airflow/example_dags/example_task_group.py
[2023-08-12T04:31:28.438+0000] {logging_mixin.py:149} INFO - [2023-08-12T04:31:28.438+0000] {dag.py:2726} INFO - Sync 1 DAGs
[2023-08-12T04:31:28.451+0000] {logging_mixin.py:149} INFO - [2023-08-12T04:31:28.451+0000] {dag.py:3486} INFO - Setting next_dagrun for example_task_group to 2023-08-11T04:31:28.451058+00:00, run_after=2023-08-12T04:31:28.451058+00:00
[2023-08-12T04:31:28.460+0000] {processor.py:179} INFO - Processing /home/airflow/.local/lib/python3.10/site-packages/airflow/example_dags/example_task_group.py took 0.036 seconds
[2023-08-12T04:31:58.678+0000] {processor.py:157} INFO - Started process (PID=109) to work on /home/airflow/.local/lib/python3.10/site-packages/airflow/example_dags/example_task_group.py
[2023-08-12T04:31:58.678+0000] {processor.py:826} INFO - Processing file /home/airflow/.local/lib/python3.10/site-packages/airflow/example_dags/example_task_group.py for tasks to queue
[2023-08-12T04:31:58.679+0000] {logging_mixin.py:149} INFO - [2023-08-12T04:31:58.679+0000] {dagbag.py:541} INFO - Filling up the DagBag from /home/airflow/.local/lib/python3.10/site-packages/airflow/example_dags/example_task_group.py
[2023-08-12T04:31:58.682+0000] {processor.py:836} INFO - DAG(s) dict_keys(['example_task_group']) retrieved from /home/airflow/.local/lib/python3.10/site-packages/airflow/example_dags/example_task_group.py
[2023-08-12T04:31:58.694+0000] {logging_mixin.py:149} INFO - [2023-08-12T04:31:58.694+0000] {dag.py:2726} INFO - Sync 1 DAGs
[2023-08-12T04:31:58.704+0000] {logging_mixin.py:149} INFO - [2023-08-12T04:31:58.704+0000] {dag.py:3486} INFO - Setting next_dagrun for example_task_group to 2023-08-11T04:31:58.704300+00:00, run_after=2023-08-12T04:31:58.704300+00:00
[2023-08-12T04:31:58.711+0000] {processor.py:179} INFO - Processing /home/airflow/.local/lib/python3.10/site-packages/airflow/example_dags/example_task_group.py took 0.034 seconds
[2023-08-12T04:32:29.114+0000] {processor.py:157} INFO - Started process (PID=186) to work on /home/airflow/.local/lib/python3.10/site-packages/airflow/example_dags/example_task_group.py
[2023-08-12T04:32:29.114+0000] {processor.py:826} INFO - Processing file /home/airflow/.local/lib/python3.10/site-packages/airflow/example_dags/example_task_group.py for tasks to queue
[2023-08-12T04:32:29.114+0000] {logging_mixin.py:149} INFO - [2023-08-12T04:32:29.114+0000] {dagbag.py:541} INFO - Filling up the DagBag from /home/airflow/.local/lib/python3.10/site-packages/airflow/example_dags/example_task_group.py
[2023-08-12T04:32:29.118+0000] {processor.py:836} INFO - DAG(s) dict_keys(['example_task_group']) retrieved from /home/airflow/.local/lib/python3.10/site-packages/airflow/example_dags/example_task_group.py
[2023-08-12T04:32:29.128+0000] {logging_mixin.py:149} INFO - [2023-08-12T04:32:29.128+0000] {dag.py:2726} INFO - Sync 1 DAGs
[2023-08-12T04:32:29.137+0000] {logging_mixin.py:149} INFO - [2023-08-12T04:32:29.137+0000] {dag.py:3486} INFO - Setting next_dagrun for example_task_group to 2023-08-11T04:32:29.137615+00:00, run_after=2023-08-12T04:32:29.137615+00:00
[2023-08-12T04:32:29.144+0000] {processor.py:179} INFO - Processing /home/airflow/.local/lib/python3.10/site-packages/airflow/example_dags/example_task_group.py took 0.032 seconds
[2023-08-12T04:32:59.451+0000] {processor.py:157} INFO - Started process (PID=263) to work on /home/airflow/.local/lib/python3.10/site-packages/airflow/example_dags/example_task_group.py
[2023-08-12T04:32:59.452+0000] {processor.py:826} INFO - Processing file /home/airflow/.local/lib/python3.10/site-packages/airflow/example_dags/example_task_group.py for tasks to queue
[2023-08-12T04:32:59.452+0000] {logging_mixin.py:149} INFO - [2023-08-12T04:32:59.452+0000] {dagbag.py:541} INFO - Filling up the DagBag from /home/airflow/.local/lib/python3.10/site-packages/airflow/example_dags/example_task_group.py
[2023-08-12T04:32:59.455+0000] {processor.py:836} INFO - DAG(s) dict_keys(['example_task_group']) retrieved from /home/airflow/.local/lib/python3.10/site-packages/airflow/example_dags/example_task_group.py
[2023-08-12T04:32:59.466+0000] {logging_mixin.py:149} INFO - [2023-08-12T04:32:59.466+0000] {dag.py:2726} INFO - Sync 1 DAGs
[2023-08-12T04:32:59.476+0000] {logging_mixin.py:149} INFO - [2023-08-12T04:32:59.476+0000] {dag.py:3486} INFO - Setting next_dagrun for example_task_group to 2023-08-11T04:32:59.475980+00:00, run_after=2023-08-12T04:32:59.475980+00:00
[2023-08-12T04:32:59.483+0000] {processor.py:179} INFO - Processing /home/airflow/.local/lib/python3.10/site-packages/airflow/example_dags/example_task_group.py took 0.033 seconds
[2023-08-12T04:33:29.721+0000] {processor.py:157} INFO - Started process (PID=339) to work on /home/airflow/.local/lib/python3.10/site-packages/airflow/example_dags/example_task_group.py
[2023-08-12T04:33:29.721+0000] {processor.py:826} INFO - Processing file /home/airflow/.local/lib/python3.10/site-packages/airflow/example_dags/example_task_group.py for tasks to queue
[2023-08-12T04:33:29.722+0000] {logging_mixin.py:149} INFO - [2023-08-12T04:33:29.722+0000] {dagbag.py:541} INFO - Filling up the DagBag from /home/airflow/.local/lib/python3.10/site-packages/airflow/example_dags/example_task_group.py
[2023-08-12T04:33:29.725+0000] {processor.py:836} INFO - DAG(s) dict_keys(['example_task_group']) retrieved from /home/airflow/.local/lib/python3.10/site-packages/airflow/example_dags/example_task_group.py
[2023-08-12T04:33:29.735+0000] {logging_mixin.py:149} INFO - [2023-08-12T04:33:29.735+0000] {dag.py:2726} INFO - Sync 1 DAGs
[2023-08-12T04:33:29.745+0000] {logging_mixin.py:149} INFO - [2023-08-12T04:33:29.745+0000] {dag.py:3486} INFO - Setting next_dagrun for example_task_group to 2023-08-11T04:33:29.745178+00:00, run_after=2023-08-12T04:33:29.745178+00:00
[2023-08-12T04:33:29.752+0000] {processor.py:179} INFO - Processing /home/airflow/.local/lib/python3.10/site-packages/airflow/example_dags/example_task_group.py took 0.032 seconds
[2023-08-12T04:34:00.407+0000] {processor.py:157} INFO - Started process (PID=417) to work on /home/airflow/.local/lib/python3.10/site-packages/airflow/example_dags/example_task_group.py
[2023-08-12T04:34:00.408+0000] {processor.py:826} INFO - Processing file /home/airflow/.local/lib/python3.10/site-packages/airflow/example_dags/example_task_group.py for tasks to queue
[2023-08-12T04:34:00.408+0000] {logging_mixin.py:149} INFO - [2023-08-12T04:34:00.408+0000] {dagbag.py:541} INFO - Filling up the DagBag from /home/airflow/.local/lib/python3.10/site-packages/airflow/example_dags/example_task_group.py
[2023-08-12T04:34:00.411+0000] {processor.py:836} INFO - DAG(s) dict_keys(['example_task_group']) retrieved from /home/airflow/.local/lib/python3.10/site-packages/airflow/example_dags/example_task_group.py
[2023-08-12T04:34:00.421+0000] {logging_mixin.py:149} INFO - [2023-08-12T04:34:00.421+0000] {dag.py:2726} INFO - Sync 1 DAGs
[2023-08-12T04:34:00.431+0000] {logging_mixin.py:149} INFO - [2023-08-12T04:34:00.431+0000] {dag.py:3486} INFO - Setting next_dagrun for example_task_group to 2023-08-11T04:34:00.431094+00:00, run_after=2023-08-12T04:34:00.431094+00:00
[2023-08-12T04:34:00.438+0000] {processor.py:179} INFO - Processing /home/airflow/.local/lib/python3.10/site-packages/airflow/example_dags/example_task_group.py took 0.032 seconds
[2023-08-12T04:34:30.857+0000] {processor.py:157} INFO - Started process (PID=494) to work on /home/airflow/.local/lib/python3.10/site-packages/airflow/example_dags/example_task_group.py
[2023-08-12T04:34:30.858+0000] {processor.py:826} INFO - Processing file /home/airflow/.local/lib/python3.10/site-packages/airflow/example_dags/example_task_group.py for tasks to queue
[2023-08-12T04:34:30.858+0000] {logging_mixin.py:149} INFO - [2023-08-12T04:34:30.858+0000] {dagbag.py:541} INFO - Filling up the DagBag from /home/airflow/.local/lib/python3.10/site-packages/airflow/example_dags/example_task_group.py
[2023-08-12T04:34:30.861+0000] {processor.py:836} INFO - DAG(s) dict_keys(['example_task_group']) retrieved from /home/airflow/.local/lib/python3.10/site-packages/airflow/example_dags/example_task_group.py
[2023-08-12T04:34:30.872+0000] {logging_mixin.py:149} INFO - [2023-08-12T04:34:30.872+0000] {dag.py:2726} INFO - Sync 1 DAGs
[2023-08-12T04:34:30.882+0000] {logging_mixin.py:149} INFO - [2023-08-12T04:34:30.882+0000] {dag.py:3486} INFO - Setting next_dagrun for example_task_group to 2023-08-11T04:34:30.881898+00:00, run_after=2023-08-12T04:34:30.881898+00:00
[2023-08-12T04:34:30.889+0000] {processor.py:179} INFO - Processing /home/airflow/.local/lib/python3.10/site-packages/airflow/example_dags/example_task_group.py took 0.033 seconds
[2023-08-12T04:35:01.452+0000] {processor.py:157} INFO - Started process (PID=571) to work on /home/airflow/.local/lib/python3.10/site-packages/airflow/example_dags/example_task_group.py
[2023-08-12T04:35:01.453+0000] {processor.py:826} INFO - Processing file /home/airflow/.local/lib/python3.10/site-packages/airflow/example_dags/example_task_group.py for tasks to queue
[2023-08-12T04:35:01.453+0000] {logging_mixin.py:149} INFO - [2023-08-12T04:35:01.453+0000] {dagbag.py:541} INFO - Filling up the DagBag from /home/airflow/.local/lib/python3.10/site-packages/airflow/example_dags/example_task_group.py
[2023-08-12T04:35:01.457+0000] {processor.py:836} INFO - DAG(s) dict_keys(['example_task_group']) retrieved from /home/airflow/.local/lib/python3.10/site-packages/airflow/example_dags/example_task_group.py
[2023-08-12T04:35:01.468+0000] {logging_mixin.py:149} INFO - [2023-08-12T04:35:01.468+0000] {dag.py:2726} INFO - Sync 1 DAGs
[2023-08-12T04:35:01.477+0000] {logging_mixin.py:149} INFO - [2023-08-12T04:35:01.477+0000] {dag.py:3486} INFO - Setting next_dagrun for example_task_group to 2023-08-11T04:35:01.477435+00:00, run_after=2023-08-12T04:35:01.477435+00:00
[2023-08-12T04:35:01.485+0000] {processor.py:179} INFO - Processing /home/airflow/.local/lib/python3.10/site-packages/airflow/example_dags/example_task_group.py took 0.034 seconds
[2023-08-12T04:35:31.713+0000] {processor.py:157} INFO - Started process (PID=648) to work on /home/airflow/.local/lib/python3.10/site-packages/airflow/example_dags/example_task_group.py
[2023-08-12T04:35:31.714+0000] {processor.py:826} INFO - Processing file /home/airflow/.local/lib/python3.10/site-packages/airflow/example_dags/example_task_group.py for tasks to queue
[2023-08-12T04:35:31.714+0000] {logging_mixin.py:149} INFO - [2023-08-12T04:35:31.714+0000] {dagbag.py:541} INFO - Filling up the DagBag from /home/airflow/.local/lib/python3.10/site-packages/airflow/example_dags/example_task_group.py
[2023-08-12T04:35:31.717+0000] {processor.py:836} INFO - DAG(s) dict_keys(['example_task_group']) retrieved from /home/airflow/.local/lib/python3.10/site-packages/airflow/example_dags/example_task_group.py
[2023-08-12T04:35:31.728+0000] {logging_mixin.py:149} INFO - [2023-08-12T04:35:31.727+0000] {dag.py:2726} INFO - Sync 1 DAGs
[2023-08-12T04:35:31.737+0000] {logging_mixin.py:149} INFO - [2023-08-12T04:35:31.737+0000] {dag.py:3486} INFO - Setting next_dagrun for example_task_group to 2023-08-11T04:35:31.737604+00:00, run_after=2023-08-12T04:35:31.737604+00:00
[2023-08-12T04:35:31.744+0000] {processor.py:179} INFO - Processing /home/airflow/.local/lib/python3.10/site-packages/airflow/example_dags/example_task_group.py took 0.033 seconds
[2023-08-12T04:36:02.064+0000] {processor.py:157} INFO - Started process (PID=724) to work on /home/airflow/.local/lib/python3.10/site-packages/airflow/example_dags/example_task_group.py
[2023-08-12T04:36:02.064+0000] {processor.py:826} INFO - Processing file /home/airflow/.local/lib/python3.10/site-packages/airflow/example_dags/example_task_group.py for tasks to queue
[2023-08-12T04:36:02.064+0000] {logging_mixin.py:149} INFO - [2023-08-12T04:36:02.064+0000] {dagbag.py:541} INFO - Filling up the DagBag from /home/airflow/.local/lib/python3.10/site-packages/airflow/example_dags/example_task_group.py
[2023-08-12T04:36:02.068+0000] {processor.py:836} INFO - DAG(s) dict_keys(['example_task_group']) retrieved from /home/airflow/.local/lib/python3.10/site-packages/airflow/example_dags/example_task_group.py
[2023-08-12T04:36:02.080+0000] {logging_mixin.py:149} INFO - [2023-08-12T04:36:02.080+0000] {dag.py:2726} INFO - Sync 1 DAGs
[2023-08-12T04:36:02.090+0000] {logging_mixin.py:149} INFO - [2023-08-12T04:36:02.090+0000] {dag.py:3486} INFO - Setting next_dagrun for example_task_group to 2023-08-11T04:36:02.090661+00:00, run_after=2023-08-12T04:36:02.090661+00:00
[2023-08-12T04:36:02.098+0000] {processor.py:179} INFO - Processing /home/airflow/.local/lib/python3.10/site-packages/airflow/example_dags/example_task_group.py took 0.036 seconds
[2023-08-12T04:36:32.454+0000] {processor.py:157} INFO - Started process (PID=801) to work on /home/airflow/.local/lib/python3.10/site-packages/airflow/example_dags/example_task_group.py
[2023-08-12T04:36:32.454+0000] {processor.py:826} INFO - Processing file /home/airflow/.local/lib/python3.10/site-packages/airflow/example_dags/example_task_group.py for tasks to queue
[2023-08-12T04:36:32.454+0000] {logging_mixin.py:149} INFO - [2023-08-12T04:36:32.454+0000] {dagbag.py:541} INFO - Filling up the DagBag from /home/airflow/.local/lib/python3.10/site-packages/airflow/example_dags/example_task_group.py
[2023-08-12T04:36:32.458+0000] {processor.py:836} INFO - DAG(s) dict_keys(['example_task_group']) retrieved from /home/airflow/.local/lib/python3.10/site-packages/airflow/example_dags/example_task_group.py
[2023-08-12T04:36:32.469+0000] {logging_mixin.py:149} INFO - [2023-08-12T04:36:32.469+0000] {dag.py:2726} INFO - Sync 1 DAGs
[2023-08-12T04:36:32.479+0000] {logging_mixin.py:149} INFO - [2023-08-12T04:36:32.479+0000] {dag.py:3486} INFO - Setting next_dagrun for example_task_group to 2023-08-11T04:36:32.479441+00:00, run_after=2023-08-12T04:36:32.479441+00:00
[2023-08-12T04:36:32.486+0000] {processor.py:179} INFO - Processing /home/airflow/.local/lib/python3.10/site-packages/airflow/example_dags/example_task_group.py took 0.034 seconds
[2023-08-12T04:37:02.861+0000] {processor.py:157} INFO - Started process (PID=878) to work on /home/airflow/.local/lib/python3.10/site-packages/airflow/example_dags/example_task_group.py
[2023-08-12T04:37:02.861+0000] {processor.py:826} INFO - Processing file /home/airflow/.local/lib/python3.10/site-packages/airflow/example_dags/example_task_group.py for tasks to queue
[2023-08-12T04:37:02.862+0000] {logging_mixin.py:149} INFO - [2023-08-12T04:37:02.862+0000] {dagbag.py:541} INFO - Filling up the DagBag from /home/airflow/.local/lib/python3.10/site-packages/airflow/example_dags/example_task_group.py
[2023-08-12T04:37:02.865+0000] {processor.py:836} INFO - DAG(s) dict_keys(['example_task_group']) retrieved from /home/airflow/.local/lib/python3.10/site-packages/airflow/example_dags/example_task_group.py
[2023-08-12T04:37:02.876+0000] {logging_mixin.py:149} INFO - [2023-08-12T04:37:02.876+0000] {dag.py:2726} INFO - Sync 1 DAGs
[2023-08-12T04:37:02.885+0000] {logging_mixin.py:149} INFO - [2023-08-12T04:37:02.885+0000] {dag.py:3486} INFO - Setting next_dagrun for example_task_group to 2023-08-11T04:37:02.885646+00:00, run_after=2023-08-12T04:37:02.885646+00:00
[2023-08-12T04:37:02.892+0000] {processor.py:179} INFO - Processing /home/airflow/.local/lib/python3.10/site-packages/airflow/example_dags/example_task_group.py took 0.033 seconds
[2023-08-12T04:37:33.304+0000] {processor.py:157} INFO - Started process (PID=955) to work on /home/airflow/.local/lib/python3.10/site-packages/airflow/example_dags/example_task_group.py
[2023-08-12T04:37:33.304+0000] {processor.py:826} INFO - Processing file /home/airflow/.local/lib/python3.10/site-packages/airflow/example_dags/example_task_group.py for tasks to queue
[2023-08-12T04:37:33.304+0000] {logging_mixin.py:149} INFO - [2023-08-12T04:37:33.304+0000] {dagbag.py:541} INFO - Filling up the DagBag from /home/airflow/.local/lib/python3.10/site-packages/airflow/example_dags/example_task_group.py
[2023-08-12T04:37:33.308+0000] {processor.py:836} INFO - DAG(s) dict_keys(['example_task_group']) retrieved from /home/airflow/.local/lib/python3.10/site-packages/airflow/example_dags/example_task_group.py
[2023-08-12T04:37:33.319+0000] {logging_mixin.py:149} INFO - [2023-08-12T04:37:33.319+0000] {dag.py:2726} INFO - Sync 1 DAGs
[2023-08-12T04:37:33.329+0000] {logging_mixin.py:149} INFO - [2023-08-12T04:37:33.329+0000] {dag.py:3486} INFO - Setting next_dagrun for example_task_group to 2023-08-11T04:37:33.329146+00:00, run_after=2023-08-12T04:37:33.329146+00:00
[2023-08-12T04:37:33.336+0000] {processor.py:179} INFO - Processing /home/airflow/.local/lib/python3.10/site-packages/airflow/example_dags/example_task_group.py took 0.034 seconds
[2023-08-12T04:38:03.750+0000] {processor.py:157} INFO - Started process (PID=1032) to work on /home/airflow/.local/lib/python3.10/site-packages/airflow/example_dags/example_task_group.py
[2023-08-12T04:38:03.750+0000] {processor.py:826} INFO - Processing file /home/airflow/.local/lib/python3.10/site-packages/airflow/example_dags/example_task_group.py for tasks to queue
[2023-08-12T04:38:03.751+0000] {logging_mixin.py:149} INFO - [2023-08-12T04:38:03.751+0000] {dagbag.py:541} INFO - Filling up the DagBag from /home/airflow/.local/lib/python3.10/site-packages/airflow/example_dags/example_task_group.py
[2023-08-12T04:38:03.754+0000] {processor.py:836} INFO - DAG(s) dict_keys(['example_task_group']) retrieved from /home/airflow/.local/lib/python3.10/site-packages/airflow/example_dags/example_task_group.py
[2023-08-12T04:38:03.765+0000] {logging_mixin.py:149} INFO - [2023-08-12T04:38:03.764+0000] {dag.py:2726} INFO - Sync 1 DAGs
[2023-08-12T04:38:03.774+0000] {logging_mixin.py:149} INFO - [2023-08-12T04:38:03.774+0000] {dag.py:3486} INFO - Setting next_dagrun for example_task_group to 2023-08-11T04:38:03.774526+00:00, run_after=2023-08-12T04:38:03.774526+00:00
[2023-08-12T04:38:03.781+0000] {processor.py:179} INFO - Processing /home/airflow/.local/lib/python3.10/site-packages/airflow/example_dags/example_task_group.py took 0.032 seconds
[2023-08-12T04:38:34.248+0000] {processor.py:157} INFO - Started process (PID=1108) to work on /home/airflow/.local/lib/python3.10/site-packages/airflow/example_dags/example_task_group.py
[2023-08-12T04:38:34.249+0000] {processor.py:826} INFO - Processing file /home/airflow/.local/lib/python3.10/site-packages/airflow/example_dags/example_task_group.py for tasks to queue
[2023-08-12T04:38:34.249+0000] {logging_mixin.py:149} INFO - [2023-08-12T04:38:34.249+0000] {dagbag.py:541} INFO - Filling up the DagBag from /home/airflow/.local/lib/python3.10/site-packages/airflow/example_dags/example_task_group.py
[2023-08-12T04:38:34.252+0000] {processor.py:836} INFO - DAG(s) dict_keys(['example_task_group']) retrieved from /home/airflow/.local/lib/python3.10/site-packages/airflow/example_dags/example_task_group.py
[2023-08-12T04:38:34.262+0000] {logging_mixin.py:149} INFO - [2023-08-12T04:38:34.262+0000] {dag.py:2726} INFO - Sync 1 DAGs
[2023-08-12T04:38:34.272+0000] {logging_mixin.py:149} INFO - [2023-08-12T04:38:34.272+0000] {dag.py:3486} INFO - Setting next_dagrun for example_task_group to 2023-08-11T04:38:34.272075+00:00, run_after=2023-08-12T04:38:34.272075+00:00
[2023-08-12T04:38:34.279+0000] {processor.py:179} INFO - Processing /home/airflow/.local/lib/python3.10/site-packages/airflow/example_dags/example_task_group.py took 0.032 seconds
[2023-08-12T04:39:04.715+0000] {processor.py:157} INFO - Started process (PID=1185) to work on /home/airflow/.local/lib/python3.10/site-packages/airflow/example_dags/example_task_group.py
[2023-08-12T04:39:04.716+0000] {processor.py:826} INFO - Processing file /home/airflow/.local/lib/python3.10/site-packages/airflow/example_dags/example_task_group.py for tasks to queue
[2023-08-12T04:39:04.716+0000] {logging_mixin.py:149} INFO - [2023-08-12T04:39:04.716+0000] {dagbag.py:541} INFO - Filling up the DagBag from /home/airflow/.local/lib/python3.10/site-packages/airflow/example_dags/example_task_group.py
[2023-08-12T04:39:04.719+0000] {processor.py:836} INFO - DAG(s) dict_keys(['example_task_group']) retrieved from /home/airflow/.local/lib/python3.10/site-packages/airflow/example_dags/example_task_group.py
[2023-08-12T04:39:04.730+0000] {logging_mixin.py:149} INFO - [2023-08-12T04:39:04.730+0000] {dag.py:2726} INFO - Sync 1 DAGs
[2023-08-12T04:39:04.739+0000] {logging_mixin.py:149} INFO - [2023-08-12T04:39:04.739+0000] {dag.py:3486} INFO - Setting next_dagrun for example_task_group to 2023-08-11T04:39:04.739450+00:00, run_after=2023-08-12T04:39:04.739450+00:00
[2023-08-12T04:39:04.746+0000] {processor.py:179} INFO - Processing /home/airflow/.local/lib/python3.10/site-packages/airflow/example_dags/example_task_group.py took 0.033 seconds
[2023-08-12T04:39:35.043+0000] {processor.py:157} INFO - Started process (PID=1262) to work on /home/airflow/.local/lib/python3.10/site-packages/airflow/example_dags/example_task_group.py
[2023-08-12T04:39:35.043+0000] {processor.py:826} INFO - Processing file /home/airflow/.local/lib/python3.10/site-packages/airflow/example_dags/example_task_group.py for tasks to queue
[2023-08-12T04:39:35.044+0000] {logging_mixin.py:149} INFO - [2023-08-12T04:39:35.044+0000] {dagbag.py:541} INFO - Filling up the DagBag from /home/airflow/.local/lib/python3.10/site-packages/airflow/example_dags/example_task_group.py
[2023-08-12T04:39:35.047+0000] {processor.py:836} INFO - DAG(s) dict_keys(['example_task_group']) retrieved from /home/airflow/.local/lib/python3.10/site-packages/airflow/example_dags/example_task_group.py
[2023-08-12T04:39:35.058+0000] {logging_mixin.py:149} INFO - [2023-08-12T04:39:35.058+0000] {dag.py:2726} INFO - Sync 1 DAGs
[2023-08-12T04:39:35.069+0000] {logging_mixin.py:149} INFO - [2023-08-12T04:39:35.069+0000] {dag.py:3486} INFO - Setting next_dagrun for example_task_group to 2023-08-11T04:39:35.069083+00:00, run_after=2023-08-12T04:39:35.069083+00:00
[2023-08-12T04:39:35.076+0000] {processor.py:179} INFO - Processing /home/airflow/.local/lib/python3.10/site-packages/airflow/example_dags/example_task_group.py took 0.035 seconds
[2023-08-12T04:40:05.462+0000] {processor.py:157} INFO - Started process (PID=1339) to work on /home/airflow/.local/lib/python3.10/site-packages/airflow/example_dags/example_task_group.py
[2023-08-12T04:40:05.462+0000] {processor.py:826} INFO - Processing file /home/airflow/.local/lib/python3.10/site-packages/airflow/example_dags/example_task_group.py for tasks to queue
[2023-08-12T04:40:05.463+0000] {logging_mixin.py:149} INFO - [2023-08-12T04:40:05.463+0000] {dagbag.py:541} INFO - Filling up the DagBag from /home/airflow/.local/lib/python3.10/site-packages/airflow/example_dags/example_task_group.py
[2023-08-12T04:40:05.466+0000] {processor.py:836} INFO - DAG(s) dict_keys(['example_task_group']) retrieved from /home/airflow/.local/lib/python3.10/site-packages/airflow/example_dags/example_task_group.py
[2023-08-12T04:40:05.476+0000] {logging_mixin.py:149} INFO - [2023-08-12T04:40:05.476+0000] {dag.py:2726} INFO - Sync 1 DAGs
[2023-08-12T04:40:05.485+0000] {logging_mixin.py:149} INFO - [2023-08-12T04:40:05.485+0000] {dag.py:3486} INFO - Setting next_dagrun for example_task_group to 2023-08-11T04:40:05.485595+00:00, run_after=2023-08-12T04:40:05.485595+00:00
[2023-08-12T04:40:05.492+0000] {processor.py:179} INFO - Processing /home/airflow/.local/lib/python3.10/site-packages/airflow/example_dags/example_task_group.py took 0.032 seconds
[2023-08-12T04:40:35.870+0000] {processor.py:157} INFO - Started process (PID=1416) to work on /home/airflow/.local/lib/python3.10/site-packages/airflow/example_dags/example_task_group.py
[2023-08-12T04:40:35.870+0000] {processor.py:826} INFO - Processing file /home/airflow/.local/lib/python3.10/site-packages/airflow/example_dags/example_task_group.py for tasks to queue
[2023-08-12T04:40:35.870+0000] {logging_mixin.py:149} INFO - [2023-08-12T04:40:35.870+0000] {dagbag.py:541} INFO - Filling up the DagBag from /home/airflow/.local/lib/python3.10/site-packages/airflow/example_dags/example_task_group.py
[2023-08-12T04:40:35.873+0000] {processor.py:836} INFO - DAG(s) dict_keys(['example_task_group']) retrieved from /home/airflow/.local/lib/python3.10/site-packages/airflow/example_dags/example_task_group.py
[2023-08-12T04:40:35.884+0000] {logging_mixin.py:149} INFO - [2023-08-12T04:40:35.884+0000] {dag.py:2726} INFO - Sync 1 DAGs
[2023-08-12T04:40:35.894+0000] {logging_mixin.py:149} INFO - [2023-08-12T04:40:35.893+0000] {dag.py:3486} INFO - Setting next_dagrun for example_task_group to 2023-08-11T04:40:35.893828+00:00, run_after=2023-08-12T04:40:35.893828+00:00
[2023-08-12T04:40:35.900+0000] {processor.py:179} INFO - Processing /home/airflow/.local/lib/python3.10/site-packages/airflow/example_dags/example_task_group.py took 0.032 seconds
[2023-08-12T04:41:06.253+0000] {processor.py:157} INFO - Started process (PID=1493) to work on /home/airflow/.local/lib/python3.10/site-packages/airflow/example_dags/example_task_group.py
[2023-08-12T04:41:06.253+0000] {processor.py:826} INFO - Processing file /home/airflow/.local/lib/python3.10/site-packages/airflow/example_dags/example_task_group.py for tasks to queue
[2023-08-12T04:41:06.254+0000] {logging_mixin.py:149} INFO - [2023-08-12T04:41:06.254+0000] {dagbag.py:541} INFO - Filling up the DagBag from /home/airflow/.local/lib/python3.10/site-packages/airflow/example_dags/example_task_group.py
[2023-08-12T04:41:06.257+0000] {processor.py:836} INFO - DAG(s) dict_keys(['example_task_group']) retrieved from /home/airflow/.local/lib/python3.10/site-packages/airflow/example_dags/example_task_group.py
[2023-08-12T04:41:06.267+0000] {logging_mixin.py:149} INFO - [2023-08-12T04:41:06.267+0000] {dag.py:2726} INFO - Sync 1 DAGs
[2023-08-12T04:41:06.276+0000] {logging_mixin.py:149} INFO - [2023-08-12T04:41:06.276+0000] {dag.py:3486} INFO - Setting next_dagrun for example_task_group to 2023-08-11T04:41:06.276550+00:00, run_after=2023-08-12T04:41:06.276550+00:00
[2023-08-12T04:41:06.283+0000] {processor.py:179} INFO - Processing /home/airflow/.local/lib/python3.10/site-packages/airflow/example_dags/example_task_group.py took 0.031 seconds
[2023-08-12T04:41:36.841+0000] {processor.py:157} INFO - Started process (PID=1571) to work on /home/airflow/.local/lib/python3.10/site-packages/airflow/example_dags/example_task_group.py
[2023-08-12T04:41:36.841+0000] {processor.py:826} INFO - Processing file /home/airflow/.local/lib/python3.10/site-packages/airflow/example_dags/example_task_group.py for tasks to queue
[2023-08-12T04:41:36.841+0000] {logging_mixin.py:149} INFO - [2023-08-12T04:41:36.841+0000] {dagbag.py:541} INFO - Filling up the DagBag from /home/airflow/.local/lib/python3.10/site-packages/airflow/example_dags/example_task_group.py
[2023-08-12T04:41:36.845+0000] {processor.py:836} INFO - DAG(s) dict_keys(['example_task_group']) retrieved from /home/airflow/.local/lib/python3.10/site-packages/airflow/example_dags/example_task_group.py
[2023-08-12T04:41:36.856+0000] {logging_mixin.py:149} INFO - [2023-08-12T04:41:36.856+0000] {dag.py:2726} INFO - Sync 1 DAGs
[2023-08-12T04:41:36.865+0000] {logging_mixin.py:149} INFO - [2023-08-12T04:41:36.865+0000] {dag.py:3486} INFO - Setting next_dagrun for example_task_group to 2023-08-11T04:41:36.865518+00:00, run_after=2023-08-12T04:41:36.865518+00:00
[2023-08-12T04:41:36.873+0000] {processor.py:179} INFO - Processing /home/airflow/.local/lib/python3.10/site-packages/airflow/example_dags/example_task_group.py took 0.033 seconds
[2023-08-12T04:42:07.238+0000] {processor.py:157} INFO - Started process (PID=1648) to work on /home/airflow/.local/lib/python3.10/site-packages/airflow/example_dags/example_task_group.py
[2023-08-12T04:42:07.238+0000] {processor.py:826} INFO - Processing file /home/airflow/.local/lib/python3.10/site-packages/airflow/example_dags/example_task_group.py for tasks to queue
[2023-08-12T04:42:07.239+0000] {logging_mixin.py:149} INFO - [2023-08-12T04:42:07.239+0000] {dagbag.py:541} INFO - Filling up the DagBag from /home/airflow/.local/lib/python3.10/site-packages/airflow/example_dags/example_task_group.py
[2023-08-12T04:42:07.242+0000] {processor.py:836} INFO - DAG(s) dict_keys(['example_task_group']) retrieved from /home/airflow/.local/lib/python3.10/site-packages/airflow/example_dags/example_task_group.py
[2023-08-12T04:42:07.252+0000] {logging_mixin.py:149} INFO - [2023-08-12T04:42:07.252+0000] {dag.py:2726} INFO - Sync 1 DAGs
[2023-08-12T04:42:07.261+0000] {logging_mixin.py:149} INFO - [2023-08-12T04:42:07.261+0000] {dag.py:3486} INFO - Setting next_dagrun for example_task_group to 2023-08-11T04:42:07.261668+00:00, run_after=2023-08-12T04:42:07.261668+00:00
[2023-08-12T04:42:07.268+0000] {processor.py:179} INFO - Processing /home/airflow/.local/lib/python3.10/site-packages/airflow/example_dags/example_task_group.py took 0.031 seconds
[2023-08-12T04:42:37.828+0000] {processor.py:157} INFO - Started process (PID=1725) to work on /home/airflow/.local/lib/python3.10/site-packages/airflow/example_dags/example_task_group.py
[2023-08-12T04:42:37.828+0000] {processor.py:826} INFO - Processing file /home/airflow/.local/lib/python3.10/site-packages/airflow/example_dags/example_task_group.py for tasks to queue
[2023-08-12T04:42:37.829+0000] {logging_mixin.py:149} INFO - [2023-08-12T04:42:37.829+0000] {dagbag.py:541} INFO - Filling up the DagBag from /home/airflow/.local/lib/python3.10/site-packages/airflow/example_dags/example_task_group.py
[2023-08-12T04:42:37.832+0000] {processor.py:836} INFO - DAG(s) dict_keys(['example_task_group']) retrieved from /home/airflow/.local/lib/python3.10/site-packages/airflow/example_dags/example_task_group.py
[2023-08-12T04:42:37.843+0000] {logging_mixin.py:149} INFO - [2023-08-12T04:42:37.843+0000] {dag.py:2726} INFO - Sync 1 DAGs
[2023-08-12T04:42:37.852+0000] {logging_mixin.py:149} INFO - [2023-08-12T04:42:37.852+0000] {dag.py:3486} INFO - Setting next_dagrun for example_task_group to 2023-08-11T04:42:37.852821+00:00, run_after=2023-08-12T04:42:37.852821+00:00
[2023-08-12T04:42:37.860+0000] {processor.py:179} INFO - Processing /home/airflow/.local/lib/python3.10/site-packages/airflow/example_dags/example_task_group.py took 0.034 seconds
[2023-08-12T04:43:08.136+0000] {processor.py:157} INFO - Started process (PID=1802) to work on /home/airflow/.local/lib/python3.10/site-packages/airflow/example_dags/example_task_group.py
[2023-08-12T04:43:08.136+0000] {processor.py:826} INFO - Processing file /home/airflow/.local/lib/python3.10/site-packages/airflow/example_dags/example_task_group.py for tasks to queue
[2023-08-12T04:43:08.136+0000] {logging_mixin.py:149} INFO - [2023-08-12T04:43:08.136+0000] {dagbag.py:541} INFO - Filling up the DagBag from /home/airflow/.local/lib/python3.10/site-packages/airflow/example_dags/example_task_group.py
[2023-08-12T04:43:08.139+0000] {processor.py:836} INFO - DAG(s) dict_keys(['example_task_group']) retrieved from /home/airflow/.local/lib/python3.10/site-packages/airflow/example_dags/example_task_group.py
[2023-08-12T04:43:08.150+0000] {logging_mixin.py:149} INFO - [2023-08-12T04:43:08.150+0000] {dag.py:2726} INFO - Sync 1 DAGs
[2023-08-12T04:43:08.160+0000] {logging_mixin.py:149} INFO - [2023-08-12T04:43:08.160+0000] {dag.py:3486} INFO - Setting next_dagrun for example_task_group to 2023-08-11T04:43:08.160006+00:00, run_after=2023-08-12T04:43:08.160006+00:00
[2023-08-12T04:43:08.166+0000] {processor.py:179} INFO - Processing /home/airflow/.local/lib/python3.10/site-packages/airflow/example_dags/example_task_group.py took 0.032 seconds
[2023-08-12T04:43:38.488+0000] {processor.py:157} INFO - Started process (PID=1878) to work on /home/airflow/.local/lib/python3.10/site-packages/airflow/example_dags/example_task_group.py
[2023-08-12T04:43:38.489+0000] {processor.py:826} INFO - Processing file /home/airflow/.local/lib/python3.10/site-packages/airflow/example_dags/example_task_group.py for tasks to queue
[2023-08-12T04:43:38.489+0000] {logging_mixin.py:149} INFO - [2023-08-12T04:43:38.489+0000] {dagbag.py:541} INFO - Filling up the DagBag from /home/airflow/.local/lib/python3.10/site-packages/airflow/example_dags/example_task_group.py
[2023-08-12T04:43:38.492+0000] {processor.py:836} INFO - DAG(s) dict_keys(['example_task_group']) retrieved from /home/airflow/.local/lib/python3.10/site-packages/airflow/example_dags/example_task_group.py
[2023-08-12T04:43:38.503+0000] {logging_mixin.py:149} INFO - [2023-08-12T04:43:38.503+0000] {dag.py:2726} INFO - Sync 1 DAGs
[2023-08-12T04:43:38.512+0000] {logging_mixin.py:149} INFO - [2023-08-12T04:43:38.512+0000] {dag.py:3486} INFO - Setting next_dagrun for example_task_group to 2023-08-11T04:43:38.512094+00:00, run_after=2023-08-12T04:43:38.512094+00:00
[2023-08-12T04:43:38.519+0000] {processor.py:179} INFO - Processing /home/airflow/.local/lib/python3.10/site-packages/airflow/example_dags/example_task_group.py took 0.031 seconds
[2023-08-12T04:44:08.839+0000] {processor.py:157} INFO - Started process (PID=1955) to work on /home/airflow/.local/lib/python3.10/site-packages/airflow/example_dags/example_task_group.py
[2023-08-12T04:44:08.839+0000] {processor.py:826} INFO - Processing file /home/airflow/.local/lib/python3.10/site-packages/airflow/example_dags/example_task_group.py for tasks to queue
[2023-08-12T04:44:08.839+0000] {logging_mixin.py:149} INFO - [2023-08-12T04:44:08.839+0000] {dagbag.py:541} INFO - Filling up the DagBag from /home/airflow/.local/lib/python3.10/site-packages/airflow/example_dags/example_task_group.py
[2023-08-12T04:44:08.843+0000] {processor.py:836} INFO - DAG(s) dict_keys(['example_task_group']) retrieved from /home/airflow/.local/lib/python3.10/site-packages/airflow/example_dags/example_task_group.py
[2023-08-12T04:44:08.853+0000] {logging_mixin.py:149} INFO - [2023-08-12T04:44:08.853+0000] {dag.py:2726} INFO - Sync 1 DAGs
[2023-08-12T04:44:08.862+0000] {logging_mixin.py:149} INFO - [2023-08-12T04:44:08.862+0000] {dag.py:3486} INFO - Setting next_dagrun for example_task_group to 2023-08-11T04:44:08.862527+00:00, run_after=2023-08-12T04:44:08.862527+00:00
[2023-08-12T04:44:08.869+0000] {processor.py:179} INFO - Processing /home/airflow/.local/lib/python3.10/site-packages/airflow/example_dags/example_task_group.py took 0.032 seconds
[2023-08-12T04:44:39.270+0000] {processor.py:157} INFO - Started process (PID=2031) to work on /home/airflow/.local/lib/python3.10/site-packages/airflow/example_dags/example_task_group.py
[2023-08-12T04:44:39.271+0000] {processor.py:826} INFO - Processing file /home/airflow/.local/lib/python3.10/site-packages/airflow/example_dags/example_task_group.py for tasks to queue
[2023-08-12T04:44:39.271+0000] {logging_mixin.py:149} INFO - [2023-08-12T04:44:39.271+0000] {dagbag.py:541} INFO - Filling up the DagBag from /home/airflow/.local/lib/python3.10/site-packages/airflow/example_dags/example_task_group.py
[2023-08-12T04:44:39.274+0000] {processor.py:836} INFO - DAG(s) dict_keys(['example_task_group']) retrieved from /home/airflow/.local/lib/python3.10/site-packages/airflow/example_dags/example_task_group.py
[2023-08-12T04:44:39.285+0000] {logging_mixin.py:149} INFO - [2023-08-12T04:44:39.285+0000] {dag.py:2726} INFO - Sync 1 DAGs
[2023-08-12T04:44:39.294+0000] {logging_mixin.py:149} INFO - [2023-08-12T04:44:39.294+0000] {dag.py:3486} INFO - Setting next_dagrun for example_task_group to 2023-08-11T04:44:39.294609+00:00, run_after=2023-08-12T04:44:39.294609+00:00
[2023-08-12T04:44:39.301+0000] {processor.py:179} INFO - Processing /home/airflow/.local/lib/python3.10/site-packages/airflow/example_dags/example_task_group.py took 0.033 seconds
[2023-08-12T04:45:09.650+0000] {processor.py:157} INFO - Started process (PID=2108) to work on /home/airflow/.local/lib/python3.10/site-packages/airflow/example_dags/example_task_group.py
[2023-08-12T04:45:09.651+0000] {processor.py:826} INFO - Processing file /home/airflow/.local/lib/python3.10/site-packages/airflow/example_dags/example_task_group.py for tasks to queue
[2023-08-12T04:45:09.651+0000] {logging_mixin.py:149} INFO - [2023-08-12T04:45:09.651+0000] {dagbag.py:541} INFO - Filling up the DagBag from /home/airflow/.local/lib/python3.10/site-packages/airflow/example_dags/example_task_group.py
[2023-08-12T04:45:09.654+0000] {processor.py:836} INFO - DAG(s) dict_keys(['example_task_group']) retrieved from /home/airflow/.local/lib/python3.10/site-packages/airflow/example_dags/example_task_group.py
[2023-08-12T04:45:09.664+0000] {logging_mixin.py:149} INFO - [2023-08-12T04:45:09.664+0000] {dag.py:2726} INFO - Sync 1 DAGs
[2023-08-12T04:45:09.673+0000] {logging_mixin.py:149} INFO - [2023-08-12T04:45:09.673+0000] {dag.py:3486} INFO - Setting next_dagrun for example_task_group to 2023-08-11T04:45:09.673746+00:00, run_after=2023-08-12T04:45:09.673746+00:00
[2023-08-12T04:45:09.680+0000] {processor.py:179} INFO - Processing /home/airflow/.local/lib/python3.10/site-packages/airflow/example_dags/example_task_group.py took 0.031 seconds
[2023-08-12T04:45:40.015+0000] {processor.py:157} INFO - Started process (PID=2185) to work on /home/airflow/.local/lib/python3.10/site-packages/airflow/example_dags/example_task_group.py
[2023-08-12T04:45:40.016+0000] {processor.py:826} INFO - Processing file /home/airflow/.local/lib/python3.10/site-packages/airflow/example_dags/example_task_group.py for tasks to queue
[2023-08-12T04:45:40.016+0000] {logging_mixin.py:149} INFO - [2023-08-12T04:45:40.016+0000] {dagbag.py:541} INFO - Filling up the DagBag from /home/airflow/.local/lib/python3.10/site-packages/airflow/example_dags/example_task_group.py
[2023-08-12T04:45:40.019+0000] {processor.py:836} INFO - DAG(s) dict_keys(['example_task_group']) retrieved from /home/airflow/.local/lib/python3.10/site-packages/airflow/example_dags/example_task_group.py
[2023-08-12T04:45:40.029+0000] {logging_mixin.py:149} INFO - [2023-08-12T04:45:40.029+0000] {dag.py:2726} INFO - Sync 1 DAGs
[2023-08-12T04:45:40.038+0000] {logging_mixin.py:149} INFO - [2023-08-12T04:45:40.038+0000] {dag.py:3486} INFO - Setting next_dagrun for example_task_group to 2023-08-11T04:45:40.038791+00:00, run_after=2023-08-12T04:45:40.038791+00:00
[2023-08-12T04:45:40.045+0000] {processor.py:179} INFO - Processing /home/airflow/.local/lib/python3.10/site-packages/airflow/example_dags/example_task_group.py took 0.031 seconds
[2023-08-12T04:46:10.470+0000] {processor.py:157} INFO - Started process (PID=2262) to work on /home/airflow/.local/lib/python3.10/site-packages/airflow/example_dags/example_task_group.py
[2023-08-12T04:46:10.471+0000] {processor.py:826} INFO - Processing file /home/airflow/.local/lib/python3.10/site-packages/airflow/example_dags/example_task_group.py for tasks to queue
[2023-08-12T04:46:10.471+0000] {logging_mixin.py:149} INFO - [2023-08-12T04:46:10.471+0000] {dagbag.py:541} INFO - Filling up the DagBag from /home/airflow/.local/lib/python3.10/site-packages/airflow/example_dags/example_task_group.py
[2023-08-12T04:46:10.474+0000] {processor.py:836} INFO - DAG(s) dict_keys(['example_task_group']) retrieved from /home/airflow/.local/lib/python3.10/site-packages/airflow/example_dags/example_task_group.py
[2023-08-12T04:46:10.484+0000] {logging_mixin.py:149} INFO - [2023-08-12T04:46:10.484+0000] {dag.py:2726} INFO - Sync 1 DAGs
[2023-08-12T04:46:10.494+0000] {logging_mixin.py:149} INFO - [2023-08-12T04:46:10.494+0000] {dag.py:3486} INFO - Setting next_dagrun for example_task_group to 2023-08-11T04:46:10.493950+00:00, run_after=2023-08-12T04:46:10.493950+00:00
[2023-08-12T04:46:10.501+0000] {processor.py:179} INFO - Processing /home/airflow/.local/lib/python3.10/site-packages/airflow/example_dags/example_task_group.py took 0.032 seconds
[2023-08-12T04:46:40.989+0000] {processor.py:157} INFO - Started process (PID=2339) to work on /home/airflow/.local/lib/python3.10/site-packages/airflow/example_dags/example_task_group.py
[2023-08-12T04:46:40.989+0000] {processor.py:826} INFO - Processing file /home/airflow/.local/lib/python3.10/site-packages/airflow/example_dags/example_task_group.py for tasks to queue
[2023-08-12T04:46:40.989+0000] {logging_mixin.py:149} INFO - [2023-08-12T04:46:40.989+0000] {dagbag.py:541} INFO - Filling up the DagBag from /home/airflow/.local/lib/python3.10/site-packages/airflow/example_dags/example_task_group.py
[2023-08-12T04:46:40.993+0000] {processor.py:836} INFO - DAG(s) dict_keys(['example_task_group']) retrieved from /home/airflow/.local/lib/python3.10/site-packages/airflow/example_dags/example_task_group.py
[2023-08-12T04:46:41.003+0000] {logging_mixin.py:149} INFO - [2023-08-12T04:46:41.003+0000] {dag.py:2726} INFO - Sync 1 DAGs
[2023-08-12T04:46:41.013+0000] {logging_mixin.py:149} INFO - [2023-08-12T04:46:41.013+0000] {dag.py:3486} INFO - Setting next_dagrun for example_task_group to 2023-08-11T04:46:41.012942+00:00, run_after=2023-08-12T04:46:41.012942+00:00
[2023-08-12T04:46:41.019+0000] {processor.py:179} INFO - Processing /home/airflow/.local/lib/python3.10/site-packages/airflow/example_dags/example_task_group.py took 0.032 seconds
[2023-08-12T04:47:34.990+0000] {processor.py:157} INFO - Started process (PID=34) to work on /home/airflow/.local/lib/python3.10/site-packages/airflow/example_dags/example_task_group.py
[2023-08-12T04:47:34.990+0000] {processor.py:826} INFO - Processing file /home/airflow/.local/lib/python3.10/site-packages/airflow/example_dags/example_task_group.py for tasks to queue
[2023-08-12T04:47:34.990+0000] {logging_mixin.py:149} INFO - [2023-08-12T04:47:34.990+0000] {dagbag.py:541} INFO - Filling up the DagBag from /home/airflow/.local/lib/python3.10/site-packages/airflow/example_dags/example_task_group.py
[2023-08-12T04:47:34.995+0000] {processor.py:836} INFO - DAG(s) dict_keys(['example_task_group']) retrieved from /home/airflow/.local/lib/python3.10/site-packages/airflow/example_dags/example_task_group.py
[2023-08-12T04:47:35.000+0000] {logging_mixin.py:149} INFO - [2023-08-12T04:47:35.000+0000] {dag.py:2726} INFO - Sync 1 DAGs
[2023-08-12T04:47:35.011+0000] {logging_mixin.py:149} INFO - [2023-08-12T04:47:35.011+0000] {dag.py:3486} INFO - Setting next_dagrun for example_task_group to 2023-08-11T04:47:35.011626+00:00, run_after=2023-08-12T04:47:35.011626+00:00
[2023-08-12T04:47:35.018+0000] {processor.py:179} INFO - Processing /home/airflow/.local/lib/python3.10/site-packages/airflow/example_dags/example_task_group.py took 0.030 seconds
[2023-08-12T04:48:05.215+0000] {processor.py:157} INFO - Started process (PID=110) to work on /home/airflow/.local/lib/python3.10/site-packages/airflow/example_dags/example_task_group.py
[2023-08-12T04:48:05.216+0000] {processor.py:826} INFO - Processing file /home/airflow/.local/lib/python3.10/site-packages/airflow/example_dags/example_task_group.py for tasks to queue
[2023-08-12T04:48:05.216+0000] {logging_mixin.py:149} INFO - [2023-08-12T04:48:05.216+0000] {dagbag.py:541} INFO - Filling up the DagBag from /home/airflow/.local/lib/python3.10/site-packages/airflow/example_dags/example_task_group.py
[2023-08-12T04:48:05.220+0000] {processor.py:836} INFO - DAG(s) dict_keys(['example_task_group']) retrieved from /home/airflow/.local/lib/python3.10/site-packages/airflow/example_dags/example_task_group.py
[2023-08-12T04:48:05.231+0000] {logging_mixin.py:149} INFO - [2023-08-12T04:48:05.231+0000] {dag.py:2726} INFO - Sync 1 DAGs
[2023-08-12T04:48:05.241+0000] {logging_mixin.py:149} INFO - [2023-08-12T04:48:05.241+0000] {dag.py:3486} INFO - Setting next_dagrun for example_task_group to 2023-08-11T04:48:05.241241+00:00, run_after=2023-08-12T04:48:05.241241+00:00
[2023-08-12T04:48:05.248+0000] {processor.py:179} INFO - Processing /home/airflow/.local/lib/python3.10/site-packages/airflow/example_dags/example_task_group.py took 0.034 seconds
[2023-08-12T04:48:35.632+0000] {processor.py:157} INFO - Started process (PID=187) to work on /home/airflow/.local/lib/python3.10/site-packages/airflow/example_dags/example_task_group.py
[2023-08-12T04:48:35.632+0000] {processor.py:826} INFO - Processing file /home/airflow/.local/lib/python3.10/site-packages/airflow/example_dags/example_task_group.py for tasks to queue
[2023-08-12T04:48:35.633+0000] {logging_mixin.py:149} INFO - [2023-08-12T04:48:35.633+0000] {dagbag.py:541} INFO - Filling up the DagBag from /home/airflow/.local/lib/python3.10/site-packages/airflow/example_dags/example_task_group.py
[2023-08-12T04:48:35.636+0000] {processor.py:836} INFO - DAG(s) dict_keys(['example_task_group']) retrieved from /home/airflow/.local/lib/python3.10/site-packages/airflow/example_dags/example_task_group.py
[2023-08-12T04:48:35.646+0000] {logging_mixin.py:149} INFO - [2023-08-12T04:48:35.646+0000] {dag.py:2726} INFO - Sync 1 DAGs
[2023-08-12T04:48:35.656+0000] {logging_mixin.py:149} INFO - [2023-08-12T04:48:35.656+0000] {dag.py:3486} INFO - Setting next_dagrun for example_task_group to 2023-08-11T04:48:35.656043+00:00, run_after=2023-08-12T04:48:35.656043+00:00
[2023-08-12T04:48:35.663+0000] {processor.py:179} INFO - Processing /home/airflow/.local/lib/python3.10/site-packages/airflow/example_dags/example_task_group.py took 0.032 seconds
[2023-08-12T04:49:05.948+0000] {processor.py:157} INFO - Started process (PID=264) to work on /home/airflow/.local/lib/python3.10/site-packages/airflow/example_dags/example_task_group.py
[2023-08-12T04:49:05.948+0000] {processor.py:826} INFO - Processing file /home/airflow/.local/lib/python3.10/site-packages/airflow/example_dags/example_task_group.py for tasks to queue
[2023-08-12T04:49:05.949+0000] {logging_mixin.py:149} INFO - [2023-08-12T04:49:05.949+0000] {dagbag.py:541} INFO - Filling up the DagBag from /home/airflow/.local/lib/python3.10/site-packages/airflow/example_dags/example_task_group.py
[2023-08-12T04:49:05.952+0000] {processor.py:836} INFO - DAG(s) dict_keys(['example_task_group']) retrieved from /home/airflow/.local/lib/python3.10/site-packages/airflow/example_dags/example_task_group.py
[2023-08-12T04:49:05.964+0000] {logging_mixin.py:149} INFO - [2023-08-12T04:49:05.964+0000] {dag.py:2726} INFO - Sync 1 DAGs
[2023-08-12T04:49:05.973+0000] {logging_mixin.py:149} INFO - [2023-08-12T04:49:05.973+0000] {dag.py:3486} INFO - Setting next_dagrun for example_task_group to 2023-08-11T04:49:05.973747+00:00, run_after=2023-08-12T04:49:05.973747+00:00
[2023-08-12T04:49:05.981+0000] {processor.py:179} INFO - Processing /home/airflow/.local/lib/python3.10/site-packages/airflow/example_dags/example_task_group.py took 0.034 seconds
[2023-08-12T04:49:36.166+0000] {processor.py:157} INFO - Started process (PID=342) to work on /home/airflow/.local/lib/python3.10/site-packages/airflow/example_dags/example_task_group.py
[2023-08-12T04:49:36.166+0000] {processor.py:826} INFO - Processing file /home/airflow/.local/lib/python3.10/site-packages/airflow/example_dags/example_task_group.py for tasks to queue
[2023-08-12T04:49:36.166+0000] {logging_mixin.py:149} INFO - [2023-08-12T04:49:36.166+0000] {dagbag.py:541} INFO - Filling up the DagBag from /home/airflow/.local/lib/python3.10/site-packages/airflow/example_dags/example_task_group.py
[2023-08-12T04:49:36.169+0000] {processor.py:836} INFO - DAG(s) dict_keys(['example_task_group']) retrieved from /home/airflow/.local/lib/python3.10/site-packages/airflow/example_dags/example_task_group.py
[2023-08-12T04:49:36.180+0000] {logging_mixin.py:149} INFO - [2023-08-12T04:49:36.180+0000] {dag.py:2726} INFO - Sync 1 DAGs
[2023-08-12T04:49:36.190+0000] {logging_mixin.py:149} INFO - [2023-08-12T04:49:36.190+0000] {dag.py:3486} INFO - Setting next_dagrun for example_task_group to 2023-08-11T04:49:36.190413+00:00, run_after=2023-08-12T04:49:36.190413+00:00
[2023-08-12T04:49:36.198+0000] {processor.py:179} INFO - Processing /home/airflow/.local/lib/python3.10/site-packages/airflow/example_dags/example_task_group.py took 0.034 seconds
[2023-08-12T04:50:06.570+0000] {processor.py:157} INFO - Started process (PID=419) to work on /home/airflow/.local/lib/python3.10/site-packages/airflow/example_dags/example_task_group.py
[2023-08-12T04:50:06.570+0000] {processor.py:826} INFO - Processing file /home/airflow/.local/lib/python3.10/site-packages/airflow/example_dags/example_task_group.py for tasks to queue
[2023-08-12T04:50:06.571+0000] {logging_mixin.py:149} INFO - [2023-08-12T04:50:06.571+0000] {dagbag.py:541} INFO - Filling up the DagBag from /home/airflow/.local/lib/python3.10/site-packages/airflow/example_dags/example_task_group.py
[2023-08-12T04:50:06.574+0000] {processor.py:836} INFO - DAG(s) dict_keys(['example_task_group']) retrieved from /home/airflow/.local/lib/python3.10/site-packages/airflow/example_dags/example_task_group.py
[2023-08-12T04:50:06.586+0000] {logging_mixin.py:149} INFO - [2023-08-12T04:50:06.586+0000] {dag.py:2726} INFO - Sync 1 DAGs
[2023-08-12T04:50:06.595+0000] {logging_mixin.py:149} INFO - [2023-08-12T04:50:06.595+0000] {dag.py:3486} INFO - Setting next_dagrun for example_task_group to 2023-08-11T04:50:06.595423+00:00, run_after=2023-08-12T04:50:06.595423+00:00
[2023-08-12T04:50:06.602+0000] {processor.py:179} INFO - Processing /home/airflow/.local/lib/python3.10/site-packages/airflow/example_dags/example_task_group.py took 0.033 seconds
[2023-08-12T04:50:37.003+0000] {processor.py:157} INFO - Started process (PID=496) to work on /home/airflow/.local/lib/python3.10/site-packages/airflow/example_dags/example_task_group.py
[2023-08-12T04:50:37.003+0000] {processor.py:826} INFO - Processing file /home/airflow/.local/lib/python3.10/site-packages/airflow/example_dags/example_task_group.py for tasks to queue
[2023-08-12T04:50:37.004+0000] {logging_mixin.py:149} INFO - [2023-08-12T04:50:37.004+0000] {dagbag.py:541} INFO - Filling up the DagBag from /home/airflow/.local/lib/python3.10/site-packages/airflow/example_dags/example_task_group.py
[2023-08-12T04:50:37.007+0000] {processor.py:836} INFO - DAG(s) dict_keys(['example_task_group']) retrieved from /home/airflow/.local/lib/python3.10/site-packages/airflow/example_dags/example_task_group.py
[2023-08-12T04:50:37.018+0000] {logging_mixin.py:149} INFO - [2023-08-12T04:50:37.018+0000] {dag.py:2726} INFO - Sync 1 DAGs
[2023-08-12T04:50:37.028+0000] {logging_mixin.py:149} INFO - [2023-08-12T04:50:37.028+0000] {dag.py:3486} INFO - Setting next_dagrun for example_task_group to 2023-08-11T04:50:37.028716+00:00, run_after=2023-08-12T04:50:37.028716+00:00
[2023-08-12T04:50:37.036+0000] {processor.py:179} INFO - Processing /home/airflow/.local/lib/python3.10/site-packages/airflow/example_dags/example_task_group.py took 0.034 seconds
[2023-08-12T04:51:07.432+0000] {processor.py:157} INFO - Started process (PID=573) to work on /home/airflow/.local/lib/python3.10/site-packages/airflow/example_dags/example_task_group.py
[2023-08-12T04:51:07.432+0000] {processor.py:826} INFO - Processing file /home/airflow/.local/lib/python3.10/site-packages/airflow/example_dags/example_task_group.py for tasks to queue
[2023-08-12T04:51:07.432+0000] {logging_mixin.py:149} INFO - [2023-08-12T04:51:07.432+0000] {dagbag.py:541} INFO - Filling up the DagBag from /home/airflow/.local/lib/python3.10/site-packages/airflow/example_dags/example_task_group.py
[2023-08-12T04:51:07.435+0000] {processor.py:836} INFO - DAG(s) dict_keys(['example_task_group']) retrieved from /home/airflow/.local/lib/python3.10/site-packages/airflow/example_dags/example_task_group.py
[2023-08-12T04:51:07.446+0000] {logging_mixin.py:149} INFO - [2023-08-12T04:51:07.446+0000] {dag.py:2726} INFO - Sync 1 DAGs
[2023-08-12T04:51:07.455+0000] {logging_mixin.py:149} INFO - [2023-08-12T04:51:07.455+0000] {dag.py:3486} INFO - Setting next_dagrun for example_task_group to 2023-08-11T04:51:07.455534+00:00, run_after=2023-08-12T04:51:07.455534+00:00
[2023-08-12T04:51:07.462+0000] {processor.py:179} INFO - Processing /home/airflow/.local/lib/python3.10/site-packages/airflow/example_dags/example_task_group.py took 0.032 seconds
[2023-08-12T04:51:37.842+0000] {processor.py:157} INFO - Started process (PID=650) to work on /home/airflow/.local/lib/python3.10/site-packages/airflow/example_dags/example_task_group.py
[2023-08-12T04:51:37.843+0000] {processor.py:826} INFO - Processing file /home/airflow/.local/lib/python3.10/site-packages/airflow/example_dags/example_task_group.py for tasks to queue
[2023-08-12T04:51:37.843+0000] {logging_mixin.py:149} INFO - [2023-08-12T04:51:37.843+0000] {dagbag.py:541} INFO - Filling up the DagBag from /home/airflow/.local/lib/python3.10/site-packages/airflow/example_dags/example_task_group.py
[2023-08-12T04:51:37.847+0000] {processor.py:836} INFO - DAG(s) dict_keys(['example_task_group']) retrieved from /home/airflow/.local/lib/python3.10/site-packages/airflow/example_dags/example_task_group.py
[2023-08-12T04:51:37.857+0000] {logging_mixin.py:149} INFO - [2023-08-12T04:51:37.857+0000] {dag.py:2726} INFO - Sync 1 DAGs
[2023-08-12T04:51:37.867+0000] {logging_mixin.py:149} INFO - [2023-08-12T04:51:37.866+0000] {dag.py:3486} INFO - Setting next_dagrun for example_task_group to 2023-08-11T04:51:37.866838+00:00, run_after=2023-08-12T04:51:37.866838+00:00
[2023-08-12T04:51:37.874+0000] {processor.py:179} INFO - Processing /home/airflow/.local/lib/python3.10/site-packages/airflow/example_dags/example_task_group.py took 0.033 seconds
[2023-08-12T04:52:08.256+0000] {processor.py:157} INFO - Started process (PID=727) to work on /home/airflow/.local/lib/python3.10/site-packages/airflow/example_dags/example_task_group.py
[2023-08-12T04:52:08.257+0000] {processor.py:826} INFO - Processing file /home/airflow/.local/lib/python3.10/site-packages/airflow/example_dags/example_task_group.py for tasks to queue
[2023-08-12T04:52:08.257+0000] {logging_mixin.py:149} INFO - [2023-08-12T04:52:08.257+0000] {dagbag.py:541} INFO - Filling up the DagBag from /home/airflow/.local/lib/python3.10/site-packages/airflow/example_dags/example_task_group.py
[2023-08-12T04:52:08.260+0000] {processor.py:836} INFO - DAG(s) dict_keys(['example_task_group']) retrieved from /home/airflow/.local/lib/python3.10/site-packages/airflow/example_dags/example_task_group.py
[2023-08-12T04:52:08.271+0000] {logging_mixin.py:149} INFO - [2023-08-12T04:52:08.271+0000] {dag.py:2726} INFO - Sync 1 DAGs
[2023-08-12T04:52:08.281+0000] {logging_mixin.py:149} INFO - [2023-08-12T04:52:08.280+0000] {dag.py:3486} INFO - Setting next_dagrun for example_task_group to 2023-08-11T04:52:08.280892+00:00, run_after=2023-08-12T04:52:08.280892+00:00
[2023-08-12T04:52:08.288+0000] {processor.py:179} INFO - Processing /home/airflow/.local/lib/python3.10/site-packages/airflow/example_dags/example_task_group.py took 0.033 seconds
[2023-08-12T04:52:38.678+0000] {processor.py:157} INFO - Started process (PID=804) to work on /home/airflow/.local/lib/python3.10/site-packages/airflow/example_dags/example_task_group.py
[2023-08-12T04:52:38.678+0000] {processor.py:826} INFO - Processing file /home/airflow/.local/lib/python3.10/site-packages/airflow/example_dags/example_task_group.py for tasks to queue
[2023-08-12T04:52:38.679+0000] {logging_mixin.py:149} INFO - [2023-08-12T04:52:38.679+0000] {dagbag.py:541} INFO - Filling up the DagBag from /home/airflow/.local/lib/python3.10/site-packages/airflow/example_dags/example_task_group.py
[2023-08-12T04:52:38.682+0000] {processor.py:836} INFO - DAG(s) dict_keys(['example_task_group']) retrieved from /home/airflow/.local/lib/python3.10/site-packages/airflow/example_dags/example_task_group.py
[2023-08-12T04:52:38.692+0000] {logging_mixin.py:149} INFO - [2023-08-12T04:52:38.692+0000] {dag.py:2726} INFO - Sync 1 DAGs
[2023-08-12T04:52:38.701+0000] {logging_mixin.py:149} INFO - [2023-08-12T04:52:38.701+0000] {dag.py:3486} INFO - Setting next_dagrun for example_task_group to 2023-08-11T04:52:38.701622+00:00, run_after=2023-08-12T04:52:38.701622+00:00
[2023-08-12T04:52:38.709+0000] {processor.py:179} INFO - Processing /home/airflow/.local/lib/python3.10/site-packages/airflow/example_dags/example_task_group.py took 0.032 seconds
[2023-08-12T04:53:25.140+0000] {processor.py:157} INFO - Started process (PID=34) to work on /home/airflow/.local/lib/python3.10/site-packages/airflow/example_dags/example_task_group.py
[2023-08-12T04:53:25.140+0000] {processor.py:826} INFO - Processing file /home/airflow/.local/lib/python3.10/site-packages/airflow/example_dags/example_task_group.py for tasks to queue
[2023-08-12T04:53:25.141+0000] {logging_mixin.py:149} INFO - [2023-08-12T04:53:25.141+0000] {dagbag.py:541} INFO - Filling up the DagBag from /home/airflow/.local/lib/python3.10/site-packages/airflow/example_dags/example_task_group.py
[2023-08-12T04:53:25.145+0000] {processor.py:836} INFO - DAG(s) dict_keys(['example_task_group']) retrieved from /home/airflow/.local/lib/python3.10/site-packages/airflow/example_dags/example_task_group.py
[2023-08-12T04:53:25.150+0000] {logging_mixin.py:149} INFO - [2023-08-12T04:53:25.150+0000] {dag.py:2726} INFO - Sync 1 DAGs
[2023-08-12T04:53:25.160+0000] {logging_mixin.py:149} INFO - [2023-08-12T04:53:25.160+0000] {dag.py:3486} INFO - Setting next_dagrun for example_task_group to 2023-08-11T04:53:25.160758+00:00, run_after=2023-08-12T04:53:25.160758+00:00
[2023-08-12T04:53:25.168+0000] {processor.py:179} INFO - Processing /home/airflow/.local/lib/python3.10/site-packages/airflow/example_dags/example_task_group.py took 0.029 seconds
[2023-08-12T04:53:55.312+0000] {processor.py:157} INFO - Started process (PID=111) to work on /home/airflow/.local/lib/python3.10/site-packages/airflow/example_dags/example_task_group.py
[2023-08-12T04:53:55.313+0000] {processor.py:826} INFO - Processing file /home/airflow/.local/lib/python3.10/site-packages/airflow/example_dags/example_task_group.py for tasks to queue
[2023-08-12T04:53:55.313+0000] {logging_mixin.py:149} INFO - [2023-08-12T04:53:55.313+0000] {dagbag.py:541} INFO - Filling up the DagBag from /home/airflow/.local/lib/python3.10/site-packages/airflow/example_dags/example_task_group.py
[2023-08-12T04:53:55.316+0000] {processor.py:836} INFO - DAG(s) dict_keys(['example_task_group']) retrieved from /home/airflow/.local/lib/python3.10/site-packages/airflow/example_dags/example_task_group.py
[2023-08-12T04:53:55.327+0000] {logging_mixin.py:149} INFO - [2023-08-12T04:53:55.327+0000] {dag.py:2726} INFO - Sync 1 DAGs
[2023-08-12T04:53:55.337+0000] {logging_mixin.py:149} INFO - [2023-08-12T04:53:55.337+0000] {dag.py:3486} INFO - Setting next_dagrun for example_task_group to 2023-08-11T04:53:55.337067+00:00, run_after=2023-08-12T04:53:55.337067+00:00
[2023-08-12T04:53:55.344+0000] {processor.py:179} INFO - Processing /home/airflow/.local/lib/python3.10/site-packages/airflow/example_dags/example_task_group.py took 0.032 seconds
[2023-08-12T04:54:25.739+0000] {processor.py:157} INFO - Started process (PID=188) to work on /home/airflow/.local/lib/python3.10/site-packages/airflow/example_dags/example_task_group.py
[2023-08-12T04:54:25.739+0000] {processor.py:826} INFO - Processing file /home/airflow/.local/lib/python3.10/site-packages/airflow/example_dags/example_task_group.py for tasks to queue
[2023-08-12T04:54:25.739+0000] {logging_mixin.py:149} INFO - [2023-08-12T04:54:25.739+0000] {dagbag.py:541} INFO - Filling up the DagBag from /home/airflow/.local/lib/python3.10/site-packages/airflow/example_dags/example_task_group.py
[2023-08-12T04:54:25.743+0000] {processor.py:836} INFO - DAG(s) dict_keys(['example_task_group']) retrieved from /home/airflow/.local/lib/python3.10/site-packages/airflow/example_dags/example_task_group.py
[2023-08-12T04:54:25.754+0000] {logging_mixin.py:149} INFO - [2023-08-12T04:54:25.754+0000] {dag.py:2726} INFO - Sync 1 DAGs
[2023-08-12T04:54:25.764+0000] {logging_mixin.py:149} INFO - [2023-08-12T04:54:25.764+0000] {dag.py:3486} INFO - Setting next_dagrun for example_task_group to 2023-08-11T04:54:25.764168+00:00, run_after=2023-08-12T04:54:25.764168+00:00
[2023-08-12T04:54:25.772+0000] {processor.py:179} INFO - Processing /home/airflow/.local/lib/python3.10/site-packages/airflow/example_dags/example_task_group.py took 0.034 seconds
[2023-08-12T04:54:56.205+0000] {processor.py:157} INFO - Started process (PID=265) to work on /home/airflow/.local/lib/python3.10/site-packages/airflow/example_dags/example_task_group.py
[2023-08-12T04:54:56.206+0000] {processor.py:826} INFO - Processing file /home/airflow/.local/lib/python3.10/site-packages/airflow/example_dags/example_task_group.py for tasks to queue
[2023-08-12T04:54:56.206+0000] {logging_mixin.py:149} INFO - [2023-08-12T04:54:56.206+0000] {dagbag.py:541} INFO - Filling up the DagBag from /home/airflow/.local/lib/python3.10/site-packages/airflow/example_dags/example_task_group.py
[2023-08-12T04:54:56.209+0000] {processor.py:836} INFO - DAG(s) dict_keys(['example_task_group']) retrieved from /home/airflow/.local/lib/python3.10/site-packages/airflow/example_dags/example_task_group.py
[2023-08-12T04:54:56.220+0000] {logging_mixin.py:149} INFO - [2023-08-12T04:54:56.220+0000] {dag.py:2726} INFO - Sync 1 DAGs
[2023-08-12T04:54:56.230+0000] {logging_mixin.py:149} INFO - [2023-08-12T04:54:56.229+0000] {dag.py:3486} INFO - Setting next_dagrun for example_task_group to 2023-08-11T04:54:56.229858+00:00, run_after=2023-08-12T04:54:56.229858+00:00
[2023-08-12T04:54:56.237+0000] {processor.py:179} INFO - Processing /home/airflow/.local/lib/python3.10/site-packages/airflow/example_dags/example_task_group.py took 0.034 seconds
[2023-08-12T04:55:26.492+0000] {processor.py:157} INFO - Started process (PID=342) to work on /home/airflow/.local/lib/python3.10/site-packages/airflow/example_dags/example_task_group.py
[2023-08-12T04:55:26.492+0000] {processor.py:826} INFO - Processing file /home/airflow/.local/lib/python3.10/site-packages/airflow/example_dags/example_task_group.py for tasks to queue
[2023-08-12T04:55:26.492+0000] {logging_mixin.py:149} INFO - [2023-08-12T04:55:26.492+0000] {dagbag.py:541} INFO - Filling up the DagBag from /home/airflow/.local/lib/python3.10/site-packages/airflow/example_dags/example_task_group.py
[2023-08-12T04:55:26.496+0000] {processor.py:836} INFO - DAG(s) dict_keys(['example_task_group']) retrieved from /home/airflow/.local/lib/python3.10/site-packages/airflow/example_dags/example_task_group.py
[2023-08-12T04:55:26.506+0000] {logging_mixin.py:149} INFO - [2023-08-12T04:55:26.506+0000] {dag.py:2726} INFO - Sync 1 DAGs
[2023-08-12T04:55:26.516+0000] {logging_mixin.py:149} INFO - [2023-08-12T04:55:26.516+0000] {dag.py:3486} INFO - Setting next_dagrun for example_task_group to 2023-08-11T04:55:26.516222+00:00, run_after=2023-08-12T04:55:26.516222+00:00
[2023-08-12T04:55:26.523+0000] {processor.py:179} INFO - Processing /home/airflow/.local/lib/python3.10/site-packages/airflow/example_dags/example_task_group.py took 0.032 seconds
[2023-08-12T04:55:56.771+0000] {processor.py:157} INFO - Started process (PID=419) to work on /home/airflow/.local/lib/python3.10/site-packages/airflow/example_dags/example_task_group.py
[2023-08-12T04:55:56.771+0000] {processor.py:826} INFO - Processing file /home/airflow/.local/lib/python3.10/site-packages/airflow/example_dags/example_task_group.py for tasks to queue
[2023-08-12T04:55:56.771+0000] {logging_mixin.py:149} INFO - [2023-08-12T04:55:56.771+0000] {dagbag.py:541} INFO - Filling up the DagBag from /home/airflow/.local/lib/python3.10/site-packages/airflow/example_dags/example_task_group.py
[2023-08-12T04:55:56.775+0000] {processor.py:836} INFO - DAG(s) dict_keys(['example_task_group']) retrieved from /home/airflow/.local/lib/python3.10/site-packages/airflow/example_dags/example_task_group.py
[2023-08-12T04:55:56.785+0000] {logging_mixin.py:149} INFO - [2023-08-12T04:55:56.785+0000] {dag.py:2726} INFO - Sync 1 DAGs
[2023-08-12T04:55:56.794+0000] {logging_mixin.py:149} INFO - [2023-08-12T04:55:56.794+0000] {dag.py:3486} INFO - Setting next_dagrun for example_task_group to 2023-08-11T04:55:56.794749+00:00, run_after=2023-08-12T04:55:56.794749+00:00
[2023-08-12T04:55:56.802+0000] {processor.py:179} INFO - Processing /home/airflow/.local/lib/python3.10/site-packages/airflow/example_dags/example_task_group.py took 0.032 seconds
[2023-08-12T04:56:27.119+0000] {processor.py:157} INFO - Started process (PID=496) to work on /home/airflow/.local/lib/python3.10/site-packages/airflow/example_dags/example_task_group.py
[2023-08-12T04:56:27.120+0000] {processor.py:826} INFO - Processing file /home/airflow/.local/lib/python3.10/site-packages/airflow/example_dags/example_task_group.py for tasks to queue
[2023-08-12T04:56:27.120+0000] {logging_mixin.py:149} INFO - [2023-08-12T04:56:27.120+0000] {dagbag.py:541} INFO - Filling up the DagBag from /home/airflow/.local/lib/python3.10/site-packages/airflow/example_dags/example_task_group.py
[2023-08-12T04:56:27.123+0000] {processor.py:836} INFO - DAG(s) dict_keys(['example_task_group']) retrieved from /home/airflow/.local/lib/python3.10/site-packages/airflow/example_dags/example_task_group.py
[2023-08-12T04:56:27.134+0000] {logging_mixin.py:149} INFO - [2023-08-12T04:56:27.134+0000] {dag.py:2726} INFO - Sync 1 DAGs
[2023-08-12T04:56:27.143+0000] {logging_mixin.py:149} INFO - [2023-08-12T04:56:27.143+0000] {dag.py:3486} INFO - Setting next_dagrun for example_task_group to 2023-08-11T04:56:27.143427+00:00, run_after=2023-08-12T04:56:27.143427+00:00
[2023-08-12T04:56:27.150+0000] {processor.py:179} INFO - Processing /home/airflow/.local/lib/python3.10/site-packages/airflow/example_dags/example_task_group.py took 0.032 seconds
[2023-08-12T04:56:57.565+0000] {processor.py:157} INFO - Started process (PID=572) to work on /home/airflow/.local/lib/python3.10/site-packages/airflow/example_dags/example_task_group.py
[2023-08-12T04:56:57.566+0000] {processor.py:826} INFO - Processing file /home/airflow/.local/lib/python3.10/site-packages/airflow/example_dags/example_task_group.py for tasks to queue
[2023-08-12T04:56:57.566+0000] {logging_mixin.py:149} INFO - [2023-08-12T04:56:57.566+0000] {dagbag.py:541} INFO - Filling up the DagBag from /home/airflow/.local/lib/python3.10/site-packages/airflow/example_dags/example_task_group.py
[2023-08-12T04:56:57.569+0000] {processor.py:836} INFO - DAG(s) dict_keys(['example_task_group']) retrieved from /home/airflow/.local/lib/python3.10/site-packages/airflow/example_dags/example_task_group.py
[2023-08-12T04:56:57.581+0000] {logging_mixin.py:149} INFO - [2023-08-12T04:56:57.581+0000] {dag.py:2726} INFO - Sync 1 DAGs
[2023-08-12T04:56:57.591+0000] {logging_mixin.py:149} INFO - [2023-08-12T04:56:57.590+0000] {dag.py:3486} INFO - Setting next_dagrun for example_task_group to 2023-08-11T04:56:57.590835+00:00, run_after=2023-08-12T04:56:57.590835+00:00
[2023-08-12T04:56:57.598+0000] {processor.py:179} INFO - Processing /home/airflow/.local/lib/python3.10/site-packages/airflow/example_dags/example_task_group.py took 0.034 seconds
[2023-08-12T04:57:27.938+0000] {processor.py:157} INFO - Started process (PID=649) to work on /home/airflow/.local/lib/python3.10/site-packages/airflow/example_dags/example_task_group.py
[2023-08-12T04:57:27.939+0000] {processor.py:826} INFO - Processing file /home/airflow/.local/lib/python3.10/site-packages/airflow/example_dags/example_task_group.py for tasks to queue
[2023-08-12T04:57:27.939+0000] {logging_mixin.py:149} INFO - [2023-08-12T04:57:27.939+0000] {dagbag.py:541} INFO - Filling up the DagBag from /home/airflow/.local/lib/python3.10/site-packages/airflow/example_dags/example_task_group.py
[2023-08-12T04:57:27.942+0000] {processor.py:836} INFO - DAG(s) dict_keys(['example_task_group']) retrieved from /home/airflow/.local/lib/python3.10/site-packages/airflow/example_dags/example_task_group.py
[2023-08-12T04:57:27.952+0000] {logging_mixin.py:149} INFO - [2023-08-12T04:57:27.952+0000] {dag.py:2726} INFO - Sync 1 DAGs
[2023-08-12T04:57:27.962+0000] {logging_mixin.py:149} INFO - [2023-08-12T04:57:27.961+0000] {dag.py:3486} INFO - Setting next_dagrun for example_task_group to 2023-08-11T04:57:27.961761+00:00, run_after=2023-08-12T04:57:27.961761+00:00
[2023-08-12T04:57:27.968+0000] {processor.py:179} INFO - Processing /home/airflow/.local/lib/python3.10/site-packages/airflow/example_dags/example_task_group.py took 0.031 seconds
