[2023-08-12T03:29:37.893+0000] {processor.py:157} INFO - Started process (PID=40) to work on /home/airflow/.local/lib/python3.10/site-packages/airflow/example_dags/example_branch_labels.py
[2023-08-12T03:29:37.894+0000] {processor.py:826} INFO - Processing file /home/airflow/.local/lib/python3.10/site-packages/airflow/example_dags/example_branch_labels.py for tasks to queue
[2023-08-12T03:29:37.894+0000] {logging_mixin.py:149} INFO - [2023-08-12T03:29:37.894+0000] {dagbag.py:541} INFO - Filling up the DagBag from /home/airflow/.local/lib/python3.10/site-packages/airflow/example_dags/example_branch_labels.py
[2023-08-12T03:29:37.899+0000] {processor.py:836} INFO - DAG(s) dict_keys(['example_branch_labels']) retrieved from /home/airflow/.local/lib/python3.10/site-packages/airflow/example_dags/example_branch_labels.py
[2023-08-12T03:29:37.904+0000] {logging_mixin.py:149} INFO - [2023-08-12T03:29:37.904+0000] {dag.py:2726} INFO - Sync 1 DAGs
[2023-08-12T03:29:37.916+0000] {logging_mixin.py:149} INFO - [2023-08-12T03:29:37.916+0000] {dag.py:3486} INFO - Setting next_dagrun for example_branch_labels to 2023-08-11T00:00:00+00:00, run_after=2023-08-12T00:00:00+00:00
[2023-08-12T03:29:37.923+0000] {processor.py:179} INFO - Processing /home/airflow/.local/lib/python3.10/site-packages/airflow/example_dags/example_branch_labels.py took 0.031 seconds
[2023-08-12T03:30:08.113+0000] {processor.py:157} INFO - Started process (PID=116) to work on /home/airflow/.local/lib/python3.10/site-packages/airflow/example_dags/example_branch_labels.py
[2023-08-12T03:30:08.114+0000] {processor.py:826} INFO - Processing file /home/airflow/.local/lib/python3.10/site-packages/airflow/example_dags/example_branch_labels.py for tasks to queue
[2023-08-12T03:30:08.114+0000] {logging_mixin.py:149} INFO - [2023-08-12T03:30:08.114+0000] {dagbag.py:541} INFO - Filling up the DagBag from /home/airflow/.local/lib/python3.10/site-packages/airflow/example_dags/example_branch_labels.py
[2023-08-12T03:30:08.117+0000] {processor.py:836} INFO - DAG(s) dict_keys(['example_branch_labels']) retrieved from /home/airflow/.local/lib/python3.10/site-packages/airflow/example_dags/example_branch_labels.py
[2023-08-12T03:30:08.128+0000] {logging_mixin.py:149} INFO - [2023-08-12T03:30:08.128+0000] {dag.py:2726} INFO - Sync 1 DAGs
[2023-08-12T03:30:08.138+0000] {logging_mixin.py:149} INFO - [2023-08-12T03:30:08.138+0000] {dag.py:3486} INFO - Setting next_dagrun for example_branch_labels to 2023-08-11T00:00:00+00:00, run_after=2023-08-12T00:00:00+00:00
[2023-08-12T03:30:08.145+0000] {processor.py:179} INFO - Processing /home/airflow/.local/lib/python3.10/site-packages/airflow/example_dags/example_branch_labels.py took 0.033 seconds
[2023-08-12T03:30:38.497+0000] {processor.py:157} INFO - Started process (PID=193) to work on /home/airflow/.local/lib/python3.10/site-packages/airflow/example_dags/example_branch_labels.py
[2023-08-12T03:30:38.497+0000] {processor.py:826} INFO - Processing file /home/airflow/.local/lib/python3.10/site-packages/airflow/example_dags/example_branch_labels.py for tasks to queue
[2023-08-12T03:30:38.497+0000] {logging_mixin.py:149} INFO - [2023-08-12T03:30:38.497+0000] {dagbag.py:541} INFO - Filling up the DagBag from /home/airflow/.local/lib/python3.10/site-packages/airflow/example_dags/example_branch_labels.py
[2023-08-12T03:30:38.500+0000] {processor.py:836} INFO - DAG(s) dict_keys(['example_branch_labels']) retrieved from /home/airflow/.local/lib/python3.10/site-packages/airflow/example_dags/example_branch_labels.py
[2023-08-12T03:30:38.511+0000] {logging_mixin.py:149} INFO - [2023-08-12T03:30:38.511+0000] {dag.py:2726} INFO - Sync 1 DAGs
[2023-08-12T03:30:38.521+0000] {logging_mixin.py:149} INFO - [2023-08-12T03:30:38.521+0000] {dag.py:3486} INFO - Setting next_dagrun for example_branch_labels to 2023-08-11T00:00:00+00:00, run_after=2023-08-12T00:00:00+00:00
[2023-08-12T03:30:38.528+0000] {processor.py:179} INFO - Processing /home/airflow/.local/lib/python3.10/site-packages/airflow/example_dags/example_branch_labels.py took 0.033 seconds
[2023-08-12T03:31:08.824+0000] {processor.py:157} INFO - Started process (PID=269) to work on /home/airflow/.local/lib/python3.10/site-packages/airflow/example_dags/example_branch_labels.py
[2023-08-12T03:31:08.824+0000] {processor.py:826} INFO - Processing file /home/airflow/.local/lib/python3.10/site-packages/airflow/example_dags/example_branch_labels.py for tasks to queue
[2023-08-12T03:31:08.825+0000] {logging_mixin.py:149} INFO - [2023-08-12T03:31:08.824+0000] {dagbag.py:541} INFO - Filling up the DagBag from /home/airflow/.local/lib/python3.10/site-packages/airflow/example_dags/example_branch_labels.py
[2023-08-12T03:31:08.827+0000] {processor.py:836} INFO - DAG(s) dict_keys(['example_branch_labels']) retrieved from /home/airflow/.local/lib/python3.10/site-packages/airflow/example_dags/example_branch_labels.py
[2023-08-12T03:31:08.838+0000] {logging_mixin.py:149} INFO - [2023-08-12T03:31:08.838+0000] {dag.py:2726} INFO - Sync 1 DAGs
[2023-08-12T03:31:08.848+0000] {logging_mixin.py:149} INFO - [2023-08-12T03:31:08.848+0000] {dag.py:3486} INFO - Setting next_dagrun for example_branch_labels to 2023-08-11T00:00:00+00:00, run_after=2023-08-12T00:00:00+00:00
[2023-08-12T03:31:08.854+0000] {processor.py:179} INFO - Processing /home/airflow/.local/lib/python3.10/site-packages/airflow/example_dags/example_branch_labels.py took 0.032 seconds
[2023-08-12T03:31:39.175+0000] {processor.py:157} INFO - Started process (PID=346) to work on /home/airflow/.local/lib/python3.10/site-packages/airflow/example_dags/example_branch_labels.py
[2023-08-12T03:31:39.175+0000] {processor.py:826} INFO - Processing file /home/airflow/.local/lib/python3.10/site-packages/airflow/example_dags/example_branch_labels.py for tasks to queue
[2023-08-12T03:31:39.176+0000] {logging_mixin.py:149} INFO - [2023-08-12T03:31:39.176+0000] {dagbag.py:541} INFO - Filling up the DagBag from /home/airflow/.local/lib/python3.10/site-packages/airflow/example_dags/example_branch_labels.py
[2023-08-12T03:31:39.179+0000] {processor.py:836} INFO - DAG(s) dict_keys(['example_branch_labels']) retrieved from /home/airflow/.local/lib/python3.10/site-packages/airflow/example_dags/example_branch_labels.py
[2023-08-12T03:31:39.189+0000] {logging_mixin.py:149} INFO - [2023-08-12T03:31:39.189+0000] {dag.py:2726} INFO - Sync 1 DAGs
[2023-08-12T03:31:39.199+0000] {logging_mixin.py:149} INFO - [2023-08-12T03:31:39.199+0000] {dag.py:3486} INFO - Setting next_dagrun for example_branch_labels to 2023-08-11T00:00:00+00:00, run_after=2023-08-12T00:00:00+00:00
[2023-08-12T03:31:39.206+0000] {processor.py:179} INFO - Processing /home/airflow/.local/lib/python3.10/site-packages/airflow/example_dags/example_branch_labels.py took 0.032 seconds
[2023-08-12T03:32:09.554+0000] {processor.py:157} INFO - Started process (PID=423) to work on /home/airflow/.local/lib/python3.10/site-packages/airflow/example_dags/example_branch_labels.py
[2023-08-12T03:32:09.555+0000] {processor.py:826} INFO - Processing file /home/airflow/.local/lib/python3.10/site-packages/airflow/example_dags/example_branch_labels.py for tasks to queue
[2023-08-12T03:32:09.555+0000] {logging_mixin.py:149} INFO - [2023-08-12T03:32:09.555+0000] {dagbag.py:541} INFO - Filling up the DagBag from /home/airflow/.local/lib/python3.10/site-packages/airflow/example_dags/example_branch_labels.py
[2023-08-12T03:32:09.558+0000] {processor.py:836} INFO - DAG(s) dict_keys(['example_branch_labels']) retrieved from /home/airflow/.local/lib/python3.10/site-packages/airflow/example_dags/example_branch_labels.py
[2023-08-12T03:32:09.569+0000] {logging_mixin.py:149} INFO - [2023-08-12T03:32:09.569+0000] {dag.py:2726} INFO - Sync 1 DAGs
[2023-08-12T03:32:09.579+0000] {logging_mixin.py:149} INFO - [2023-08-12T03:32:09.579+0000] {dag.py:3486} INFO - Setting next_dagrun for example_branch_labels to 2023-08-11T00:00:00+00:00, run_after=2023-08-12T00:00:00+00:00
[2023-08-12T03:32:09.587+0000] {processor.py:179} INFO - Processing /home/airflow/.local/lib/python3.10/site-packages/airflow/example_dags/example_branch_labels.py took 0.034 seconds
[2023-08-12T03:32:39.858+0000] {processor.py:157} INFO - Started process (PID=500) to work on /home/airflow/.local/lib/python3.10/site-packages/airflow/example_dags/example_branch_labels.py
[2023-08-12T03:32:39.858+0000] {processor.py:826} INFO - Processing file /home/airflow/.local/lib/python3.10/site-packages/airflow/example_dags/example_branch_labels.py for tasks to queue
[2023-08-12T03:32:39.858+0000] {logging_mixin.py:149} INFO - [2023-08-12T03:32:39.858+0000] {dagbag.py:541} INFO - Filling up the DagBag from /home/airflow/.local/lib/python3.10/site-packages/airflow/example_dags/example_branch_labels.py
[2023-08-12T03:32:39.861+0000] {processor.py:836} INFO - DAG(s) dict_keys(['example_branch_labels']) retrieved from /home/airflow/.local/lib/python3.10/site-packages/airflow/example_dags/example_branch_labels.py
[2023-08-12T03:32:39.872+0000] {logging_mixin.py:149} INFO - [2023-08-12T03:32:39.872+0000] {dag.py:2726} INFO - Sync 1 DAGs
[2023-08-12T03:32:39.882+0000] {logging_mixin.py:149} INFO - [2023-08-12T03:32:39.882+0000] {dag.py:3486} INFO - Setting next_dagrun for example_branch_labels to 2023-08-11T00:00:00+00:00, run_after=2023-08-12T00:00:00+00:00
[2023-08-12T03:32:39.889+0000] {processor.py:179} INFO - Processing /home/airflow/.local/lib/python3.10/site-packages/airflow/example_dags/example_branch_labels.py took 0.032 seconds
[2023-08-12T03:33:10.152+0000] {processor.py:157} INFO - Started process (PID=577) to work on /home/airflow/.local/lib/python3.10/site-packages/airflow/example_dags/example_branch_labels.py
[2023-08-12T03:33:10.153+0000] {processor.py:826} INFO - Processing file /home/airflow/.local/lib/python3.10/site-packages/airflow/example_dags/example_branch_labels.py for tasks to queue
[2023-08-12T03:33:10.153+0000] {logging_mixin.py:149} INFO - [2023-08-12T03:33:10.153+0000] {dagbag.py:541} INFO - Filling up the DagBag from /home/airflow/.local/lib/python3.10/site-packages/airflow/example_dags/example_branch_labels.py
[2023-08-12T03:33:10.156+0000] {processor.py:836} INFO - DAG(s) dict_keys(['example_branch_labels']) retrieved from /home/airflow/.local/lib/python3.10/site-packages/airflow/example_dags/example_branch_labels.py
[2023-08-12T03:33:10.166+0000] {logging_mixin.py:149} INFO - [2023-08-12T03:33:10.166+0000] {dag.py:2726} INFO - Sync 1 DAGs
[2023-08-12T03:33:10.176+0000] {logging_mixin.py:149} INFO - [2023-08-12T03:33:10.176+0000] {dag.py:3486} INFO - Setting next_dagrun for example_branch_labels to 2023-08-11T00:00:00+00:00, run_after=2023-08-12T00:00:00+00:00
[2023-08-12T03:33:10.182+0000] {processor.py:179} INFO - Processing /home/airflow/.local/lib/python3.10/site-packages/airflow/example_dags/example_branch_labels.py took 0.031 seconds
[2023-08-12T03:33:40.740+0000] {processor.py:157} INFO - Started process (PID=654) to work on /home/airflow/.local/lib/python3.10/site-packages/airflow/example_dags/example_branch_labels.py
[2023-08-12T03:33:40.741+0000] {processor.py:826} INFO - Processing file /home/airflow/.local/lib/python3.10/site-packages/airflow/example_dags/example_branch_labels.py for tasks to queue
[2023-08-12T03:33:40.741+0000] {logging_mixin.py:149} INFO - [2023-08-12T03:33:40.741+0000] {dagbag.py:541} INFO - Filling up the DagBag from /home/airflow/.local/lib/python3.10/site-packages/airflow/example_dags/example_branch_labels.py
[2023-08-12T03:33:40.744+0000] {processor.py:836} INFO - DAG(s) dict_keys(['example_branch_labels']) retrieved from /home/airflow/.local/lib/python3.10/site-packages/airflow/example_dags/example_branch_labels.py
[2023-08-12T03:33:40.754+0000] {logging_mixin.py:149} INFO - [2023-08-12T03:33:40.754+0000] {dag.py:2726} INFO - Sync 1 DAGs
[2023-08-12T03:33:40.764+0000] {logging_mixin.py:149} INFO - [2023-08-12T03:33:40.764+0000] {dag.py:3486} INFO - Setting next_dagrun for example_branch_labels to 2023-08-11T00:00:00+00:00, run_after=2023-08-12T00:00:00+00:00
[2023-08-12T03:33:40.772+0000] {processor.py:179} INFO - Processing /home/airflow/.local/lib/python3.10/site-packages/airflow/example_dags/example_branch_labels.py took 0.032 seconds
[2023-08-12T03:34:11.089+0000] {processor.py:157} INFO - Started process (PID=730) to work on /home/airflow/.local/lib/python3.10/site-packages/airflow/example_dags/example_branch_labels.py
[2023-08-12T03:34:11.089+0000] {processor.py:826} INFO - Processing file /home/airflow/.local/lib/python3.10/site-packages/airflow/example_dags/example_branch_labels.py for tasks to queue
[2023-08-12T03:34:11.090+0000] {logging_mixin.py:149} INFO - [2023-08-12T03:34:11.089+0000] {dagbag.py:541} INFO - Filling up the DagBag from /home/airflow/.local/lib/python3.10/site-packages/airflow/example_dags/example_branch_labels.py
[2023-08-12T03:34:11.092+0000] {processor.py:836} INFO - DAG(s) dict_keys(['example_branch_labels']) retrieved from /home/airflow/.local/lib/python3.10/site-packages/airflow/example_dags/example_branch_labels.py
[2023-08-12T03:34:11.102+0000] {logging_mixin.py:149} INFO - [2023-08-12T03:34:11.102+0000] {dag.py:2726} INFO - Sync 1 DAGs
[2023-08-12T03:34:11.112+0000] {logging_mixin.py:149} INFO - [2023-08-12T03:34:11.112+0000] {dag.py:3486} INFO - Setting next_dagrun for example_branch_labels to 2023-08-11T00:00:00+00:00, run_after=2023-08-12T00:00:00+00:00
[2023-08-12T03:34:11.119+0000] {processor.py:179} INFO - Processing /home/airflow/.local/lib/python3.10/site-packages/airflow/example_dags/example_branch_labels.py took 0.031 seconds
[2023-08-12T03:34:41.441+0000] {processor.py:157} INFO - Started process (PID=807) to work on /home/airflow/.local/lib/python3.10/site-packages/airflow/example_dags/example_branch_labels.py
[2023-08-12T03:34:41.442+0000] {processor.py:826} INFO - Processing file /home/airflow/.local/lib/python3.10/site-packages/airflow/example_dags/example_branch_labels.py for tasks to queue
[2023-08-12T03:34:41.442+0000] {logging_mixin.py:149} INFO - [2023-08-12T03:34:41.442+0000] {dagbag.py:541} INFO - Filling up the DagBag from /home/airflow/.local/lib/python3.10/site-packages/airflow/example_dags/example_branch_labels.py
[2023-08-12T03:34:41.445+0000] {processor.py:836} INFO - DAG(s) dict_keys(['example_branch_labels']) retrieved from /home/airflow/.local/lib/python3.10/site-packages/airflow/example_dags/example_branch_labels.py
[2023-08-12T03:34:41.456+0000] {logging_mixin.py:149} INFO - [2023-08-12T03:34:41.456+0000] {dag.py:2726} INFO - Sync 1 DAGs
[2023-08-12T03:34:41.466+0000] {logging_mixin.py:149} INFO - [2023-08-12T03:34:41.466+0000] {dag.py:3486} INFO - Setting next_dagrun for example_branch_labels to 2023-08-11T00:00:00+00:00, run_after=2023-08-12T00:00:00+00:00
[2023-08-12T03:34:41.472+0000] {processor.py:179} INFO - Processing /home/airflow/.local/lib/python3.10/site-packages/airflow/example_dags/example_branch_labels.py took 0.032 seconds
[2023-08-12T03:35:11.818+0000] {processor.py:157} INFO - Started process (PID=884) to work on /home/airflow/.local/lib/python3.10/site-packages/airflow/example_dags/example_branch_labels.py
[2023-08-12T03:35:11.819+0000] {processor.py:826} INFO - Processing file /home/airflow/.local/lib/python3.10/site-packages/airflow/example_dags/example_branch_labels.py for tasks to queue
[2023-08-12T03:35:11.819+0000] {logging_mixin.py:149} INFO - [2023-08-12T03:35:11.819+0000] {dagbag.py:541} INFO - Filling up the DagBag from /home/airflow/.local/lib/python3.10/site-packages/airflow/example_dags/example_branch_labels.py
[2023-08-12T03:35:11.822+0000] {processor.py:836} INFO - DAG(s) dict_keys(['example_branch_labels']) retrieved from /home/airflow/.local/lib/python3.10/site-packages/airflow/example_dags/example_branch_labels.py
[2023-08-12T03:35:11.832+0000] {logging_mixin.py:149} INFO - [2023-08-12T03:35:11.832+0000] {dag.py:2726} INFO - Sync 1 DAGs
[2023-08-12T03:35:11.843+0000] {logging_mixin.py:149} INFO - [2023-08-12T03:35:11.843+0000] {dag.py:3486} INFO - Setting next_dagrun for example_branch_labels to 2023-08-11T00:00:00+00:00, run_after=2023-08-12T00:00:00+00:00
[2023-08-12T03:35:11.849+0000] {processor.py:179} INFO - Processing /home/airflow/.local/lib/python3.10/site-packages/airflow/example_dags/example_branch_labels.py took 0.032 seconds
[2023-08-12T03:35:42.154+0000] {processor.py:157} INFO - Started process (PID=961) to work on /home/airflow/.local/lib/python3.10/site-packages/airflow/example_dags/example_branch_labels.py
[2023-08-12T03:35:42.154+0000] {processor.py:826} INFO - Processing file /home/airflow/.local/lib/python3.10/site-packages/airflow/example_dags/example_branch_labels.py for tasks to queue
[2023-08-12T03:35:42.155+0000] {logging_mixin.py:149} INFO - [2023-08-12T03:35:42.154+0000] {dagbag.py:541} INFO - Filling up the DagBag from /home/airflow/.local/lib/python3.10/site-packages/airflow/example_dags/example_branch_labels.py
[2023-08-12T03:35:42.158+0000] {processor.py:836} INFO - DAG(s) dict_keys(['example_branch_labels']) retrieved from /home/airflow/.local/lib/python3.10/site-packages/airflow/example_dags/example_branch_labels.py
[2023-08-12T03:35:42.168+0000] {logging_mixin.py:149} INFO - [2023-08-12T03:35:42.168+0000] {dag.py:2726} INFO - Sync 1 DAGs
[2023-08-12T03:35:42.178+0000] {logging_mixin.py:149} INFO - [2023-08-12T03:35:42.178+0000] {dag.py:3486} INFO - Setting next_dagrun for example_branch_labels to 2023-08-11T00:00:00+00:00, run_after=2023-08-12T00:00:00+00:00
[2023-08-12T03:35:42.184+0000] {processor.py:179} INFO - Processing /home/airflow/.local/lib/python3.10/site-packages/airflow/example_dags/example_branch_labels.py took 0.032 seconds
[2023-08-12T03:40:12.840+0000] {processor.py:157} INFO - Started process (PID=40) to work on /home/airflow/.local/lib/python3.10/site-packages/airflow/example_dags/example_branch_labels.py
[2023-08-12T03:40:12.840+0000] {processor.py:826} INFO - Processing file /home/airflow/.local/lib/python3.10/site-packages/airflow/example_dags/example_branch_labels.py for tasks to queue
[2023-08-12T03:40:12.840+0000] {logging_mixin.py:149} INFO - [2023-08-12T03:40:12.840+0000] {dagbag.py:541} INFO - Filling up the DagBag from /home/airflow/.local/lib/python3.10/site-packages/airflow/example_dags/example_branch_labels.py
[2023-08-12T03:40:12.845+0000] {processor.py:836} INFO - DAG(s) dict_keys(['example_branch_labels']) retrieved from /home/airflow/.local/lib/python3.10/site-packages/airflow/example_dags/example_branch_labels.py
[2023-08-12T03:40:12.850+0000] {logging_mixin.py:149} INFO - [2023-08-12T03:40:12.850+0000] {dag.py:2726} INFO - Sync 1 DAGs
[2023-08-12T03:40:12.862+0000] {logging_mixin.py:149} INFO - [2023-08-12T03:40:12.862+0000] {dag.py:3486} INFO - Setting next_dagrun for example_branch_labels to 2023-08-11T00:00:00+00:00, run_after=2023-08-12T00:00:00+00:00
[2023-08-12T03:40:12.869+0000] {processor.py:179} INFO - Processing /home/airflow/.local/lib/python3.10/site-packages/airflow/example_dags/example_branch_labels.py took 0.031 seconds
[2023-08-12T03:40:42.947+0000] {processor.py:157} INFO - Started process (PID=116) to work on /home/airflow/.local/lib/python3.10/site-packages/airflow/example_dags/example_branch_labels.py
[2023-08-12T03:40:42.947+0000] {processor.py:826} INFO - Processing file /home/airflow/.local/lib/python3.10/site-packages/airflow/example_dags/example_branch_labels.py for tasks to queue
[2023-08-12T03:40:42.947+0000] {logging_mixin.py:149} INFO - [2023-08-12T03:40:42.947+0000] {dagbag.py:541} INFO - Filling up the DagBag from /home/airflow/.local/lib/python3.10/site-packages/airflow/example_dags/example_branch_labels.py
[2023-08-12T03:40:42.950+0000] {processor.py:836} INFO - DAG(s) dict_keys(['example_branch_labels']) retrieved from /home/airflow/.local/lib/python3.10/site-packages/airflow/example_dags/example_branch_labels.py
[2023-08-12T03:40:42.961+0000] {logging_mixin.py:149} INFO - [2023-08-12T03:40:42.961+0000] {dag.py:2726} INFO - Sync 1 DAGs
[2023-08-12T03:40:42.972+0000] {logging_mixin.py:149} INFO - [2023-08-12T03:40:42.972+0000] {dag.py:3486} INFO - Setting next_dagrun for example_branch_labels to 2023-08-11T00:00:00+00:00, run_after=2023-08-12T00:00:00+00:00
[2023-08-12T03:40:42.980+0000] {processor.py:179} INFO - Processing /home/airflow/.local/lib/python3.10/site-packages/airflow/example_dags/example_branch_labels.py took 0.034 seconds
[2023-08-12T03:41:13.495+0000] {processor.py:157} INFO - Started process (PID=193) to work on /home/airflow/.local/lib/python3.10/site-packages/airflow/example_dags/example_branch_labels.py
[2023-08-12T03:41:13.495+0000] {processor.py:826} INFO - Processing file /home/airflow/.local/lib/python3.10/site-packages/airflow/example_dags/example_branch_labels.py for tasks to queue
[2023-08-12T03:41:13.495+0000] {logging_mixin.py:149} INFO - [2023-08-12T03:41:13.495+0000] {dagbag.py:541} INFO - Filling up the DagBag from /home/airflow/.local/lib/python3.10/site-packages/airflow/example_dags/example_branch_labels.py
[2023-08-12T03:41:13.498+0000] {processor.py:836} INFO - DAG(s) dict_keys(['example_branch_labels']) retrieved from /home/airflow/.local/lib/python3.10/site-packages/airflow/example_dags/example_branch_labels.py
[2023-08-12T03:41:13.510+0000] {logging_mixin.py:149} INFO - [2023-08-12T03:41:13.510+0000] {dag.py:2726} INFO - Sync 1 DAGs
[2023-08-12T03:41:13.520+0000] {logging_mixin.py:149} INFO - [2023-08-12T03:41:13.520+0000] {dag.py:3486} INFO - Setting next_dagrun for example_branch_labels to 2023-08-11T00:00:00+00:00, run_after=2023-08-12T00:00:00+00:00
[2023-08-12T03:41:13.527+0000] {processor.py:179} INFO - Processing /home/airflow/.local/lib/python3.10/site-packages/airflow/example_dags/example_branch_labels.py took 0.034 seconds
[2023-08-12T03:41:43.910+0000] {processor.py:157} INFO - Started process (PID=271) to work on /home/airflow/.local/lib/python3.10/site-packages/airflow/example_dags/example_branch_labels.py
[2023-08-12T03:41:43.911+0000] {processor.py:826} INFO - Processing file /home/airflow/.local/lib/python3.10/site-packages/airflow/example_dags/example_branch_labels.py for tasks to queue
[2023-08-12T03:41:43.911+0000] {logging_mixin.py:149} INFO - [2023-08-12T03:41:43.911+0000] {dagbag.py:541} INFO - Filling up the DagBag from /home/airflow/.local/lib/python3.10/site-packages/airflow/example_dags/example_branch_labels.py
[2023-08-12T03:41:43.914+0000] {processor.py:836} INFO - DAG(s) dict_keys(['example_branch_labels']) retrieved from /home/airflow/.local/lib/python3.10/site-packages/airflow/example_dags/example_branch_labels.py
[2023-08-12T03:41:43.925+0000] {logging_mixin.py:149} INFO - [2023-08-12T03:41:43.925+0000] {dag.py:2726} INFO - Sync 1 DAGs
[2023-08-12T03:41:43.935+0000] {logging_mixin.py:149} INFO - [2023-08-12T03:41:43.935+0000] {dag.py:3486} INFO - Setting next_dagrun for example_branch_labels to 2023-08-11T00:00:00+00:00, run_after=2023-08-12T00:00:00+00:00
[2023-08-12T03:41:43.942+0000] {processor.py:179} INFO - Processing /home/airflow/.local/lib/python3.10/site-packages/airflow/example_dags/example_branch_labels.py took 0.033 seconds
[2023-08-12T03:42:14.152+0000] {processor.py:157} INFO - Started process (PID=348) to work on /home/airflow/.local/lib/python3.10/site-packages/airflow/example_dags/example_branch_labels.py
[2023-08-12T03:42:14.153+0000] {processor.py:826} INFO - Processing file /home/airflow/.local/lib/python3.10/site-packages/airflow/example_dags/example_branch_labels.py for tasks to queue
[2023-08-12T03:42:14.153+0000] {logging_mixin.py:149} INFO - [2023-08-12T03:42:14.153+0000] {dagbag.py:541} INFO - Filling up the DagBag from /home/airflow/.local/lib/python3.10/site-packages/airflow/example_dags/example_branch_labels.py
[2023-08-12T03:42:14.156+0000] {processor.py:836} INFO - DAG(s) dict_keys(['example_branch_labels']) retrieved from /home/airflow/.local/lib/python3.10/site-packages/airflow/example_dags/example_branch_labels.py
[2023-08-12T03:42:14.166+0000] {logging_mixin.py:149} INFO - [2023-08-12T03:42:14.166+0000] {dag.py:2726} INFO - Sync 1 DAGs
[2023-08-12T03:42:14.176+0000] {logging_mixin.py:149} INFO - [2023-08-12T03:42:14.176+0000] {dag.py:3486} INFO - Setting next_dagrun for example_branch_labels to 2023-08-11T00:00:00+00:00, run_after=2023-08-12T00:00:00+00:00
[2023-08-12T03:42:14.183+0000] {processor.py:179} INFO - Processing /home/airflow/.local/lib/python3.10/site-packages/airflow/example_dags/example_branch_labels.py took 0.032 seconds
[2023-08-12T03:42:44.642+0000] {processor.py:157} INFO - Started process (PID=425) to work on /home/airflow/.local/lib/python3.10/site-packages/airflow/example_dags/example_branch_labels.py
[2023-08-12T03:42:44.643+0000] {processor.py:826} INFO - Processing file /home/airflow/.local/lib/python3.10/site-packages/airflow/example_dags/example_branch_labels.py for tasks to queue
[2023-08-12T03:42:44.643+0000] {logging_mixin.py:149} INFO - [2023-08-12T03:42:44.643+0000] {dagbag.py:541} INFO - Filling up the DagBag from /home/airflow/.local/lib/python3.10/site-packages/airflow/example_dags/example_branch_labels.py
[2023-08-12T03:42:44.646+0000] {processor.py:836} INFO - DAG(s) dict_keys(['example_branch_labels']) retrieved from /home/airflow/.local/lib/python3.10/site-packages/airflow/example_dags/example_branch_labels.py
[2023-08-12T03:42:44.657+0000] {logging_mixin.py:149} INFO - [2023-08-12T03:42:44.657+0000] {dag.py:2726} INFO - Sync 1 DAGs
[2023-08-12T03:42:44.667+0000] {logging_mixin.py:149} INFO - [2023-08-12T03:42:44.667+0000] {dag.py:3486} INFO - Setting next_dagrun for example_branch_labels to 2023-08-11T00:00:00+00:00, run_after=2023-08-12T00:00:00+00:00
[2023-08-12T03:42:44.675+0000] {processor.py:179} INFO - Processing /home/airflow/.local/lib/python3.10/site-packages/airflow/example_dags/example_branch_labels.py took 0.034 seconds
[2023-08-12T03:43:15.013+0000] {processor.py:157} INFO - Started process (PID=502) to work on /home/airflow/.local/lib/python3.10/site-packages/airflow/example_dags/example_branch_labels.py
[2023-08-12T03:43:15.014+0000] {processor.py:826} INFO - Processing file /home/airflow/.local/lib/python3.10/site-packages/airflow/example_dags/example_branch_labels.py for tasks to queue
[2023-08-12T03:43:15.014+0000] {logging_mixin.py:149} INFO - [2023-08-12T03:43:15.014+0000] {dagbag.py:541} INFO - Filling up the DagBag from /home/airflow/.local/lib/python3.10/site-packages/airflow/example_dags/example_branch_labels.py
[2023-08-12T03:43:15.017+0000] {processor.py:836} INFO - DAG(s) dict_keys(['example_branch_labels']) retrieved from /home/airflow/.local/lib/python3.10/site-packages/airflow/example_dags/example_branch_labels.py
[2023-08-12T03:43:15.029+0000] {logging_mixin.py:149} INFO - [2023-08-12T03:43:15.029+0000] {dag.py:2726} INFO - Sync 1 DAGs
[2023-08-12T03:43:15.040+0000] {logging_mixin.py:149} INFO - [2023-08-12T03:43:15.040+0000] {dag.py:3486} INFO - Setting next_dagrun for example_branch_labels to 2023-08-11T00:00:00+00:00, run_after=2023-08-12T00:00:00+00:00
[2023-08-12T03:43:15.047+0000] {processor.py:179} INFO - Processing /home/airflow/.local/lib/python3.10/site-packages/airflow/example_dags/example_branch_labels.py took 0.035 seconds
[2023-08-12T03:43:45.418+0000] {processor.py:157} INFO - Started process (PID=579) to work on /home/airflow/.local/lib/python3.10/site-packages/airflow/example_dags/example_branch_labels.py
[2023-08-12T03:43:45.418+0000] {processor.py:826} INFO - Processing file /home/airflow/.local/lib/python3.10/site-packages/airflow/example_dags/example_branch_labels.py for tasks to queue
[2023-08-12T03:43:45.418+0000] {logging_mixin.py:149} INFO - [2023-08-12T03:43:45.418+0000] {dagbag.py:541} INFO - Filling up the DagBag from /home/airflow/.local/lib/python3.10/site-packages/airflow/example_dags/example_branch_labels.py
[2023-08-12T03:43:45.422+0000] {processor.py:836} INFO - DAG(s) dict_keys(['example_branch_labels']) retrieved from /home/airflow/.local/lib/python3.10/site-packages/airflow/example_dags/example_branch_labels.py
[2023-08-12T03:43:45.432+0000] {logging_mixin.py:149} INFO - [2023-08-12T03:43:45.432+0000] {dag.py:2726} INFO - Sync 1 DAGs
[2023-08-12T03:43:45.442+0000] {logging_mixin.py:149} INFO - [2023-08-12T03:43:45.442+0000] {dag.py:3486} INFO - Setting next_dagrun for example_branch_labels to 2023-08-11T00:00:00+00:00, run_after=2023-08-12T00:00:00+00:00
[2023-08-12T03:43:45.449+0000] {processor.py:179} INFO - Processing /home/airflow/.local/lib/python3.10/site-packages/airflow/example_dags/example_branch_labels.py took 0.032 seconds
[2023-08-12T03:44:15.820+0000] {processor.py:157} INFO - Started process (PID=656) to work on /home/airflow/.local/lib/python3.10/site-packages/airflow/example_dags/example_branch_labels.py
[2023-08-12T03:44:15.821+0000] {processor.py:826} INFO - Processing file /home/airflow/.local/lib/python3.10/site-packages/airflow/example_dags/example_branch_labels.py for tasks to queue
[2023-08-12T03:44:15.821+0000] {logging_mixin.py:149} INFO - [2023-08-12T03:44:15.821+0000] {dagbag.py:541} INFO - Filling up the DagBag from /home/airflow/.local/lib/python3.10/site-packages/airflow/example_dags/example_branch_labels.py
[2023-08-12T03:44:15.824+0000] {processor.py:836} INFO - DAG(s) dict_keys(['example_branch_labels']) retrieved from /home/airflow/.local/lib/python3.10/site-packages/airflow/example_dags/example_branch_labels.py
[2023-08-12T03:44:15.835+0000] {logging_mixin.py:149} INFO - [2023-08-12T03:44:15.835+0000] {dag.py:2726} INFO - Sync 1 DAGs
[2023-08-12T03:44:15.845+0000] {logging_mixin.py:149} INFO - [2023-08-12T03:44:15.845+0000] {dag.py:3486} INFO - Setting next_dagrun for example_branch_labels to 2023-08-11T00:00:00+00:00, run_after=2023-08-12T00:00:00+00:00
[2023-08-12T03:44:15.852+0000] {processor.py:179} INFO - Processing /home/airflow/.local/lib/python3.10/site-packages/airflow/example_dags/example_branch_labels.py took 0.033 seconds
[2023-08-12T03:44:46.260+0000] {processor.py:157} INFO - Started process (PID=733) to work on /home/airflow/.local/lib/python3.10/site-packages/airflow/example_dags/example_branch_labels.py
[2023-08-12T03:44:46.260+0000] {processor.py:826} INFO - Processing file /home/airflow/.local/lib/python3.10/site-packages/airflow/example_dags/example_branch_labels.py for tasks to queue
[2023-08-12T03:44:46.260+0000] {logging_mixin.py:149} INFO - [2023-08-12T03:44:46.260+0000] {dagbag.py:541} INFO - Filling up the DagBag from /home/airflow/.local/lib/python3.10/site-packages/airflow/example_dags/example_branch_labels.py
[2023-08-12T03:44:46.264+0000] {processor.py:836} INFO - DAG(s) dict_keys(['example_branch_labels']) retrieved from /home/airflow/.local/lib/python3.10/site-packages/airflow/example_dags/example_branch_labels.py
[2023-08-12T03:44:46.275+0000] {logging_mixin.py:149} INFO - [2023-08-12T03:44:46.275+0000] {dag.py:2726} INFO - Sync 1 DAGs
[2023-08-12T03:44:46.285+0000] {logging_mixin.py:149} INFO - [2023-08-12T03:44:46.285+0000] {dag.py:3486} INFO - Setting next_dagrun for example_branch_labels to 2023-08-11T00:00:00+00:00, run_after=2023-08-12T00:00:00+00:00
[2023-08-12T03:44:46.292+0000] {processor.py:179} INFO - Processing /home/airflow/.local/lib/python3.10/site-packages/airflow/example_dags/example_branch_labels.py took 0.034 seconds
[2023-08-12T03:45:16.680+0000] {processor.py:157} INFO - Started process (PID=810) to work on /home/airflow/.local/lib/python3.10/site-packages/airflow/example_dags/example_branch_labels.py
[2023-08-12T03:45:16.681+0000] {processor.py:826} INFO - Processing file /home/airflow/.local/lib/python3.10/site-packages/airflow/example_dags/example_branch_labels.py for tasks to queue
[2023-08-12T03:45:16.681+0000] {logging_mixin.py:149} INFO - [2023-08-12T03:45:16.681+0000] {dagbag.py:541} INFO - Filling up the DagBag from /home/airflow/.local/lib/python3.10/site-packages/airflow/example_dags/example_branch_labels.py
[2023-08-12T03:45:16.684+0000] {processor.py:836} INFO - DAG(s) dict_keys(['example_branch_labels']) retrieved from /home/airflow/.local/lib/python3.10/site-packages/airflow/example_dags/example_branch_labels.py
[2023-08-12T03:45:16.696+0000] {logging_mixin.py:149} INFO - [2023-08-12T03:45:16.695+0000] {dag.py:2726} INFO - Sync 1 DAGs
[2023-08-12T03:45:16.706+0000] {logging_mixin.py:149} INFO - [2023-08-12T03:45:16.706+0000] {dag.py:3486} INFO - Setting next_dagrun for example_branch_labels to 2023-08-11T00:00:00+00:00, run_after=2023-08-12T00:00:00+00:00
[2023-08-12T03:45:16.713+0000] {processor.py:179} INFO - Processing /home/airflow/.local/lib/python3.10/site-packages/airflow/example_dags/example_branch_labels.py took 0.034 seconds
[2023-08-12T03:45:47.109+0000] {processor.py:157} INFO - Started process (PID=887) to work on /home/airflow/.local/lib/python3.10/site-packages/airflow/example_dags/example_branch_labels.py
[2023-08-12T03:45:47.109+0000] {processor.py:826} INFO - Processing file /home/airflow/.local/lib/python3.10/site-packages/airflow/example_dags/example_branch_labels.py for tasks to queue
[2023-08-12T03:45:47.109+0000] {logging_mixin.py:149} INFO - [2023-08-12T03:45:47.109+0000] {dagbag.py:541} INFO - Filling up the DagBag from /home/airflow/.local/lib/python3.10/site-packages/airflow/example_dags/example_branch_labels.py
[2023-08-12T03:45:47.113+0000] {processor.py:836} INFO - DAG(s) dict_keys(['example_branch_labels']) retrieved from /home/airflow/.local/lib/python3.10/site-packages/airflow/example_dags/example_branch_labels.py
[2023-08-12T03:45:47.124+0000] {logging_mixin.py:149} INFO - [2023-08-12T03:45:47.124+0000] {dag.py:2726} INFO - Sync 1 DAGs
[2023-08-12T03:45:47.134+0000] {logging_mixin.py:149} INFO - [2023-08-12T03:45:47.134+0000] {dag.py:3486} INFO - Setting next_dagrun for example_branch_labels to 2023-08-11T00:00:00+00:00, run_after=2023-08-12T00:00:00+00:00
[2023-08-12T03:45:47.141+0000] {processor.py:179} INFO - Processing /home/airflow/.local/lib/python3.10/site-packages/airflow/example_dags/example_branch_labels.py took 0.034 seconds
[2023-08-12T03:46:17.516+0000] {processor.py:157} INFO - Started process (PID=963) to work on /home/airflow/.local/lib/python3.10/site-packages/airflow/example_dags/example_branch_labels.py
[2023-08-12T03:46:17.517+0000] {processor.py:826} INFO - Processing file /home/airflow/.local/lib/python3.10/site-packages/airflow/example_dags/example_branch_labels.py for tasks to queue
[2023-08-12T03:46:17.517+0000] {logging_mixin.py:149} INFO - [2023-08-12T03:46:17.517+0000] {dagbag.py:541} INFO - Filling up the DagBag from /home/airflow/.local/lib/python3.10/site-packages/airflow/example_dags/example_branch_labels.py
[2023-08-12T03:46:17.520+0000] {processor.py:836} INFO - DAG(s) dict_keys(['example_branch_labels']) retrieved from /home/airflow/.local/lib/python3.10/site-packages/airflow/example_dags/example_branch_labels.py
[2023-08-12T03:46:17.531+0000] {logging_mixin.py:149} INFO - [2023-08-12T03:46:17.531+0000] {dag.py:2726} INFO - Sync 1 DAGs
[2023-08-12T03:46:17.541+0000] {logging_mixin.py:149} INFO - [2023-08-12T03:46:17.540+0000] {dag.py:3486} INFO - Setting next_dagrun for example_branch_labels to 2023-08-11T00:00:00+00:00, run_after=2023-08-12T00:00:00+00:00
[2023-08-12T03:46:17.548+0000] {processor.py:179} INFO - Processing /home/airflow/.local/lib/python3.10/site-packages/airflow/example_dags/example_branch_labels.py took 0.033 seconds
[2023-08-12T03:46:47.999+0000] {processor.py:157} INFO - Started process (PID=1040) to work on /home/airflow/.local/lib/python3.10/site-packages/airflow/example_dags/example_branch_labels.py
[2023-08-12T03:46:47.999+0000] {processor.py:826} INFO - Processing file /home/airflow/.local/lib/python3.10/site-packages/airflow/example_dags/example_branch_labels.py for tasks to queue
[2023-08-12T03:46:47.999+0000] {logging_mixin.py:149} INFO - [2023-08-12T03:46:47.999+0000] {dagbag.py:541} INFO - Filling up the DagBag from /home/airflow/.local/lib/python3.10/site-packages/airflow/example_dags/example_branch_labels.py
[2023-08-12T03:46:48.002+0000] {processor.py:836} INFO - DAG(s) dict_keys(['example_branch_labels']) retrieved from /home/airflow/.local/lib/python3.10/site-packages/airflow/example_dags/example_branch_labels.py
[2023-08-12T03:46:48.012+0000] {logging_mixin.py:149} INFO - [2023-08-12T03:46:48.012+0000] {dag.py:2726} INFO - Sync 1 DAGs
[2023-08-12T03:46:48.022+0000] {logging_mixin.py:149} INFO - [2023-08-12T03:46:48.022+0000] {dag.py:3486} INFO - Setting next_dagrun for example_branch_labels to 2023-08-11T00:00:00+00:00, run_after=2023-08-12T00:00:00+00:00
[2023-08-12T03:46:48.029+0000] {processor.py:179} INFO - Processing /home/airflow/.local/lib/python3.10/site-packages/airflow/example_dags/example_branch_labels.py took 0.032 seconds
[2023-08-12T03:47:18.428+0000] {processor.py:157} INFO - Started process (PID=1117) to work on /home/airflow/.local/lib/python3.10/site-packages/airflow/example_dags/example_branch_labels.py
[2023-08-12T03:47:18.429+0000] {processor.py:826} INFO - Processing file /home/airflow/.local/lib/python3.10/site-packages/airflow/example_dags/example_branch_labels.py for tasks to queue
[2023-08-12T03:47:18.429+0000] {logging_mixin.py:149} INFO - [2023-08-12T03:47:18.429+0000] {dagbag.py:541} INFO - Filling up the DagBag from /home/airflow/.local/lib/python3.10/site-packages/airflow/example_dags/example_branch_labels.py
[2023-08-12T03:47:18.432+0000] {processor.py:836} INFO - DAG(s) dict_keys(['example_branch_labels']) retrieved from /home/airflow/.local/lib/python3.10/site-packages/airflow/example_dags/example_branch_labels.py
[2023-08-12T03:47:18.443+0000] {logging_mixin.py:149} INFO - [2023-08-12T03:47:18.443+0000] {dag.py:2726} INFO - Sync 1 DAGs
[2023-08-12T03:47:18.454+0000] {logging_mixin.py:149} INFO - [2023-08-12T03:47:18.454+0000] {dag.py:3486} INFO - Setting next_dagrun for example_branch_labels to 2023-08-11T00:00:00+00:00, run_after=2023-08-12T00:00:00+00:00
[2023-08-12T03:47:18.461+0000] {processor.py:179} INFO - Processing /home/airflow/.local/lib/python3.10/site-packages/airflow/example_dags/example_branch_labels.py took 0.034 seconds
[2023-08-12T03:47:48.866+0000] {processor.py:157} INFO - Started process (PID=1194) to work on /home/airflow/.local/lib/python3.10/site-packages/airflow/example_dags/example_branch_labels.py
[2023-08-12T03:47:48.866+0000] {processor.py:826} INFO - Processing file /home/airflow/.local/lib/python3.10/site-packages/airflow/example_dags/example_branch_labels.py for tasks to queue
[2023-08-12T03:47:48.866+0000] {logging_mixin.py:149} INFO - [2023-08-12T03:47:48.866+0000] {dagbag.py:541} INFO - Filling up the DagBag from /home/airflow/.local/lib/python3.10/site-packages/airflow/example_dags/example_branch_labels.py
[2023-08-12T03:47:48.869+0000] {processor.py:836} INFO - DAG(s) dict_keys(['example_branch_labels']) retrieved from /home/airflow/.local/lib/python3.10/site-packages/airflow/example_dags/example_branch_labels.py
[2023-08-12T03:47:48.880+0000] {logging_mixin.py:149} INFO - [2023-08-12T03:47:48.880+0000] {dag.py:2726} INFO - Sync 1 DAGs
[2023-08-12T03:47:48.890+0000] {logging_mixin.py:149} INFO - [2023-08-12T03:47:48.890+0000] {dag.py:3486} INFO - Setting next_dagrun for example_branch_labels to 2023-08-11T00:00:00+00:00, run_after=2023-08-12T00:00:00+00:00
[2023-08-12T03:47:48.897+0000] {processor.py:179} INFO - Processing /home/airflow/.local/lib/python3.10/site-packages/airflow/example_dags/example_branch_labels.py took 0.033 seconds
[2023-08-12T03:48:19.211+0000] {processor.py:157} INFO - Started process (PID=1271) to work on /home/airflow/.local/lib/python3.10/site-packages/airflow/example_dags/example_branch_labels.py
[2023-08-12T03:48:19.211+0000] {processor.py:826} INFO - Processing file /home/airflow/.local/lib/python3.10/site-packages/airflow/example_dags/example_branch_labels.py for tasks to queue
[2023-08-12T03:48:19.211+0000] {logging_mixin.py:149} INFO - [2023-08-12T03:48:19.211+0000] {dagbag.py:541} INFO - Filling up the DagBag from /home/airflow/.local/lib/python3.10/site-packages/airflow/example_dags/example_branch_labels.py
[2023-08-12T03:48:19.215+0000] {processor.py:836} INFO - DAG(s) dict_keys(['example_branch_labels']) retrieved from /home/airflow/.local/lib/python3.10/site-packages/airflow/example_dags/example_branch_labels.py
[2023-08-12T03:48:19.225+0000] {logging_mixin.py:149} INFO - [2023-08-12T03:48:19.225+0000] {dag.py:2726} INFO - Sync 1 DAGs
[2023-08-12T03:48:19.236+0000] {logging_mixin.py:149} INFO - [2023-08-12T03:48:19.235+0000] {dag.py:3486} INFO - Setting next_dagrun for example_branch_labels to 2023-08-11T00:00:00+00:00, run_after=2023-08-12T00:00:00+00:00
[2023-08-12T03:48:19.242+0000] {processor.py:179} INFO - Processing /home/airflow/.local/lib/python3.10/site-packages/airflow/example_dags/example_branch_labels.py took 0.033 seconds
[2023-08-12T03:48:49.533+0000] {processor.py:157} INFO - Started process (PID=1348) to work on /home/airflow/.local/lib/python3.10/site-packages/airflow/example_dags/example_branch_labels.py
[2023-08-12T03:48:49.533+0000] {processor.py:826} INFO - Processing file /home/airflow/.local/lib/python3.10/site-packages/airflow/example_dags/example_branch_labels.py for tasks to queue
[2023-08-12T03:48:49.534+0000] {logging_mixin.py:149} INFO - [2023-08-12T03:48:49.534+0000] {dagbag.py:541} INFO - Filling up the DagBag from /home/airflow/.local/lib/python3.10/site-packages/airflow/example_dags/example_branch_labels.py
[2023-08-12T03:48:49.537+0000] {processor.py:836} INFO - DAG(s) dict_keys(['example_branch_labels']) retrieved from /home/airflow/.local/lib/python3.10/site-packages/airflow/example_dags/example_branch_labels.py
[2023-08-12T03:48:49.547+0000] {logging_mixin.py:149} INFO - [2023-08-12T03:48:49.547+0000] {dag.py:2726} INFO - Sync 1 DAGs
[2023-08-12T03:48:49.557+0000] {logging_mixin.py:149} INFO - [2023-08-12T03:48:49.557+0000] {dag.py:3486} INFO - Setting next_dagrun for example_branch_labels to 2023-08-11T00:00:00+00:00, run_after=2023-08-12T00:00:00+00:00
[2023-08-12T03:48:49.564+0000] {processor.py:179} INFO - Processing /home/airflow/.local/lib/python3.10/site-packages/airflow/example_dags/example_branch_labels.py took 0.032 seconds
[2023-08-12T03:49:19.921+0000] {processor.py:157} INFO - Started process (PID=1425) to work on /home/airflow/.local/lib/python3.10/site-packages/airflow/example_dags/example_branch_labels.py
[2023-08-12T03:49:19.921+0000] {processor.py:826} INFO - Processing file /home/airflow/.local/lib/python3.10/site-packages/airflow/example_dags/example_branch_labels.py for tasks to queue
[2023-08-12T03:49:19.921+0000] {logging_mixin.py:149} INFO - [2023-08-12T03:49:19.921+0000] {dagbag.py:541} INFO - Filling up the DagBag from /home/airflow/.local/lib/python3.10/site-packages/airflow/example_dags/example_branch_labels.py
[2023-08-12T03:49:19.924+0000] {processor.py:836} INFO - DAG(s) dict_keys(['example_branch_labels']) retrieved from /home/airflow/.local/lib/python3.10/site-packages/airflow/example_dags/example_branch_labels.py
[2023-08-12T03:49:19.936+0000] {logging_mixin.py:149} INFO - [2023-08-12T03:49:19.936+0000] {dag.py:2726} INFO - Sync 1 DAGs
[2023-08-12T03:49:19.946+0000] {logging_mixin.py:149} INFO - [2023-08-12T03:49:19.946+0000] {dag.py:3486} INFO - Setting next_dagrun for example_branch_labels to 2023-08-11T00:00:00+00:00, run_after=2023-08-12T00:00:00+00:00
[2023-08-12T03:49:19.953+0000] {processor.py:179} INFO - Processing /home/airflow/.local/lib/python3.10/site-packages/airflow/example_dags/example_branch_labels.py took 0.034 seconds
[2023-08-12T03:49:50.293+0000] {processor.py:157} INFO - Started process (PID=1502) to work on /home/airflow/.local/lib/python3.10/site-packages/airflow/example_dags/example_branch_labels.py
[2023-08-12T03:49:50.294+0000] {processor.py:826} INFO - Processing file /home/airflow/.local/lib/python3.10/site-packages/airflow/example_dags/example_branch_labels.py for tasks to queue
[2023-08-12T03:49:50.294+0000] {logging_mixin.py:149} INFO - [2023-08-12T03:49:50.294+0000] {dagbag.py:541} INFO - Filling up the DagBag from /home/airflow/.local/lib/python3.10/site-packages/airflow/example_dags/example_branch_labels.py
[2023-08-12T03:49:50.297+0000] {processor.py:836} INFO - DAG(s) dict_keys(['example_branch_labels']) retrieved from /home/airflow/.local/lib/python3.10/site-packages/airflow/example_dags/example_branch_labels.py
[2023-08-12T03:49:50.308+0000] {logging_mixin.py:149} INFO - [2023-08-12T03:49:50.308+0000] {dag.py:2726} INFO - Sync 1 DAGs
[2023-08-12T03:49:50.318+0000] {logging_mixin.py:149} INFO - [2023-08-12T03:49:50.318+0000] {dag.py:3486} INFO - Setting next_dagrun for example_branch_labels to 2023-08-11T00:00:00+00:00, run_after=2023-08-12T00:00:00+00:00
[2023-08-12T03:49:50.325+0000] {processor.py:179} INFO - Processing /home/airflow/.local/lib/python3.10/site-packages/airflow/example_dags/example_branch_labels.py took 0.033 seconds
[2023-08-12T03:50:20.636+0000] {processor.py:157} INFO - Started process (PID=1579) to work on /home/airflow/.local/lib/python3.10/site-packages/airflow/example_dags/example_branch_labels.py
[2023-08-12T03:50:20.637+0000] {processor.py:826} INFO - Processing file /home/airflow/.local/lib/python3.10/site-packages/airflow/example_dags/example_branch_labels.py for tasks to queue
[2023-08-12T03:50:20.637+0000] {logging_mixin.py:149} INFO - [2023-08-12T03:50:20.637+0000] {dagbag.py:541} INFO - Filling up the DagBag from /home/airflow/.local/lib/python3.10/site-packages/airflow/example_dags/example_branch_labels.py
[2023-08-12T03:50:20.640+0000] {processor.py:836} INFO - DAG(s) dict_keys(['example_branch_labels']) retrieved from /home/airflow/.local/lib/python3.10/site-packages/airflow/example_dags/example_branch_labels.py
[2023-08-12T03:50:20.651+0000] {logging_mixin.py:149} INFO - [2023-08-12T03:50:20.651+0000] {dag.py:2726} INFO - Sync 1 DAGs
[2023-08-12T03:50:20.661+0000] {logging_mixin.py:149} INFO - [2023-08-12T03:50:20.661+0000] {dag.py:3486} INFO - Setting next_dagrun for example_branch_labels to 2023-08-11T00:00:00+00:00, run_after=2023-08-12T00:00:00+00:00
[2023-08-12T03:50:20.668+0000] {processor.py:179} INFO - Processing /home/airflow/.local/lib/python3.10/site-packages/airflow/example_dags/example_branch_labels.py took 0.033 seconds
[2023-08-12T03:50:51.066+0000] {processor.py:157} INFO - Started process (PID=1656) to work on /home/airflow/.local/lib/python3.10/site-packages/airflow/example_dags/example_branch_labels.py
[2023-08-12T03:50:51.066+0000] {processor.py:826} INFO - Processing file /home/airflow/.local/lib/python3.10/site-packages/airflow/example_dags/example_branch_labels.py for tasks to queue
[2023-08-12T03:50:51.066+0000] {logging_mixin.py:149} INFO - [2023-08-12T03:50:51.066+0000] {dagbag.py:541} INFO - Filling up the DagBag from /home/airflow/.local/lib/python3.10/site-packages/airflow/example_dags/example_branch_labels.py
[2023-08-12T03:50:51.069+0000] {processor.py:836} INFO - DAG(s) dict_keys(['example_branch_labels']) retrieved from /home/airflow/.local/lib/python3.10/site-packages/airflow/example_dags/example_branch_labels.py
[2023-08-12T03:50:51.079+0000] {logging_mixin.py:149} INFO - [2023-08-12T03:50:51.079+0000] {dag.py:2726} INFO - Sync 1 DAGs
[2023-08-12T03:50:51.089+0000] {logging_mixin.py:149} INFO - [2023-08-12T03:50:51.089+0000] {dag.py:3486} INFO - Setting next_dagrun for example_branch_labels to 2023-08-11T00:00:00+00:00, run_after=2023-08-12T00:00:00+00:00
[2023-08-12T03:50:51.096+0000] {processor.py:179} INFO - Processing /home/airflow/.local/lib/python3.10/site-packages/airflow/example_dags/example_branch_labels.py took 0.031 seconds
[2023-08-12T03:51:21.452+0000] {processor.py:157} INFO - Started process (PID=1733) to work on /home/airflow/.local/lib/python3.10/site-packages/airflow/example_dags/example_branch_labels.py
[2023-08-12T03:51:21.452+0000] {processor.py:826} INFO - Processing file /home/airflow/.local/lib/python3.10/site-packages/airflow/example_dags/example_branch_labels.py for tasks to queue
[2023-08-12T03:51:21.452+0000] {logging_mixin.py:149} INFO - [2023-08-12T03:51:21.452+0000] {dagbag.py:541} INFO - Filling up the DagBag from /home/airflow/.local/lib/python3.10/site-packages/airflow/example_dags/example_branch_labels.py
[2023-08-12T03:51:21.455+0000] {processor.py:836} INFO - DAG(s) dict_keys(['example_branch_labels']) retrieved from /home/airflow/.local/lib/python3.10/site-packages/airflow/example_dags/example_branch_labels.py
[2023-08-12T03:51:21.467+0000] {logging_mixin.py:149} INFO - [2023-08-12T03:51:21.466+0000] {dag.py:2726} INFO - Sync 1 DAGs
[2023-08-12T03:51:21.477+0000] {logging_mixin.py:149} INFO - [2023-08-12T03:51:21.476+0000] {dag.py:3486} INFO - Setting next_dagrun for example_branch_labels to 2023-08-11T00:00:00+00:00, run_after=2023-08-12T00:00:00+00:00
[2023-08-12T03:51:21.483+0000] {processor.py:179} INFO - Processing /home/airflow/.local/lib/python3.10/site-packages/airflow/example_dags/example_branch_labels.py took 0.033 seconds
[2023-08-12T03:51:51.908+0000] {processor.py:157} INFO - Started process (PID=1810) to work on /home/airflow/.local/lib/python3.10/site-packages/airflow/example_dags/example_branch_labels.py
[2023-08-12T03:51:51.908+0000] {processor.py:826} INFO - Processing file /home/airflow/.local/lib/python3.10/site-packages/airflow/example_dags/example_branch_labels.py for tasks to queue
[2023-08-12T03:51:51.908+0000] {logging_mixin.py:149} INFO - [2023-08-12T03:51:51.908+0000] {dagbag.py:541} INFO - Filling up the DagBag from /home/airflow/.local/lib/python3.10/site-packages/airflow/example_dags/example_branch_labels.py
[2023-08-12T03:51:51.911+0000] {processor.py:836} INFO - DAG(s) dict_keys(['example_branch_labels']) retrieved from /home/airflow/.local/lib/python3.10/site-packages/airflow/example_dags/example_branch_labels.py
[2023-08-12T03:51:51.923+0000] {logging_mixin.py:149} INFO - [2023-08-12T03:51:51.923+0000] {dag.py:2726} INFO - Sync 1 DAGs
[2023-08-12T03:51:51.934+0000] {logging_mixin.py:149} INFO - [2023-08-12T03:51:51.934+0000] {dag.py:3486} INFO - Setting next_dagrun for example_branch_labels to 2023-08-11T00:00:00+00:00, run_after=2023-08-12T00:00:00+00:00
[2023-08-12T03:51:51.942+0000] {processor.py:179} INFO - Processing /home/airflow/.local/lib/python3.10/site-packages/airflow/example_dags/example_branch_labels.py took 0.035 seconds
[2023-08-12T03:52:22.370+0000] {processor.py:157} INFO - Started process (PID=1887) to work on /home/airflow/.local/lib/python3.10/site-packages/airflow/example_dags/example_branch_labels.py
[2023-08-12T03:52:22.370+0000] {processor.py:826} INFO - Processing file /home/airflow/.local/lib/python3.10/site-packages/airflow/example_dags/example_branch_labels.py for tasks to queue
[2023-08-12T03:52:22.371+0000] {logging_mixin.py:149} INFO - [2023-08-12T03:52:22.371+0000] {dagbag.py:541} INFO - Filling up the DagBag from /home/airflow/.local/lib/python3.10/site-packages/airflow/example_dags/example_branch_labels.py
[2023-08-12T03:52:22.374+0000] {processor.py:836} INFO - DAG(s) dict_keys(['example_branch_labels']) retrieved from /home/airflow/.local/lib/python3.10/site-packages/airflow/example_dags/example_branch_labels.py
[2023-08-12T03:52:22.385+0000] {logging_mixin.py:149} INFO - [2023-08-12T03:52:22.385+0000] {dag.py:2726} INFO - Sync 1 DAGs
[2023-08-12T03:52:22.395+0000] {logging_mixin.py:149} INFO - [2023-08-12T03:52:22.395+0000] {dag.py:3486} INFO - Setting next_dagrun for example_branch_labels to 2023-08-11T00:00:00+00:00, run_after=2023-08-12T00:00:00+00:00
[2023-08-12T03:52:22.403+0000] {processor.py:179} INFO - Processing /home/airflow/.local/lib/python3.10/site-packages/airflow/example_dags/example_branch_labels.py took 0.034 seconds
[2023-08-12T03:52:52.823+0000] {processor.py:157} INFO - Started process (PID=1964) to work on /home/airflow/.local/lib/python3.10/site-packages/airflow/example_dags/example_branch_labels.py
[2023-08-12T03:52:52.824+0000] {processor.py:826} INFO - Processing file /home/airflow/.local/lib/python3.10/site-packages/airflow/example_dags/example_branch_labels.py for tasks to queue
[2023-08-12T03:52:52.824+0000] {logging_mixin.py:149} INFO - [2023-08-12T03:52:52.824+0000] {dagbag.py:541} INFO - Filling up the DagBag from /home/airflow/.local/lib/python3.10/site-packages/airflow/example_dags/example_branch_labels.py
[2023-08-12T03:52:52.827+0000] {processor.py:836} INFO - DAG(s) dict_keys(['example_branch_labels']) retrieved from /home/airflow/.local/lib/python3.10/site-packages/airflow/example_dags/example_branch_labels.py
[2023-08-12T03:52:52.840+0000] {logging_mixin.py:149} INFO - [2023-08-12T03:52:52.839+0000] {dag.py:2726} INFO - Sync 1 DAGs
[2023-08-12T03:52:52.850+0000] {logging_mixin.py:149} INFO - [2023-08-12T03:52:52.850+0000] {dag.py:3486} INFO - Setting next_dagrun for example_branch_labels to 2023-08-11T00:00:00+00:00, run_after=2023-08-12T00:00:00+00:00
[2023-08-12T03:52:52.858+0000] {processor.py:179} INFO - Processing /home/airflow/.local/lib/python3.10/site-packages/airflow/example_dags/example_branch_labels.py took 0.036 seconds
[2023-08-12T03:53:23.399+0000] {processor.py:157} INFO - Started process (PID=2041) to work on /home/airflow/.local/lib/python3.10/site-packages/airflow/example_dags/example_branch_labels.py
[2023-08-12T03:53:23.399+0000] {processor.py:826} INFO - Processing file /home/airflow/.local/lib/python3.10/site-packages/airflow/example_dags/example_branch_labels.py for tasks to queue
[2023-08-12T03:53:23.400+0000] {logging_mixin.py:149} INFO - [2023-08-12T03:53:23.400+0000] {dagbag.py:541} INFO - Filling up the DagBag from /home/airflow/.local/lib/python3.10/site-packages/airflow/example_dags/example_branch_labels.py
[2023-08-12T03:53:23.403+0000] {processor.py:836} INFO - DAG(s) dict_keys(['example_branch_labels']) retrieved from /home/airflow/.local/lib/python3.10/site-packages/airflow/example_dags/example_branch_labels.py
[2023-08-12T03:53:23.415+0000] {logging_mixin.py:149} INFO - [2023-08-12T03:53:23.415+0000] {dag.py:2726} INFO - Sync 1 DAGs
[2023-08-12T03:53:23.425+0000] {logging_mixin.py:149} INFO - [2023-08-12T03:53:23.425+0000] {dag.py:3486} INFO - Setting next_dagrun for example_branch_labels to 2023-08-11T00:00:00+00:00, run_after=2023-08-12T00:00:00+00:00
[2023-08-12T03:53:23.432+0000] {processor.py:179} INFO - Processing /home/airflow/.local/lib/python3.10/site-packages/airflow/example_dags/example_branch_labels.py took 0.034 seconds
[2023-08-12T03:53:53.708+0000] {processor.py:157} INFO - Started process (PID=2118) to work on /home/airflow/.local/lib/python3.10/site-packages/airflow/example_dags/example_branch_labels.py
[2023-08-12T03:53:53.708+0000] {processor.py:826} INFO - Processing file /home/airflow/.local/lib/python3.10/site-packages/airflow/example_dags/example_branch_labels.py for tasks to queue
[2023-08-12T03:53:53.708+0000] {logging_mixin.py:149} INFO - [2023-08-12T03:53:53.708+0000] {dagbag.py:541} INFO - Filling up the DagBag from /home/airflow/.local/lib/python3.10/site-packages/airflow/example_dags/example_branch_labels.py
[2023-08-12T03:53:53.712+0000] {processor.py:836} INFO - DAG(s) dict_keys(['example_branch_labels']) retrieved from /home/airflow/.local/lib/python3.10/site-packages/airflow/example_dags/example_branch_labels.py
[2023-08-12T03:53:53.723+0000] {logging_mixin.py:149} INFO - [2023-08-12T03:53:53.723+0000] {dag.py:2726} INFO - Sync 1 DAGs
[2023-08-12T03:53:53.734+0000] {logging_mixin.py:149} INFO - [2023-08-12T03:53:53.734+0000] {dag.py:3486} INFO - Setting next_dagrun for example_branch_labels to 2023-08-11T00:00:00+00:00, run_after=2023-08-12T00:00:00+00:00
[2023-08-12T03:53:53.741+0000] {processor.py:179} INFO - Processing /home/airflow/.local/lib/python3.10/site-packages/airflow/example_dags/example_branch_labels.py took 0.034 seconds
[2023-08-12T03:54:24.045+0000] {processor.py:157} INFO - Started process (PID=2195) to work on /home/airflow/.local/lib/python3.10/site-packages/airflow/example_dags/example_branch_labels.py
[2023-08-12T03:54:24.046+0000] {processor.py:826} INFO - Processing file /home/airflow/.local/lib/python3.10/site-packages/airflow/example_dags/example_branch_labels.py for tasks to queue
[2023-08-12T03:54:24.046+0000] {logging_mixin.py:149} INFO - [2023-08-12T03:54:24.046+0000] {dagbag.py:541} INFO - Filling up the DagBag from /home/airflow/.local/lib/python3.10/site-packages/airflow/example_dags/example_branch_labels.py
[2023-08-12T03:54:24.049+0000] {processor.py:836} INFO - DAG(s) dict_keys(['example_branch_labels']) retrieved from /home/airflow/.local/lib/python3.10/site-packages/airflow/example_dags/example_branch_labels.py
[2023-08-12T03:54:24.060+0000] {logging_mixin.py:149} INFO - [2023-08-12T03:54:24.059+0000] {dag.py:2726} INFO - Sync 1 DAGs
[2023-08-12T03:54:24.070+0000] {logging_mixin.py:149} INFO - [2023-08-12T03:54:24.070+0000] {dag.py:3486} INFO - Setting next_dagrun for example_branch_labels to 2023-08-11T00:00:00+00:00, run_after=2023-08-12T00:00:00+00:00
[2023-08-12T03:54:24.077+0000] {processor.py:179} INFO - Processing /home/airflow/.local/lib/python3.10/site-packages/airflow/example_dags/example_branch_labels.py took 0.033 seconds
[2023-08-12T03:54:54.440+0000] {processor.py:157} INFO - Started process (PID=2273) to work on /home/airflow/.local/lib/python3.10/site-packages/airflow/example_dags/example_branch_labels.py
[2023-08-12T03:54:54.440+0000] {processor.py:826} INFO - Processing file /home/airflow/.local/lib/python3.10/site-packages/airflow/example_dags/example_branch_labels.py for tasks to queue
[2023-08-12T03:54:54.441+0000] {logging_mixin.py:149} INFO - [2023-08-12T03:54:54.440+0000] {dagbag.py:541} INFO - Filling up the DagBag from /home/airflow/.local/lib/python3.10/site-packages/airflow/example_dags/example_branch_labels.py
[2023-08-12T03:54:54.444+0000] {processor.py:836} INFO - DAG(s) dict_keys(['example_branch_labels']) retrieved from /home/airflow/.local/lib/python3.10/site-packages/airflow/example_dags/example_branch_labels.py
[2023-08-12T03:54:54.454+0000] {logging_mixin.py:149} INFO - [2023-08-12T03:54:54.454+0000] {dag.py:2726} INFO - Sync 1 DAGs
[2023-08-12T03:54:54.465+0000] {logging_mixin.py:149} INFO - [2023-08-12T03:54:54.465+0000] {dag.py:3486} INFO - Setting next_dagrun for example_branch_labels to 2023-08-11T00:00:00+00:00, run_after=2023-08-12T00:00:00+00:00
[2023-08-12T03:54:54.471+0000] {processor.py:179} INFO - Processing /home/airflow/.local/lib/python3.10/site-packages/airflow/example_dags/example_branch_labels.py took 0.033 seconds
[2023-08-12T03:55:24.799+0000] {processor.py:157} INFO - Started process (PID=2350) to work on /home/airflow/.local/lib/python3.10/site-packages/airflow/example_dags/example_branch_labels.py
[2023-08-12T03:55:24.800+0000] {processor.py:826} INFO - Processing file /home/airflow/.local/lib/python3.10/site-packages/airflow/example_dags/example_branch_labels.py for tasks to queue
[2023-08-12T03:55:24.800+0000] {logging_mixin.py:149} INFO - [2023-08-12T03:55:24.800+0000] {dagbag.py:541} INFO - Filling up the DagBag from /home/airflow/.local/lib/python3.10/site-packages/airflow/example_dags/example_branch_labels.py
[2023-08-12T03:55:24.803+0000] {processor.py:836} INFO - DAG(s) dict_keys(['example_branch_labels']) retrieved from /home/airflow/.local/lib/python3.10/site-packages/airflow/example_dags/example_branch_labels.py
[2023-08-12T03:55:24.813+0000] {logging_mixin.py:149} INFO - [2023-08-12T03:55:24.813+0000] {dag.py:2726} INFO - Sync 1 DAGs
[2023-08-12T03:55:24.824+0000] {logging_mixin.py:149} INFO - [2023-08-12T03:55:24.824+0000] {dag.py:3486} INFO - Setting next_dagrun for example_branch_labels to 2023-08-11T00:00:00+00:00, run_after=2023-08-12T00:00:00+00:00
[2023-08-12T03:55:24.831+0000] {processor.py:179} INFO - Processing /home/airflow/.local/lib/python3.10/site-packages/airflow/example_dags/example_branch_labels.py took 0.033 seconds
[2023-08-12T03:56:30.147+0000] {processor.py:157} INFO - Started process (PID=40) to work on /home/airflow/.local/lib/python3.10/site-packages/airflow/example_dags/example_branch_labels.py
[2023-08-12T03:56:30.148+0000] {processor.py:826} INFO - Processing file /home/airflow/.local/lib/python3.10/site-packages/airflow/example_dags/example_branch_labels.py for tasks to queue
[2023-08-12T03:56:30.148+0000] {logging_mixin.py:149} INFO - [2023-08-12T03:56:30.148+0000] {dagbag.py:541} INFO - Filling up the DagBag from /home/airflow/.local/lib/python3.10/site-packages/airflow/example_dags/example_branch_labels.py
[2023-08-12T03:56:30.153+0000] {processor.py:836} INFO - DAG(s) dict_keys(['example_branch_labels']) retrieved from /home/airflow/.local/lib/python3.10/site-packages/airflow/example_dags/example_branch_labels.py
[2023-08-12T03:56:30.159+0000] {logging_mixin.py:149} INFO - [2023-08-12T03:56:30.159+0000] {dag.py:2726} INFO - Sync 1 DAGs
[2023-08-12T03:56:30.172+0000] {logging_mixin.py:149} INFO - [2023-08-12T03:56:30.172+0000] {dag.py:3486} INFO - Setting next_dagrun for example_branch_labels to 2023-08-11T00:00:00+00:00, run_after=2023-08-12T00:00:00+00:00
[2023-08-12T03:56:30.180+0000] {processor.py:179} INFO - Processing /home/airflow/.local/lib/python3.10/site-packages/airflow/example_dags/example_branch_labels.py took 0.034 seconds
[2023-08-12T03:57:00.261+0000] {processor.py:157} INFO - Started process (PID=116) to work on /home/airflow/.local/lib/python3.10/site-packages/airflow/example_dags/example_branch_labels.py
[2023-08-12T03:57:00.262+0000] {processor.py:826} INFO - Processing file /home/airflow/.local/lib/python3.10/site-packages/airflow/example_dags/example_branch_labels.py for tasks to queue
[2023-08-12T03:57:00.262+0000] {logging_mixin.py:149} INFO - [2023-08-12T03:57:00.262+0000] {dagbag.py:541} INFO - Filling up the DagBag from /home/airflow/.local/lib/python3.10/site-packages/airflow/example_dags/example_branch_labels.py
[2023-08-12T03:57:00.265+0000] {processor.py:836} INFO - DAG(s) dict_keys(['example_branch_labels']) retrieved from /home/airflow/.local/lib/python3.10/site-packages/airflow/example_dags/example_branch_labels.py
[2023-08-12T03:57:00.275+0000] {logging_mixin.py:149} INFO - [2023-08-12T03:57:00.275+0000] {dag.py:2726} INFO - Sync 1 DAGs
[2023-08-12T03:57:00.285+0000] {logging_mixin.py:149} INFO - [2023-08-12T03:57:00.285+0000] {dag.py:3486} INFO - Setting next_dagrun for example_branch_labels to 2023-08-11T00:00:00+00:00, run_after=2023-08-12T00:00:00+00:00
[2023-08-12T03:57:00.292+0000] {processor.py:179} INFO - Processing /home/airflow/.local/lib/python3.10/site-packages/airflow/example_dags/example_branch_labels.py took 0.032 seconds
[2023-08-12T03:57:30.676+0000] {processor.py:157} INFO - Started process (PID=193) to work on /home/airflow/.local/lib/python3.10/site-packages/airflow/example_dags/example_branch_labels.py
[2023-08-12T03:57:30.676+0000] {processor.py:826} INFO - Processing file /home/airflow/.local/lib/python3.10/site-packages/airflow/example_dags/example_branch_labels.py for tasks to queue
[2023-08-12T03:57:30.676+0000] {logging_mixin.py:149} INFO - [2023-08-12T03:57:30.676+0000] {dagbag.py:541} INFO - Filling up the DagBag from /home/airflow/.local/lib/python3.10/site-packages/airflow/example_dags/example_branch_labels.py
[2023-08-12T03:57:30.679+0000] {processor.py:836} INFO - DAG(s) dict_keys(['example_branch_labels']) retrieved from /home/airflow/.local/lib/python3.10/site-packages/airflow/example_dags/example_branch_labels.py
[2023-08-12T03:57:30.690+0000] {logging_mixin.py:149} INFO - [2023-08-12T03:57:30.690+0000] {dag.py:2726} INFO - Sync 1 DAGs
[2023-08-12T03:57:30.701+0000] {logging_mixin.py:149} INFO - [2023-08-12T03:57:30.701+0000] {dag.py:3486} INFO - Setting next_dagrun for example_branch_labels to 2023-08-11T00:00:00+00:00, run_after=2023-08-12T00:00:00+00:00
[2023-08-12T03:57:30.707+0000] {processor.py:179} INFO - Processing /home/airflow/.local/lib/python3.10/site-packages/airflow/example_dags/example_branch_labels.py took 0.033 seconds
[2023-08-12T03:58:01.013+0000] {processor.py:157} INFO - Started process (PID=270) to work on /home/airflow/.local/lib/python3.10/site-packages/airflow/example_dags/example_branch_labels.py
[2023-08-12T03:58:01.013+0000] {processor.py:826} INFO - Processing file /home/airflow/.local/lib/python3.10/site-packages/airflow/example_dags/example_branch_labels.py for tasks to queue
[2023-08-12T03:58:01.014+0000] {logging_mixin.py:149} INFO - [2023-08-12T03:58:01.013+0000] {dagbag.py:541} INFO - Filling up the DagBag from /home/airflow/.local/lib/python3.10/site-packages/airflow/example_dags/example_branch_labels.py
[2023-08-12T03:58:01.017+0000] {processor.py:836} INFO - DAG(s) dict_keys(['example_branch_labels']) retrieved from /home/airflow/.local/lib/python3.10/site-packages/airflow/example_dags/example_branch_labels.py
[2023-08-12T03:58:01.027+0000] {logging_mixin.py:149} INFO - [2023-08-12T03:58:01.027+0000] {dag.py:2726} INFO - Sync 1 DAGs
[2023-08-12T03:58:01.037+0000] {logging_mixin.py:149} INFO - [2023-08-12T03:58:01.037+0000] {dag.py:3486} INFO - Setting next_dagrun for example_branch_labels to 2023-08-11T00:00:00+00:00, run_after=2023-08-12T00:00:00+00:00
[2023-08-12T03:58:01.044+0000] {processor.py:179} INFO - Processing /home/airflow/.local/lib/python3.10/site-packages/airflow/example_dags/example_branch_labels.py took 0.032 seconds
[2023-08-12T03:58:31.368+0000] {processor.py:157} INFO - Started process (PID=347) to work on /home/airflow/.local/lib/python3.10/site-packages/airflow/example_dags/example_branch_labels.py
[2023-08-12T03:58:31.368+0000] {processor.py:826} INFO - Processing file /home/airflow/.local/lib/python3.10/site-packages/airflow/example_dags/example_branch_labels.py for tasks to queue
[2023-08-12T03:58:31.368+0000] {logging_mixin.py:149} INFO - [2023-08-12T03:58:31.368+0000] {dagbag.py:541} INFO - Filling up the DagBag from /home/airflow/.local/lib/python3.10/site-packages/airflow/example_dags/example_branch_labels.py
[2023-08-12T03:58:31.371+0000] {processor.py:836} INFO - DAG(s) dict_keys(['example_branch_labels']) retrieved from /home/airflow/.local/lib/python3.10/site-packages/airflow/example_dags/example_branch_labels.py
[2023-08-12T03:58:31.381+0000] {logging_mixin.py:149} INFO - [2023-08-12T03:58:31.381+0000] {dag.py:2726} INFO - Sync 1 DAGs
[2023-08-12T03:58:31.391+0000] {logging_mixin.py:149} INFO - [2023-08-12T03:58:31.391+0000] {dag.py:3486} INFO - Setting next_dagrun for example_branch_labels to 2023-08-11T00:00:00+00:00, run_after=2023-08-12T00:00:00+00:00
[2023-08-12T03:58:31.398+0000] {processor.py:179} INFO - Processing /home/airflow/.local/lib/python3.10/site-packages/airflow/example_dags/example_branch_labels.py took 0.032 seconds
[2023-08-12T03:59:01.849+0000] {processor.py:157} INFO - Started process (PID=423) to work on /home/airflow/.local/lib/python3.10/site-packages/airflow/example_dags/example_branch_labels.py
[2023-08-12T03:59:01.849+0000] {processor.py:826} INFO - Processing file /home/airflow/.local/lib/python3.10/site-packages/airflow/example_dags/example_branch_labels.py for tasks to queue
[2023-08-12T03:59:01.849+0000] {logging_mixin.py:149} INFO - [2023-08-12T03:59:01.849+0000] {dagbag.py:541} INFO - Filling up the DagBag from /home/airflow/.local/lib/python3.10/site-packages/airflow/example_dags/example_branch_labels.py
[2023-08-12T03:59:01.852+0000] {processor.py:836} INFO - DAG(s) dict_keys(['example_branch_labels']) retrieved from /home/airflow/.local/lib/python3.10/site-packages/airflow/example_dags/example_branch_labels.py
[2023-08-12T03:59:01.864+0000] {logging_mixin.py:149} INFO - [2023-08-12T03:59:01.864+0000] {dag.py:2726} INFO - Sync 1 DAGs
[2023-08-12T03:59:01.874+0000] {logging_mixin.py:149} INFO - [2023-08-12T03:59:01.874+0000] {dag.py:3486} INFO - Setting next_dagrun for example_branch_labels to 2023-08-11T00:00:00+00:00, run_after=2023-08-12T00:00:00+00:00
[2023-08-12T03:59:01.881+0000] {processor.py:179} INFO - Processing /home/airflow/.local/lib/python3.10/site-packages/airflow/example_dags/example_branch_labels.py took 0.034 seconds
[2023-08-12T03:59:32.270+0000] {processor.py:157} INFO - Started process (PID=500) to work on /home/airflow/.local/lib/python3.10/site-packages/airflow/example_dags/example_branch_labels.py
[2023-08-12T03:59:32.270+0000] {processor.py:826} INFO - Processing file /home/airflow/.local/lib/python3.10/site-packages/airflow/example_dags/example_branch_labels.py for tasks to queue
[2023-08-12T03:59:32.271+0000] {logging_mixin.py:149} INFO - [2023-08-12T03:59:32.271+0000] {dagbag.py:541} INFO - Filling up the DagBag from /home/airflow/.local/lib/python3.10/site-packages/airflow/example_dags/example_branch_labels.py
[2023-08-12T03:59:32.274+0000] {processor.py:836} INFO - DAG(s) dict_keys(['example_branch_labels']) retrieved from /home/airflow/.local/lib/python3.10/site-packages/airflow/example_dags/example_branch_labels.py
[2023-08-12T03:59:32.285+0000] {logging_mixin.py:149} INFO - [2023-08-12T03:59:32.285+0000] {dag.py:2726} INFO - Sync 1 DAGs
[2023-08-12T03:59:32.295+0000] {logging_mixin.py:149} INFO - [2023-08-12T03:59:32.295+0000] {dag.py:3486} INFO - Setting next_dagrun for example_branch_labels to 2023-08-11T00:00:00+00:00, run_after=2023-08-12T00:00:00+00:00
[2023-08-12T03:59:32.302+0000] {processor.py:179} INFO - Processing /home/airflow/.local/lib/python3.10/site-packages/airflow/example_dags/example_branch_labels.py took 0.034 seconds
[2023-08-12T04:00:02.753+0000] {processor.py:157} INFO - Started process (PID=577) to work on /home/airflow/.local/lib/python3.10/site-packages/airflow/example_dags/example_branch_labels.py
[2023-08-12T04:00:02.753+0000] {processor.py:826} INFO - Processing file /home/airflow/.local/lib/python3.10/site-packages/airflow/example_dags/example_branch_labels.py for tasks to queue
[2023-08-12T04:00:02.753+0000] {logging_mixin.py:149} INFO - [2023-08-12T04:00:02.753+0000] {dagbag.py:541} INFO - Filling up the DagBag from /home/airflow/.local/lib/python3.10/site-packages/airflow/example_dags/example_branch_labels.py
[2023-08-12T04:00:02.756+0000] {processor.py:836} INFO - DAG(s) dict_keys(['example_branch_labels']) retrieved from /home/airflow/.local/lib/python3.10/site-packages/airflow/example_dags/example_branch_labels.py
[2023-08-12T04:00:02.767+0000] {logging_mixin.py:149} INFO - [2023-08-12T04:00:02.767+0000] {dag.py:2726} INFO - Sync 1 DAGs
[2023-08-12T04:00:02.777+0000] {logging_mixin.py:149} INFO - [2023-08-12T04:00:02.777+0000] {dag.py:3486} INFO - Setting next_dagrun for example_branch_labels to 2023-08-11T00:00:00+00:00, run_after=2023-08-12T00:00:00+00:00
[2023-08-12T04:00:02.783+0000] {processor.py:179} INFO - Processing /home/airflow/.local/lib/python3.10/site-packages/airflow/example_dags/example_branch_labels.py took 0.032 seconds
[2023-08-12T04:00:33.222+0000] {processor.py:157} INFO - Started process (PID=655) to work on /home/airflow/.local/lib/python3.10/site-packages/airflow/example_dags/example_branch_labels.py
[2023-08-12T04:00:33.222+0000] {processor.py:826} INFO - Processing file /home/airflow/.local/lib/python3.10/site-packages/airflow/example_dags/example_branch_labels.py for tasks to queue
[2023-08-12T04:00:33.223+0000] {logging_mixin.py:149} INFO - [2023-08-12T04:00:33.223+0000] {dagbag.py:541} INFO - Filling up the DagBag from /home/airflow/.local/lib/python3.10/site-packages/airflow/example_dags/example_branch_labels.py
[2023-08-12T04:00:33.226+0000] {processor.py:836} INFO - DAG(s) dict_keys(['example_branch_labels']) retrieved from /home/airflow/.local/lib/python3.10/site-packages/airflow/example_dags/example_branch_labels.py
[2023-08-12T04:00:33.237+0000] {logging_mixin.py:149} INFO - [2023-08-12T04:00:33.237+0000] {dag.py:2726} INFO - Sync 1 DAGs
[2023-08-12T04:00:33.247+0000] {logging_mixin.py:149} INFO - [2023-08-12T04:00:33.247+0000] {dag.py:3486} INFO - Setting next_dagrun for example_branch_labels to 2023-08-11T00:00:00+00:00, run_after=2023-08-12T00:00:00+00:00
[2023-08-12T04:00:33.255+0000] {processor.py:179} INFO - Processing /home/airflow/.local/lib/python3.10/site-packages/airflow/example_dags/example_branch_labels.py took 0.034 seconds
