[2023-08-12T15:30:50.834+0000] {processor.py:157} INFO - Started process (PID=52) to work on /home/airflow/.local/lib/python3.10/site-packages/airflow/example_dags/example_subdag_operator.py
[2023-08-12T15:30:50.835+0000] {processor.py:826} INFO - Processing file /home/airflow/.local/lib/python3.10/site-packages/airflow/example_dags/example_subdag_operator.py for tasks to queue
[2023-08-12T15:30:50.835+0000] {logging_mixin.py:149} INFO - [2023-08-12T15:30:50.835+0000] {dagbag.py:541} INFO - Filling up the DagBag from /home/airflow/.local/lib/python3.10/site-packages/airflow/example_dags/example_subdag_operator.py
[2023-08-12T15:30:50.846+0000] {processor.py:836} INFO - DAG(s) dict_keys(['example_subdag_operator.section-1', 'example_subdag_operator.section-2', 'example_subdag_operator']) retrieved from /home/airflow/.local/lib/python3.10/site-packages/airflow/example_dags/example_subdag_operator.py
[2023-08-12T15:30:50.847+0000] {logging_mixin.py:149} INFO - [2023-08-12T15:30:50.847+0000] {dag.py:2726} INFO - Sync 3 DAGs
[2023-08-12T15:30:50.857+0000] {logging_mixin.py:149} INFO - [2023-08-12T15:30:50.857+0000] {dag.py:3486} INFO - Setting next_dagrun for example_subdag_operator to 2022-01-01T00:00:00+00:00, run_after=2022-01-01T00:00:00+00:00
[2023-08-12T15:30:50.858+0000] {logging_mixin.py:149} INFO - [2023-08-12T15:30:50.858+0000] {dag.py:3486} INFO - Setting next_dagrun for example_subdag_operator.section-1 to None, run_after=None
[2023-08-12T15:30:50.859+0000] {logging_mixin.py:149} INFO - [2023-08-12T15:30:50.859+0000] {dag.py:3486} INFO - Setting next_dagrun for example_subdag_operator.section-2 to None, run_after=None
[2023-08-12T15:30:50.862+0000] {logging_mixin.py:149} INFO - [2023-08-12T15:30:50.862+0000] {dag.py:2726} INFO - Sync 2 DAGs
[2023-08-12T15:30:50.864+0000] {logging_mixin.py:149} INFO - [2023-08-12T15:30:50.864+0000] {dag.py:3486} INFO - Setting next_dagrun for example_subdag_operator.section-1 to None, run_after=None
[2023-08-12T15:30:50.864+0000] {logging_mixin.py:149} INFO - [2023-08-12T15:30:50.864+0000] {dag.py:3486} INFO - Setting next_dagrun for example_subdag_operator.section-2 to None, run_after=None
[2023-08-12T15:30:50.868+0000] {processor.py:179} INFO - Processing /home/airflow/.local/lib/python3.10/site-packages/airflow/example_dags/example_subdag_operator.py took 0.035 seconds
[2023-08-12T15:31:20.973+0000] {processor.py:157} INFO - Started process (PID=129) to work on /home/airflow/.local/lib/python3.10/site-packages/airflow/example_dags/example_subdag_operator.py
[2023-08-12T15:31:20.973+0000] {processor.py:826} INFO - Processing file /home/airflow/.local/lib/python3.10/site-packages/airflow/example_dags/example_subdag_operator.py for tasks to queue
[2023-08-12T15:31:20.973+0000] {logging_mixin.py:149} INFO - [2023-08-12T15:31:20.973+0000] {dagbag.py:541} INFO - Filling up the DagBag from /home/airflow/.local/lib/python3.10/site-packages/airflow/example_dags/example_subdag_operator.py
[2023-08-12T15:31:20.983+0000] {processor.py:836} INFO - DAG(s) dict_keys(['example_subdag_operator.section-1', 'example_subdag_operator.section-2', 'example_subdag_operator']) retrieved from /home/airflow/.local/lib/python3.10/site-packages/airflow/example_dags/example_subdag_operator.py
[2023-08-12T15:31:20.992+0000] {logging_mixin.py:149} INFO - [2023-08-12T15:31:20.992+0000] {dag.py:2726} INFO - Sync 3 DAGs
[2023-08-12T15:31:21.003+0000] {logging_mixin.py:149} INFO - [2023-08-12T15:31:21.003+0000] {dag.py:3486} INFO - Setting next_dagrun for example_subdag_operator to 2022-01-01T00:00:00+00:00, run_after=2022-01-01T00:00:00+00:00
[2023-08-12T15:31:21.004+0000] {logging_mixin.py:149} INFO - [2023-08-12T15:31:21.004+0000] {dag.py:3486} INFO - Setting next_dagrun for example_subdag_operator.section-1 to None, run_after=None
[2023-08-12T15:31:21.005+0000] {logging_mixin.py:149} INFO - [2023-08-12T15:31:21.004+0000] {dag.py:3486} INFO - Setting next_dagrun for example_subdag_operator.section-2 to None, run_after=None
[2023-08-12T15:31:21.008+0000] {logging_mixin.py:149} INFO - [2023-08-12T15:31:21.008+0000] {dag.py:2726} INFO - Sync 2 DAGs
[2023-08-12T15:31:21.010+0000] {logging_mixin.py:149} INFO - [2023-08-12T15:31:21.010+0000] {dag.py:3486} INFO - Setting next_dagrun for example_subdag_operator.section-1 to None, run_after=None
[2023-08-12T15:31:21.010+0000] {logging_mixin.py:149} INFO - [2023-08-12T15:31:21.010+0000] {dag.py:3486} INFO - Setting next_dagrun for example_subdag_operator.section-2 to None, run_after=None
[2023-08-12T15:31:21.014+0000] {processor.py:179} INFO - Processing /home/airflow/.local/lib/python3.10/site-packages/airflow/example_dags/example_subdag_operator.py took 0.043 seconds
[2023-08-12T15:31:51.305+0000] {processor.py:157} INFO - Started process (PID=205) to work on /home/airflow/.local/lib/python3.10/site-packages/airflow/example_dags/example_subdag_operator.py
[2023-08-12T15:31:51.305+0000] {processor.py:826} INFO - Processing file /home/airflow/.local/lib/python3.10/site-packages/airflow/example_dags/example_subdag_operator.py for tasks to queue
[2023-08-12T15:31:51.306+0000] {logging_mixin.py:149} INFO - [2023-08-12T15:31:51.306+0000] {dagbag.py:541} INFO - Filling up the DagBag from /home/airflow/.local/lib/python3.10/site-packages/airflow/example_dags/example_subdag_operator.py
[2023-08-12T15:31:51.315+0000] {processor.py:836} INFO - DAG(s) dict_keys(['example_subdag_operator.section-1', 'example_subdag_operator.section-2', 'example_subdag_operator']) retrieved from /home/airflow/.local/lib/python3.10/site-packages/airflow/example_dags/example_subdag_operator.py
[2023-08-12T15:31:51.323+0000] {logging_mixin.py:149} INFO - [2023-08-12T15:31:51.323+0000] {dag.py:2726} INFO - Sync 3 DAGs
[2023-08-12T15:31:51.334+0000] {logging_mixin.py:149} INFO - [2023-08-12T15:31:51.333+0000] {dag.py:3486} INFO - Setting next_dagrun for example_subdag_operator to 2022-01-01T00:00:00+00:00, run_after=2022-01-01T00:00:00+00:00
[2023-08-12T15:31:51.335+0000] {logging_mixin.py:149} INFO - [2023-08-12T15:31:51.335+0000] {dag.py:3486} INFO - Setting next_dagrun for example_subdag_operator.section-1 to None, run_after=None
[2023-08-12T15:31:51.335+0000] {logging_mixin.py:149} INFO - [2023-08-12T15:31:51.335+0000] {dag.py:3486} INFO - Setting next_dagrun for example_subdag_operator.section-2 to None, run_after=None
[2023-08-12T15:31:51.338+0000] {logging_mixin.py:149} INFO - [2023-08-12T15:31:51.338+0000] {dag.py:2726} INFO - Sync 2 DAGs
[2023-08-12T15:31:51.340+0000] {logging_mixin.py:149} INFO - [2023-08-12T15:31:51.340+0000] {dag.py:3486} INFO - Setting next_dagrun for example_subdag_operator.section-1 to None, run_after=None
[2023-08-12T15:31:51.340+0000] {logging_mixin.py:149} INFO - [2023-08-12T15:31:51.340+0000] {dag.py:3486} INFO - Setting next_dagrun for example_subdag_operator.section-2 to None, run_after=None
[2023-08-12T15:31:51.344+0000] {processor.py:179} INFO - Processing /home/airflow/.local/lib/python3.10/site-packages/airflow/example_dags/example_subdag_operator.py took 0.041 seconds
[2023-08-12T15:32:21.636+0000] {processor.py:157} INFO - Started process (PID=282) to work on /home/airflow/.local/lib/python3.10/site-packages/airflow/example_dags/example_subdag_operator.py
[2023-08-12T15:32:21.636+0000] {processor.py:826} INFO - Processing file /home/airflow/.local/lib/python3.10/site-packages/airflow/example_dags/example_subdag_operator.py for tasks to queue
[2023-08-12T15:32:21.636+0000] {logging_mixin.py:149} INFO - [2023-08-12T15:32:21.636+0000] {dagbag.py:541} INFO - Filling up the DagBag from /home/airflow/.local/lib/python3.10/site-packages/airflow/example_dags/example_subdag_operator.py
[2023-08-12T15:32:21.646+0000] {processor.py:836} INFO - DAG(s) dict_keys(['example_subdag_operator.section-1', 'example_subdag_operator.section-2', 'example_subdag_operator']) retrieved from /home/airflow/.local/lib/python3.10/site-packages/airflow/example_dags/example_subdag_operator.py
[2023-08-12T15:32:21.654+0000] {logging_mixin.py:149} INFO - [2023-08-12T15:32:21.654+0000] {dag.py:2726} INFO - Sync 3 DAGs
[2023-08-12T15:32:21.664+0000] {logging_mixin.py:149} INFO - [2023-08-12T15:32:21.664+0000] {dag.py:3486} INFO - Setting next_dagrun for example_subdag_operator to 2022-01-01T00:00:00+00:00, run_after=2022-01-01T00:00:00+00:00
[2023-08-12T15:32:21.665+0000] {logging_mixin.py:149} INFO - [2023-08-12T15:32:21.665+0000] {dag.py:3486} INFO - Setting next_dagrun for example_subdag_operator.section-1 to None, run_after=None
[2023-08-12T15:32:21.665+0000] {logging_mixin.py:149} INFO - [2023-08-12T15:32:21.665+0000] {dag.py:3486} INFO - Setting next_dagrun for example_subdag_operator.section-2 to None, run_after=None
[2023-08-12T15:32:21.668+0000] {logging_mixin.py:149} INFO - [2023-08-12T15:32:21.668+0000] {dag.py:2726} INFO - Sync 2 DAGs
[2023-08-12T15:32:21.670+0000] {logging_mixin.py:149} INFO - [2023-08-12T15:32:21.670+0000] {dag.py:3486} INFO - Setting next_dagrun for example_subdag_operator.section-1 to None, run_after=None
[2023-08-12T15:32:21.671+0000] {logging_mixin.py:149} INFO - [2023-08-12T15:32:21.671+0000] {dag.py:3486} INFO - Setting next_dagrun for example_subdag_operator.section-2 to None, run_after=None
[2023-08-12T15:32:21.675+0000] {processor.py:179} INFO - Processing /home/airflow/.local/lib/python3.10/site-packages/airflow/example_dags/example_subdag_operator.py took 0.040 seconds
[2023-08-12T15:32:52.014+0000] {processor.py:157} INFO - Started process (PID=359) to work on /home/airflow/.local/lib/python3.10/site-packages/airflow/example_dags/example_subdag_operator.py
[2023-08-12T15:32:52.014+0000] {processor.py:826} INFO - Processing file /home/airflow/.local/lib/python3.10/site-packages/airflow/example_dags/example_subdag_operator.py for tasks to queue
[2023-08-12T15:32:52.015+0000] {logging_mixin.py:149} INFO - [2023-08-12T15:32:52.014+0000] {dagbag.py:541} INFO - Filling up the DagBag from /home/airflow/.local/lib/python3.10/site-packages/airflow/example_dags/example_subdag_operator.py
[2023-08-12T15:32:52.024+0000] {processor.py:836} INFO - DAG(s) dict_keys(['example_subdag_operator.section-1', 'example_subdag_operator.section-2', 'example_subdag_operator']) retrieved from /home/airflow/.local/lib/python3.10/site-packages/airflow/example_dags/example_subdag_operator.py
[2023-08-12T15:32:52.032+0000] {logging_mixin.py:149} INFO - [2023-08-12T15:32:52.032+0000] {dag.py:2726} INFO - Sync 3 DAGs
[2023-08-12T15:32:52.041+0000] {logging_mixin.py:149} INFO - [2023-08-12T15:32:52.041+0000] {dag.py:3486} INFO - Setting next_dagrun for example_subdag_operator to 2022-01-01T00:00:00+00:00, run_after=2022-01-01T00:00:00+00:00
[2023-08-12T15:32:52.043+0000] {logging_mixin.py:149} INFO - [2023-08-12T15:32:52.043+0000] {dag.py:3486} INFO - Setting next_dagrun for example_subdag_operator.section-1 to None, run_after=None
[2023-08-12T15:32:52.043+0000] {logging_mixin.py:149} INFO - [2023-08-12T15:32:52.043+0000] {dag.py:3486} INFO - Setting next_dagrun for example_subdag_operator.section-2 to None, run_after=None
[2023-08-12T15:32:52.046+0000] {logging_mixin.py:149} INFO - [2023-08-12T15:32:52.046+0000] {dag.py:2726} INFO - Sync 2 DAGs
[2023-08-12T15:32:52.049+0000] {logging_mixin.py:149} INFO - [2023-08-12T15:32:52.049+0000] {dag.py:3486} INFO - Setting next_dagrun for example_subdag_operator.section-1 to None, run_after=None
[2023-08-12T15:32:52.049+0000] {logging_mixin.py:149} INFO - [2023-08-12T15:32:52.049+0000] {dag.py:3486} INFO - Setting next_dagrun for example_subdag_operator.section-2 to None, run_after=None
[2023-08-12T15:32:52.054+0000] {processor.py:179} INFO - Processing /home/airflow/.local/lib/python3.10/site-packages/airflow/example_dags/example_subdag_operator.py took 0.042 seconds
[2023-08-12T15:33:22.551+0000] {processor.py:157} INFO - Started process (PID=435) to work on /home/airflow/.local/lib/python3.10/site-packages/airflow/example_dags/example_subdag_operator.py
[2023-08-12T15:33:22.552+0000] {processor.py:826} INFO - Processing file /home/airflow/.local/lib/python3.10/site-packages/airflow/example_dags/example_subdag_operator.py for tasks to queue
[2023-08-12T15:33:22.552+0000] {logging_mixin.py:149} INFO - [2023-08-12T15:33:22.552+0000] {dagbag.py:541} INFO - Filling up the DagBag from /home/airflow/.local/lib/python3.10/site-packages/airflow/example_dags/example_subdag_operator.py
[2023-08-12T15:33:22.562+0000] {processor.py:836} INFO - DAG(s) dict_keys(['example_subdag_operator.section-1', 'example_subdag_operator.section-2', 'example_subdag_operator']) retrieved from /home/airflow/.local/lib/python3.10/site-packages/airflow/example_dags/example_subdag_operator.py
[2023-08-12T15:33:22.571+0000] {logging_mixin.py:149} INFO - [2023-08-12T15:33:22.571+0000] {dag.py:2726} INFO - Sync 3 DAGs
[2023-08-12T15:33:22.580+0000] {logging_mixin.py:149} INFO - [2023-08-12T15:33:22.580+0000] {dag.py:3486} INFO - Setting next_dagrun for example_subdag_operator to 2022-01-01T00:00:00+00:00, run_after=2022-01-01T00:00:00+00:00
[2023-08-12T15:33:22.582+0000] {logging_mixin.py:149} INFO - [2023-08-12T15:33:22.582+0000] {dag.py:3486} INFO - Setting next_dagrun for example_subdag_operator.section-1 to None, run_after=None
[2023-08-12T15:33:22.582+0000] {logging_mixin.py:149} INFO - [2023-08-12T15:33:22.582+0000] {dag.py:3486} INFO - Setting next_dagrun for example_subdag_operator.section-2 to None, run_after=None
[2023-08-12T15:33:22.585+0000] {logging_mixin.py:149} INFO - [2023-08-12T15:33:22.585+0000] {dag.py:2726} INFO - Sync 2 DAGs
[2023-08-12T15:33:22.588+0000] {logging_mixin.py:149} INFO - [2023-08-12T15:33:22.588+0000] {dag.py:3486} INFO - Setting next_dagrun for example_subdag_operator.section-1 to None, run_after=None
[2023-08-12T15:33:22.588+0000] {logging_mixin.py:149} INFO - [2023-08-12T15:33:22.588+0000] {dag.py:3486} INFO - Setting next_dagrun for example_subdag_operator.section-2 to None, run_after=None
[2023-08-12T15:33:22.592+0000] {processor.py:179} INFO - Processing /home/airflow/.local/lib/python3.10/site-packages/airflow/example_dags/example_subdag_operator.py took 0.042 seconds
[2023-08-12T15:33:53.049+0000] {processor.py:157} INFO - Started process (PID=512) to work on /home/airflow/.local/lib/python3.10/site-packages/airflow/example_dags/example_subdag_operator.py
[2023-08-12T15:33:53.050+0000] {processor.py:826} INFO - Processing file /home/airflow/.local/lib/python3.10/site-packages/airflow/example_dags/example_subdag_operator.py for tasks to queue
[2023-08-12T15:33:53.050+0000] {logging_mixin.py:149} INFO - [2023-08-12T15:33:53.050+0000] {dagbag.py:541} INFO - Filling up the DagBag from /home/airflow/.local/lib/python3.10/site-packages/airflow/example_dags/example_subdag_operator.py
[2023-08-12T15:33:53.059+0000] {processor.py:836} INFO - DAG(s) dict_keys(['example_subdag_operator.section-1', 'example_subdag_operator.section-2', 'example_subdag_operator']) retrieved from /home/airflow/.local/lib/python3.10/site-packages/airflow/example_dags/example_subdag_operator.py
[2023-08-12T15:33:53.068+0000] {logging_mixin.py:149} INFO - [2023-08-12T15:33:53.068+0000] {dag.py:2726} INFO - Sync 3 DAGs
[2023-08-12T15:33:53.078+0000] {logging_mixin.py:149} INFO - [2023-08-12T15:33:53.078+0000] {dag.py:3486} INFO - Setting next_dagrun for example_subdag_operator to 2022-01-01T00:00:00+00:00, run_after=2022-01-01T00:00:00+00:00
[2023-08-12T15:33:53.079+0000] {logging_mixin.py:149} INFO - [2023-08-12T15:33:53.079+0000] {dag.py:3486} INFO - Setting next_dagrun for example_subdag_operator.section-1 to None, run_after=None
[2023-08-12T15:33:53.080+0000] {logging_mixin.py:149} INFO - [2023-08-12T15:33:53.080+0000] {dag.py:3486} INFO - Setting next_dagrun for example_subdag_operator.section-2 to None, run_after=None
[2023-08-12T15:33:53.083+0000] {logging_mixin.py:149} INFO - [2023-08-12T15:33:53.083+0000] {dag.py:2726} INFO - Sync 2 DAGs
[2023-08-12T15:33:53.085+0000] {logging_mixin.py:149} INFO - [2023-08-12T15:33:53.085+0000] {dag.py:3486} INFO - Setting next_dagrun for example_subdag_operator.section-1 to None, run_after=None
[2023-08-12T15:33:53.085+0000] {logging_mixin.py:149} INFO - [2023-08-12T15:33:53.085+0000] {dag.py:3486} INFO - Setting next_dagrun for example_subdag_operator.section-2 to None, run_after=None
[2023-08-12T15:33:53.089+0000] {processor.py:179} INFO - Processing /home/airflow/.local/lib/python3.10/site-packages/airflow/example_dags/example_subdag_operator.py took 0.041 seconds
