[2023-08-12T15:30:50.757+0000] {processor.py:157} INFO - Started process (PID=48) to work on /home/airflow/.local/lib/python3.10/site-packages/airflow/example_dags/example_short_circuit_operator.py
[2023-08-12T15:30:50.757+0000] {processor.py:826} INFO - Processing file /home/airflow/.local/lib/python3.10/site-packages/airflow/example_dags/example_short_circuit_operator.py for tasks to queue
[2023-08-12T15:30:50.758+0000] {logging_mixin.py:149} INFO - [2023-08-12T15:30:50.758+0000] {dagbag.py:541} INFO - Filling up the DagBag from /home/airflow/.local/lib/python3.10/site-packages/airflow/example_dags/example_short_circuit_operator.py
[2023-08-12T15:30:50.763+0000] {processor.py:836} INFO - DAG(s) dict_keys(['example_short_circuit_operator']) retrieved from /home/airflow/.local/lib/python3.10/site-packages/airflow/example_dags/example_short_circuit_operator.py
[2023-08-12T15:30:50.767+0000] {logging_mixin.py:149} INFO - [2023-08-12T15:30:50.767+0000] {dag.py:2726} INFO - Sync 1 DAGs
[2023-08-12T15:30:50.778+0000] {logging_mixin.py:149} INFO - [2023-08-12T15:30:50.778+0000] {dag.py:3486} INFO - Setting next_dagrun for example_short_circuit_operator to 2023-08-11T15:30:50.778142+00:00, run_after=2023-08-12T15:30:50.778142+00:00
[2023-08-12T15:30:50.785+0000] {processor.py:179} INFO - Processing /home/airflow/.local/lib/python3.10/site-packages/airflow/example_dags/example_short_circuit_operator.py took 0.029 seconds
[2023-08-12T15:31:20.816+0000] {processor.py:157} INFO - Started process (PID=125) to work on /home/airflow/.local/lib/python3.10/site-packages/airflow/example_dags/example_short_circuit_operator.py
[2023-08-12T15:31:20.816+0000] {processor.py:826} INFO - Processing file /home/airflow/.local/lib/python3.10/site-packages/airflow/example_dags/example_short_circuit_operator.py for tasks to queue
[2023-08-12T15:31:20.816+0000] {logging_mixin.py:149} INFO - [2023-08-12T15:31:20.816+0000] {dagbag.py:541} INFO - Filling up the DagBag from /home/airflow/.local/lib/python3.10/site-packages/airflow/example_dags/example_short_circuit_operator.py
[2023-08-12T15:31:20.820+0000] {processor.py:836} INFO - DAG(s) dict_keys(['example_short_circuit_operator']) retrieved from /home/airflow/.local/lib/python3.10/site-packages/airflow/example_dags/example_short_circuit_operator.py
[2023-08-12T15:31:20.831+0000] {logging_mixin.py:149} INFO - [2023-08-12T15:31:20.831+0000] {dag.py:2726} INFO - Sync 1 DAGs
[2023-08-12T15:31:20.841+0000] {logging_mixin.py:149} INFO - [2023-08-12T15:31:20.841+0000] {dag.py:3486} INFO - Setting next_dagrun for example_short_circuit_operator to 2023-08-11T15:31:20.841641+00:00, run_after=2023-08-12T15:31:20.841641+00:00
[2023-08-12T15:31:20.849+0000] {processor.py:179} INFO - Processing /home/airflow/.local/lib/python3.10/site-packages/airflow/example_dags/example_short_circuit_operator.py took 0.034 seconds
[2023-08-12T15:31:51.223+0000] {processor.py:157} INFO - Started process (PID=201) to work on /home/airflow/.local/lib/python3.10/site-packages/airflow/example_dags/example_short_circuit_operator.py
[2023-08-12T15:31:51.223+0000] {processor.py:826} INFO - Processing file /home/airflow/.local/lib/python3.10/site-packages/airflow/example_dags/example_short_circuit_operator.py for tasks to queue
[2023-08-12T15:31:51.223+0000] {logging_mixin.py:149} INFO - [2023-08-12T15:31:51.223+0000] {dagbag.py:541} INFO - Filling up the DagBag from /home/airflow/.local/lib/python3.10/site-packages/airflow/example_dags/example_short_circuit_operator.py
[2023-08-12T15:31:51.227+0000] {processor.py:836} INFO - DAG(s) dict_keys(['example_short_circuit_operator']) retrieved from /home/airflow/.local/lib/python3.10/site-packages/airflow/example_dags/example_short_circuit_operator.py
[2023-08-12T15:31:51.238+0000] {logging_mixin.py:149} INFO - [2023-08-12T15:31:51.238+0000] {dag.py:2726} INFO - Sync 1 DAGs
[2023-08-12T15:31:51.248+0000] {logging_mixin.py:149} INFO - [2023-08-12T15:31:51.248+0000] {dag.py:3486} INFO - Setting next_dagrun for example_short_circuit_operator to 2023-08-11T15:31:51.248592+00:00, run_after=2023-08-12T15:31:51.248592+00:00
[2023-08-12T15:31:51.255+0000] {processor.py:179} INFO - Processing /home/airflow/.local/lib/python3.10/site-packages/airflow/example_dags/example_short_circuit_operator.py took 0.034 seconds
[2023-08-12T15:32:21.510+0000] {processor.py:157} INFO - Started process (PID=278) to work on /home/airflow/.local/lib/python3.10/site-packages/airflow/example_dags/example_short_circuit_operator.py
[2023-08-12T15:32:21.511+0000] {processor.py:826} INFO - Processing file /home/airflow/.local/lib/python3.10/site-packages/airflow/example_dags/example_short_circuit_operator.py for tasks to queue
[2023-08-12T15:32:21.511+0000] {logging_mixin.py:149} INFO - [2023-08-12T15:32:21.511+0000] {dagbag.py:541} INFO - Filling up the DagBag from /home/airflow/.local/lib/python3.10/site-packages/airflow/example_dags/example_short_circuit_operator.py
[2023-08-12T15:32:21.514+0000] {processor.py:836} INFO - DAG(s) dict_keys(['example_short_circuit_operator']) retrieved from /home/airflow/.local/lib/python3.10/site-packages/airflow/example_dags/example_short_circuit_operator.py
[2023-08-12T15:32:21.526+0000] {logging_mixin.py:149} INFO - [2023-08-12T15:32:21.526+0000] {dag.py:2726} INFO - Sync 1 DAGs
[2023-08-12T15:32:21.536+0000] {logging_mixin.py:149} INFO - [2023-08-12T15:32:21.536+0000] {dag.py:3486} INFO - Setting next_dagrun for example_short_circuit_operator to 2023-08-11T15:32:21.535892+00:00, run_after=2023-08-12T15:32:21.535892+00:00
[2023-08-12T15:32:21.543+0000] {processor.py:179} INFO - Processing /home/airflow/.local/lib/python3.10/site-packages/airflow/example_dags/example_short_circuit_operator.py took 0.034 seconds
[2023-08-12T15:32:51.925+0000] {processor.py:157} INFO - Started process (PID=355) to work on /home/airflow/.local/lib/python3.10/site-packages/airflow/example_dags/example_short_circuit_operator.py
[2023-08-12T15:32:51.925+0000] {processor.py:826} INFO - Processing file /home/airflow/.local/lib/python3.10/site-packages/airflow/example_dags/example_short_circuit_operator.py for tasks to queue
[2023-08-12T15:32:51.925+0000] {logging_mixin.py:149} INFO - [2023-08-12T15:32:51.925+0000] {dagbag.py:541} INFO - Filling up the DagBag from /home/airflow/.local/lib/python3.10/site-packages/airflow/example_dags/example_short_circuit_operator.py
[2023-08-12T15:32:51.929+0000] {processor.py:836} INFO - DAG(s) dict_keys(['example_short_circuit_operator']) retrieved from /home/airflow/.local/lib/python3.10/site-packages/airflow/example_dags/example_short_circuit_operator.py
[2023-08-12T15:32:51.940+0000] {logging_mixin.py:149} INFO - [2023-08-12T15:32:51.940+0000] {dag.py:2726} INFO - Sync 1 DAGs
[2023-08-12T15:32:51.950+0000] {logging_mixin.py:149} INFO - [2023-08-12T15:32:51.950+0000] {dag.py:3486} INFO - Setting next_dagrun for example_short_circuit_operator to 2023-08-11T15:32:51.950222+00:00, run_after=2023-08-12T15:32:51.950222+00:00
[2023-08-12T15:32:51.957+0000] {processor.py:179} INFO - Processing /home/airflow/.local/lib/python3.10/site-packages/airflow/example_dags/example_short_circuit_operator.py took 0.033 seconds
[2023-08-12T15:33:22.464+0000] {processor.py:157} INFO - Started process (PID=431) to work on /home/airflow/.local/lib/python3.10/site-packages/airflow/example_dags/example_short_circuit_operator.py
[2023-08-12T15:33:22.464+0000] {processor.py:826} INFO - Processing file /home/airflow/.local/lib/python3.10/site-packages/airflow/example_dags/example_short_circuit_operator.py for tasks to queue
[2023-08-12T15:33:22.465+0000] {logging_mixin.py:149} INFO - [2023-08-12T15:33:22.465+0000] {dagbag.py:541} INFO - Filling up the DagBag from /home/airflow/.local/lib/python3.10/site-packages/airflow/example_dags/example_short_circuit_operator.py
[2023-08-12T15:33:22.468+0000] {processor.py:836} INFO - DAG(s) dict_keys(['example_short_circuit_operator']) retrieved from /home/airflow/.local/lib/python3.10/site-packages/airflow/example_dags/example_short_circuit_operator.py
[2023-08-12T15:33:22.480+0000] {logging_mixin.py:149} INFO - [2023-08-12T15:33:22.480+0000] {dag.py:2726} INFO - Sync 1 DAGs
[2023-08-12T15:33:22.490+0000] {logging_mixin.py:149} INFO - [2023-08-12T15:33:22.490+0000] {dag.py:3486} INFO - Setting next_dagrun for example_short_circuit_operator to 2023-08-11T15:33:22.490438+00:00, run_after=2023-08-12T15:33:22.490438+00:00
[2023-08-12T15:33:22.498+0000] {processor.py:179} INFO - Processing /home/airflow/.local/lib/python3.10/site-packages/airflow/example_dags/example_short_circuit_operator.py took 0.035 seconds
[2023-08-12T15:33:52.964+0000] {processor.py:157} INFO - Started process (PID=508) to work on /home/airflow/.local/lib/python3.10/site-packages/airflow/example_dags/example_short_circuit_operator.py
[2023-08-12T15:33:52.965+0000] {processor.py:826} INFO - Processing file /home/airflow/.local/lib/python3.10/site-packages/airflow/example_dags/example_short_circuit_operator.py for tasks to queue
[2023-08-12T15:33:52.965+0000] {logging_mixin.py:149} INFO - [2023-08-12T15:33:52.965+0000] {dagbag.py:541} INFO - Filling up the DagBag from /home/airflow/.local/lib/python3.10/site-packages/airflow/example_dags/example_short_circuit_operator.py
[2023-08-12T15:33:52.968+0000] {processor.py:836} INFO - DAG(s) dict_keys(['example_short_circuit_operator']) retrieved from /home/airflow/.local/lib/python3.10/site-packages/airflow/example_dags/example_short_circuit_operator.py
[2023-08-12T15:33:52.981+0000] {logging_mixin.py:149} INFO - [2023-08-12T15:33:52.980+0000] {dag.py:2726} INFO - Sync 1 DAGs
[2023-08-12T15:33:52.991+0000] {logging_mixin.py:149} INFO - [2023-08-12T15:33:52.991+0000] {dag.py:3486} INFO - Setting next_dagrun for example_short_circuit_operator to 2023-08-11T15:33:52.990974+00:00, run_after=2023-08-12T15:33:52.990974+00:00
[2023-08-12T15:33:52.999+0000] {processor.py:179} INFO - Processing /home/airflow/.local/lib/python3.10/site-packages/airflow/example_dags/example_short_circuit_operator.py took 0.036 seconds
