[2023-08-12T03:29:38.304+0000] {processor.py:157} INFO - Started process (PID=53) to work on /home/airflow/.local/lib/python3.10/site-packages/airflow/example_dags/example_sensor_decorator.py
[2023-08-12T03:29:38.304+0000] {processor.py:826} INFO - Processing file /home/airflow/.local/lib/python3.10/site-packages/airflow/example_dags/example_sensor_decorator.py for tasks to queue
[2023-08-12T03:29:38.305+0000] {logging_mixin.py:149} INFO - [2023-08-12T03:29:38.304+0000] {dagbag.py:541} INFO - Filling up the DagBag from /home/airflow/.local/lib/python3.10/site-packages/airflow/example_dags/example_sensor_decorator.py
[2023-08-12T03:29:38.307+0000] {processor.py:836} INFO - DAG(s) dict_keys(['example_sensor_decorator']) retrieved from /home/airflow/.local/lib/python3.10/site-packages/airflow/example_dags/example_sensor_decorator.py
[2023-08-12T03:29:38.312+0000] {logging_mixin.py:149} INFO - [2023-08-12T03:29:38.312+0000] {dag.py:2726} INFO - Sync 1 DAGs
[2023-08-12T03:29:38.322+0000] {logging_mixin.py:149} INFO - [2023-08-12T03:29:38.322+0000] {dag.py:3486} INFO - Setting next_dagrun for example_sensor_decorator to None, run_after=None
[2023-08-12T03:29:38.329+0000] {processor.py:179} INFO - Processing /home/airflow/.local/lib/python3.10/site-packages/airflow/example_dags/example_sensor_decorator.py took 0.027 seconds
[2023-08-12T03:30:08.510+0000] {processor.py:157} INFO - Started process (PID=130) to work on /home/airflow/.local/lib/python3.10/site-packages/airflow/example_dags/example_sensor_decorator.py
[2023-08-12T03:30:08.511+0000] {processor.py:826} INFO - Processing file /home/airflow/.local/lib/python3.10/site-packages/airflow/example_dags/example_sensor_decorator.py for tasks to queue
[2023-08-12T03:30:08.511+0000] {logging_mixin.py:149} INFO - [2023-08-12T03:30:08.511+0000] {dagbag.py:541} INFO - Filling up the DagBag from /home/airflow/.local/lib/python3.10/site-packages/airflow/example_dags/example_sensor_decorator.py
[2023-08-12T03:30:08.513+0000] {processor.py:836} INFO - DAG(s) dict_keys(['example_sensor_decorator']) retrieved from /home/airflow/.local/lib/python3.10/site-packages/airflow/example_dags/example_sensor_decorator.py
[2023-08-12T03:30:08.522+0000] {logging_mixin.py:149} INFO - [2023-08-12T03:30:08.522+0000] {dag.py:2726} INFO - Sync 1 DAGs
[2023-08-12T03:30:08.532+0000] {logging_mixin.py:149} INFO - [2023-08-12T03:30:08.532+0000] {dag.py:3486} INFO - Setting next_dagrun for example_sensor_decorator to None, run_after=None
[2023-08-12T03:30:08.538+0000] {processor.py:179} INFO - Processing /home/airflow/.local/lib/python3.10/site-packages/airflow/example_dags/example_sensor_decorator.py took 0.030 seconds
[2023-08-12T03:30:38.829+0000] {processor.py:157} INFO - Started process (PID=207) to work on /home/airflow/.local/lib/python3.10/site-packages/airflow/example_dags/example_sensor_decorator.py
[2023-08-12T03:30:38.829+0000] {processor.py:826} INFO - Processing file /home/airflow/.local/lib/python3.10/site-packages/airflow/example_dags/example_sensor_decorator.py for tasks to queue
[2023-08-12T03:30:38.829+0000] {logging_mixin.py:149} INFO - [2023-08-12T03:30:38.829+0000] {dagbag.py:541} INFO - Filling up the DagBag from /home/airflow/.local/lib/python3.10/site-packages/airflow/example_dags/example_sensor_decorator.py
[2023-08-12T03:30:38.832+0000] {processor.py:836} INFO - DAG(s) dict_keys(['example_sensor_decorator']) retrieved from /home/airflow/.local/lib/python3.10/site-packages/airflow/example_dags/example_sensor_decorator.py
[2023-08-12T03:30:38.841+0000] {logging_mixin.py:149} INFO - [2023-08-12T03:30:38.840+0000] {dag.py:2726} INFO - Sync 1 DAGs
[2023-08-12T03:30:38.850+0000] {logging_mixin.py:149} INFO - [2023-08-12T03:30:38.850+0000] {dag.py:3486} INFO - Setting next_dagrun for example_sensor_decorator to None, run_after=None
[2023-08-12T03:30:38.857+0000] {processor.py:179} INFO - Processing /home/airflow/.local/lib/python3.10/site-packages/airflow/example_dags/example_sensor_decorator.py took 0.030 seconds
[2023-08-12T03:31:09.197+0000] {processor.py:157} INFO - Started process (PID=283) to work on /home/airflow/.local/lib/python3.10/site-packages/airflow/example_dags/example_sensor_decorator.py
[2023-08-12T03:31:09.197+0000] {processor.py:826} INFO - Processing file /home/airflow/.local/lib/python3.10/site-packages/airflow/example_dags/example_sensor_decorator.py for tasks to queue
[2023-08-12T03:31:09.198+0000] {logging_mixin.py:149} INFO - [2023-08-12T03:31:09.198+0000] {dagbag.py:541} INFO - Filling up the DagBag from /home/airflow/.local/lib/python3.10/site-packages/airflow/example_dags/example_sensor_decorator.py
[2023-08-12T03:31:09.200+0000] {processor.py:836} INFO - DAG(s) dict_keys(['example_sensor_decorator']) retrieved from /home/airflow/.local/lib/python3.10/site-packages/airflow/example_dags/example_sensor_decorator.py
[2023-08-12T03:31:09.210+0000] {logging_mixin.py:149} INFO - [2023-08-12T03:31:09.210+0000] {dag.py:2726} INFO - Sync 1 DAGs
[2023-08-12T03:31:09.220+0000] {logging_mixin.py:149} INFO - [2023-08-12T03:31:09.220+0000] {dag.py:3486} INFO - Setting next_dagrun for example_sensor_decorator to None, run_after=None
[2023-08-12T03:31:09.227+0000] {processor.py:179} INFO - Processing /home/airflow/.local/lib/python3.10/site-packages/airflow/example_dags/example_sensor_decorator.py took 0.031 seconds
[2023-08-12T03:31:39.547+0000] {processor.py:157} INFO - Started process (PID=360) to work on /home/airflow/.local/lib/python3.10/site-packages/airflow/example_dags/example_sensor_decorator.py
[2023-08-12T03:31:39.547+0000] {processor.py:826} INFO - Processing file /home/airflow/.local/lib/python3.10/site-packages/airflow/example_dags/example_sensor_decorator.py for tasks to queue
[2023-08-12T03:31:39.548+0000] {logging_mixin.py:149} INFO - [2023-08-12T03:31:39.548+0000] {dagbag.py:541} INFO - Filling up the DagBag from /home/airflow/.local/lib/python3.10/site-packages/airflow/example_dags/example_sensor_decorator.py
[2023-08-12T03:31:39.550+0000] {processor.py:836} INFO - DAG(s) dict_keys(['example_sensor_decorator']) retrieved from /home/airflow/.local/lib/python3.10/site-packages/airflow/example_dags/example_sensor_decorator.py
[2023-08-12T03:31:39.561+0000] {logging_mixin.py:149} INFO - [2023-08-12T03:31:39.561+0000] {dag.py:2726} INFO - Sync 1 DAGs
[2023-08-12T03:31:39.570+0000] {logging_mixin.py:149} INFO - [2023-08-12T03:31:39.570+0000] {dag.py:3486} INFO - Setting next_dagrun for example_sensor_decorator to None, run_after=None
[2023-08-12T03:31:39.577+0000] {processor.py:179} INFO - Processing /home/airflow/.local/lib/python3.10/site-packages/airflow/example_dags/example_sensor_decorator.py took 0.032 seconds
[2023-08-12T03:32:09.896+0000] {processor.py:157} INFO - Started process (PID=437) to work on /home/airflow/.local/lib/python3.10/site-packages/airflow/example_dags/example_sensor_decorator.py
[2023-08-12T03:32:09.896+0000] {processor.py:826} INFO - Processing file /home/airflow/.local/lib/python3.10/site-packages/airflow/example_dags/example_sensor_decorator.py for tasks to queue
[2023-08-12T03:32:09.896+0000] {logging_mixin.py:149} INFO - [2023-08-12T03:32:09.896+0000] {dagbag.py:541} INFO - Filling up the DagBag from /home/airflow/.local/lib/python3.10/site-packages/airflow/example_dags/example_sensor_decorator.py
[2023-08-12T03:32:09.898+0000] {processor.py:836} INFO - DAG(s) dict_keys(['example_sensor_decorator']) retrieved from /home/airflow/.local/lib/python3.10/site-packages/airflow/example_dags/example_sensor_decorator.py
[2023-08-12T03:32:09.908+0000] {logging_mixin.py:149} INFO - [2023-08-12T03:32:09.908+0000] {dag.py:2726} INFO - Sync 1 DAGs
[2023-08-12T03:32:09.917+0000] {logging_mixin.py:149} INFO - [2023-08-12T03:32:09.917+0000] {dag.py:3486} INFO - Setting next_dagrun for example_sensor_decorator to None, run_after=None
[2023-08-12T03:32:09.925+0000] {processor.py:179} INFO - Processing /home/airflow/.local/lib/python3.10/site-packages/airflow/example_dags/example_sensor_decorator.py took 0.030 seconds
[2023-08-12T03:32:40.253+0000] {processor.py:157} INFO - Started process (PID=514) to work on /home/airflow/.local/lib/python3.10/site-packages/airflow/example_dags/example_sensor_decorator.py
[2023-08-12T03:32:40.253+0000] {processor.py:826} INFO - Processing file /home/airflow/.local/lib/python3.10/site-packages/airflow/example_dags/example_sensor_decorator.py for tasks to queue
[2023-08-12T03:32:40.253+0000] {logging_mixin.py:149} INFO - [2023-08-12T03:32:40.253+0000] {dagbag.py:541} INFO - Filling up the DagBag from /home/airflow/.local/lib/python3.10/site-packages/airflow/example_dags/example_sensor_decorator.py
[2023-08-12T03:32:40.256+0000] {processor.py:836} INFO - DAG(s) dict_keys(['example_sensor_decorator']) retrieved from /home/airflow/.local/lib/python3.10/site-packages/airflow/example_dags/example_sensor_decorator.py
[2023-08-12T03:32:40.266+0000] {logging_mixin.py:149} INFO - [2023-08-12T03:32:40.266+0000] {dag.py:2726} INFO - Sync 1 DAGs
[2023-08-12T03:32:40.275+0000] {logging_mixin.py:149} INFO - [2023-08-12T03:32:40.275+0000] {dag.py:3486} INFO - Setting next_dagrun for example_sensor_decorator to None, run_after=None
[2023-08-12T03:32:40.282+0000] {processor.py:179} INFO - Processing /home/airflow/.local/lib/python3.10/site-packages/airflow/example_dags/example_sensor_decorator.py took 0.030 seconds
[2023-08-12T03:33:10.618+0000] {processor.py:157} INFO - Started process (PID=591) to work on /home/airflow/.local/lib/python3.10/site-packages/airflow/example_dags/example_sensor_decorator.py
[2023-08-12T03:33:10.619+0000] {processor.py:826} INFO - Processing file /home/airflow/.local/lib/python3.10/site-packages/airflow/example_dags/example_sensor_decorator.py for tasks to queue
[2023-08-12T03:33:10.619+0000] {logging_mixin.py:149} INFO - [2023-08-12T03:33:10.619+0000] {dagbag.py:541} INFO - Filling up the DagBag from /home/airflow/.local/lib/python3.10/site-packages/airflow/example_dags/example_sensor_decorator.py
[2023-08-12T03:33:10.621+0000] {processor.py:836} INFO - DAG(s) dict_keys(['example_sensor_decorator']) retrieved from /home/airflow/.local/lib/python3.10/site-packages/airflow/example_dags/example_sensor_decorator.py
[2023-08-12T03:33:10.631+0000] {logging_mixin.py:149} INFO - [2023-08-12T03:33:10.631+0000] {dag.py:2726} INFO - Sync 1 DAGs
[2023-08-12T03:33:10.640+0000] {logging_mixin.py:149} INFO - [2023-08-12T03:33:10.640+0000] {dag.py:3486} INFO - Setting next_dagrun for example_sensor_decorator to None, run_after=None
[2023-08-12T03:33:10.647+0000] {processor.py:179} INFO - Processing /home/airflow/.local/lib/python3.10/site-packages/airflow/example_dags/example_sensor_decorator.py took 0.030 seconds
[2023-08-12T03:33:41.137+0000] {processor.py:157} INFO - Started process (PID=668) to work on /home/airflow/.local/lib/python3.10/site-packages/airflow/example_dags/example_sensor_decorator.py
[2023-08-12T03:33:41.137+0000] {processor.py:826} INFO - Processing file /home/airflow/.local/lib/python3.10/site-packages/airflow/example_dags/example_sensor_decorator.py for tasks to queue
[2023-08-12T03:33:41.137+0000] {logging_mixin.py:149} INFO - [2023-08-12T03:33:41.137+0000] {dagbag.py:541} INFO - Filling up the DagBag from /home/airflow/.local/lib/python3.10/site-packages/airflow/example_dags/example_sensor_decorator.py
[2023-08-12T03:33:41.140+0000] {processor.py:836} INFO - DAG(s) dict_keys(['example_sensor_decorator']) retrieved from /home/airflow/.local/lib/python3.10/site-packages/airflow/example_dags/example_sensor_decorator.py
[2023-08-12T03:33:41.149+0000] {logging_mixin.py:149} INFO - [2023-08-12T03:33:41.149+0000] {dag.py:2726} INFO - Sync 1 DAGs
[2023-08-12T03:33:41.159+0000] {logging_mixin.py:149} INFO - [2023-08-12T03:33:41.159+0000] {dag.py:3486} INFO - Setting next_dagrun for example_sensor_decorator to None, run_after=None
[2023-08-12T03:33:41.166+0000] {processor.py:179} INFO - Processing /home/airflow/.local/lib/python3.10/site-packages/airflow/example_dags/example_sensor_decorator.py took 0.030 seconds
[2023-08-12T03:34:11.480+0000] {processor.py:157} INFO - Started process (PID=744) to work on /home/airflow/.local/lib/python3.10/site-packages/airflow/example_dags/example_sensor_decorator.py
[2023-08-12T03:34:11.480+0000] {processor.py:826} INFO - Processing file /home/airflow/.local/lib/python3.10/site-packages/airflow/example_dags/example_sensor_decorator.py for tasks to queue
[2023-08-12T03:34:11.481+0000] {logging_mixin.py:149} INFO - [2023-08-12T03:34:11.480+0000] {dagbag.py:541} INFO - Filling up the DagBag from /home/airflow/.local/lib/python3.10/site-packages/airflow/example_dags/example_sensor_decorator.py
[2023-08-12T03:34:11.483+0000] {processor.py:836} INFO - DAG(s) dict_keys(['example_sensor_decorator']) retrieved from /home/airflow/.local/lib/python3.10/site-packages/airflow/example_dags/example_sensor_decorator.py
[2023-08-12T03:34:11.492+0000] {logging_mixin.py:149} INFO - [2023-08-12T03:34:11.492+0000] {dag.py:2726} INFO - Sync 1 DAGs
[2023-08-12T03:34:11.502+0000] {logging_mixin.py:149} INFO - [2023-08-12T03:34:11.502+0000] {dag.py:3486} INFO - Setting next_dagrun for example_sensor_decorator to None, run_after=None
[2023-08-12T03:34:11.508+0000] {processor.py:179} INFO - Processing /home/airflow/.local/lib/python3.10/site-packages/airflow/example_dags/example_sensor_decorator.py took 0.030 seconds
[2023-08-12T03:34:41.853+0000] {processor.py:157} INFO - Started process (PID=821) to work on /home/airflow/.local/lib/python3.10/site-packages/airflow/example_dags/example_sensor_decorator.py
[2023-08-12T03:34:41.853+0000] {processor.py:826} INFO - Processing file /home/airflow/.local/lib/python3.10/site-packages/airflow/example_dags/example_sensor_decorator.py for tasks to queue
[2023-08-12T03:34:41.853+0000] {logging_mixin.py:149} INFO - [2023-08-12T03:34:41.853+0000] {dagbag.py:541} INFO - Filling up the DagBag from /home/airflow/.local/lib/python3.10/site-packages/airflow/example_dags/example_sensor_decorator.py
[2023-08-12T03:34:41.856+0000] {processor.py:836} INFO - DAG(s) dict_keys(['example_sensor_decorator']) retrieved from /home/airflow/.local/lib/python3.10/site-packages/airflow/example_dags/example_sensor_decorator.py
[2023-08-12T03:34:41.866+0000] {logging_mixin.py:149} INFO - [2023-08-12T03:34:41.866+0000] {dag.py:2726} INFO - Sync 1 DAGs
[2023-08-12T03:34:41.876+0000] {logging_mixin.py:149} INFO - [2023-08-12T03:34:41.876+0000] {dag.py:3486} INFO - Setting next_dagrun for example_sensor_decorator to None, run_after=None
[2023-08-12T03:34:41.883+0000] {processor.py:179} INFO - Processing /home/airflow/.local/lib/python3.10/site-packages/airflow/example_dags/example_sensor_decorator.py took 0.031 seconds
[2023-08-12T03:35:12.192+0000] {processor.py:157} INFO - Started process (PID=898) to work on /home/airflow/.local/lib/python3.10/site-packages/airflow/example_dags/example_sensor_decorator.py
[2023-08-12T03:35:12.193+0000] {processor.py:826} INFO - Processing file /home/airflow/.local/lib/python3.10/site-packages/airflow/example_dags/example_sensor_decorator.py for tasks to queue
[2023-08-12T03:35:12.193+0000] {logging_mixin.py:149} INFO - [2023-08-12T03:35:12.193+0000] {dagbag.py:541} INFO - Filling up the DagBag from /home/airflow/.local/lib/python3.10/site-packages/airflow/example_dags/example_sensor_decorator.py
[2023-08-12T03:35:12.196+0000] {processor.py:836} INFO - DAG(s) dict_keys(['example_sensor_decorator']) retrieved from /home/airflow/.local/lib/python3.10/site-packages/airflow/example_dags/example_sensor_decorator.py
[2023-08-12T03:35:12.207+0000] {logging_mixin.py:149} INFO - [2023-08-12T03:35:12.206+0000] {dag.py:2726} INFO - Sync 1 DAGs
[2023-08-12T03:35:12.217+0000] {logging_mixin.py:149} INFO - [2023-08-12T03:35:12.217+0000] {dag.py:3486} INFO - Setting next_dagrun for example_sensor_decorator to None, run_after=None
[2023-08-12T03:35:12.225+0000] {processor.py:179} INFO - Processing /home/airflow/.local/lib/python3.10/site-packages/airflow/example_dags/example_sensor_decorator.py took 0.034 seconds
[2023-08-12T03:35:42.592+0000] {processor.py:157} INFO - Started process (PID=975) to work on /home/airflow/.local/lib/python3.10/site-packages/airflow/example_dags/example_sensor_decorator.py
[2023-08-12T03:35:42.592+0000] {processor.py:826} INFO - Processing file /home/airflow/.local/lib/python3.10/site-packages/airflow/example_dags/example_sensor_decorator.py for tasks to queue
[2023-08-12T03:35:42.593+0000] {logging_mixin.py:149} INFO - [2023-08-12T03:35:42.593+0000] {dagbag.py:541} INFO - Filling up the DagBag from /home/airflow/.local/lib/python3.10/site-packages/airflow/example_dags/example_sensor_decorator.py
[2023-08-12T03:35:42.595+0000] {processor.py:836} INFO - DAG(s) dict_keys(['example_sensor_decorator']) retrieved from /home/airflow/.local/lib/python3.10/site-packages/airflow/example_dags/example_sensor_decorator.py
[2023-08-12T03:35:42.605+0000] {logging_mixin.py:149} INFO - [2023-08-12T03:35:42.605+0000] {dag.py:2726} INFO - Sync 1 DAGs
[2023-08-12T03:35:42.614+0000] {logging_mixin.py:149} INFO - [2023-08-12T03:35:42.614+0000] {dag.py:3486} INFO - Setting next_dagrun for example_sensor_decorator to None, run_after=None
[2023-08-12T03:35:42.622+0000] {processor.py:179} INFO - Processing /home/airflow/.local/lib/python3.10/site-packages/airflow/example_dags/example_sensor_decorator.py took 0.031 seconds
[2023-08-12T03:40:13.253+0000] {processor.py:157} INFO - Started process (PID=53) to work on /home/airflow/.local/lib/python3.10/site-packages/airflow/example_dags/example_sensor_decorator.py
[2023-08-12T03:40:13.254+0000] {processor.py:826} INFO - Processing file /home/airflow/.local/lib/python3.10/site-packages/airflow/example_dags/example_sensor_decorator.py for tasks to queue
[2023-08-12T03:40:13.254+0000] {logging_mixin.py:149} INFO - [2023-08-12T03:40:13.254+0000] {dagbag.py:541} INFO - Filling up the DagBag from /home/airflow/.local/lib/python3.10/site-packages/airflow/example_dags/example_sensor_decorator.py
[2023-08-12T03:40:13.256+0000] {processor.py:836} INFO - DAG(s) dict_keys(['example_sensor_decorator']) retrieved from /home/airflow/.local/lib/python3.10/site-packages/airflow/example_dags/example_sensor_decorator.py
[2023-08-12T03:40:13.261+0000] {logging_mixin.py:149} INFO - [2023-08-12T03:40:13.261+0000] {dag.py:2726} INFO - Sync 1 DAGs
[2023-08-12T03:40:13.272+0000] {logging_mixin.py:149} INFO - [2023-08-12T03:40:13.271+0000] {dag.py:3486} INFO - Setting next_dagrun for example_sensor_decorator to None, run_after=None
[2023-08-12T03:40:13.279+0000] {processor.py:179} INFO - Processing /home/airflow/.local/lib/python3.10/site-packages/airflow/example_dags/example_sensor_decorator.py took 0.027 seconds
[2023-08-12T03:40:43.396+0000] {processor.py:157} INFO - Started process (PID=130) to work on /home/airflow/.local/lib/python3.10/site-packages/airflow/example_dags/example_sensor_decorator.py
[2023-08-12T03:40:43.396+0000] {processor.py:826} INFO - Processing file /home/airflow/.local/lib/python3.10/site-packages/airflow/example_dags/example_sensor_decorator.py for tasks to queue
[2023-08-12T03:40:43.396+0000] {logging_mixin.py:149} INFO - [2023-08-12T03:40:43.396+0000] {dagbag.py:541} INFO - Filling up the DagBag from /home/airflow/.local/lib/python3.10/site-packages/airflow/example_dags/example_sensor_decorator.py
[2023-08-12T03:40:43.399+0000] {processor.py:836} INFO - DAG(s) dict_keys(['example_sensor_decorator']) retrieved from /home/airflow/.local/lib/python3.10/site-packages/airflow/example_dags/example_sensor_decorator.py
[2023-08-12T03:40:43.408+0000] {logging_mixin.py:149} INFO - [2023-08-12T03:40:43.408+0000] {dag.py:2726} INFO - Sync 1 DAGs
[2023-08-12T03:40:43.418+0000] {logging_mixin.py:149} INFO - [2023-08-12T03:40:43.418+0000] {dag.py:3486} INFO - Setting next_dagrun for example_sensor_decorator to None, run_after=None
[2023-08-12T03:40:43.425+0000] {processor.py:179} INFO - Processing /home/airflow/.local/lib/python3.10/site-packages/airflow/example_dags/example_sensor_decorator.py took 0.030 seconds
[2023-08-12T03:41:13.968+0000] {processor.py:157} INFO - Started process (PID=207) to work on /home/airflow/.local/lib/python3.10/site-packages/airflow/example_dags/example_sensor_decorator.py
[2023-08-12T03:41:13.968+0000] {processor.py:826} INFO - Processing file /home/airflow/.local/lib/python3.10/site-packages/airflow/example_dags/example_sensor_decorator.py for tasks to queue
[2023-08-12T03:41:13.968+0000] {logging_mixin.py:149} INFO - [2023-08-12T03:41:13.968+0000] {dagbag.py:541} INFO - Filling up the DagBag from /home/airflow/.local/lib/python3.10/site-packages/airflow/example_dags/example_sensor_decorator.py
[2023-08-12T03:41:13.971+0000] {processor.py:836} INFO - DAG(s) dict_keys(['example_sensor_decorator']) retrieved from /home/airflow/.local/lib/python3.10/site-packages/airflow/example_dags/example_sensor_decorator.py
[2023-08-12T03:41:13.980+0000] {logging_mixin.py:149} INFO - [2023-08-12T03:41:13.980+0000] {dag.py:2726} INFO - Sync 1 DAGs
[2023-08-12T03:41:13.989+0000] {logging_mixin.py:149} INFO - [2023-08-12T03:41:13.989+0000] {dag.py:3486} INFO - Setting next_dagrun for example_sensor_decorator to None, run_after=None
[2023-08-12T03:41:13.996+0000] {processor.py:179} INFO - Processing /home/airflow/.local/lib/python3.10/site-packages/airflow/example_dags/example_sensor_decorator.py took 0.030 seconds
[2023-08-12T03:41:44.248+0000] {processor.py:157} INFO - Started process (PID=284) to work on /home/airflow/.local/lib/python3.10/site-packages/airflow/example_dags/example_sensor_decorator.py
[2023-08-12T03:41:44.248+0000] {processor.py:826} INFO - Processing file /home/airflow/.local/lib/python3.10/site-packages/airflow/example_dags/example_sensor_decorator.py for tasks to queue
[2023-08-12T03:41:44.248+0000] {logging_mixin.py:149} INFO - [2023-08-12T03:41:44.248+0000] {dagbag.py:541} INFO - Filling up the DagBag from /home/airflow/.local/lib/python3.10/site-packages/airflow/example_dags/example_sensor_decorator.py
[2023-08-12T03:41:44.250+0000] {processor.py:836} INFO - DAG(s) dict_keys(['example_sensor_decorator']) retrieved from /home/airflow/.local/lib/python3.10/site-packages/airflow/example_dags/example_sensor_decorator.py
[2023-08-12T03:41:44.260+0000] {logging_mixin.py:149} INFO - [2023-08-12T03:41:44.260+0000] {dag.py:2726} INFO - Sync 1 DAGs
[2023-08-12T03:41:44.270+0000] {logging_mixin.py:149} INFO - [2023-08-12T03:41:44.269+0000] {dag.py:3486} INFO - Setting next_dagrun for example_sensor_decorator to None, run_after=None
[2023-08-12T03:41:44.276+0000] {processor.py:179} INFO - Processing /home/airflow/.local/lib/python3.10/site-packages/airflow/example_dags/example_sensor_decorator.py took 0.030 seconds
[2023-08-12T03:42:14.560+0000] {processor.py:157} INFO - Started process (PID=362) to work on /home/airflow/.local/lib/python3.10/site-packages/airflow/example_dags/example_sensor_decorator.py
[2023-08-12T03:42:14.560+0000] {processor.py:826} INFO - Processing file /home/airflow/.local/lib/python3.10/site-packages/airflow/example_dags/example_sensor_decorator.py for tasks to queue
[2023-08-12T03:42:14.560+0000] {logging_mixin.py:149} INFO - [2023-08-12T03:42:14.560+0000] {dagbag.py:541} INFO - Filling up the DagBag from /home/airflow/.local/lib/python3.10/site-packages/airflow/example_dags/example_sensor_decorator.py
[2023-08-12T03:42:14.563+0000] {processor.py:836} INFO - DAG(s) dict_keys(['example_sensor_decorator']) retrieved from /home/airflow/.local/lib/python3.10/site-packages/airflow/example_dags/example_sensor_decorator.py
[2023-08-12T03:42:14.572+0000] {logging_mixin.py:149} INFO - [2023-08-12T03:42:14.572+0000] {dag.py:2726} INFO - Sync 1 DAGs
[2023-08-12T03:42:14.581+0000] {logging_mixin.py:149} INFO - [2023-08-12T03:42:14.581+0000] {dag.py:3486} INFO - Setting next_dagrun for example_sensor_decorator to None, run_after=None
[2023-08-12T03:42:14.588+0000] {processor.py:179} INFO - Processing /home/airflow/.local/lib/python3.10/site-packages/airflow/example_dags/example_sensor_decorator.py took 0.030 seconds
[2023-08-12T03:42:44.979+0000] {processor.py:157} INFO - Started process (PID=438) to work on /home/airflow/.local/lib/python3.10/site-packages/airflow/example_dags/example_sensor_decorator.py
[2023-08-12T03:42:44.980+0000] {processor.py:826} INFO - Processing file /home/airflow/.local/lib/python3.10/site-packages/airflow/example_dags/example_sensor_decorator.py for tasks to queue
[2023-08-12T03:42:44.980+0000] {logging_mixin.py:149} INFO - [2023-08-12T03:42:44.980+0000] {dagbag.py:541} INFO - Filling up the DagBag from /home/airflow/.local/lib/python3.10/site-packages/airflow/example_dags/example_sensor_decorator.py
[2023-08-12T03:42:44.982+0000] {processor.py:836} INFO - DAG(s) dict_keys(['example_sensor_decorator']) retrieved from /home/airflow/.local/lib/python3.10/site-packages/airflow/example_dags/example_sensor_decorator.py
[2023-08-12T03:42:44.992+0000] {logging_mixin.py:149} INFO - [2023-08-12T03:42:44.991+0000] {dag.py:2726} INFO - Sync 1 DAGs
[2023-08-12T03:42:45.001+0000] {logging_mixin.py:149} INFO - [2023-08-12T03:42:45.001+0000] {dag.py:3486} INFO - Setting next_dagrun for example_sensor_decorator to None, run_after=None
[2023-08-12T03:42:45.009+0000] {processor.py:179} INFO - Processing /home/airflow/.local/lib/python3.10/site-packages/airflow/example_dags/example_sensor_decorator.py took 0.031 seconds
[2023-08-12T03:43:15.322+0000] {processor.py:157} INFO - Started process (PID=515) to work on /home/airflow/.local/lib/python3.10/site-packages/airflow/example_dags/example_sensor_decorator.py
[2023-08-12T03:43:15.323+0000] {processor.py:826} INFO - Processing file /home/airflow/.local/lib/python3.10/site-packages/airflow/example_dags/example_sensor_decorator.py for tasks to queue
[2023-08-12T03:43:15.323+0000] {logging_mixin.py:149} INFO - [2023-08-12T03:43:15.323+0000] {dagbag.py:541} INFO - Filling up the DagBag from /home/airflow/.local/lib/python3.10/site-packages/airflow/example_dags/example_sensor_decorator.py
[2023-08-12T03:43:15.325+0000] {processor.py:836} INFO - DAG(s) dict_keys(['example_sensor_decorator']) retrieved from /home/airflow/.local/lib/python3.10/site-packages/airflow/example_dags/example_sensor_decorator.py
[2023-08-12T03:43:15.335+0000] {logging_mixin.py:149} INFO - [2023-08-12T03:43:15.335+0000] {dag.py:2726} INFO - Sync 1 DAGs
[2023-08-12T03:43:15.344+0000] {logging_mixin.py:149} INFO - [2023-08-12T03:43:15.344+0000] {dag.py:3486} INFO - Setting next_dagrun for example_sensor_decorator to None, run_after=None
[2023-08-12T03:43:15.351+0000] {processor.py:179} INFO - Processing /home/airflow/.local/lib/python3.10/site-packages/airflow/example_dags/example_sensor_decorator.py took 0.031 seconds
[2023-08-12T03:43:45.753+0000] {processor.py:157} INFO - Started process (PID=592) to work on /home/airflow/.local/lib/python3.10/site-packages/airflow/example_dags/example_sensor_decorator.py
[2023-08-12T03:43:45.753+0000] {processor.py:826} INFO - Processing file /home/airflow/.local/lib/python3.10/site-packages/airflow/example_dags/example_sensor_decorator.py for tasks to queue
[2023-08-12T03:43:45.753+0000] {logging_mixin.py:149} INFO - [2023-08-12T03:43:45.753+0000] {dagbag.py:541} INFO - Filling up the DagBag from /home/airflow/.local/lib/python3.10/site-packages/airflow/example_dags/example_sensor_decorator.py
[2023-08-12T03:43:45.756+0000] {processor.py:836} INFO - DAG(s) dict_keys(['example_sensor_decorator']) retrieved from /home/airflow/.local/lib/python3.10/site-packages/airflow/example_dags/example_sensor_decorator.py
[2023-08-12T03:43:45.766+0000] {logging_mixin.py:149} INFO - [2023-08-12T03:43:45.766+0000] {dag.py:2726} INFO - Sync 1 DAGs
[2023-08-12T03:43:45.775+0000] {logging_mixin.py:149} INFO - [2023-08-12T03:43:45.775+0000] {dag.py:3486} INFO - Setting next_dagrun for example_sensor_decorator to None, run_after=None
[2023-08-12T03:43:45.782+0000] {processor.py:179} INFO - Processing /home/airflow/.local/lib/python3.10/site-packages/airflow/example_dags/example_sensor_decorator.py took 0.031 seconds
[2023-08-12T03:44:16.145+0000] {processor.py:157} INFO - Started process (PID=669) to work on /home/airflow/.local/lib/python3.10/site-packages/airflow/example_dags/example_sensor_decorator.py
[2023-08-12T03:44:16.146+0000] {processor.py:826} INFO - Processing file /home/airflow/.local/lib/python3.10/site-packages/airflow/example_dags/example_sensor_decorator.py for tasks to queue
[2023-08-12T03:44:16.146+0000] {logging_mixin.py:149} INFO - [2023-08-12T03:44:16.146+0000] {dagbag.py:541} INFO - Filling up the DagBag from /home/airflow/.local/lib/python3.10/site-packages/airflow/example_dags/example_sensor_decorator.py
[2023-08-12T03:44:16.148+0000] {processor.py:836} INFO - DAG(s) dict_keys(['example_sensor_decorator']) retrieved from /home/airflow/.local/lib/python3.10/site-packages/airflow/example_dags/example_sensor_decorator.py
[2023-08-12T03:44:16.158+0000] {logging_mixin.py:149} INFO - [2023-08-12T03:44:16.158+0000] {dag.py:2726} INFO - Sync 1 DAGs
[2023-08-12T03:44:16.167+0000] {logging_mixin.py:149} INFO - [2023-08-12T03:44:16.167+0000] {dag.py:3486} INFO - Setting next_dagrun for example_sensor_decorator to None, run_after=None
[2023-08-12T03:44:16.174+0000] {processor.py:179} INFO - Processing /home/airflow/.local/lib/python3.10/site-packages/airflow/example_dags/example_sensor_decorator.py took 0.031 seconds
[2023-08-12T03:44:46.575+0000] {processor.py:157} INFO - Started process (PID=746) to work on /home/airflow/.local/lib/python3.10/site-packages/airflow/example_dags/example_sensor_decorator.py
[2023-08-12T03:44:46.575+0000] {processor.py:826} INFO - Processing file /home/airflow/.local/lib/python3.10/site-packages/airflow/example_dags/example_sensor_decorator.py for tasks to queue
[2023-08-12T03:44:46.575+0000] {logging_mixin.py:149} INFO - [2023-08-12T03:44:46.575+0000] {dagbag.py:541} INFO - Filling up the DagBag from /home/airflow/.local/lib/python3.10/site-packages/airflow/example_dags/example_sensor_decorator.py
[2023-08-12T03:44:46.578+0000] {processor.py:836} INFO - DAG(s) dict_keys(['example_sensor_decorator']) retrieved from /home/airflow/.local/lib/python3.10/site-packages/airflow/example_dags/example_sensor_decorator.py
[2023-08-12T03:44:46.588+0000] {logging_mixin.py:149} INFO - [2023-08-12T03:44:46.588+0000] {dag.py:2726} INFO - Sync 1 DAGs
[2023-08-12T03:44:46.598+0000] {logging_mixin.py:149} INFO - [2023-08-12T03:44:46.598+0000] {dag.py:3486} INFO - Setting next_dagrun for example_sensor_decorator to None, run_after=None
[2023-08-12T03:44:46.606+0000] {processor.py:179} INFO - Processing /home/airflow/.local/lib/python3.10/site-packages/airflow/example_dags/example_sensor_decorator.py took 0.033 seconds
[2023-08-12T03:45:17.024+0000] {processor.py:157} INFO - Started process (PID=823) to work on /home/airflow/.local/lib/python3.10/site-packages/airflow/example_dags/example_sensor_decorator.py
[2023-08-12T03:45:17.024+0000] {processor.py:826} INFO - Processing file /home/airflow/.local/lib/python3.10/site-packages/airflow/example_dags/example_sensor_decorator.py for tasks to queue
[2023-08-12T03:45:17.024+0000] {logging_mixin.py:149} INFO - [2023-08-12T03:45:17.024+0000] {dagbag.py:541} INFO - Filling up the DagBag from /home/airflow/.local/lib/python3.10/site-packages/airflow/example_dags/example_sensor_decorator.py
[2023-08-12T03:45:17.026+0000] {processor.py:836} INFO - DAG(s) dict_keys(['example_sensor_decorator']) retrieved from /home/airflow/.local/lib/python3.10/site-packages/airflow/example_dags/example_sensor_decorator.py
[2023-08-12T03:45:17.036+0000] {logging_mixin.py:149} INFO - [2023-08-12T03:45:17.036+0000] {dag.py:2726} INFO - Sync 1 DAGs
[2023-08-12T03:45:17.045+0000] {logging_mixin.py:149} INFO - [2023-08-12T03:45:17.045+0000] {dag.py:3486} INFO - Setting next_dagrun for example_sensor_decorator to None, run_after=None
[2023-08-12T03:45:17.052+0000] {processor.py:179} INFO - Processing /home/airflow/.local/lib/python3.10/site-packages/airflow/example_dags/example_sensor_decorator.py took 0.029 seconds
[2023-08-12T03:45:47.496+0000] {processor.py:157} INFO - Started process (PID=900) to work on /home/airflow/.local/lib/python3.10/site-packages/airflow/example_dags/example_sensor_decorator.py
[2023-08-12T03:45:47.496+0000] {processor.py:826} INFO - Processing file /home/airflow/.local/lib/python3.10/site-packages/airflow/example_dags/example_sensor_decorator.py for tasks to queue
[2023-08-12T03:45:47.496+0000] {logging_mixin.py:149} INFO - [2023-08-12T03:45:47.496+0000] {dagbag.py:541} INFO - Filling up the DagBag from /home/airflow/.local/lib/python3.10/site-packages/airflow/example_dags/example_sensor_decorator.py
[2023-08-12T03:45:47.499+0000] {processor.py:836} INFO - DAG(s) dict_keys(['example_sensor_decorator']) retrieved from /home/airflow/.local/lib/python3.10/site-packages/airflow/example_dags/example_sensor_decorator.py
[2023-08-12T03:45:47.507+0000] {logging_mixin.py:149} INFO - [2023-08-12T03:45:47.507+0000] {dag.py:2726} INFO - Sync 1 DAGs
[2023-08-12T03:45:47.517+0000] {logging_mixin.py:149} INFO - [2023-08-12T03:45:47.516+0000] {dag.py:3486} INFO - Setting next_dagrun for example_sensor_decorator to None, run_after=None
[2023-08-12T03:45:47.524+0000] {processor.py:179} INFO - Processing /home/airflow/.local/lib/python3.10/site-packages/airflow/example_dags/example_sensor_decorator.py took 0.029 seconds
[2023-08-12T03:46:17.910+0000] {processor.py:157} INFO - Started process (PID=977) to work on /home/airflow/.local/lib/python3.10/site-packages/airflow/example_dags/example_sensor_decorator.py
[2023-08-12T03:46:17.910+0000] {processor.py:826} INFO - Processing file /home/airflow/.local/lib/python3.10/site-packages/airflow/example_dags/example_sensor_decorator.py for tasks to queue
[2023-08-12T03:46:17.911+0000] {logging_mixin.py:149} INFO - [2023-08-12T03:46:17.910+0000] {dagbag.py:541} INFO - Filling up the DagBag from /home/airflow/.local/lib/python3.10/site-packages/airflow/example_dags/example_sensor_decorator.py
[2023-08-12T03:46:17.913+0000] {processor.py:836} INFO - DAG(s) dict_keys(['example_sensor_decorator']) retrieved from /home/airflow/.local/lib/python3.10/site-packages/airflow/example_dags/example_sensor_decorator.py
[2023-08-12T03:46:17.922+0000] {logging_mixin.py:149} INFO - [2023-08-12T03:46:17.922+0000] {dag.py:2726} INFO - Sync 1 DAGs
[2023-08-12T03:46:17.932+0000] {logging_mixin.py:149} INFO - [2023-08-12T03:46:17.932+0000] {dag.py:3486} INFO - Setting next_dagrun for example_sensor_decorator to None, run_after=None
[2023-08-12T03:46:17.939+0000] {processor.py:179} INFO - Processing /home/airflow/.local/lib/python3.10/site-packages/airflow/example_dags/example_sensor_decorator.py took 0.030 seconds
[2023-08-12T03:46:48.406+0000] {processor.py:157} INFO - Started process (PID=1054) to work on /home/airflow/.local/lib/python3.10/site-packages/airflow/example_dags/example_sensor_decorator.py
[2023-08-12T03:46:48.406+0000] {processor.py:826} INFO - Processing file /home/airflow/.local/lib/python3.10/site-packages/airflow/example_dags/example_sensor_decorator.py for tasks to queue
[2023-08-12T03:46:48.406+0000] {logging_mixin.py:149} INFO - [2023-08-12T03:46:48.406+0000] {dagbag.py:541} INFO - Filling up the DagBag from /home/airflow/.local/lib/python3.10/site-packages/airflow/example_dags/example_sensor_decorator.py
[2023-08-12T03:46:48.409+0000] {processor.py:836} INFO - DAG(s) dict_keys(['example_sensor_decorator']) retrieved from /home/airflow/.local/lib/python3.10/site-packages/airflow/example_dags/example_sensor_decorator.py
[2023-08-12T03:46:48.418+0000] {logging_mixin.py:149} INFO - [2023-08-12T03:46:48.418+0000] {dag.py:2726} INFO - Sync 1 DAGs
[2023-08-12T03:46:48.427+0000] {logging_mixin.py:149} INFO - [2023-08-12T03:46:48.427+0000] {dag.py:3486} INFO - Setting next_dagrun for example_sensor_decorator to None, run_after=None
[2023-08-12T03:46:48.434+0000] {processor.py:179} INFO - Processing /home/airflow/.local/lib/python3.10/site-packages/airflow/example_dags/example_sensor_decorator.py took 0.030 seconds
[2023-08-12T03:47:18.750+0000] {processor.py:157} INFO - Started process (PID=1130) to work on /home/airflow/.local/lib/python3.10/site-packages/airflow/example_dags/example_sensor_decorator.py
[2023-08-12T03:47:18.750+0000] {processor.py:826} INFO - Processing file /home/airflow/.local/lib/python3.10/site-packages/airflow/example_dags/example_sensor_decorator.py for tasks to queue
[2023-08-12T03:47:18.751+0000] {logging_mixin.py:149} INFO - [2023-08-12T03:47:18.751+0000] {dagbag.py:541} INFO - Filling up the DagBag from /home/airflow/.local/lib/python3.10/site-packages/airflow/example_dags/example_sensor_decorator.py
[2023-08-12T03:47:18.753+0000] {processor.py:836} INFO - DAG(s) dict_keys(['example_sensor_decorator']) retrieved from /home/airflow/.local/lib/python3.10/site-packages/airflow/example_dags/example_sensor_decorator.py
[2023-08-12T03:47:18.762+0000] {logging_mixin.py:149} INFO - [2023-08-12T03:47:18.762+0000] {dag.py:2726} INFO - Sync 1 DAGs
[2023-08-12T03:47:18.772+0000] {logging_mixin.py:149} INFO - [2023-08-12T03:47:18.772+0000] {dag.py:3486} INFO - Setting next_dagrun for example_sensor_decorator to None, run_after=None
[2023-08-12T03:47:18.779+0000] {processor.py:179} INFO - Processing /home/airflow/.local/lib/python3.10/site-packages/airflow/example_dags/example_sensor_decorator.py took 0.030 seconds
[2023-08-12T03:47:49.154+0000] {processor.py:157} INFO - Started process (PID=1207) to work on /home/airflow/.local/lib/python3.10/site-packages/airflow/example_dags/example_sensor_decorator.py
[2023-08-12T03:47:49.154+0000] {processor.py:826} INFO - Processing file /home/airflow/.local/lib/python3.10/site-packages/airflow/example_dags/example_sensor_decorator.py for tasks to queue
[2023-08-12T03:47:49.155+0000] {logging_mixin.py:149} INFO - [2023-08-12T03:47:49.155+0000] {dagbag.py:541} INFO - Filling up the DagBag from /home/airflow/.local/lib/python3.10/site-packages/airflow/example_dags/example_sensor_decorator.py
[2023-08-12T03:47:49.157+0000] {processor.py:836} INFO - DAG(s) dict_keys(['example_sensor_decorator']) retrieved from /home/airflow/.local/lib/python3.10/site-packages/airflow/example_dags/example_sensor_decorator.py
[2023-08-12T03:47:49.168+0000] {logging_mixin.py:149} INFO - [2023-08-12T03:47:49.168+0000] {dag.py:2726} INFO - Sync 1 DAGs
[2023-08-12T03:47:49.179+0000] {logging_mixin.py:149} INFO - [2023-08-12T03:47:49.179+0000] {dag.py:3486} INFO - Setting next_dagrun for example_sensor_decorator to None, run_after=None
[2023-08-12T03:47:49.188+0000] {processor.py:179} INFO - Processing /home/airflow/.local/lib/python3.10/site-packages/airflow/example_dags/example_sensor_decorator.py took 0.035 seconds
[2023-08-12T03:48:19.468+0000] {processor.py:157} INFO - Started process (PID=1284) to work on /home/airflow/.local/lib/python3.10/site-packages/airflow/example_dags/example_sensor_decorator.py
[2023-08-12T03:48:19.468+0000] {processor.py:826} INFO - Processing file /home/airflow/.local/lib/python3.10/site-packages/airflow/example_dags/example_sensor_decorator.py for tasks to queue
[2023-08-12T03:48:19.469+0000] {logging_mixin.py:149} INFO - [2023-08-12T03:48:19.469+0000] {dagbag.py:541} INFO - Filling up the DagBag from /home/airflow/.local/lib/python3.10/site-packages/airflow/example_dags/example_sensor_decorator.py
[2023-08-12T03:48:19.471+0000] {processor.py:836} INFO - DAG(s) dict_keys(['example_sensor_decorator']) retrieved from /home/airflow/.local/lib/python3.10/site-packages/airflow/example_dags/example_sensor_decorator.py
[2023-08-12T03:48:19.480+0000] {logging_mixin.py:149} INFO - [2023-08-12T03:48:19.480+0000] {dag.py:2726} INFO - Sync 1 DAGs
[2023-08-12T03:48:19.490+0000] {logging_mixin.py:149} INFO - [2023-08-12T03:48:19.490+0000] {dag.py:3486} INFO - Setting next_dagrun for example_sensor_decorator to None, run_after=None
[2023-08-12T03:48:19.497+0000] {processor.py:179} INFO - Processing /home/airflow/.local/lib/python3.10/site-packages/airflow/example_dags/example_sensor_decorator.py took 0.031 seconds
[2023-08-12T03:48:49.905+0000] {processor.py:157} INFO - Started process (PID=1361) to work on /home/airflow/.local/lib/python3.10/site-packages/airflow/example_dags/example_sensor_decorator.py
[2023-08-12T03:48:49.905+0000] {processor.py:826} INFO - Processing file /home/airflow/.local/lib/python3.10/site-packages/airflow/example_dags/example_sensor_decorator.py for tasks to queue
[2023-08-12T03:48:49.905+0000] {logging_mixin.py:149} INFO - [2023-08-12T03:48:49.905+0000] {dagbag.py:541} INFO - Filling up the DagBag from /home/airflow/.local/lib/python3.10/site-packages/airflow/example_dags/example_sensor_decorator.py
[2023-08-12T03:48:49.908+0000] {processor.py:836} INFO - DAG(s) dict_keys(['example_sensor_decorator']) retrieved from /home/airflow/.local/lib/python3.10/site-packages/airflow/example_dags/example_sensor_decorator.py
[2023-08-12T03:48:49.918+0000] {logging_mixin.py:149} INFO - [2023-08-12T03:48:49.918+0000] {dag.py:2726} INFO - Sync 1 DAGs
[2023-08-12T03:48:49.927+0000] {logging_mixin.py:149} INFO - [2023-08-12T03:48:49.927+0000] {dag.py:3486} INFO - Setting next_dagrun for example_sensor_decorator to None, run_after=None
[2023-08-12T03:48:49.934+0000] {processor.py:179} INFO - Processing /home/airflow/.local/lib/python3.10/site-packages/airflow/example_dags/example_sensor_decorator.py took 0.031 seconds
[2023-08-12T03:49:20.213+0000] {processor.py:157} INFO - Started process (PID=1438) to work on /home/airflow/.local/lib/python3.10/site-packages/airflow/example_dags/example_sensor_decorator.py
[2023-08-12T03:49:20.214+0000] {processor.py:826} INFO - Processing file /home/airflow/.local/lib/python3.10/site-packages/airflow/example_dags/example_sensor_decorator.py for tasks to queue
[2023-08-12T03:49:20.214+0000] {logging_mixin.py:149} INFO - [2023-08-12T03:49:20.214+0000] {dagbag.py:541} INFO - Filling up the DagBag from /home/airflow/.local/lib/python3.10/site-packages/airflow/example_dags/example_sensor_decorator.py
[2023-08-12T03:49:20.216+0000] {processor.py:836} INFO - DAG(s) dict_keys(['example_sensor_decorator']) retrieved from /home/airflow/.local/lib/python3.10/site-packages/airflow/example_dags/example_sensor_decorator.py
[2023-08-12T03:49:20.225+0000] {logging_mixin.py:149} INFO - [2023-08-12T03:49:20.225+0000] {dag.py:2726} INFO - Sync 1 DAGs
[2023-08-12T03:49:20.234+0000] {logging_mixin.py:149} INFO - [2023-08-12T03:49:20.234+0000] {dag.py:3486} INFO - Setting next_dagrun for example_sensor_decorator to None, run_after=None
[2023-08-12T03:49:20.241+0000] {processor.py:179} INFO - Processing /home/airflow/.local/lib/python3.10/site-packages/airflow/example_dags/example_sensor_decorator.py took 0.029 seconds
[2023-08-12T03:49:50.587+0000] {processor.py:157} INFO - Started process (PID=1515) to work on /home/airflow/.local/lib/python3.10/site-packages/airflow/example_dags/example_sensor_decorator.py
[2023-08-12T03:49:50.588+0000] {processor.py:826} INFO - Processing file /home/airflow/.local/lib/python3.10/site-packages/airflow/example_dags/example_sensor_decorator.py for tasks to queue
[2023-08-12T03:49:50.588+0000] {logging_mixin.py:149} INFO - [2023-08-12T03:49:50.588+0000] {dagbag.py:541} INFO - Filling up the DagBag from /home/airflow/.local/lib/python3.10/site-packages/airflow/example_dags/example_sensor_decorator.py
[2023-08-12T03:49:50.590+0000] {processor.py:836} INFO - DAG(s) dict_keys(['example_sensor_decorator']) retrieved from /home/airflow/.local/lib/python3.10/site-packages/airflow/example_dags/example_sensor_decorator.py
[2023-08-12T03:49:50.600+0000] {logging_mixin.py:149} INFO - [2023-08-12T03:49:50.600+0000] {dag.py:2726} INFO - Sync 1 DAGs
[2023-08-12T03:49:50.609+0000] {logging_mixin.py:149} INFO - [2023-08-12T03:49:50.609+0000] {dag.py:3486} INFO - Setting next_dagrun for example_sensor_decorator to None, run_after=None
[2023-08-12T03:49:50.616+0000] {processor.py:179} INFO - Processing /home/airflow/.local/lib/python3.10/site-packages/airflow/example_dags/example_sensor_decorator.py took 0.030 seconds
[2023-08-12T03:50:20.917+0000] {processor.py:157} INFO - Started process (PID=1592) to work on /home/airflow/.local/lib/python3.10/site-packages/airflow/example_dags/example_sensor_decorator.py
[2023-08-12T03:50:20.917+0000] {processor.py:826} INFO - Processing file /home/airflow/.local/lib/python3.10/site-packages/airflow/example_dags/example_sensor_decorator.py for tasks to queue
[2023-08-12T03:50:20.918+0000] {logging_mixin.py:149} INFO - [2023-08-12T03:50:20.918+0000] {dagbag.py:541} INFO - Filling up the DagBag from /home/airflow/.local/lib/python3.10/site-packages/airflow/example_dags/example_sensor_decorator.py
[2023-08-12T03:50:20.920+0000] {processor.py:836} INFO - DAG(s) dict_keys(['example_sensor_decorator']) retrieved from /home/airflow/.local/lib/python3.10/site-packages/airflow/example_dags/example_sensor_decorator.py
[2023-08-12T03:50:20.929+0000] {logging_mixin.py:149} INFO - [2023-08-12T03:50:20.929+0000] {dag.py:2726} INFO - Sync 1 DAGs
[2023-08-12T03:50:20.939+0000] {logging_mixin.py:149} INFO - [2023-08-12T03:50:20.939+0000] {dag.py:3486} INFO - Setting next_dagrun for example_sensor_decorator to None, run_after=None
[2023-08-12T03:50:20.945+0000] {processor.py:179} INFO - Processing /home/airflow/.local/lib/python3.10/site-packages/airflow/example_dags/example_sensor_decorator.py took 0.030 seconds
[2023-08-12T03:50:51.318+0000] {processor.py:157} INFO - Started process (PID=1669) to work on /home/airflow/.local/lib/python3.10/site-packages/airflow/example_dags/example_sensor_decorator.py
[2023-08-12T03:50:51.319+0000] {processor.py:826} INFO - Processing file /home/airflow/.local/lib/python3.10/site-packages/airflow/example_dags/example_sensor_decorator.py for tasks to queue
[2023-08-12T03:50:51.319+0000] {logging_mixin.py:149} INFO - [2023-08-12T03:50:51.319+0000] {dagbag.py:541} INFO - Filling up the DagBag from /home/airflow/.local/lib/python3.10/site-packages/airflow/example_dags/example_sensor_decorator.py
[2023-08-12T03:50:51.322+0000] {processor.py:836} INFO - DAG(s) dict_keys(['example_sensor_decorator']) retrieved from /home/airflow/.local/lib/python3.10/site-packages/airflow/example_dags/example_sensor_decorator.py
[2023-08-12T03:50:51.331+0000] {logging_mixin.py:149} INFO - [2023-08-12T03:50:51.331+0000] {dag.py:2726} INFO - Sync 1 DAGs
[2023-08-12T03:50:51.340+0000] {logging_mixin.py:149} INFO - [2023-08-12T03:50:51.340+0000] {dag.py:3486} INFO - Setting next_dagrun for example_sensor_decorator to None, run_after=None
[2023-08-12T03:50:51.347+0000] {processor.py:179} INFO - Processing /home/airflow/.local/lib/python3.10/site-packages/airflow/example_dags/example_sensor_decorator.py took 0.030 seconds
[2023-08-12T03:51:21.813+0000] {processor.py:157} INFO - Started process (PID=1746) to work on /home/airflow/.local/lib/python3.10/site-packages/airflow/example_dags/example_sensor_decorator.py
[2023-08-12T03:51:21.813+0000] {processor.py:826} INFO - Processing file /home/airflow/.local/lib/python3.10/site-packages/airflow/example_dags/example_sensor_decorator.py for tasks to queue
[2023-08-12T03:51:21.814+0000] {logging_mixin.py:149} INFO - [2023-08-12T03:51:21.813+0000] {dagbag.py:541} INFO - Filling up the DagBag from /home/airflow/.local/lib/python3.10/site-packages/airflow/example_dags/example_sensor_decorator.py
[2023-08-12T03:51:21.816+0000] {processor.py:836} INFO - DAG(s) dict_keys(['example_sensor_decorator']) retrieved from /home/airflow/.local/lib/python3.10/site-packages/airflow/example_dags/example_sensor_decorator.py
[2023-08-12T03:51:21.826+0000] {logging_mixin.py:149} INFO - [2023-08-12T03:51:21.825+0000] {dag.py:2726} INFO - Sync 1 DAGs
[2023-08-12T03:51:21.835+0000] {logging_mixin.py:149} INFO - [2023-08-12T03:51:21.835+0000] {dag.py:3486} INFO - Setting next_dagrun for example_sensor_decorator to None, run_after=None
[2023-08-12T03:51:21.841+0000] {processor.py:179} INFO - Processing /home/airflow/.local/lib/python3.10/site-packages/airflow/example_dags/example_sensor_decorator.py took 0.030 seconds
[2023-08-12T03:51:52.225+0000] {processor.py:157} INFO - Started process (PID=1823) to work on /home/airflow/.local/lib/python3.10/site-packages/airflow/example_dags/example_sensor_decorator.py
[2023-08-12T03:51:52.225+0000] {processor.py:826} INFO - Processing file /home/airflow/.local/lib/python3.10/site-packages/airflow/example_dags/example_sensor_decorator.py for tasks to queue
[2023-08-12T03:51:52.226+0000] {logging_mixin.py:149} INFO - [2023-08-12T03:51:52.225+0000] {dagbag.py:541} INFO - Filling up the DagBag from /home/airflow/.local/lib/python3.10/site-packages/airflow/example_dags/example_sensor_decorator.py
[2023-08-12T03:51:52.228+0000] {processor.py:836} INFO - DAG(s) dict_keys(['example_sensor_decorator']) retrieved from /home/airflow/.local/lib/python3.10/site-packages/airflow/example_dags/example_sensor_decorator.py
[2023-08-12T03:51:52.238+0000] {logging_mixin.py:149} INFO - [2023-08-12T03:51:52.238+0000] {dag.py:2726} INFO - Sync 1 DAGs
[2023-08-12T03:51:52.247+0000] {logging_mixin.py:149} INFO - [2023-08-12T03:51:52.247+0000] {dag.py:3486} INFO - Setting next_dagrun for example_sensor_decorator to None, run_after=None
[2023-08-12T03:51:52.254+0000] {processor.py:179} INFO - Processing /home/airflow/.local/lib/python3.10/site-packages/airflow/example_dags/example_sensor_decorator.py took 0.030 seconds
[2023-08-12T03:52:22.684+0000] {processor.py:157} INFO - Started process (PID=1900) to work on /home/airflow/.local/lib/python3.10/site-packages/airflow/example_dags/example_sensor_decorator.py
[2023-08-12T03:52:22.684+0000] {processor.py:826} INFO - Processing file /home/airflow/.local/lib/python3.10/site-packages/airflow/example_dags/example_sensor_decorator.py for tasks to queue
[2023-08-12T03:52:22.685+0000] {logging_mixin.py:149} INFO - [2023-08-12T03:52:22.685+0000] {dagbag.py:541} INFO - Filling up the DagBag from /home/airflow/.local/lib/python3.10/site-packages/airflow/example_dags/example_sensor_decorator.py
[2023-08-12T03:52:22.687+0000] {processor.py:836} INFO - DAG(s) dict_keys(['example_sensor_decorator']) retrieved from /home/airflow/.local/lib/python3.10/site-packages/airflow/example_dags/example_sensor_decorator.py
[2023-08-12T03:52:22.696+0000] {logging_mixin.py:149} INFO - [2023-08-12T03:52:22.696+0000] {dag.py:2726} INFO - Sync 1 DAGs
[2023-08-12T03:52:22.706+0000] {logging_mixin.py:149} INFO - [2023-08-12T03:52:22.706+0000] {dag.py:3486} INFO - Setting next_dagrun for example_sensor_decorator to None, run_after=None
[2023-08-12T03:52:22.713+0000] {processor.py:179} INFO - Processing /home/airflow/.local/lib/python3.10/site-packages/airflow/example_dags/example_sensor_decorator.py took 0.030 seconds
[2023-08-12T03:52:53.138+0000] {processor.py:157} INFO - Started process (PID=1977) to work on /home/airflow/.local/lib/python3.10/site-packages/airflow/example_dags/example_sensor_decorator.py
[2023-08-12T03:52:53.138+0000] {processor.py:826} INFO - Processing file /home/airflow/.local/lib/python3.10/site-packages/airflow/example_dags/example_sensor_decorator.py for tasks to queue
[2023-08-12T03:52:53.138+0000] {logging_mixin.py:149} INFO - [2023-08-12T03:52:53.138+0000] {dagbag.py:541} INFO - Filling up the DagBag from /home/airflow/.local/lib/python3.10/site-packages/airflow/example_dags/example_sensor_decorator.py
[2023-08-12T03:52:53.141+0000] {processor.py:836} INFO - DAG(s) dict_keys(['example_sensor_decorator']) retrieved from /home/airflow/.local/lib/python3.10/site-packages/airflow/example_dags/example_sensor_decorator.py
[2023-08-12T03:52:53.150+0000] {logging_mixin.py:149} INFO - [2023-08-12T03:52:53.150+0000] {dag.py:2726} INFO - Sync 1 DAGs
[2023-08-12T03:52:53.159+0000] {logging_mixin.py:149} INFO - [2023-08-12T03:52:53.159+0000] {dag.py:3486} INFO - Setting next_dagrun for example_sensor_decorator to None, run_after=None
[2023-08-12T03:52:53.166+0000] {processor.py:179} INFO - Processing /home/airflow/.local/lib/python3.10/site-packages/airflow/example_dags/example_sensor_decorator.py took 0.030 seconds
[2023-08-12T03:53:23.686+0000] {processor.py:157} INFO - Started process (PID=2054) to work on /home/airflow/.local/lib/python3.10/site-packages/airflow/example_dags/example_sensor_decorator.py
[2023-08-12T03:53:23.686+0000] {processor.py:826} INFO - Processing file /home/airflow/.local/lib/python3.10/site-packages/airflow/example_dags/example_sensor_decorator.py for tasks to queue
[2023-08-12T03:53:23.687+0000] {logging_mixin.py:149} INFO - [2023-08-12T03:53:23.687+0000] {dagbag.py:541} INFO - Filling up the DagBag from /home/airflow/.local/lib/python3.10/site-packages/airflow/example_dags/example_sensor_decorator.py
[2023-08-12T03:53:23.689+0000] {processor.py:836} INFO - DAG(s) dict_keys(['example_sensor_decorator']) retrieved from /home/airflow/.local/lib/python3.10/site-packages/airflow/example_dags/example_sensor_decorator.py
[2023-08-12T03:53:23.698+0000] {logging_mixin.py:149} INFO - [2023-08-12T03:53:23.698+0000] {dag.py:2726} INFO - Sync 1 DAGs
[2023-08-12T03:53:23.707+0000] {logging_mixin.py:149} INFO - [2023-08-12T03:53:23.707+0000] {dag.py:3486} INFO - Setting next_dagrun for example_sensor_decorator to None, run_after=None
[2023-08-12T03:53:23.714+0000] {processor.py:179} INFO - Processing /home/airflow/.local/lib/python3.10/site-packages/airflow/example_dags/example_sensor_decorator.py took 0.029 seconds
[2023-08-12T03:53:54.027+0000] {processor.py:157} INFO - Started process (PID=2131) to work on /home/airflow/.local/lib/python3.10/site-packages/airflow/example_dags/example_sensor_decorator.py
[2023-08-12T03:53:54.027+0000] {processor.py:826} INFO - Processing file /home/airflow/.local/lib/python3.10/site-packages/airflow/example_dags/example_sensor_decorator.py for tasks to queue
[2023-08-12T03:53:54.027+0000] {logging_mixin.py:149} INFO - [2023-08-12T03:53:54.027+0000] {dagbag.py:541} INFO - Filling up the DagBag from /home/airflow/.local/lib/python3.10/site-packages/airflow/example_dags/example_sensor_decorator.py
[2023-08-12T03:53:54.030+0000] {processor.py:836} INFO - DAG(s) dict_keys(['example_sensor_decorator']) retrieved from /home/airflow/.local/lib/python3.10/site-packages/airflow/example_dags/example_sensor_decorator.py
[2023-08-12T03:53:54.041+0000] {logging_mixin.py:149} INFO - [2023-08-12T03:53:54.041+0000] {dag.py:2726} INFO - Sync 1 DAGs
[2023-08-12T03:53:54.051+0000] {logging_mixin.py:149} INFO - [2023-08-12T03:53:54.051+0000] {dag.py:3486} INFO - Setting next_dagrun for example_sensor_decorator to None, run_after=None
[2023-08-12T03:53:54.059+0000] {processor.py:179} INFO - Processing /home/airflow/.local/lib/python3.10/site-packages/airflow/example_dags/example_sensor_decorator.py took 0.033 seconds
[2023-08-12T03:54:24.351+0000] {processor.py:157} INFO - Started process (PID=2208) to work on /home/airflow/.local/lib/python3.10/site-packages/airflow/example_dags/example_sensor_decorator.py
[2023-08-12T03:54:24.351+0000] {processor.py:826} INFO - Processing file /home/airflow/.local/lib/python3.10/site-packages/airflow/example_dags/example_sensor_decorator.py for tasks to queue
[2023-08-12T03:54:24.351+0000] {logging_mixin.py:149} INFO - [2023-08-12T03:54:24.351+0000] {dagbag.py:541} INFO - Filling up the DagBag from /home/airflow/.local/lib/python3.10/site-packages/airflow/example_dags/example_sensor_decorator.py
[2023-08-12T03:54:24.353+0000] {processor.py:836} INFO - DAG(s) dict_keys(['example_sensor_decorator']) retrieved from /home/airflow/.local/lib/python3.10/site-packages/airflow/example_dags/example_sensor_decorator.py
[2023-08-12T03:54:24.363+0000] {logging_mixin.py:149} INFO - [2023-08-12T03:54:24.363+0000] {dag.py:2726} INFO - Sync 1 DAGs
[2023-08-12T03:54:24.372+0000] {logging_mixin.py:149} INFO - [2023-08-12T03:54:24.372+0000] {dag.py:3486} INFO - Setting next_dagrun for example_sensor_decorator to None, run_after=None
[2023-08-12T03:54:24.379+0000] {processor.py:179} INFO - Processing /home/airflow/.local/lib/python3.10/site-packages/airflow/example_dags/example_sensor_decorator.py took 0.030 seconds
[2023-08-12T03:54:54.725+0000] {processor.py:157} INFO - Started process (PID=2286) to work on /home/airflow/.local/lib/python3.10/site-packages/airflow/example_dags/example_sensor_decorator.py
[2023-08-12T03:54:54.725+0000] {processor.py:826} INFO - Processing file /home/airflow/.local/lib/python3.10/site-packages/airflow/example_dags/example_sensor_decorator.py for tasks to queue
[2023-08-12T03:54:54.725+0000] {logging_mixin.py:149} INFO - [2023-08-12T03:54:54.725+0000] {dagbag.py:541} INFO - Filling up the DagBag from /home/airflow/.local/lib/python3.10/site-packages/airflow/example_dags/example_sensor_decorator.py
[2023-08-12T03:54:54.728+0000] {processor.py:836} INFO - DAG(s) dict_keys(['example_sensor_decorator']) retrieved from /home/airflow/.local/lib/python3.10/site-packages/airflow/example_dags/example_sensor_decorator.py
[2023-08-12T03:54:54.738+0000] {logging_mixin.py:149} INFO - [2023-08-12T03:54:54.738+0000] {dag.py:2726} INFO - Sync 1 DAGs
[2023-08-12T03:54:54.747+0000] {logging_mixin.py:149} INFO - [2023-08-12T03:54:54.747+0000] {dag.py:3486} INFO - Setting next_dagrun for example_sensor_decorator to None, run_after=None
[2023-08-12T03:54:54.754+0000] {processor.py:179} INFO - Processing /home/airflow/.local/lib/python3.10/site-packages/airflow/example_dags/example_sensor_decorator.py took 0.031 seconds
[2023-08-12T03:55:25.134+0000] {processor.py:157} INFO - Started process (PID=2363) to work on /home/airflow/.local/lib/python3.10/site-packages/airflow/example_dags/example_sensor_decorator.py
[2023-08-12T03:55:25.134+0000] {processor.py:826} INFO - Processing file /home/airflow/.local/lib/python3.10/site-packages/airflow/example_dags/example_sensor_decorator.py for tasks to queue
[2023-08-12T03:55:25.135+0000] {logging_mixin.py:149} INFO - [2023-08-12T03:55:25.135+0000] {dagbag.py:541} INFO - Filling up the DagBag from /home/airflow/.local/lib/python3.10/site-packages/airflow/example_dags/example_sensor_decorator.py
[2023-08-12T03:55:25.137+0000] {processor.py:836} INFO - DAG(s) dict_keys(['example_sensor_decorator']) retrieved from /home/airflow/.local/lib/python3.10/site-packages/airflow/example_dags/example_sensor_decorator.py
[2023-08-12T03:55:25.146+0000] {logging_mixin.py:149} INFO - [2023-08-12T03:55:25.146+0000] {dag.py:2726} INFO - Sync 1 DAGs
[2023-08-12T03:55:25.155+0000] {logging_mixin.py:149} INFO - [2023-08-12T03:55:25.155+0000] {dag.py:3486} INFO - Setting next_dagrun for example_sensor_decorator to None, run_after=None
[2023-08-12T03:55:25.162+0000] {processor.py:179} INFO - Processing /home/airflow/.local/lib/python3.10/site-packages/airflow/example_dags/example_sensor_decorator.py took 0.030 seconds
[2023-08-12T03:56:30.565+0000] {processor.py:157} INFO - Started process (PID=53) to work on /home/airflow/.local/lib/python3.10/site-packages/airflow/example_dags/example_sensor_decorator.py
[2023-08-12T03:56:30.565+0000] {processor.py:826} INFO - Processing file /home/airflow/.local/lib/python3.10/site-packages/airflow/example_dags/example_sensor_decorator.py for tasks to queue
[2023-08-12T03:56:30.565+0000] {logging_mixin.py:149} INFO - [2023-08-12T03:56:30.565+0000] {dagbag.py:541} INFO - Filling up the DagBag from /home/airflow/.local/lib/python3.10/site-packages/airflow/example_dags/example_sensor_decorator.py
[2023-08-12T03:56:30.568+0000] {processor.py:836} INFO - DAG(s) dict_keys(['example_sensor_decorator']) retrieved from /home/airflow/.local/lib/python3.10/site-packages/airflow/example_dags/example_sensor_decorator.py
[2023-08-12T03:56:30.573+0000] {logging_mixin.py:149} INFO - [2023-08-12T03:56:30.573+0000] {dag.py:2726} INFO - Sync 1 DAGs
[2023-08-12T03:56:30.583+0000] {logging_mixin.py:149} INFO - [2023-08-12T03:56:30.583+0000] {dag.py:3486} INFO - Setting next_dagrun for example_sensor_decorator to None, run_after=None
[2023-08-12T03:56:30.590+0000] {processor.py:179} INFO - Processing /home/airflow/.local/lib/python3.10/site-packages/airflow/example_dags/example_sensor_decorator.py took 0.027 seconds
[2023-08-12T03:57:00.722+0000] {processor.py:157} INFO - Started process (PID=130) to work on /home/airflow/.local/lib/python3.10/site-packages/airflow/example_dags/example_sensor_decorator.py
[2023-08-12T03:57:00.722+0000] {processor.py:826} INFO - Processing file /home/airflow/.local/lib/python3.10/site-packages/airflow/example_dags/example_sensor_decorator.py for tasks to queue
[2023-08-12T03:57:00.722+0000] {logging_mixin.py:149} INFO - [2023-08-12T03:57:00.722+0000] {dagbag.py:541} INFO - Filling up the DagBag from /home/airflow/.local/lib/python3.10/site-packages/airflow/example_dags/example_sensor_decorator.py
[2023-08-12T03:57:00.724+0000] {processor.py:836} INFO - DAG(s) dict_keys(['example_sensor_decorator']) retrieved from /home/airflow/.local/lib/python3.10/site-packages/airflow/example_dags/example_sensor_decorator.py
[2023-08-12T03:57:00.734+0000] {logging_mixin.py:149} INFO - [2023-08-12T03:57:00.734+0000] {dag.py:2726} INFO - Sync 1 DAGs
[2023-08-12T03:57:00.744+0000] {logging_mixin.py:149} INFO - [2023-08-12T03:57:00.744+0000] {dag.py:3486} INFO - Setting next_dagrun for example_sensor_decorator to None, run_after=None
[2023-08-12T03:57:00.750+0000] {processor.py:179} INFO - Processing /home/airflow/.local/lib/python3.10/site-packages/airflow/example_dags/example_sensor_decorator.py took 0.030 seconds
[2023-08-12T03:57:31.063+0000] {processor.py:157} INFO - Started process (PID=207) to work on /home/airflow/.local/lib/python3.10/site-packages/airflow/example_dags/example_sensor_decorator.py
[2023-08-12T03:57:31.064+0000] {processor.py:826} INFO - Processing file /home/airflow/.local/lib/python3.10/site-packages/airflow/example_dags/example_sensor_decorator.py for tasks to queue
[2023-08-12T03:57:31.064+0000] {logging_mixin.py:149} INFO - [2023-08-12T03:57:31.064+0000] {dagbag.py:541} INFO - Filling up the DagBag from /home/airflow/.local/lib/python3.10/site-packages/airflow/example_dags/example_sensor_decorator.py
[2023-08-12T03:57:31.066+0000] {processor.py:836} INFO - DAG(s) dict_keys(['example_sensor_decorator']) retrieved from /home/airflow/.local/lib/python3.10/site-packages/airflow/example_dags/example_sensor_decorator.py
[2023-08-12T03:57:31.076+0000] {logging_mixin.py:149} INFO - [2023-08-12T03:57:31.076+0000] {dag.py:2726} INFO - Sync 1 DAGs
[2023-08-12T03:57:31.086+0000] {logging_mixin.py:149} INFO - [2023-08-12T03:57:31.086+0000] {dag.py:3486} INFO - Setting next_dagrun for example_sensor_decorator to None, run_after=None
[2023-08-12T03:57:31.093+0000] {processor.py:179} INFO - Processing /home/airflow/.local/lib/python3.10/site-packages/airflow/example_dags/example_sensor_decorator.py took 0.032 seconds
[2023-08-12T03:58:01.442+0000] {processor.py:157} INFO - Started process (PID=284) to work on /home/airflow/.local/lib/python3.10/site-packages/airflow/example_dags/example_sensor_decorator.py
[2023-08-12T03:58:01.442+0000] {processor.py:826} INFO - Processing file /home/airflow/.local/lib/python3.10/site-packages/airflow/example_dags/example_sensor_decorator.py for tasks to queue
[2023-08-12T03:58:01.443+0000] {logging_mixin.py:149} INFO - [2023-08-12T03:58:01.443+0000] {dagbag.py:541} INFO - Filling up the DagBag from /home/airflow/.local/lib/python3.10/site-packages/airflow/example_dags/example_sensor_decorator.py
[2023-08-12T03:58:01.445+0000] {processor.py:836} INFO - DAG(s) dict_keys(['example_sensor_decorator']) retrieved from /home/airflow/.local/lib/python3.10/site-packages/airflow/example_dags/example_sensor_decorator.py
[2023-08-12T03:58:01.456+0000] {logging_mixin.py:149} INFO - [2023-08-12T03:58:01.456+0000] {dag.py:2726} INFO - Sync 1 DAGs
[2023-08-12T03:58:01.465+0000] {logging_mixin.py:149} INFO - [2023-08-12T03:58:01.465+0000] {dag.py:3486} INFO - Setting next_dagrun for example_sensor_decorator to None, run_after=None
[2023-08-12T03:58:01.473+0000] {processor.py:179} INFO - Processing /home/airflow/.local/lib/python3.10/site-packages/airflow/example_dags/example_sensor_decorator.py took 0.032 seconds
[2023-08-12T03:58:31.777+0000] {processor.py:157} INFO - Started process (PID=361) to work on /home/airflow/.local/lib/python3.10/site-packages/airflow/example_dags/example_sensor_decorator.py
[2023-08-12T03:58:31.778+0000] {processor.py:826} INFO - Processing file /home/airflow/.local/lib/python3.10/site-packages/airflow/example_dags/example_sensor_decorator.py for tasks to queue
[2023-08-12T03:58:31.778+0000] {logging_mixin.py:149} INFO - [2023-08-12T03:58:31.778+0000] {dagbag.py:541} INFO - Filling up the DagBag from /home/airflow/.local/lib/python3.10/site-packages/airflow/example_dags/example_sensor_decorator.py
[2023-08-12T03:58:31.781+0000] {processor.py:836} INFO - DAG(s) dict_keys(['example_sensor_decorator']) retrieved from /home/airflow/.local/lib/python3.10/site-packages/airflow/example_dags/example_sensor_decorator.py
[2023-08-12T03:58:31.791+0000] {logging_mixin.py:149} INFO - [2023-08-12T03:58:31.791+0000] {dag.py:2726} INFO - Sync 1 DAGs
[2023-08-12T03:58:31.802+0000] {logging_mixin.py:149} INFO - [2023-08-12T03:58:31.802+0000] {dag.py:3486} INFO - Setting next_dagrun for example_sensor_decorator to None, run_after=None
[2023-08-12T03:58:31.809+0000] {processor.py:179} INFO - Processing /home/airflow/.local/lib/python3.10/site-packages/airflow/example_dags/example_sensor_decorator.py took 0.032 seconds
[2023-08-12T03:59:02.191+0000] {processor.py:157} INFO - Started process (PID=437) to work on /home/airflow/.local/lib/python3.10/site-packages/airflow/example_dags/example_sensor_decorator.py
[2023-08-12T03:59:02.192+0000] {processor.py:826} INFO - Processing file /home/airflow/.local/lib/python3.10/site-packages/airflow/example_dags/example_sensor_decorator.py for tasks to queue
[2023-08-12T03:59:02.192+0000] {logging_mixin.py:149} INFO - [2023-08-12T03:59:02.192+0000] {dagbag.py:541} INFO - Filling up the DagBag from /home/airflow/.local/lib/python3.10/site-packages/airflow/example_dags/example_sensor_decorator.py
[2023-08-12T03:59:02.194+0000] {processor.py:836} INFO - DAG(s) dict_keys(['example_sensor_decorator']) retrieved from /home/airflow/.local/lib/python3.10/site-packages/airflow/example_dags/example_sensor_decorator.py
[2023-08-12T03:59:02.204+0000] {logging_mixin.py:149} INFO - [2023-08-12T03:59:02.204+0000] {dag.py:2726} INFO - Sync 1 DAGs
[2023-08-12T03:59:02.213+0000] {logging_mixin.py:149} INFO - [2023-08-12T03:59:02.213+0000] {dag.py:3486} INFO - Setting next_dagrun for example_sensor_decorator to None, run_after=None
[2023-08-12T03:59:02.220+0000] {processor.py:179} INFO - Processing /home/airflow/.local/lib/python3.10/site-packages/airflow/example_dags/example_sensor_decorator.py took 0.030 seconds
[2023-08-12T03:59:32.568+0000] {processor.py:157} INFO - Started process (PID=513) to work on /home/airflow/.local/lib/python3.10/site-packages/airflow/example_dags/example_sensor_decorator.py
[2023-08-12T03:59:32.568+0000] {processor.py:826} INFO - Processing file /home/airflow/.local/lib/python3.10/site-packages/airflow/example_dags/example_sensor_decorator.py for tasks to queue
[2023-08-12T03:59:32.569+0000] {logging_mixin.py:149} INFO - [2023-08-12T03:59:32.569+0000] {dagbag.py:541} INFO - Filling up the DagBag from /home/airflow/.local/lib/python3.10/site-packages/airflow/example_dags/example_sensor_decorator.py
[2023-08-12T03:59:32.571+0000] {processor.py:836} INFO - DAG(s) dict_keys(['example_sensor_decorator']) retrieved from /home/airflow/.local/lib/python3.10/site-packages/airflow/example_dags/example_sensor_decorator.py
[2023-08-12T03:59:32.581+0000] {logging_mixin.py:149} INFO - [2023-08-12T03:59:32.581+0000] {dag.py:2726} INFO - Sync 1 DAGs
[2023-08-12T03:59:32.590+0000] {logging_mixin.py:149} INFO - [2023-08-12T03:59:32.590+0000] {dag.py:3486} INFO - Setting next_dagrun for example_sensor_decorator to None, run_after=None
[2023-08-12T03:59:32.597+0000] {processor.py:179} INFO - Processing /home/airflow/.local/lib/python3.10/site-packages/airflow/example_dags/example_sensor_decorator.py took 0.031 seconds
[2023-08-12T04:00:03.169+0000] {processor.py:157} INFO - Started process (PID=591) to work on /home/airflow/.local/lib/python3.10/site-packages/airflow/example_dags/example_sensor_decorator.py
[2023-08-12T04:00:03.170+0000] {processor.py:826} INFO - Processing file /home/airflow/.local/lib/python3.10/site-packages/airflow/example_dags/example_sensor_decorator.py for tasks to queue
[2023-08-12T04:00:03.170+0000] {logging_mixin.py:149} INFO - [2023-08-12T04:00:03.170+0000] {dagbag.py:541} INFO - Filling up the DagBag from /home/airflow/.local/lib/python3.10/site-packages/airflow/example_dags/example_sensor_decorator.py
[2023-08-12T04:00:03.172+0000] {processor.py:836} INFO - DAG(s) dict_keys(['example_sensor_decorator']) retrieved from /home/airflow/.local/lib/python3.10/site-packages/airflow/example_dags/example_sensor_decorator.py
[2023-08-12T04:00:03.182+0000] {logging_mixin.py:149} INFO - [2023-08-12T04:00:03.181+0000] {dag.py:2726} INFO - Sync 1 DAGs
[2023-08-12T04:00:03.191+0000] {logging_mixin.py:149} INFO - [2023-08-12T04:00:03.191+0000] {dag.py:3486} INFO - Setting next_dagrun for example_sensor_decorator to None, run_after=None
[2023-08-12T04:00:03.198+0000] {processor.py:179} INFO - Processing /home/airflow/.local/lib/python3.10/site-packages/airflow/example_dags/example_sensor_decorator.py took 0.030 seconds
[2023-08-12T04:00:33.563+0000] {processor.py:157} INFO - Started process (PID=668) to work on /home/airflow/.local/lib/python3.10/site-packages/airflow/example_dags/example_sensor_decorator.py
[2023-08-12T04:00:33.563+0000] {processor.py:826} INFO - Processing file /home/airflow/.local/lib/python3.10/site-packages/airflow/example_dags/example_sensor_decorator.py for tasks to queue
[2023-08-12T04:00:33.563+0000] {logging_mixin.py:149} INFO - [2023-08-12T04:00:33.563+0000] {dagbag.py:541} INFO - Filling up the DagBag from /home/airflow/.local/lib/python3.10/site-packages/airflow/example_dags/example_sensor_decorator.py
[2023-08-12T04:00:33.566+0000] {processor.py:836} INFO - DAG(s) dict_keys(['example_sensor_decorator']) retrieved from /home/airflow/.local/lib/python3.10/site-packages/airflow/example_dags/example_sensor_decorator.py
[2023-08-12T04:00:33.575+0000] {logging_mixin.py:149} INFO - [2023-08-12T04:00:33.575+0000] {dag.py:2726} INFO - Sync 1 DAGs
[2023-08-12T04:00:33.585+0000] {logging_mixin.py:149} INFO - [2023-08-12T04:00:33.585+0000] {dag.py:3486} INFO - Setting next_dagrun for example_sensor_decorator to None, run_after=None
[2023-08-12T04:00:33.592+0000] {processor.py:179} INFO - Processing /home/airflow/.local/lib/python3.10/site-packages/airflow/example_dags/example_sensor_decorator.py took 0.031 seconds
