[2023-08-12T15:30:50.675+0000] {processor.py:157} INFO - Started process (PID=46) to work on /home/airflow/.local/lib/python3.10/site-packages/airflow/example_dags/example_skip_dag.py
[2023-08-12T15:30:50.676+0000] {processor.py:826} INFO - Processing file /home/airflow/.local/lib/python3.10/site-packages/airflow/example_dags/example_skip_dag.py for tasks to queue
[2023-08-12T15:30:50.676+0000] {logging_mixin.py:149} INFO - [2023-08-12T15:30:50.676+0000] {dagbag.py:541} INFO - Filling up the DagBag from /home/airflow/.local/lib/python3.10/site-packages/airflow/example_dags/example_skip_dag.py
[2023-08-12T15:30:50.681+0000] {processor.py:836} INFO - DAG(s) dict_keys(['example_skip_dag']) retrieved from /home/airflow/.local/lib/python3.10/site-packages/airflow/example_dags/example_skip_dag.py
[2023-08-12T15:30:50.686+0000] {logging_mixin.py:149} INFO - [2023-08-12T15:30:50.686+0000] {dag.py:2726} INFO - Sync 1 DAGs
[2023-08-12T15:30:50.697+0000] {logging_mixin.py:149} INFO - [2023-08-12T15:30:50.697+0000] {dag.py:3486} INFO - Setting next_dagrun for example_skip_dag to 2023-08-11T15:30:50.697565+00:00, run_after=2023-08-12T15:30:50.697565+00:00
[2023-08-12T15:30:50.705+0000] {processor.py:179} INFO - Processing /home/airflow/.local/lib/python3.10/site-packages/airflow/example_dags/example_skip_dag.py took 0.031 seconds
[2023-08-12T15:31:20.731+0000] {processor.py:157} INFO - Started process (PID=122) to work on /home/airflow/.local/lib/python3.10/site-packages/airflow/example_dags/example_skip_dag.py
[2023-08-12T15:31:20.732+0000] {processor.py:826} INFO - Processing file /home/airflow/.local/lib/python3.10/site-packages/airflow/example_dags/example_skip_dag.py for tasks to queue
[2023-08-12T15:31:20.732+0000] {logging_mixin.py:149} INFO - [2023-08-12T15:31:20.732+0000] {dagbag.py:541} INFO - Filling up the DagBag from /home/airflow/.local/lib/python3.10/site-packages/airflow/example_dags/example_skip_dag.py
[2023-08-12T15:31:20.735+0000] {processor.py:836} INFO - DAG(s) dict_keys(['example_skip_dag']) retrieved from /home/airflow/.local/lib/python3.10/site-packages/airflow/example_dags/example_skip_dag.py
[2023-08-12T15:31:20.745+0000] {logging_mixin.py:149} INFO - [2023-08-12T15:31:20.745+0000] {dag.py:2726} INFO - Sync 1 DAGs
[2023-08-12T15:31:20.755+0000] {logging_mixin.py:149} INFO - [2023-08-12T15:31:20.755+0000] {dag.py:3486} INFO - Setting next_dagrun for example_skip_dag to 2023-08-11T15:31:20.755090+00:00, run_after=2023-08-12T15:31:20.755090+00:00
[2023-08-12T15:31:20.762+0000] {processor.py:179} INFO - Processing /home/airflow/.local/lib/python3.10/site-packages/airflow/example_dags/example_skip_dag.py took 0.032 seconds
[2023-08-12T15:31:51.181+0000] {processor.py:157} INFO - Started process (PID=199) to work on /home/airflow/.local/lib/python3.10/site-packages/airflow/example_dags/example_skip_dag.py
[2023-08-12T15:31:51.181+0000] {processor.py:826} INFO - Processing file /home/airflow/.local/lib/python3.10/site-packages/airflow/example_dags/example_skip_dag.py for tasks to queue
[2023-08-12T15:31:51.182+0000] {logging_mixin.py:149} INFO - [2023-08-12T15:31:51.182+0000] {dagbag.py:541} INFO - Filling up the DagBag from /home/airflow/.local/lib/python3.10/site-packages/airflow/example_dags/example_skip_dag.py
[2023-08-12T15:31:51.185+0000] {processor.py:836} INFO - DAG(s) dict_keys(['example_skip_dag']) retrieved from /home/airflow/.local/lib/python3.10/site-packages/airflow/example_dags/example_skip_dag.py
[2023-08-12T15:31:51.196+0000] {logging_mixin.py:149} INFO - [2023-08-12T15:31:51.196+0000] {dag.py:2726} INFO - Sync 1 DAGs
[2023-08-12T15:31:51.206+0000] {logging_mixin.py:149} INFO - [2023-08-12T15:31:51.206+0000] {dag.py:3486} INFO - Setting next_dagrun for example_skip_dag to 2023-08-11T15:31:51.206384+00:00, run_after=2023-08-12T15:31:51.206384+00:00
[2023-08-12T15:31:51.213+0000] {processor.py:179} INFO - Processing /home/airflow/.local/lib/python3.10/site-packages/airflow/example_dags/example_skip_dag.py took 0.033 seconds
[2023-08-12T15:32:21.426+0000] {processor.py:157} INFO - Started process (PID=276) to work on /home/airflow/.local/lib/python3.10/site-packages/airflow/example_dags/example_skip_dag.py
[2023-08-12T15:32:21.426+0000] {processor.py:826} INFO - Processing file /home/airflow/.local/lib/python3.10/site-packages/airflow/example_dags/example_skip_dag.py for tasks to queue
[2023-08-12T15:32:21.426+0000] {logging_mixin.py:149} INFO - [2023-08-12T15:32:21.426+0000] {dagbag.py:541} INFO - Filling up the DagBag from /home/airflow/.local/lib/python3.10/site-packages/airflow/example_dags/example_skip_dag.py
[2023-08-12T15:32:21.429+0000] {processor.py:836} INFO - DAG(s) dict_keys(['example_skip_dag']) retrieved from /home/airflow/.local/lib/python3.10/site-packages/airflow/example_dags/example_skip_dag.py
[2023-08-12T15:32:21.439+0000] {logging_mixin.py:149} INFO - [2023-08-12T15:32:21.439+0000] {dag.py:2726} INFO - Sync 1 DAGs
[2023-08-12T15:32:21.449+0000] {logging_mixin.py:149} INFO - [2023-08-12T15:32:21.449+0000] {dag.py:3486} INFO - Setting next_dagrun for example_skip_dag to 2023-08-11T15:32:21.449428+00:00, run_after=2023-08-12T15:32:21.449428+00:00
[2023-08-12T15:32:21.457+0000] {processor.py:179} INFO - Processing /home/airflow/.local/lib/python3.10/site-packages/airflow/example_dags/example_skip_dag.py took 0.033 seconds
[2023-08-12T15:32:51.885+0000] {processor.py:157} INFO - Started process (PID=353) to work on /home/airflow/.local/lib/python3.10/site-packages/airflow/example_dags/example_skip_dag.py
[2023-08-12T15:32:51.885+0000] {processor.py:826} INFO - Processing file /home/airflow/.local/lib/python3.10/site-packages/airflow/example_dags/example_skip_dag.py for tasks to queue
[2023-08-12T15:32:51.885+0000] {logging_mixin.py:149} INFO - [2023-08-12T15:32:51.885+0000] {dagbag.py:541} INFO - Filling up the DagBag from /home/airflow/.local/lib/python3.10/site-packages/airflow/example_dags/example_skip_dag.py
[2023-08-12T15:32:51.888+0000] {processor.py:836} INFO - DAG(s) dict_keys(['example_skip_dag']) retrieved from /home/airflow/.local/lib/python3.10/site-packages/airflow/example_dags/example_skip_dag.py
[2023-08-12T15:32:51.899+0000] {logging_mixin.py:149} INFO - [2023-08-12T15:32:51.899+0000] {dag.py:2726} INFO - Sync 1 DAGs
[2023-08-12T15:32:51.909+0000] {logging_mixin.py:149} INFO - [2023-08-12T15:32:51.909+0000] {dag.py:3486} INFO - Setting next_dagrun for example_skip_dag to 2023-08-11T15:32:51.908999+00:00, run_after=2023-08-12T15:32:51.908999+00:00
[2023-08-12T15:32:51.916+0000] {processor.py:179} INFO - Processing /home/airflow/.local/lib/python3.10/site-packages/airflow/example_dags/example_skip_dag.py took 0.033 seconds
[2023-08-12T15:33:22.384+0000] {processor.py:157} INFO - Started process (PID=429) to work on /home/airflow/.local/lib/python3.10/site-packages/airflow/example_dags/example_skip_dag.py
[2023-08-12T15:33:22.384+0000] {processor.py:826} INFO - Processing file /home/airflow/.local/lib/python3.10/site-packages/airflow/example_dags/example_skip_dag.py for tasks to queue
[2023-08-12T15:33:22.384+0000] {logging_mixin.py:149} INFO - [2023-08-12T15:33:22.384+0000] {dagbag.py:541} INFO - Filling up the DagBag from /home/airflow/.local/lib/python3.10/site-packages/airflow/example_dags/example_skip_dag.py
[2023-08-12T15:33:22.387+0000] {processor.py:836} INFO - DAG(s) dict_keys(['example_skip_dag']) retrieved from /home/airflow/.local/lib/python3.10/site-packages/airflow/example_dags/example_skip_dag.py
[2023-08-12T15:33:22.398+0000] {logging_mixin.py:149} INFO - [2023-08-12T15:33:22.397+0000] {dag.py:2726} INFO - Sync 1 DAGs
[2023-08-12T15:33:22.407+0000] {logging_mixin.py:149} INFO - [2023-08-12T15:33:22.407+0000] {dag.py:3486} INFO - Setting next_dagrun for example_skip_dag to 2023-08-11T15:33:22.407738+00:00, run_after=2023-08-12T15:33:22.407738+00:00
[2023-08-12T15:33:22.414+0000] {processor.py:179} INFO - Processing /home/airflow/.local/lib/python3.10/site-packages/airflow/example_dags/example_skip_dag.py took 0.032 seconds
[2023-08-12T15:33:52.880+0000] {processor.py:157} INFO - Started process (PID=506) to work on /home/airflow/.local/lib/python3.10/site-packages/airflow/example_dags/example_skip_dag.py
[2023-08-12T15:33:52.880+0000] {processor.py:826} INFO - Processing file /home/airflow/.local/lib/python3.10/site-packages/airflow/example_dags/example_skip_dag.py for tasks to queue
[2023-08-12T15:33:52.880+0000] {logging_mixin.py:149} INFO - [2023-08-12T15:33:52.880+0000] {dagbag.py:541} INFO - Filling up the DagBag from /home/airflow/.local/lib/python3.10/site-packages/airflow/example_dags/example_skip_dag.py
[2023-08-12T15:33:52.883+0000] {processor.py:836} INFO - DAG(s) dict_keys(['example_skip_dag']) retrieved from /home/airflow/.local/lib/python3.10/site-packages/airflow/example_dags/example_skip_dag.py
[2023-08-12T15:33:52.894+0000] {logging_mixin.py:149} INFO - [2023-08-12T15:33:52.893+0000] {dag.py:2726} INFO - Sync 1 DAGs
[2023-08-12T15:33:52.903+0000] {logging_mixin.py:149} INFO - [2023-08-12T15:33:52.903+0000] {dag.py:3486} INFO - Setting next_dagrun for example_skip_dag to 2023-08-11T15:33:52.903653+00:00, run_after=2023-08-12T15:33:52.903653+00:00
[2023-08-12T15:33:52.911+0000] {processor.py:179} INFO - Processing /home/airflow/.local/lib/python3.10/site-packages/airflow/example_dags/example_skip_dag.py took 0.032 seconds
