[2023-08-12T03:29:38.347+0000] {processor.py:157} INFO - Started process (PID=56) to work on /home/airflow/.local/lib/python3.10/site-packages/airflow/example_dags/tutorial_taskflow_api_virtualenv.py
[2023-08-12T03:29:38.348+0000] {processor.py:826} INFO - Processing file /home/airflow/.local/lib/python3.10/site-packages/airflow/example_dags/tutorial_taskflow_api_virtualenv.py for tasks to queue
[2023-08-12T03:29:38.348+0000] {logging_mixin.py:149} INFO - [2023-08-12T03:29:38.348+0000] {dagbag.py:541} INFO - Filling up the DagBag from /home/airflow/.local/lib/python3.10/site-packages/airflow/example_dags/tutorial_taskflow_api_virtualenv.py
[2023-08-12T03:29:38.352+0000] {processor.py:836} INFO - DAG(s) dict_keys(['tutorial_taskflow_api_virtualenv']) retrieved from /home/airflow/.local/lib/python3.10/site-packages/airflow/example_dags/tutorial_taskflow_api_virtualenv.py
[2023-08-12T03:29:38.357+0000] {logging_mixin.py:149} INFO - [2023-08-12T03:29:38.357+0000] {dag.py:2726} INFO - Sync 1 DAGs
[2023-08-12T03:29:38.368+0000] {logging_mixin.py:149} INFO - [2023-08-12T03:29:38.368+0000] {dag.py:3486} INFO - Setting next_dagrun for tutorial_taskflow_api_virtualenv to None, run_after=None
[2023-08-12T03:29:38.375+0000] {processor.py:179} INFO - Processing /home/airflow/.local/lib/python3.10/site-packages/airflow/example_dags/tutorial_taskflow_api_virtualenv.py took 0.029 seconds
[2023-08-12T03:30:08.595+0000] {processor.py:157} INFO - Started process (PID=133) to work on /home/airflow/.local/lib/python3.10/site-packages/airflow/example_dags/tutorial_taskflow_api_virtualenv.py
[2023-08-12T03:30:08.595+0000] {processor.py:826} INFO - Processing file /home/airflow/.local/lib/python3.10/site-packages/airflow/example_dags/tutorial_taskflow_api_virtualenv.py for tasks to queue
[2023-08-12T03:30:08.595+0000] {logging_mixin.py:149} INFO - [2023-08-12T03:30:08.595+0000] {dagbag.py:541} INFO - Filling up the DagBag from /home/airflow/.local/lib/python3.10/site-packages/airflow/example_dags/tutorial_taskflow_api_virtualenv.py
[2023-08-12T03:30:08.598+0000] {processor.py:836} INFO - DAG(s) dict_keys(['tutorial_taskflow_api_virtualenv']) retrieved from /home/airflow/.local/lib/python3.10/site-packages/airflow/example_dags/tutorial_taskflow_api_virtualenv.py
[2023-08-12T03:30:08.608+0000] {logging_mixin.py:149} INFO - [2023-08-12T03:30:08.608+0000] {dag.py:2726} INFO - Sync 1 DAGs
[2023-08-12T03:30:08.618+0000] {logging_mixin.py:149} INFO - [2023-08-12T03:30:08.617+0000] {dag.py:3486} INFO - Setting next_dagrun for tutorial_taskflow_api_virtualenv to None, run_after=None
[2023-08-12T03:30:08.624+0000] {processor.py:179} INFO - Processing /home/airflow/.local/lib/python3.10/site-packages/airflow/example_dags/tutorial_taskflow_api_virtualenv.py took 0.031 seconds
[2023-08-12T03:30:38.881+0000] {processor.py:157} INFO - Started process (PID=210) to work on /home/airflow/.local/lib/python3.10/site-packages/airflow/example_dags/tutorial_taskflow_api_virtualenv.py
[2023-08-12T03:30:38.882+0000] {processor.py:826} INFO - Processing file /home/airflow/.local/lib/python3.10/site-packages/airflow/example_dags/tutorial_taskflow_api_virtualenv.py for tasks to queue
[2023-08-12T03:30:38.882+0000] {logging_mixin.py:149} INFO - [2023-08-12T03:30:38.882+0000] {dagbag.py:541} INFO - Filling up the DagBag from /home/airflow/.local/lib/python3.10/site-packages/airflow/example_dags/tutorial_taskflow_api_virtualenv.py
[2023-08-12T03:30:38.884+0000] {processor.py:836} INFO - DAG(s) dict_keys(['tutorial_taskflow_api_virtualenv']) retrieved from /home/airflow/.local/lib/python3.10/site-packages/airflow/example_dags/tutorial_taskflow_api_virtualenv.py
[2023-08-12T03:30:38.894+0000] {logging_mixin.py:149} INFO - [2023-08-12T03:30:38.894+0000] {dag.py:2726} INFO - Sync 1 DAGs
[2023-08-12T03:30:38.903+0000] {logging_mixin.py:149} INFO - [2023-08-12T03:30:38.903+0000] {dag.py:3486} INFO - Setting next_dagrun for tutorial_taskflow_api_virtualenv to None, run_after=None
[2023-08-12T03:30:38.910+0000] {processor.py:179} INFO - Processing /home/airflow/.local/lib/python3.10/site-packages/airflow/example_dags/tutorial_taskflow_api_virtualenv.py took 0.030 seconds
[2023-08-12T03:31:09.299+0000] {processor.py:157} INFO - Started process (PID=286) to work on /home/airflow/.local/lib/python3.10/site-packages/airflow/example_dags/tutorial_taskflow_api_virtualenv.py
[2023-08-12T03:31:09.299+0000] {processor.py:826} INFO - Processing file /home/airflow/.local/lib/python3.10/site-packages/airflow/example_dags/tutorial_taskflow_api_virtualenv.py for tasks to queue
[2023-08-12T03:31:09.299+0000] {logging_mixin.py:149} INFO - [2023-08-12T03:31:09.299+0000] {dagbag.py:541} INFO - Filling up the DagBag from /home/airflow/.local/lib/python3.10/site-packages/airflow/example_dags/tutorial_taskflow_api_virtualenv.py
[2023-08-12T03:31:09.302+0000] {processor.py:836} INFO - DAG(s) dict_keys(['tutorial_taskflow_api_virtualenv']) retrieved from /home/airflow/.local/lib/python3.10/site-packages/airflow/example_dags/tutorial_taskflow_api_virtualenv.py
[2023-08-12T03:31:09.312+0000] {logging_mixin.py:149} INFO - [2023-08-12T03:31:09.312+0000] {dag.py:2726} INFO - Sync 1 DAGs
[2023-08-12T03:31:09.322+0000] {logging_mixin.py:149} INFO - [2023-08-12T03:31:09.322+0000] {dag.py:3486} INFO - Setting next_dagrun for tutorial_taskflow_api_virtualenv to None, run_after=None
[2023-08-12T03:31:09.329+0000] {processor.py:179} INFO - Processing /home/airflow/.local/lib/python3.10/site-packages/airflow/example_dags/tutorial_taskflow_api_virtualenv.py took 0.032 seconds
[2023-08-12T03:31:39.648+0000] {processor.py:157} INFO - Started process (PID=363) to work on /home/airflow/.local/lib/python3.10/site-packages/airflow/example_dags/tutorial_taskflow_api_virtualenv.py
[2023-08-12T03:31:39.649+0000] {processor.py:826} INFO - Processing file /home/airflow/.local/lib/python3.10/site-packages/airflow/example_dags/tutorial_taskflow_api_virtualenv.py for tasks to queue
[2023-08-12T03:31:39.649+0000] {logging_mixin.py:149} INFO - [2023-08-12T03:31:39.649+0000] {dagbag.py:541} INFO - Filling up the DagBag from /home/airflow/.local/lib/python3.10/site-packages/airflow/example_dags/tutorial_taskflow_api_virtualenv.py
[2023-08-12T03:31:39.652+0000] {processor.py:836} INFO - DAG(s) dict_keys(['tutorial_taskflow_api_virtualenv']) retrieved from /home/airflow/.local/lib/python3.10/site-packages/airflow/example_dags/tutorial_taskflow_api_virtualenv.py
[2023-08-12T03:31:39.662+0000] {logging_mixin.py:149} INFO - [2023-08-12T03:31:39.662+0000] {dag.py:2726} INFO - Sync 1 DAGs
[2023-08-12T03:31:39.672+0000] {logging_mixin.py:149} INFO - [2023-08-12T03:31:39.672+0000] {dag.py:3486} INFO - Setting next_dagrun for tutorial_taskflow_api_virtualenv to None, run_after=None
[2023-08-12T03:31:39.678+0000] {processor.py:179} INFO - Processing /home/airflow/.local/lib/python3.10/site-packages/airflow/example_dags/tutorial_taskflow_api_virtualenv.py took 0.031 seconds
[2023-08-12T03:32:09.963+0000] {processor.py:157} INFO - Started process (PID=440) to work on /home/airflow/.local/lib/python3.10/site-packages/airflow/example_dags/tutorial_taskflow_api_virtualenv.py
[2023-08-12T03:32:09.964+0000] {processor.py:826} INFO - Processing file /home/airflow/.local/lib/python3.10/site-packages/airflow/example_dags/tutorial_taskflow_api_virtualenv.py for tasks to queue
[2023-08-12T03:32:09.964+0000] {logging_mixin.py:149} INFO - [2023-08-12T03:32:09.964+0000] {dagbag.py:541} INFO - Filling up the DagBag from /home/airflow/.local/lib/python3.10/site-packages/airflow/example_dags/tutorial_taskflow_api_virtualenv.py
[2023-08-12T03:32:09.967+0000] {processor.py:836} INFO - DAG(s) dict_keys(['tutorial_taskflow_api_virtualenv']) retrieved from /home/airflow/.local/lib/python3.10/site-packages/airflow/example_dags/tutorial_taskflow_api_virtualenv.py
[2023-08-12T03:32:09.977+0000] {logging_mixin.py:149} INFO - [2023-08-12T03:32:09.977+0000] {dag.py:2726} INFO - Sync 1 DAGs
[2023-08-12T03:32:09.987+0000] {logging_mixin.py:149} INFO - [2023-08-12T03:32:09.987+0000] {dag.py:3486} INFO - Setting next_dagrun for tutorial_taskflow_api_virtualenv to None, run_after=None
[2023-08-12T03:32:09.994+0000] {processor.py:179} INFO - Processing /home/airflow/.local/lib/python3.10/site-packages/airflow/example_dags/tutorial_taskflow_api_virtualenv.py took 0.032 seconds
[2023-08-12T03:32:40.306+0000] {processor.py:157} INFO - Started process (PID=517) to work on /home/airflow/.local/lib/python3.10/site-packages/airflow/example_dags/tutorial_taskflow_api_virtualenv.py
[2023-08-12T03:32:40.306+0000] {processor.py:826} INFO - Processing file /home/airflow/.local/lib/python3.10/site-packages/airflow/example_dags/tutorial_taskflow_api_virtualenv.py for tasks to queue
[2023-08-12T03:32:40.307+0000] {logging_mixin.py:149} INFO - [2023-08-12T03:32:40.307+0000] {dagbag.py:541} INFO - Filling up the DagBag from /home/airflow/.local/lib/python3.10/site-packages/airflow/example_dags/tutorial_taskflow_api_virtualenv.py
[2023-08-12T03:32:40.309+0000] {processor.py:836} INFO - DAG(s) dict_keys(['tutorial_taskflow_api_virtualenv']) retrieved from /home/airflow/.local/lib/python3.10/site-packages/airflow/example_dags/tutorial_taskflow_api_virtualenv.py
[2023-08-12T03:32:40.319+0000] {logging_mixin.py:149} INFO - [2023-08-12T03:32:40.319+0000] {dag.py:2726} INFO - Sync 1 DAGs
[2023-08-12T03:32:40.328+0000] {logging_mixin.py:149} INFO - [2023-08-12T03:32:40.328+0000] {dag.py:3486} INFO - Setting next_dagrun for tutorial_taskflow_api_virtualenv to None, run_after=None
[2023-08-12T03:32:40.335+0000] {processor.py:179} INFO - Processing /home/airflow/.local/lib/python3.10/site-packages/airflow/example_dags/tutorial_taskflow_api_virtualenv.py took 0.030 seconds
[2023-08-12T03:33:10.702+0000] {processor.py:157} INFO - Started process (PID=594) to work on /home/airflow/.local/lib/python3.10/site-packages/airflow/example_dags/tutorial_taskflow_api_virtualenv.py
[2023-08-12T03:33:10.702+0000] {processor.py:826} INFO - Processing file /home/airflow/.local/lib/python3.10/site-packages/airflow/example_dags/tutorial_taskflow_api_virtualenv.py for tasks to queue
[2023-08-12T03:33:10.703+0000] {logging_mixin.py:149} INFO - [2023-08-12T03:33:10.703+0000] {dagbag.py:541} INFO - Filling up the DagBag from /home/airflow/.local/lib/python3.10/site-packages/airflow/example_dags/tutorial_taskflow_api_virtualenv.py
[2023-08-12T03:33:10.705+0000] {processor.py:836} INFO - DAG(s) dict_keys(['tutorial_taskflow_api_virtualenv']) retrieved from /home/airflow/.local/lib/python3.10/site-packages/airflow/example_dags/tutorial_taskflow_api_virtualenv.py
[2023-08-12T03:33:10.716+0000] {logging_mixin.py:149} INFO - [2023-08-12T03:33:10.716+0000] {dag.py:2726} INFO - Sync 1 DAGs
[2023-08-12T03:33:10.725+0000] {logging_mixin.py:149} INFO - [2023-08-12T03:33:10.725+0000] {dag.py:3486} INFO - Setting next_dagrun for tutorial_taskflow_api_virtualenv to None, run_after=None
[2023-08-12T03:33:10.732+0000] {processor.py:179} INFO - Processing /home/airflow/.local/lib/python3.10/site-packages/airflow/example_dags/tutorial_taskflow_api_virtualenv.py took 0.031 seconds
[2023-08-12T03:33:41.220+0000] {processor.py:157} INFO - Started process (PID=671) to work on /home/airflow/.local/lib/python3.10/site-packages/airflow/example_dags/tutorial_taskflow_api_virtualenv.py
[2023-08-12T03:33:41.221+0000] {processor.py:826} INFO - Processing file /home/airflow/.local/lib/python3.10/site-packages/airflow/example_dags/tutorial_taskflow_api_virtualenv.py for tasks to queue
[2023-08-12T03:33:41.221+0000] {logging_mixin.py:149} INFO - [2023-08-12T03:33:41.221+0000] {dagbag.py:541} INFO - Filling up the DagBag from /home/airflow/.local/lib/python3.10/site-packages/airflow/example_dags/tutorial_taskflow_api_virtualenv.py
[2023-08-12T03:33:41.224+0000] {processor.py:836} INFO - DAG(s) dict_keys(['tutorial_taskflow_api_virtualenv']) retrieved from /home/airflow/.local/lib/python3.10/site-packages/airflow/example_dags/tutorial_taskflow_api_virtualenv.py
[2023-08-12T03:33:41.233+0000] {logging_mixin.py:149} INFO - [2023-08-12T03:33:41.233+0000] {dag.py:2726} INFO - Sync 1 DAGs
[2023-08-12T03:33:41.243+0000] {logging_mixin.py:149} INFO - [2023-08-12T03:33:41.243+0000] {dag.py:3486} INFO - Setting next_dagrun for tutorial_taskflow_api_virtualenv to None, run_after=None
[2023-08-12T03:33:41.250+0000] {processor.py:179} INFO - Processing /home/airflow/.local/lib/python3.10/site-packages/airflow/example_dags/tutorial_taskflow_api_virtualenv.py took 0.031 seconds
[2023-08-12T03:34:11.517+0000] {processor.py:157} INFO - Started process (PID=747) to work on /home/airflow/.local/lib/python3.10/site-packages/airflow/example_dags/tutorial_taskflow_api_virtualenv.py
[2023-08-12T03:34:11.517+0000] {processor.py:826} INFO - Processing file /home/airflow/.local/lib/python3.10/site-packages/airflow/example_dags/tutorial_taskflow_api_virtualenv.py for tasks to queue
[2023-08-12T03:34:11.518+0000] {logging_mixin.py:149} INFO - [2023-08-12T03:34:11.518+0000] {dagbag.py:541} INFO - Filling up the DagBag from /home/airflow/.local/lib/python3.10/site-packages/airflow/example_dags/tutorial_taskflow_api_virtualenv.py
[2023-08-12T03:34:11.520+0000] {processor.py:836} INFO - DAG(s) dict_keys(['tutorial_taskflow_api_virtualenv']) retrieved from /home/airflow/.local/lib/python3.10/site-packages/airflow/example_dags/tutorial_taskflow_api_virtualenv.py
[2023-08-12T03:34:11.529+0000] {logging_mixin.py:149} INFO - [2023-08-12T03:34:11.529+0000] {dag.py:2726} INFO - Sync 1 DAGs
[2023-08-12T03:34:11.539+0000] {logging_mixin.py:149} INFO - [2023-08-12T03:34:11.539+0000] {dag.py:3486} INFO - Setting next_dagrun for tutorial_taskflow_api_virtualenv to None, run_after=None
[2023-08-12T03:34:11.545+0000] {processor.py:179} INFO - Processing /home/airflow/.local/lib/python3.10/site-packages/airflow/example_dags/tutorial_taskflow_api_virtualenv.py took 0.030 seconds
[2023-08-12T03:34:41.912+0000] {processor.py:157} INFO - Started process (PID=824) to work on /home/airflow/.local/lib/python3.10/site-packages/airflow/example_dags/tutorial_taskflow_api_virtualenv.py
[2023-08-12T03:34:41.913+0000] {processor.py:826} INFO - Processing file /home/airflow/.local/lib/python3.10/site-packages/airflow/example_dags/tutorial_taskflow_api_virtualenv.py for tasks to queue
[2023-08-12T03:34:41.913+0000] {logging_mixin.py:149} INFO - [2023-08-12T03:34:41.913+0000] {dagbag.py:541} INFO - Filling up the DagBag from /home/airflow/.local/lib/python3.10/site-packages/airflow/example_dags/tutorial_taskflow_api_virtualenv.py
[2023-08-12T03:34:41.916+0000] {processor.py:836} INFO - DAG(s) dict_keys(['tutorial_taskflow_api_virtualenv']) retrieved from /home/airflow/.local/lib/python3.10/site-packages/airflow/example_dags/tutorial_taskflow_api_virtualenv.py
[2023-08-12T03:34:41.925+0000] {logging_mixin.py:149} INFO - [2023-08-12T03:34:41.925+0000] {dag.py:2726} INFO - Sync 1 DAGs
[2023-08-12T03:34:41.934+0000] {logging_mixin.py:149} INFO - [2023-08-12T03:34:41.934+0000] {dag.py:3486} INFO - Setting next_dagrun for tutorial_taskflow_api_virtualenv to None, run_after=None
[2023-08-12T03:34:41.941+0000] {processor.py:179} INFO - Processing /home/airflow/.local/lib/python3.10/site-packages/airflow/example_dags/tutorial_taskflow_api_virtualenv.py took 0.030 seconds
[2023-08-12T03:35:12.272+0000] {processor.py:157} INFO - Started process (PID=901) to work on /home/airflow/.local/lib/python3.10/site-packages/airflow/example_dags/tutorial_taskflow_api_virtualenv.py
[2023-08-12T03:35:12.273+0000] {processor.py:826} INFO - Processing file /home/airflow/.local/lib/python3.10/site-packages/airflow/example_dags/tutorial_taskflow_api_virtualenv.py for tasks to queue
[2023-08-12T03:35:12.273+0000] {logging_mixin.py:149} INFO - [2023-08-12T03:35:12.273+0000] {dagbag.py:541} INFO - Filling up the DagBag from /home/airflow/.local/lib/python3.10/site-packages/airflow/example_dags/tutorial_taskflow_api_virtualenv.py
[2023-08-12T03:35:12.276+0000] {processor.py:836} INFO - DAG(s) dict_keys(['tutorial_taskflow_api_virtualenv']) retrieved from /home/airflow/.local/lib/python3.10/site-packages/airflow/example_dags/tutorial_taskflow_api_virtualenv.py
[2023-08-12T03:35:12.286+0000] {logging_mixin.py:149} INFO - [2023-08-12T03:35:12.285+0000] {dag.py:2726} INFO - Sync 1 DAGs
[2023-08-12T03:35:12.295+0000] {logging_mixin.py:149} INFO - [2023-08-12T03:35:12.295+0000] {dag.py:3486} INFO - Setting next_dagrun for tutorial_taskflow_api_virtualenv to None, run_after=None
[2023-08-12T03:35:12.302+0000] {processor.py:179} INFO - Processing /home/airflow/.local/lib/python3.10/site-packages/airflow/example_dags/tutorial_taskflow_api_virtualenv.py took 0.030 seconds
[2023-08-12T03:35:42.693+0000] {processor.py:157} INFO - Started process (PID=978) to work on /home/airflow/.local/lib/python3.10/site-packages/airflow/example_dags/tutorial_taskflow_api_virtualenv.py
[2023-08-12T03:35:42.693+0000] {processor.py:826} INFO - Processing file /home/airflow/.local/lib/python3.10/site-packages/airflow/example_dags/tutorial_taskflow_api_virtualenv.py for tasks to queue
[2023-08-12T03:35:42.694+0000] {logging_mixin.py:149} INFO - [2023-08-12T03:35:42.694+0000] {dagbag.py:541} INFO - Filling up the DagBag from /home/airflow/.local/lib/python3.10/site-packages/airflow/example_dags/tutorial_taskflow_api_virtualenv.py
[2023-08-12T03:35:42.696+0000] {processor.py:836} INFO - DAG(s) dict_keys(['tutorial_taskflow_api_virtualenv']) retrieved from /home/airflow/.local/lib/python3.10/site-packages/airflow/example_dags/tutorial_taskflow_api_virtualenv.py
[2023-08-12T03:35:42.706+0000] {logging_mixin.py:149} INFO - [2023-08-12T03:35:42.706+0000] {dag.py:2726} INFO - Sync 1 DAGs
[2023-08-12T03:35:42.716+0000] {logging_mixin.py:149} INFO - [2023-08-12T03:35:42.716+0000] {dag.py:3486} INFO - Setting next_dagrun for tutorial_taskflow_api_virtualenv to None, run_after=None
[2023-08-12T03:35:42.723+0000] {processor.py:179} INFO - Processing /home/airflow/.local/lib/python3.10/site-packages/airflow/example_dags/tutorial_taskflow_api_virtualenv.py took 0.031 seconds
[2023-08-12T03:40:13.296+0000] {processor.py:157} INFO - Started process (PID=56) to work on /home/airflow/.local/lib/python3.10/site-packages/airflow/example_dags/tutorial_taskflow_api_virtualenv.py
[2023-08-12T03:40:13.296+0000] {processor.py:826} INFO - Processing file /home/airflow/.local/lib/python3.10/site-packages/airflow/example_dags/tutorial_taskflow_api_virtualenv.py for tasks to queue
[2023-08-12T03:40:13.296+0000] {logging_mixin.py:149} INFO - [2023-08-12T03:40:13.296+0000] {dagbag.py:541} INFO - Filling up the DagBag from /home/airflow/.local/lib/python3.10/site-packages/airflow/example_dags/tutorial_taskflow_api_virtualenv.py
[2023-08-12T03:40:13.300+0000] {processor.py:836} INFO - DAG(s) dict_keys(['tutorial_taskflow_api_virtualenv']) retrieved from /home/airflow/.local/lib/python3.10/site-packages/airflow/example_dags/tutorial_taskflow_api_virtualenv.py
[2023-08-12T03:40:13.304+0000] {logging_mixin.py:149} INFO - [2023-08-12T03:40:13.304+0000] {dag.py:2726} INFO - Sync 1 DAGs
[2023-08-12T03:40:13.314+0000] {logging_mixin.py:149} INFO - [2023-08-12T03:40:13.314+0000] {dag.py:3486} INFO - Setting next_dagrun for tutorial_taskflow_api_virtualenv to None, run_after=None
[2023-08-12T03:40:13.321+0000] {processor.py:179} INFO - Processing /home/airflow/.local/lib/python3.10/site-packages/airflow/example_dags/tutorial_taskflow_api_virtualenv.py took 0.027 seconds
[2023-08-12T03:40:43.477+0000] {processor.py:157} INFO - Started process (PID=133) to work on /home/airflow/.local/lib/python3.10/site-packages/airflow/example_dags/tutorial_taskflow_api_virtualenv.py
[2023-08-12T03:40:43.478+0000] {processor.py:826} INFO - Processing file /home/airflow/.local/lib/python3.10/site-packages/airflow/example_dags/tutorial_taskflow_api_virtualenv.py for tasks to queue
[2023-08-12T03:40:43.478+0000] {logging_mixin.py:149} INFO - [2023-08-12T03:40:43.478+0000] {dagbag.py:541} INFO - Filling up the DagBag from /home/airflow/.local/lib/python3.10/site-packages/airflow/example_dags/tutorial_taskflow_api_virtualenv.py
[2023-08-12T03:40:43.480+0000] {processor.py:836} INFO - DAG(s) dict_keys(['tutorial_taskflow_api_virtualenv']) retrieved from /home/airflow/.local/lib/python3.10/site-packages/airflow/example_dags/tutorial_taskflow_api_virtualenv.py
[2023-08-12T03:40:43.491+0000] {logging_mixin.py:149} INFO - [2023-08-12T03:40:43.491+0000] {dag.py:2726} INFO - Sync 1 DAGs
[2023-08-12T03:40:43.501+0000] {logging_mixin.py:149} INFO - [2023-08-12T03:40:43.501+0000] {dag.py:3486} INFO - Setting next_dagrun for tutorial_taskflow_api_virtualenv to None, run_after=None
[2023-08-12T03:40:43.508+0000] {processor.py:179} INFO - Processing /home/airflow/.local/lib/python3.10/site-packages/airflow/example_dags/tutorial_taskflow_api_virtualenv.py took 0.032 seconds
[2023-08-12T03:41:14.006+0000] {processor.py:157} INFO - Started process (PID=210) to work on /home/airflow/.local/lib/python3.10/site-packages/airflow/example_dags/tutorial_taskflow_api_virtualenv.py
[2023-08-12T03:41:14.006+0000] {processor.py:826} INFO - Processing file /home/airflow/.local/lib/python3.10/site-packages/airflow/example_dags/tutorial_taskflow_api_virtualenv.py for tasks to queue
[2023-08-12T03:41:14.006+0000] {logging_mixin.py:149} INFO - [2023-08-12T03:41:14.006+0000] {dagbag.py:541} INFO - Filling up the DagBag from /home/airflow/.local/lib/python3.10/site-packages/airflow/example_dags/tutorial_taskflow_api_virtualenv.py
[2023-08-12T03:41:14.009+0000] {processor.py:836} INFO - DAG(s) dict_keys(['tutorial_taskflow_api_virtualenv']) retrieved from /home/airflow/.local/lib/python3.10/site-packages/airflow/example_dags/tutorial_taskflow_api_virtualenv.py
[2023-08-12T03:41:14.018+0000] {logging_mixin.py:149} INFO - [2023-08-12T03:41:14.018+0000] {dag.py:2726} INFO - Sync 1 DAGs
[2023-08-12T03:41:14.028+0000] {logging_mixin.py:149} INFO - [2023-08-12T03:41:14.028+0000] {dag.py:3486} INFO - Setting next_dagrun for tutorial_taskflow_api_virtualenv to None, run_after=None
[2023-08-12T03:41:14.035+0000] {processor.py:179} INFO - Processing /home/airflow/.local/lib/python3.10/site-packages/airflow/example_dags/tutorial_taskflow_api_virtualenv.py took 0.031 seconds
[2023-08-12T03:41:44.287+0000] {processor.py:157} INFO - Started process (PID=287) to work on /home/airflow/.local/lib/python3.10/site-packages/airflow/example_dags/tutorial_taskflow_api_virtualenv.py
[2023-08-12T03:41:44.288+0000] {processor.py:826} INFO - Processing file /home/airflow/.local/lib/python3.10/site-packages/airflow/example_dags/tutorial_taskflow_api_virtualenv.py for tasks to queue
[2023-08-12T03:41:44.288+0000] {logging_mixin.py:149} INFO - [2023-08-12T03:41:44.288+0000] {dagbag.py:541} INFO - Filling up the DagBag from /home/airflow/.local/lib/python3.10/site-packages/airflow/example_dags/tutorial_taskflow_api_virtualenv.py
[2023-08-12T03:41:44.291+0000] {processor.py:836} INFO - DAG(s) dict_keys(['tutorial_taskflow_api_virtualenv']) retrieved from /home/airflow/.local/lib/python3.10/site-packages/airflow/example_dags/tutorial_taskflow_api_virtualenv.py
[2023-08-12T03:41:44.301+0000] {logging_mixin.py:149} INFO - [2023-08-12T03:41:44.301+0000] {dag.py:2726} INFO - Sync 1 DAGs
[2023-08-12T03:41:44.311+0000] {logging_mixin.py:149} INFO - [2023-08-12T03:41:44.311+0000] {dag.py:3486} INFO - Setting next_dagrun for tutorial_taskflow_api_virtualenv to None, run_after=None
[2023-08-12T03:41:44.318+0000] {processor.py:179} INFO - Processing /home/airflow/.local/lib/python3.10/site-packages/airflow/example_dags/tutorial_taskflow_api_virtualenv.py took 0.032 seconds
[2023-08-12T03:42:14.616+0000] {processor.py:157} INFO - Started process (PID=365) to work on /home/airflow/.local/lib/python3.10/site-packages/airflow/example_dags/tutorial_taskflow_api_virtualenv.py
[2023-08-12T03:42:14.616+0000] {processor.py:826} INFO - Processing file /home/airflow/.local/lib/python3.10/site-packages/airflow/example_dags/tutorial_taskflow_api_virtualenv.py for tasks to queue
[2023-08-12T03:42:14.616+0000] {logging_mixin.py:149} INFO - [2023-08-12T03:42:14.616+0000] {dagbag.py:541} INFO - Filling up the DagBag from /home/airflow/.local/lib/python3.10/site-packages/airflow/example_dags/tutorial_taskflow_api_virtualenv.py
[2023-08-12T03:42:14.619+0000] {processor.py:836} INFO - DAG(s) dict_keys(['tutorial_taskflow_api_virtualenv']) retrieved from /home/airflow/.local/lib/python3.10/site-packages/airflow/example_dags/tutorial_taskflow_api_virtualenv.py
[2023-08-12T03:42:14.629+0000] {logging_mixin.py:149} INFO - [2023-08-12T03:42:14.629+0000] {dag.py:2726} INFO - Sync 1 DAGs
[2023-08-12T03:42:14.638+0000] {logging_mixin.py:149} INFO - [2023-08-12T03:42:14.638+0000] {dag.py:3486} INFO - Setting next_dagrun for tutorial_taskflow_api_virtualenv to None, run_after=None
[2023-08-12T03:42:14.645+0000] {processor.py:179} INFO - Processing /home/airflow/.local/lib/python3.10/site-packages/airflow/example_dags/tutorial_taskflow_api_virtualenv.py took 0.031 seconds
[2023-08-12T03:42:45.034+0000] {processor.py:157} INFO - Started process (PID=441) to work on /home/airflow/.local/lib/python3.10/site-packages/airflow/example_dags/tutorial_taskflow_api_virtualenv.py
[2023-08-12T03:42:45.034+0000] {processor.py:826} INFO - Processing file /home/airflow/.local/lib/python3.10/site-packages/airflow/example_dags/tutorial_taskflow_api_virtualenv.py for tasks to queue
[2023-08-12T03:42:45.034+0000] {logging_mixin.py:149} INFO - [2023-08-12T03:42:45.034+0000] {dagbag.py:541} INFO - Filling up the DagBag from /home/airflow/.local/lib/python3.10/site-packages/airflow/example_dags/tutorial_taskflow_api_virtualenv.py
[2023-08-12T03:42:45.037+0000] {processor.py:836} INFO - DAG(s) dict_keys(['tutorial_taskflow_api_virtualenv']) retrieved from /home/airflow/.local/lib/python3.10/site-packages/airflow/example_dags/tutorial_taskflow_api_virtualenv.py
[2023-08-12T03:42:45.046+0000] {logging_mixin.py:149} INFO - [2023-08-12T03:42:45.046+0000] {dag.py:2726} INFO - Sync 1 DAGs
[2023-08-12T03:42:45.056+0000] {logging_mixin.py:149} INFO - [2023-08-12T03:42:45.056+0000] {dag.py:3486} INFO - Setting next_dagrun for tutorial_taskflow_api_virtualenv to None, run_after=None
[2023-08-12T03:42:45.063+0000] {processor.py:179} INFO - Processing /home/airflow/.local/lib/python3.10/site-packages/airflow/example_dags/tutorial_taskflow_api_virtualenv.py took 0.030 seconds
[2023-08-12T03:43:15.373+0000] {processor.py:157} INFO - Started process (PID=518) to work on /home/airflow/.local/lib/python3.10/site-packages/airflow/example_dags/tutorial_taskflow_api_virtualenv.py
[2023-08-12T03:43:15.373+0000] {processor.py:826} INFO - Processing file /home/airflow/.local/lib/python3.10/site-packages/airflow/example_dags/tutorial_taskflow_api_virtualenv.py for tasks to queue
[2023-08-12T03:43:15.373+0000] {logging_mixin.py:149} INFO - [2023-08-12T03:43:15.373+0000] {dagbag.py:541} INFO - Filling up the DagBag from /home/airflow/.local/lib/python3.10/site-packages/airflow/example_dags/tutorial_taskflow_api_virtualenv.py
[2023-08-12T03:43:15.376+0000] {processor.py:836} INFO - DAG(s) dict_keys(['tutorial_taskflow_api_virtualenv']) retrieved from /home/airflow/.local/lib/python3.10/site-packages/airflow/example_dags/tutorial_taskflow_api_virtualenv.py
[2023-08-12T03:43:15.386+0000] {logging_mixin.py:149} INFO - [2023-08-12T03:43:15.386+0000] {dag.py:2726} INFO - Sync 1 DAGs
[2023-08-12T03:43:15.395+0000] {logging_mixin.py:149} INFO - [2023-08-12T03:43:15.395+0000] {dag.py:3486} INFO - Setting next_dagrun for tutorial_taskflow_api_virtualenv to None, run_after=None
[2023-08-12T03:43:15.402+0000] {processor.py:179} INFO - Processing /home/airflow/.local/lib/python3.10/site-packages/airflow/example_dags/tutorial_taskflow_api_virtualenv.py took 0.030 seconds
[2023-08-12T03:43:45.807+0000] {processor.py:157} INFO - Started process (PID=595) to work on /home/airflow/.local/lib/python3.10/site-packages/airflow/example_dags/tutorial_taskflow_api_virtualenv.py
[2023-08-12T03:43:45.807+0000] {processor.py:826} INFO - Processing file /home/airflow/.local/lib/python3.10/site-packages/airflow/example_dags/tutorial_taskflow_api_virtualenv.py for tasks to queue
[2023-08-12T03:43:45.808+0000] {logging_mixin.py:149} INFO - [2023-08-12T03:43:45.808+0000] {dagbag.py:541} INFO - Filling up the DagBag from /home/airflow/.local/lib/python3.10/site-packages/airflow/example_dags/tutorial_taskflow_api_virtualenv.py
[2023-08-12T03:43:45.810+0000] {processor.py:836} INFO - DAG(s) dict_keys(['tutorial_taskflow_api_virtualenv']) retrieved from /home/airflow/.local/lib/python3.10/site-packages/airflow/example_dags/tutorial_taskflow_api_virtualenv.py
[2023-08-12T03:43:45.820+0000] {logging_mixin.py:149} INFO - [2023-08-12T03:43:45.820+0000] {dag.py:2726} INFO - Sync 1 DAGs
[2023-08-12T03:43:45.829+0000] {logging_mixin.py:149} INFO - [2023-08-12T03:43:45.829+0000] {dag.py:3486} INFO - Setting next_dagrun for tutorial_taskflow_api_virtualenv to None, run_after=None
[2023-08-12T03:43:45.836+0000] {processor.py:179} INFO - Processing /home/airflow/.local/lib/python3.10/site-packages/airflow/example_dags/tutorial_taskflow_api_virtualenv.py took 0.030 seconds
[2023-08-12T03:44:16.183+0000] {processor.py:157} INFO - Started process (PID=672) to work on /home/airflow/.local/lib/python3.10/site-packages/airflow/example_dags/tutorial_taskflow_api_virtualenv.py
[2023-08-12T03:44:16.184+0000] {processor.py:826} INFO - Processing file /home/airflow/.local/lib/python3.10/site-packages/airflow/example_dags/tutorial_taskflow_api_virtualenv.py for tasks to queue
[2023-08-12T03:44:16.184+0000] {logging_mixin.py:149} INFO - [2023-08-12T03:44:16.184+0000] {dagbag.py:541} INFO - Filling up the DagBag from /home/airflow/.local/lib/python3.10/site-packages/airflow/example_dags/tutorial_taskflow_api_virtualenv.py
[2023-08-12T03:44:16.187+0000] {processor.py:836} INFO - DAG(s) dict_keys(['tutorial_taskflow_api_virtualenv']) retrieved from /home/airflow/.local/lib/python3.10/site-packages/airflow/example_dags/tutorial_taskflow_api_virtualenv.py
[2023-08-12T03:44:16.196+0000] {logging_mixin.py:149} INFO - [2023-08-12T03:44:16.196+0000] {dag.py:2726} INFO - Sync 1 DAGs
[2023-08-12T03:44:16.205+0000] {logging_mixin.py:149} INFO - [2023-08-12T03:44:16.205+0000] {dag.py:3486} INFO - Setting next_dagrun for tutorial_taskflow_api_virtualenv to None, run_after=None
[2023-08-12T03:44:16.213+0000] {processor.py:179} INFO - Processing /home/airflow/.local/lib/python3.10/site-packages/airflow/example_dags/tutorial_taskflow_api_virtualenv.py took 0.031 seconds
[2023-08-12T03:44:46.615+0000] {processor.py:157} INFO - Started process (PID=749) to work on /home/airflow/.local/lib/python3.10/site-packages/airflow/example_dags/tutorial_taskflow_api_virtualenv.py
[2023-08-12T03:44:46.615+0000] {processor.py:826} INFO - Processing file /home/airflow/.local/lib/python3.10/site-packages/airflow/example_dags/tutorial_taskflow_api_virtualenv.py for tasks to queue
[2023-08-12T03:44:46.615+0000] {logging_mixin.py:149} INFO - [2023-08-12T03:44:46.615+0000] {dagbag.py:541} INFO - Filling up the DagBag from /home/airflow/.local/lib/python3.10/site-packages/airflow/example_dags/tutorial_taskflow_api_virtualenv.py
[2023-08-12T03:44:46.618+0000] {processor.py:836} INFO - DAG(s) dict_keys(['tutorial_taskflow_api_virtualenv']) retrieved from /home/airflow/.local/lib/python3.10/site-packages/airflow/example_dags/tutorial_taskflow_api_virtualenv.py
[2023-08-12T03:44:46.627+0000] {logging_mixin.py:149} INFO - [2023-08-12T03:44:46.627+0000] {dag.py:2726} INFO - Sync 1 DAGs
[2023-08-12T03:44:46.636+0000] {logging_mixin.py:149} INFO - [2023-08-12T03:44:46.636+0000] {dag.py:3486} INFO - Setting next_dagrun for tutorial_taskflow_api_virtualenv to None, run_after=None
[2023-08-12T03:44:46.643+0000] {processor.py:179} INFO - Processing /home/airflow/.local/lib/python3.10/site-packages/airflow/example_dags/tutorial_taskflow_api_virtualenv.py took 0.029 seconds
[2023-08-12T03:45:17.078+0000] {processor.py:157} INFO - Started process (PID=826) to work on /home/airflow/.local/lib/python3.10/site-packages/airflow/example_dags/tutorial_taskflow_api_virtualenv.py
[2023-08-12T03:45:17.079+0000] {processor.py:826} INFO - Processing file /home/airflow/.local/lib/python3.10/site-packages/airflow/example_dags/tutorial_taskflow_api_virtualenv.py for tasks to queue
[2023-08-12T03:45:17.079+0000] {logging_mixin.py:149} INFO - [2023-08-12T03:45:17.079+0000] {dagbag.py:541} INFO - Filling up the DagBag from /home/airflow/.local/lib/python3.10/site-packages/airflow/example_dags/tutorial_taskflow_api_virtualenv.py
[2023-08-12T03:45:17.082+0000] {processor.py:836} INFO - DAG(s) dict_keys(['tutorial_taskflow_api_virtualenv']) retrieved from /home/airflow/.local/lib/python3.10/site-packages/airflow/example_dags/tutorial_taskflow_api_virtualenv.py
[2023-08-12T03:45:17.091+0000] {logging_mixin.py:149} INFO - [2023-08-12T03:45:17.091+0000] {dag.py:2726} INFO - Sync 1 DAGs
[2023-08-12T03:45:17.101+0000] {logging_mixin.py:149} INFO - [2023-08-12T03:45:17.101+0000] {dag.py:3486} INFO - Setting next_dagrun for tutorial_taskflow_api_virtualenv to None, run_after=None
[2023-08-12T03:45:17.108+0000] {processor.py:179} INFO - Processing /home/airflow/.local/lib/python3.10/site-packages/airflow/example_dags/tutorial_taskflow_api_virtualenv.py took 0.031 seconds
[2023-08-12T03:45:47.547+0000] {processor.py:157} INFO - Started process (PID=903) to work on /home/airflow/.local/lib/python3.10/site-packages/airflow/example_dags/tutorial_taskflow_api_virtualenv.py
[2023-08-12T03:45:47.548+0000] {processor.py:826} INFO - Processing file /home/airflow/.local/lib/python3.10/site-packages/airflow/example_dags/tutorial_taskflow_api_virtualenv.py for tasks to queue
[2023-08-12T03:45:47.548+0000] {logging_mixin.py:149} INFO - [2023-08-12T03:45:47.548+0000] {dagbag.py:541} INFO - Filling up the DagBag from /home/airflow/.local/lib/python3.10/site-packages/airflow/example_dags/tutorial_taskflow_api_virtualenv.py
[2023-08-12T03:45:47.551+0000] {processor.py:836} INFO - DAG(s) dict_keys(['tutorial_taskflow_api_virtualenv']) retrieved from /home/airflow/.local/lib/python3.10/site-packages/airflow/example_dags/tutorial_taskflow_api_virtualenv.py
[2023-08-12T03:45:47.559+0000] {logging_mixin.py:149} INFO - [2023-08-12T03:45:47.559+0000] {dag.py:2726} INFO - Sync 1 DAGs
[2023-08-12T03:45:47.568+0000] {logging_mixin.py:149} INFO - [2023-08-12T03:45:47.568+0000] {dag.py:3486} INFO - Setting next_dagrun for tutorial_taskflow_api_virtualenv to None, run_after=None
[2023-08-12T03:45:47.576+0000] {processor.py:179} INFO - Processing /home/airflow/.local/lib/python3.10/site-packages/airflow/example_dags/tutorial_taskflow_api_virtualenv.py took 0.030 seconds
[2023-08-12T03:46:17.994+0000] {processor.py:157} INFO - Started process (PID=980) to work on /home/airflow/.local/lib/python3.10/site-packages/airflow/example_dags/tutorial_taskflow_api_virtualenv.py
[2023-08-12T03:46:17.995+0000] {processor.py:826} INFO - Processing file /home/airflow/.local/lib/python3.10/site-packages/airflow/example_dags/tutorial_taskflow_api_virtualenv.py for tasks to queue
[2023-08-12T03:46:17.995+0000] {logging_mixin.py:149} INFO - [2023-08-12T03:46:17.995+0000] {dagbag.py:541} INFO - Filling up the DagBag from /home/airflow/.local/lib/python3.10/site-packages/airflow/example_dags/tutorial_taskflow_api_virtualenv.py
[2023-08-12T03:46:17.998+0000] {processor.py:836} INFO - DAG(s) dict_keys(['tutorial_taskflow_api_virtualenv']) retrieved from /home/airflow/.local/lib/python3.10/site-packages/airflow/example_dags/tutorial_taskflow_api_virtualenv.py
[2023-08-12T03:46:18.009+0000] {logging_mixin.py:149} INFO - [2023-08-12T03:46:18.009+0000] {dag.py:2726} INFO - Sync 1 DAGs
[2023-08-12T03:46:18.019+0000] {logging_mixin.py:149} INFO - [2023-08-12T03:46:18.019+0000] {dag.py:3486} INFO - Setting next_dagrun for tutorial_taskflow_api_virtualenv to None, run_after=None
[2023-08-12T03:46:18.026+0000] {processor.py:179} INFO - Processing /home/airflow/.local/lib/python3.10/site-packages/airflow/example_dags/tutorial_taskflow_api_virtualenv.py took 0.033 seconds
[2023-08-12T03:46:48.452+0000] {processor.py:157} INFO - Started process (PID=1057) to work on /home/airflow/.local/lib/python3.10/site-packages/airflow/example_dags/tutorial_taskflow_api_virtualenv.py
[2023-08-12T03:46:48.452+0000] {processor.py:826} INFO - Processing file /home/airflow/.local/lib/python3.10/site-packages/airflow/example_dags/tutorial_taskflow_api_virtualenv.py for tasks to queue
[2023-08-12T03:46:48.452+0000] {logging_mixin.py:149} INFO - [2023-08-12T03:46:48.452+0000] {dagbag.py:541} INFO - Filling up the DagBag from /home/airflow/.local/lib/python3.10/site-packages/airflow/example_dags/tutorial_taskflow_api_virtualenv.py
[2023-08-12T03:46:48.455+0000] {processor.py:836} INFO - DAG(s) dict_keys(['tutorial_taskflow_api_virtualenv']) retrieved from /home/airflow/.local/lib/python3.10/site-packages/airflow/example_dags/tutorial_taskflow_api_virtualenv.py
[2023-08-12T03:46:48.464+0000] {logging_mixin.py:149} INFO - [2023-08-12T03:46:48.464+0000] {dag.py:2726} INFO - Sync 1 DAGs
[2023-08-12T03:46:48.474+0000] {logging_mixin.py:149} INFO - [2023-08-12T03:46:48.474+0000] {dag.py:3486} INFO - Setting next_dagrun for tutorial_taskflow_api_virtualenv to None, run_after=None
[2023-08-12T03:46:48.482+0000] {processor.py:179} INFO - Processing /home/airflow/.local/lib/python3.10/site-packages/airflow/example_dags/tutorial_taskflow_api_virtualenv.py took 0.032 seconds
[2023-08-12T03:47:18.788+0000] {processor.py:157} INFO - Started process (PID=1133) to work on /home/airflow/.local/lib/python3.10/site-packages/airflow/example_dags/tutorial_taskflow_api_virtualenv.py
[2023-08-12T03:47:18.788+0000] {processor.py:826} INFO - Processing file /home/airflow/.local/lib/python3.10/site-packages/airflow/example_dags/tutorial_taskflow_api_virtualenv.py for tasks to queue
[2023-08-12T03:47:18.789+0000] {logging_mixin.py:149} INFO - [2023-08-12T03:47:18.789+0000] {dagbag.py:541} INFO - Filling up the DagBag from /home/airflow/.local/lib/python3.10/site-packages/airflow/example_dags/tutorial_taskflow_api_virtualenv.py
[2023-08-12T03:47:18.791+0000] {processor.py:836} INFO - DAG(s) dict_keys(['tutorial_taskflow_api_virtualenv']) retrieved from /home/airflow/.local/lib/python3.10/site-packages/airflow/example_dags/tutorial_taskflow_api_virtualenv.py
[2023-08-12T03:47:18.801+0000] {logging_mixin.py:149} INFO - [2023-08-12T03:47:18.801+0000] {dag.py:2726} INFO - Sync 1 DAGs
[2023-08-12T03:47:18.810+0000] {logging_mixin.py:149} INFO - [2023-08-12T03:47:18.810+0000] {dag.py:3486} INFO - Setting next_dagrun for tutorial_taskflow_api_virtualenv to None, run_after=None
[2023-08-12T03:47:18.817+0000] {processor.py:179} INFO - Processing /home/airflow/.local/lib/python3.10/site-packages/airflow/example_dags/tutorial_taskflow_api_virtualenv.py took 0.030 seconds
[2023-08-12T03:47:49.244+0000] {processor.py:157} INFO - Started process (PID=1210) to work on /home/airflow/.local/lib/python3.10/site-packages/airflow/example_dags/tutorial_taskflow_api_virtualenv.py
[2023-08-12T03:47:49.244+0000] {processor.py:826} INFO - Processing file /home/airflow/.local/lib/python3.10/site-packages/airflow/example_dags/tutorial_taskflow_api_virtualenv.py for tasks to queue
[2023-08-12T03:47:49.244+0000] {logging_mixin.py:149} INFO - [2023-08-12T03:47:49.244+0000] {dagbag.py:541} INFO - Filling up the DagBag from /home/airflow/.local/lib/python3.10/site-packages/airflow/example_dags/tutorial_taskflow_api_virtualenv.py
[2023-08-12T03:47:49.247+0000] {processor.py:836} INFO - DAG(s) dict_keys(['tutorial_taskflow_api_virtualenv']) retrieved from /home/airflow/.local/lib/python3.10/site-packages/airflow/example_dags/tutorial_taskflow_api_virtualenv.py
[2023-08-12T03:47:49.257+0000] {logging_mixin.py:149} INFO - [2023-08-12T03:47:49.257+0000] {dag.py:2726} INFO - Sync 1 DAGs
[2023-08-12T03:47:49.267+0000] {logging_mixin.py:149} INFO - [2023-08-12T03:47:49.266+0000] {dag.py:3486} INFO - Setting next_dagrun for tutorial_taskflow_api_virtualenv to None, run_after=None
[2023-08-12T03:47:49.273+0000] {processor.py:179} INFO - Processing /home/airflow/.local/lib/python3.10/site-packages/airflow/example_dags/tutorial_taskflow_api_virtualenv.py took 0.031 seconds
[2023-08-12T03:48:19.523+0000] {processor.py:157} INFO - Started process (PID=1287) to work on /home/airflow/.local/lib/python3.10/site-packages/airflow/example_dags/tutorial_taskflow_api_virtualenv.py
[2023-08-12T03:48:19.523+0000] {processor.py:826} INFO - Processing file /home/airflow/.local/lib/python3.10/site-packages/airflow/example_dags/tutorial_taskflow_api_virtualenv.py for tasks to queue
[2023-08-12T03:48:19.523+0000] {logging_mixin.py:149} INFO - [2023-08-12T03:48:19.523+0000] {dagbag.py:541} INFO - Filling up the DagBag from /home/airflow/.local/lib/python3.10/site-packages/airflow/example_dags/tutorial_taskflow_api_virtualenv.py
[2023-08-12T03:48:19.526+0000] {processor.py:836} INFO - DAG(s) dict_keys(['tutorial_taskflow_api_virtualenv']) retrieved from /home/airflow/.local/lib/python3.10/site-packages/airflow/example_dags/tutorial_taskflow_api_virtualenv.py
[2023-08-12T03:48:19.536+0000] {logging_mixin.py:149} INFO - [2023-08-12T03:48:19.536+0000] {dag.py:2726} INFO - Sync 1 DAGs
[2023-08-12T03:48:19.545+0000] {logging_mixin.py:149} INFO - [2023-08-12T03:48:19.545+0000] {dag.py:3486} INFO - Setting next_dagrun for tutorial_taskflow_api_virtualenv to None, run_after=None
[2023-08-12T03:48:19.552+0000] {processor.py:179} INFO - Processing /home/airflow/.local/lib/python3.10/site-packages/airflow/example_dags/tutorial_taskflow_api_virtualenv.py took 0.031 seconds
[2023-08-12T03:48:49.944+0000] {processor.py:157} INFO - Started process (PID=1364) to work on /home/airflow/.local/lib/python3.10/site-packages/airflow/example_dags/tutorial_taskflow_api_virtualenv.py
[2023-08-12T03:48:49.944+0000] {processor.py:826} INFO - Processing file /home/airflow/.local/lib/python3.10/site-packages/airflow/example_dags/tutorial_taskflow_api_virtualenv.py for tasks to queue
[2023-08-12T03:48:49.944+0000] {logging_mixin.py:149} INFO - [2023-08-12T03:48:49.944+0000] {dagbag.py:541} INFO - Filling up the DagBag from /home/airflow/.local/lib/python3.10/site-packages/airflow/example_dags/tutorial_taskflow_api_virtualenv.py
[2023-08-12T03:48:49.947+0000] {processor.py:836} INFO - DAG(s) dict_keys(['tutorial_taskflow_api_virtualenv']) retrieved from /home/airflow/.local/lib/python3.10/site-packages/airflow/example_dags/tutorial_taskflow_api_virtualenv.py
[2023-08-12T03:48:49.956+0000] {logging_mixin.py:149} INFO - [2023-08-12T03:48:49.956+0000] {dag.py:2726} INFO - Sync 1 DAGs
[2023-08-12T03:48:49.965+0000] {logging_mixin.py:149} INFO - [2023-08-12T03:48:49.965+0000] {dag.py:3486} INFO - Setting next_dagrun for tutorial_taskflow_api_virtualenv to None, run_after=None
[2023-08-12T03:48:49.972+0000] {processor.py:179} INFO - Processing /home/airflow/.local/lib/python3.10/site-packages/airflow/example_dags/tutorial_taskflow_api_virtualenv.py took 0.030 seconds
[2023-08-12T03:49:20.297+0000] {processor.py:157} INFO - Started process (PID=1441) to work on /home/airflow/.local/lib/python3.10/site-packages/airflow/example_dags/tutorial_taskflow_api_virtualenv.py
[2023-08-12T03:49:20.298+0000] {processor.py:826} INFO - Processing file /home/airflow/.local/lib/python3.10/site-packages/airflow/example_dags/tutorial_taskflow_api_virtualenv.py for tasks to queue
[2023-08-12T03:49:20.298+0000] {logging_mixin.py:149} INFO - [2023-08-12T03:49:20.298+0000] {dagbag.py:541} INFO - Filling up the DagBag from /home/airflow/.local/lib/python3.10/site-packages/airflow/example_dags/tutorial_taskflow_api_virtualenv.py
[2023-08-12T03:49:20.301+0000] {processor.py:836} INFO - DAG(s) dict_keys(['tutorial_taskflow_api_virtualenv']) retrieved from /home/airflow/.local/lib/python3.10/site-packages/airflow/example_dags/tutorial_taskflow_api_virtualenv.py
[2023-08-12T03:49:20.311+0000] {logging_mixin.py:149} INFO - [2023-08-12T03:49:20.311+0000] {dag.py:2726} INFO - Sync 1 DAGs
[2023-08-12T03:49:20.321+0000] {logging_mixin.py:149} INFO - [2023-08-12T03:49:20.321+0000] {dag.py:3486} INFO - Setting next_dagrun for tutorial_taskflow_api_virtualenv to None, run_after=None
[2023-08-12T03:49:20.329+0000] {processor.py:179} INFO - Processing /home/airflow/.local/lib/python3.10/site-packages/airflow/example_dags/tutorial_taskflow_api_virtualenv.py took 0.033 seconds
[2023-08-12T03:49:50.631+0000] {processor.py:157} INFO - Started process (PID=1518) to work on /home/airflow/.local/lib/python3.10/site-packages/airflow/example_dags/tutorial_taskflow_api_virtualenv.py
[2023-08-12T03:49:50.631+0000] {processor.py:826} INFO - Processing file /home/airflow/.local/lib/python3.10/site-packages/airflow/example_dags/tutorial_taskflow_api_virtualenv.py for tasks to queue
[2023-08-12T03:49:50.632+0000] {logging_mixin.py:149} INFO - [2023-08-12T03:49:50.632+0000] {dagbag.py:541} INFO - Filling up the DagBag from /home/airflow/.local/lib/python3.10/site-packages/airflow/example_dags/tutorial_taskflow_api_virtualenv.py
[2023-08-12T03:49:50.634+0000] {processor.py:836} INFO - DAG(s) dict_keys(['tutorial_taskflow_api_virtualenv']) retrieved from /home/airflow/.local/lib/python3.10/site-packages/airflow/example_dags/tutorial_taskflow_api_virtualenv.py
[2023-08-12T03:49:50.644+0000] {logging_mixin.py:149} INFO - [2023-08-12T03:49:50.643+0000] {dag.py:2726} INFO - Sync 1 DAGs
[2023-08-12T03:49:50.653+0000] {logging_mixin.py:149} INFO - [2023-08-12T03:49:50.653+0000] {dag.py:3486} INFO - Setting next_dagrun for tutorial_taskflow_api_virtualenv to None, run_after=None
[2023-08-12T03:49:50.660+0000] {processor.py:179} INFO - Processing /home/airflow/.local/lib/python3.10/site-packages/airflow/example_dags/tutorial_taskflow_api_virtualenv.py took 0.030 seconds
[2023-08-12T03:50:20.955+0000] {processor.py:157} INFO - Started process (PID=1595) to work on /home/airflow/.local/lib/python3.10/site-packages/airflow/example_dags/tutorial_taskflow_api_virtualenv.py
[2023-08-12T03:50:20.955+0000] {processor.py:826} INFO - Processing file /home/airflow/.local/lib/python3.10/site-packages/airflow/example_dags/tutorial_taskflow_api_virtualenv.py for tasks to queue
[2023-08-12T03:50:20.955+0000] {logging_mixin.py:149} INFO - [2023-08-12T03:50:20.955+0000] {dagbag.py:541} INFO - Filling up the DagBag from /home/airflow/.local/lib/python3.10/site-packages/airflow/example_dags/tutorial_taskflow_api_virtualenv.py
[2023-08-12T03:50:20.958+0000] {processor.py:836} INFO - DAG(s) dict_keys(['tutorial_taskflow_api_virtualenv']) retrieved from /home/airflow/.local/lib/python3.10/site-packages/airflow/example_dags/tutorial_taskflow_api_virtualenv.py
[2023-08-12T03:50:20.967+0000] {logging_mixin.py:149} INFO - [2023-08-12T03:50:20.967+0000] {dag.py:2726} INFO - Sync 1 DAGs
[2023-08-12T03:50:20.977+0000] {logging_mixin.py:149} INFO - [2023-08-12T03:50:20.977+0000] {dag.py:3486} INFO - Setting next_dagrun for tutorial_taskflow_api_virtualenv to None, run_after=None
[2023-08-12T03:50:20.984+0000] {processor.py:179} INFO - Processing /home/airflow/.local/lib/python3.10/site-packages/airflow/example_dags/tutorial_taskflow_api_virtualenv.py took 0.030 seconds
[2023-08-12T03:50:51.375+0000] {processor.py:157} INFO - Started process (PID=1672) to work on /home/airflow/.local/lib/python3.10/site-packages/airflow/example_dags/tutorial_taskflow_api_virtualenv.py
[2023-08-12T03:50:51.375+0000] {processor.py:826} INFO - Processing file /home/airflow/.local/lib/python3.10/site-packages/airflow/example_dags/tutorial_taskflow_api_virtualenv.py for tasks to queue
[2023-08-12T03:50:51.376+0000] {logging_mixin.py:149} INFO - [2023-08-12T03:50:51.376+0000] {dagbag.py:541} INFO - Filling up the DagBag from /home/airflow/.local/lib/python3.10/site-packages/airflow/example_dags/tutorial_taskflow_api_virtualenv.py
[2023-08-12T03:50:51.378+0000] {processor.py:836} INFO - DAG(s) dict_keys(['tutorial_taskflow_api_virtualenv']) retrieved from /home/airflow/.local/lib/python3.10/site-packages/airflow/example_dags/tutorial_taskflow_api_virtualenv.py
[2023-08-12T03:50:51.388+0000] {logging_mixin.py:149} INFO - [2023-08-12T03:50:51.387+0000] {dag.py:2726} INFO - Sync 1 DAGs
[2023-08-12T03:50:51.397+0000] {logging_mixin.py:149} INFO - [2023-08-12T03:50:51.397+0000] {dag.py:3486} INFO - Setting next_dagrun for tutorial_taskflow_api_virtualenv to None, run_after=None
[2023-08-12T03:50:51.404+0000] {processor.py:179} INFO - Processing /home/airflow/.local/lib/python3.10/site-packages/airflow/example_dags/tutorial_taskflow_api_virtualenv.py took 0.030 seconds
[2023-08-12T03:51:21.851+0000] {processor.py:157} INFO - Started process (PID=1749) to work on /home/airflow/.local/lib/python3.10/site-packages/airflow/example_dags/tutorial_taskflow_api_virtualenv.py
[2023-08-12T03:51:21.852+0000] {processor.py:826} INFO - Processing file /home/airflow/.local/lib/python3.10/site-packages/airflow/example_dags/tutorial_taskflow_api_virtualenv.py for tasks to queue
[2023-08-12T03:51:21.852+0000] {logging_mixin.py:149} INFO - [2023-08-12T03:51:21.852+0000] {dagbag.py:541} INFO - Filling up the DagBag from /home/airflow/.local/lib/python3.10/site-packages/airflow/example_dags/tutorial_taskflow_api_virtualenv.py
[2023-08-12T03:51:21.854+0000] {processor.py:836} INFO - DAG(s) dict_keys(['tutorial_taskflow_api_virtualenv']) retrieved from /home/airflow/.local/lib/python3.10/site-packages/airflow/example_dags/tutorial_taskflow_api_virtualenv.py
[2023-08-12T03:51:21.864+0000] {logging_mixin.py:149} INFO - [2023-08-12T03:51:21.864+0000] {dag.py:2726} INFO - Sync 1 DAGs
[2023-08-12T03:51:21.873+0000] {logging_mixin.py:149} INFO - [2023-08-12T03:51:21.873+0000] {dag.py:3486} INFO - Setting next_dagrun for tutorial_taskflow_api_virtualenv to None, run_after=None
[2023-08-12T03:51:21.880+0000] {processor.py:179} INFO - Processing /home/airflow/.local/lib/python3.10/site-packages/airflow/example_dags/tutorial_taskflow_api_virtualenv.py took 0.030 seconds
[2023-08-12T03:51:52.309+0000] {processor.py:157} INFO - Started process (PID=1826) to work on /home/airflow/.local/lib/python3.10/site-packages/airflow/example_dags/tutorial_taskflow_api_virtualenv.py
[2023-08-12T03:51:52.309+0000] {processor.py:826} INFO - Processing file /home/airflow/.local/lib/python3.10/site-packages/airflow/example_dags/tutorial_taskflow_api_virtualenv.py for tasks to queue
[2023-08-12T03:51:52.309+0000] {logging_mixin.py:149} INFO - [2023-08-12T03:51:52.309+0000] {dagbag.py:541} INFO - Filling up the DagBag from /home/airflow/.local/lib/python3.10/site-packages/airflow/example_dags/tutorial_taskflow_api_virtualenv.py
[2023-08-12T03:51:52.312+0000] {processor.py:836} INFO - DAG(s) dict_keys(['tutorial_taskflow_api_virtualenv']) retrieved from /home/airflow/.local/lib/python3.10/site-packages/airflow/example_dags/tutorial_taskflow_api_virtualenv.py
[2023-08-12T03:51:52.322+0000] {logging_mixin.py:149} INFO - [2023-08-12T03:51:52.322+0000] {dag.py:2726} INFO - Sync 1 DAGs
[2023-08-12T03:51:52.332+0000] {logging_mixin.py:149} INFO - [2023-08-12T03:51:52.332+0000] {dag.py:3486} INFO - Setting next_dagrun for tutorial_taskflow_api_virtualenv to None, run_after=None
[2023-08-12T03:51:52.339+0000] {processor.py:179} INFO - Processing /home/airflow/.local/lib/python3.10/site-packages/airflow/example_dags/tutorial_taskflow_api_virtualenv.py took 0.031 seconds
[2023-08-12T03:52:22.771+0000] {processor.py:157} INFO - Started process (PID=1903) to work on /home/airflow/.local/lib/python3.10/site-packages/airflow/example_dags/tutorial_taskflow_api_virtualenv.py
[2023-08-12T03:52:22.772+0000] {processor.py:826} INFO - Processing file /home/airflow/.local/lib/python3.10/site-packages/airflow/example_dags/tutorial_taskflow_api_virtualenv.py for tasks to queue
[2023-08-12T03:52:22.772+0000] {logging_mixin.py:149} INFO - [2023-08-12T03:52:22.772+0000] {dagbag.py:541} INFO - Filling up the DagBag from /home/airflow/.local/lib/python3.10/site-packages/airflow/example_dags/tutorial_taskflow_api_virtualenv.py
[2023-08-12T03:52:22.774+0000] {processor.py:836} INFO - DAG(s) dict_keys(['tutorial_taskflow_api_virtualenv']) retrieved from /home/airflow/.local/lib/python3.10/site-packages/airflow/example_dags/tutorial_taskflow_api_virtualenv.py
[2023-08-12T03:52:22.785+0000] {logging_mixin.py:149} INFO - [2023-08-12T03:52:22.785+0000] {dag.py:2726} INFO - Sync 1 DAGs
[2023-08-12T03:52:22.795+0000] {logging_mixin.py:149} INFO - [2023-08-12T03:52:22.795+0000] {dag.py:3486} INFO - Setting next_dagrun for tutorial_taskflow_api_virtualenv to None, run_after=None
[2023-08-12T03:52:22.802+0000] {processor.py:179} INFO - Processing /home/airflow/.local/lib/python3.10/site-packages/airflow/example_dags/tutorial_taskflow_api_virtualenv.py took 0.032 seconds
[2023-08-12T03:52:53.221+0000] {processor.py:157} INFO - Started process (PID=1980) to work on /home/airflow/.local/lib/python3.10/site-packages/airflow/example_dags/tutorial_taskflow_api_virtualenv.py
[2023-08-12T03:52:53.222+0000] {processor.py:826} INFO - Processing file /home/airflow/.local/lib/python3.10/site-packages/airflow/example_dags/tutorial_taskflow_api_virtualenv.py for tasks to queue
[2023-08-12T03:52:53.222+0000] {logging_mixin.py:149} INFO - [2023-08-12T03:52:53.222+0000] {dagbag.py:541} INFO - Filling up the DagBag from /home/airflow/.local/lib/python3.10/site-packages/airflow/example_dags/tutorial_taskflow_api_virtualenv.py
[2023-08-12T03:52:53.224+0000] {processor.py:836} INFO - DAG(s) dict_keys(['tutorial_taskflow_api_virtualenv']) retrieved from /home/airflow/.local/lib/python3.10/site-packages/airflow/example_dags/tutorial_taskflow_api_virtualenv.py
[2023-08-12T03:52:53.235+0000] {logging_mixin.py:149} INFO - [2023-08-12T03:52:53.235+0000] {dag.py:2726} INFO - Sync 1 DAGs
[2023-08-12T03:52:53.245+0000] {logging_mixin.py:149} INFO - [2023-08-12T03:52:53.245+0000] {dag.py:3486} INFO - Setting next_dagrun for tutorial_taskflow_api_virtualenv to None, run_after=None
[2023-08-12T03:52:53.252+0000] {processor.py:179} INFO - Processing /home/airflow/.local/lib/python3.10/site-packages/airflow/example_dags/tutorial_taskflow_api_virtualenv.py took 0.032 seconds
[2023-08-12T03:53:23.742+0000] {processor.py:157} INFO - Started process (PID=2057) to work on /home/airflow/.local/lib/python3.10/site-packages/airflow/example_dags/tutorial_taskflow_api_virtualenv.py
[2023-08-12T03:53:23.742+0000] {processor.py:826} INFO - Processing file /home/airflow/.local/lib/python3.10/site-packages/airflow/example_dags/tutorial_taskflow_api_virtualenv.py for tasks to queue
[2023-08-12T03:53:23.742+0000] {logging_mixin.py:149} INFO - [2023-08-12T03:53:23.742+0000] {dagbag.py:541} INFO - Filling up the DagBag from /home/airflow/.local/lib/python3.10/site-packages/airflow/example_dags/tutorial_taskflow_api_virtualenv.py
[2023-08-12T03:53:23.745+0000] {processor.py:836} INFO - DAG(s) dict_keys(['tutorial_taskflow_api_virtualenv']) retrieved from /home/airflow/.local/lib/python3.10/site-packages/airflow/example_dags/tutorial_taskflow_api_virtualenv.py
[2023-08-12T03:53:23.756+0000] {logging_mixin.py:149} INFO - [2023-08-12T03:53:23.756+0000] {dag.py:2726} INFO - Sync 1 DAGs
[2023-08-12T03:53:23.765+0000] {logging_mixin.py:149} INFO - [2023-08-12T03:53:23.765+0000] {dag.py:3486} INFO - Setting next_dagrun for tutorial_taskflow_api_virtualenv to None, run_after=None
[2023-08-12T03:53:23.772+0000] {processor.py:179} INFO - Processing /home/airflow/.local/lib/python3.10/site-packages/airflow/example_dags/tutorial_taskflow_api_virtualenv.py took 0.031 seconds
[2023-08-12T03:53:54.069+0000] {processor.py:157} INFO - Started process (PID=2134) to work on /home/airflow/.local/lib/python3.10/site-packages/airflow/example_dags/tutorial_taskflow_api_virtualenv.py
[2023-08-12T03:53:54.069+0000] {processor.py:826} INFO - Processing file /home/airflow/.local/lib/python3.10/site-packages/airflow/example_dags/tutorial_taskflow_api_virtualenv.py for tasks to queue
[2023-08-12T03:53:54.069+0000] {logging_mixin.py:149} INFO - [2023-08-12T03:53:54.069+0000] {dagbag.py:541} INFO - Filling up the DagBag from /home/airflow/.local/lib/python3.10/site-packages/airflow/example_dags/tutorial_taskflow_api_virtualenv.py
[2023-08-12T03:53:54.072+0000] {processor.py:836} INFO - DAG(s) dict_keys(['tutorial_taskflow_api_virtualenv']) retrieved from /home/airflow/.local/lib/python3.10/site-packages/airflow/example_dags/tutorial_taskflow_api_virtualenv.py
[2023-08-12T03:53:54.081+0000] {logging_mixin.py:149} INFO - [2023-08-12T03:53:54.081+0000] {dag.py:2726} INFO - Sync 1 DAGs
[2023-08-12T03:53:54.090+0000] {logging_mixin.py:149} INFO - [2023-08-12T03:53:54.090+0000] {dag.py:3486} INFO - Setting next_dagrun for tutorial_taskflow_api_virtualenv to None, run_after=None
[2023-08-12T03:53:54.097+0000] {processor.py:179} INFO - Processing /home/airflow/.local/lib/python3.10/site-packages/airflow/example_dags/tutorial_taskflow_api_virtualenv.py took 0.030 seconds
[2023-08-12T03:54:24.404+0000] {processor.py:157} INFO - Started process (PID=2211) to work on /home/airflow/.local/lib/python3.10/site-packages/airflow/example_dags/tutorial_taskflow_api_virtualenv.py
[2023-08-12T03:54:24.405+0000] {processor.py:826} INFO - Processing file /home/airflow/.local/lib/python3.10/site-packages/airflow/example_dags/tutorial_taskflow_api_virtualenv.py for tasks to queue
[2023-08-12T03:54:24.405+0000] {logging_mixin.py:149} INFO - [2023-08-12T03:54:24.405+0000] {dagbag.py:541} INFO - Filling up the DagBag from /home/airflow/.local/lib/python3.10/site-packages/airflow/example_dags/tutorial_taskflow_api_virtualenv.py
[2023-08-12T03:54:24.407+0000] {processor.py:836} INFO - DAG(s) dict_keys(['tutorial_taskflow_api_virtualenv']) retrieved from /home/airflow/.local/lib/python3.10/site-packages/airflow/example_dags/tutorial_taskflow_api_virtualenv.py
[2023-08-12T03:54:24.417+0000] {logging_mixin.py:149} INFO - [2023-08-12T03:54:24.417+0000] {dag.py:2726} INFO - Sync 1 DAGs
[2023-08-12T03:54:24.426+0000] {logging_mixin.py:149} INFO - [2023-08-12T03:54:24.426+0000] {dag.py:3486} INFO - Setting next_dagrun for tutorial_taskflow_api_virtualenv to None, run_after=None
[2023-08-12T03:54:24.433+0000] {processor.py:179} INFO - Processing /home/airflow/.local/lib/python3.10/site-packages/airflow/example_dags/tutorial_taskflow_api_virtualenv.py took 0.030 seconds
[2023-08-12T03:54:54.778+0000] {processor.py:157} INFO - Started process (PID=2289) to work on /home/airflow/.local/lib/python3.10/site-packages/airflow/example_dags/tutorial_taskflow_api_virtualenv.py
[2023-08-12T03:54:54.778+0000] {processor.py:826} INFO - Processing file /home/airflow/.local/lib/python3.10/site-packages/airflow/example_dags/tutorial_taskflow_api_virtualenv.py for tasks to queue
[2023-08-12T03:54:54.779+0000] {logging_mixin.py:149} INFO - [2023-08-12T03:54:54.779+0000] {dagbag.py:541} INFO - Filling up the DagBag from /home/airflow/.local/lib/python3.10/site-packages/airflow/example_dags/tutorial_taskflow_api_virtualenv.py
[2023-08-12T03:54:54.781+0000] {processor.py:836} INFO - DAG(s) dict_keys(['tutorial_taskflow_api_virtualenv']) retrieved from /home/airflow/.local/lib/python3.10/site-packages/airflow/example_dags/tutorial_taskflow_api_virtualenv.py
[2023-08-12T03:54:54.791+0000] {logging_mixin.py:149} INFO - [2023-08-12T03:54:54.791+0000] {dag.py:2726} INFO - Sync 1 DAGs
[2023-08-12T03:54:54.800+0000] {logging_mixin.py:149} INFO - [2023-08-12T03:54:54.800+0000] {dag.py:3486} INFO - Setting next_dagrun for tutorial_taskflow_api_virtualenv to None, run_after=None
[2023-08-12T03:54:54.807+0000] {processor.py:179} INFO - Processing /home/airflow/.local/lib/python3.10/site-packages/airflow/example_dags/tutorial_taskflow_api_virtualenv.py took 0.030 seconds
[2023-08-12T03:55:25.189+0000] {processor.py:157} INFO - Started process (PID=2366) to work on /home/airflow/.local/lib/python3.10/site-packages/airflow/example_dags/tutorial_taskflow_api_virtualenv.py
[2023-08-12T03:55:25.189+0000] {processor.py:826} INFO - Processing file /home/airflow/.local/lib/python3.10/site-packages/airflow/example_dags/tutorial_taskflow_api_virtualenv.py for tasks to queue
[2023-08-12T03:55:25.189+0000] {logging_mixin.py:149} INFO - [2023-08-12T03:55:25.189+0000] {dagbag.py:541} INFO - Filling up the DagBag from /home/airflow/.local/lib/python3.10/site-packages/airflow/example_dags/tutorial_taskflow_api_virtualenv.py
[2023-08-12T03:55:25.192+0000] {processor.py:836} INFO - DAG(s) dict_keys(['tutorial_taskflow_api_virtualenv']) retrieved from /home/airflow/.local/lib/python3.10/site-packages/airflow/example_dags/tutorial_taskflow_api_virtualenv.py
[2023-08-12T03:55:25.202+0000] {logging_mixin.py:149} INFO - [2023-08-12T03:55:25.202+0000] {dag.py:2726} INFO - Sync 1 DAGs
[2023-08-12T03:55:25.211+0000] {logging_mixin.py:149} INFO - [2023-08-12T03:55:25.211+0000] {dag.py:3486} INFO - Setting next_dagrun for tutorial_taskflow_api_virtualenv to None, run_after=None
[2023-08-12T03:55:25.218+0000] {processor.py:179} INFO - Processing /home/airflow/.local/lib/python3.10/site-packages/airflow/example_dags/tutorial_taskflow_api_virtualenv.py took 0.031 seconds
[2023-08-12T03:56:30.608+0000] {processor.py:157} INFO - Started process (PID=56) to work on /home/airflow/.local/lib/python3.10/site-packages/airflow/example_dags/tutorial_taskflow_api_virtualenv.py
[2023-08-12T03:56:30.608+0000] {processor.py:826} INFO - Processing file /home/airflow/.local/lib/python3.10/site-packages/airflow/example_dags/tutorial_taskflow_api_virtualenv.py for tasks to queue
[2023-08-12T03:56:30.608+0000] {logging_mixin.py:149} INFO - [2023-08-12T03:56:30.608+0000] {dagbag.py:541} INFO - Filling up the DagBag from /home/airflow/.local/lib/python3.10/site-packages/airflow/example_dags/tutorial_taskflow_api_virtualenv.py
[2023-08-12T03:56:30.612+0000] {processor.py:836} INFO - DAG(s) dict_keys(['tutorial_taskflow_api_virtualenv']) retrieved from /home/airflow/.local/lib/python3.10/site-packages/airflow/example_dags/tutorial_taskflow_api_virtualenv.py
[2023-08-12T03:56:30.617+0000] {logging_mixin.py:149} INFO - [2023-08-12T03:56:30.617+0000] {dag.py:2726} INFO - Sync 1 DAGs
[2023-08-12T03:56:30.627+0000] {logging_mixin.py:149} INFO - [2023-08-12T03:56:30.627+0000] {dag.py:3486} INFO - Setting next_dagrun for tutorial_taskflow_api_virtualenv to None, run_after=None
[2023-08-12T03:56:30.634+0000] {processor.py:179} INFO - Processing /home/airflow/.local/lib/python3.10/site-packages/airflow/example_dags/tutorial_taskflow_api_virtualenv.py took 0.028 seconds
[2023-08-12T03:57:00.773+0000] {processor.py:157} INFO - Started process (PID=133) to work on /home/airflow/.local/lib/python3.10/site-packages/airflow/example_dags/tutorial_taskflow_api_virtualenv.py
[2023-08-12T03:57:00.773+0000] {processor.py:826} INFO - Processing file /home/airflow/.local/lib/python3.10/site-packages/airflow/example_dags/tutorial_taskflow_api_virtualenv.py for tasks to queue
[2023-08-12T03:57:00.773+0000] {logging_mixin.py:149} INFO - [2023-08-12T03:57:00.773+0000] {dagbag.py:541} INFO - Filling up the DagBag from /home/airflow/.local/lib/python3.10/site-packages/airflow/example_dags/tutorial_taskflow_api_virtualenv.py
[2023-08-12T03:57:00.776+0000] {processor.py:836} INFO - DAG(s) dict_keys(['tutorial_taskflow_api_virtualenv']) retrieved from /home/airflow/.local/lib/python3.10/site-packages/airflow/example_dags/tutorial_taskflow_api_virtualenv.py
[2023-08-12T03:57:00.787+0000] {logging_mixin.py:149} INFO - [2023-08-12T03:57:00.787+0000] {dag.py:2726} INFO - Sync 1 DAGs
[2023-08-12T03:57:00.797+0000] {logging_mixin.py:149} INFO - [2023-08-12T03:57:00.797+0000] {dag.py:3486} INFO - Setting next_dagrun for tutorial_taskflow_api_virtualenv to None, run_after=None
[2023-08-12T03:57:00.804+0000] {processor.py:179} INFO - Processing /home/airflow/.local/lib/python3.10/site-packages/airflow/example_dags/tutorial_taskflow_api_virtualenv.py took 0.032 seconds
[2023-08-12T03:57:31.103+0000] {processor.py:157} INFO - Started process (PID=210) to work on /home/airflow/.local/lib/python3.10/site-packages/airflow/example_dags/tutorial_taskflow_api_virtualenv.py
[2023-08-12T03:57:31.104+0000] {processor.py:826} INFO - Processing file /home/airflow/.local/lib/python3.10/site-packages/airflow/example_dags/tutorial_taskflow_api_virtualenv.py for tasks to queue
[2023-08-12T03:57:31.104+0000] {logging_mixin.py:149} INFO - [2023-08-12T03:57:31.104+0000] {dagbag.py:541} INFO - Filling up the DagBag from /home/airflow/.local/lib/python3.10/site-packages/airflow/example_dags/tutorial_taskflow_api_virtualenv.py
[2023-08-12T03:57:31.107+0000] {processor.py:836} INFO - DAG(s) dict_keys(['tutorial_taskflow_api_virtualenv']) retrieved from /home/airflow/.local/lib/python3.10/site-packages/airflow/example_dags/tutorial_taskflow_api_virtualenv.py
[2023-08-12T03:57:31.116+0000] {logging_mixin.py:149} INFO - [2023-08-12T03:57:31.116+0000] {dag.py:2726} INFO - Sync 1 DAGs
[2023-08-12T03:57:31.126+0000] {logging_mixin.py:149} INFO - [2023-08-12T03:57:31.125+0000] {dag.py:3486} INFO - Setting next_dagrun for tutorial_taskflow_api_virtualenv to None, run_after=None
[2023-08-12T03:57:31.133+0000] {processor.py:179} INFO - Processing /home/airflow/.local/lib/python3.10/site-packages/airflow/example_dags/tutorial_taskflow_api_virtualenv.py took 0.031 seconds
[2023-08-12T03:58:01.482+0000] {processor.py:157} INFO - Started process (PID=287) to work on /home/airflow/.local/lib/python3.10/site-packages/airflow/example_dags/tutorial_taskflow_api_virtualenv.py
[2023-08-12T03:58:01.483+0000] {processor.py:826} INFO - Processing file /home/airflow/.local/lib/python3.10/site-packages/airflow/example_dags/tutorial_taskflow_api_virtualenv.py for tasks to queue
[2023-08-12T03:58:01.483+0000] {logging_mixin.py:149} INFO - [2023-08-12T03:58:01.483+0000] {dagbag.py:541} INFO - Filling up the DagBag from /home/airflow/.local/lib/python3.10/site-packages/airflow/example_dags/tutorial_taskflow_api_virtualenv.py
[2023-08-12T03:58:01.486+0000] {processor.py:836} INFO - DAG(s) dict_keys(['tutorial_taskflow_api_virtualenv']) retrieved from /home/airflow/.local/lib/python3.10/site-packages/airflow/example_dags/tutorial_taskflow_api_virtualenv.py
[2023-08-12T03:58:01.496+0000] {logging_mixin.py:149} INFO - [2023-08-12T03:58:01.496+0000] {dag.py:2726} INFO - Sync 1 DAGs
[2023-08-12T03:58:01.505+0000] {logging_mixin.py:149} INFO - [2023-08-12T03:58:01.505+0000] {dag.py:3486} INFO - Setting next_dagrun for tutorial_taskflow_api_virtualenv to None, run_after=None
[2023-08-12T03:58:01.512+0000] {processor.py:179} INFO - Processing /home/airflow/.local/lib/python3.10/site-packages/airflow/example_dags/tutorial_taskflow_api_virtualenv.py took 0.031 seconds
[2023-08-12T03:58:31.819+0000] {processor.py:157} INFO - Started process (PID=364) to work on /home/airflow/.local/lib/python3.10/site-packages/airflow/example_dags/tutorial_taskflow_api_virtualenv.py
[2023-08-12T03:58:31.819+0000] {processor.py:826} INFO - Processing file /home/airflow/.local/lib/python3.10/site-packages/airflow/example_dags/tutorial_taskflow_api_virtualenv.py for tasks to queue
[2023-08-12T03:58:31.819+0000] {logging_mixin.py:149} INFO - [2023-08-12T03:58:31.819+0000] {dagbag.py:541} INFO - Filling up the DagBag from /home/airflow/.local/lib/python3.10/site-packages/airflow/example_dags/tutorial_taskflow_api_virtualenv.py
[2023-08-12T03:58:31.822+0000] {processor.py:836} INFO - DAG(s) dict_keys(['tutorial_taskflow_api_virtualenv']) retrieved from /home/airflow/.local/lib/python3.10/site-packages/airflow/example_dags/tutorial_taskflow_api_virtualenv.py
[2023-08-12T03:58:31.831+0000] {logging_mixin.py:149} INFO - [2023-08-12T03:58:31.831+0000] {dag.py:2726} INFO - Sync 1 DAGs
[2023-08-12T03:58:31.841+0000] {logging_mixin.py:149} INFO - [2023-08-12T03:58:31.841+0000] {dag.py:3486} INFO - Setting next_dagrun for tutorial_taskflow_api_virtualenv to None, run_after=None
[2023-08-12T03:58:31.848+0000] {processor.py:179} INFO - Processing /home/airflow/.local/lib/python3.10/site-packages/airflow/example_dags/tutorial_taskflow_api_virtualenv.py took 0.031 seconds
[2023-08-12T03:59:02.297+0000] {processor.py:157} INFO - Started process (PID=440) to work on /home/airflow/.local/lib/python3.10/site-packages/airflow/example_dags/tutorial_taskflow_api_virtualenv.py
[2023-08-12T03:59:02.298+0000] {processor.py:826} INFO - Processing file /home/airflow/.local/lib/python3.10/site-packages/airflow/example_dags/tutorial_taskflow_api_virtualenv.py for tasks to queue
[2023-08-12T03:59:02.298+0000] {logging_mixin.py:149} INFO - [2023-08-12T03:59:02.298+0000] {dagbag.py:541} INFO - Filling up the DagBag from /home/airflow/.local/lib/python3.10/site-packages/airflow/example_dags/tutorial_taskflow_api_virtualenv.py
[2023-08-12T03:59:02.300+0000] {processor.py:836} INFO - DAG(s) dict_keys(['tutorial_taskflow_api_virtualenv']) retrieved from /home/airflow/.local/lib/python3.10/site-packages/airflow/example_dags/tutorial_taskflow_api_virtualenv.py
[2023-08-12T03:59:02.310+0000] {logging_mixin.py:149} INFO - [2023-08-12T03:59:02.310+0000] {dag.py:2726} INFO - Sync 1 DAGs
[2023-08-12T03:59:02.320+0000] {logging_mixin.py:149} INFO - [2023-08-12T03:59:02.320+0000] {dag.py:3486} INFO - Setting next_dagrun for tutorial_taskflow_api_virtualenv to None, run_after=None
[2023-08-12T03:59:02.327+0000] {processor.py:179} INFO - Processing /home/airflow/.local/lib/python3.10/site-packages/airflow/example_dags/tutorial_taskflow_api_virtualenv.py took 0.031 seconds
[2023-08-12T03:59:32.661+0000] {processor.py:157} INFO - Started process (PID=517) to work on /home/airflow/.local/lib/python3.10/site-packages/airflow/example_dags/tutorial_taskflow_api_virtualenv.py
[2023-08-12T03:59:32.662+0000] {processor.py:826} INFO - Processing file /home/airflow/.local/lib/python3.10/site-packages/airflow/example_dags/tutorial_taskflow_api_virtualenv.py for tasks to queue
[2023-08-12T03:59:32.662+0000] {logging_mixin.py:149} INFO - [2023-08-12T03:59:32.662+0000] {dagbag.py:541} INFO - Filling up the DagBag from /home/airflow/.local/lib/python3.10/site-packages/airflow/example_dags/tutorial_taskflow_api_virtualenv.py
[2023-08-12T03:59:32.665+0000] {processor.py:836} INFO - DAG(s) dict_keys(['tutorial_taskflow_api_virtualenv']) retrieved from /home/airflow/.local/lib/python3.10/site-packages/airflow/example_dags/tutorial_taskflow_api_virtualenv.py
[2023-08-12T03:59:32.674+0000] {logging_mixin.py:149} INFO - [2023-08-12T03:59:32.674+0000] {dag.py:2726} INFO - Sync 1 DAGs
[2023-08-12T03:59:32.684+0000] {logging_mixin.py:149} INFO - [2023-08-12T03:59:32.684+0000] {dag.py:3486} INFO - Setting next_dagrun for tutorial_taskflow_api_virtualenv to None, run_after=None
[2023-08-12T03:59:32.691+0000] {processor.py:179} INFO - Processing /home/airflow/.local/lib/python3.10/site-packages/airflow/example_dags/tutorial_taskflow_api_virtualenv.py took 0.031 seconds
[2023-08-12T04:00:03.223+0000] {processor.py:157} INFO - Started process (PID=594) to work on /home/airflow/.local/lib/python3.10/site-packages/airflow/example_dags/tutorial_taskflow_api_virtualenv.py
[2023-08-12T04:00:03.223+0000] {processor.py:826} INFO - Processing file /home/airflow/.local/lib/python3.10/site-packages/airflow/example_dags/tutorial_taskflow_api_virtualenv.py for tasks to queue
[2023-08-12T04:00:03.224+0000] {logging_mixin.py:149} INFO - [2023-08-12T04:00:03.224+0000] {dagbag.py:541} INFO - Filling up the DagBag from /home/airflow/.local/lib/python3.10/site-packages/airflow/example_dags/tutorial_taskflow_api_virtualenv.py
[2023-08-12T04:00:03.226+0000] {processor.py:836} INFO - DAG(s) dict_keys(['tutorial_taskflow_api_virtualenv']) retrieved from /home/airflow/.local/lib/python3.10/site-packages/airflow/example_dags/tutorial_taskflow_api_virtualenv.py
[2023-08-12T04:00:03.236+0000] {logging_mixin.py:149} INFO - [2023-08-12T04:00:03.236+0000] {dag.py:2726} INFO - Sync 1 DAGs
[2023-08-12T04:00:03.245+0000] {logging_mixin.py:149} INFO - [2023-08-12T04:00:03.245+0000] {dag.py:3486} INFO - Setting next_dagrun for tutorial_taskflow_api_virtualenv to None, run_after=None
[2023-08-12T04:00:03.252+0000] {processor.py:179} INFO - Processing /home/airflow/.local/lib/python3.10/site-packages/airflow/example_dags/tutorial_taskflow_api_virtualenv.py took 0.031 seconds
[2023-08-12T04:00:33.617+0000] {processor.py:157} INFO - Started process (PID=671) to work on /home/airflow/.local/lib/python3.10/site-packages/airflow/example_dags/tutorial_taskflow_api_virtualenv.py
[2023-08-12T04:00:33.617+0000] {processor.py:826} INFO - Processing file /home/airflow/.local/lib/python3.10/site-packages/airflow/example_dags/tutorial_taskflow_api_virtualenv.py for tasks to queue
[2023-08-12T04:00:33.617+0000] {logging_mixin.py:149} INFO - [2023-08-12T04:00:33.617+0000] {dagbag.py:541} INFO - Filling up the DagBag from /home/airflow/.local/lib/python3.10/site-packages/airflow/example_dags/tutorial_taskflow_api_virtualenv.py
[2023-08-12T04:00:33.620+0000] {processor.py:836} INFO - DAG(s) dict_keys(['tutorial_taskflow_api_virtualenv']) retrieved from /home/airflow/.local/lib/python3.10/site-packages/airflow/example_dags/tutorial_taskflow_api_virtualenv.py
[2023-08-12T04:00:33.629+0000] {logging_mixin.py:149} INFO - [2023-08-12T04:00:33.629+0000] {dag.py:2726} INFO - Sync 1 DAGs
[2023-08-12T04:00:33.639+0000] {logging_mixin.py:149} INFO - [2023-08-12T04:00:33.639+0000] {dag.py:3486} INFO - Setting next_dagrun for tutorial_taskflow_api_virtualenv to None, run_after=None
[2023-08-12T04:00:33.646+0000] {processor.py:179} INFO - Processing /home/airflow/.local/lib/python3.10/site-packages/airflow/example_dags/tutorial_taskflow_api_virtualenv.py took 0.031 seconds
