[2023-08-12T15:30:49.864+0000] {processor.py:157} INFO - Started process (PID=25) to work on /home/airflow/.local/lib/python3.10/site-packages/airflow/example_dags/tutorial_taskflow_api.py
[2023-08-12T15:30:49.865+0000] {processor.py:826} INFO - Processing file /home/airflow/.local/lib/python3.10/site-packages/airflow/example_dags/tutorial_taskflow_api.py for tasks to queue
[2023-08-12T15:30:49.865+0000] {logging_mixin.py:149} INFO - [2023-08-12T15:30:49.865+0000] {dagbag.py:541} INFO - Filling up the DagBag from /home/airflow/.local/lib/python3.10/site-packages/airflow/example_dags/tutorial_taskflow_api.py
[2023-08-12T15:30:49.871+0000] {processor.py:836} INFO - DAG(s) dict_keys(['tutorial_taskflow_api']) retrieved from /home/airflow/.local/lib/python3.10/site-packages/airflow/example_dags/tutorial_taskflow_api.py
[2023-08-12T15:30:49.883+0000] {logging_mixin.py:149} INFO - [2023-08-12T15:30:49.882+0000] {dag.py:2726} INFO - Sync 1 DAGs
[2023-08-12T15:30:49.893+0000] {logging_mixin.py:149} INFO - [2023-08-12T15:30:49.892+0000] {dag.py:3486} INFO - Setting next_dagrun for tutorial_taskflow_api to None, run_after=None
[2023-08-12T15:30:49.900+0000] {processor.py:179} INFO - Processing /home/airflow/.local/lib/python3.10/site-packages/airflow/example_dags/tutorial_taskflow_api.py took 0.037 seconds
[2023-08-12T15:31:20.165+0000] {processor.py:157} INFO - Started process (PID=102) to work on /home/airflow/.local/lib/python3.10/site-packages/airflow/example_dags/tutorial_taskflow_api.py
[2023-08-12T15:31:20.165+0000] {processor.py:826} INFO - Processing file /home/airflow/.local/lib/python3.10/site-packages/airflow/example_dags/tutorial_taskflow_api.py for tasks to queue
[2023-08-12T15:31:20.166+0000] {logging_mixin.py:149} INFO - [2023-08-12T15:31:20.165+0000] {dagbag.py:541} INFO - Filling up the DagBag from /home/airflow/.local/lib/python3.10/site-packages/airflow/example_dags/tutorial_taskflow_api.py
[2023-08-12T15:31:20.168+0000] {processor.py:836} INFO - DAG(s) dict_keys(['tutorial_taskflow_api']) retrieved from /home/airflow/.local/lib/python3.10/site-packages/airflow/example_dags/tutorial_taskflow_api.py
[2023-08-12T15:31:20.178+0000] {logging_mixin.py:149} INFO - [2023-08-12T15:31:20.178+0000] {dag.py:2726} INFO - Sync 1 DAGs
[2023-08-12T15:31:20.188+0000] {logging_mixin.py:149} INFO - [2023-08-12T15:31:20.188+0000] {dag.py:3486} INFO - Setting next_dagrun for tutorial_taskflow_api to None, run_after=None
[2023-08-12T15:31:20.195+0000] {processor.py:179} INFO - Processing /home/airflow/.local/lib/python3.10/site-packages/airflow/example_dags/tutorial_taskflow_api.py took 0.032 seconds
[2023-08-12T15:31:50.601+0000] {processor.py:157} INFO - Started process (PID=178) to work on /home/airflow/.local/lib/python3.10/site-packages/airflow/example_dags/tutorial_taskflow_api.py
[2023-08-12T15:31:50.601+0000] {processor.py:826} INFO - Processing file /home/airflow/.local/lib/python3.10/site-packages/airflow/example_dags/tutorial_taskflow_api.py for tasks to queue
[2023-08-12T15:31:50.602+0000] {logging_mixin.py:149} INFO - [2023-08-12T15:31:50.601+0000] {dagbag.py:541} INFO - Filling up the DagBag from /home/airflow/.local/lib/python3.10/site-packages/airflow/example_dags/tutorial_taskflow_api.py
[2023-08-12T15:31:50.604+0000] {processor.py:836} INFO - DAG(s) dict_keys(['tutorial_taskflow_api']) retrieved from /home/airflow/.local/lib/python3.10/site-packages/airflow/example_dags/tutorial_taskflow_api.py
[2023-08-12T15:31:50.614+0000] {logging_mixin.py:149} INFO - [2023-08-12T15:31:50.614+0000] {dag.py:2726} INFO - Sync 1 DAGs
[2023-08-12T15:31:50.623+0000] {logging_mixin.py:149} INFO - [2023-08-12T15:31:50.623+0000] {dag.py:3486} INFO - Setting next_dagrun for tutorial_taskflow_api to None, run_after=None
[2023-08-12T15:31:50.631+0000] {processor.py:179} INFO - Processing /home/airflow/.local/lib/python3.10/site-packages/airflow/example_dags/tutorial_taskflow_api.py took 0.031 seconds
[2023-08-12T15:32:20.893+0000] {processor.py:157} INFO - Started process (PID=255) to work on /home/airflow/.local/lib/python3.10/site-packages/airflow/example_dags/tutorial_taskflow_api.py
[2023-08-12T15:32:20.898+0000] {processor.py:826} INFO - Processing file /home/airflow/.local/lib/python3.10/site-packages/airflow/example_dags/tutorial_taskflow_api.py for tasks to queue
[2023-08-12T15:32:20.899+0000] {logging_mixin.py:149} INFO - [2023-08-12T15:32:20.899+0000] {dagbag.py:541} INFO - Filling up the DagBag from /home/airflow/.local/lib/python3.10/site-packages/airflow/example_dags/tutorial_taskflow_api.py
[2023-08-12T15:32:20.902+0000] {processor.py:836} INFO - DAG(s) dict_keys(['tutorial_taskflow_api']) retrieved from /home/airflow/.local/lib/python3.10/site-packages/airflow/example_dags/tutorial_taskflow_api.py
[2023-08-12T15:32:20.914+0000] {logging_mixin.py:149} INFO - [2023-08-12T15:32:20.914+0000] {dag.py:2726} INFO - Sync 1 DAGs
[2023-08-12T15:32:20.924+0000] {logging_mixin.py:149} INFO - [2023-08-12T15:32:20.924+0000] {dag.py:3486} INFO - Setting next_dagrun for tutorial_taskflow_api to None, run_after=None
[2023-08-12T15:32:20.932+0000] {processor.py:179} INFO - Processing /home/airflow/.local/lib/python3.10/site-packages/airflow/example_dags/tutorial_taskflow_api.py took 0.040 seconds
[2023-08-12T15:32:51.192+0000] {processor.py:157} INFO - Started process (PID=332) to work on /home/airflow/.local/lib/python3.10/site-packages/airflow/example_dags/tutorial_taskflow_api.py
[2023-08-12T15:32:51.197+0000] {processor.py:826} INFO - Processing file /home/airflow/.local/lib/python3.10/site-packages/airflow/example_dags/tutorial_taskflow_api.py for tasks to queue
[2023-08-12T15:32:51.197+0000] {logging_mixin.py:149} INFO - [2023-08-12T15:32:51.197+0000] {dagbag.py:541} INFO - Filling up the DagBag from /home/airflow/.local/lib/python3.10/site-packages/airflow/example_dags/tutorial_taskflow_api.py
[2023-08-12T15:32:51.200+0000] {processor.py:836} INFO - DAG(s) dict_keys(['tutorial_taskflow_api']) retrieved from /home/airflow/.local/lib/python3.10/site-packages/airflow/example_dags/tutorial_taskflow_api.py
[2023-08-12T15:32:51.210+0000] {logging_mixin.py:149} INFO - [2023-08-12T15:32:51.210+0000] {dag.py:2726} INFO - Sync 1 DAGs
[2023-08-12T15:32:51.220+0000] {logging_mixin.py:149} INFO - [2023-08-12T15:32:51.220+0000] {dag.py:3486} INFO - Setting next_dagrun for tutorial_taskflow_api to None, run_after=None
[2023-08-12T15:32:51.227+0000] {processor.py:179} INFO - Processing /home/airflow/.local/lib/python3.10/site-packages/airflow/example_dags/tutorial_taskflow_api.py took 0.036 seconds
[2023-08-12T15:33:21.630+0000] {processor.py:157} INFO - Started process (PID=408) to work on /home/airflow/.local/lib/python3.10/site-packages/airflow/example_dags/tutorial_taskflow_api.py
[2023-08-12T15:33:21.635+0000] {processor.py:826} INFO - Processing file /home/airflow/.local/lib/python3.10/site-packages/airflow/example_dags/tutorial_taskflow_api.py for tasks to queue
[2023-08-12T15:33:21.635+0000] {logging_mixin.py:149} INFO - [2023-08-12T15:33:21.635+0000] {dagbag.py:541} INFO - Filling up the DagBag from /home/airflow/.local/lib/python3.10/site-packages/airflow/example_dags/tutorial_taskflow_api.py
[2023-08-12T15:33:21.638+0000] {processor.py:836} INFO - DAG(s) dict_keys(['tutorial_taskflow_api']) retrieved from /home/airflow/.local/lib/python3.10/site-packages/airflow/example_dags/tutorial_taskflow_api.py
[2023-08-12T15:33:21.648+0000] {logging_mixin.py:149} INFO - [2023-08-12T15:33:21.648+0000] {dag.py:2726} INFO - Sync 1 DAGs
[2023-08-12T15:33:21.658+0000] {logging_mixin.py:149} INFO - [2023-08-12T15:33:21.658+0000] {dag.py:3486} INFO - Setting next_dagrun for tutorial_taskflow_api to None, run_after=None
[2023-08-12T15:33:21.666+0000] {processor.py:179} INFO - Processing /home/airflow/.local/lib/python3.10/site-packages/airflow/example_dags/tutorial_taskflow_api.py took 0.037 seconds
[2023-08-12T15:33:52.148+0000] {processor.py:157} INFO - Started process (PID=485) to work on /home/airflow/.local/lib/python3.10/site-packages/airflow/example_dags/tutorial_taskflow_api.py
[2023-08-12T15:33:52.153+0000] {processor.py:826} INFO - Processing file /home/airflow/.local/lib/python3.10/site-packages/airflow/example_dags/tutorial_taskflow_api.py for tasks to queue
[2023-08-12T15:33:52.153+0000] {logging_mixin.py:149} INFO - [2023-08-12T15:33:52.153+0000] {dagbag.py:541} INFO - Filling up the DagBag from /home/airflow/.local/lib/python3.10/site-packages/airflow/example_dags/tutorial_taskflow_api.py
[2023-08-12T15:33:52.155+0000] {processor.py:836} INFO - DAG(s) dict_keys(['tutorial_taskflow_api']) retrieved from /home/airflow/.local/lib/python3.10/site-packages/airflow/example_dags/tutorial_taskflow_api.py
[2023-08-12T15:33:52.166+0000] {logging_mixin.py:149} INFO - [2023-08-12T15:33:52.165+0000] {dag.py:2726} INFO - Sync 1 DAGs
[2023-08-12T15:33:52.175+0000] {logging_mixin.py:149} INFO - [2023-08-12T15:33:52.175+0000] {dag.py:3486} INFO - Setting next_dagrun for tutorial_taskflow_api to None, run_after=None
[2023-08-12T15:33:52.182+0000] {processor.py:179} INFO - Processing /home/airflow/.local/lib/python3.10/site-packages/airflow/example_dags/tutorial_taskflow_api.py took 0.036 seconds
