[2023-08-12T04:24:24.417+0000] {processor.py:157} INFO - Started process (PID=29) to work on /home/airflow/.local/lib/python3.10/site-packages/airflow/example_dags/tutorial.py
[2023-08-12T04:24:24.417+0000] {processor.py:826} INFO - Processing file /home/airflow/.local/lib/python3.10/site-packages/airflow/example_dags/tutorial.py for tasks to queue
[2023-08-12T04:24:24.418+0000] {logging_mixin.py:149} INFO - [2023-08-12T04:24:24.418+0000] {dagbag.py:541} INFO - Filling up the DagBag from /home/airflow/.local/lib/python3.10/site-packages/airflow/example_dags/tutorial.py
[2023-08-12T04:24:24.422+0000] {processor.py:836} INFO - DAG(s) dict_keys(['tutorial']) retrieved from /home/airflow/.local/lib/python3.10/site-packages/airflow/example_dags/tutorial.py
[2023-08-12T04:24:24.426+0000] {logging_mixin.py:149} INFO - [2023-08-12T04:24:24.426+0000] {dag.py:2726} INFO - Sync 1 DAGs
[2023-08-12T04:24:24.437+0000] {logging_mixin.py:149} INFO - [2023-08-12T04:24:24.437+0000] {dag.py:3486} INFO - Setting next_dagrun for tutorial to 2023-08-11T04:24:24.437424+00:00, run_after=2023-08-12T04:24:24.437424+00:00
[2023-08-12T04:24:24.445+0000] {processor.py:179} INFO - Processing /home/airflow/.local/lib/python3.10/site-packages/airflow/example_dags/tutorial.py took 0.029 seconds
[2023-08-12T04:24:54.735+0000] {processor.py:157} INFO - Started process (PID=106) to work on /home/airflow/.local/lib/python3.10/site-packages/airflow/example_dags/tutorial.py
[2023-08-12T04:24:54.736+0000] {processor.py:826} INFO - Processing file /home/airflow/.local/lib/python3.10/site-packages/airflow/example_dags/tutorial.py for tasks to queue
[2023-08-12T04:24:54.736+0000] {logging_mixin.py:149} INFO - [2023-08-12T04:24:54.736+0000] {dagbag.py:541} INFO - Filling up the DagBag from /home/airflow/.local/lib/python3.10/site-packages/airflow/example_dags/tutorial.py
[2023-08-12T04:24:54.739+0000] {processor.py:836} INFO - DAG(s) dict_keys(['tutorial']) retrieved from /home/airflow/.local/lib/python3.10/site-packages/airflow/example_dags/tutorial.py
[2023-08-12T04:24:54.748+0000] {logging_mixin.py:149} INFO - [2023-08-12T04:24:54.748+0000] {dag.py:2726} INFO - Sync 1 DAGs
[2023-08-12T04:24:54.757+0000] {logging_mixin.py:149} INFO - [2023-08-12T04:24:54.757+0000] {dag.py:3486} INFO - Setting next_dagrun for tutorial to 2023-08-11T04:24:54.757714+00:00, run_after=2023-08-12T04:24:54.757714+00:00
[2023-08-12T04:24:54.764+0000] {processor.py:179} INFO - Processing /home/airflow/.local/lib/python3.10/site-packages/airflow/example_dags/tutorial.py took 0.030 seconds
[2023-08-12T04:25:25.195+0000] {processor.py:157} INFO - Started process (PID=183) to work on /home/airflow/.local/lib/python3.10/site-packages/airflow/example_dags/tutorial.py
[2023-08-12T04:25:25.196+0000] {processor.py:826} INFO - Processing file /home/airflow/.local/lib/python3.10/site-packages/airflow/example_dags/tutorial.py for tasks to queue
[2023-08-12T04:25:25.196+0000] {logging_mixin.py:149} INFO - [2023-08-12T04:25:25.196+0000] {dagbag.py:541} INFO - Filling up the DagBag from /home/airflow/.local/lib/python3.10/site-packages/airflow/example_dags/tutorial.py
[2023-08-12T04:25:25.199+0000] {processor.py:836} INFO - DAG(s) dict_keys(['tutorial']) retrieved from /home/airflow/.local/lib/python3.10/site-packages/airflow/example_dags/tutorial.py
[2023-08-12T04:25:25.208+0000] {logging_mixin.py:149} INFO - [2023-08-12T04:25:25.208+0000] {dag.py:2726} INFO - Sync 1 DAGs
[2023-08-12T04:25:25.218+0000] {logging_mixin.py:149} INFO - [2023-08-12T04:25:25.218+0000] {dag.py:3486} INFO - Setting next_dagrun for tutorial to 2023-08-11T04:25:25.217902+00:00, run_after=2023-08-12T04:25:25.217902+00:00
[2023-08-12T04:25:25.224+0000] {processor.py:179} INFO - Processing /home/airflow/.local/lib/python3.10/site-packages/airflow/example_dags/tutorial.py took 0.030 seconds
[2023-08-12T04:25:55.507+0000] {processor.py:157} INFO - Started process (PID=260) to work on /home/airflow/.local/lib/python3.10/site-packages/airflow/example_dags/tutorial.py
[2023-08-12T04:25:55.508+0000] {processor.py:826} INFO - Processing file /home/airflow/.local/lib/python3.10/site-packages/airflow/example_dags/tutorial.py for tasks to queue
[2023-08-12T04:25:55.508+0000] {logging_mixin.py:149} INFO - [2023-08-12T04:25:55.508+0000] {dagbag.py:541} INFO - Filling up the DagBag from /home/airflow/.local/lib/python3.10/site-packages/airflow/example_dags/tutorial.py
[2023-08-12T04:25:55.511+0000] {processor.py:836} INFO - DAG(s) dict_keys(['tutorial']) retrieved from /home/airflow/.local/lib/python3.10/site-packages/airflow/example_dags/tutorial.py
[2023-08-12T04:25:55.521+0000] {logging_mixin.py:149} INFO - [2023-08-12T04:25:55.520+0000] {dag.py:2726} INFO - Sync 1 DAGs
[2023-08-12T04:25:55.530+0000] {logging_mixin.py:149} INFO - [2023-08-12T04:25:55.530+0000] {dag.py:3486} INFO - Setting next_dagrun for tutorial to 2023-08-11T04:25:55.530389+00:00, run_after=2023-08-12T04:25:55.530389+00:00
[2023-08-12T04:25:55.537+0000] {processor.py:179} INFO - Processing /home/airflow/.local/lib/python3.10/site-packages/airflow/example_dags/tutorial.py took 0.031 seconds
[2023-08-12T04:26:25.994+0000] {processor.py:157} INFO - Started process (PID=336) to work on /home/airflow/.local/lib/python3.10/site-packages/airflow/example_dags/tutorial.py
[2023-08-12T04:26:25.994+0000] {processor.py:826} INFO - Processing file /home/airflow/.local/lib/python3.10/site-packages/airflow/example_dags/tutorial.py for tasks to queue
[2023-08-12T04:26:25.994+0000] {logging_mixin.py:149} INFO - [2023-08-12T04:26:25.994+0000] {dagbag.py:541} INFO - Filling up the DagBag from /home/airflow/.local/lib/python3.10/site-packages/airflow/example_dags/tutorial.py
[2023-08-12T04:26:25.997+0000] {processor.py:836} INFO - DAG(s) dict_keys(['tutorial']) retrieved from /home/airflow/.local/lib/python3.10/site-packages/airflow/example_dags/tutorial.py
[2023-08-12T04:26:26.006+0000] {logging_mixin.py:149} INFO - [2023-08-12T04:26:26.006+0000] {dag.py:2726} INFO - Sync 1 DAGs
[2023-08-12T04:26:26.017+0000] {logging_mixin.py:149} INFO - [2023-08-12T04:26:26.017+0000] {dag.py:3486} INFO - Setting next_dagrun for tutorial to 2023-08-11T04:26:26.017095+00:00, run_after=2023-08-12T04:26:26.017095+00:00
[2023-08-12T04:26:26.024+0000] {processor.py:179} INFO - Processing /home/airflow/.local/lib/python3.10/site-packages/airflow/example_dags/tutorial.py took 0.032 seconds
[2023-08-12T04:26:56.544+0000] {processor.py:157} INFO - Started process (PID=413) to work on /home/airflow/.local/lib/python3.10/site-packages/airflow/example_dags/tutorial.py
[2023-08-12T04:26:56.544+0000] {processor.py:826} INFO - Processing file /home/airflow/.local/lib/python3.10/site-packages/airflow/example_dags/tutorial.py for tasks to queue
[2023-08-12T04:26:56.544+0000] {logging_mixin.py:149} INFO - [2023-08-12T04:26:56.544+0000] {dagbag.py:541} INFO - Filling up the DagBag from /home/airflow/.local/lib/python3.10/site-packages/airflow/example_dags/tutorial.py
[2023-08-12T04:26:56.547+0000] {processor.py:836} INFO - DAG(s) dict_keys(['tutorial']) retrieved from /home/airflow/.local/lib/python3.10/site-packages/airflow/example_dags/tutorial.py
[2023-08-12T04:26:56.556+0000] {logging_mixin.py:149} INFO - [2023-08-12T04:26:56.556+0000] {dag.py:2726} INFO - Sync 1 DAGs
[2023-08-12T04:26:56.568+0000] {logging_mixin.py:149} INFO - [2023-08-12T04:26:56.568+0000] {dag.py:3486} INFO - Setting next_dagrun for tutorial to 2023-08-11T04:26:56.568591+00:00, run_after=2023-08-12T04:26:56.568591+00:00
[2023-08-12T04:26:56.575+0000] {processor.py:179} INFO - Processing /home/airflow/.local/lib/python3.10/site-packages/airflow/example_dags/tutorial.py took 0.033 seconds
[2023-08-12T04:27:27.092+0000] {processor.py:157} INFO - Started process (PID=490) to work on /home/airflow/.local/lib/python3.10/site-packages/airflow/example_dags/tutorial.py
[2023-08-12T04:27:27.093+0000] {processor.py:826} INFO - Processing file /home/airflow/.local/lib/python3.10/site-packages/airflow/example_dags/tutorial.py for tasks to queue
[2023-08-12T04:27:27.093+0000] {logging_mixin.py:149} INFO - [2023-08-12T04:27:27.093+0000] {dagbag.py:541} INFO - Filling up the DagBag from /home/airflow/.local/lib/python3.10/site-packages/airflow/example_dags/tutorial.py
[2023-08-12T04:27:27.096+0000] {processor.py:836} INFO - DAG(s) dict_keys(['tutorial']) retrieved from /home/airflow/.local/lib/python3.10/site-packages/airflow/example_dags/tutorial.py
[2023-08-12T04:27:27.105+0000] {logging_mixin.py:149} INFO - [2023-08-12T04:27:27.105+0000] {dag.py:2726} INFO - Sync 1 DAGs
[2023-08-12T04:27:27.114+0000] {logging_mixin.py:149} INFO - [2023-08-12T04:27:27.114+0000] {dag.py:3486} INFO - Setting next_dagrun for tutorial to 2023-08-11T04:27:27.114783+00:00, run_after=2023-08-12T04:27:27.114783+00:00
[2023-08-12T04:27:27.121+0000] {processor.py:179} INFO - Processing /home/airflow/.local/lib/python3.10/site-packages/airflow/example_dags/tutorial.py took 0.030 seconds
[2023-08-12T04:27:57.495+0000] {processor.py:157} INFO - Started process (PID=567) to work on /home/airflow/.local/lib/python3.10/site-packages/airflow/example_dags/tutorial.py
[2023-08-12T04:27:57.495+0000] {processor.py:826} INFO - Processing file /home/airflow/.local/lib/python3.10/site-packages/airflow/example_dags/tutorial.py for tasks to queue
[2023-08-12T04:27:57.496+0000] {logging_mixin.py:149} INFO - [2023-08-12T04:27:57.496+0000] {dagbag.py:541} INFO - Filling up the DagBag from /home/airflow/.local/lib/python3.10/site-packages/airflow/example_dags/tutorial.py
[2023-08-12T04:27:57.498+0000] {processor.py:836} INFO - DAG(s) dict_keys(['tutorial']) retrieved from /home/airflow/.local/lib/python3.10/site-packages/airflow/example_dags/tutorial.py
[2023-08-12T04:27:57.508+0000] {logging_mixin.py:149} INFO - [2023-08-12T04:27:57.508+0000] {dag.py:2726} INFO - Sync 1 DAGs
[2023-08-12T04:27:57.518+0000] {logging_mixin.py:149} INFO - [2023-08-12T04:27:57.518+0000] {dag.py:3486} INFO - Setting next_dagrun for tutorial to 2023-08-11T04:27:57.518329+00:00, run_after=2023-08-12T04:27:57.518329+00:00
[2023-08-12T04:27:57.525+0000] {processor.py:179} INFO - Processing /home/airflow/.local/lib/python3.10/site-packages/airflow/example_dags/tutorial.py took 0.031 seconds
[2023-08-12T04:28:27.994+0000] {processor.py:157} INFO - Started process (PID=644) to work on /home/airflow/.local/lib/python3.10/site-packages/airflow/example_dags/tutorial.py
[2023-08-12T04:28:27.994+0000] {processor.py:826} INFO - Processing file /home/airflow/.local/lib/python3.10/site-packages/airflow/example_dags/tutorial.py for tasks to queue
[2023-08-12T04:28:27.994+0000] {logging_mixin.py:149} INFO - [2023-08-12T04:28:27.994+0000] {dagbag.py:541} INFO - Filling up the DagBag from /home/airflow/.local/lib/python3.10/site-packages/airflow/example_dags/tutorial.py
[2023-08-12T04:28:27.997+0000] {processor.py:836} INFO - DAG(s) dict_keys(['tutorial']) retrieved from /home/airflow/.local/lib/python3.10/site-packages/airflow/example_dags/tutorial.py
[2023-08-12T04:28:28.006+0000] {logging_mixin.py:149} INFO - [2023-08-12T04:28:28.006+0000] {dag.py:2726} INFO - Sync 1 DAGs
[2023-08-12T04:28:28.016+0000] {logging_mixin.py:149} INFO - [2023-08-12T04:28:28.016+0000] {dag.py:3486} INFO - Setting next_dagrun for tutorial to 2023-08-11T04:28:28.016048+00:00, run_after=2023-08-12T04:28:28.016048+00:00
[2023-08-12T04:28:28.023+0000] {processor.py:179} INFO - Processing /home/airflow/.local/lib/python3.10/site-packages/airflow/example_dags/tutorial.py took 0.030 seconds
[2023-08-12T04:28:58.351+0000] {processor.py:157} INFO - Started process (PID=721) to work on /home/airflow/.local/lib/python3.10/site-packages/airflow/example_dags/tutorial.py
[2023-08-12T04:28:58.352+0000] {processor.py:826} INFO - Processing file /home/airflow/.local/lib/python3.10/site-packages/airflow/example_dags/tutorial.py for tasks to queue
[2023-08-12T04:28:58.352+0000] {logging_mixin.py:149} INFO - [2023-08-12T04:28:58.352+0000] {dagbag.py:541} INFO - Filling up the DagBag from /home/airflow/.local/lib/python3.10/site-packages/airflow/example_dags/tutorial.py
[2023-08-12T04:28:58.355+0000] {processor.py:836} INFO - DAG(s) dict_keys(['tutorial']) retrieved from /home/airflow/.local/lib/python3.10/site-packages/airflow/example_dags/tutorial.py
[2023-08-12T04:28:58.364+0000] {logging_mixin.py:149} INFO - [2023-08-12T04:28:58.364+0000] {dag.py:2726} INFO - Sync 1 DAGs
[2023-08-12T04:28:58.374+0000] {logging_mixin.py:149} INFO - [2023-08-12T04:28:58.374+0000] {dag.py:3486} INFO - Setting next_dagrun for tutorial to 2023-08-11T04:28:58.374002+00:00, run_after=2023-08-12T04:28:58.374002+00:00
[2023-08-12T04:28:58.381+0000] {processor.py:179} INFO - Processing /home/airflow/.local/lib/python3.10/site-packages/airflow/example_dags/tutorial.py took 0.031 seconds
[2023-08-12T04:29:28.800+0000] {processor.py:157} INFO - Started process (PID=797) to work on /home/airflow/.local/lib/python3.10/site-packages/airflow/example_dags/tutorial.py
[2023-08-12T04:29:28.800+0000] {processor.py:826} INFO - Processing file /home/airflow/.local/lib/python3.10/site-packages/airflow/example_dags/tutorial.py for tasks to queue
[2023-08-12T04:29:28.801+0000] {logging_mixin.py:149} INFO - [2023-08-12T04:29:28.801+0000] {dagbag.py:541} INFO - Filling up the DagBag from /home/airflow/.local/lib/python3.10/site-packages/airflow/example_dags/tutorial.py
[2023-08-12T04:29:28.803+0000] {processor.py:836} INFO - DAG(s) dict_keys(['tutorial']) retrieved from /home/airflow/.local/lib/python3.10/site-packages/airflow/example_dags/tutorial.py
[2023-08-12T04:29:28.813+0000] {logging_mixin.py:149} INFO - [2023-08-12T04:29:28.813+0000] {dag.py:2726} INFO - Sync 1 DAGs
[2023-08-12T04:29:28.822+0000] {logging_mixin.py:149} INFO - [2023-08-12T04:29:28.822+0000] {dag.py:3486} INFO - Setting next_dagrun for tutorial to 2023-08-11T04:29:28.822435+00:00, run_after=2023-08-12T04:29:28.822435+00:00
[2023-08-12T04:29:28.829+0000] {processor.py:179} INFO - Processing /home/airflow/.local/lib/python3.10/site-packages/airflow/example_dags/tutorial.py took 0.031 seconds
[2023-08-12T04:29:59.241+0000] {processor.py:157} INFO - Started process (PID=874) to work on /home/airflow/.local/lib/python3.10/site-packages/airflow/example_dags/tutorial.py
[2023-08-12T04:29:59.241+0000] {processor.py:826} INFO - Processing file /home/airflow/.local/lib/python3.10/site-packages/airflow/example_dags/tutorial.py for tasks to queue
[2023-08-12T04:29:59.241+0000] {logging_mixin.py:149} INFO - [2023-08-12T04:29:59.241+0000] {dagbag.py:541} INFO - Filling up the DagBag from /home/airflow/.local/lib/python3.10/site-packages/airflow/example_dags/tutorial.py
[2023-08-12T04:29:59.244+0000] {processor.py:836} INFO - DAG(s) dict_keys(['tutorial']) retrieved from /home/airflow/.local/lib/python3.10/site-packages/airflow/example_dags/tutorial.py
[2023-08-12T04:29:59.253+0000] {logging_mixin.py:149} INFO - [2023-08-12T04:29:59.253+0000] {dag.py:2726} INFO - Sync 1 DAGs
[2023-08-12T04:29:59.263+0000] {logging_mixin.py:149} INFO - [2023-08-12T04:29:59.263+0000] {dag.py:3486} INFO - Setting next_dagrun for tutorial to 2023-08-11T04:29:59.262935+00:00, run_after=2023-08-12T04:29:59.262935+00:00
[2023-08-12T04:29:59.269+0000] {processor.py:179} INFO - Processing /home/airflow/.local/lib/python3.10/site-packages/airflow/example_dags/tutorial.py took 0.030 seconds
[2023-08-12T04:30:29.718+0000] {processor.py:157} INFO - Started process (PID=951) to work on /home/airflow/.local/lib/python3.10/site-packages/airflow/example_dags/tutorial.py
[2023-08-12T04:30:29.719+0000] {processor.py:826} INFO - Processing file /home/airflow/.local/lib/python3.10/site-packages/airflow/example_dags/tutorial.py for tasks to queue
[2023-08-12T04:30:29.719+0000] {logging_mixin.py:149} INFO - [2023-08-12T04:30:29.719+0000] {dagbag.py:541} INFO - Filling up the DagBag from /home/airflow/.local/lib/python3.10/site-packages/airflow/example_dags/tutorial.py
[2023-08-12T04:30:29.722+0000] {processor.py:836} INFO - DAG(s) dict_keys(['tutorial']) retrieved from /home/airflow/.local/lib/python3.10/site-packages/airflow/example_dags/tutorial.py
[2023-08-12T04:30:29.731+0000] {logging_mixin.py:149} INFO - [2023-08-12T04:30:29.731+0000] {dag.py:2726} INFO - Sync 1 DAGs
[2023-08-12T04:30:29.741+0000] {logging_mixin.py:149} INFO - [2023-08-12T04:30:29.741+0000] {dag.py:3486} INFO - Setting next_dagrun for tutorial to 2023-08-11T04:30:29.740965+00:00, run_after=2023-08-12T04:30:29.740965+00:00
[2023-08-12T04:30:29.748+0000] {processor.py:179} INFO - Processing /home/airflow/.local/lib/python3.10/site-packages/airflow/example_dags/tutorial.py took 0.030 seconds
[2023-08-12T04:31:28.284+0000] {processor.py:157} INFO - Started process (PID=29) to work on /home/airflow/.local/lib/python3.10/site-packages/airflow/example_dags/tutorial.py
[2023-08-12T04:31:28.285+0000] {processor.py:826} INFO - Processing file /home/airflow/.local/lib/python3.10/site-packages/airflow/example_dags/tutorial.py for tasks to queue
[2023-08-12T04:31:28.285+0000] {logging_mixin.py:149} INFO - [2023-08-12T04:31:28.285+0000] {dagbag.py:541} INFO - Filling up the DagBag from /home/airflow/.local/lib/python3.10/site-packages/airflow/example_dags/tutorial.py
[2023-08-12T04:31:28.289+0000] {processor.py:836} INFO - DAG(s) dict_keys(['tutorial']) retrieved from /home/airflow/.local/lib/python3.10/site-packages/airflow/example_dags/tutorial.py
[2023-08-12T04:31:28.294+0000] {logging_mixin.py:149} INFO - [2023-08-12T04:31:28.294+0000] {dag.py:2726} INFO - Sync 1 DAGs
[2023-08-12T04:31:28.304+0000] {logging_mixin.py:149} INFO - [2023-08-12T04:31:28.304+0000] {dag.py:3486} INFO - Setting next_dagrun for tutorial to 2023-08-11T04:31:28.304793+00:00, run_after=2023-08-12T04:31:28.304793+00:00
[2023-08-12T04:31:28.312+0000] {processor.py:179} INFO - Processing /home/airflow/.local/lib/python3.10/site-packages/airflow/example_dags/tutorial.py took 0.029 seconds
[2023-08-12T04:31:58.547+0000] {processor.py:157} INFO - Started process (PID=105) to work on /home/airflow/.local/lib/python3.10/site-packages/airflow/example_dags/tutorial.py
[2023-08-12T04:31:58.548+0000] {processor.py:826} INFO - Processing file /home/airflow/.local/lib/python3.10/site-packages/airflow/example_dags/tutorial.py for tasks to queue
[2023-08-12T04:31:58.548+0000] {logging_mixin.py:149} INFO - [2023-08-12T04:31:58.548+0000] {dagbag.py:541} INFO - Filling up the DagBag from /home/airflow/.local/lib/python3.10/site-packages/airflow/example_dags/tutorial.py
[2023-08-12T04:31:58.550+0000] {processor.py:836} INFO - DAG(s) dict_keys(['tutorial']) retrieved from /home/airflow/.local/lib/python3.10/site-packages/airflow/example_dags/tutorial.py
[2023-08-12T04:31:58.560+0000] {logging_mixin.py:149} INFO - [2023-08-12T04:31:58.560+0000] {dag.py:2726} INFO - Sync 1 DAGs
[2023-08-12T04:31:58.570+0000] {logging_mixin.py:149} INFO - [2023-08-12T04:31:58.570+0000] {dag.py:3486} INFO - Setting next_dagrun for tutorial to 2023-08-11T04:31:58.570074+00:00, run_after=2023-08-12T04:31:58.570074+00:00
[2023-08-12T04:31:58.577+0000] {processor.py:179} INFO - Processing /home/airflow/.local/lib/python3.10/site-packages/airflow/example_dags/tutorial.py took 0.031 seconds
[2023-08-12T04:32:29.031+0000] {processor.py:157} INFO - Started process (PID=182) to work on /home/airflow/.local/lib/python3.10/site-packages/airflow/example_dags/tutorial.py
[2023-08-12T04:32:29.031+0000] {processor.py:826} INFO - Processing file /home/airflow/.local/lib/python3.10/site-packages/airflow/example_dags/tutorial.py for tasks to queue
[2023-08-12T04:32:29.032+0000] {logging_mixin.py:149} INFO - [2023-08-12T04:32:29.032+0000] {dagbag.py:541} INFO - Filling up the DagBag from /home/airflow/.local/lib/python3.10/site-packages/airflow/example_dags/tutorial.py
[2023-08-12T04:32:29.035+0000] {processor.py:836} INFO - DAG(s) dict_keys(['tutorial']) retrieved from /home/airflow/.local/lib/python3.10/site-packages/airflow/example_dags/tutorial.py
[2023-08-12T04:32:29.044+0000] {logging_mixin.py:149} INFO - [2023-08-12T04:32:29.044+0000] {dag.py:2726} INFO - Sync 1 DAGs
[2023-08-12T04:32:29.054+0000] {logging_mixin.py:149} INFO - [2023-08-12T04:32:29.054+0000] {dag.py:3486} INFO - Setting next_dagrun for tutorial to 2023-08-11T04:32:29.053922+00:00, run_after=2023-08-12T04:32:29.053922+00:00
[2023-08-12T04:32:29.061+0000] {processor.py:179} INFO - Processing /home/airflow/.local/lib/python3.10/site-packages/airflow/example_dags/tutorial.py took 0.031 seconds
[2023-08-12T04:32:59.369+0000] {processor.py:157} INFO - Started process (PID=259) to work on /home/airflow/.local/lib/python3.10/site-packages/airflow/example_dags/tutorial.py
[2023-08-12T04:32:59.369+0000] {processor.py:826} INFO - Processing file /home/airflow/.local/lib/python3.10/site-packages/airflow/example_dags/tutorial.py for tasks to queue
[2023-08-12T04:32:59.369+0000] {logging_mixin.py:149} INFO - [2023-08-12T04:32:59.369+0000] {dagbag.py:541} INFO - Filling up the DagBag from /home/airflow/.local/lib/python3.10/site-packages/airflow/example_dags/tutorial.py
[2023-08-12T04:32:59.372+0000] {processor.py:836} INFO - DAG(s) dict_keys(['tutorial']) retrieved from /home/airflow/.local/lib/python3.10/site-packages/airflow/example_dags/tutorial.py
[2023-08-12T04:32:59.382+0000] {logging_mixin.py:149} INFO - [2023-08-12T04:32:59.382+0000] {dag.py:2726} INFO - Sync 1 DAGs
[2023-08-12T04:32:59.391+0000] {logging_mixin.py:149} INFO - [2023-08-12T04:32:59.391+0000] {dag.py:3486} INFO - Setting next_dagrun for tutorial to 2023-08-11T04:32:59.391543+00:00, run_after=2023-08-12T04:32:59.391543+00:00
[2023-08-12T04:32:59.398+0000] {processor.py:179} INFO - Processing /home/airflow/.local/lib/python3.10/site-packages/airflow/example_dags/tutorial.py took 0.031 seconds
[2023-08-12T04:33:29.638+0000] {processor.py:157} INFO - Started process (PID=335) to work on /home/airflow/.local/lib/python3.10/site-packages/airflow/example_dags/tutorial.py
[2023-08-12T04:33:29.638+0000] {processor.py:826} INFO - Processing file /home/airflow/.local/lib/python3.10/site-packages/airflow/example_dags/tutorial.py for tasks to queue
[2023-08-12T04:33:29.639+0000] {logging_mixin.py:149} INFO - [2023-08-12T04:33:29.639+0000] {dagbag.py:541} INFO - Filling up the DagBag from /home/airflow/.local/lib/python3.10/site-packages/airflow/example_dags/tutorial.py
[2023-08-12T04:33:29.641+0000] {processor.py:836} INFO - DAG(s) dict_keys(['tutorial']) retrieved from /home/airflow/.local/lib/python3.10/site-packages/airflow/example_dags/tutorial.py
[2023-08-12T04:33:29.651+0000] {logging_mixin.py:149} INFO - [2023-08-12T04:33:29.651+0000] {dag.py:2726} INFO - Sync 1 DAGs
[2023-08-12T04:33:29.661+0000] {logging_mixin.py:149} INFO - [2023-08-12T04:33:29.660+0000] {dag.py:3486} INFO - Setting next_dagrun for tutorial to 2023-08-11T04:33:29.660859+00:00, run_after=2023-08-12T04:33:29.660859+00:00
[2023-08-12T04:33:29.668+0000] {processor.py:179} INFO - Processing /home/airflow/.local/lib/python3.10/site-packages/airflow/example_dags/tutorial.py took 0.031 seconds
[2023-08-12T04:34:00.121+0000] {processor.py:157} INFO - Started process (PID=412) to work on /home/airflow/.local/lib/python3.10/site-packages/airflow/example_dags/tutorial.py
[2023-08-12T04:34:00.121+0000] {processor.py:826} INFO - Processing file /home/airflow/.local/lib/python3.10/site-packages/airflow/example_dags/tutorial.py for tasks to queue
[2023-08-12T04:34:00.121+0000] {logging_mixin.py:149} INFO - [2023-08-12T04:34:00.121+0000] {dagbag.py:541} INFO - Filling up the DagBag from /home/airflow/.local/lib/python3.10/site-packages/airflow/example_dags/tutorial.py
[2023-08-12T04:34:00.124+0000] {processor.py:836} INFO - DAG(s) dict_keys(['tutorial']) retrieved from /home/airflow/.local/lib/python3.10/site-packages/airflow/example_dags/tutorial.py
[2023-08-12T04:34:00.134+0000] {logging_mixin.py:149} INFO - [2023-08-12T04:34:00.134+0000] {dag.py:2726} INFO - Sync 1 DAGs
[2023-08-12T04:34:00.144+0000] {logging_mixin.py:149} INFO - [2023-08-12T04:34:00.144+0000] {dag.py:3486} INFO - Setting next_dagrun for tutorial to 2023-08-11T04:34:00.143976+00:00, run_after=2023-08-12T04:34:00.143976+00:00
[2023-08-12T04:34:00.151+0000] {processor.py:179} INFO - Processing /home/airflow/.local/lib/python3.10/site-packages/airflow/example_dags/tutorial.py took 0.031 seconds
[2023-08-12T04:34:30.565+0000] {processor.py:157} INFO - Started process (PID=489) to work on /home/airflow/.local/lib/python3.10/site-packages/airflow/example_dags/tutorial.py
[2023-08-12T04:34:30.565+0000] {processor.py:826} INFO - Processing file /home/airflow/.local/lib/python3.10/site-packages/airflow/example_dags/tutorial.py for tasks to queue
[2023-08-12T04:34:30.566+0000] {logging_mixin.py:149} INFO - [2023-08-12T04:34:30.566+0000] {dagbag.py:541} INFO - Filling up the DagBag from /home/airflow/.local/lib/python3.10/site-packages/airflow/example_dags/tutorial.py
[2023-08-12T04:34:30.568+0000] {processor.py:836} INFO - DAG(s) dict_keys(['tutorial']) retrieved from /home/airflow/.local/lib/python3.10/site-packages/airflow/example_dags/tutorial.py
[2023-08-12T04:34:30.578+0000] {logging_mixin.py:149} INFO - [2023-08-12T04:34:30.578+0000] {dag.py:2726} INFO - Sync 1 DAGs
[2023-08-12T04:34:30.587+0000] {logging_mixin.py:149} INFO - [2023-08-12T04:34:30.587+0000] {dag.py:3486} INFO - Setting next_dagrun for tutorial to 2023-08-11T04:34:30.587712+00:00, run_after=2023-08-12T04:34:30.587712+00:00
[2023-08-12T04:34:30.594+0000] {processor.py:179} INFO - Processing /home/airflow/.local/lib/python3.10/site-packages/airflow/example_dags/tutorial.py took 0.030 seconds
[2023-08-12T04:35:01.163+0000] {processor.py:157} INFO - Started process (PID=566) to work on /home/airflow/.local/lib/python3.10/site-packages/airflow/example_dags/tutorial.py
[2023-08-12T04:35:01.163+0000] {processor.py:826} INFO - Processing file /home/airflow/.local/lib/python3.10/site-packages/airflow/example_dags/tutorial.py for tasks to queue
[2023-08-12T04:35:01.163+0000] {logging_mixin.py:149} INFO - [2023-08-12T04:35:01.163+0000] {dagbag.py:541} INFO - Filling up the DagBag from /home/airflow/.local/lib/python3.10/site-packages/airflow/example_dags/tutorial.py
[2023-08-12T04:35:01.166+0000] {processor.py:836} INFO - DAG(s) dict_keys(['tutorial']) retrieved from /home/airflow/.local/lib/python3.10/site-packages/airflow/example_dags/tutorial.py
[2023-08-12T04:35:01.176+0000] {logging_mixin.py:149} INFO - [2023-08-12T04:35:01.175+0000] {dag.py:2726} INFO - Sync 1 DAGs
[2023-08-12T04:35:01.185+0000] {logging_mixin.py:149} INFO - [2023-08-12T04:35:01.185+0000] {dag.py:3486} INFO - Setting next_dagrun for tutorial to 2023-08-11T04:35:01.185803+00:00, run_after=2023-08-12T04:35:01.185803+00:00
[2023-08-12T04:35:01.192+0000] {processor.py:179} INFO - Processing /home/airflow/.local/lib/python3.10/site-packages/airflow/example_dags/tutorial.py took 0.031 seconds
[2023-08-12T04:35:31.581+0000] {processor.py:157} INFO - Started process (PID=643) to work on /home/airflow/.local/lib/python3.10/site-packages/airflow/example_dags/tutorial.py
[2023-08-12T04:35:31.582+0000] {processor.py:826} INFO - Processing file /home/airflow/.local/lib/python3.10/site-packages/airflow/example_dags/tutorial.py for tasks to queue
[2023-08-12T04:35:31.582+0000] {logging_mixin.py:149} INFO - [2023-08-12T04:35:31.582+0000] {dagbag.py:541} INFO - Filling up the DagBag from /home/airflow/.local/lib/python3.10/site-packages/airflow/example_dags/tutorial.py
[2023-08-12T04:35:31.585+0000] {processor.py:836} INFO - DAG(s) dict_keys(['tutorial']) retrieved from /home/airflow/.local/lib/python3.10/site-packages/airflow/example_dags/tutorial.py
[2023-08-12T04:35:31.594+0000] {logging_mixin.py:149} INFO - [2023-08-12T04:35:31.594+0000] {dag.py:2726} INFO - Sync 1 DAGs
[2023-08-12T04:35:31.604+0000] {logging_mixin.py:149} INFO - [2023-08-12T04:35:31.604+0000] {dag.py:3486} INFO - Setting next_dagrun for tutorial to 2023-08-11T04:35:31.604541+00:00, run_after=2023-08-12T04:35:31.604541+00:00
[2023-08-12T04:35:31.612+0000] {processor.py:179} INFO - Processing /home/airflow/.local/lib/python3.10/site-packages/airflow/example_dags/tutorial.py took 0.032 seconds
[2023-08-12T04:36:01.933+0000] {processor.py:157} INFO - Started process (PID=720) to work on /home/airflow/.local/lib/python3.10/site-packages/airflow/example_dags/tutorial.py
[2023-08-12T04:36:01.933+0000] {processor.py:826} INFO - Processing file /home/airflow/.local/lib/python3.10/site-packages/airflow/example_dags/tutorial.py for tasks to queue
[2023-08-12T04:36:01.934+0000] {logging_mixin.py:149} INFO - [2023-08-12T04:36:01.934+0000] {dagbag.py:541} INFO - Filling up the DagBag from /home/airflow/.local/lib/python3.10/site-packages/airflow/example_dags/tutorial.py
[2023-08-12T04:36:01.936+0000] {processor.py:836} INFO - DAG(s) dict_keys(['tutorial']) retrieved from /home/airflow/.local/lib/python3.10/site-packages/airflow/example_dags/tutorial.py
[2023-08-12T04:36:01.946+0000] {logging_mixin.py:149} INFO - [2023-08-12T04:36:01.946+0000] {dag.py:2726} INFO - Sync 1 DAGs
[2023-08-12T04:36:01.956+0000] {logging_mixin.py:149} INFO - [2023-08-12T04:36:01.956+0000] {dag.py:3486} INFO - Setting next_dagrun for tutorial to 2023-08-11T04:36:01.956303+00:00, run_after=2023-08-12T04:36:01.956303+00:00
[2023-08-12T04:36:01.963+0000] {processor.py:179} INFO - Processing /home/airflow/.local/lib/python3.10/site-packages/airflow/example_dags/tutorial.py took 0.031 seconds
[2023-08-12T04:36:32.324+0000] {processor.py:157} INFO - Started process (PID=797) to work on /home/airflow/.local/lib/python3.10/site-packages/airflow/example_dags/tutorial.py
[2023-08-12T04:36:32.325+0000] {processor.py:826} INFO - Processing file /home/airflow/.local/lib/python3.10/site-packages/airflow/example_dags/tutorial.py for tasks to queue
[2023-08-12T04:36:32.325+0000] {logging_mixin.py:149} INFO - [2023-08-12T04:36:32.325+0000] {dagbag.py:541} INFO - Filling up the DagBag from /home/airflow/.local/lib/python3.10/site-packages/airflow/example_dags/tutorial.py
[2023-08-12T04:36:32.328+0000] {processor.py:836} INFO - DAG(s) dict_keys(['tutorial']) retrieved from /home/airflow/.local/lib/python3.10/site-packages/airflow/example_dags/tutorial.py
[2023-08-12T04:36:32.338+0000] {logging_mixin.py:149} INFO - [2023-08-12T04:36:32.338+0000] {dag.py:2726} INFO - Sync 1 DAGs
[2023-08-12T04:36:32.347+0000] {logging_mixin.py:149} INFO - [2023-08-12T04:36:32.347+0000] {dag.py:3486} INFO - Setting next_dagrun for tutorial to 2023-08-11T04:36:32.347690+00:00, run_after=2023-08-12T04:36:32.347690+00:00
[2023-08-12T04:36:32.354+0000] {processor.py:179} INFO - Processing /home/airflow/.local/lib/python3.10/site-packages/airflow/example_dags/tutorial.py took 0.031 seconds
[2023-08-12T04:37:02.775+0000] {processor.py:157} INFO - Started process (PID=874) to work on /home/airflow/.local/lib/python3.10/site-packages/airflow/example_dags/tutorial.py
[2023-08-12T04:37:02.776+0000] {processor.py:826} INFO - Processing file /home/airflow/.local/lib/python3.10/site-packages/airflow/example_dags/tutorial.py for tasks to queue
[2023-08-12T04:37:02.776+0000] {logging_mixin.py:149} INFO - [2023-08-12T04:37:02.776+0000] {dagbag.py:541} INFO - Filling up the DagBag from /home/airflow/.local/lib/python3.10/site-packages/airflow/example_dags/tutorial.py
[2023-08-12T04:37:02.779+0000] {processor.py:836} INFO - DAG(s) dict_keys(['tutorial']) retrieved from /home/airflow/.local/lib/python3.10/site-packages/airflow/example_dags/tutorial.py
[2023-08-12T04:37:02.790+0000] {logging_mixin.py:149} INFO - [2023-08-12T04:37:02.790+0000] {dag.py:2726} INFO - Sync 1 DAGs
[2023-08-12T04:37:02.800+0000] {logging_mixin.py:149} INFO - [2023-08-12T04:37:02.800+0000] {dag.py:3486} INFO - Setting next_dagrun for tutorial to 2023-08-11T04:37:02.800500+00:00, run_after=2023-08-12T04:37:02.800500+00:00
[2023-08-12T04:37:02.808+0000] {processor.py:179} INFO - Processing /home/airflow/.local/lib/python3.10/site-packages/airflow/example_dags/tutorial.py took 0.033 seconds
[2023-08-12T04:37:33.168+0000] {processor.py:157} INFO - Started process (PID=951) to work on /home/airflow/.local/lib/python3.10/site-packages/airflow/example_dags/tutorial.py
[2023-08-12T04:37:33.169+0000] {processor.py:826} INFO - Processing file /home/airflow/.local/lib/python3.10/site-packages/airflow/example_dags/tutorial.py for tasks to queue
[2023-08-12T04:37:33.169+0000] {logging_mixin.py:149} INFO - [2023-08-12T04:37:33.169+0000] {dagbag.py:541} INFO - Filling up the DagBag from /home/airflow/.local/lib/python3.10/site-packages/airflow/example_dags/tutorial.py
[2023-08-12T04:37:33.172+0000] {processor.py:836} INFO - DAG(s) dict_keys(['tutorial']) retrieved from /home/airflow/.local/lib/python3.10/site-packages/airflow/example_dags/tutorial.py
[2023-08-12T04:37:33.181+0000] {logging_mixin.py:149} INFO - [2023-08-12T04:37:33.181+0000] {dag.py:2726} INFO - Sync 1 DAGs
[2023-08-12T04:37:33.191+0000] {logging_mixin.py:149} INFO - [2023-08-12T04:37:33.191+0000] {dag.py:3486} INFO - Setting next_dagrun for tutorial to 2023-08-11T04:37:33.190980+00:00, run_after=2023-08-12T04:37:33.190980+00:00
[2023-08-12T04:37:33.198+0000] {processor.py:179} INFO - Processing /home/airflow/.local/lib/python3.10/site-packages/airflow/example_dags/tutorial.py took 0.031 seconds
[2023-08-12T04:38:03.668+0000] {processor.py:157} INFO - Started process (PID=1028) to work on /home/airflow/.local/lib/python3.10/site-packages/airflow/example_dags/tutorial.py
[2023-08-12T04:38:03.668+0000] {processor.py:826} INFO - Processing file /home/airflow/.local/lib/python3.10/site-packages/airflow/example_dags/tutorial.py for tasks to queue
[2023-08-12T04:38:03.668+0000] {logging_mixin.py:149} INFO - [2023-08-12T04:38:03.668+0000] {dagbag.py:541} INFO - Filling up the DagBag from /home/airflow/.local/lib/python3.10/site-packages/airflow/example_dags/tutorial.py
[2023-08-12T04:38:03.671+0000] {processor.py:836} INFO - DAG(s) dict_keys(['tutorial']) retrieved from /home/airflow/.local/lib/python3.10/site-packages/airflow/example_dags/tutorial.py
[2023-08-12T04:38:03.681+0000] {logging_mixin.py:149} INFO - [2023-08-12T04:38:03.681+0000] {dag.py:2726} INFO - Sync 1 DAGs
[2023-08-12T04:38:03.690+0000] {logging_mixin.py:149} INFO - [2023-08-12T04:38:03.690+0000] {dag.py:3486} INFO - Setting next_dagrun for tutorial to 2023-08-11T04:38:03.690529+00:00, run_after=2023-08-12T04:38:03.690529+00:00
[2023-08-12T04:38:03.697+0000] {processor.py:179} INFO - Processing /home/airflow/.local/lib/python3.10/site-packages/airflow/example_dags/tutorial.py took 0.031 seconds
[2023-08-12T04:38:34.167+0000] {processor.py:157} INFO - Started process (PID=1104) to work on /home/airflow/.local/lib/python3.10/site-packages/airflow/example_dags/tutorial.py
[2023-08-12T04:38:34.167+0000] {processor.py:826} INFO - Processing file /home/airflow/.local/lib/python3.10/site-packages/airflow/example_dags/tutorial.py for tasks to queue
[2023-08-12T04:38:34.168+0000] {logging_mixin.py:149} INFO - [2023-08-12T04:38:34.168+0000] {dagbag.py:541} INFO - Filling up the DagBag from /home/airflow/.local/lib/python3.10/site-packages/airflow/example_dags/tutorial.py
[2023-08-12T04:38:34.170+0000] {processor.py:836} INFO - DAG(s) dict_keys(['tutorial']) retrieved from /home/airflow/.local/lib/python3.10/site-packages/airflow/example_dags/tutorial.py
[2023-08-12T04:38:34.180+0000] {logging_mixin.py:149} INFO - [2023-08-12T04:38:34.180+0000] {dag.py:2726} INFO - Sync 1 DAGs
[2023-08-12T04:38:34.189+0000] {logging_mixin.py:149} INFO - [2023-08-12T04:38:34.189+0000] {dag.py:3486} INFO - Setting next_dagrun for tutorial to 2023-08-11T04:38:34.189659+00:00, run_after=2023-08-12T04:38:34.189659+00:00
[2023-08-12T04:38:34.197+0000] {processor.py:179} INFO - Processing /home/airflow/.local/lib/python3.10/site-packages/airflow/example_dags/tutorial.py took 0.031 seconds
[2023-08-12T04:39:04.633+0000] {processor.py:157} INFO - Started process (PID=1181) to work on /home/airflow/.local/lib/python3.10/site-packages/airflow/example_dags/tutorial.py
[2023-08-12T04:39:04.633+0000] {processor.py:826} INFO - Processing file /home/airflow/.local/lib/python3.10/site-packages/airflow/example_dags/tutorial.py for tasks to queue
[2023-08-12T04:39:04.634+0000] {logging_mixin.py:149} INFO - [2023-08-12T04:39:04.633+0000] {dagbag.py:541} INFO - Filling up the DagBag from /home/airflow/.local/lib/python3.10/site-packages/airflow/example_dags/tutorial.py
[2023-08-12T04:39:04.636+0000] {processor.py:836} INFO - DAG(s) dict_keys(['tutorial']) retrieved from /home/airflow/.local/lib/python3.10/site-packages/airflow/example_dags/tutorial.py
[2023-08-12T04:39:04.646+0000] {logging_mixin.py:149} INFO - [2023-08-12T04:39:04.646+0000] {dag.py:2726} INFO - Sync 1 DAGs
[2023-08-12T04:39:04.656+0000] {logging_mixin.py:149} INFO - [2023-08-12T04:39:04.655+0000] {dag.py:3486} INFO - Setting next_dagrun for tutorial to 2023-08-11T04:39:04.655853+00:00, run_after=2023-08-12T04:39:04.655853+00:00
[2023-08-12T04:39:04.663+0000] {processor.py:179} INFO - Processing /home/airflow/.local/lib/python3.10/site-packages/airflow/example_dags/tutorial.py took 0.031 seconds
[2023-08-12T04:39:34.956+0000] {processor.py:157} INFO - Started process (PID=1258) to work on /home/airflow/.local/lib/python3.10/site-packages/airflow/example_dags/tutorial.py
[2023-08-12T04:39:34.957+0000] {processor.py:826} INFO - Processing file /home/airflow/.local/lib/python3.10/site-packages/airflow/example_dags/tutorial.py for tasks to queue
[2023-08-12T04:39:34.957+0000] {logging_mixin.py:149} INFO - [2023-08-12T04:39:34.957+0000] {dagbag.py:541} INFO - Filling up the DagBag from /home/airflow/.local/lib/python3.10/site-packages/airflow/example_dags/tutorial.py
[2023-08-12T04:39:34.960+0000] {processor.py:836} INFO - DAG(s) dict_keys(['tutorial']) retrieved from /home/airflow/.local/lib/python3.10/site-packages/airflow/example_dags/tutorial.py
[2023-08-12T04:39:34.970+0000] {logging_mixin.py:149} INFO - [2023-08-12T04:39:34.969+0000] {dag.py:2726} INFO - Sync 1 DAGs
[2023-08-12T04:39:34.979+0000] {logging_mixin.py:149} INFO - [2023-08-12T04:39:34.979+0000] {dag.py:3486} INFO - Setting next_dagrun for tutorial to 2023-08-11T04:39:34.979474+00:00, run_after=2023-08-12T04:39:34.979474+00:00
[2023-08-12T04:39:34.986+0000] {processor.py:179} INFO - Processing /home/airflow/.local/lib/python3.10/site-packages/airflow/example_dags/tutorial.py took 0.031 seconds
[2023-08-12T04:40:05.382+0000] {processor.py:157} INFO - Started process (PID=1335) to work on /home/airflow/.local/lib/python3.10/site-packages/airflow/example_dags/tutorial.py
[2023-08-12T04:40:05.382+0000] {processor.py:826} INFO - Processing file /home/airflow/.local/lib/python3.10/site-packages/airflow/example_dags/tutorial.py for tasks to queue
[2023-08-12T04:40:05.383+0000] {logging_mixin.py:149} INFO - [2023-08-12T04:40:05.382+0000] {dagbag.py:541} INFO - Filling up the DagBag from /home/airflow/.local/lib/python3.10/site-packages/airflow/example_dags/tutorial.py
[2023-08-12T04:40:05.385+0000] {processor.py:836} INFO - DAG(s) dict_keys(['tutorial']) retrieved from /home/airflow/.local/lib/python3.10/site-packages/airflow/example_dags/tutorial.py
[2023-08-12T04:40:05.395+0000] {logging_mixin.py:149} INFO - [2023-08-12T04:40:05.395+0000] {dag.py:2726} INFO - Sync 1 DAGs
[2023-08-12T04:40:05.404+0000] {logging_mixin.py:149} INFO - [2023-08-12T04:40:05.404+0000] {dag.py:3486} INFO - Setting next_dagrun for tutorial to 2023-08-11T04:40:05.404413+00:00, run_after=2023-08-12T04:40:05.404413+00:00
[2023-08-12T04:40:05.411+0000] {processor.py:179} INFO - Processing /home/airflow/.local/lib/python3.10/site-packages/airflow/example_dags/tutorial.py took 0.030 seconds
[2023-08-12T04:40:35.741+0000] {processor.py:157} INFO - Started process (PID=1412) to work on /home/airflow/.local/lib/python3.10/site-packages/airflow/example_dags/tutorial.py
[2023-08-12T04:40:35.742+0000] {processor.py:826} INFO - Processing file /home/airflow/.local/lib/python3.10/site-packages/airflow/example_dags/tutorial.py for tasks to queue
[2023-08-12T04:40:35.742+0000] {logging_mixin.py:149} INFO - [2023-08-12T04:40:35.742+0000] {dagbag.py:541} INFO - Filling up the DagBag from /home/airflow/.local/lib/python3.10/site-packages/airflow/example_dags/tutorial.py
[2023-08-12T04:40:35.744+0000] {processor.py:836} INFO - DAG(s) dict_keys(['tutorial']) retrieved from /home/airflow/.local/lib/python3.10/site-packages/airflow/example_dags/tutorial.py
[2023-08-12T04:40:35.754+0000] {logging_mixin.py:149} INFO - [2023-08-12T04:40:35.754+0000] {dag.py:2726} INFO - Sync 1 DAGs
[2023-08-12T04:40:35.764+0000] {logging_mixin.py:149} INFO - [2023-08-12T04:40:35.764+0000] {dag.py:3486} INFO - Setting next_dagrun for tutorial to 2023-08-11T04:40:35.764736+00:00, run_after=2023-08-12T04:40:35.764736+00:00
[2023-08-12T04:40:35.771+0000] {processor.py:179} INFO - Processing /home/airflow/.local/lib/python3.10/site-packages/airflow/example_dags/tutorial.py took 0.031 seconds
[2023-08-12T04:41:06.171+0000] {processor.py:157} INFO - Started process (PID=1489) to work on /home/airflow/.local/lib/python3.10/site-packages/airflow/example_dags/tutorial.py
[2023-08-12T04:41:06.172+0000] {processor.py:826} INFO - Processing file /home/airflow/.local/lib/python3.10/site-packages/airflow/example_dags/tutorial.py for tasks to queue
[2023-08-12T04:41:06.172+0000] {logging_mixin.py:149} INFO - [2023-08-12T04:41:06.172+0000] {dagbag.py:541} INFO - Filling up the DagBag from /home/airflow/.local/lib/python3.10/site-packages/airflow/example_dags/tutorial.py
[2023-08-12T04:41:06.175+0000] {processor.py:836} INFO - DAG(s) dict_keys(['tutorial']) retrieved from /home/airflow/.local/lib/python3.10/site-packages/airflow/example_dags/tutorial.py
[2023-08-12T04:41:06.184+0000] {logging_mixin.py:149} INFO - [2023-08-12T04:41:06.184+0000] {dag.py:2726} INFO - Sync 1 DAGs
[2023-08-12T04:41:06.194+0000] {logging_mixin.py:149} INFO - [2023-08-12T04:41:06.194+0000] {dag.py:3486} INFO - Setting next_dagrun for tutorial to 2023-08-11T04:41:06.193997+00:00, run_after=2023-08-12T04:41:06.193997+00:00
[2023-08-12T04:41:06.201+0000] {processor.py:179} INFO - Processing /home/airflow/.local/lib/python3.10/site-packages/airflow/example_dags/tutorial.py took 0.031 seconds
[2023-08-12T04:41:36.714+0000] {processor.py:157} INFO - Started process (PID=1567) to work on /home/airflow/.local/lib/python3.10/site-packages/airflow/example_dags/tutorial.py
[2023-08-12T04:41:36.715+0000] {processor.py:826} INFO - Processing file /home/airflow/.local/lib/python3.10/site-packages/airflow/example_dags/tutorial.py for tasks to queue
[2023-08-12T04:41:36.715+0000] {logging_mixin.py:149} INFO - [2023-08-12T04:41:36.715+0000] {dagbag.py:541} INFO - Filling up the DagBag from /home/airflow/.local/lib/python3.10/site-packages/airflow/example_dags/tutorial.py
[2023-08-12T04:41:36.718+0000] {processor.py:836} INFO - DAG(s) dict_keys(['tutorial']) retrieved from /home/airflow/.local/lib/python3.10/site-packages/airflow/example_dags/tutorial.py
[2023-08-12T04:41:36.727+0000] {logging_mixin.py:149} INFO - [2023-08-12T04:41:36.727+0000] {dag.py:2726} INFO - Sync 1 DAGs
[2023-08-12T04:41:36.736+0000] {logging_mixin.py:149} INFO - [2023-08-12T04:41:36.736+0000] {dag.py:3486} INFO - Setting next_dagrun for tutorial to 2023-08-11T04:41:36.736342+00:00, run_after=2023-08-12T04:41:36.736342+00:00
[2023-08-12T04:41:36.743+0000] {processor.py:179} INFO - Processing /home/airflow/.local/lib/python3.10/site-packages/airflow/example_dags/tutorial.py took 0.030 seconds
[2023-08-12T04:42:07.155+0000] {processor.py:157} INFO - Started process (PID=1644) to work on /home/airflow/.local/lib/python3.10/site-packages/airflow/example_dags/tutorial.py
[2023-08-12T04:42:07.156+0000] {processor.py:826} INFO - Processing file /home/airflow/.local/lib/python3.10/site-packages/airflow/example_dags/tutorial.py for tasks to queue
[2023-08-12T04:42:07.156+0000] {logging_mixin.py:149} INFO - [2023-08-12T04:42:07.156+0000] {dagbag.py:541} INFO - Filling up the DagBag from /home/airflow/.local/lib/python3.10/site-packages/airflow/example_dags/tutorial.py
[2023-08-12T04:42:07.159+0000] {processor.py:836} INFO - DAG(s) dict_keys(['tutorial']) retrieved from /home/airflow/.local/lib/python3.10/site-packages/airflow/example_dags/tutorial.py
[2023-08-12T04:42:07.169+0000] {logging_mixin.py:149} INFO - [2023-08-12T04:42:07.169+0000] {dag.py:2726} INFO - Sync 1 DAGs
[2023-08-12T04:42:07.179+0000] {logging_mixin.py:149} INFO - [2023-08-12T04:42:07.179+0000] {dag.py:3486} INFO - Setting next_dagrun for tutorial to 2023-08-11T04:42:07.178911+00:00, run_after=2023-08-12T04:42:07.178911+00:00
[2023-08-12T04:42:07.185+0000] {processor.py:179} INFO - Processing /home/airflow/.local/lib/python3.10/site-packages/airflow/example_dags/tutorial.py took 0.031 seconds
[2023-08-12T04:42:37.697+0000] {processor.py:157} INFO - Started process (PID=1721) to work on /home/airflow/.local/lib/python3.10/site-packages/airflow/example_dags/tutorial.py
[2023-08-12T04:42:37.697+0000] {processor.py:826} INFO - Processing file /home/airflow/.local/lib/python3.10/site-packages/airflow/example_dags/tutorial.py for tasks to queue
[2023-08-12T04:42:37.698+0000] {logging_mixin.py:149} INFO - [2023-08-12T04:42:37.697+0000] {dagbag.py:541} INFO - Filling up the DagBag from /home/airflow/.local/lib/python3.10/site-packages/airflow/example_dags/tutorial.py
[2023-08-12T04:42:37.700+0000] {processor.py:836} INFO - DAG(s) dict_keys(['tutorial']) retrieved from /home/airflow/.local/lib/python3.10/site-packages/airflow/example_dags/tutorial.py
[2023-08-12T04:42:37.710+0000] {logging_mixin.py:149} INFO - [2023-08-12T04:42:37.710+0000] {dag.py:2726} INFO - Sync 1 DAGs
[2023-08-12T04:42:37.719+0000] {logging_mixin.py:149} INFO - [2023-08-12T04:42:37.719+0000] {dag.py:3486} INFO - Setting next_dagrun for tutorial to 2023-08-11T04:42:37.719574+00:00, run_after=2023-08-12T04:42:37.719574+00:00
[2023-08-12T04:42:37.726+0000] {processor.py:179} INFO - Processing /home/airflow/.local/lib/python3.10/site-packages/airflow/example_dags/tutorial.py took 0.030 seconds
[2023-08-12T04:43:08.057+0000] {processor.py:157} INFO - Started process (PID=1798) to work on /home/airflow/.local/lib/python3.10/site-packages/airflow/example_dags/tutorial.py
[2023-08-12T04:43:08.057+0000] {processor.py:826} INFO - Processing file /home/airflow/.local/lib/python3.10/site-packages/airflow/example_dags/tutorial.py for tasks to queue
[2023-08-12T04:43:08.057+0000] {logging_mixin.py:149} INFO - [2023-08-12T04:43:08.057+0000] {dagbag.py:541} INFO - Filling up the DagBag from /home/airflow/.local/lib/python3.10/site-packages/airflow/example_dags/tutorial.py
[2023-08-12T04:43:08.060+0000] {processor.py:836} INFO - DAG(s) dict_keys(['tutorial']) retrieved from /home/airflow/.local/lib/python3.10/site-packages/airflow/example_dags/tutorial.py
[2023-08-12T04:43:08.069+0000] {logging_mixin.py:149} INFO - [2023-08-12T04:43:08.069+0000] {dag.py:2726} INFO - Sync 1 DAGs
[2023-08-12T04:43:08.079+0000] {logging_mixin.py:149} INFO - [2023-08-12T04:43:08.079+0000] {dag.py:3486} INFO - Setting next_dagrun for tutorial to 2023-08-11T04:43:08.078867+00:00, run_after=2023-08-12T04:43:08.078867+00:00
[2023-08-12T04:43:08.085+0000] {processor.py:179} INFO - Processing /home/airflow/.local/lib/python3.10/site-packages/airflow/example_dags/tutorial.py took 0.030 seconds
[2023-08-12T04:43:38.409+0000] {processor.py:157} INFO - Started process (PID=1874) to work on /home/airflow/.local/lib/python3.10/site-packages/airflow/example_dags/tutorial.py
[2023-08-12T04:43:38.410+0000] {processor.py:826} INFO - Processing file /home/airflow/.local/lib/python3.10/site-packages/airflow/example_dags/tutorial.py for tasks to queue
[2023-08-12T04:43:38.410+0000] {logging_mixin.py:149} INFO - [2023-08-12T04:43:38.410+0000] {dagbag.py:541} INFO - Filling up the DagBag from /home/airflow/.local/lib/python3.10/site-packages/airflow/example_dags/tutorial.py
[2023-08-12T04:43:38.413+0000] {processor.py:836} INFO - DAG(s) dict_keys(['tutorial']) retrieved from /home/airflow/.local/lib/python3.10/site-packages/airflow/example_dags/tutorial.py
[2023-08-12T04:43:38.422+0000] {logging_mixin.py:149} INFO - [2023-08-12T04:43:38.422+0000] {dag.py:2726} INFO - Sync 1 DAGs
[2023-08-12T04:43:38.431+0000] {logging_mixin.py:149} INFO - [2023-08-12T04:43:38.431+0000] {dag.py:3486} INFO - Setting next_dagrun for tutorial to 2023-08-11T04:43:38.431395+00:00, run_after=2023-08-12T04:43:38.431395+00:00
[2023-08-12T04:43:38.438+0000] {processor.py:179} INFO - Processing /home/airflow/.local/lib/python3.10/site-packages/airflow/example_dags/tutorial.py took 0.030 seconds
[2023-08-12T04:44:08.758+0000] {processor.py:157} INFO - Started process (PID=1951) to work on /home/airflow/.local/lib/python3.10/site-packages/airflow/example_dags/tutorial.py
[2023-08-12T04:44:08.758+0000] {processor.py:826} INFO - Processing file /home/airflow/.local/lib/python3.10/site-packages/airflow/example_dags/tutorial.py for tasks to queue
[2023-08-12T04:44:08.758+0000] {logging_mixin.py:149} INFO - [2023-08-12T04:44:08.758+0000] {dagbag.py:541} INFO - Filling up the DagBag from /home/airflow/.local/lib/python3.10/site-packages/airflow/example_dags/tutorial.py
[2023-08-12T04:44:08.761+0000] {processor.py:836} INFO - DAG(s) dict_keys(['tutorial']) retrieved from /home/airflow/.local/lib/python3.10/site-packages/airflow/example_dags/tutorial.py
[2023-08-12T04:44:08.770+0000] {logging_mixin.py:149} INFO - [2023-08-12T04:44:08.770+0000] {dag.py:2726} INFO - Sync 1 DAGs
[2023-08-12T04:44:08.780+0000] {logging_mixin.py:149} INFO - [2023-08-12T04:44:08.780+0000] {dag.py:3486} INFO - Setting next_dagrun for tutorial to 2023-08-11T04:44:08.780250+00:00, run_after=2023-08-12T04:44:08.780250+00:00
[2023-08-12T04:44:08.787+0000] {processor.py:179} INFO - Processing /home/airflow/.local/lib/python3.10/site-packages/airflow/example_dags/tutorial.py took 0.031 seconds
[2023-08-12T04:44:39.141+0000] {processor.py:157} INFO - Started process (PID=2027) to work on /home/airflow/.local/lib/python3.10/site-packages/airflow/example_dags/tutorial.py
[2023-08-12T04:44:39.142+0000] {processor.py:826} INFO - Processing file /home/airflow/.local/lib/python3.10/site-packages/airflow/example_dags/tutorial.py for tasks to queue
[2023-08-12T04:44:39.142+0000] {logging_mixin.py:149} INFO - [2023-08-12T04:44:39.142+0000] {dagbag.py:541} INFO - Filling up the DagBag from /home/airflow/.local/lib/python3.10/site-packages/airflow/example_dags/tutorial.py
[2023-08-12T04:44:39.144+0000] {processor.py:836} INFO - DAG(s) dict_keys(['tutorial']) retrieved from /home/airflow/.local/lib/python3.10/site-packages/airflow/example_dags/tutorial.py
[2023-08-12T04:44:39.154+0000] {logging_mixin.py:149} INFO - [2023-08-12T04:44:39.154+0000] {dag.py:2726} INFO - Sync 1 DAGs
[2023-08-12T04:44:39.164+0000] {logging_mixin.py:149} INFO - [2023-08-12T04:44:39.163+0000] {dag.py:3486} INFO - Setting next_dagrun for tutorial to 2023-08-11T04:44:39.163813+00:00, run_after=2023-08-12T04:44:39.163813+00:00
[2023-08-12T04:44:39.171+0000] {processor.py:179} INFO - Processing /home/airflow/.local/lib/python3.10/site-packages/airflow/example_dags/tutorial.py took 0.031 seconds
[2023-08-12T04:45:09.570+0000] {processor.py:157} INFO - Started process (PID=2104) to work on /home/airflow/.local/lib/python3.10/site-packages/airflow/example_dags/tutorial.py
[2023-08-12T04:45:09.570+0000] {processor.py:826} INFO - Processing file /home/airflow/.local/lib/python3.10/site-packages/airflow/example_dags/tutorial.py for tasks to queue
[2023-08-12T04:45:09.570+0000] {logging_mixin.py:149} INFO - [2023-08-12T04:45:09.570+0000] {dagbag.py:541} INFO - Filling up the DagBag from /home/airflow/.local/lib/python3.10/site-packages/airflow/example_dags/tutorial.py
[2023-08-12T04:45:09.573+0000] {processor.py:836} INFO - DAG(s) dict_keys(['tutorial']) retrieved from /home/airflow/.local/lib/python3.10/site-packages/airflow/example_dags/tutorial.py
[2023-08-12T04:45:09.582+0000] {logging_mixin.py:149} INFO - [2023-08-12T04:45:09.582+0000] {dag.py:2726} INFO - Sync 1 DAGs
[2023-08-12T04:45:09.591+0000] {logging_mixin.py:149} INFO - [2023-08-12T04:45:09.591+0000] {dag.py:3486} INFO - Setting next_dagrun for tutorial to 2023-08-11T04:45:09.591562+00:00, run_after=2023-08-12T04:45:09.591562+00:00
[2023-08-12T04:45:09.598+0000] {processor.py:179} INFO - Processing /home/airflow/.local/lib/python3.10/site-packages/airflow/example_dags/tutorial.py took 0.030 seconds
[2023-08-12T04:45:39.935+0000] {processor.py:157} INFO - Started process (PID=2181) to work on /home/airflow/.local/lib/python3.10/site-packages/airflow/example_dags/tutorial.py
[2023-08-12T04:45:39.936+0000] {processor.py:826} INFO - Processing file /home/airflow/.local/lib/python3.10/site-packages/airflow/example_dags/tutorial.py for tasks to queue
[2023-08-12T04:45:39.936+0000] {logging_mixin.py:149} INFO - [2023-08-12T04:45:39.936+0000] {dagbag.py:541} INFO - Filling up the DagBag from /home/airflow/.local/lib/python3.10/site-packages/airflow/example_dags/tutorial.py
[2023-08-12T04:45:39.939+0000] {processor.py:836} INFO - DAG(s) dict_keys(['tutorial']) retrieved from /home/airflow/.local/lib/python3.10/site-packages/airflow/example_dags/tutorial.py
[2023-08-12T04:45:39.948+0000] {logging_mixin.py:149} INFO - [2023-08-12T04:45:39.948+0000] {dag.py:2726} INFO - Sync 1 DAGs
[2023-08-12T04:45:39.957+0000] {logging_mixin.py:149} INFO - [2023-08-12T04:45:39.957+0000] {dag.py:3486} INFO - Setting next_dagrun for tutorial to 2023-08-11T04:45:39.957612+00:00, run_after=2023-08-12T04:45:39.957612+00:00
[2023-08-12T04:45:39.964+0000] {processor.py:179} INFO - Processing /home/airflow/.local/lib/python3.10/site-packages/airflow/example_dags/tutorial.py took 0.030 seconds
[2023-08-12T04:46:10.390+0000] {processor.py:157} INFO - Started process (PID=2258) to work on /home/airflow/.local/lib/python3.10/site-packages/airflow/example_dags/tutorial.py
[2023-08-12T04:46:10.390+0000] {processor.py:826} INFO - Processing file /home/airflow/.local/lib/python3.10/site-packages/airflow/example_dags/tutorial.py for tasks to queue
[2023-08-12T04:46:10.390+0000] {logging_mixin.py:149} INFO - [2023-08-12T04:46:10.390+0000] {dagbag.py:541} INFO - Filling up the DagBag from /home/airflow/.local/lib/python3.10/site-packages/airflow/example_dags/tutorial.py
[2023-08-12T04:46:10.393+0000] {processor.py:836} INFO - DAG(s) dict_keys(['tutorial']) retrieved from /home/airflow/.local/lib/python3.10/site-packages/airflow/example_dags/tutorial.py
[2023-08-12T04:46:10.402+0000] {logging_mixin.py:149} INFO - [2023-08-12T04:46:10.402+0000] {dag.py:2726} INFO - Sync 1 DAGs
[2023-08-12T04:46:10.411+0000] {logging_mixin.py:149} INFO - [2023-08-12T04:46:10.411+0000] {dag.py:3486} INFO - Setting next_dagrun for tutorial to 2023-08-11T04:46:10.411740+00:00, run_after=2023-08-12T04:46:10.411740+00:00
[2023-08-12T04:46:10.419+0000] {processor.py:179} INFO - Processing /home/airflow/.local/lib/python3.10/site-packages/airflow/example_dags/tutorial.py took 0.030 seconds
[2023-08-12T04:46:40.864+0000] {processor.py:157} INFO - Started process (PID=2335) to work on /home/airflow/.local/lib/python3.10/site-packages/airflow/example_dags/tutorial.py
[2023-08-12T04:46:40.864+0000] {processor.py:826} INFO - Processing file /home/airflow/.local/lib/python3.10/site-packages/airflow/example_dags/tutorial.py for tasks to queue
[2023-08-12T04:46:40.864+0000] {logging_mixin.py:149} INFO - [2023-08-12T04:46:40.864+0000] {dagbag.py:541} INFO - Filling up the DagBag from /home/airflow/.local/lib/python3.10/site-packages/airflow/example_dags/tutorial.py
[2023-08-12T04:46:40.867+0000] {processor.py:836} INFO - DAG(s) dict_keys(['tutorial']) retrieved from /home/airflow/.local/lib/python3.10/site-packages/airflow/example_dags/tutorial.py
[2023-08-12T04:46:40.876+0000] {logging_mixin.py:149} INFO - [2023-08-12T04:46:40.876+0000] {dag.py:2726} INFO - Sync 1 DAGs
[2023-08-12T04:46:40.885+0000] {logging_mixin.py:149} INFO - [2023-08-12T04:46:40.885+0000] {dag.py:3486} INFO - Setting next_dagrun for tutorial to 2023-08-11T04:46:40.885724+00:00, run_after=2023-08-12T04:46:40.885724+00:00
[2023-08-12T04:46:40.892+0000] {processor.py:179} INFO - Processing /home/airflow/.local/lib/python3.10/site-packages/airflow/example_dags/tutorial.py took 0.030 seconds
[2023-08-12T04:47:34.865+0000] {processor.py:157} INFO - Started process (PID=29) to work on /home/airflow/.local/lib/python3.10/site-packages/airflow/example_dags/tutorial.py
[2023-08-12T04:47:34.866+0000] {processor.py:826} INFO - Processing file /home/airflow/.local/lib/python3.10/site-packages/airflow/example_dags/tutorial.py for tasks to queue
[2023-08-12T04:47:34.866+0000] {logging_mixin.py:149} INFO - [2023-08-12T04:47:34.866+0000] {dagbag.py:541} INFO - Filling up the DagBag from /home/airflow/.local/lib/python3.10/site-packages/airflow/example_dags/tutorial.py
[2023-08-12T04:47:34.870+0000] {processor.py:836} INFO - DAG(s) dict_keys(['tutorial']) retrieved from /home/airflow/.local/lib/python3.10/site-packages/airflow/example_dags/tutorial.py
[2023-08-12T04:47:34.875+0000] {logging_mixin.py:149} INFO - [2023-08-12T04:47:34.875+0000] {dag.py:2726} INFO - Sync 1 DAGs
[2023-08-12T04:47:34.886+0000] {logging_mixin.py:149} INFO - [2023-08-12T04:47:34.886+0000] {dag.py:3486} INFO - Setting next_dagrun for tutorial to 2023-08-11T04:47:34.886107+00:00, run_after=2023-08-12T04:47:34.886107+00:00
[2023-08-12T04:47:34.893+0000] {processor.py:179} INFO - Processing /home/airflow/.local/lib/python3.10/site-packages/airflow/example_dags/tutorial.py took 0.029 seconds
[2023-08-12T04:48:05.085+0000] {processor.py:157} INFO - Started process (PID=106) to work on /home/airflow/.local/lib/python3.10/site-packages/airflow/example_dags/tutorial.py
[2023-08-12T04:48:05.086+0000] {processor.py:826} INFO - Processing file /home/airflow/.local/lib/python3.10/site-packages/airflow/example_dags/tutorial.py for tasks to queue
[2023-08-12T04:48:05.086+0000] {logging_mixin.py:149} INFO - [2023-08-12T04:48:05.086+0000] {dagbag.py:541} INFO - Filling up the DagBag from /home/airflow/.local/lib/python3.10/site-packages/airflow/example_dags/tutorial.py
[2023-08-12T04:48:05.089+0000] {processor.py:836} INFO - DAG(s) dict_keys(['tutorial']) retrieved from /home/airflow/.local/lib/python3.10/site-packages/airflow/example_dags/tutorial.py
[2023-08-12T04:48:05.098+0000] {logging_mixin.py:149} INFO - [2023-08-12T04:48:05.098+0000] {dag.py:2726} INFO - Sync 1 DAGs
[2023-08-12T04:48:05.108+0000] {logging_mixin.py:149} INFO - [2023-08-12T04:48:05.108+0000] {dag.py:3486} INFO - Setting next_dagrun for tutorial to 2023-08-11T04:48:05.108517+00:00, run_after=2023-08-12T04:48:05.108517+00:00
[2023-08-12T04:48:05.115+0000] {processor.py:179} INFO - Processing /home/airflow/.local/lib/python3.10/site-packages/airflow/example_dags/tutorial.py took 0.031 seconds
[2023-08-12T04:48:35.545+0000] {processor.py:157} INFO - Started process (PID=183) to work on /home/airflow/.local/lib/python3.10/site-packages/airflow/example_dags/tutorial.py
[2023-08-12T04:48:35.545+0000] {processor.py:826} INFO - Processing file /home/airflow/.local/lib/python3.10/site-packages/airflow/example_dags/tutorial.py for tasks to queue
[2023-08-12T04:48:35.546+0000] {logging_mixin.py:149} INFO - [2023-08-12T04:48:35.546+0000] {dagbag.py:541} INFO - Filling up the DagBag from /home/airflow/.local/lib/python3.10/site-packages/airflow/example_dags/tutorial.py
[2023-08-12T04:48:35.548+0000] {processor.py:836} INFO - DAG(s) dict_keys(['tutorial']) retrieved from /home/airflow/.local/lib/python3.10/site-packages/airflow/example_dags/tutorial.py
[2023-08-12T04:48:35.559+0000] {logging_mixin.py:149} INFO - [2023-08-12T04:48:35.559+0000] {dag.py:2726} INFO - Sync 1 DAGs
[2023-08-12T04:48:35.569+0000] {logging_mixin.py:149} INFO - [2023-08-12T04:48:35.569+0000] {dag.py:3486} INFO - Setting next_dagrun for tutorial to 2023-08-11T04:48:35.569334+00:00, run_after=2023-08-12T04:48:35.569334+00:00
[2023-08-12T04:48:35.576+0000] {processor.py:179} INFO - Processing /home/airflow/.local/lib/python3.10/site-packages/airflow/example_dags/tutorial.py took 0.033 seconds
[2023-08-12T04:49:05.819+0000] {processor.py:157} INFO - Started process (PID=260) to work on /home/airflow/.local/lib/python3.10/site-packages/airflow/example_dags/tutorial.py
[2023-08-12T04:49:05.819+0000] {processor.py:826} INFO - Processing file /home/airflow/.local/lib/python3.10/site-packages/airflow/example_dags/tutorial.py for tasks to queue
[2023-08-12T04:49:05.819+0000] {logging_mixin.py:149} INFO - [2023-08-12T04:49:05.819+0000] {dagbag.py:541} INFO - Filling up the DagBag from /home/airflow/.local/lib/python3.10/site-packages/airflow/example_dags/tutorial.py
[2023-08-12T04:49:05.822+0000] {processor.py:836} INFO - DAG(s) dict_keys(['tutorial']) retrieved from /home/airflow/.local/lib/python3.10/site-packages/airflow/example_dags/tutorial.py
[2023-08-12T04:49:05.832+0000] {logging_mixin.py:149} INFO - [2023-08-12T04:49:05.832+0000] {dag.py:2726} INFO - Sync 1 DAGs
[2023-08-12T04:49:05.842+0000] {logging_mixin.py:149} INFO - [2023-08-12T04:49:05.842+0000] {dag.py:3486} INFO - Setting next_dagrun for tutorial to 2023-08-11T04:49:05.842146+00:00, run_after=2023-08-12T04:49:05.842146+00:00
[2023-08-12T04:49:05.849+0000] {processor.py:179} INFO - Processing /home/airflow/.local/lib/python3.10/site-packages/airflow/example_dags/tutorial.py took 0.032 seconds
[2023-08-12T04:49:36.081+0000] {processor.py:157} INFO - Started process (PID=338) to work on /home/airflow/.local/lib/python3.10/site-packages/airflow/example_dags/tutorial.py
[2023-08-12T04:49:36.081+0000] {processor.py:826} INFO - Processing file /home/airflow/.local/lib/python3.10/site-packages/airflow/example_dags/tutorial.py for tasks to queue
[2023-08-12T04:49:36.081+0000] {logging_mixin.py:149} INFO - [2023-08-12T04:49:36.081+0000] {dagbag.py:541} INFO - Filling up the DagBag from /home/airflow/.local/lib/python3.10/site-packages/airflow/example_dags/tutorial.py
[2023-08-12T04:49:36.084+0000] {processor.py:836} INFO - DAG(s) dict_keys(['tutorial']) retrieved from /home/airflow/.local/lib/python3.10/site-packages/airflow/example_dags/tutorial.py
[2023-08-12T04:49:36.094+0000] {logging_mixin.py:149} INFO - [2023-08-12T04:49:36.094+0000] {dag.py:2726} INFO - Sync 1 DAGs
[2023-08-12T04:49:36.104+0000] {logging_mixin.py:149} INFO - [2023-08-12T04:49:36.104+0000] {dag.py:3486} INFO - Setting next_dagrun for tutorial to 2023-08-11T04:49:36.104691+00:00, run_after=2023-08-12T04:49:36.104691+00:00
[2023-08-12T04:49:36.112+0000] {processor.py:179} INFO - Processing /home/airflow/.local/lib/python3.10/site-packages/airflow/example_dags/tutorial.py took 0.032 seconds
[2023-08-12T04:50:06.439+0000] {processor.py:157} INFO - Started process (PID=415) to work on /home/airflow/.local/lib/python3.10/site-packages/airflow/example_dags/tutorial.py
[2023-08-12T04:50:06.439+0000] {processor.py:826} INFO - Processing file /home/airflow/.local/lib/python3.10/site-packages/airflow/example_dags/tutorial.py for tasks to queue
[2023-08-12T04:50:06.439+0000] {logging_mixin.py:149} INFO - [2023-08-12T04:50:06.439+0000] {dagbag.py:541} INFO - Filling up the DagBag from /home/airflow/.local/lib/python3.10/site-packages/airflow/example_dags/tutorial.py
[2023-08-12T04:50:06.442+0000] {processor.py:836} INFO - DAG(s) dict_keys(['tutorial']) retrieved from /home/airflow/.local/lib/python3.10/site-packages/airflow/example_dags/tutorial.py
[2023-08-12T04:50:06.453+0000] {logging_mixin.py:149} INFO - [2023-08-12T04:50:06.453+0000] {dag.py:2726} INFO - Sync 1 DAGs
[2023-08-12T04:50:06.463+0000] {logging_mixin.py:149} INFO - [2023-08-12T04:50:06.463+0000] {dag.py:3486} INFO - Setting next_dagrun for tutorial to 2023-08-11T04:50:06.463252+00:00, run_after=2023-08-12T04:50:06.463252+00:00
[2023-08-12T04:50:06.470+0000] {processor.py:179} INFO - Processing /home/airflow/.local/lib/python3.10/site-packages/airflow/example_dags/tutorial.py took 0.032 seconds
[2023-08-12T04:50:36.915+0000] {processor.py:157} INFO - Started process (PID=492) to work on /home/airflow/.local/lib/python3.10/site-packages/airflow/example_dags/tutorial.py
[2023-08-12T04:50:36.916+0000] {processor.py:826} INFO - Processing file /home/airflow/.local/lib/python3.10/site-packages/airflow/example_dags/tutorial.py for tasks to queue
[2023-08-12T04:50:36.916+0000] {logging_mixin.py:149} INFO - [2023-08-12T04:50:36.916+0000] {dagbag.py:541} INFO - Filling up the DagBag from /home/airflow/.local/lib/python3.10/site-packages/airflow/example_dags/tutorial.py
[2023-08-12T04:50:36.919+0000] {processor.py:836} INFO - DAG(s) dict_keys(['tutorial']) retrieved from /home/airflow/.local/lib/python3.10/site-packages/airflow/example_dags/tutorial.py
[2023-08-12T04:50:36.929+0000] {logging_mixin.py:149} INFO - [2023-08-12T04:50:36.929+0000] {dag.py:2726} INFO - Sync 1 DAGs
[2023-08-12T04:50:36.938+0000] {logging_mixin.py:149} INFO - [2023-08-12T04:50:36.938+0000] {dag.py:3486} INFO - Setting next_dagrun for tutorial to 2023-08-11T04:50:36.938740+00:00, run_after=2023-08-12T04:50:36.938740+00:00
[2023-08-12T04:50:36.946+0000] {processor.py:179} INFO - Processing /home/airflow/.local/lib/python3.10/site-packages/airflow/example_dags/tutorial.py took 0.032 seconds
[2023-08-12T04:51:07.349+0000] {processor.py:157} INFO - Started process (PID=569) to work on /home/airflow/.local/lib/python3.10/site-packages/airflow/example_dags/tutorial.py
[2023-08-12T04:51:07.350+0000] {processor.py:826} INFO - Processing file /home/airflow/.local/lib/python3.10/site-packages/airflow/example_dags/tutorial.py for tasks to queue
[2023-08-12T04:51:07.350+0000] {logging_mixin.py:149} INFO - [2023-08-12T04:51:07.350+0000] {dagbag.py:541} INFO - Filling up the DagBag from /home/airflow/.local/lib/python3.10/site-packages/airflow/example_dags/tutorial.py
[2023-08-12T04:51:07.353+0000] {processor.py:836} INFO - DAG(s) dict_keys(['tutorial']) retrieved from /home/airflow/.local/lib/python3.10/site-packages/airflow/example_dags/tutorial.py
[2023-08-12T04:51:07.362+0000] {logging_mixin.py:149} INFO - [2023-08-12T04:51:07.362+0000] {dag.py:2726} INFO - Sync 1 DAGs
[2023-08-12T04:51:07.372+0000] {logging_mixin.py:149} INFO - [2023-08-12T04:51:07.372+0000] {dag.py:3486} INFO - Setting next_dagrun for tutorial to 2023-08-11T04:51:07.371961+00:00, run_after=2023-08-12T04:51:07.371961+00:00
[2023-08-12T04:51:07.379+0000] {processor.py:179} INFO - Processing /home/airflow/.local/lib/python3.10/site-packages/airflow/example_dags/tutorial.py took 0.031 seconds
[2023-08-12T04:51:37.762+0000] {processor.py:157} INFO - Started process (PID=646) to work on /home/airflow/.local/lib/python3.10/site-packages/airflow/example_dags/tutorial.py
[2023-08-12T04:51:37.762+0000] {processor.py:826} INFO - Processing file /home/airflow/.local/lib/python3.10/site-packages/airflow/example_dags/tutorial.py for tasks to queue
[2023-08-12T04:51:37.763+0000] {logging_mixin.py:149} INFO - [2023-08-12T04:51:37.762+0000] {dagbag.py:541} INFO - Filling up the DagBag from /home/airflow/.local/lib/python3.10/site-packages/airflow/example_dags/tutorial.py
[2023-08-12T04:51:37.765+0000] {processor.py:836} INFO - DAG(s) dict_keys(['tutorial']) retrieved from /home/airflow/.local/lib/python3.10/site-packages/airflow/example_dags/tutorial.py
[2023-08-12T04:51:37.775+0000] {logging_mixin.py:149} INFO - [2023-08-12T04:51:37.775+0000] {dag.py:2726} INFO - Sync 1 DAGs
[2023-08-12T04:51:37.784+0000] {logging_mixin.py:149} INFO - [2023-08-12T04:51:37.784+0000] {dag.py:3486} INFO - Setting next_dagrun for tutorial to 2023-08-11T04:51:37.784426+00:00, run_after=2023-08-12T04:51:37.784426+00:00
[2023-08-12T04:51:37.791+0000] {processor.py:179} INFO - Processing /home/airflow/.local/lib/python3.10/site-packages/airflow/example_dags/tutorial.py took 0.030 seconds
[2023-08-12T04:52:08.174+0000] {processor.py:157} INFO - Started process (PID=723) to work on /home/airflow/.local/lib/python3.10/site-packages/airflow/example_dags/tutorial.py
[2023-08-12T04:52:08.174+0000] {processor.py:826} INFO - Processing file /home/airflow/.local/lib/python3.10/site-packages/airflow/example_dags/tutorial.py for tasks to queue
[2023-08-12T04:52:08.175+0000] {logging_mixin.py:149} INFO - [2023-08-12T04:52:08.175+0000] {dagbag.py:541} INFO - Filling up the DagBag from /home/airflow/.local/lib/python3.10/site-packages/airflow/example_dags/tutorial.py
[2023-08-12T04:52:08.178+0000] {processor.py:836} INFO - DAG(s) dict_keys(['tutorial']) retrieved from /home/airflow/.local/lib/python3.10/site-packages/airflow/example_dags/tutorial.py
[2023-08-12T04:52:08.187+0000] {logging_mixin.py:149} INFO - [2023-08-12T04:52:08.187+0000] {dag.py:2726} INFO - Sync 1 DAGs
[2023-08-12T04:52:08.197+0000] {logging_mixin.py:149} INFO - [2023-08-12T04:52:08.197+0000] {dag.py:3486} INFO - Setting next_dagrun for tutorial to 2023-08-11T04:52:08.197516+00:00, run_after=2023-08-12T04:52:08.197516+00:00
[2023-08-12T04:52:08.204+0000] {processor.py:179} INFO - Processing /home/airflow/.local/lib/python3.10/site-packages/airflow/example_dags/tutorial.py took 0.031 seconds
[2023-08-12T04:52:38.595+0000] {processor.py:157} INFO - Started process (PID=800) to work on /home/airflow/.local/lib/python3.10/site-packages/airflow/example_dags/tutorial.py
[2023-08-12T04:52:38.596+0000] {processor.py:826} INFO - Processing file /home/airflow/.local/lib/python3.10/site-packages/airflow/example_dags/tutorial.py for tasks to queue
[2023-08-12T04:52:38.596+0000] {logging_mixin.py:149} INFO - [2023-08-12T04:52:38.596+0000] {dagbag.py:541} INFO - Filling up the DagBag from /home/airflow/.local/lib/python3.10/site-packages/airflow/example_dags/tutorial.py
[2023-08-12T04:52:38.599+0000] {processor.py:836} INFO - DAG(s) dict_keys(['tutorial']) retrieved from /home/airflow/.local/lib/python3.10/site-packages/airflow/example_dags/tutorial.py
[2023-08-12T04:52:38.608+0000] {logging_mixin.py:149} INFO - [2023-08-12T04:52:38.608+0000] {dag.py:2726} INFO - Sync 1 DAGs
[2023-08-12T04:52:38.618+0000] {logging_mixin.py:149} INFO - [2023-08-12T04:52:38.618+0000] {dag.py:3486} INFO - Setting next_dagrun for tutorial to 2023-08-11T04:52:38.617964+00:00, run_after=2023-08-12T04:52:38.617964+00:00
[2023-08-12T04:52:38.625+0000] {processor.py:179} INFO - Processing /home/airflow/.local/lib/python3.10/site-packages/airflow/example_dags/tutorial.py took 0.031 seconds
[2023-08-12T04:53:25.009+0000] {processor.py:157} INFO - Started process (PID=29) to work on /home/airflow/.local/lib/python3.10/site-packages/airflow/example_dags/tutorial.py
[2023-08-12T04:53:25.010+0000] {processor.py:826} INFO - Processing file /home/airflow/.local/lib/python3.10/site-packages/airflow/example_dags/tutorial.py for tasks to queue
[2023-08-12T04:53:25.010+0000] {logging_mixin.py:149} INFO - [2023-08-12T04:53:25.010+0000] {dagbag.py:541} INFO - Filling up the DagBag from /home/airflow/.local/lib/python3.10/site-packages/airflow/example_dags/tutorial.py
[2023-08-12T04:53:25.016+0000] {processor.py:836} INFO - DAG(s) dict_keys(['tutorial']) retrieved from /home/airflow/.local/lib/python3.10/site-packages/airflow/example_dags/tutorial.py
[2023-08-12T04:53:25.022+0000] {logging_mixin.py:149} INFO - [2023-08-12T04:53:25.022+0000] {dag.py:2726} INFO - Sync 1 DAGs
[2023-08-12T04:53:25.036+0000] {logging_mixin.py:149} INFO - [2023-08-12T04:53:25.036+0000] {dag.py:3486} INFO - Setting next_dagrun for tutorial to 2023-08-11T04:53:25.036115+00:00, run_after=2023-08-12T04:53:25.036115+00:00
[2023-08-12T04:53:25.045+0000] {processor.py:179} INFO - Processing /home/airflow/.local/lib/python3.10/site-packages/airflow/example_dags/tutorial.py took 0.037 seconds
[2023-08-12T04:53:55.179+0000] {processor.py:157} INFO - Started process (PID=107) to work on /home/airflow/.local/lib/python3.10/site-packages/airflow/example_dags/tutorial.py
[2023-08-12T04:53:55.179+0000] {processor.py:826} INFO - Processing file /home/airflow/.local/lib/python3.10/site-packages/airflow/example_dags/tutorial.py for tasks to queue
[2023-08-12T04:53:55.179+0000] {logging_mixin.py:149} INFO - [2023-08-12T04:53:55.179+0000] {dagbag.py:541} INFO - Filling up the DagBag from /home/airflow/.local/lib/python3.10/site-packages/airflow/example_dags/tutorial.py
[2023-08-12T04:53:55.182+0000] {processor.py:836} INFO - DAG(s) dict_keys(['tutorial']) retrieved from /home/airflow/.local/lib/python3.10/site-packages/airflow/example_dags/tutorial.py
[2023-08-12T04:53:55.192+0000] {logging_mixin.py:149} INFO - [2023-08-12T04:53:55.192+0000] {dag.py:2726} INFO - Sync 1 DAGs
[2023-08-12T04:53:55.201+0000] {logging_mixin.py:149} INFO - [2023-08-12T04:53:55.201+0000] {dag.py:3486} INFO - Setting next_dagrun for tutorial to 2023-08-11T04:53:55.201815+00:00, run_after=2023-08-12T04:53:55.201815+00:00
[2023-08-12T04:53:55.209+0000] {processor.py:179} INFO - Processing /home/airflow/.local/lib/python3.10/site-packages/airflow/example_dags/tutorial.py took 0.032 seconds
[2023-08-12T04:54:25.657+0000] {processor.py:157} INFO - Started process (PID=184) to work on /home/airflow/.local/lib/python3.10/site-packages/airflow/example_dags/tutorial.py
[2023-08-12T04:54:25.657+0000] {processor.py:826} INFO - Processing file /home/airflow/.local/lib/python3.10/site-packages/airflow/example_dags/tutorial.py for tasks to queue
[2023-08-12T04:54:25.658+0000] {logging_mixin.py:149} INFO - [2023-08-12T04:54:25.658+0000] {dagbag.py:541} INFO - Filling up the DagBag from /home/airflow/.local/lib/python3.10/site-packages/airflow/example_dags/tutorial.py
[2023-08-12T04:54:25.660+0000] {processor.py:836} INFO - DAG(s) dict_keys(['tutorial']) retrieved from /home/airflow/.local/lib/python3.10/site-packages/airflow/example_dags/tutorial.py
[2023-08-12T04:54:25.670+0000] {logging_mixin.py:149} INFO - [2023-08-12T04:54:25.670+0000] {dag.py:2726} INFO - Sync 1 DAGs
[2023-08-12T04:54:25.679+0000] {logging_mixin.py:149} INFO - [2023-08-12T04:54:25.679+0000] {dag.py:3486} INFO - Setting next_dagrun for tutorial to 2023-08-11T04:54:25.679663+00:00, run_after=2023-08-12T04:54:25.679663+00:00
[2023-08-12T04:54:25.686+0000] {processor.py:179} INFO - Processing /home/airflow/.local/lib/python3.10/site-packages/airflow/example_dags/tutorial.py took 0.030 seconds
[2023-08-12T04:54:56.077+0000] {processor.py:157} INFO - Started process (PID=261) to work on /home/airflow/.local/lib/python3.10/site-packages/airflow/example_dags/tutorial.py
[2023-08-12T04:54:56.078+0000] {processor.py:826} INFO - Processing file /home/airflow/.local/lib/python3.10/site-packages/airflow/example_dags/tutorial.py for tasks to queue
[2023-08-12T04:54:56.078+0000] {logging_mixin.py:149} INFO - [2023-08-12T04:54:56.078+0000] {dagbag.py:541} INFO - Filling up the DagBag from /home/airflow/.local/lib/python3.10/site-packages/airflow/example_dags/tutorial.py
[2023-08-12T04:54:56.081+0000] {processor.py:836} INFO - DAG(s) dict_keys(['tutorial']) retrieved from /home/airflow/.local/lib/python3.10/site-packages/airflow/example_dags/tutorial.py
[2023-08-12T04:54:56.090+0000] {logging_mixin.py:149} INFO - [2023-08-12T04:54:56.090+0000] {dag.py:2726} INFO - Sync 1 DAGs
[2023-08-12T04:54:56.099+0000] {logging_mixin.py:149} INFO - [2023-08-12T04:54:56.099+0000] {dag.py:3486} INFO - Setting next_dagrun for tutorial to 2023-08-11T04:54:56.099682+00:00, run_after=2023-08-12T04:54:56.099682+00:00
[2023-08-12T04:54:56.106+0000] {processor.py:179} INFO - Processing /home/airflow/.local/lib/python3.10/site-packages/airflow/example_dags/tutorial.py took 0.030 seconds
[2023-08-12T04:55:26.411+0000] {processor.py:157} INFO - Started process (PID=338) to work on /home/airflow/.local/lib/python3.10/site-packages/airflow/example_dags/tutorial.py
[2023-08-12T04:55:26.412+0000] {processor.py:826} INFO - Processing file /home/airflow/.local/lib/python3.10/site-packages/airflow/example_dags/tutorial.py for tasks to queue
[2023-08-12T04:55:26.412+0000] {logging_mixin.py:149} INFO - [2023-08-12T04:55:26.412+0000] {dagbag.py:541} INFO - Filling up the DagBag from /home/airflow/.local/lib/python3.10/site-packages/airflow/example_dags/tutorial.py
[2023-08-12T04:55:26.415+0000] {processor.py:836} INFO - DAG(s) dict_keys(['tutorial']) retrieved from /home/airflow/.local/lib/python3.10/site-packages/airflow/example_dags/tutorial.py
[2023-08-12T04:55:26.424+0000] {logging_mixin.py:149} INFO - [2023-08-12T04:55:26.424+0000] {dag.py:2726} INFO - Sync 1 DAGs
[2023-08-12T04:55:26.434+0000] {logging_mixin.py:149} INFO - [2023-08-12T04:55:26.434+0000] {dag.py:3486} INFO - Setting next_dagrun for tutorial to 2023-08-11T04:55:26.434027+00:00, run_after=2023-08-12T04:55:26.434027+00:00
[2023-08-12T04:55:26.441+0000] {processor.py:179} INFO - Processing /home/airflow/.local/lib/python3.10/site-packages/airflow/example_dags/tutorial.py took 0.031 seconds
[2023-08-12T04:55:56.685+0000] {processor.py:157} INFO - Started process (PID=415) to work on /home/airflow/.local/lib/python3.10/site-packages/airflow/example_dags/tutorial.py
[2023-08-12T04:55:56.685+0000] {processor.py:826} INFO - Processing file /home/airflow/.local/lib/python3.10/site-packages/airflow/example_dags/tutorial.py for tasks to queue
[2023-08-12T04:55:56.685+0000] {logging_mixin.py:149} INFO - [2023-08-12T04:55:56.685+0000] {dagbag.py:541} INFO - Filling up the DagBag from /home/airflow/.local/lib/python3.10/site-packages/airflow/example_dags/tutorial.py
[2023-08-12T04:55:56.688+0000] {processor.py:836} INFO - DAG(s) dict_keys(['tutorial']) retrieved from /home/airflow/.local/lib/python3.10/site-packages/airflow/example_dags/tutorial.py
[2023-08-12T04:55:56.697+0000] {logging_mixin.py:149} INFO - [2023-08-12T04:55:56.697+0000] {dag.py:2726} INFO - Sync 1 DAGs
[2023-08-12T04:55:56.707+0000] {logging_mixin.py:149} INFO - [2023-08-12T04:55:56.707+0000] {dag.py:3486} INFO - Setting next_dagrun for tutorial to 2023-08-11T04:55:56.707192+00:00, run_after=2023-08-12T04:55:56.707192+00:00
[2023-08-12T04:55:56.715+0000] {processor.py:179} INFO - Processing /home/airflow/.local/lib/python3.10/site-packages/airflow/example_dags/tutorial.py took 0.032 seconds
[2023-08-12T04:56:27.036+0000] {processor.py:157} INFO - Started process (PID=492) to work on /home/airflow/.local/lib/python3.10/site-packages/airflow/example_dags/tutorial.py
[2023-08-12T04:56:27.036+0000] {processor.py:826} INFO - Processing file /home/airflow/.local/lib/python3.10/site-packages/airflow/example_dags/tutorial.py for tasks to queue
[2023-08-12T04:56:27.036+0000] {logging_mixin.py:149} INFO - [2023-08-12T04:56:27.036+0000] {dagbag.py:541} INFO - Filling up the DagBag from /home/airflow/.local/lib/python3.10/site-packages/airflow/example_dags/tutorial.py
[2023-08-12T04:56:27.039+0000] {processor.py:836} INFO - DAG(s) dict_keys(['tutorial']) retrieved from /home/airflow/.local/lib/python3.10/site-packages/airflow/example_dags/tutorial.py
[2023-08-12T04:56:27.049+0000] {logging_mixin.py:149} INFO - [2023-08-12T04:56:27.049+0000] {dag.py:2726} INFO - Sync 1 DAGs
[2023-08-12T04:56:27.059+0000] {logging_mixin.py:149} INFO - [2023-08-12T04:56:27.058+0000] {dag.py:3486} INFO - Setting next_dagrun for tutorial to 2023-08-11T04:56:27.058826+00:00, run_after=2023-08-12T04:56:27.058826+00:00
[2023-08-12T04:56:27.065+0000] {processor.py:179} INFO - Processing /home/airflow/.local/lib/python3.10/site-packages/airflow/example_dags/tutorial.py took 0.031 seconds
[2023-08-12T04:56:57.434+0000] {processor.py:157} INFO - Started process (PID=568) to work on /home/airflow/.local/lib/python3.10/site-packages/airflow/example_dags/tutorial.py
[2023-08-12T04:56:57.434+0000] {processor.py:826} INFO - Processing file /home/airflow/.local/lib/python3.10/site-packages/airflow/example_dags/tutorial.py for tasks to queue
[2023-08-12T04:56:57.435+0000] {logging_mixin.py:149} INFO - [2023-08-12T04:56:57.435+0000] {dagbag.py:541} INFO - Filling up the DagBag from /home/airflow/.local/lib/python3.10/site-packages/airflow/example_dags/tutorial.py
[2023-08-12T04:56:57.438+0000] {processor.py:836} INFO - DAG(s) dict_keys(['tutorial']) retrieved from /home/airflow/.local/lib/python3.10/site-packages/airflow/example_dags/tutorial.py
[2023-08-12T04:56:57.447+0000] {logging_mixin.py:149} INFO - [2023-08-12T04:56:57.447+0000] {dag.py:2726} INFO - Sync 1 DAGs
[2023-08-12T04:56:57.457+0000] {logging_mixin.py:149} INFO - [2023-08-12T04:56:57.457+0000] {dag.py:3486} INFO - Setting next_dagrun for tutorial to 2023-08-11T04:56:57.457457+00:00, run_after=2023-08-12T04:56:57.457457+00:00
[2023-08-12T04:56:57.464+0000] {processor.py:179} INFO - Processing /home/airflow/.local/lib/python3.10/site-packages/airflow/example_dags/tutorial.py took 0.031 seconds
[2023-08-12T04:57:27.859+0000] {processor.py:157} INFO - Started process (PID=645) to work on /home/airflow/.local/lib/python3.10/site-packages/airflow/example_dags/tutorial.py
[2023-08-12T04:57:27.860+0000] {processor.py:826} INFO - Processing file /home/airflow/.local/lib/python3.10/site-packages/airflow/example_dags/tutorial.py for tasks to queue
[2023-08-12T04:57:27.860+0000] {logging_mixin.py:149} INFO - [2023-08-12T04:57:27.860+0000] {dagbag.py:541} INFO - Filling up the DagBag from /home/airflow/.local/lib/python3.10/site-packages/airflow/example_dags/tutorial.py
[2023-08-12T04:57:27.862+0000] {processor.py:836} INFO - DAG(s) dict_keys(['tutorial']) retrieved from /home/airflow/.local/lib/python3.10/site-packages/airflow/example_dags/tutorial.py
[2023-08-12T04:57:27.872+0000] {logging_mixin.py:149} INFO - [2023-08-12T04:57:27.872+0000] {dag.py:2726} INFO - Sync 1 DAGs
[2023-08-12T04:57:27.881+0000] {logging_mixin.py:149} INFO - [2023-08-12T04:57:27.881+0000] {dag.py:3486} INFO - Setting next_dagrun for tutorial to 2023-08-11T04:57:27.881203+00:00, run_after=2023-08-12T04:57:27.881203+00:00
[2023-08-12T04:57:27.888+0000] {processor.py:179} INFO - Processing /home/airflow/.local/lib/python3.10/site-packages/airflow/example_dags/tutorial.py took 0.030 seconds
